#
#  Reaction log file
#  Author: LigBuilder V3 User_Diana
#  Creation time: Fri Apr 10 01:33:35 2026
#  Format:
#  QueryMoleculeId/Cost/SynthesizeId/ReactantId1/ReactantId2/ReactantId3.....
#  Id prefix:
#  Q --- Query Molecule
#  M --- Material
#  R --- Reactant
#
Directory      result/synthesize_PfHDAC1/51/DATABASE/
#
Q000000001/4.299819/0000/R000000001
R000000006/1.000000/0000/Guesstimate
R000000005/1.111111/0288/R000000006
R000000004/1.234568/0295/R000000005
R000000009/1.000000/0000/Guesstimate
M000000010/1.000000/0000/Sigma_BB-27552424
R000000008/2.222222/0119/R000000009/M000000010
R000000011/1.000000/0000/Guesstimate
R000000008/2.222222/0276/R000000011/M000000010
R000000007/2.469136/0285/R000000008
R000000004/2.743484/0197/R000000007
R000000012/1.000000/0000/Guesstimate
R000000003/2.482853/0004/R000000004/R000000012
R000000014/1.000000/0000/Guesstimate
R000000013/2.482853/0004/R000000004/R000000014
R000000015/1.000000/0000/Guesstimate
R000000016/1.000000/0000/Guesstimate
R000000013/3.593965/0225/R000000004/R000000015/R000000016
R000000003/2.758726/0045/R000000013
R000000017/1.000000/0000/Guesstimate
R000000002/3.869837/0003/R000000003/R000000017
R000000019/2.758726/0197/R000000003
R000000020/1.000000/0000/Guesstimate
R000000018/4.176363/0004/R000000019/R000000020
R000000022/1.000000/0000/Guesstimate
R000000021/4.176363/0277/R000000019/R000000022
R000000023/1.000000/0000/Guesstimate
R000000021/4.176363/0301/R000000019/R000000023
R000000018/4.640403/0024/R000000021
M000000025/1.000000/0000/Sigma_BB-118581261
R000000024/1.111111/0009/M000000025
R000000026/1.000000/0000/Guesstimate
R000000024/2.222222/0003/R000000026/R000000009
R000000002/5.874971/0049/R000000018/R000000024
R000000001/4.299819/0147/R000000002
M000000030/1.000000/0000/Sigma_BB-28769413
R000000031/1.000000/0000/Guesstimate
R000000029/2.222222/0170/M000000030/R000000031
R000000032/1.000000/0000/Guesstimate
R000000035/1.000000/0000/Guesstimate
R000000034/2.222222/0112/R000000026/R000000035
R000000036/1.000000/0000/Guesstimate
R000000037/1.000000/0000/Guesstimate
R000000034/2.222222/0170/R000000036/R000000037
R000000033/2.469136/0147/R000000034
R000000039/1.000000/0000/Guesstimate
R000000040/1.000000/0000/Guesstimate
R000000038/2.222222/0170/R000000039/R000000040
R000000041/1.000000/0000/Guesstimate
R000000042/1.000000/0000/Guesstimate
R000000038/2.222222/0170/R000000041/R000000042
R000000033/2.469136/0147/R000000038
R000000029/3.854596/0004/R000000032/R000000033
R000000028/2.469136/0086/R000000029
R000000028/2.469136/0091/R000000029
R000000027/4.115227/0112/R000000004/R000000028
R000000027/5.486969/0003/R000000007/R000000033
R000000001/4.572474/0059/R000000027
Q000000002/4.299819/0000/R000000001
Q000000003/5.961151/0000/R000000043
R000000047/1.000000/0000/Guesstimate
R000000046/2.345679/0224/R000000005/R000000047
R000000045/2.606310/0197/R000000046
R000000049/1.000000/0000/Guesstimate
R000000050/1.000000/0000/Guesstimate
R000000048/2.222222/0004/R000000049/R000000050
R000000052/1.000000/0000/Guesstimate
R000000051/2.222222/0277/R000000049/R000000052
R000000053/1.000000/0000/Guesstimate
R000000051/2.222222/0301/R000000049/R000000053
R000000048/2.469136/0024/R000000051
R000000044/5.365036/0301/R000000045/R000000048
R000000044/5.365036/0301/R000000045/R000000048
R000000043/5.961151/0295/R000000044
Q000000004/5.961151/0000/R000000043
<NEXT>