#
#  Reaction log file
#  Author: LigBuilder V3 User_Diana
#  Creation time: Fri Apr 10 01:33:47 2026
#  Format:
#  QueryMoleculeId/Cost/SynthesizeId/ReactantId1/ReactantId2/ReactantId3.....
#  Id prefix:
#  Q --- Query Molecule
#  M --- Material
#  R --- Reactant
#
Directory      result/synthesize_PfHDAC1/65/DATABASE/
#
Q000000001/4.420058/0000/R000000001
M000000005/1.000000/0000/Sigma_BB-29509005
R000000004/1.111111/0287/M000000005
R000000006/1.000000/0000/Guesstimate
R000000003/2.345679/0004/R000000004/R000000006
R000000008/1.000000/0000/Guesstimate
R000000007/2.222222/0175/M000000005/R000000008
R000000007/2.222222/0290/M000000005/R000000008
R000000003/2.469136/0024/R000000007
M000000011/1.000000/0000/Sigma_BB-28783903
R000000010/1.111111/0293/M000000011
R000000009/1.234568/0198/R000000010
R000000013/1.000000/0000/Guesstimate
M000000014/1.000000/0000/Sigma_BB-28830366
R000000012/2.222222/0004/R000000013/M000000014
R000000012/2.222222/0277/R000000013/M000000014
R000000009/2.469136/0197/R000000012
R000000002/3.978052/0169/R000000003/R000000009
R000000017/1.000000/0000/Guesstimate
R000000016/2.482853/0275/R000000017/R000000009
R000000018/1.000000/0000/Guesstimate
R000000016/2.482853/0282/R000000018/R000000009
R000000015/2.758726/0091/R000000016
R000000020/1.000000/0000/Guesstimate
R000000019/3.580247/0275/R000000020/R000000012
R000000019/3.580247/0282/R000000017/R000000012
R000000015/3.978053/0197/R000000019
R000000002/4.176363/0175/M000000005/R000000015
R000000001/4.420058/0028/R000000002
R000000023/1.000000/0000/Guesstimate
M000000025/1.000000/0000/Sigma_BB-28764950
R000000024/1.111111/0197/M000000025
R000000022/2.345679/0212/R000000023/R000000024
R000000026/2.222222/0212/R000000023/M000000025
R000000026/2.222222/0212/R000000023/M000000025
R000000022/2.469136/0197/R000000026
R000000021/5.212620/0169/R000000003/R000000022
R000000028/3.580247/0275/R000000020/R000000026
R000000028/3.580247/0282/R000000017/R000000026
R000000027/3.978053/0197/R000000028
R000000029/3.717421/0275/R000000017/R000000022
R000000029/3.717421/0282/R000000018/R000000022
R000000027/4.130468/0091/R000000029
R000000021/5.531170/0175/M000000005/R000000027
R000000001/5.791800/0028/R000000021
Q000000002/4.130468/0000/R000000030
R000000032/1.000000/0000/Guesstimate
R000000031/3.717421/0169/R000000003/R000000032
R000000033/3.717421/0169/R000000003/R000000013
R000000035/1.000000/0000/Guesstimate
R000000036/1.000000/0000/Guesstimate
R000000034/3.456790/0225/R000000004/R000000035/R000000036
R000000034/3.717421/0169/R000000003/R000000035
R000000033/3.840878/0155/R000000034
R000000037/1.000000/0000/Guesstimate
R000000031/5.241580/0003/R000000033/R000000037
R000000030/4.130468/0059/R000000031
M000000041/1.000000/0000/Sigma_BB-27113924
R000000040/2.222222/0004/M000000041/M000000014
R000000039/2.469136/0197/R000000040
M000000044/1.000000/0000/Sigma_BB-28945063
R000000043/2.222222/0004/M000000044/M000000014
R000000042/2.469136/0197/R000000043
R000000039/2.743484/0287/R000000042
R000000045/1.000000/0000/Guesstimate
R000000038/4.965707/0225/R000000039/R000000045/R000000036
R000000048/1.000000/0000/Guesstimate
R000000047/2.222222/0274/R000000017/R000000048
R000000047/2.222222/0275/R000000020/R000000032
R000000046/2.469136/0059/R000000047
R000000050/1.000000/0000/Guesstimate
R000000049/2.222222/0274/R000000018/R000000050
R000000049/2.222222/0275/R000000017/R000000045
R000000046/2.469136/0091/R000000049
R000000038/5.486969/0175/R000000042/R000000046
R000000030/5.517452/0028/R000000038
Q000000003/4.130468/0000/R000000051
M000000055/1.000000/0000/Sigma_BB-28838111
R000000054/1.111111/0287/M000000055
R000000056/1.000000/0000/Guesstimate
R000000054/2.222222/0175/M000000044/R000000056
R000000057/1.000000/0000/Guesstimate
R000000053/2.345679/0004/R000000054/R000000057
M000000059/1.000000/0000/Sigma_BB-28766735
R000000058/2.222222/0175/M000000059/R000000056
R000000058/2.345679/0004/R000000054/R000000006
R000000060/1.000000/0000/Guesstimate
R000000053/3.580247/0004/R000000058/R000000060
R000000061/1.000000/0000/Guesstimate
R000000052/3.717421/0169/R000000053/R000000061
R000000063/2.222222/0004/M000000044/R000000057
R000000063/2.222222/0004/M000000059/R000000060
R000000062/3.580247/0169/R000000063/R000000061
R000000065/1.000000/0000/Guesstimate
R000000064/3.333333/0225/M000000044/R000000065/R000000060
R000000064/3.333333/0225/M000000044/R000000065/R000000060
R000000062/3.703704/0147/R000000064
R000000052/5.089163/0175/R000000062/R000000056
R000000051/4.130468/0139/R000000052
R000000066/4.965707/0225/R000000039/R000000061/R000000060
R000000066/4.965707/0225/R000000039/R000000061/R000000060
R000000051/5.517452/0028/R000000066
<NEXT>