#
#  Reaction log file
#  Author: LigBuilder V3 User_Diana
#  Creation time: Fri Apr 10 01:37:13 2026
#  Format:
#  QueryMoleculeId/Cost/SynthesizeId/ReactantId1/ReactantId2/ReactantId3.....
#  Id prefix:
#  Q --- Query Molecule
#  M --- Material
#  R --- Reactant
#
Directory      result/synthesize_PfHDAC1/194/DATABASE/
#
Q000000001/Analysis Failed
Q000000002/2.606310/0000/R000000001
M000000004/1.000000/0000/Sigma_BB-29509005
R000000003/1.111111/0074/M000000004
R000000005/1.111111/0287/M000000004
R000000006/1.000000/0000/Guesstimate
R000000003/2.345679/0112/R000000005/R000000006
R000000007/1.000000/0000/Guesstimate
R000000002/2.345679/0256/R000000003/R000000007
M000000010/1.000000/0000/Sigma_BB-29509312
R000000009/1.111111/0074/M000000010
R000000009/1.111111/0165/M000000010
R000000008/2.345679/0256/R000000009/R000000007
R000000011/1.000000/0000/Guesstimate
R000000002/3.717421/0231/R000000008/R000000011
R000000001/2.606310/0082/R000000002
R000000014/1.000000/0000/Guesstimate
R000000013/2.345679/0004/R000000005/R000000014
R000000016/1.000000/0000/Guesstimate
R000000017/1.000000/0000/Guesstimate
R000000015/3.456790/0261/R000000003/R000000016/R000000017
R000000013/3.840878/0024/R000000015
R000000012/2.606310/0086/R000000013
R000000012/2.606310/0091/R000000013
R000000018/1.000000/0000/Guesstimate
R000000001/4.007011/0112/R000000012/R000000018
Q000000003/2.606310/0000/R000000001
Q000000004/2.606310/0000/R000000001
<NEXT>