#
#  Reaction log file
#  Author: LigBuilder V3 User_Diana
#  Creation time: Fri Apr 10 01:37:18 2026
#  Format:
#  QueryMoleculeId/Cost/SynthesizeId/ReactantId1/ReactantId2/ReactantId3.....
#  Id prefix:
#  Q --- Query Molecule
#  M --- Material
#  R --- Reactant
#
Directory      result/synthesize_PfHDAC1/196/DATABASE/
#
Q000000001/Analysis Failed
Q000000002/Analysis Failed
Q000000003/8.992533/0000/R000000001
M000000005/1.000000/0000/Sigma_BB-29509005
R000000006/1.000000/0000/Guesstimate
R000000004/2.222222/0175/M000000005/R000000006
R000000007/1.111111/0287/M000000005
R000000008/1.000000/0000/Guesstimate
R000000004/2.345679/0004/R000000007/R000000008
R000000009/1.000000/0000/Guesstimate
R000000003/3.580247/0004/R000000004/R000000009
R000000010/2.222222/0004/R000000008/R000000009
R000000011/1.000000/0000/Guesstimate
R000000012/1.000000/0000/Guesstimate
R000000010/3.333333/0225/R000000011/R000000009/R000000012
R000000003/3.703704/0004/R000000007/R000000010
M000000015/1.000000/0000/Sigma_BB-28764950
R000000014/1.111111/0085/M000000015
R000000017/1.000000/0000/Guesstimate
R000000016/2.222222/0004/R000000008/R000000017
R000000016/3.333333/0225/R000000011/R000000017/R000000012
R000000013/3.703704/0212/R000000014/R000000016
R000000013/3.703704/0212/R000000014/R000000016
R000000002/8.093279/0212/R000000003/R000000013
R000000002/8.093279/0212/R000000003/R000000013
R000000001/8.992533/0028/R000000002
R000000020/3.580247/0212/M000000015/R000000016
R000000020/3.580247/0212/M000000015/R000000016
R000000019/3.978053/0085/R000000020
R000000022/1.000000/0000/Guesstimate
R000000021/5.089163/0004/R000000020/R000000022
R000000019/5.654626/0197/R000000021
R000000018/8.398111/0212/R000000003/R000000019
R000000018/8.398111/0212/R000000003/R000000019
R000000001/9.331235/0028/R000000018
<NEXT>