#
#  Reaction log file
#  Author: LigBuilder V3 User_Diana
#  Creation time: Fri Apr 10 01:40:20 2026
#  Format:
#  QueryMoleculeId/Cost/SynthesizeId/ReactantId1/ReactantId2/ReactantId3.....
#  Id prefix:
#  Q --- Query Molecule
#  M --- Material
#  R --- Reactant
#
Directory      result/synthesize_PfHDAC1/292/DATABASE/
#
Q000000001/5.807042/0000/R000000001
M000000003/1.000000/0000/Sigma_BB-29509005
M000000006/1.000000/0000/Sigma_BB-28764950
R000000005/1.111111/0087/M000000006
R000000008/1.000000/0000/Guesstimate
R000000009/1.000000/0000/Guesstimate
R000000007/2.222222/0004/R000000008/R000000009
R000000004/3.703704/0212/R000000005/R000000007
R000000004/3.703704/0212/R000000005/R000000007
R000000002/5.226338/0175/M000000003/R000000004
R000000011/1.111111/0287/M000000003
R000000012/1.000000/0000/Guesstimate
R000000010/2.345679/0004/R000000011/R000000012
R000000014/1.000000/0000/Guesstimate
R000000013/2.222222/0175/M000000003/R000000014
R000000013/2.222222/0290/M000000003/R000000014
R000000010/2.469136/0024/R000000013
R000000016/1.111111/0085/M000000006
R000000015/3.703704/0212/R000000016/R000000007
R000000015/3.703704/0212/R000000016/R000000007
R000000002/6.721537/0212/R000000010/R000000015
R000000001/5.807042/0028/R000000002
R000000019/3.703704/0212/R000000016/R000000007
R000000019/3.703704/0212/R000000016/R000000007
R000000018/4.115227/0086/R000000019
R000000018/4.115227/0091/R000000019
R000000017/5.683586/0175/M000000003/R000000018
R000000017/6.721537/0212/R000000010/R000000019
R000000001/6.315095/0028/R000000017
Q000000002/5.807042/0000/R000000001
Q000000003/6.113567/0000/R000000020
R000000024/1.111111/0114/M000000003
M000000026/1.000000/0000/Sigma_BB-28838111
R000000025/1.111111/0114/M000000026
M000000028/1.000000/0000/Sigma_BB-28757047
R000000027/1.111111/0114/M000000028
M000000029/1.000000/0000/Sigma_BB-28799055
R000000027/1.111111/0155/M000000029
R000000030/1.000000/0000/Guesstimate
R000000025/2.345679/0175/R000000027/R000000030
R000000024/1.234568/0139/R000000025
R000000031/1.000000/0000/Guesstimate
R000000023/2.345679/0301/R000000024/R000000031
R000000023/2.345679/0301/R000000024/R000000031
R000000022/2.606310/0090/R000000023
R000000033/1.000000/0000/Guesstimate
R000000032/2.345679/0003/R000000011/R000000033
R000000034/1.000000/0000/Guesstimate
R000000032/3.717421/0003/R000000010/R000000034
R000000022/2.606310/0099/R000000032
R000000037/1.000000/0000/Guesstimate
R000000036/1.111111/0291/R000000037
R000000036/1.111111/0291/R000000037
R000000038/1.000000/0000/Guesstimate
R000000035/2.345679/0301/R000000036/R000000038
R000000035/2.345679/0301/R000000036/R000000038
R000000021/5.502210/0301/R000000022/R000000035
R000000021/5.502210/0301/R000000022/R000000035
R000000020/6.113567/0188/R000000021
R000000041/1.000000/0000/Guesstimate
R000000040/2.222222/0175/M000000003/R000000041
R000000042/2.345679/0004/R000000024/R000000012
M000000044/1.000000/0000/Sigma_BB-28524129
R000000043/3.717421/0212/R000000010/M000000044
R000000043/3.717421/0212/R000000010/M000000044
R000000042/4.130468/0024/R000000043
R000000040/2.606310/0197/R000000042
R000000047/1.000000/0000/Guesstimate
R000000046/3.717421/0301/R000000047/R000000035
R000000046/3.717421/0301/R000000047/R000000035
R000000045/4.130468/0188/R000000046
R000000039/7.058546/0301/R000000040/R000000045
R000000039/7.058546/0301/R000000040/R000000045
R000000020/7.842829/0188/R000000039
Q000000004/6.113567/0000/R000000020
<NEXT>