#
#  Reaction log file
#  Author: LigBuilder V3 User_Diana
#  Creation time: Fri Apr 10 01:37:57 2026
#  Format:
#  QueryMoleculeId/Cost/SynthesizeId/ReactantId1/ReactantId2/ReactantId3.....
#  Id prefix:
#  Q --- Query Molecule
#  M --- Material
#  R --- Reactant
#
Directory      result/synthesize_PfHDAC1/223/DATABASE/
#
Q000000001/4.115227/0000/R000000001
M000000004/1.000000/0000/Sigma_BB-29509005
R000000003/1.111111/0074/M000000004
R000000005/1.111111/0287/M000000004
R000000006/1.000000/0000/Guesstimate
R000000003/2.345679/0112/R000000005/R000000006
R000000002/1.234568/0040/R000000003
R000000008/1.111111/0114/M000000004
R000000009/1.000000/0000/Guesstimate
R000000007/2.345679/0004/R000000008/R000000009
R000000011/1.000000/0000/Guesstimate
R000000010/2.222222/0175/M000000004/R000000011
R000000010/2.222222/0290/M000000004/R000000011
R000000007/2.469136/0040/R000000010
R000000002/2.606310/0073/R000000007
R000000014/1.000000/0000/Guesstimate
R000000015/1.000000/0000/Guesstimate
R000000013/2.222222/0112/R000000014/R000000015
R000000017/1.000000/0000/Guesstimate
R000000016/2.222222/0112/R000000017/R000000015
R000000013/2.469136/0155/R000000016
R000000012/2.469136/0147/R000000013
R000000020/1.000000/0000/Guesstimate
R000000019/2.222222/0003/R000000020/R000000015
R000000018/2.469136/0041/R000000019
R000000018/2.469136/0147/R000000016
R000000012/2.743484/0155/R000000018
R000000001/4.115227/0003/R000000002/R000000012
M000000025/1.000000/0000/Sigma_BB-27113924
M000000026/1.000000/0000/Sigma_BB-28830366
R000000024/2.222222/0004/M000000025/M000000026
R000000023/2.469136/0197/R000000024
R000000022/2.743484/0125/R000000023
R000000022/3.854596/0112/R000000023/R000000006
R000000029/1.000000/0000/Guesstimate
R000000028/2.222222/0003/R000000029/R000000015
R000000027/2.469136/0147/R000000028
R000000031/1.000000/0000/Guesstimate
R000000030/3.580247/0301/R000000013/R000000031
R000000030/3.580247/0301/R000000013/R000000031
R000000027/3.978053/0147/R000000030
R000000021/5.791801/0138/R000000022/R000000027
R000000033/3.854596/0004/R000000012/R000000009
R000000034/1.000000/0000/Guesstimate
R000000035/1.000000/0000/Guesstimate
R000000033/4.965707/0225/R000000012/R000000034/R000000035
R000000032/4.282884/0086/R000000033
R000000032/4.282884/0091/R000000033
R000000021/7.502244/0112/R000000023/R000000032
R000000001/6.435335/0028/R000000021
Q000000002/5.807042/0000/R000000036
R000000037/1.371742/0091/R000000002
R000000039/3.048316/0040/R000000022
R000000038/3.387018/0091/R000000039
R000000041/1.000000/0000/Guesstimate
R000000040/3.854596/0112/R000000023/R000000041
R000000038/4.282884/0197/R000000040
R000000037/3.763354/0028/R000000038
R000000045/1.000000/0000/Guesstimate
R000000046/1.000000/0000/Guesstimate
R000000044/2.222222/0276/R000000045/R000000046
R000000044/2.222222/0278/R000000045/R000000046
R000000043/2.469136/0276/R000000044
R000000047/2.222222/0276/R000000045/R000000046
R000000047/2.222222/0278/R000000045/R000000046
R000000043/2.469136/0276/R000000047
R000000048/1.000000/0000/Guesstimate
R000000042/3.854596/0301/R000000043/R000000048
R000000051/1.000000/0000/Guesstimate
R000000050/3.580247/0301/R000000044/R000000051
R000000050/3.580247/0301/R000000044/R000000051
R000000049/3.978053/0276/R000000050
R000000053/1.000000/0000/Guesstimate
R000000052/3.854596/0112/R000000043/R000000053
R000000049/4.282884/0147/R000000052
R000000042/4.420059/0155/R000000049
R000000036/5.807042/0112/R000000037/R000000042
M000000058/1.000000/0000/Sigma_BB-29509312
R000000057/2.222222/0175/M000000058/R000000017
R000000057/2.222222/0290/M000000058/R000000017
R000000059/1.000000/0000/Guesstimate
R000000056/3.580247/0231/R000000057/R000000059
R000000055/3.978053/0139/R000000056
M000000062/1.000000/0000/Sigma_BB-48767194
R000000061/2.222222/0175/M000000058/M000000062
R000000061/2.222222/0290/M000000058/M000000062
R000000060/3.580247/0231/R000000061/R000000059
R000000055/3.978053/0150/R000000060
R000000054/7.163543/0301/R000000055/R000000043
R000000054/7.163543/0301/R000000055/R000000043
R000000036/7.959492/0082/R000000054
Q000000003/5.791801/0000/R000000063
R000000067/1.000000/0000/Guesstimate
R000000066/2.222222/0004/R000000067/R000000015
R000000068/1.000000/0000/Guesstimate
R000000065/3.580247/0212/R000000066/R000000068
R000000065/3.580247/0212/R000000066/R000000068
R000000064/3.978053/0155/R000000065
M000000071/1.000000/0000/Sigma_BB-28524129
R000000070/3.580247/0212/R000000066/M000000071
R000000070/3.580247/0212/R000000066/M000000071
R000000069/3.978053/0024/R000000070
R000000073/1.000000/0000/Guesstimate
R000000072/3.580247/0212/R000000066/R000000073
R000000072/3.580247/0212/R000000066/R000000073
R000000069/3.978053/0040/R000000072
R000000064/4.420059/0197/R000000069
R000000063/5.791801/0003/R000000002/R000000064
R000000074/7.807077/0003/R000000039/R000000064
R000000076/1.000000/0000/Guesstimate
R000000075/3.854596/0004/R000000023/R000000076
R000000077/3.763354/0092/R000000038
R000000077/3.854596/0004/R000000023/R000000009
R000000075/4.181504/0085/R000000077
R000000074/8.260937/0049/R000000075/R000000072
R000000063/8.674530/0028/R000000074
Q000000004/5.791801/0000/R000000063
<NEXT>