#
#  Reaction log file
#  Author: LigBuilder V3 User_Diana
#  Creation time: Fri Apr 10 01:36:39 2026
#  Format:
#  QueryMoleculeId/Cost/SynthesizeId/ReactantId1/ReactantId2/ReactantId3.....
#  Id prefix:
#  Q --- Query Molecule
#  M --- Material
#  R --- Reactant
#
Directory      result/synthesize_PfHDAC1/178/DATABASE/
#
Q000000001/4.282884/0000/R000000001
R000000005/1.000000/0000/Guesstimate
R000000006/1.000000/0000/Guesstimate
R000000004/2.222222/0224/R000000005/R000000006
R000000007/1.000000/0000/Guesstimate
R000000008/1.000000/0000/Guesstimate
R000000004/2.222222/0276/R000000007/R000000008
R000000003/2.469136/0086/R000000004
R000000003/2.469136/0091/R000000004
M000000009/1.000000/0000/Sigma_BB-27943844
R000000002/3.854596/0175/R000000003/M000000009
R000000011/1.000000/0000/Guesstimate
M000000012/1.000000/0000/Sigma_BB-137769599
R000000010/2.222222/0004/R000000011/M000000012
R000000014/1.000000/0000/Guesstimate
R000000013/2.222222/0175/R000000014/M000000009
R000000013/2.222222/0290/R000000014/M000000009
R000000010/2.469136/0024/R000000013
R000000002/4.938272/0212/R000000004/R000000010
R000000001/4.282884/0135/R000000002
R000000018/1.000000/0000/Guesstimate
R000000017/2.222222/0276/R000000007/R000000018
R000000019/1.000000/0000/Guesstimate
R000000020/1.000000/0000/Guesstimate
R000000017/2.222222/0276/R000000019/R000000020
R000000016/2.469136/0155/R000000017
R000000022/1.000000/0000/Guesstimate
R000000021/2.222222/0224/R000000005/R000000022
R000000023/1.000000/0000/Guesstimate
R000000021/2.222222/0276/R000000007/R000000023
R000000016/2.469136/0197/R000000021
M000000024/1.000000/0000/Sigma_BB-28122982
R000000015/3.854596/0003/R000000016/M000000024
R000000026/2.469136/0086/R000000021
R000000026/2.469136/0091/R000000021
R000000025/2.743484/0079/R000000026
M000000028/1.000000/0000/Sigma_BB-28778979
R000000027/3.580247/0212/R000000021/M000000028
R000000027/3.854596/0004/R000000016/R000000023
R000000025/3.978053/0009/R000000027
R000000030/1.111111/0093/M000000024
M000000031/1.000000/0000/Sigma_BB-70671451
R000000030/2.222222/0004/R000000011/M000000031
R000000029/1.234568/0085/R000000030
R000000032/1.000000/0000/Guesstimate
R000000029/2.222222/0004/R000000032/M000000031
R000000015/4.420059/0049/R000000025/R000000029
R000000001/4.282884/0147/R000000015
Q000000002/4.282884/0000/R000000001
Q000000003/Analysis Failed
<NEXT>