#
#  Reaction log file
#  Author: LigBuilder V3 User_Diana
#  Creation time: Fri Apr 10 01:36:56 2026
#  Format:
#  QueryMoleculeId/Cost/SynthesizeId/ReactantId1/ReactantId2/ReactantId3.....
#  Id prefix:
#  Q --- Query Molecule
#  M --- Material
#  R --- Reactant
#
Directory      result/synthesize_PfHDAC1/190/DATABASE/
#
Q000000001/4.282884/0000/R000000001
M000000003/1.000000/0000/Sigma_BB-29509005
M000000006/1.000000/0000/Sigma_BB-28764950
M000000007/1.000000/0000/Sigma_BB-30025901
R000000005/2.222222/0212/M000000006/M000000007
R000000005/2.222222/0212/M000000006/M000000007
R000000004/2.469136/0087/R000000005
R000000009/1.000000/0000/Guesstimate
R000000008/3.580247/0004/R000000005/R000000009
R000000004/3.978053/0197/R000000008
R000000002/3.854596/0175/M000000003/R000000004
R000000011/1.111111/0287/M000000003
R000000012/1.000000/0000/Guesstimate
R000000010/2.345679/0004/R000000011/R000000012
R000000014/1.000000/0000/Guesstimate
R000000013/2.222222/0175/M000000003/R000000014
R000000013/2.222222/0290/M000000003/R000000014
R000000010/2.469136/0024/R000000013
R000000016/1.111111/0085/M000000006
R000000015/2.345679/0212/R000000016/M000000007
R000000015/2.469136/0085/R000000005
R000000002/5.212620/0212/R000000010/R000000015
R000000001/4.282884/0028/R000000002
R000000019/2.345679/0212/R000000016/M000000007
R000000019/2.345679/0212/R000000016/M000000007
R000000018/2.606310/0086/R000000019
R000000018/2.606310/0091/R000000019
R000000017/4.007011/0175/M000000003/R000000018
R000000017/5.212620/0212/R000000010/R000000019
R000000001/4.452235/0028/R000000017
Q000000002/5.531170/0000/R000000020
R000000024/1.000000/0000/Guesstimate
R000000023/2.222222/0174/M000000003/R000000024
R000000023/2.345679/0112/R000000011/R000000024
M000000025/1.000000/0000/Sigma_BB-34697964
R000000022/3.580247/0049/R000000023/M000000025
R000000027/1.000000/0000/Guesstimate
R000000026/2.345679/0004/R000000011/R000000027
R000000028/1.000000/0000/Guesstimate
R000000026/3.717421/0004/R000000010/R000000028
R000000029/1.000000/0000/Guesstimate
R000000022/3.717421/0003/R000000026/R000000029
R000000021/3.978053/0099/R000000022
R000000032/1.000000/0000/Guesstimate
R000000031/1.111111/0040/R000000032
R000000033/1.000000/0000/Guesstimate
R000000034/1.000000/0000/Guesstimate
R000000031/2.222222/0004/R000000033/R000000034
R000000030/3.840878/0212/R000000026/R000000031
R000000030/3.840878/0212/R000000026/R000000031
R000000021/4.267642/0090/R000000030
R000000020/5.531170/0003/R000000021/R000000012
M000000037/1.000000/0000/Sigma_BB-28769153
R000000036/2.345679/0212/R000000016/M000000037
R000000039/1.000000/0000/Guesstimate
R000000038/2.222222/0004/M000000006/R000000039
R000000040/1.000000/0000/Guesstimate
R000000038/2.222222/0241/M000000006/R000000040
R000000036/2.469136/0197/R000000038
R000000035/5.212620/0212/R000000026/R000000036
R000000035/5.212620/0212/R000000026/R000000036
R000000020/5.791800/0028/R000000035
Q000000003/4.282884/0000/R000000001
<NEXT>