#
#  Reaction log file
#  Author: LigBuilder V3 User_Diana
#  Creation time: Fri Apr 10 01:33:36 2026
#  Format:
#  QueryMoleculeId/Cost/SynthesizeId/ReactantId1/ReactantId2/ReactantId3.....
#  Id prefix:
#  Q --- Query Molecule
#  M --- Material
#  R --- Reactant
#
Directory      result/synthesize_PfHDAC1/57/DATABASE/
#
Q000000001/Analysis Failed
Q000000002/4.420059/0000/R000000001
M000000004/1.000000/0000/Sigma_BB-29509005
R000000003/1.111111/0114/M000000004
M000000006/1.000000/0000/Sigma_BB-28838111
R000000005/1.111111/0114/M000000006
R000000003/1.234568/0139/R000000005
R000000009/1.000000/0000/Guesstimate
R000000010/1.000000/0000/Guesstimate
R000000008/2.222222/0279/R000000009/R000000010
R000000008/2.222222/0279/R000000009/R000000010
R000000007/2.469136/0004/R000000008
R000000012/1.000000/0000/Guesstimate
R000000014/1.000000/0000/Guesstimate
R000000013/1.111111/0228/R000000014
R000000013/1.111111/0286/R000000014
R000000011/2.345679/0112/R000000012/R000000013
R000000016/1.000000/0000/Guesstimate
R000000015/2.345679/0122/R000000016/R000000013
R000000018/1.000000/0000/Guesstimate
R000000017/2.345679/0301/R000000018/R000000013
R000000017/2.345679/0301/R000000018/R000000013
R000000015/2.606310/0139/R000000017
R000000011/2.606310/0082/R000000015
R000000007/2.606310/0040/R000000011
R000000002/3.978053/0003/R000000003/R000000007
R000000020/1.111111/0287/M000000004
R000000021/1.000000/0000/Guesstimate
R000000019/2.345679/0003/R000000020/R000000021
R000000023/1.000000/0000/Guesstimate
R000000022/2.345679/0004/R000000003/R000000023
R000000025/1.000000/0000/Guesstimate
R000000024/2.345679/0004/R000000020/R000000025
R000000027/1.000000/0000/Guesstimate
R000000026/2.222222/0175/M000000004/R000000027
R000000026/2.222222/0290/M000000004/R000000027
R000000024/2.469136/0024/R000000026
M000000028/1.000000/0000/Sigma_BB-28778979
R000000022/3.717421/0212/R000000024/M000000028
R000000019/2.606310/0009/R000000022
R000000030/1.000000/0000/Guesstimate
R000000029/2.345679/0004/R000000030/R000000013
R000000032/1.000000/0000/Guesstimate
R000000031/2.345679/0277/R000000032/R000000013
R000000033/1.000000/0000/Guesstimate
R000000031/2.345679/0301/R000000033/R000000013
R000000029/2.606310/0024/R000000031
R000000002/5.212620/0049/R000000019/R000000029
R000000001/4.420059/0099/R000000002
M000000037/1.000000/0000/Sigma_BB-28945063
M000000038/1.000000/0000/Sigma_BB-28830366
R000000036/2.222222/0004/M000000037/M000000038
R000000035/2.469136/0197/R000000036
R000000035/2.469136/0197/R000000036
R000000040/1.000000/0000/Guesstimate
R000000039/2.345679/0122/R000000040/R000000013
R000000039/2.345679/0122/R000000040/R000000013
R000000034/5.349795/0175/R000000035/R000000039
R000000042/1.000000/0000/Guesstimate
R000000041/3.854596/0175/R000000035/R000000042
R000000041/3.854596/0290/R000000035/R000000042
R000000034/6.889194/0279/R000000041/R000000015
R000000001/5.944217/0028/R000000034
Q000000003/4.420058/0000/R000000043
M000000047/1.000000/0000/Sigma_BB-28783903
R000000046/1.111111/0293/M000000047
R000000045/1.234568/0198/R000000046
R000000048/2.222222/0004/R000000018/M000000038
R000000048/2.222222/0277/R000000018/M000000038
R000000045/2.469136/0197/R000000048
R000000044/3.978052/0169/R000000024/R000000045
R000000051/1.000000/0000/Guesstimate
R000000050/2.482853/0275/R000000051/R000000045
R000000052/1.000000/0000/Guesstimate
R000000050/2.482853/0282/R000000052/R000000045
R000000049/2.758726/0091/R000000050
R000000054/1.000000/0000/Guesstimate
R000000053/3.580247/0275/R000000054/R000000048
R000000053/3.580247/0282/R000000051/R000000048
R000000049/3.978053/0197/R000000053
R000000044/4.176363/0175/M000000004/R000000049
R000000043/4.420058/0028/R000000044
R000000057/1.000000/0000/Guesstimate
M000000059/1.000000/0000/Sigma_BB-28764950
R000000058/1.111111/0197/M000000059
R000000056/2.345679/0212/R000000057/R000000058
R000000060/2.222222/0212/R000000057/M000000059
R000000060/2.222222/0212/R000000057/M000000059
R000000056/2.469136/0197/R000000060
R000000055/5.212620/0169/R000000024/R000000056
R000000062/3.580247/0275/R000000054/R000000060
R000000062/3.580247/0282/R000000051/R000000060
R000000061/3.978053/0197/R000000062
R000000063/3.717421/0275/R000000051/R000000056
R000000063/3.717421/0282/R000000052/R000000056
R000000061/4.130468/0091/R000000063
R000000055/5.531170/0175/M000000004/R000000061
R000000043/5.791800/0028/R000000055
Q000000004/4.420058/0000/R000000043
<NEXT>