#
#  Reaction log file
#  Author: LigBuilder V3 User_Diana
#  Creation time: Fri Apr 10 01:38:43 2026
#  Format:
#  QueryMoleculeId/Cost/SynthesizeId/ReactantId1/ReactantId2/ReactantId3.....
#  Id prefix:
#  Q --- Query Molecule
#  M --- Material
#  R --- Reactant
#
Directory      result/synthesize_PfHDAC1/241/DATABASE/
#
Q000000001/5.486969/0000/R000000001
M000000004/1.000000/0000/Sigma_BB-28945063
M000000005/1.000000/0000/Sigma_BB-30441135
R000000003/2.222222/0004/M000000004/M000000005
M000000006/1.000000/0000/Sigma_BB-28766735
R000000007/1.000000/0000/Guesstimate
R000000003/2.222222/0004/M000000006/R000000007
R000000009/1.000000/0000/Guesstimate
R000000010/1.000000/0000/Guesstimate
R000000008/2.222222/0004/R000000009/R000000010
R000000012/1.000000/0000/Guesstimate
R000000011/2.222222/0004/R000000012/R000000010
R000000008/2.469136/0187/R000000011
R000000002/4.938272/0212/R000000003/R000000008
R000000002/4.938272/0212/R000000003/R000000008
R000000001/5.486969/0150/R000000002
M000000016/1.000000/0000/Sigma_BB-29509312
R000000017/1.000000/0000/Guesstimate
R000000015/2.222222/0231/M000000016/R000000017
R000000014/2.469136/0228/R000000015
R000000014/2.469136/0286/R000000015
R000000018/2.469136/0197/R000000008
R000000013/5.486969/0301/R000000014/R000000018
R000000013/5.486969/0301/R000000014/R000000018
R000000001/6.096632/0150/R000000013
Q000000002/5.486969/0000/R000000001
Q000000003/1.000000/0000/M000000004
Q000000004/1.000000/0000/M000000004
<NEXT>