#
#  Reaction log file
#  Author: LigBuilder V3 User_Diana
#  Creation time: Fri Apr 10 01:36:48 2026
#  Format:
#  QueryMoleculeId/Cost/SynthesizeId/ReactantId1/ReactantId2/ReactantId3.....
#  Id prefix:
#  Q --- Query Molecule
#  M --- Material
#  R --- Reactant
#
Directory      result/synthesize_PfHDAC1/175/DATABASE/
#
Q000000001/5.807042/0000/R000000001
M000000003/1.000000/0000/Sigma_BB-29509005
M000000006/1.000000/0000/Sigma_BB-28764950
R000000005/1.111111/0087/M000000006
R000000008/1.000000/0000/Guesstimate
R000000009/1.000000/0000/Guesstimate
R000000007/2.222222/0004/R000000008/R000000009
R000000010/1.000000/0000/Guesstimate
R000000011/1.000000/0000/Guesstimate
R000000007/3.333333/0225/R000000010/R000000009/R000000011
R000000004/3.703704/0212/R000000005/R000000007
R000000004/3.703704/0212/R000000005/R000000007
R000000002/5.226338/0175/M000000003/R000000004
R000000013/1.111111/0287/M000000003
R000000012/2.345679/0004/R000000013/R000000008
R000000015/1.000000/0000/Guesstimate
R000000014/2.222222/0175/M000000003/R000000015
R000000014/2.222222/0290/M000000003/R000000015
R000000012/2.469136/0024/R000000014
R000000017/4.115227/0079/R000000004
R000000017/5.226338/0112/R000000004/R000000010
R000000016/4.572474/0040/R000000017
R000000019/1.000000/0000/Guesstimate
R000000018/5.226338/0276/R000000004/R000000019
R000000018/5.226338/0278/R000000004/R000000019
R000000016/5.807042/0024/R000000018
R000000002/7.686838/0212/R000000012/R000000016
R000000001/5.807042/0028/R000000002
R000000022/1.111111/0085/M000000006
R000000021/3.703704/0212/R000000022/R000000007
R000000021/3.703704/0212/R000000022/R000000007
R000000020/6.721537/0212/R000000012/R000000021
R000000020/6.721537/0212/R000000012/R000000021
R000000001/7.468375/0028/R000000020
Q000000002/4.007011/0000/R000000023
M000000026/1.000000/0000/Sigma_BB-28764727
R000000025/2.345679/0004/R000000013/M000000026
R000000024/2.606310/0197/R000000025
R000000029/1.000000/0000/Guesstimate
R000000028/2.345679/0004/R000000013/R000000029
R000000027/2.606310/0197/R000000028
R000000030/10.000000/0000/Guesstimate
R000000027/10.000000/0155/R000000030
R000000031/1.000000/0000/Guesstimate
R000000024/4.007011/0274/R000000027/R000000031
R000000032/1.000000/0000/Guesstimate
R000000023/4.007011/0122/R000000024/R000000032
M000000036/1.000000/0000/Sigma_BB-28830366
R000000035/1.111111/0085/M000000036
R000000034/1.234568/0197/R000000035
R000000037/9.200000/0000/Guesstimate
R000000034/9.200000/0155/R000000037
R000000033/4.267642/0301/R000000024/R000000034
M000000040/1.000000/0000/Sigma_BB-29509312
R000000041/1.000000/0000/Guesstimate
R000000039/2.222222/0175/M000000040/R000000041
R000000039/2.222222/0290/M000000040/R000000041
R000000038/2.469136/0139/R000000039
M000000043/1.000000/0000/Sigma_BB-48767194
R000000042/2.222222/0175/M000000040/M000000043
R000000042/2.222222/0290/M000000040/M000000043
R000000038/2.469136/0150/R000000042
R000000046/1.000000/0000/Guesstimate
R000000047/1.000000/0000/Guesstimate
R000000045/2.222222/0279/R000000046/R000000047
R000000045/2.222222/0279/R000000046/R000000047
R000000044/2.469136/0147/R000000045
R000000048/2.469136/0040/R000000045
R000000044/3.854596/0212/R000000048/R000000008
R000000033/5.486969/0232/R000000038/R000000044
R000000023/4.741825/0028/R000000033
Q000000003/4.007011/0000/R000000023
<NEXT>