#
#  Reaction log file
#  Author: LigBuilder V3 User_Diana
#  Creation time: Fri Apr 10 01:33:51 2026
#  Format:
#  QueryMoleculeId/Cost/SynthesizeId/ReactantId1/ReactantId2/ReactantId3.....
#  Id prefix:
#  Q --- Query Molecule
#  M --- Material
#  R --- Reactant
#
Directory      result/synthesize_PfHDAC1/61/DATABASE/
#
Q000000001/4.420058/0000/R000000001
M000000005/1.000000/0000/Sigma_BB-29509005
R000000004/1.111111/0287/M000000005
R000000006/1.000000/0000/Guesstimate
R000000003/2.345679/0004/R000000004/R000000006
R000000008/1.000000/0000/Guesstimate
R000000007/2.222222/0175/M000000005/R000000008
R000000007/2.222222/0290/M000000005/R000000008
R000000003/2.469136/0024/R000000007
M000000011/1.000000/0000/Sigma_BB-28783903
R000000010/1.111111/0293/M000000011
R000000009/1.234568/0198/R000000010
R000000013/1.000000/0000/Guesstimate
M000000014/1.000000/0000/Sigma_BB-28830366
R000000012/2.222222/0004/R000000013/M000000014
R000000012/2.222222/0277/R000000013/M000000014
R000000009/2.469136/0197/R000000012
R000000002/3.978052/0169/R000000003/R000000009
R000000017/1.000000/0000/Guesstimate
R000000016/2.482853/0275/R000000017/R000000009
R000000018/1.000000/0000/Guesstimate
R000000016/2.482853/0282/R000000018/R000000009
R000000015/2.758726/0091/R000000016
R000000020/1.000000/0000/Guesstimate
R000000019/3.580247/0275/R000000020/R000000012
R000000019/3.580247/0282/R000000017/R000000012
R000000015/3.978053/0197/R000000019
R000000002/4.176363/0175/M000000005/R000000015
R000000001/4.420058/0028/R000000002
R000000023/1.000000/0000/Guesstimate
M000000025/1.000000/0000/Sigma_BB-28764950
R000000024/1.111111/0197/M000000025
R000000022/2.345679/0212/R000000023/R000000024
R000000026/2.222222/0212/R000000023/M000000025
R000000026/2.222222/0212/R000000023/M000000025
R000000022/2.469136/0197/R000000026
R000000021/5.212620/0169/R000000003/R000000022
R000000028/3.580247/0275/R000000020/R000000026
R000000028/3.580247/0282/R000000017/R000000026
R000000027/3.978053/0197/R000000028
R000000029/3.717421/0275/R000000017/R000000022
R000000029/3.717421/0282/R000000018/R000000022
R000000027/4.130468/0091/R000000029
R000000021/5.531170/0175/M000000005/R000000027
R000000001/5.791800/0028/R000000021
Q000000002/4.420058/0000/R000000001
Q000000003/4.420058/0000/R000000001
<NEXT>