#
#  Reaction log file
#  Author: LigBuilder V3 User_Diana
#  Creation time: Fri Apr 10 01:32:40 2026
#  Format:
#  QueryMoleculeId/Cost/SynthesizeId/ReactantId1/ReactantId2/ReactantId3.....
#  Id prefix:
#  Q --- Query Molecule
#  M --- Material
#  R --- Reactant
#
Directory      result/synthesize_PfHDAC1/15/DATABASE/
#
Q000000001/3.978053/0000/R000000001
M000000004/1.000000/0000/Sigma_BB-28769716
R000000005/1.000000/0000/Guesstimate
R000000003/2.222222/0119/M000000004/R000000005
R000000003/2.222222/0280/M000000004/R000000005
R000000006/1.000000/0000/Guesstimate
R000000002/3.580247/0224/R000000003/R000000006
R000000009/1.000000/0000/Guesstimate
R000000008/2.222222/0224/M000000004/R000000009
R000000007/3.580247/0119/R000000008/R000000005
R000000007/3.580247/0224/R000000003/R000000009
R000000002/3.978053/0147/R000000007
R000000001/3.978053/0024/R000000002
R000000012/2.469136/0091/R000000008
R000000011/2.743484/0147/R000000012
R000000013/2.743484/0040/R000000012
R000000014/1.000000/0000/Guesstimate
R000000011/4.159427/0212/R000000013/R000000014
R000000016/1.000000/0000/Guesstimate
R000000015/1.111111/0287/R000000016
R000000017/7.400000/0000/Guesstimate
R000000015/8.222222/0197/R000000017
R000000010/4.282884/0112/R000000011/R000000015
R000000020/1.000000/0000/Guesstimate
R000000019/2.222222/0174/R000000020/R000000016
R000000019/2.345679/0112/R000000020/R000000015
R000000018/2.469136/0197/R000000019
R000000018/8.222222/0091/R000000017
M000000023/1.000000/0000/Sigma_BB-29038349
R000000022/2.222222/0224/M000000023/R000000009
R000000021/2.469136/0147/R000000022
R000000025/1.000000/0000/Guesstimate
R000000024/2.222222/0224/M000000023/R000000025
R000000024/2.469136/0040/R000000022
R000000021/3.580247/0212/R000000024/R000000014
R000000010/5.486969/0112/R000000018/R000000021
R000000001/4.758760/0025/R000000010
Q000000002/Analysis Failed
Q000000003/Analysis Failed
Q000000004/Analysis Failed
<NEXT>