#
#  Reaction log file
#  Author: LigBuilder V3 User_Diana
#  Creation time: Fri Apr 10 01:35:02 2026
#  Format:
#  QueryMoleculeId/Cost/SynthesizeId/ReactantId1/ReactantId2/ReactantId3.....
#  Id prefix:
#  Q --- Query Molecule
#  M --- Material
#  R --- Reactant
#
Directory      result/synthesize_PfHDAC1/129/DATABASE/
#
Q000000001/6.096632/0000/R000000001
M000000005/1.000000/0000/Sigma_BB-70405203
R000000006/1.000000/0000/Guesstimate
R000000004/2.222222/0277/M000000005/R000000006
R000000003/2.469136/0099/R000000004
R000000008/7.400000/0000/Guesstimate
R000000007/8.222222/0293/R000000008
R000000007/8.222222/0293/R000000008
R000000003/9.135803/0082/R000000007
R000000011/1.000000/0000/Guesstimate
M000000012/1.000000/0000/Sigma_BB-28509836
R000000010/2.222222/0231/R000000011/M000000012
R000000009/2.469136/0294/R000000010
R000000014/1.000000/0000/Guesstimate
R000000013/2.222222/0231/R000000014/M000000012
R000000009/2.469136/0294/R000000013
R000000002/5.486969/0301/R000000003/R000000009
R000000002/5.486969/0301/R000000003/R000000009
R000000001/6.096632/0099/R000000002
R000000018/1.000000/0000/Guesstimate
R000000017/1.111111/0054/R000000018
R000000019/1.000000/0000/Guesstimate
R000000020/1.000000/0000/Guesstimate
R000000017/2.222222/0004/R000000019/R000000020
R000000016/1.234568/0009/R000000017
R000000021/1.000000/0000/Guesstimate
R000000022/1.000000/0000/Guesstimate
R000000016/2.222222/0011/R000000021/R000000022
R000000025/1.000000/0000/Guesstimate
R000000024/3.854596/0277/R000000025/R000000009
R000000026/1.000000/0000/Guesstimate
R000000024/3.854596/0301/R000000026/R000000009
R000000023/4.282884/0079/R000000024
R000000028/1.000000/0000/Guesstimate
R000000027/3.854596/0301/R000000028/R000000009
R000000027/3.854596/0301/R000000028/R000000009
R000000023/4.282884/0082/R000000027
R000000015/6.130503/0122/R000000016/R000000023
R000000015/6.130503/0122/R000000016/R000000023
R000000001/6.811670/0122/R000000015
Q000000002/6.096632/0000/R000000001
Q000000003/5.807042/0000/R000000029
R000000033/1.000000/0000/Guesstimate
R000000032/1.111111/0288/R000000033
R000000031/1.234568/0295/R000000032
R000000031/1.234568/0295/R000000032
R000000036/1.000000/0000/Guesstimate
M000000037/1.000000/0000/Sigma_BB-244164693
R000000035/2.222222/0275/R000000036/M000000037
R000000034/2.469136/0104/R000000035
R000000034/2.469136/0104/R000000035
R000000038/1.000000/0000/Guesstimate
R000000030/5.226338/0225/R000000031/R000000034/R000000038
R000000040/1.000000/0000/Guesstimate
R000000039/2.482853/0004/R000000031/R000000040
R000000042/1.000000/0000/Guesstimate
R000000041/2.482853/0003/R000000031/R000000042
R000000039/2.758726/0040/R000000041
R000000030/5.502210/0169/R000000039/R000000034
R000000029/5.807042/0160/R000000030
R000000045/1.000000/0000/Guesstimate
R000000044/2.482853/0112/R000000031/R000000045
R000000046/2.482853/0004/R000000031/R000000020
R000000044/2.758726/0260/R000000046
M000000048/1.000000/0000/Sigma_BB-28778212
R000000047/2.222222/0275/R000000025/M000000048
R000000049/2.222222/0275/R000000036/M000000048
R000000050/1.000000/0000/Guesstimate
R000000049/3.580247/0274/R000000050/R000000047
R000000047/2.469136/0155/R000000049
R000000043/5.227862/0274/R000000044/R000000047
R000000051/3.580247/0274/R000000045/R000000047
R000000052/1.000000/0000/Guesstimate
R000000051/3.580247/0275/R000000052/R000000049
R000000043/5.349795/0112/R000000031/R000000051
R000000029/5.808735/0147/R000000043
<NEXT>