#
#  Reaction log file
#  Author: LigBuilder V3 User_Diana
#  Creation time: Fri Apr 10 01:39:47 2026
#  Format:
#  QueryMoleculeId/Cost/SynthesizeId/ReactantId1/ReactantId2/ReactantId3.....
#  Id prefix:
#  Q --- Query Molecule
#  M --- Material
#  R --- Reactant
#
Directory      result/synthesize_PfHDAC1/276/DATABASE/
#
Q000000001/Analysis Failed
Q000000002/4.115227/0000/R000000001
M000000004/1.000000/0000/Sigma_BB-29509005
R000000003/1.111111/0074/M000000004
R000000005/1.111111/0287/M000000004
R000000006/1.000000/0000/Guesstimate
R000000003/2.345679/0112/R000000005/R000000006
R000000002/1.234568/0040/R000000003
R000000008/1.111111/0114/M000000004
R000000009/1.000000/0000/Guesstimate
R000000007/2.345679/0004/R000000008/R000000009
R000000011/1.000000/0000/Guesstimate
R000000010/2.222222/0175/M000000004/R000000011
R000000010/2.222222/0290/M000000004/R000000011
R000000007/2.469136/0040/R000000010
R000000002/2.606310/0073/R000000007
R000000014/1.000000/0000/Guesstimate
R000000015/1.000000/0000/Guesstimate
R000000013/2.222222/0003/R000000014/R000000015
M000000016/1.000000/0000/Sigma_BB-28775620
M000000018/1.000000/0000/Sigma_BB-28775200
R000000017/1.111111/0009/M000000018
M000000019/1.000000/0000/Sigma_BB-28673443
R000000017/1.111111/0082/M000000019
R000000013/2.345679/0049/M000000016/R000000017
R000000012/2.469136/0147/R000000013
R000000021/1.000000/0000/Guesstimate
M000000022/1.000000/0000/Sigma_BB-28508137
R000000020/2.222222/0003/R000000021/M000000022
R000000023/1.000000/0000/Guesstimate
M000000025/1.000000/0000/Sigma_BB-28779434
R000000024/1.111111/0085/M000000025
R000000024/2.222222/0004/R000000015/R000000014
R000000020/2.345679/0049/R000000023/R000000024
R000000012/2.469136/0147/R000000020
R000000001/4.115227/0003/R000000002/R000000012
M000000029/1.000000/0000/Sigma_BB-27113924
M000000030/1.000000/0000/Sigma_BB-28830366
R000000028/2.222222/0004/M000000029/M000000030
R000000027/2.469136/0197/R000000028
M000000032/1.000000/0000/Sigma_BB-53192276
R000000031/1.111111/0086/M000000032
R000000031/1.111111/0091/M000000032
R000000026/3.978053/0112/R000000027/R000000031
R000000033/3.854596/0112/R000000027/R000000006
R000000035/1.000000/0000/Guesstimate
R000000034/3.854596/0004/R000000027/R000000035
R000000033/4.282884/0009/R000000034
R000000038/1.000000/0000/Guesstimate
R000000037/2.222222/0003/R000000038/M000000022
R000000039/1.000000/0000/Guesstimate
R000000037/2.345679/0049/R000000039/R000000024
R000000036/2.469136/0147/R000000037
R000000041/1.000000/0000/Guesstimate
M000000042/1.000000/0000/Sigma_BB-28829039
R000000040/2.222222/0003/R000000041/M000000042
R000000043/1.000000/0000/Guesstimate
R000000040/2.222222/0277/R000000043/M000000042
R000000036/2.469136/0147/R000000040
R000000026/7.026369/0138/R000000033/R000000036
R000000001/4.420059/0028/R000000026
Q000000003/2.482853/0000/R000000044
M000000045/1.000000/0000/Sigma_BB-30398684
R000000044/2.482853/0003/R000000002/M000000045
R000000047/4.282884/0040/R000000033
R000000048/3.854596/0004/R000000027/R000000009
R000000049/1.000000/0000/Guesstimate
R000000050/1.000000/0000/Guesstimate
R000000048/4.965707/0225/R000000027/R000000049/R000000050
R000000047/4.282884/0216/R000000048
R000000046/5.869872/0003/R000000047/M000000045
R000000053/1.000000/0000/Guesstimate
R000000052/3.854596/0112/R000000027/R000000053
R000000051/4.282884/0197/R000000052
R000000051/4.758760/0091/R000000047
M000000054/1.000000/0000/Sigma_BB-158319316
R000000046/5.869872/0112/R000000051/M000000054
R000000044/6.522080/0028/R000000046
<NEXT>