#
#  Reaction log file
#  Author: LigBuilder V3 User_Diana
#  Creation time: Fri Apr 10 01:34:04 2026
#  Format:
#  QueryMoleculeId/Cost/SynthesizeId/ReactantId1/ReactantId2/ReactantId3.....
#  Id prefix:
#  Q --- Query Molecule
#  M --- Material
#  R --- Reactant
#
Directory      result/synthesize_PfHDAC1/82/DATABASE/
#
Q000000001/5.807042/0000/R000000001
R000000003/1.000000/0000/Guesstimate
R000000006/1.000000/0000/Guesstimate
R000000007/1.000000/0000/Guesstimate
R000000005/2.222222/0002/R000000006/R000000007
R000000005/2.222222/0004/R000000006/R000000007
M000000009/1.000000/0000/Sigma_BB-130314282
R000000008/1.111111/0228/M000000009
R000000008/1.111111/0286/M000000009
R000000004/3.703704/0212/R000000005/R000000008
R000000004/3.703704/0212/R000000005/R000000008
R000000002/5.226338/0122/R000000003/R000000004
R000000002/5.226338/0122/R000000003/R000000004
R000000001/5.807042/0028/R000000002
R000000012/2.469136/0093/R000000005
M000000013/1.000000/0000/Sigma_BB-28247348
R000000012/3.580247/0212/R000000005/M000000013
M000000015/1.000000/0000/Sigma_BB-28764950
R000000014/1.111111/0197/M000000015
R000000011/3.978053/0212/R000000012/R000000014
R000000011/3.978053/0212/R000000012/R000000014
R000000010/5.531170/0122/R000000003/R000000011
R000000010/5.531170/0122/R000000003/R000000011
R000000001/6.145744/0028/R000000010
Q000000002/6.145744/0000/R000000016
R000000018/1.000000/0000/Guesstimate
R000000022/1.000000/0000/Guesstimate
R000000021/2.222222/0112/R000000022/R000000007
R000000020/3.580247/0206/M000000013/R000000021
R000000020/3.580247/0206/M000000013/R000000021
R000000019/3.978053/0197/R000000020
R000000017/5.531170/0003/R000000018/R000000019
M000000025/1.000000/0000/Sigma_BB-28516749
R000000024/1.111111/0156/M000000025
R000000026/1.000000/0000/Guesstimate
R000000024/1.111111/0228/R000000026
R000000023/1.234568/0024/R000000024
R000000027/1.000000/0000/Guesstimate
R000000028/1.000000/0000/Guesstimate
R000000023/2.222222/0004/R000000027/R000000028
R000000030/3.978053/0091/R000000020
R000000029/4.420059/0079/R000000030
R000000033/1.000000/0000/Guesstimate
R000000032/3.580247/0212/R000000005/R000000033
R000000032/3.580247/0212/R000000005/R000000033
R000000034/1.000000/0000/Guesstimate
R000000031/5.089163/0122/R000000032/R000000034
R000000031/5.531170/0004/R000000019/R000000018
R000000029/5.654626/0009/R000000031
R000000017/6.282919/0049/R000000023/R000000029
R000000016/6.145744/0059/R000000017
R000000037/1.000000/0000/Guesstimate
R000000036/5.089163/0122/R000000037/R000000032
R000000036/5.089163/0122/R000000037/R000000032
R000000035/5.654626/0059/R000000036
R000000039/1.000000/0000/Guesstimate
R000000038/2.222222/0001/R000000018/R000000039
R000000040/1.000000/0000/Guesstimate
R000000038/2.222222/0004/R000000018/R000000040
R000000042/1.000000/0000/Guesstimate
R000000041/3.580247/0256/R000000042/R000000021
R000000035/6.447188/0042/R000000038/R000000041
R000000016/6.282918/0059/R000000035
Q000000003/2.895900/0000/R000000043
M000000046/1.000000/0000/Sigma_BB-29023408
R000000048/1.000000/0000/Guesstimate
R000000047/1.111111/0228/R000000048
R000000047/1.111111/0286/R000000048
R000000045/2.345679/0301/M000000046/R000000047
R000000045/2.345679/0301/M000000046/R000000047
R000000044/2.606310/0125/R000000045
R000000044/3.717421/0112/R000000045/R000000040
R000000043/2.895900/0059/R000000044
M000000050/1.000000/0000/Sigma_BB-29589219
M000000053/1.000000/0000/Sigma_BB-28777622
M000000054/1.000000/0000/Sigma_BB-27556005
R000000052/2.222222/0224/M000000053/M000000054
R000000051/2.469136/0212/R000000052
R000000056/1.000000/0000/Guesstimate
R000000055/2.345679/0301/R000000056/R000000047
R000000055/2.345679/0301/R000000056/R000000047
R000000051/2.606310/0155/R000000055
R000000049/3.854596/0003/M000000050/R000000051
M000000058/1.000000/0000/Sigma_BB-27358118
R000000057/2.222222/0004/M000000058/R000000027
M000000060/1.000000/0000/Sigma_BB-27355816
R000000059/2.222222/0004/M000000060/R000000027
M000000061/1.000000/0000/Sigma_BB-30479921
R000000059/2.222222/0112/M000000061/R000000040
R000000057/2.469136/0059/R000000059
R000000062/2.345679/0003/R000000039/R000000047
R000000063/3.854596/0004/R000000051/R000000018
R000000063/3.854596/0277/R000000051/R000000018
R000000062/4.282884/0009/R000000063
R000000049/5.075447/0049/R000000057/R000000062
R000000043/4.282884/0147/R000000049
<NEXT>