#
#  Reaction log file
#  Author: LigBuilder V3 User_Diana
#  Creation time: Fri Apr 10 01:36:41 2026
#  Format:
#  QueryMoleculeId/Cost/SynthesizeId/ReactantId1/ReactantId2/ReactantId3.....
#  Id prefix:
#  Q --- Query Molecule
#  M --- Material
#  R --- Reactant
#
Directory      result/synthesize_PfHDAC1/179/DATABASE/
#
Q000000001/Analysis Failed
Q000000002/5.944217/0000/R000000001
M000000005/1.000000/0000/Sigma_BB-29509005
R000000004/1.111111/0287/M000000005
R000000007/1.000000/0000/Guesstimate
R000000006/1.111111/0040/R000000007
R000000008/1.000000/0000/Guesstimate
R000000006/1.111111/0283/R000000008
R000000003/2.469136/0004/R000000004/R000000006
M000000011/1.000000/0000/Sigma_BB-28764950
R000000010/1.111111/0085/M000000011
M000000012/1.000000/0000/Sigma_BB-31058715
R000000009/2.345679/0212/R000000010/M000000012
R000000014/1.000000/0000/Guesstimate
R000000013/2.222222/0004/M000000011/R000000014
R000000013/2.222222/0277/M000000011/R000000014
R000000009/2.469136/0197/R000000013
R000000002/5.349795/0212/R000000003/R000000009
R000000002/5.349795/0212/R000000003/R000000009
R000000001/5.944217/0028/R000000002
R000000017/2.222222/0212/M000000011/M000000012
R000000017/2.222222/0212/M000000011/M000000012
R000000016/2.469136/0085/R000000017
R000000019/1.000000/0000/Guesstimate
R000000018/3.580247/0004/R000000017/R000000019
R000000016/3.978053/0197/R000000018
R000000015/5.486969/0212/R000000003/R000000016
R000000015/5.486969/0212/R000000003/R000000016
R000000001/6.096632/0028/R000000015
Q000000003/5.944217/0000/R000000001
Q000000004/5.944217/0000/R000000001
<NEXT>