#
#  Reaction log file
#  Author: LigBuilder V3 User_Diana
#  Creation time: Fri Apr 10 01:35:25 2026
#  Format:
#  QueryMoleculeId/Cost/SynthesizeId/ReactantId1/ReactantId2/ReactantId3.....
#  Id prefix:
#  Q --- Query Molecule
#  M --- Material
#  R --- Reactant
#
Directory      result/synthesize_PfHDAC1/135/DATABASE/
#
Q000000001/4.130468/0000/R000000001
M000000005/1.000000/0000/Sigma_BB-29509005
R000000004/1.111111/0287/M000000005
M000000007/1.000000/0000/Sigma_BB-28838111
R000000006/1.111111/0287/M000000007
M000000008/1.000000/0000/Sigma_BB-28945063
R000000009/1.000000/0000/Guesstimate
R000000006/2.222222/0175/M000000008/R000000009
R000000004/1.234568/0139/R000000006
M000000010/1.000000/0000/Sigma_BB-70700816
R000000003/2.345679/0004/R000000004/M000000010
R000000012/1.000000/0000/Guesstimate
R000000011/2.222222/0175/M000000005/R000000012
R000000013/1.000000/0000/Guesstimate
R000000011/2.345679/0004/R000000004/R000000013
R000000014/1.000000/0000/Guesstimate
R000000003/3.580247/0004/R000000011/R000000014
R000000015/1.000000/0000/Guesstimate
R000000002/3.717421/0169/R000000003/R000000015
M000000017/1.000000/0000/Sigma_BB-27492620
R000000016/2.345679/0004/R000000004/M000000017
R000000018/1.000000/0000/Guesstimate
R000000016/3.580247/0004/R000000011/R000000018
M000000019/1.000000/0000/Sigma_BB-28776399
R000000002/3.717421/0212/R000000016/M000000019
R000000001/4.130468/0024/R000000002
R000000022/1.000000/0000/Guesstimate
R000000021/3.456790/0225/R000000006/R000000015/R000000022
R000000023/3.333333/0225/M000000008/R000000015/R000000022
R000000023/3.333333/0225/M000000008/R000000015/R000000022
R000000021/4.814815/0175/R000000023/R000000009
R000000020/3.840878/0139/R000000021
R000000025/1.000000/0000/Guesstimate
R000000024/3.456790/0225/R000000004/R000000025/R000000022
R000000024/3.456790/0225/R000000004/R000000025/R000000022
R000000020/3.840878/0147/R000000024
R000000001/5.378754/0004/R000000020/R000000013
Q000000002/3.717421/0000/R000000026
M000000028/1.000000/0000/Sigma_BB-27510527
R000000027/2.345679/0004/R000000004/M000000028
R000000029/1.000000/0000/Guesstimate
R000000027/3.580247/0004/R000000011/R000000029
R000000030/1.000000/0000/Guesstimate
R000000026/3.717421/0003/R000000027/R000000030
M000000033/1.000000/0000/Sigma_BB-29128081
R000000032/2.222222/0175/M000000033/R000000009
M000000035/1.000000/0000/Sigma_BB-28766735
R000000034/2.222222/0175/M000000035/R000000009
R000000034/2.345679/0004/R000000006/R000000013
R000000036/1.000000/0000/Guesstimate
R000000032/3.580247/0169/R000000034/R000000036
R000000031/2.469136/0139/R000000032
M000000038/1.000000/0000/Sigma_BB-28776172
R000000037/2.222222/0174/M000000005/M000000038
R000000037/2.345679/0112/R000000004/M000000038
R000000031/2.469136/0147/R000000037
R000000039/1.000000/0000/Guesstimate
R000000026/3.854596/0001/R000000031/R000000039
Q000000003/3.840878/0000/R000000040
R000000042/1.000000/0000/Guesstimate
R000000041/3.456790/0225/R000000006/R000000036/R000000042
R000000045/1.000000/0000/Guesstimate
R000000044/2.222222/0001/M000000033/R000000045
R000000046/1.000000/0000/Guesstimate
R000000044/2.222222/0141/M000000033/R000000046
R000000043/2.469136/0147/R000000044
R000000048/1.000000/0000/Guesstimate
R000000047/3.333333/0225/M000000008/R000000036/R000000048
R000000047/3.333333/0225/M000000008/R000000036/R000000048
R000000043/3.703704/0155/R000000047
R000000041/3.854596/0175/R000000043/R000000009
R000000040/3.840878/0139/R000000041
M000000052/1.000000/0000/Sigma_BB-27113924
M000000053/1.000000/0000/Sigma_BB-28830366
R000000051/2.222222/0004/M000000052/M000000053
R000000050/2.469136/0197/R000000051
R000000049/4.965707/0225/R000000050/R000000036/R000000042
R000000049/4.965707/0225/R000000050/R000000036/R000000042
R000000040/5.517452/0028/R000000049
<NEXT>