#
#  Reaction log file
#  Author: LigBuilder V3 User_Diana
#  Creation time: Fri Apr 10 01:40:13 2026
#  Format:
#  QueryMoleculeId/Cost/SynthesizeId/ReactantId1/ReactantId2/ReactantId3.....
#  Id prefix:
#  Q --- Query Molecule
#  M --- Material
#  R --- Reactant
#
Directory      result/synthesize_PfHDAC1/295/DATABASE/
#
Q000000001/4.007011/0000/R000000001
M000000005/1.000000/0000/Sigma_BB-29509005
R000000004/1.111111/0287/M000000005
R000000006/1.000000/0000/Guesstimate
R000000003/2.345679/0003/R000000004/R000000006
R000000008/1.000000/0000/Guesstimate
R000000007/2.222222/0175/M000000005/R000000008
R000000007/2.222222/0290/M000000005/R000000008
R000000009/1.000000/0000/Guesstimate
R000000003/3.580247/0003/R000000007/R000000009
R000000002/2.606310/0099/R000000003
R000000012/1.111111/0114/M000000005
R000000012/2.469136/0197/R000000007
R000000013/1.000000/0000/Guesstimate
R000000011/2.345679/0301/R000000012/R000000013
R000000011/2.345679/0301/R000000012/R000000013
R000000010/2.606310/0155/R000000011
R000000015/1.000000/0000/Guesstimate
R000000014/2.222222/0175/M000000005/R000000015
R000000016/1.000000/0000/Guesstimate
R000000014/3.580247/0212/R000000007/R000000016
R000000017/1.000000/0000/Guesstimate
R000000010/3.580247/0122/R000000014/R000000017
R000000002/2.895900/0090/R000000010
M000000018/1.000000/0000/Sigma_BB-28760789
R000000001/4.007011/0003/R000000002/M000000018
M000000021/1.000000/0000/Sigma_BB-79678922
R000000020/1.111111/0024/M000000021
R000000023/1.000000/0000/Guesstimate
R000000024/1.000000/0000/Guesstimate
R000000022/2.222222/0170/R000000023/R000000024
R000000025/1.000000/0000/Guesstimate
R000000026/1.000000/0000/Guesstimate
R000000022/2.222222/0170/R000000025/R000000026
R000000020/2.469136/0039/R000000022
R000000019/4.130468/0003/R000000002/R000000020
R000000028/1.000000/0000/Guesstimate
R000000027/2.345679/0001/R000000020/R000000028
R000000029/1.000000/0000/Guesstimate
R000000027/2.345679/0003/R000000020/R000000029
R000000019/5.212620/0042/R000000011/R000000027
R000000001/4.589409/0024/R000000019
Q000000002/4.007011/0000/R000000030
R000000031/1.000000/0000/Guesstimate
R000000030/4.007011/0003/R000000002/R000000031
M000000035/1.000000/0000/Sigma_BB-28764950
R000000034/1.111111/0087/M000000035
R000000036/2.222222/0003/R000000025/R000000031
R000000037/1.000000/0000/Guesstimate
R000000036/2.222222/0112/R000000006/R000000037
R000000033/3.703704/0212/R000000034/R000000036
R000000033/3.703704/0212/R000000034/R000000036
R000000032/5.226338/0175/M000000005/R000000033
R000000039/1.111111/0085/M000000035
R000000038/3.703704/0212/R000000039/R000000036
R000000038/3.703704/0212/R000000039/R000000036
R000000032/6.584363/0212/R000000007/R000000038
R000000030/5.807042/0028/R000000032
Q000000003/4.007011/0000/R000000030
Q000000004/4.007011/0000/R000000030
<NEXT>