#
#  Reaction log file
#  Author: LigBuilder V3 User_Diana
#  Creation time: Fri Apr 10 01:33:45 2026
#  Format:
#  QueryMoleculeId/Cost/SynthesizeId/ReactantId1/ReactantId2/ReactantId3.....
#  Id prefix:
#  Q --- Query Molecule
#  M --- Material
#  R --- Reactant
#
Directory      result/synthesize_PfHDAC1/64/DATABASE/
#
Q000000001/4.282884/0000/R000000001
M000000005/1.000000/0000/Sigma_BB-28945063
M000000006/1.000000/0000/Sigma_BB-28830366
R000000004/2.222222/0004/M000000005/M000000006
R000000003/2.469136/0197/R000000004
M000000007/1.000000/0000/Sigma_BB-28842249
R000000002/3.854596/0175/R000000003/M000000007
M000000010/1.000000/0000/Sigma_BB-27113924
R000000009/2.222222/0004/M000000010/M000000006
R000000008/2.469136/0197/R000000009
R000000008/2.743484/0287/R000000003
R000000011/1.000000/0000/Guesstimate
R000000012/1.000000/0000/Guesstimate
R000000002/4.965707/0225/R000000008/R000000011/R000000012
R000000001/4.282884/0028/R000000002
M000000016/1.000000/0000/Sigma_BB-29509005
R000000015/1.111111/0287/M000000016
M000000018/1.000000/0000/Sigma_BB-28838111
R000000017/1.111111/0287/M000000018
R000000019/1.000000/0000/Guesstimate
R000000017/2.222222/0175/M000000005/R000000019
R000000015/1.234568/0139/R000000017
R000000020/1.000000/0000/Guesstimate
R000000014/2.345679/0004/R000000015/R000000020
R000000022/1.000000/0000/Guesstimate
R000000021/2.222222/0175/M000000016/R000000022
R000000021/2.222222/0290/M000000016/R000000022
R000000014/2.469136/0024/R000000021
R000000025/1.000000/0000/Guesstimate
R000000024/1.111111/0245/R000000025
R000000024/1.111111/0245/R000000025
R000000023/1.234568/0155/R000000024
R000000027/1.000000/0000/Guesstimate
R000000026/2.222222/0004/R000000027/M000000006
R000000026/2.222222/0277/R000000027/M000000006
R000000023/2.469136/0197/R000000026
R000000013/3.978052/0169/R000000014/R000000023
R000000030/1.000000/0000/Guesstimate
R000000029/2.345679/0275/R000000030/R000000024
R000000031/1.000000/0000/Guesstimate
R000000029/2.345679/0282/R000000031/R000000024
R000000028/2.606310/0155/R000000029
R000000032/2.482853/0275/R000000031/R000000023
R000000033/1.000000/0000/Guesstimate
R000000032/2.482853/0282/R000000033/R000000023
R000000028/2.758726/0091/R000000032
R000000013/4.007011/0175/M000000016/R000000028
R000000001/4.420058/0028/R000000013
Q000000002/4.572474/0000/R000000034
R000000037/1.111111/0082/M000000007
R000000038/1.000000/0000/Guesstimate
R000000037/2.222222/0274/R000000031/R000000038
R000000036/1.234568/0041/R000000037
R000000040/1.000000/0000/Guesstimate
R000000039/2.222222/0274/R000000033/R000000040
R000000041/1.000000/0000/Guesstimate
R000000039/2.222222/0275/R000000031/R000000041
R000000036/2.469136/0091/R000000039
R000000035/4.115227/0175/R000000003/R000000036
R000000035/4.965707/0225/R000000008/R000000041/R000000012
R000000034/4.572474/0028/R000000035
R000000043/3.717421/0169/R000000014/R000000027
R000000045/1.000000/0000/Guesstimate
R000000044/3.456790/0225/R000000015/R000000045/R000000012
R000000044/3.717421/0169/R000000014/R000000045
R000000043/3.840878/0155/R000000044
R000000042/4.130468/0118/R000000043
R000000046/1.000000/0000/Guesstimate
R000000042/5.241580/0112/R000000043/R000000046
R000000034/4.589409/0041/R000000042
Q000000003/4.572474/0000/R000000034
<NEXT>