#
#  Reaction log file
#  Author: LigBuilder V3 User_Diana
#  Creation time: Fri Apr 10 01:33:24 2026
#  Format:
#  QueryMoleculeId/Cost/SynthesizeId/ReactantId1/ReactantId2/ReactantId3.....
#  Id prefix:
#  Q --- Query Molecule
#  M --- Material
#  R --- Reactant
#
Directory      result/synthesize_PfHDAC1/50/DATABASE/
#
Q000000001/5.791801/0000/R000000001
R000000005/1.000000/0000/Guesstimate
R000000006/1.000000/0000/Guesstimate
R000000004/2.222222/0285/R000000005/R000000006
R000000004/2.222222/0285/R000000005/R000000006
R000000003/2.469136/0224/R000000004
R000000007/2.222222/0224/R000000005/R000000006
R000000003/2.469136/0285/R000000007
R000000009/1.000000/0000/Guesstimate
R000000010/1.000000/0000/Guesstimate
R000000008/2.222222/0112/R000000009/R000000010
R000000012/1.000000/0000/Guesstimate
R000000011/2.222222/0004/R000000009/R000000012
R000000013/1.000000/0000/Guesstimate
R000000008/3.580247/0049/R000000011/R000000013
R000000002/5.212621/0276/R000000003/R000000008
R000000016/1.000000/0000/Guesstimate
R000000015/2.222222/0112/R000000009/R000000016
R000000014/5.212621/0276/R000000003/R000000015
R000000014/5.212621/0278/R000000003/R000000015
R000000017/1.000000/0000/Guesstimate
R000000002/6.902912/0277/R000000014/R000000017
R000000001/5.791801/0059/R000000002
R000000021/1.000000/0000/Guesstimate
R000000020/2.222222/0003/R000000009/R000000021
R000000019/2.469136/0247/R000000020
R000000023/1.000000/0000/Guesstimate
R000000022/3.580247/0112/R000000011/R000000023
R000000024/1.000000/0000/Guesstimate
R000000022/3.580247/0113/R000000011/R000000024
R000000019/3.978053/0153/R000000022
R000000018/5.486969/0276/R000000003/R000000019
R000000018/5.486969/0278/R000000003/R000000019
R000000001/6.096632/0147/R000000018
Q000000002/5.791801/0000/R000000001
Q000000003/5.791801/0000/R000000001
<NEXT>