#
#  Reaction log file
#  Author: LigBuilder V3 User_Diana
#  Creation time: Fri Apr 10 01:40:15 2026
#  Format:
#  QueryMoleculeId/Cost/SynthesizeId/ReactantId1/ReactantId2/ReactantId3.....
#  Id prefix:
#  Q --- Query Molecule
#  M --- Material
#  R --- Reactant
#
Directory      result/synthesize_PfHDAC1/297/DATABASE/
#
Q000000001/Analysis Failed
Q000000002/4.420058/0000/R000000001
M000000005/1.000000/0000/Sigma_BB-29509005
R000000004/1.111111/0053/M000000005
R000000004/1.111111/0053/M000000005
R000000006/1.000000/0000/Guesstimate
R000000003/2.345679/0275/R000000004/R000000006
R000000008/1.000000/0000/Guesstimate
R000000007/2.345679/0274/R000000004/R000000008
R000000003/2.606310/0260/R000000007
R000000011/1.000000/0000/Guesstimate
R000000010/1.111111/0125/R000000011
R000000012/1.000000/0000/Guesstimate
R000000010/2.222222/0112/R000000012/R000000011
R000000009/1.234568/0040/R000000010
R000000014/1.000000/0000/Guesstimate
R000000013/2.222222/0004/R000000011/R000000014
R000000015/1.000000/0000/Guesstimate
R000000016/1.000000/0000/Guesstimate
R000000013/3.333333/0225/R000000011/R000000015/R000000016
R000000009/2.469136/0216/R000000013
R000000002/3.978052/0001/R000000003/R000000009
R000000018/1.000000/0000/Guesstimate
R000000017/2.345679/0275/R000000004/R000000018
R000000020/1.000000/0000/Guesstimate
R000000019/2.345679/0275/R000000004/R000000020
R000000017/2.606310/0091/R000000019
R000000002/3.978052/0003/R000000017/R000000009
R000000001/4.420058/0099/R000000002
R000000022/3.456790/0225/R000000004/R000000012/R000000015
M000000024/1.000000/0000/Sigma_BB-28776791
R000000023/3.456790/0225/R000000004/M000000024/R000000015
R000000022/3.840878/0243/R000000023
R000000027/1.000000/0000/Guesstimate
R000000026/1.111111/0293/R000000027
R000000025/1.234568/0082/R000000026
R000000029/1.000000/0000/Guesstimate
R000000030/1.000000/0000/Guesstimate
R000000028/2.222222/0279/R000000029/R000000030
R000000028/2.222222/0279/R000000029/R000000030
R000000025/2.469136/0112/R000000028
R000000021/5.212620/0122/R000000022/R000000025
R000000021/5.212620/0122/R000000022/R000000025
R000000001/5.791800/0099/R000000021
Q000000003/4.282884/0000/R000000031
M000000035/1.000000/0000/Sigma_BB-28764950
M000000036/1.000000/0000/Sigma_BB-30752013
R000000034/2.222222/0212/M000000035/M000000036
R000000034/2.222222/0212/M000000035/M000000036
R000000033/2.469136/0087/R000000034
R000000037/3.580247/0004/R000000018/R000000034
R000000033/3.978053/0197/R000000037
R000000032/3.854596/0175/M000000005/R000000033
R000000039/1.111111/0287/M000000005
R000000038/2.345679/0004/R000000039/R000000014
R000000041/1.000000/0000/Guesstimate
R000000040/2.222222/0175/M000000005/R000000041
R000000040/2.222222/0290/M000000005/R000000041
R000000038/2.469136/0024/R000000040
R000000043/1.111111/0085/M000000035
R000000042/2.345679/0212/R000000043/M000000036
R000000042/2.469136/0085/R000000034
R000000032/5.212620/0212/R000000038/R000000042
R000000031/4.282884/0028/R000000032
R000000046/2.345679/0212/R000000043/M000000036
R000000046/2.345679/0212/R000000043/M000000036
R000000045/2.606310/0086/R000000046
R000000045/2.606310/0091/R000000046
R000000044/4.007011/0175/M000000005/R000000045
R000000044/5.212620/0212/R000000038/R000000046
R000000031/4.452235/0028/R000000044
<NEXT>