#
#  Reaction log file
#  Author: LigBuilder V3 User_Diana
#  Creation time: Fri Apr 10 01:36:18 2026
#  Format:
#  QueryMoleculeId/Cost/SynthesizeId/ReactantId1/ReactantId2/ReactantId3.....
#  Id prefix:
#  Q --- Query Molecule
#  M --- Material
#  R --- Reactant
#
Directory      result/synthesize_PfHDAC1/165/DATABASE/
#
Q000000001/2.469136/0000/R000000001
M000000003/1.000000/0000/Sigma_BB-28838111
M000000004/1.000000/0000/Sigma_BB-28830089
R000000002/2.222222/0175/M000000003/M000000004
M000000007/1.000000/0000/Sigma_BB-28760241
R000000008/1.000000/0000/Guesstimate
R000000006/2.222222/0003/M000000007/R000000008
M000000009/1.000000/0000/Sigma_BB-28945063
R000000006/2.222222/0112/M000000009/M000000004
R000000005/2.469136/0147/R000000006
R000000011/1.000000/0000/Guesstimate
R000000010/2.222222/0003/M000000009/R000000011
M000000012/1.000000/0000/Sigma_BB-28766735
R000000013/1.000000/0000/Guesstimate
R000000010/2.222222/0003/M000000012/R000000013
R000000005/2.469136/0147/R000000010
R000000014/1.000000/0000/Guesstimate
R000000002/3.854596/0175/R000000005/R000000014
R000000001/2.469136/0139/R000000002
M000000018/1.000000/0000/Sigma_BB-28830366
R000000017/2.222222/0004/M000000009/M000000018
R000000016/2.469136/0197/R000000017
R000000015/3.854596/0175/R000000016/M000000004
R000000015/3.854596/0290/R000000016/M000000004
R000000001/4.282884/0028/R000000015
Q000000002/2.469136/0000/R000000001
Q000000003/2.758726/0000/R000000019
M000000023/1.000000/0000/Sigma_BB-34699699
R000000022/1.111111/0100/M000000023
R000000024/1.000000/0000/Guesstimate
R000000022/2.222222/0004/R000000008/R000000024
R000000021/1.234568/0086/R000000022
R000000021/1.234568/0091/R000000022
R000000020/2.482853/0175/M000000003/R000000021
M000000027/1.000000/0000/Sigma_BB-129341653
R000000028/1.000000/0000/Guesstimate
R000000026/2.222222/0003/M000000027/R000000028
R000000025/2.469136/0147/R000000026
R000000029/2.482853/0112/M000000009/R000000021
M000000030/1.000000/0000/Sigma_BB-28757047
R000000029/2.482853/0174/M000000030/R000000021
R000000025/2.758726/0147/R000000029
R000000020/3.854596/0175/R000000025/R000000014
R000000019/2.758726/0139/R000000020
R000000031/4.115227/0175/R000000016/R000000021
R000000031/4.115227/0290/R000000016/R000000021
R000000019/4.572474/0028/R000000031
<NEXT>