#
#  Reaction log file
#  Author: LigBuilder V3 User_Diana
#  Creation time: Fri Apr 10 01:35:00 2026
#  Format:
#  QueryMoleculeId/Cost/SynthesizeId/ReactantId1/ReactantId2/ReactantId3.....
#  Id prefix:
#  Q --- Query Molecule
#  M --- Material
#  R --- Reactant
#
Directory      result/synthesize_PfHDAC1/118/DATABASE/
#
Q000000001/Analysis Failed
Q000000002/2.743484/0000/R000000001
R000000004/1.000000/0000/Guesstimate
M000000005/1.000000/0000/Sigma_BB-28524129
R000000003/2.222222/0003/R000000004/M000000005
R000000007/1.000000/0000/Guesstimate
R000000006/2.222222/0004/R000000004/R000000007
R000000008/1.000000/0000/Guesstimate
R000000009/1.000000/0000/Guesstimate
R000000006/3.333333/0225/R000000004/R000000008/R000000009
R000000010/1.000000/0000/Guesstimate
R000000003/3.580247/0003/R000000006/R000000010
R000000002/2.469136/0099/R000000003
R000000013/1.000000/0000/Guesstimate
R000000012/1.111111/0228/R000000013
R000000012/1.111111/0286/R000000013
R000000014/1.000000/0000/Guesstimate
R000000011/2.345679/0122/R000000012/R000000014
R000000011/2.345679/0122/R000000012/R000000014
R000000002/2.606310/0039/R000000011
R000000001/2.743484/0024/R000000002
R000000017/1.000000/0000/Guesstimate
R000000019/1.000000/0000/Guesstimate
R000000018/1.111111/0287/R000000019
R000000016/2.345679/0112/R000000017/R000000018
R000000016/9.600000/0082/R000000020
R000000015/3.840878/0095/R000000012/R000000016
R000000022/1.000000/0000/Guesstimate
R000000021/2.345679/0122/R000000012/R000000022
R000000024/1.000000/0000/Guesstimate
R000000023/2.222222/0112/R000000004/R000000024
R000000021/2.469136/0147/R000000023
R000000027/1.000000/0000/Guesstimate
R000000026/2.222222/0174/R000000027/R000000019
R000000026/2.345679/0112/R000000027/R000000018
R000000025/2.469136/0197/R000000026
R000000028/7.400000/0000/Guesstimate
R000000025/8.222222/0091/R000000028
R000000015/5.349795/0112/R000000021/R000000025
R000000001/4.267642/0025/R000000015
Q000000003/Analysis Failed
<NEXT>