#
#  Reaction log file
#  Author: LigBuilder V3 User_Diana
#  Creation time: Fri Apr 10 01:35:38 2026
#  Format:
#  QueryMoleculeId/Cost/SynthesizeId/ReactantId1/ReactantId2/ReactantId3.....
#  Id prefix:
#  Q --- Query Molecule
#  M --- Material
#  R --- Reactant
#
Directory      result/synthesize_PfHDAC1/147/DATABASE/
#
Q000000001/5.654626/0000/R000000001
R000000004/1.000000/0000/Guesstimate
R000000006/1.000000/0000/Guesstimate
R000000007/1.000000/0000/Guesstimate
R000000005/2.222222/0112/R000000006/R000000007
R000000003/3.580247/0256/R000000004/R000000005
R000000008/1.000000/0000/Guesstimate
R000000002/5.089163/0112/R000000003/R000000008
R000000011/1.000000/0000/Guesstimate
R000000012/1.000000/0000/Guesstimate
R000000010/2.222222/0112/R000000011/R000000012
R000000010/2.222222/0112/R000000006/R000000008
R000000009/3.580247/0112/R000000010/R000000007
R000000009/3.580247/0112/R000000005/R000000008
R000000002/5.089163/0256/R000000004/R000000009
R000000001/5.654626/0147/R000000002
R000000016/1.000000/0000/Guesstimate
R000000015/3.333333/0225/R000000004/R000000007/R000000016
R000000015/3.333333/0225/R000000004/R000000007/R000000016
R000000014/3.703704/0204/R000000015
R000000018/1.000000/0000/Guesstimate
R000000017/4.814815/0212/R000000015/R000000018
R000000017/4.814815/0212/R000000015/R000000018
R000000014/5.349795/0217/R000000017
R000000013/5.226338/0122/R000000014/R000000008
R000000013/5.226338/0122/R000000014/R000000008
R000000001/5.807042/0198/R000000013
Q000000002/2.895900/0000/R000000019
M000000023/1.000000/0000/Sigma_BB-70586019
R000000022/1.111111/0041/M000000023
R000000024/1.000000/0000/Guesstimate
R000000022/1.111111/0228/R000000024
R000000025/1.000000/0000/Guesstimate
R000000021/2.345679/0122/R000000022/R000000025
R000000026/2.222222/0122/M000000023/R000000025
R000000026/2.222222/0122/M000000023/R000000025
R000000021/2.469136/0041/R000000026
R000000020/2.606310/0039/R000000021
R000000027/2.469136/0039/R000000026
R000000029/1.000000/0000/Guesstimate
R000000030/1.000000/0000/Guesstimate
R000000028/2.222222/0001/R000000029/R000000030
M000000031/1.000000/0000/Sigma_BB-28764742
R000000032/1.000000/0000/Guesstimate
R000000028/2.222222/0112/M000000031/R000000032
R000000034/1.000000/0000/Guesstimate
R000000035/1.000000/0000/Guesstimate
R000000033/2.222222/0122/R000000034/R000000035
R000000036/1.000000/0000/Guesstimate
R000000037/1.000000/0000/Guesstimate
R000000033/2.222222/0256/R000000036/R000000037
R000000027/4.938272/0042/R000000028/R000000033
R000000020/2.743484/0041/R000000027
R000000019/2.895900/0024/R000000020
R000000040/1.000000/0000/Guesstimate
R000000042/1.000000/0000/Guesstimate
R000000041/1.111111/0287/R000000042
R000000039/2.345679/0112/R000000040/R000000041
R000000039/9.600000/0082/R000000043
R000000038/3.840878/0095/R000000022/R000000039
R000000045/1.000000/0000/Guesstimate
R000000044/2.345679/0122/R000000022/R000000045
R000000046/2.222222/0122/M000000023/R000000045
R000000047/1.000000/0000/Guesstimate
R000000046/3.580247/0042/R000000028/R000000047
R000000044/2.469136/0041/R000000046
R000000050/1.000000/0000/Guesstimate
R000000049/2.222222/0174/R000000050/R000000042
R000000049/2.345679/0112/R000000050/R000000041
R000000048/2.469136/0197/R000000049
R000000051/7.400000/0000/Guesstimate
R000000048/8.222222/0091/R000000051
R000000038/5.349795/0112/R000000044/R000000048
R000000019/4.267642/0025/R000000038
Q000000003/7.468375/0000/R000000052
M000000056/1.000000/0000/Sigma_BB-29509005
R000000055/1.111111/0287/M000000056
R000000057/1.000000/0000/Guesstimate
R000000054/2.345679/0004/R000000055/R000000057
R000000058/2.222222/0175/M000000056/R000000050
R000000059/1.000000/0000/Guesstimate
R000000058/2.345679/0004/R000000055/R000000059
R000000060/1.000000/0000/Guesstimate
R000000054/3.580247/0004/R000000058/R000000060
M000000063/1.000000/0000/Sigma_BB-28764950
R000000062/1.111111/0085/M000000063
R000000065/1.000000/0000/Guesstimate
R000000064/2.222222/0004/R000000059/R000000065
R000000066/1.000000/0000/Guesstimate
R000000064/3.333333/0225/R000000066/R000000065/R000000016
R000000061/3.703704/0212/R000000062/R000000064
R000000061/3.703704/0212/R000000062/R000000064
R000000053/6.721537/0212/R000000054/R000000061
R000000053/6.721537/0212/R000000054/R000000061
R000000052/7.468375/0028/R000000053
R000000069/3.580247/0212/M000000063/R000000064
R000000069/3.580247/0212/M000000063/R000000064
R000000068/3.978053/0085/R000000069
R000000071/1.000000/0000/Guesstimate
R000000070/5.089163/0004/R000000069/R000000071
R000000068/5.654626/0197/R000000070
R000000067/7.026369/0212/R000000054/R000000068
R000000067/7.026369/0212/R000000054/R000000068
R000000052/7.807076/0028/R000000067
<NEXT>