#
#  Reaction log file
#  Author: LigBuilder V3 User_Diana
#  Creation time: Fri Apr 10 01:36:55 2026
#  Format:
#  QueryMoleculeId/Cost/SynthesizeId/ReactantId1/ReactantId2/ReactantId3.....
#  Id prefix:
#  Q --- Query Molecule
#  M --- Material
#  R --- Reactant
#
Directory      result/synthesize_PfHDAC1/189/DATABASE/
#
Q000000001/5.531170/0000/R000000001
M000000005/1.000000/0000/Sigma_BB-29509005
R000000006/1.000000/0000/Guesstimate
R000000004/2.222222/0174/M000000005/R000000006
R000000004/2.222222/0289/M000000005/R000000006
M000000007/1.000000/0000/Sigma_BB-34697964
R000000003/3.580247/0049/R000000004/M000000007
R000000009/1.000000/0000/Guesstimate
R000000008/3.580247/0049/R000000004/R000000009
R000000010/1.000000/0000/Guesstimate
R000000003/5.089163/0138/R000000008/R000000010
R000000002/3.978053/0099/R000000003
M000000012/1.000000/0000/Sigma_BB-28775620
R000000011/5.089163/0049/R000000008/M000000012
R000000002/5.654626/0099/R000000011
R000000013/1.000000/0000/Guesstimate
R000000001/5.531170/0003/R000000002/R000000013
R000000016/1.111111/0287/M000000005
R000000017/1.000000/0000/Guesstimate
R000000015/2.345679/0004/R000000016/R000000017
R000000019/1.000000/0000/Guesstimate
R000000018/2.222222/0175/M000000005/R000000019
R000000018/2.345679/0004/R000000016/R000000013
R000000020/1.000000/0000/Guesstimate
R000000015/3.580247/0004/R000000018/R000000020
M000000023/1.000000/0000/Sigma_BB-28764950
R000000022/1.111111/0085/M000000023
M000000024/1.000000/0000/Sigma_BB-28769153
R000000021/2.345679/0212/R000000022/M000000024
R000000026/1.000000/0000/Guesstimate
R000000025/2.222222/0004/M000000023/R000000026
R000000027/1.000000/0000/Guesstimate
R000000025/2.222222/0241/M000000023/R000000027
R000000021/2.469136/0197/R000000025
R000000014/5.212620/0212/R000000015/R000000021
R000000014/5.212620/0212/R000000015/R000000021
R000000001/5.791800/0028/R000000014
Q000000002/4.282884/0000/R000000028
M000000032/1.000000/0000/Sigma_BB-30025901
R000000031/2.222222/0212/M000000023/M000000032
R000000031/2.222222/0212/M000000023/M000000032
R000000030/2.469136/0087/R000000031
R000000033/2.345679/0212/R000000022/M000000032
R000000033/2.345679/0212/R000000022/M000000032
R000000030/2.606310/0086/R000000033
R000000029/3.854596/0175/M000000005/R000000030
R000000029/5.075447/0212/R000000018/R000000033
R000000028/4.282884/0028/R000000029
R000000036/2.345679/0212/R000000022/M000000032
R000000036/2.345679/0212/R000000022/M000000032
R000000035/2.606310/0086/R000000036
R000000035/2.606310/0091/R000000036
R000000034/4.007011/0175/M000000005/R000000035
R000000034/5.075447/0212/R000000018/R000000036
R000000028/4.452235/0028/R000000034
Q000000003/5.531170/0000/R000000001
<NEXT>