#
#  Reaction log file
#  Author: LigBuilder V3 User_Diana
#  Creation time: Fri Apr 10 01:36:02 2026
#  Format:
#  QueryMoleculeId/Cost/SynthesizeId/ReactantId1/ReactantId2/ReactantId3.....
#  Id prefix:
#  Q --- Query Molecule
#  M --- Material
#  R --- Reactant
#
Directory      result/synthesize_PfHDAC1/161/DATABASE/
#
Q000000001/4.282884/0000/R000000001
M000000003/1.000000/0000/Sigma_BB-29509005
M000000006/1.000000/0000/Sigma_BB-28764950
R000000007/1.000000/0000/Guesstimate
R000000005/2.222222/0212/M000000006/R000000007
R000000005/2.222222/0212/M000000006/R000000007
R000000004/2.469136/0087/R000000005
R000000009/1.000000/0000/Guesstimate
R000000008/3.580247/0004/R000000009/R000000005
R000000004/3.978053/0197/R000000008
R000000002/3.854596/0174/M000000003/R000000004
R000000010/1.111111/0287/M000000003
M000000012/1.000000/0000/Sigma_BB-28838111
R000000011/1.111111/0287/M000000012
M000000013/1.000000/0000/Sigma_BB-28945063
R000000014/1.000000/0000/Guesstimate
R000000011/2.222222/0175/M000000013/R000000014
R000000010/1.234568/0139/R000000011
R000000002/3.978053/0112/R000000010/R000000004
R000000001/4.282884/0028/R000000002
R000000017/1.000000/0000/Guesstimate
R000000016/2.345679/0004/R000000010/R000000017
R000000019/1.000000/0000/Guesstimate
R000000018/2.222222/0175/M000000003/R000000019
R000000020/1.000000/0000/Guesstimate
R000000018/2.345679/0004/R000000010/R000000020
R000000016/2.469136/0085/R000000018
R000000021/1.000000/0000/Guesstimate
R000000015/3.717421/0049/R000000016/R000000021
R000000023/2.469136/0216/R000000018
R000000022/2.743484/0091/R000000023
R000000024/1.000000/0000/Guesstimate
R000000015/4.159427/0112/R000000022/R000000024
R000000025/1.000000/0000/Guesstimate
R000000001/5.241580/0012/R000000015/R000000025
Q000000002/7.468375/0000/R000000026
R000000030/1.000000/0000/Guesstimate
R000000031/1.000000/0000/Guesstimate
R000000029/2.222222/0241/R000000030/R000000031
R000000033/1.000000/0000/Guesstimate
R000000034/1.000000/0000/Guesstimate
R000000032/2.222222/0003/R000000033/R000000034
R000000035/1.000000/0000/Guesstimate
R000000032/2.222222/0049/R000000017/R000000035
R000000029/3.580247/0003/R000000032/R000000033
R000000036/1.000000/0000/Guesstimate
R000000028/3.580247/0285/R000000029/R000000036
R000000027/3.978053/0224/R000000028
M000000039/1.000000/0000/Sigma_BB-371152855
R000000038/1.111111/0228/M000000039
R000000040/8.600000/0000/Guesstimate
R000000038/9.555556/0198/R000000040
R000000037/3.703704/0301/R000000038/R000000032
R000000037/3.703704/0301/R000000038/R000000032
R000000027/4.115227/0295/R000000037
M000000044/1.000000/0000/Sigma_BB-28775620
R000000045/1.000000/0000/Guesstimate
R000000043/2.222222/0003/M000000044/R000000045
R000000042/2.469136/0099/R000000043
R000000046/2.469136/0059/R000000043
R000000047/1.000000/0000/Guesstimate
R000000046/3.580247/0224/R000000043/R000000047
R000000042/2.743484/0188/R000000046
R000000041/2.743484/0294/R000000042
R000000049/2.469136/0233/R000000043
R000000049/2.743484/0198/R000000042
R000000048/2.743484/0155/R000000049
R000000050/2.222222/0004/R000000020/R000000045
R000000051/1.000000/0000/Guesstimate
R000000052/1.000000/0000/Guesstimate
R000000050/3.333333/0225/R000000051/R000000045/R000000052
R000000054/1.000000/0000/Guesstimate
R000000053/2.222222/0004/R000000017/R000000054
M000000055/1.000000/0000/Sigma_BB-28105749
R000000053/2.222222/0212/M000000055/R000000017
R000000048/4.938272/0212/R000000050/R000000053
R000000041/3.048316/0296/R000000048
R000000026/7.468375/0122/R000000027/R000000041
R000000026/7.468375/0122/R000000027/R000000041
Q000000003/7.468375/0000/R000000026
Q000000004/7.468375/0000/R000000026
<NEXT>