#
#  Reaction log file
#  Author: LigBuilder V3 User_Diana
#  Creation time: Fri Apr 10 01:39:07 2026
#  Format:
#  QueryMoleculeId/Cost/SynthesizeId/ReactantId1/ReactantId2/ReactantId3.....
#  Id prefix:
#  Q --- Query Molecule
#  M --- Material
#  R --- Reactant
#
Directory      result/synthesize_PfHDAC1/265/DATABASE/
#
Q000000001/Analysis Failed
Q000000002/Analysis Failed
Q000000003/Analysis Failed
Q000000004/6.096632/0000/R000000001
M000000005/1.000000/0000/Sigma_BB-28838111
R000000006/1.000000/0000/Guesstimate
R000000004/2.222222/0274/M000000005/R000000006
R000000003/2.469136/0139/R000000004
M000000008/1.000000/0000/Sigma_BB-28769874
R000000007/2.222222/0274/M000000008/R000000006
R000000003/2.469136/0219/R000000007
M000000011/1.000000/0000/Sigma_BB-28764950
R000000012/1.000000/0000/Guesstimate
R000000010/2.222222/0212/M000000011/R000000012
R000000010/2.222222/0212/M000000011/R000000012
R000000009/2.469136/0087/R000000010
R000000014/1.111111/0085/M000000011
R000000013/2.345679/0212/R000000014/R000000012
R000000013/2.345679/0212/R000000014/R000000012
R000000009/2.606310/0086/R000000013
R000000002/5.486969/0175/R000000003/R000000009
R000000016/2.743484/0287/R000000003
R000000017/1.000000/0000/Guesstimate
R000000015/4.159427/0004/R000000016/R000000017
R000000019/1.000000/0000/Guesstimate
R000000018/3.854596/0175/R000000003/R000000019
R000000018/3.854596/0290/R000000003/R000000019
R000000015/4.282884/0024/R000000018
R000000002/7.227896/0212/R000000015/R000000013
R000000001/6.096632/0028/R000000002
R000000021/2.345679/0212/R000000014/R000000012
R000000021/2.345679/0212/R000000014/R000000012
R000000020/7.227896/0212/R000000015/R000000021
R000000020/7.227896/0212/R000000015/R000000021
R000000001/8.030995/0028/R000000020
<NEXT>