#
#  Reaction log file
#  Author: LigBuilder V3 User_Diana
#  Creation time: Fri Apr 10 01:36:37 2026
#  Format:
#  QueryMoleculeId/Cost/SynthesizeId/ReactantId1/ReactantId2/ReactantId3.....
#  Id prefix:
#  Q --- Query Molecule
#  M --- Material
#  R --- Reactant
#
Directory      result/synthesize_PfHDAC1/187/DATABASE/
#
Q000000001/5.241580/0000/R000000001
M000000005/1.000000/0000/Sigma_BB-29509005
R000000004/1.111111/0287/M000000005
R000000006/1.000000/0000/Guesstimate
R000000003/2.345679/0004/R000000004/R000000006
R000000008/1.000000/0000/Guesstimate
R000000007/2.222222/0175/M000000005/R000000008
R000000009/1.000000/0000/Guesstimate
R000000007/2.345679/0004/R000000004/R000000009
R000000003/2.469136/0085/R000000007
M000000010/1.000000/0000/Sigma_BB-28804095
R000000002/3.717421/0212/R000000003/M000000010
M000000015/1.000000/0000/Sigma_BB-29509312
R000000016/1.000000/0000/Guesstimate
R000000014/2.222222/0175/M000000015/R000000016
R000000014/2.222222/0290/M000000015/R000000016
R000000013/2.469136/0139/R000000014
M000000018/1.000000/0000/Sigma_BB-48767194
R000000017/2.222222/0175/M000000015/M000000018
R000000017/2.222222/0290/M000000015/M000000018
R000000013/2.469136/0150/R000000017
R000000019/1.000000/0000/Guesstimate
R000000012/3.854596/0232/R000000013/R000000019
R000000020/1.000000/0000/Guesstimate
R000000011/6.505106/0242/R000000012/R000000020/R000000020
R000000002/7.227896/0155/R000000011
R000000021/1.000000/0000/Guesstimate
R000000001/5.241580/0122/R000000002/R000000021
M000000025/1.000000/0000/Sigma_BB-28783903
R000000024/1.111111/0082/M000000025
R000000026/1.000000/0000/Guesstimate
R000000027/1.000000/0000/Guesstimate
R000000024/2.222222/0112/R000000026/R000000027
R000000028/1.000000/0000/Guesstimate
R000000023/2.345679/0122/R000000024/R000000028
M000000030/1.000000/0000/Sigma_BB-28830366
M000000031/1.000000/0000/Sigma_BB-28806840
R000000029/2.222222/0212/M000000030/M000000031
R000000029/2.222222/0212/M000000030/M000000031
R000000023/2.469136/0188/R000000029
R000000022/5.349795/0232/R000000013/R000000023
R000000001/5.944217/0028/R000000022
Q000000002/5.241580/0000/R000000001
Q000000003/5.241580/0000/R000000001
<NEXT>