#
#  Reaction log file
#  Author: LigBuilder V3 User_Diana
#  Creation time: Fri Apr 10 01:37:59 2026
#  Format:
#  QueryMoleculeId/Cost/SynthesizeId/ReactantId1/ReactantId2/ReactantId3.....
#  Id prefix:
#  Q --- Query Molecule
#  M --- Material
#  R --- Reactant
#
Directory      result/synthesize_PfHDAC1/235/DATABASE/
#
Q000000001/Analysis Failed
Q000000002/Analysis Failed
Q000000003/4.007011/0000/R000000001
M000000005/1.000000/0000/Sigma_BB-28411780
R000000004/1.111111/0153/M000000005
R000000006/1.000000/0000/Guesstimate
R000000003/2.345679/0223/R000000004/R000000006
R000000008/1.000000/0000/Guesstimate
R000000007/2.345679/0223/R000000004/R000000008
R000000009/1.000000/0000/Guesstimate
R000000003/3.717421/0277/R000000007/R000000009
R000000002/2.606310/0175/R000000003
R000000012/1.000000/0000/Guesstimate
R000000011/2.345679/0224/R000000004/R000000012
R000000010/2.606310/0223/R000000011
R000000013/2.345679/0223/R000000004/R000000012
R000000014/1.000000/0000/Guesstimate
R000000013/3.717421/0003/R000000007/R000000014
R000000010/2.606310/0224/R000000013
R000000002/2.895900/0192/R000000010
R000000015/1.000000/0000/Guesstimate
R000000001/4.007011/0174/R000000002/R000000015
R000000016/3.717421/0174/R000000003/R000000015
R000000018/2.222222/0174/M000000005/R000000015
R000000018/2.222222/0289/M000000005/R000000015
R000000017/2.469136/0153/R000000018
R000000020/1.000000/0000/Guesstimate
R000000019/2.345679/0174/R000000004/R000000020
R000000019/2.345679/0289/R000000004/R000000020
R000000017/2.606310/0059/R000000019
R000000016/3.854596/0223/R000000017/R000000006
R000000001/4.130468/0175/R000000016
Q000000004/4.007011/0000/R000000001
<NEXT>