#
#  Reaction log file
#  Author: LigBuilder V3 User_Diana
#  Creation time: Fri Apr 10 01:35:44 2026
#  Format:
#  QueryMoleculeId/Cost/SynthesizeId/ReactantId1/ReactantId2/ReactantId3.....
#  Id prefix:
#  Q --- Query Molecule
#  M --- Material
#  R --- Reactant
#
Directory      result/synthesize_PfHDAC1/145/DATABASE/
#
Q000000001/4.282884/0000/R000000001
M000000003/1.000000/0000/Sigma_BB-29509005
M000000006/1.000000/0000/Sigma_BB-28764950
R000000007/1.000000/0000/Guesstimate
R000000005/2.222222/0212/M000000006/R000000007
R000000005/2.222222/0212/M000000006/R000000007
R000000004/2.469136/0087/R000000005
R000000009/1.111111/0085/M000000006
R000000008/2.345679/0212/R000000009/R000000007
R000000008/2.345679/0212/R000000009/R000000007
R000000004/2.606310/0086/R000000008
R000000002/3.854596/0175/M000000003/R000000004
R000000011/1.111111/0287/M000000003
R000000012/1.000000/0000/Guesstimate
R000000010/2.345679/0004/R000000011/R000000012
R000000014/1.000000/0000/Guesstimate
R000000013/2.222222/0175/M000000003/R000000014
R000000013/2.222222/0290/M000000003/R000000014
R000000010/2.469136/0024/R000000013
R000000002/5.212620/0212/R000000010/R000000008
R000000001/4.282884/0028/R000000002
R000000016/2.345679/0212/R000000009/R000000007
R000000016/2.345679/0212/R000000009/R000000007
R000000015/5.212620/0212/R000000010/R000000016
R000000015/5.212620/0212/R000000010/R000000016
R000000001/5.791800/0028/R000000015
Q000000002/4.282884/0000/R000000001
Q000000003/4.282884/0000/R000000001
<NEXT>