#
#  Reaction log file
#  Author: LigBuilder V3 User_Diana
#  Creation time: Fri Apr 10 01:39:31 2026
#  Format:
#  QueryMoleculeId/Cost/SynthesizeId/ReactantId1/ReactantId2/ReactantId3.....
#  Id prefix:
#  Q --- Query Molecule
#  M --- Material
#  R --- Reactant
#
Directory      result/synthesize_PfHDAC1/288/DATABASE/
#
Q000000001/4.130468/0000/R000000001
M000000005/1.000000/0000/Sigma_BB-370175114
R000000004/1.111111/0299/M000000005
R000000006/1.000000/0000/Guesstimate
R000000003/2.345679/0231/R000000004/R000000006
R000000008/1.000000/0000/Guesstimate
R000000007/2.345679/0231/R000000004/R000000008
R000000009/1.000000/0000/Guesstimate
R000000003/3.717421/0279/R000000007/R000000009
R000000010/1.000000/0000/Guesstimate
R000000002/3.717421/0003/R000000003/R000000010
R000000013/1.000000/0000/Guesstimate
R000000012/2.345679/0231/R000000004/R000000013
R000000014/1.000000/0000/Guesstimate
R000000012/3.717421/0279/R000000007/R000000014
R000000011/2.606310/0082/R000000012
R000000016/1.000000/0000/Guesstimate
R000000015/2.345679/0231/R000000004/R000000016
R000000017/1.000000/0000/Guesstimate
R000000011/3.717421/0095/R000000015/R000000017
R000000018/1.000000/0000/Guesstimate
R000000002/4.007011/0049/R000000011/R000000018
R000000001/4.130468/0041/R000000002
M000000022/1.000000/0000/Sigma_BB-29509312
R000000021/1.111111/0287/M000000022
M000000023/1.000000/0000/Sigma_BB-135659881
R000000021/1.111111/0299/M000000023
R000000024/1.000000/0000/Guesstimate
R000000020/2.345679/0004/R000000021/R000000024
R000000026/1.000000/0000/Guesstimate
R000000025/2.222222/0175/M000000022/R000000026
R000000027/1.000000/0000/Guesstimate
R000000025/2.345679/0004/R000000021/R000000027
R000000020/3.580247/0004/R000000025/R000000017
R000000028/1.000000/0000/Guesstimate
R000000019/3.717421/0003/R000000020/R000000028
R000000031/1.000000/0000/Guesstimate
R000000030/2.222222/0174/M000000022/R000000031
R000000030/2.345679/0112/R000000021/R000000031
R000000032/1.000000/0000/Guesstimate
R000000029/3.580247/0049/R000000030/R000000032
R000000033/2.606310/0086/R000000020
R000000033/2.606310/0091/R000000020
R000000034/1.000000/0000/Guesstimate
R000000029/4.007011/0112/R000000033/R000000034
R000000035/1.000000/0000/Guesstimate
R000000019/5.089163/0011/R000000029/R000000035
R000000001/4.130468/0099/R000000019
Q000000002/4.130468/0000/R000000001
Q000000003/Analysis Failed
<NEXT>