#
#  Reaction log file
#  Author: LigBuilder V3 User_Diana
#  Creation time: Fri Apr 10 01:35:02 2026
#  Format:
#  QueryMoleculeId/Cost/SynthesizeId/ReactantId1/ReactantId2/ReactantId3.....
#  Id prefix:
#  Q --- Query Molecule
#  M --- Material
#  R --- Reactant
#
Directory      result/synthesize_PfHDAC1/126/DATABASE/
#
Q000000001/2.895900/0000/R000000001
M000000005/1.000000/0000/Sigma_BB-29509005
R000000004/1.111111/0287/M000000005
R000000006/1.000000/0000/Guesstimate
R000000003/2.345679/0004/R000000004/R000000006
R000000008/1.000000/0000/Guesstimate
R000000007/2.345679/0004/R000000004/R000000008
R000000003/2.606310/0187/R000000007
R000000002/2.606310/0255/R000000003
R000000001/2.895900/0147/R000000002
M000000012/1.000000/0000/Sigma_BB-28945063
R000000011/2.222222/0004/M000000012/R000000006
R000000013/1.000000/0000/Guesstimate
R000000010/3.580247/0212/R000000011/R000000013
R000000014/2.469136/0093/R000000011
M000000015/1.000000/0000/Sigma_BB-28247348
R000000014/3.580247/0212/R000000011/M000000015
R000000010/3.854596/0212/R000000014/R000000008
R000000016/1.000000/0000/Guesstimate
R000000009/5.089163/0175/R000000010/R000000016
R000000009/5.089163/0290/R000000010/R000000016
R000000001/5.654626/0139/R000000009
Q000000002/Analysis Failed
Q000000003/Analysis Failed
<NEXT>