#
#  Reaction log file
#  Author: LigBuilder V3 User_Diana
#  Creation time: Fri Apr 10 01:36:38 2026
#  Format:
#  QueryMoleculeId/Cost/SynthesizeId/ReactantId1/ReactantId2/ReactantId3.....
#  Id prefix:
#  Q --- Query Molecule
#  M --- Material
#  R --- Reactant
#
Directory      result/synthesize_PfHDAC1/176/DATABASE/
#
Q000000001/4.929993/0000/R000000001
M000000007/1.000000/0000/Sigma_BB-245062509
R000000006/1.111111/0168/M000000007
M000000008/1.000000/0000/Sigma_BB-28438503
R000000009/1.000000/0000/Guesstimate
R000000006/2.222222/0174/M000000008/R000000009
R000000005/1.234568/0125/R000000006
R000000005/2.345679/0112/R000000006/R000000009
R000000004/1.371742/0041/R000000005
R000000004/1.371742/0233/R000000005
R000000003/1.524158/0040/R000000004
R000000010/1.371742/0040/R000000005
M000000011/1.000000/0000/Sigma_BB-28824750
R000000010/2.222222/0174/M000000011/R000000009
R000000003/1.524158/0041/R000000010
R000000014/1.000000/0000/Guesstimate
R000000015/1.000000/0000/Guesstimate
R000000013/2.222222/0112/R000000014/R000000015
R000000012/2.469136/0147/R000000013
R000000017/1.000000/0000/Guesstimate
R000000018/1.000000/0000/Guesstimate
R000000016/2.222222/0170/R000000017/R000000018
R000000019/1.000000/0000/Guesstimate
R000000020/1.000000/0000/Guesstimate
R000000016/2.222222/0170/R000000019/R000000020
R000000012/2.469136/0155/R000000016
R000000002/4.436994/0003/R000000003/R000000012
R000000022/1.234568/0041/R000000006
R000000022/1.693509/0197/R000000003
R000000023/1.000000/0000/Guesstimate
R000000021/2.482853/0004/R000000022/R000000023
R000000024/2.345679/0004/R000000006/R000000023
R000000021/2.606310/0041/R000000024
M000000027/1.000000/0000/Sigma_BB-27941182
R000000026/2.222222/0170/M000000027/R000000019
R000000028/1.000000/0000/Guesstimate
R000000026/3.854596/0004/R000000028/R000000012
R000000025/2.469136/0009/R000000026
R000000030/1.000000/0000/Guesstimate
R000000029/2.222222/0170/R000000030/R000000017
R000000031/1.000000/0000/Guesstimate
R000000029/2.222222/0170/R000000031/R000000019
R000000025/2.469136/0079/R000000029
R000000002/5.502210/0049/R000000021/R000000025
R000000001/4.929993/0099/R000000002
R000000034/1.000000/0000/Guesstimate
R000000033/2.345679/0003/R000000006/R000000034
R000000033/2.482853/0049/R000000005/R000000023
R000000032/5.349795/0122/R000000033/R000000012
R000000032/5.349795/0122/R000000033/R000000012
R000000001/5.944217/0041/R000000032
Q000000002/4.929993/0000/R000000001
Q000000003/4.929993/0000/R000000001
Q000000004/4.420059/0000/R000000035
M000000038/1.000000/0000/Sigma_BB-28805814
R000000037/1.111111/0086/M000000038
R000000040/1.000000/0000/Guesstimate
R000000039/1.111111/0118/R000000040
R000000039/2.222222/0112/R000000009/R000000040
R000000037/1.234568/0059/R000000039
R000000043/1.000000/0000/Guesstimate
R000000044/1.000000/0000/Guesstimate
R000000042/2.222222/0112/R000000043/R000000044
R000000041/2.469136/0147/R000000042
R000000036/3.978053/0112/R000000037/R000000041
R000000046/1.000000/0000/Guesstimate
R000000045/3.854596/0112/R000000046/R000000041
R000000047/3.580247/0112/R000000046/R000000042
R000000045/3.978053/0147/R000000047
R000000036/4.282884/0198/R000000045
R000000035/4.420059/0147/R000000036
R000000050/2.345679/0112/R000000037/R000000043
R000000049/2.606310/0147/R000000050
R000000054/1.000000/0000/Guesstimate
R000000055/1.000000/0000/Guesstimate
R000000053/2.222222/0277/R000000054/R000000055
R000000056/1.000000/0000/Guesstimate
R000000053/2.222222/0301/R000000056/R000000055
R000000052/2.469136/0059/R000000053
R000000058/1.000000/0000/Guesstimate
R000000057/2.222222/0112/R000000058/R000000043
R000000059/1.000000/0000/Guesstimate
R000000057/2.345679/0112/R000000037/R000000059
R000000052/2.469136/0147/R000000057
R000000060/1.000000/0000/Guesstimate
R000000051/3.854596/0112/R000000052/R000000060
R000000049/4.282884/0197/R000000051
R000000048/4.007011/0112/R000000049/R000000044
R000000062/2.222222/0112/R000000060/R000000044
R000000061/2.469136/0197/R000000062
R000000048/5.486969/0112/R000000052/R000000061
R000000035/4.452235/0147/R000000048
<NEXT>