#
#  Reaction log file
#  Author: LigBuilder V3 User_Diana
#  Creation time: Fri Apr 10 01:38:02 2026
#  Format:
#  QueryMoleculeId/Cost/SynthesizeId/ReactantId1/ReactantId2/ReactantId3.....
#  Id prefix:
#  Q --- Query Molecule
#  M --- Material
#  R --- Reactant
#
Directory      result/synthesize_PfHDAC1/218/DATABASE/
#
Q000000001/7.224678/0000/R000000001
M000000006/1.000000/0000/Sigma_BB-29509005
R000000005/1.111111/0074/M000000006
R000000007/1.111111/0287/M000000006
M000000009/1.000000/0000/Sigma_BB-28838111
R000000008/1.111111/0287/M000000009
M000000010/1.000000/0000/Sigma_BB-28945063
R000000011/1.000000/0000/Guesstimate
R000000008/2.222222/0175/M000000010/R000000011
R000000007/1.234568/0139/R000000008
R000000012/1.000000/0000/Guesstimate
R000000005/2.345679/0112/R000000007/R000000012
R000000004/1.234568/0040/R000000005
R000000014/1.111111/0114/M000000006
R000000015/1.000000/0000/Guesstimate
R000000013/2.345679/0004/R000000014/R000000015
R000000017/1.000000/0000/Guesstimate
R000000016/2.222222/0175/M000000006/R000000017
R000000016/2.222222/0290/M000000006/R000000017
R000000013/2.469136/0040/R000000016
R000000004/2.606310/0073/R000000013
R000000018/1.000000/0000/Guesstimate
R000000003/2.482853/0003/R000000004/R000000018
R000000020/1.000000/0000/Guesstimate
R000000019/2.482853/0003/R000000004/R000000020
M000000024/1.000000/0000/Sigma_BB-27113924
M000000025/1.000000/0000/Sigma_BB-28830366
R000000023/2.222222/0004/M000000024/M000000025
R000000022/2.469136/0197/R000000023
R000000026/1.000000/0000/Guesstimate
R000000021/3.854596/0112/R000000022/R000000026
R000000027/3.854596/0112/R000000022/R000000012
R000000029/1.000000/0000/Guesstimate
R000000028/3.854596/0004/R000000022/R000000029
R000000027/4.282884/0009/R000000028
R000000030/1.000000/0000/Guesstimate
R000000021/5.393995/0138/R000000027/R000000030
R000000019/4.282884/0028/R000000021
R000000003/3.869837/0004/R000000019/R000000015
R000000033/1.000000/0000/Guesstimate
R000000034/1.000000/0000/Guesstimate
R000000032/2.222222/0276/R000000033/R000000034
R000000032/2.222222/0278/R000000033/R000000034
R000000031/2.469136/0276/R000000032
R000000035/2.222222/0276/R000000033/R000000034
R000000035/2.222222/0278/R000000033/R000000034
R000000031/2.469136/0276/R000000035
R000000002/5.502210/0004/R000000003/R000000031
R000000037/3.580247/0004/R000000015/R000000035
R000000038/1.000000/0000/Guesstimate
R000000039/1.000000/0000/Guesstimate
R000000037/4.691358/0225/R000000035/R000000038/R000000039
R000000036/3.978053/0276/R000000037
R000000041/1.000000/0000/Guesstimate
R000000040/3.854596/0112/R000000041/R000000031
R000000036/4.282884/0147/R000000040
R000000002/7.178785/0004/R000000019/R000000036
R000000042/1.000000/0000/Guesstimate
R000000001/7.224678/0212/R000000002/R000000042
R000000001/7.224678/0212/R000000002/R000000042
Q000000002/6.282918/0000/R000000043
R000000044/1.371742/0091/R000000004
R000000046/3.854596/0112/R000000022/R000000041
R000000045/4.282884/0197/R000000046
R000000047/4.282884/0040/R000000027
R000000045/4.758760/0091/R000000047
R000000044/4.758760/0028/R000000045
R000000050/1.000000/0000/Guesstimate
R000000049/3.854596/0003/R000000050/R000000031
R000000048/4.282884/0147/R000000049
M000000052/1.000000/0000/Sigma_BB-28701636
R000000051/5.531170/0212/R000000036/M000000052
R000000051/5.531170/0212/R000000036/M000000052
R000000048/6.145744/0197/R000000051
R000000043/6.282918/0112/R000000044/R000000048
R000000053/6.145744/0086/R000000051
R000000053/6.145744/0091/R000000051
R000000043/8.063173/0112/R000000007/R000000053
Q000000003/8.030996/0000/R000000054
R000000058/1.000000/0000/Guesstimate
R000000057/3.854596/0004/R000000058/R000000031
R000000057/4.282884/0233/R000000040
R000000056/5.393995/0212/R000000057/R000000058
R000000056/5.393995/0212/R000000057/R000000058
R000000055/5.993328/0155/R000000056
R000000060/4.282884/0197/R000000057
R000000059/5.869872/0004/R000000060/R000000015
M000000062/1.000000/0000/Sigma_BB-28524129
R000000061/5.393995/0212/R000000057/M000000062
R000000061/5.393995/0212/R000000057/M000000062
R000000059/5.993328/0024/R000000061
R000000055/6.522080/0197/R000000059
R000000054/8.030996/0003/R000000004/R000000055
R000000063/9.041644/0301/R000000021/R000000060
R000000063/9.041644/0301/R000000021/R000000060
R000000054/9.041644/0028/R000000063
<NEXT>