#
#  Reaction log file
#  Author: LigBuilder V3 User_Diana
#  Creation time: Fri Apr 10 01:40:06 2026
#  Format:
#  QueryMoleculeId/Cost/SynthesizeId/ReactantId1/ReactantId2/ReactantId3.....
#  Id prefix:
#  Q --- Query Molecule
#  M --- Material
#  R --- Reactant
#
Directory      result/synthesize_PfHDAC1/299/DATABASE/
#
Q000000001/4.420059/0000/R000000001
M000000004/1.000000/0000/Sigma_BB-29509005
R000000003/1.111111/0114/M000000004
M000000006/1.000000/0000/Sigma_BB-28838111
R000000005/1.111111/0114/M000000006
R000000003/1.234568/0139/R000000005
M000000009/1.000000/0000/Sigma_BB-28765826
M000000010/1.000000/0000/Sigma_BB-114773652
R000000008/2.222222/0170/M000000009/M000000010
M000000011/1.000000/0000/Sigma_BB-30407107
R000000014/1.000000/0000/Guesstimate
R000000015/1.000000/0000/Guesstimate
R000000013/2.222222/0274/R000000014/R000000015
R000000016/1.000000/0000/Guesstimate
R000000017/1.000000/0000/Guesstimate
R000000013/2.222222/0274/R000000016/R000000017
R000000012/2.469136/0039/R000000013
R000000019/1.000000/0000/Guesstimate
M000000020/1.000000/0000/Sigma_BB-128506535
R000000018/2.222222/0170/R000000019/M000000020
R000000021/1.000000/0000/Guesstimate
M000000022/1.000000/0000/Sigma_BB-137827595
R000000018/2.222222/0170/R000000021/M000000022
R000000023/1.000000/0000/Guesstimate
R000000012/3.580247/0119/R000000018/R000000023
R000000008/3.854596/0301/M000000011/R000000012
R000000007/2.469136/0009/R000000008
R000000024/1.000000/0000/Guesstimate
R000000007/3.854596/0003/R000000024/R000000012
R000000002/3.978053/0122/R000000003/R000000007
R000000025/2.345679/0003/R000000003/R000000024
R000000026/2.345679/0301/R000000003/M000000011
R000000026/2.345679/0301/R000000003/M000000011
R000000025/2.606310/0009/R000000026
R000000002/5.349795/0122/R000000025/R000000012
R000000001/4.420059/0024/R000000002
R000000029/2.469136/0086/R000000018
R000000029/2.469136/0091/R000000018
R000000030/1.000000/0000/Guesstimate
R000000028/3.854596/0174/R000000029/R000000030
R000000031/1.111111/0287/R000000030
R000000028/3.978053/0112/R000000029/R000000031
R000000027/6.889194/0122/R000000025/R000000028
R000000032/5.393995/0003/R000000024/R000000028
R000000033/5.393995/0301/M000000011/R000000028
R000000033/5.393995/0301/M000000011/R000000028
R000000032/5.993328/0009/R000000033
R000000027/7.227896/0122/R000000003/R000000032
R000000001/7.654660/0025/R000000027
Q000000002/5.976394/0000/R000000034
M000000039/1.000000/0000/Sigma_BB-28764950
R000000038/1.111111/0087/M000000039
R000000037/1.234568/0204/R000000038
R000000041/1.000000/0000/Guesstimate
R000000040/2.222222/0277/R000000021/R000000041
R000000043/1.000000/0000/Guesstimate
R000000042/2.222222/0277/R000000043/R000000041
R000000040/2.469136/0153/R000000042
R000000036/3.840878/0224/R000000037/R000000040
R000000044/2.482853/0224/R000000037/R000000021
R000000036/3.869837/0277/R000000044/R000000041
R000000035/5.378754/0175/M000000004/R000000036
R000000046/1.000000/0000/Guesstimate
R000000045/2.222222/0175/M000000004/R000000046
R000000045/2.222222/0290/M000000004/R000000046
R000000049/1.111111/0085/M000000039
R000000050/1.000000/0000/Guesstimate
R000000049/2.345679/0275/R000000038/R000000050
R000000048/1.234568/0204/R000000049
R000000048/2.482853/0275/R000000037/R000000050
R000000047/3.840878/0224/R000000048/R000000040
R000000051/2.482853/0224/R000000048/R000000021
R000000051/3.869837/0275/R000000044/R000000050
R000000047/3.869837/0277/R000000051/R000000041
R000000035/6.736779/0212/R000000045/R000000047
R000000034/5.976394/0028/R000000035
R000000054/2.345679/0212/R000000049/R000000043
R000000054/2.345679/0212/R000000049/R000000043
R000000053/5.075447/0212/R000000045/R000000054
R000000055/3.703704/0212/R000000045/R000000049
R000000055/3.703704/0212/R000000045/R000000049
R000000053/5.226338/0212/R000000055/R000000043
R000000052/8.108521/0170/R000000053/R000000040
R000000058/1.000000/0000/Guesstimate
R000000057/2.345679/0212/R000000049/R000000058
R000000057/2.606310/0156/R000000054
R000000056/5.075447/0212/R000000045/R000000057
R000000056/5.639385/0156/R000000053
R000000061/1.000000/0000/Guesstimate
R000000060/2.222222/0277/R000000061/R000000041
R000000059/2.469136/0155/R000000060
R000000059/2.469136/0197/R000000042
R000000052/8.382870/0170/R000000056/R000000059
R000000034/9.009468/0028/R000000052
Q000000003/4.420058/0000/R000000062
R000000065/1.111111/0053/M000000004
R000000065/1.111111/0053/M000000004
R000000066/1.000000/0000/Guesstimate
R000000064/2.345679/0275/R000000065/R000000066
R000000068/1.000000/0000/Guesstimate
R000000067/2.345679/0274/R000000065/R000000068
R000000064/2.606310/0260/R000000067
R000000071/1.000000/0000/Guesstimate
R000000070/1.111111/0125/R000000071
R000000072/1.000000/0000/Guesstimate
R000000070/2.222222/0112/R000000072/R000000071
R000000069/1.234568/0040/R000000070
R000000074/1.000000/0000/Guesstimate
R000000073/2.222222/0004/R000000071/R000000074
R000000075/1.000000/0000/Guesstimate
R000000073/3.333333/0225/R000000071/R000000075/R000000050
R000000069/2.469136/0216/R000000073
R000000063/3.978052/0001/R000000064/R000000069
R000000077/1.000000/0000/Guesstimate
R000000076/2.345679/0275/R000000065/R000000077
R000000079/1.000000/0000/Guesstimate
R000000078/2.345679/0275/R000000065/R000000079
R000000076/2.606310/0091/R000000078
R000000063/3.978052/0003/R000000076/R000000069
R000000062/4.420058/0099/R000000063
R000000083/1.000000/0000/Guesstimate
R000000082/2.345679/0275/R000000065/R000000083
R000000081/2.606310/0024/R000000082
R000000084/3.456790/0225/R000000065/R000000043/R000000075
R000000084/3.717421/0277/R000000064/R000000043
R000000081/3.840878/0073/R000000084
R000000080/4.007011/0003/R000000081/R000000071
R000000088/1.000000/0000/Guesstimate
R000000087/1.111111/0040/R000000088
R000000087/2.222222/0004/R000000077/R000000074
R000000086/2.469136/0275/R000000065/R000000087
R000000086/3.456790/0225/R000000065/R000000079/R000000075
R000000085/2.743484/0085/R000000086
R000000085/3.717421/0004/R000000076/R000000043
R000000080/4.282884/0049/R000000085/R000000070
R000000062/4.452235/0099/R000000080
<NEXT>