#
#  Reaction log file
#  Author: LigBuilder V3 User_Diana
#  Creation time: Fri Apr 10 01:34:52 2026
#  Format:
#  QueryMoleculeId/Cost/SynthesizeId/ReactantId1/ReactantId2/ReactantId3.....
#  Id prefix:
#  Q --- Query Molecule
#  M --- Material
#  R --- Reactant
#
Directory      result/synthesize_PfHDAC1/94/DATABASE/
#
Q000000001/2.743484/0000/R000000001
M000000004/1.000000/0000/Sigma_BB-29509312
R000000005/1.000000/0000/Guesstimate
R000000003/2.222222/0231/M000000004/R000000005
R000000007/1.000000/0000/Guesstimate
R000000006/2.222222/0231/M000000004/R000000007
M000000008/1.000000/0000/Sigma_BB-28766735
R000000009/1.000000/0000/Guesstimate
R000000006/2.222222/0285/M000000008/R000000009
R000000003/2.469136/0091/R000000006
R000000002/2.469136/0079/R000000003
M000000011/1.000000/0000/Sigma_BB-28945063
R000000012/1.000000/0000/Guesstimate
R000000010/2.222222/0003/M000000011/R000000012
M000000013/1.000000/0000/Sigma_BB-28200223
R000000014/1.000000/0000/Guesstimate
R000000010/2.222222/0049/M000000013/R000000014
R000000002/3.580247/0012/R000000010/R000000009
R000000001/2.743484/0059/R000000002
R000000018/1.000000/0000/Guesstimate
R000000017/2.222222/0232/M000000004/R000000018
R000000016/2.469136/0156/R000000017
R000000020/1.000000/0000/Guesstimate
R000000019/3.580247/0226/R000000010/R000000020
R000000021/1.000000/0000/Guesstimate
R000000019/3.580247/0277/R000000010/R000000021
R000000016/3.978053/0059/R000000019
R000000015/2.743484/0058/R000000016
R000000022/1.000000/0000/Guesstimate
R000000015/5.089163/0224/R000000019/R000000022
R000000001/3.048316/0150/R000000015
Q000000002/5.807042/0000/R000000023
R000000025/1.000000/0000/Guesstimate
R000000028/1.000000/0000/Guesstimate
R000000029/1.000000/0000/Guesstimate
R000000030/1.000000/0000/Guesstimate
R000000027/3.333333/0225/R000000028/R000000029/R000000030
R000000027/3.333333/0225/R000000028/R000000029/R000000030
R000000026/3.703704/0204/R000000027
R000000031/4.814815/0212/R000000027/R000000014
R000000031/4.814815/0212/R000000027/R000000014
R000000026/5.349795/0217/R000000031
R000000024/5.226338/0122/R000000025/R000000026
R000000033/1.000000/0000/Guesstimate
R000000032/2.222222/0001/R000000033/R000000012
R000000034/1.000000/0000/Guesstimate
R000000032/2.222222/0004/R000000033/R000000034
R000000036/2.222222/0112/R000000005/R000000028
R000000035/3.580247/0256/R000000036/R000000029
R000000024/6.447188/0042/R000000032/R000000035
R000000023/5.807042/0059/R000000024
R000000040/1.000000/0000/Guesstimate
R000000039/4.814815/0212/R000000040/R000000027
R000000039/4.814815/0212/R000000040/R000000027
R000000038/5.349795/0295/R000000039
R000000038/5.349795/0295/R000000039
R000000037/7.055328/0003/R000000033/R000000038
M000000043/1.000000/0000/Sigma_BB-28516749
R000000042/1.111111/0156/M000000043
R000000044/1.000000/0000/Guesstimate
R000000042/1.111111/0228/R000000044
R000000041/1.234568/0024/R000000042
R000000041/2.222222/0004/R000000014/R000000021
R000000045/5.944217/0125/R000000038
R000000045/7.055328/0112/R000000038/R000000034
R000000037/7.976428/0049/R000000041/R000000045
R000000023/7.839253/0059/R000000037
Q000000003/Analysis Failed
<NEXT>