#
#  Reaction log file
#  Author: LigBuilder V3 User_Diana
#  Creation time: Fri Apr 10 01:35:58 2026
#  Format:
#  QueryMoleculeId/Cost/SynthesizeId/ReactantId1/ReactantId2/ReactantId3.....
#  Id prefix:
#  Q --- Query Molecule
#  M --- Material
#  R --- Reactant
#
Directory      result/synthesize_PfHDAC1/163/DATABASE/
#
Q000000001/7.468375/0000/R000000001
R000000005/1.000000/0000/Guesstimate
R000000006/1.000000/0000/Guesstimate
R000000004/2.222222/0241/R000000005/R000000006
R000000008/1.000000/0000/Guesstimate
R000000009/1.000000/0000/Guesstimate
R000000007/2.222222/0003/R000000008/R000000009
R000000010/1.000000/0000/Guesstimate
R000000011/1.000000/0000/Guesstimate
R000000007/2.222222/0049/R000000010/R000000011
R000000004/3.580247/0003/R000000007/R000000008
R000000012/1.000000/0000/Guesstimate
R000000003/3.580247/0285/R000000004/R000000012
R000000002/3.978053/0224/R000000003
M000000015/1.000000/0000/Sigma_BB-371152855
R000000014/1.111111/0228/M000000015
R000000016/8.600000/0000/Guesstimate
R000000014/9.555556/0198/R000000016
R000000013/3.703704/0301/R000000014/R000000007
R000000013/3.703704/0301/R000000014/R000000007
R000000002/4.115227/0295/R000000013
M000000020/1.000000/0000/Sigma_BB-28775620
R000000021/1.000000/0000/Guesstimate
R000000019/2.222222/0003/M000000020/R000000021
R000000018/2.469136/0099/R000000019
R000000022/2.469136/0059/R000000019
R000000023/1.000000/0000/Guesstimate
R000000022/3.580247/0224/R000000019/R000000023
R000000018/2.743484/0188/R000000022
R000000017/2.743484/0294/R000000018
R000000025/2.469136/0233/R000000019
R000000025/2.743484/0198/R000000018
R000000024/2.743484/0155/R000000025
R000000027/1.000000/0000/Guesstimate
R000000026/2.222222/0004/R000000027/R000000021
R000000028/1.000000/0000/Guesstimate
R000000029/1.000000/0000/Guesstimate
R000000026/3.333333/0225/R000000028/R000000021/R000000029
R000000031/1.000000/0000/Guesstimate
R000000030/2.222222/0004/R000000010/R000000031
M000000032/1.000000/0000/Sigma_BB-28105749
R000000030/2.222222/0212/M000000032/R000000010
R000000024/4.938272/0212/R000000026/R000000030
R000000017/3.048316/0296/R000000024
R000000001/7.468375/0122/R000000002/R000000017
R000000001/7.468375/0122/R000000002/R000000017
Q000000002/Analysis Failed
Q000000003/Analysis Failed
<NEXT>