#
#  Reaction log file
#  Author: LigBuilder V3 User_Diana
#  Creation time: Fri Apr 10 01:38:24 2026
#  Format:
#  QueryMoleculeId/Cost/SynthesizeId/ReactantId1/ReactantId2/ReactantId3.....
#  Id prefix:
#  Q --- Query Molecule
#  M --- Material
#  R --- Reactant
#
Directory      result/synthesize_PfHDAC1/255/DATABASE/
#
Q000000001/5.807042/0000/R000000001
M000000003/1.000000/0000/Sigma_BB-29509005
M000000006/1.000000/0000/Sigma_BB-28764950
R000000005/1.111111/0087/M000000006
R000000008/1.000000/0000/Guesstimate
R000000009/1.000000/0000/Guesstimate
R000000007/2.222222/0004/R000000008/R000000009
R000000010/1.000000/0000/Guesstimate
R000000011/1.000000/0000/Guesstimate
R000000007/3.333333/0225/R000000009/R000000010/R000000011
R000000004/3.703704/0212/R000000005/R000000007
R000000004/3.703704/0212/R000000005/R000000007
R000000002/5.226338/0175/M000000003/R000000004
R000000013/1.111111/0287/M000000003
R000000014/1.000000/0000/Guesstimate
R000000012/2.345679/0004/R000000013/R000000014
R000000016/1.000000/0000/Guesstimate
R000000015/2.222222/0175/M000000003/R000000016
R000000015/2.222222/0290/M000000003/R000000016
R000000012/2.469136/0024/R000000015
R000000018/1.111111/0085/M000000006
R000000017/3.703704/0212/R000000018/R000000007
R000000017/3.703704/0212/R000000018/R000000007
R000000002/6.721537/0212/R000000012/R000000017
R000000001/5.807042/0028/R000000002
R000000021/3.703704/0212/R000000018/R000000007
R000000021/3.703704/0212/R000000018/R000000007
R000000020/4.115227/0086/R000000021
R000000020/4.115227/0091/R000000021
R000000019/5.683586/0175/M000000003/R000000020
R000000019/6.721537/0212/R000000012/R000000021
R000000001/6.315095/0028/R000000019
Q000000002/6.145744/0000/R000000022
R000000026/2.222222/0004/R000000014/R000000009
R000000027/1.000000/0000/Guesstimate
R000000026/3.333333/0225/R000000027/R000000009/R000000011
R000000025/3.580247/0212/M000000006/R000000026
R000000025/3.580247/0212/M000000006/R000000026
R000000024/3.978053/0087/R000000025
R000000028/3.703704/0212/R000000018/R000000026
R000000028/3.703704/0212/R000000018/R000000026
R000000024/4.115227/0086/R000000028
R000000023/5.531170/0175/M000000003/R000000024
R000000023/6.721537/0212/R000000012/R000000028
R000000022/6.145744/0028/R000000023
R000000030/3.703704/0212/R000000018/R000000026
R000000030/3.703704/0212/R000000018/R000000026
R000000029/6.721537/0212/R000000012/R000000030
R000000029/6.721537/0212/R000000012/R000000030
R000000022/7.468375/0028/R000000029
Q000000003/6.145744/0000/R000000022
<NEXT>