#
#  Reaction log file
#  Author: LigBuilder V3 User_Diana
#  Creation time: Fri Apr 10 01:35:02 2026
#  Format:
#  QueryMoleculeId/Cost/SynthesizeId/ReactantId1/ReactantId2/ReactantId3.....
#  Id prefix:
#  Q --- Query Molecule
#  M --- Material
#  R --- Reactant
#
Directory      result/synthesize_PfHDAC1/131/DATABASE/
#
Q000000001/6.811670/0000/R000000001
R000000005/1.000000/0000/Guesstimate
R000000006/1.000000/0000/Guesstimate
R000000004/2.222222/0285/R000000005/R000000006
R000000003/2.469136/0293/R000000004
R000000008/1.000000/0000/Guesstimate
R000000009/1.000000/0000/Guesstimate
R000000007/2.222222/0003/R000000008/R000000009
R000000010/1.000000/0000/Guesstimate
R000000011/1.000000/0000/Guesstimate
R000000007/2.222222/0049/R000000010/R000000011
R000000003/3.580247/0285/R000000007/R000000006
R000000002/2.743484/0224/R000000003
R000000012/2.469136/0224/R000000004
R000000002/2.743484/0293/R000000012
M000000018/1.000000/0000/Sigma_BB-154401696
R000000019/1.000000/0000/Guesstimate
R000000017/2.222222/0122/M000000018/R000000019
R000000016/2.469136/0294/R000000017
R000000021/1.000000/0000/Guesstimate
M000000022/1.000000/0000/Sigma_BB-27949720
R000000020/2.222222/0232/R000000021/M000000022
R000000020/2.469136/0228/R000000017
R000000016/2.469136/0296/R000000020
R000000015/2.743484/0118/R000000016
R000000023/1.000000/0000/Guesstimate
R000000015/3.854596/0112/R000000023/R000000016
R000000014/3.048316/0054/R000000015
R000000025/1.000000/0000/Guesstimate
R000000024/3.854596/0301/R000000025/R000000016
R000000024/3.854596/0301/R000000025/R000000016
R000000026/1.000000/0000/Guesstimate
R000000014/5.393995/0004/R000000024/R000000026
R000000013/3.387018/0009/R000000014
R000000013/3.854596/0003/R000000008/R000000016
R000000001/6.811670/0122/R000000002/R000000013
R000000001/6.811670/0122/R000000002/R000000013
Q000000002/5.531170/0000/R000000027
M000000030/1.000000/0000/Sigma_BB-29509312
R000000032/1.000000/0000/Guesstimate
R000000033/1.000000/0000/Guesstimate
R000000031/2.222222/0112/R000000032/R000000033
R000000029/3.580247/0224/M000000030/R000000031
R000000028/3.978053/0191/R000000029
R000000034/1.000000/0000/Guesstimate
R000000027/5.531170/0231/R000000028/R000000034
Q000000003/Analysis Failed
Q000000004/Analysis Failed
<NEXT>