#
#  Reaction log file
#  Author: LigBuilder V3 User_Diana
#  Creation time: Fri Apr 10 01:34:21 2026
#  Format:
#  QueryMoleculeId/Cost/SynthesizeId/ReactantId1/ReactantId2/ReactantId3.....
#  Id prefix:
#  Q --- Query Molecule
#  M --- Material
#  R --- Reactant
#
Directory      result/synthesize_PfHDAC1/87/DATABASE/
#
Q000000001/Analysis Failed
Q000000002/Analysis Failed
Q000000003/2.222222/0000/R000000001
R000000002/1.000000/0000/Guesstimate
R000000003/1.000000/0000/Guesstimate
R000000001/2.222222/0004/R000000002/R000000003
R000000005/1.000000/0000/Guesstimate
R000000004/2.222222/0004/R000000002/R000000005
R000000008/1.000000/0000/Guesstimate
R000000007/2.222222/0112/R000000002/R000000008
R000000006/2.469136/0147/R000000007
R000000010/1.000000/0000/Guesstimate
R000000009/2.222222/0003/R000000002/R000000010
R000000006/2.469136/0153/R000000009
R000000004/2.743484/0024/R000000006
R000000011/1.000000/0000/Guesstimate
R000000001/3.580247/0004/R000000004/R000000011
Q000000004/2.222222/0000/R000000001
<NEXT>