#
#  Reaction log file
#  Author: LigBuilder V3 User_Diana
#  Creation time: Fri Apr 10 01:37:14 2026
#  Format:
#  QueryMoleculeId/Cost/SynthesizeId/ReactantId1/ReactantId2/ReactantId3.....
#  Id prefix:
#  Q --- Query Molecule
#  M --- Material
#  R --- Reactant
#
Directory      result/synthesize_PfHDAC1/198/DATABASE/
#
Q000000001/3.869837/0000/R000000001
M000000005/1.000000/0000/Sigma_BB-118263208
R000000004/1.111111/0165/M000000005
R000000006/1.000000/0000/Guesstimate
R000000004/2.222222/0174/M000000005/R000000006
R000000003/1.234568/0285/R000000004
M000000007/1.000000/0000/Sigma_BB-28775938
R000000002/2.482853/0175/R000000003/M000000007
M000000010/1.000000/0000/Sigma_BB-28457967
R000000009/1.111111/0086/M000000010
R000000011/1.000000/0000/Guesstimate
R000000012/1.000000/0000/Guesstimate
R000000009/2.222222/0004/R000000011/R000000012
R000000008/2.606310/0175/R000000003/R000000009
R000000008/2.606310/0290/R000000003/R000000009
R000000013/1.000000/0000/Guesstimate
R000000002/4.007011/0212/R000000008/R000000013
R000000001/3.869837/0004/R000000002/R000000011
R000000016/2.482853/0112/R000000003/M000000007
R000000015/2.758726/0147/R000000016
M000000018/1.000000/0000/Sigma_BB-28758528
R000000017/2.482853/0003/R000000003/M000000018
R000000015/2.758726/0147/R000000017
R000000019/1.000000/0000/Guesstimate
R000000014/4.176363/0175/R000000015/R000000019
R000000014/4.176363/0290/R000000015/R000000019
R000000001/4.640403/0024/R000000014
Q000000002/3.869837/0000/R000000001
Q000000003/2.482853/0000/R000000020
M000000023/1.000000/0000/Sigma_BB-29509005
R000000022/1.111111/0074/M000000023
R000000024/1.111111/0287/M000000023
R000000022/2.345679/0112/R000000024/R000000006
R000000021/1.234568/0040/R000000022
R000000026/1.111111/0114/M000000023
R000000025/2.345679/0004/R000000026/R000000011
R000000028/1.000000/0000/Guesstimate
R000000027/2.222222/0175/M000000023/R000000028
R000000027/2.222222/0290/M000000023/R000000028
R000000025/2.469136/0040/R000000027
R000000021/2.606310/0073/R000000025
R000000029/1.000000/0000/Guesstimate
R000000020/2.482853/0003/R000000021/R000000029
M000000033/1.000000/0000/Sigma_BB-27113924
M000000034/1.000000/0000/Sigma_BB-28830366
R000000032/2.222222/0004/M000000033/M000000034
R000000031/2.469136/0197/R000000032
M000000035/1.000000/0000/Sigma_BB-28798980
R000000030/3.854596/0112/R000000031/M000000035
R000000036/2.743484/0125/R000000031
R000000036/3.854596/0112/R000000031/R000000006
R000000039/1.000000/0000/Guesstimate
R000000040/1.000000/0000/Guesstimate
R000000038/2.222222/0003/R000000039/R000000040
M000000041/1.000000/0000/Sigma_BB-28775620
R000000042/1.000000/0000/Guesstimate
R000000038/2.222222/0049/M000000041/R000000042
R000000037/2.469136/0147/R000000038
R000000044/1.000000/0000/Guesstimate
R000000045/1.000000/0000/Guesstimate
R000000043/2.222222/0003/R000000044/R000000045
R000000046/1.000000/0000/Guesstimate
R000000043/2.222222/0112/R000000046/R000000040
R000000037/2.469136/0147/R000000043
R000000030/5.791801/0138/R000000036/R000000037
R000000020/4.282884/0028/R000000030
<NEXT>