#
#  Reaction log file
#  Author: LigBuilder V3 User_Diana
#  Creation time: Fri Apr 10 01:36:50 2026
#  Format:
#  QueryMoleculeId/Cost/SynthesizeId/ReactantId1/ReactantId2/ReactantId3.....
#  Id prefix:
#  Q --- Query Molecule
#  M --- Material
#  R --- Reactant
#
Directory      result/synthesize_PfHDAC1/177/DATABASE/
#
Q000000001/4.420059/0000/R000000001
M000000004/1.000000/0000/Sigma_BB-28805814
R000000003/1.111111/0086/M000000004
R000000006/1.000000/0000/Guesstimate
R000000005/1.111111/0118/R000000006
R000000007/1.000000/0000/Guesstimate
R000000005/2.222222/0112/R000000007/R000000006
R000000003/1.234568/0059/R000000005
R000000010/1.000000/0000/Guesstimate
R000000011/1.000000/0000/Guesstimate
R000000009/2.222222/0112/R000000010/R000000011
R000000008/2.469136/0147/R000000009
R000000002/3.978053/0112/R000000003/R000000008
R000000013/1.000000/0000/Guesstimate
R000000012/3.854596/0112/R000000013/R000000008
R000000014/3.580247/0112/R000000013/R000000009
R000000012/3.978053/0147/R000000014
R000000002/4.282884/0198/R000000012
R000000001/4.420059/0147/R000000002
R000000017/2.345679/0112/R000000003/R000000010
R000000016/2.606310/0147/R000000017
R000000021/1.000000/0000/Guesstimate
R000000022/1.000000/0000/Guesstimate
R000000020/2.222222/0277/R000000021/R000000022
R000000023/1.000000/0000/Guesstimate
R000000020/2.222222/0301/R000000023/R000000022
R000000019/2.469136/0059/R000000020
R000000025/1.000000/0000/Guesstimate
R000000024/2.222222/0112/R000000025/R000000010
R000000026/1.000000/0000/Guesstimate
R000000024/2.345679/0112/R000000003/R000000026
R000000019/2.469136/0147/R000000024
R000000027/1.000000/0000/Guesstimate
R000000018/3.854596/0112/R000000019/R000000027
R000000016/4.282884/0197/R000000018
R000000015/4.007011/0112/R000000016/R000000011
R000000029/2.222222/0112/R000000027/R000000011
R000000028/2.469136/0197/R000000029
R000000015/5.486969/0112/R000000019/R000000028
R000000001/4.452235/0147/R000000015
Q000000002/4.420059/0000/R000000001
Q000000003/4.420059/0000/R000000001
<NEXT>