#
#  Reaction log file
#  Author: LigBuilder V3 User_Diana
#  Creation time: Fri Apr 10 01:32:48 2026
#  Format:
#  QueryMoleculeId/Cost/SynthesizeId/ReactantId1/ReactantId2/ReactantId3.....
#  Id prefix:
#  Q --- Query Molecule
#  M --- Material
#  R --- Reactant
#
Directory      result/synthesize_PfHDAC1/9/DATABASE/
#
Q000000001/4.130468/0000/R000000001
M000000004/1.000000/0000/Sigma_BB-29509005
M000000006/1.000000/0000/Sigma_BB-28769413
R000000005/1.111111/0086/M000000006
R000000005/1.111111/0091/M000000006
R000000003/2.345679/0175/M000000004/R000000005
M000000008/1.000000/0000/Sigma_BB-28798980
R000000007/2.222222/0175/M000000004/M000000008
R000000007/2.222222/0290/M000000004/M000000008
R000000003/2.469136/0156/R000000007
R000000009/1.000000/0000/Guesstimate
R000000002/3.717421/0170/R000000003/R000000009
R000000011/1.000000/0000/Guesstimate
R000000010/3.580247/0170/R000000007/R000000011
R000000012/2.222222/0170/M000000008/R000000011
R000000013/1.000000/0000/Guesstimate
R000000014/1.000000/0000/Guesstimate
R000000012/2.222222/0301/R000000013/R000000014
R000000010/3.580247/0175/M000000004/R000000012
R000000015/1.000000/0000/Guesstimate
R000000002/5.089163/0003/R000000010/R000000015
R000000001/4.130468/0041/R000000002
M000000019/1.000000/0000/Sigma_BB-28945063
M000000020/1.000000/0000/Sigma_BB-28830366
R000000018/2.222222/0004/M000000019/M000000020
R000000017/2.469136/0197/R000000018
R000000017/2.469136/0197/R000000018
R000000023/1.000000/0000/Guesstimate
R000000022/2.222222/0170/M000000008/R000000023
R000000021/2.469136/0041/R000000022
R000000025/1.000000/0000/Guesstimate
R000000024/2.222222/0170/M000000006/R000000025
M000000026/1.000000/0000/Sigma_BB-28775387
R000000027/1.000000/0000/Guesstimate
R000000024/2.222222/0170/M000000026/R000000027
R000000021/2.469136/0086/R000000024
R000000016/5.486969/0175/R000000017/R000000021
R000000029/1.000000/0000/Guesstimate
R000000028/3.854596/0175/R000000017/R000000029
R000000030/3.580247/0175/R000000018/R000000029
R000000030/3.580247/0290/R000000018/R000000029
R000000028/3.978053/0197/R000000030
R000000016/6.752020/0212/R000000028/R000000024
R000000001/6.096632/0028/R000000016
Q000000002/4.130468/0000/R000000001
Q000000003/4.130468/0000/R000000001
Q000000004/4.130468/0000/R000000001
<NEXT>