#
#  Reaction log file
#  Author: LigBuilder V3 User_Diana
#  Creation time: Fri Apr 10 01:34:40 2026
#  Format:
#  QueryMoleculeId/Cost/SynthesizeId/ReactantId1/ReactantId2/ReactantId3.....
#  Id prefix:
#  Q --- Query Molecule
#  M --- Material
#  R --- Reactant
#
Directory      result/synthesize_PfHDAC1/107/DATABASE/
#
Q000000001/Analysis Failed
Q000000002/2.469136/0000/R000000001
M000000003/1.000000/0000/Sigma_BB-29509005
R000000004/1.000000/0000/Guesstimate
R000000002/2.222222/0174/M000000003/R000000004
M000000007/1.000000/0000/Sigma_BB-28838111
R000000006/1.111111/0287/M000000007
M000000008/1.000000/0000/Sigma_BB-28945063
R000000009/1.000000/0000/Guesstimate
R000000006/2.222222/0175/M000000008/R000000009
R000000005/1.234568/0139/R000000006
M000000011/1.000000/0000/Sigma_BB-48767194
R000000010/2.222222/0175/M000000008/M000000011
R000000010/2.222222/0290/M000000008/M000000011
R000000005/2.469136/0150/R000000010
R000000002/2.482853/0112/R000000005/R000000004
R000000001/2.469136/0059/R000000002
R000000014/2.222222/0112/M000000008/R000000004
M000000015/1.000000/0000/Sigma_BB-28757047
R000000014/2.222222/0174/M000000015/R000000004
R000000013/2.469136/0059/R000000014
R000000017/1.000000/0000/Guesstimate
R000000016/2.222222/0004/M000000008/R000000017
M000000018/1.000000/0000/Sigma_BB-28766735
R000000019/1.000000/0000/Guesstimate
R000000016/2.222222/0004/M000000018/R000000019
R000000013/2.469136/0153/R000000016
R000000012/3.854596/0175/R000000013/R000000009
R000000012/3.854596/0290/R000000013/R000000009
R000000001/4.282884/0139/R000000012
Q000000003/2.469136/0000/R000000001
Q000000004/4.640403/0000/R000000020
R000000024/1.000000/0000/Guesstimate
R000000023/2.482853/0004/R000000005/R000000024
R000000022/2.758726/0197/R000000023
R000000025/1.000000/0000/Guesstimate
R000000021/4.176363/0112/R000000022/R000000025
R000000020/4.640403/0147/R000000021
R000000028/2.222222/0004/M000000008/R000000024
R000000029/1.000000/0000/Guesstimate
R000000027/3.580247/0212/R000000028/R000000029
R000000027/3.580247/0212/R000000028/R000000029
R000000026/5.089163/0175/R000000027/R000000009
R000000026/5.089163/0290/R000000027/R000000009
R000000020/5.654626/0139/R000000026
<NEXT>