#
#  Reaction log file
#  Author: LigBuilder V3 User_Diana
#  Creation time: Fri Apr 10 01:39:26 2026
#  Format:
#  QueryMoleculeId/Cost/SynthesizeId/ReactantId1/ReactantId2/ReactantId3.....
#  Id prefix:
#  Q --- Query Molecule
#  M --- Material
#  R --- Reactant
#
Directory      result/synthesize_PfHDAC1/277/DATABASE/
#
Q000000001/4.420059/0000/R000000001
M000000004/1.000000/0000/Sigma_BB-29509005
R000000003/1.111111/0074/M000000004
R000000005/1.111111/0287/M000000004
R000000006/1.000000/0000/Guesstimate
R000000003/2.345679/0112/R000000005/R000000006
R000000002/1.234568/0040/R000000003
R000000008/1.111111/0114/M000000004
R000000009/1.000000/0000/Guesstimate
R000000007/2.345679/0004/R000000008/R000000009
R000000011/1.000000/0000/Guesstimate
R000000010/2.222222/0175/M000000004/R000000011
R000000010/2.222222/0290/M000000004/R000000011
R000000007/2.469136/0040/R000000010
R000000002/2.606310/0073/R000000007
R000000015/1.000000/0000/Guesstimate
R000000016/1.000000/0000/Guesstimate
R000000014/2.222222/0277/R000000015/R000000016
R000000017/1.000000/0000/Guesstimate
R000000014/2.222222/0301/R000000017/R000000016
R000000013/2.469136/0041/R000000014
R000000019/1.000000/0000/Guesstimate
R000000020/1.000000/0000/Guesstimate
R000000018/2.222222/0112/R000000019/R000000020
R000000013/2.469136/0147/R000000018
R000000012/2.743484/0039/R000000013
R000000021/2.469136/0039/R000000014
R000000023/1.000000/0000/Guesstimate
R000000024/1.000000/0000/Guesstimate
R000000022/2.222222/0003/R000000023/R000000024
M000000025/1.000000/0000/Sigma_BB-28775620
R000000026/1.000000/0000/Guesstimate
R000000022/2.222222/0049/M000000025/R000000026
R000000021/3.580247/0049/R000000022/R000000023
R000000012/2.743484/0041/R000000021
R000000001/4.420059/0003/R000000002/R000000012
M000000030/1.000000/0000/Sigma_BB-27113924
M000000031/1.000000/0000/Sigma_BB-28830366
R000000029/2.222222/0004/M000000030/M000000031
R000000028/2.469136/0197/R000000029
R000000034/1.000000/0000/Guesstimate
R000000033/3.854596/0277/R000000013/R000000034
R000000035/1.000000/0000/Guesstimate
R000000033/3.854596/0301/R000000013/R000000035
R000000032/4.282884/0039/R000000033
R000000036/3.854596/0277/R000000021/R000000034
R000000036/3.854596/0301/R000000021/R000000035
R000000032/4.282884/0041/R000000036
R000000027/7.502244/0112/R000000028/R000000032
R000000037/3.854596/0112/R000000028/R000000006
R000000039/1.000000/0000/Guesstimate
R000000038/3.854596/0004/R000000028/R000000039
R000000037/4.282884/0009/R000000038
R000000042/1.000000/0000/Guesstimate
R000000041/3.854596/0301/R000000013/R000000042
R000000041/3.854596/0301/R000000013/R000000042
R000000040/4.282884/0039/R000000041
R000000043/3.854596/0301/R000000021/R000000042
R000000043/3.854596/0301/R000000021/R000000042
R000000040/4.282884/0041/R000000043
R000000027/9.041644/0138/R000000037/R000000040
R000000001/8.335828/0028/R000000027
Q000000002/4.115227/0000/R000000044
R000000047/1.000000/0000/Guesstimate
R000000046/2.222222/0003/R000000023/R000000047
M000000049/1.000000/0000/Sigma_BB-28775200
R000000048/1.111111/0009/M000000049
M000000050/1.000000/0000/Sigma_BB-28673443
R000000048/1.111111/0082/M000000050
R000000046/2.345679/0049/M000000025/R000000048
R000000045/2.469136/0147/R000000046
R000000052/1.000000/0000/Guesstimate
M000000053/1.000000/0000/Sigma_BB-28508137
R000000051/2.222222/0003/R000000052/M000000053
R000000054/1.000000/0000/Guesstimate
M000000056/1.000000/0000/Sigma_BB-28779434
R000000055/1.111111/0085/M000000056
R000000055/2.222222/0004/R000000047/R000000023
R000000051/2.345679/0049/R000000054/R000000055
R000000045/2.469136/0147/R000000051
R000000044/4.115227/0003/R000000002/R000000045
R000000058/3.854596/0004/R000000028/R000000023
R000000059/3.854596/0004/R000000028/R000000009
R000000060/1.000000/0000/Guesstimate
R000000061/1.000000/0000/Guesstimate
R000000059/4.965707/0225/R000000028/R000000060/R000000061
R000000058/4.282884/0085/R000000059
M000000063/1.000000/0000/Sigma_BB-28109834
R000000062/1.111111/0009/M000000063
M000000065/1.000000/0000/Sigma_BB-70762447
R000000064/1.111111/0155/M000000065
M000000066/1.000000/0000/Sigma_BB-28855678
R000000064/1.111111/0197/M000000066
R000000067/1.000000/0000/Guesstimate
R000000062/2.345679/0003/R000000064/R000000067
R000000057/5.517452/0049/R000000058/R000000062
R000000068/4.282884/0040/R000000037
R000000068/4.282884/0216/R000000059
R000000057/7.502244/0003/R000000068/R000000045
R000000044/6.130503/0028/R000000057
Q000000003/4.115227/0000/R000000044
Q000000004/Analysis Failed
<NEXT>