#
#  Reaction log file
#  Author: LigBuilder V3 User_Diana
#  Creation time: Fri Apr 10 01:34:56 2026
#  Format:
#  QueryMoleculeId/Cost/SynthesizeId/ReactantId1/ReactantId2/ReactantId3.....
#  Id prefix:
#  Q --- Query Molecule
#  M --- Material
#  R --- Reactant
#
Directory      result/synthesize_PfHDAC1/134/DATABASE/
#
Q000000001/Analysis Failed
Q000000002/4.282884/0000/R000000001
M000000005/1.000000/0000/Sigma_BB-29128081
R000000006/1.000000/0000/Guesstimate
R000000004/2.222222/0001/M000000005/R000000006
R000000007/1.000000/0000/Guesstimate
R000000004/2.222222/0141/M000000005/R000000007
R000000003/2.469136/0147/R000000004
M000000009/1.000000/0000/Sigma_BB-28945063
R000000010/1.000000/0000/Guesstimate
R000000011/1.000000/0000/Guesstimate
R000000008/3.333333/0225/M000000009/R000000010/R000000011
R000000008/3.333333/0225/M000000009/R000000010/R000000011
R000000003/3.703704/0155/R000000008
R000000012/1.000000/0000/Guesstimate
R000000002/3.854596/0175/R000000003/R000000012
M000000015/1.000000/0000/Sigma_BB-27113924
R000000016/1.000000/0000/Guesstimate
R000000014/2.222222/0003/M000000015/R000000016
R000000017/1.000000/0000/Guesstimate
R000000014/2.222222/0175/M000000009/R000000017
R000000013/2.469136/0041/R000000014
R000000018/2.222222/0112/M000000015/R000000012
R000000018/2.222222/0174/M000000009/R000000012
R000000013/2.469136/0147/R000000018
R000000019/1.000000/0000/Guesstimate
R000000002/4.965707/0225/R000000013/R000000010/R000000019
R000000001/4.282884/0139/R000000002
M000000023/1.000000/0000/Sigma_BB-28830366
R000000022/2.222222/0004/M000000015/M000000023
R000000021/2.469136/0197/R000000022
R000000020/4.965707/0225/R000000021/R000000010/R000000019
R000000020/4.965707/0225/R000000021/R000000010/R000000019
R000000001/5.517452/0028/R000000020
Q000000003/4.282884/0000/R000000001
Q000000004/4.130468/0000/R000000024
M000000028/1.000000/0000/Sigma_BB-29509005
R000000027/1.111111/0287/M000000028
R000000027/2.743484/0139/R000000013
M000000029/1.000000/0000/Sigma_BB-70700816
R000000026/2.345679/0004/R000000027/M000000029
R000000031/1.000000/0000/Guesstimate
R000000030/2.222222/0175/M000000028/R000000031
R000000032/1.000000/0000/Guesstimate
R000000030/2.345679/0004/R000000027/R000000032
R000000033/1.000000/0000/Guesstimate
R000000026/3.580247/0004/R000000030/R000000033
R000000034/1.000000/0000/Guesstimate
R000000025/3.717421/0169/R000000026/R000000034
M000000036/1.000000/0000/Sigma_BB-27492620
R000000035/2.345679/0004/R000000027/M000000036
R000000037/1.000000/0000/Guesstimate
R000000035/3.580247/0004/R000000030/R000000037
M000000038/1.000000/0000/Sigma_BB-28776399
R000000025/3.717421/0212/R000000035/M000000038
R000000024/4.130468/0024/R000000025
R000000041/1.000000/0000/Guesstimate
R000000042/1.000000/0000/Guesstimate
R000000040/3.456790/0225/R000000027/R000000041/R000000042
R000000045/1.000000/0000/Guesstimate
R000000044/3.854596/0004/R000000013/R000000045
R000000046/1.000000/0000/Guesstimate
R000000044/4.965707/0225/R000000013/R000000046/R000000042
R000000043/4.282884/0139/R000000044
R000000043/4.282884/0295/R000000044
R000000040/5.869872/0169/R000000043/R000000041
R000000039/3.840878/0147/R000000040
R000000048/3.333333/0225/M000000009/R000000034/R000000042
R000000048/3.333333/0225/M000000009/R000000034/R000000042
R000000047/4.814815/0175/R000000048/R000000012
R000000047/5.393995/0169/R000000044/R000000034
R000000039/5.349795/0139/R000000047
R000000024/5.378754/0004/R000000039/R000000032
<NEXT>