#
#  Reaction log file
#  Author: LigBuilder V3 User_Diana
#  Creation time: Fri Apr 10 01:37:22 2026
#  Format:
#  QueryMoleculeId/Cost/SynthesizeId/ReactantId1/ReactantId2/ReactantId3.....
#  Id prefix:
#  Q --- Query Molecule
#  M --- Material
#  R --- Reactant
#
Directory      result/synthesize_PfHDAC1/197/DATABASE/
#
Q000000001/4.282884/0000/R000000001
M000000003/1.000000/0000/Sigma_BB-298198355
R000000006/1.000000/0000/Guesstimate
R000000007/1.000000/0000/Guesstimate
R000000005/2.222222/0285/R000000006/R000000007
R000000004/2.469136/0119/R000000005
R000000009/1.000000/0000/Guesstimate
R000000008/2.222222/0285/R000000009/R000000007
R000000008/2.469136/0091/R000000005
R000000004/2.469136/0276/R000000008
R000000002/3.854596/0231/M000000003/R000000004
R000000001/4.282884/0082/R000000002
M000000011/1.000000/0000/Sigma_BB-28837649
R000000010/1.111111/0091/M000000011
M000000013/1.000000/0000/Sigma_BB-70726311
R000000014/1.000000/0000/Guesstimate
R000000012/2.222222/0112/M000000013/R000000014
M000000015/1.000000/0000/Sigma_BB-332643166
R000000012/2.222222/0174/M000000015/R000000014
R000000010/2.469136/0197/R000000012
R000000019/1.000000/0000/Guesstimate
R000000020/1.000000/0000/Guesstimate
R000000018/2.222222/0279/R000000019/R000000020
R000000018/2.222222/0279/R000000019/R000000020
R000000017/2.469136/0024/R000000018
R000000022/1.000000/0000/Guesstimate
R000000021/2.222222/0279/R000000022/R000000020
R000000021/2.222222/0279/R000000022/R000000020
R000000017/2.469136/0040/R000000021
R000000016/2.743484/0119/R000000017
R000000024/2.743484/0082/R000000004
R000000023/3.048316/0040/R000000024
R000000016/3.387018/0197/R000000023
R000000001/4.282884/0112/R000000010/R000000016
Q000000002/4.282884/0000/R000000001
Q000000003/2.606310/0000/R000000025
M000000028/1.000000/0000/Sigma_BB-28838111
R000000027/1.111111/0074/M000000028
M000000030/1.000000/0000/Sigma_BB-28200223
R000000031/1.000000/0000/Guesstimate
R000000029/2.222222/0175/M000000030/R000000031
R000000029/2.222222/0290/M000000030/R000000031
R000000027/2.469136/0041/R000000029
R000000032/1.000000/0000/Guesstimate
R000000026/2.345679/0224/R000000027/R000000032
M000000035/1.000000/0000/Sigma_BB-27356325
R000000036/1.000000/0000/Guesstimate
R000000034/2.222222/0119/M000000035/R000000036
R000000037/1.000000/0000/Guesstimate
R000000034/2.222222/0224/M000000030/R000000037
R000000033/2.469136/0153/R000000034
R000000038/2.222222/0119/M000000035/R000000014
R000000039/1.000000/0000/Guesstimate
R000000038/2.222222/0224/M000000030/R000000039
R000000033/2.469136/0154/R000000038
R000000040/1.000000/0000/Guesstimate
R000000026/3.854596/0175/R000000033/R000000040
R000000025/2.606310/0139/R000000026
M000000044/1.000000/0000/Sigma_BB-27928986
R000000043/1.111111/0074/M000000044
R000000043/2.469136/0059/R000000029
R000000042/1.234568/0058/R000000043
R000000045/1.111111/0058/M000000044
M000000046/1.000000/0000/Sigma_BB-28757047
M000000047/1.000000/0000/Sigma_BB-48767194
R000000045/2.222222/0175/M000000046/M000000047
R000000042/1.234568/0074/R000000045
R000000041/2.482853/0224/R000000042/R000000032
R000000041/3.854596/0175/R000000033/M000000047
R000000025/2.758726/0150/R000000041
Q000000004/2.606310/0000/R000000025
<NEXT>