#
#  Reaction log file
#  Author: LigBuilder V3 User_Diana
#  Creation time: Fri Apr 10 01:40:08 2026
#  Format:
#  QueryMoleculeId/Cost/SynthesizeId/ReactantId1/ReactantId2/ReactantId3.....
#  Id prefix:
#  Q --- Query Molecule
#  M --- Material
#  R --- Reactant
#
Directory      result/synthesize_PfHDAC1/291/DATABASE/
#
Q000000001/4.007011/0000/R000000001
M000000005/1.000000/0000/Sigma_BB-28838111
R000000004/1.111111/0053/M000000005
M000000006/1.000000/0000/Sigma_BB-28774271
R000000007/1.000000/0000/Guesstimate
R000000004/2.222222/0175/M000000006/R000000007
R000000008/1.000000/0000/Guesstimate
R000000003/2.345679/0275/R000000004/R000000008
R000000009/2.222222/0275/M000000006/R000000008
R000000003/3.580247/0175/R000000009/R000000007
R000000002/2.606310/0139/R000000003
M000000012/1.000000/0000/Sigma_BB-29509312
R000000011/1.111111/0053/M000000012
M000000013/1.000000/0000/Sigma_BB-30437132
R000000011/1.111111/0153/M000000013
R000000010/2.345679/0275/R000000011/R000000008
R000000015/1.000000/0000/Guesstimate
R000000014/2.345679/0275/R000000011/R000000015
R000000016/1.000000/0000/Guesstimate
R000000010/3.717421/0279/R000000014/R000000016
R000000017/1.000000/0000/Guesstimate
R000000002/3.717421/0231/R000000010/R000000017
R000000018/1.000000/0000/Guesstimate
R000000001/4.007011/0003/R000000002/R000000018
M000000021/1.000000/0000/Sigma_BB-29509005
R000000020/1.111111/0053/M000000021
R000000022/1.111111/0074/M000000021
R000000022/1.111111/0167/M000000021
R000000020/1.234568/0017/R000000022
M000000025/1.000000/0000/Sigma_BB-28764950
R000000024/1.111111/0087/M000000025
R000000026/2.222222/0001/R000000018/R000000018
R000000027/1.000000/0000/Guesstimate
R000000026/2.222222/0003/R000000018/R000000027
R000000023/3.703704/0212/R000000024/R000000026
R000000023/3.703704/0212/R000000024/R000000026
R000000019/5.349795/0275/R000000020/R000000023
R000000001/5.944217/0028/R000000019
Q000000002/4.007011/0000/R000000001
Q000000003/4.007011/0000/R000000001
<NEXT>