#
#  Reaction log file
#  Author: LigBuilder V3 User_Diana
#  Creation time: Fri Apr 10 01:38:53 2026
#  Format:
#  QueryMoleculeId/Cost/SynthesizeId/ReactantId1/ReactantId2/ReactantId3.....
#  Id prefix:
#  Q --- Query Molecule
#  M --- Material
#  R --- Reactant
#
Directory      result/synthesize_PfHDAC1/267/DATABASE/
#
Q000000001/6.096632/0000/R000000001
M000000005/1.000000/0000/Sigma_BB-29509005
R000000006/1.000000/0000/Guesstimate
R000000004/2.222222/0274/M000000005/R000000006
R000000003/2.469136/0059/R000000004
M000000008/1.000000/0000/Sigma_BB-28838111
R000000009/1.000000/0000/Guesstimate
R000000007/2.222222/0274/M000000008/R000000009
R000000003/2.469136/0139/R000000007
M000000012/1.000000/0000/Sigma_BB-28764950
R000000013/1.000000/0000/Guesstimate
R000000011/2.222222/0212/M000000012/R000000013
R000000011/2.222222/0212/M000000012/R000000013
R000000010/2.469136/0087/R000000011
R000000015/1.111111/0085/M000000012
R000000014/2.345679/0212/R000000015/R000000013
R000000014/2.345679/0212/R000000015/R000000013
R000000010/2.606310/0086/R000000014
R000000002/5.486969/0175/R000000003/R000000010
R000000017/2.743484/0287/R000000003
R000000018/1.000000/0000/Guesstimate
R000000016/4.159427/0004/R000000017/R000000018
R000000020/1.000000/0000/Guesstimate
R000000019/3.854596/0175/R000000003/R000000020
R000000019/3.854596/0290/R000000003/R000000020
R000000016/4.282884/0024/R000000019
R000000002/7.227896/0212/R000000016/R000000014
R000000001/6.096632/0028/R000000002
R000000022/2.345679/0212/R000000015/R000000013
R000000022/2.345679/0212/R000000015/R000000013
R000000021/7.227896/0212/R000000016/R000000022
R000000021/7.227896/0212/R000000016/R000000022
R000000001/8.030995/0028/R000000021
Q000000002/5.944217/0000/R000000023
R000000026/1.111111/0114/M000000005
R000000027/1.111111/0114/M000000008
R000000026/1.234568/0139/R000000027
R000000025/2.345679/0004/R000000026/R000000018
R000000030/1.111111/0287/M000000005
R000000031/1.111111/0287/M000000008
M000000032/1.000000/0000/Sigma_BB-28945063
R000000033/1.000000/0000/Guesstimate
R000000031/2.222222/0175/M000000032/R000000033
R000000030/1.234568/0139/R000000031
R000000029/2.345679/0004/R000000030/R000000018
R000000034/2.222222/0175/M000000005/R000000020
R000000034/2.222222/0290/M000000005/R000000020
R000000029/2.469136/0024/R000000034
M000000035/1.000000/0000/Sigma_BB-28524129
R000000028/3.717421/0212/R000000029/M000000035
R000000028/3.717421/0212/R000000029/M000000035
R000000025/4.130468/0024/R000000028
R000000038/1.000000/0000/Guesstimate
R000000039/1.000000/0000/Guesstimate
R000000037/2.222222/0279/R000000038/R000000039
R000000037/2.222222/0279/R000000038/R000000039
R000000036/2.469136/0119/R000000037
R000000041/1.000000/0000/Guesstimate
R000000040/2.222222/0279/R000000041/R000000039
R000000040/2.469136/0091/R000000037
R000000036/2.469136/0276/R000000040
R000000024/5.349795/0003/R000000025/R000000036
R000000042/3.854596/0004/R000000018/R000000036
R000000043/3.580247/0004/R000000018/R000000037
R000000044/1.000000/0000/Guesstimate
R000000045/1.000000/0000/Guesstimate
R000000043/4.691358/0225/R000000044/R000000037/R000000045
R000000042/3.978053/0119/R000000043
R000000024/5.517452/0003/R000000026/R000000042
R000000023/5.944217/0099/R000000024
R000000048/5.393995/0212/M000000035/R000000042
R000000048/5.393995/0212/M000000035/R000000042
R000000047/5.993328/0024/R000000048
R000000050/1.000000/0000/Guesstimate
R000000049/5.393995/0212/R000000050/R000000042
R000000049/5.393995/0212/R000000050/R000000042
R000000047/5.993328/0040/R000000049
R000000046/7.893822/0003/R000000030/R000000047
R000000051/1.111111/0074/M000000005
R000000053/1.000000/0000/Guesstimate
R000000052/2.345679/0004/R000000030/R000000053
R000000051/2.606310/0009/R000000052
R000000056/1.000000/0000/Guesstimate
R000000055/5.393995/0212/R000000056/R000000042
R000000055/6.659254/0197/R000000047
R000000054/7.104439/0004/R000000055/R000000056
R000000058/1.000000/0000/Guesstimate
R000000057/7.104439/0277/R000000055/R000000058
R000000059/1.000000/0000/Guesstimate
R000000057/7.104439/0301/R000000055/R000000059
R000000054/7.893822/0024/R000000057
R000000046/9.128389/0049/R000000051/R000000054
R000000023/8.770913/0099/R000000046
Q000000003/5.944217/0000/R000000023
<NEXT>