#
#  Reaction log file
#  Author: LigBuilder V3 User_Diana
#  Creation time: Fri Apr 10 01:34:24 2026
#  Format:
#  QueryMoleculeId/Cost/SynthesizeId/ReactantId1/ReactantId2/ReactantId3.....
#  Id prefix:
#  Q --- Query Molecule
#  M --- Material
#  R --- Reactant
#
Directory      result/synthesize_PfHDAC1/98/DATABASE/
#
Q000000001/4.130468/0000/R000000001
M000000004/1.000000/0000/Sigma_BB-29509005
M000000006/1.000000/0000/Sigma_BB-29675653
R000000005/1.111111/0222/M000000006
R000000003/2.345679/0231/M000000004/R000000005
R000000007/2.222222/0231/M000000004/M000000006
R000000003/2.469136/0222/R000000007
R000000008/1.000000/0000/Guesstimate
R000000002/3.717421/0175/R000000003/R000000008
M000000011/1.000000/0000/Sigma_BB-29509312
R000000012/1.000000/0000/Guesstimate
R000000010/2.222222/0175/M000000011/R000000012
R000000010/2.222222/0290/M000000011/R000000012
R000000009/2.469136/0041/R000000010
R000000013/2.222222/0174/M000000011/R000000008
R000000013/2.222222/0289/M000000011/R000000008
R000000009/2.469136/0147/R000000013
M000000016/1.000000/0000/Sigma_BB-28800553
R000000015/2.222222/0175/R000000008/M000000016
R000000015/2.222222/0290/R000000008/M000000016
R000000014/2.469136/0139/R000000015
M000000018/1.000000/0000/Sigma_BB-48767194
R000000017/2.222222/0175/M000000018/M000000016
R000000017/2.222222/0290/M000000018/M000000016
R000000014/2.469136/0150/R000000017
R000000002/5.486969/0231/R000000009/R000000014
R000000001/4.130468/0139/R000000002
R000000019/3.717421/0175/R000000003/M000000018
R000000022/1.000000/0000/Guesstimate
R000000021/2.222222/0175/M000000011/R000000022
R000000021/2.469136/0059/R000000010
R000000020/2.469136/0058/R000000021
R000000023/2.222222/0174/M000000011/M000000018
R000000023/2.222222/0289/M000000011/M000000018
R000000020/2.469136/0147/R000000023
R000000019/5.486969/0231/R000000020/R000000014
R000000001/4.130468/0150/R000000019
Q000000002/4.130468/0000/R000000001
Q000000003/5.080527/0000/R000000024
R000000029/1.000000/0000/Guesstimate
M000000030/1.000000/0000/Sigma_BB-28762337
R000000028/2.222222/0012/R000000029/M000000030
R000000028/2.222222/0285/R000000029/M000000030
R000000027/2.469136/0285/R000000028
R000000026/2.743484/0197/R000000027
R000000031/9.500000/0000/Guesstimate
R000000026/9.500000/0082/R000000031
M000000035/1.000000/0000/Sigma_BB-244919174
R000000034/1.111111/0299/M000000035
M000000037/1.000000/0000/Sigma_BB-29602945
R000000036/1.111111/0299/M000000037
R000000038/1.000000/0000/Guesstimate
M000000039/1.000000/0000/Sigma_BB-28783824
R000000036/2.222222/0018/R000000038/M000000039
R000000034/1.234568/0155/R000000036
R000000033/1.234568/0074/R000000034
R000000040/1.234568/0287/R000000034
R000000041/1.000000/0000/Guesstimate
R000000033/2.482853/0112/R000000040/R000000041
R000000032/1.371742/0017/R000000033
M000000044/1.000000/0000/Sigma_BB-248786018
R000000043/1.111111/0299/M000000044
M000000046/1.000000/0000/Sigma_BB-29607840
R000000045/1.111111/0299/M000000046
M000000047/1.000000/0000/Sigma_BB-28448691
R000000045/2.222222/0018/R000000038/M000000047
R000000043/1.234568/0155/R000000045
R000000042/1.234568/0074/R000000043
R000000048/1.234568/0287/R000000043
R000000042/2.482853/0112/R000000048/R000000041
R000000032/1.371742/0017/R000000042
R000000025/4.572474/0301/R000000026/R000000032
R000000025/4.572474/0301/R000000026/R000000032
R000000024/5.080527/0041/R000000025
R000000052/1.000000/0000/Guesstimate
M000000053/1.000000/0000/Sigma_BB-28247348
R000000051/2.222222/0003/R000000052/M000000053
R000000050/2.469136/0004/R000000051
R000000055/1.000000/0000/Guesstimate
R000000054/2.635269/0004/R000000032/R000000055
R000000057/1.000000/0000/Guesstimate
R000000056/2.635269/0003/R000000032/R000000057
R000000058/1.000000/0000/Guesstimate
R000000056/2.635269/0277/R000000032/R000000058
R000000054/2.928077/0040/R000000056
R000000049/5.671562/0212/R000000050/R000000054
R000000049/5.671562/0212/R000000050/R000000054
R000000024/6.301735/0099/R000000049
<NEXT>