#
#  Reaction log file
#  Author: LigBuilder V3 User_Diana
#  Creation time: Fri Apr 10 01:38:15 2026
#  Format:
#  QueryMoleculeId/Cost/SynthesizeId/ReactantId1/ReactantId2/ReactantId3.....
#  Id prefix:
#  Q --- Query Molecule
#  M --- Material
#  R --- Reactant
#
Directory      result/synthesize_PfHDAC1/221/DATABASE/
#
Q000000001/4.115227/0000/R000000001
M000000004/1.000000/0000/Sigma_BB-29509005
R000000003/1.111111/0074/M000000004
R000000005/1.111111/0287/M000000004
R000000006/1.000000/0000/Guesstimate
R000000003/2.345679/0112/R000000005/R000000006
R000000002/1.234568/0040/R000000003
R000000008/1.111111/0114/M000000004
R000000009/1.000000/0000/Guesstimate
R000000007/2.345679/0004/R000000008/R000000009
R000000011/1.000000/0000/Guesstimate
R000000010/2.222222/0175/M000000004/R000000011
R000000010/2.222222/0290/M000000004/R000000011
R000000007/2.469136/0040/R000000010
R000000002/2.606310/0073/R000000007
R000000014/1.000000/0000/Guesstimate
R000000015/1.000000/0000/Guesstimate
R000000013/2.222222/0112/R000000014/R000000015
R000000017/1.000000/0000/Guesstimate
R000000016/2.222222/0112/R000000017/R000000015
R000000013/2.469136/0155/R000000016
R000000012/2.469136/0147/R000000013
R000000020/1.000000/0000/Guesstimate
R000000019/2.222222/0003/R000000020/R000000015
R000000018/2.469136/0041/R000000019
R000000018/2.469136/0147/R000000016
R000000012/2.743484/0155/R000000018
R000000001/4.115227/0003/R000000002/R000000012
M000000025/1.000000/0000/Sigma_BB-27113924
M000000026/1.000000/0000/Sigma_BB-28830366
R000000024/2.222222/0004/M000000025/M000000026
R000000023/2.469136/0197/R000000024
R000000022/2.743484/0125/R000000023
R000000022/3.854596/0112/R000000023/R000000006
R000000029/1.000000/0000/Guesstimate
R000000028/2.222222/0003/R000000029/R000000015
R000000027/2.469136/0147/R000000028
R000000031/1.000000/0000/Guesstimate
R000000030/3.580247/0301/R000000013/R000000031
R000000030/3.580247/0301/R000000013/R000000031
R000000027/3.978053/0147/R000000030
R000000021/5.791801/0138/R000000022/R000000027
R000000033/3.854596/0004/R000000012/R000000009
R000000034/1.000000/0000/Guesstimate
R000000035/1.000000/0000/Guesstimate
R000000033/4.965707/0225/R000000012/R000000034/R000000035
R000000032/4.282884/0086/R000000033
R000000032/4.282884/0091/R000000033
R000000021/7.502244/0112/R000000023/R000000032
R000000001/6.435335/0028/R000000021
Q000000002/4.267642/0000/R000000036
R000000040/1.000000/0000/Guesstimate
R000000039/1.111111/0228/R000000040
R000000039/1.111111/0286/R000000040
R000000041/1.000000/0000/Guesstimate
R000000038/2.345679/0276/R000000039/R000000041
R000000042/2.222222/0276/R000000040/R000000041
R000000042/2.222222/0278/R000000040/R000000041
R000000038/2.469136/0228/R000000042
R000000037/2.606310/0276/R000000038
R000000043/2.469136/0276/R000000042
R000000044/2.222222/0276/R000000040/R000000041
R000000044/2.222222/0278/R000000040/R000000041
R000000043/2.469136/0276/R000000044
R000000037/2.743484/0228/R000000043
R000000036/4.267642/0003/R000000002/R000000037
R000000046/3.048316/0040/R000000022
R000000047/3.854596/0004/R000000023/R000000009
R000000047/4.965707/0225/R000000023/R000000034/R000000035
R000000046/4.282884/0216/R000000047
R000000045/6.282918/0003/R000000046/R000000037
R000000049/1.000000/0000/Guesstimate
R000000048/3.854596/0004/R000000023/R000000049
R000000048/4.282884/0085/R000000047
R000000050/4.007011/0112/R000000037/R000000006
R000000052/1.000000/0000/Guesstimate
R000000051/4.007011/0122/R000000037/R000000052
R000000050/4.452235/0082/R000000051
R000000045/8.735119/0049/R000000048/R000000050
R000000036/6.981020/0028/R000000045
Q000000003/8.544904/0000/R000000053
R000000057/1.000000/0000/Guesstimate
R000000056/4.007011/0004/R000000037/R000000057
R000000056/4.007011/0277/R000000037/R000000057
R000000055/4.452235/0086/R000000056
R000000055/4.452235/0091/R000000056
R000000054/7.690413/0112/R000000023/R000000055
R000000058/3.387018/0091/R000000046
R000000060/1.000000/0000/Guesstimate
R000000059/3.854596/0112/R000000023/R000000060
R000000058/4.282884/0197/R000000059
R000000063/1.000000/0000/Guesstimate
R000000062/4.007011/0301/R000000037/R000000063
R000000062/4.007011/0301/R000000037/R000000063
R000000061/4.452235/0155/R000000062
R000000061/4.452235/0197/R000000056
R000000054/8.710281/0112/R000000058/R000000061
R000000053/8.544904/0028/R000000054
R000000066/1.371742/0153/R000000002
R000000068/1.000000/0000/Guesstimate
R000000067/1.111111/0040/R000000068
R000000069/1.000000/0000/Guesstimate
R000000067/2.222222/0004/R000000057/R000000069
R000000065/2.758726/0231/R000000066/R000000067
R000000070/4.452235/0040/R000000050
R000000072/1.000000/0000/Guesstimate
R000000071/4.007011/0301/R000000037/R000000072
R000000071/4.007011/0301/R000000037/R000000072
R000000070/4.452235/0073/R000000071
R000000064/8.012179/0212/R000000065/R000000070
R000000064/8.012179/0212/R000000065/R000000070
R000000053/8.902422/0082/R000000064
<NEXT>