#
#  Reaction log file
#  Author: LigBuilder V3 User_Diana
#  Creation time: Fri Apr 10 01:39:49 2026
#  Format:
#  QueryMoleculeId/Cost/SynthesizeId/ReactantId1/ReactantId2/ReactantId3.....
#  Id prefix:
#  Q --- Query Molecule
#  M --- Material
#  R --- Reactant
#
Directory      result/synthesize_PfHDAC1/287/DATABASE/
#
Q000000001/6.113567/0000/R000000001
M000000006/1.000000/0000/Sigma_BB-29509005
R000000005/1.111111/0114/M000000006
M000000008/1.000000/0000/Sigma_BB-28838111
R000000007/1.111111/0114/M000000008
M000000010/1.000000/0000/Sigma_BB-28757047
R000000009/1.111111/0114/M000000010
M000000011/1.000000/0000/Sigma_BB-28799055
R000000009/1.111111/0155/M000000011
R000000012/1.000000/0000/Guesstimate
R000000007/2.345679/0175/R000000009/R000000012
R000000005/1.234568/0139/R000000007
R000000013/1.000000/0000/Guesstimate
R000000004/2.345679/0301/R000000005/R000000013
R000000004/2.345679/0301/R000000005/R000000013
R000000003/2.606310/0090/R000000004
R000000015/1.000000/0000/Guesstimate
R000000014/2.345679/0112/R000000005/R000000015
R000000003/2.606310/0099/R000000014
R000000018/1.000000/0000/Guesstimate
R000000017/1.111111/0291/R000000018
R000000017/1.111111/0291/R000000018
R000000019/1.000000/0000/Guesstimate
R000000016/2.345679/0301/R000000017/R000000019
R000000016/2.345679/0301/R000000017/R000000019
R000000002/5.502210/0301/R000000003/R000000016
R000000002/5.502210/0301/R000000003/R000000016
R000000001/6.113567/0188/R000000002
R000000022/1.111111/0287/M000000006
R000000023/1.111111/0287/M000000008
M000000024/1.000000/0000/Sigma_BB-28945063
R000000023/2.222222/0175/M000000024/R000000012
R000000022/1.234568/0139/R000000023
R000000025/1.000000/0000/Guesstimate
R000000021/2.345679/0004/R000000022/R000000025
R000000027/1.000000/0000/Guesstimate
R000000026/2.222222/0175/M000000006/R000000027
R000000026/2.222222/0290/M000000006/R000000027
R000000021/2.469136/0024/R000000026
M000000030/1.000000/0000/Sigma_BB-29589198
R000000029/3.717421/0301/M000000030/R000000016
R000000029/3.717421/0301/M000000030/R000000016
R000000028/4.130468/0188/R000000029
R000000020/7.195720/0212/R000000021/R000000028
R000000020/7.195720/0212/R000000021/R000000028
R000000001/7.995245/0188/R000000020
Q000000002/7.468375/0000/R000000031
R000000034/1.000000/0000/Guesstimate
R000000033/2.345679/0004/R000000022/R000000034
R000000035/2.345679/0004/R000000023/R000000034
R000000033/2.606310/0139/R000000035
M000000038/1.000000/0000/Sigma_BB-28764950
R000000037/1.111111/0085/M000000038
R000000040/1.000000/0000/Guesstimate
R000000041/1.000000/0000/Guesstimate
R000000039/2.222222/0224/R000000040/R000000041
R000000036/3.703704/0212/R000000037/R000000039
R000000036/3.703704/0212/R000000037/R000000039
R000000032/6.721537/0212/R000000033/R000000036
R000000032/6.721537/0212/R000000033/R000000036
R000000031/7.468375/0028/R000000032
R000000044/3.580247/0212/M000000038/R000000039
R000000044/3.580247/0212/M000000038/R000000039
R000000043/3.978053/0085/R000000044
R000000046/1.000000/0000/Guesstimate
R000000045/5.089163/0004/R000000044/R000000046
R000000043/5.654626/0197/R000000045
R000000042/7.026369/0212/R000000033/R000000043
R000000042/7.026369/0212/R000000033/R000000043
R000000031/7.807076/0028/R000000042
Q000000003/7.468375/0000/R000000031
<NEXT>