#
#  Reaction log file
#  Author: LigBuilder V3 User_Diana
#  Creation time: Fri Apr 10 01:39:54 2026
#  Format:
#  QueryMoleculeId/Cost/SynthesizeId/ReactantId1/ReactantId2/ReactantId3.....
#  Id prefix:
#  Q --- Query Molecule
#  M --- Material
#  R --- Reactant
#
Directory      result/synthesize_PfHDAC1/300/DATABASE/
#
Q000000001/4.282884/0000/R000000001
M000000003/1.000000/0000/Sigma_BB-29509005
M000000006/1.000000/0000/Sigma_BB-28764950
R000000005/1.111111/0087/M000000006
M000000008/1.000000/0000/Sigma_BB-243545521
R000000007/1.111111/0093/M000000008
R000000009/1.000000/0000/Guesstimate
M000000010/1.000000/0000/Sigma_BB-67529264
R000000007/2.222222/0004/R000000009/M000000010
R000000004/2.469136/0212/R000000005/R000000007
R000000004/2.469136/0212/R000000005/R000000007
R000000002/3.854596/0175/M000000003/R000000004
R000000012/2.345679/0175/M000000003/R000000005
R000000012/2.345679/0290/M000000003/R000000005
R000000011/2.606310/0086/R000000012
R000000011/2.606310/0091/R000000012
M000000013/1.000000/0000/Sigma_BB-27928988
R000000002/4.007011/0175/R000000011/M000000013
R000000001/4.282884/0028/R000000002
R000000001/4.282884/0028/R000000002
Q000000002/4.420059/0000/R000000014
R000000016/1.111111/0053/M000000003
R000000017/1.111111/0074/M000000003
R000000017/1.111111/0167/M000000003
R000000016/1.234568/0017/R000000017
M000000020/1.000000/0000/Sigma_BB-28796685
R000000019/2.222222/0212/M000000006/M000000020
R000000019/2.222222/0212/M000000006/M000000020
R000000018/2.469136/0087/R000000019
R000000022/1.000000/0000/Guesstimate
R000000021/3.580247/0004/R000000022/R000000019
R000000018/3.978053/0197/R000000021
R000000015/3.978053/0275/R000000016/R000000018
R000000014/4.420059/0028/R000000015
R000000026/1.000000/0000/Guesstimate
R000000025/2.345679/0275/R000000016/R000000026
R000000024/2.606310/0147/R000000025
R000000028/1.000000/0000/Guesstimate
R000000027/2.345679/0274/R000000016/R000000028
R000000024/2.606310/0260/R000000027
R000000023/4.007011/0001/R000000024/M000000020
R000000031/1.000000/0000/Guesstimate
R000000030/2.345679/0275/R000000016/R000000031
R000000029/2.606310/0091/R000000030
R000000033/1.000000/0000/Guesstimate
R000000032/2.345679/0275/R000000016/R000000033
R000000029/2.606310/0197/R000000032
R000000023/4.007011/0003/R000000029/M000000020
R000000014/4.452235/0099/R000000023
Q000000003/7.637726/0000/R000000034
R000000038/1.000000/0000/Guesstimate
R000000037/2.345679/0212/R000000005/R000000038
R000000037/2.345679/0212/R000000005/R000000038
R000000036/3.717421/0175/M000000003/R000000037
R000000039/2.222222/0175/M000000003/R000000033
R000000039/2.222222/0290/M000000003/R000000033
R000000041/1.000000/0000/Guesstimate
R000000040/3.717421/0275/R000000037/R000000041
R000000036/6.599605/0212/R000000039/R000000040
R000000044/1.000000/0000/Guesstimate
R000000045/1.000000/0000/Guesstimate
R000000043/2.222222/0170/R000000044/R000000045
R000000046/1.000000/0000/Guesstimate
R000000047/1.000000/0000/Guesstimate
R000000043/2.222222/0170/R000000046/R000000047
R000000042/2.469136/0285/R000000043
R000000049/8.400000/0000/Guesstimate
R000000048/9.333333/0293/R000000049
R000000048/9.333333/0293/R000000049
R000000042/9.333333/0217/R000000048
R000000035/6.873953/0224/R000000036/R000000042
M000000052/1.000000/0000/Sigma_BB-29509312
R000000053/1.000000/0000/Guesstimate
R000000051/2.222222/0175/M000000052/R000000053
R000000051/2.222222/0290/M000000052/R000000053
R000000050/2.469136/0139/R000000051
M000000055/1.000000/0000/Sigma_BB-48767194
R000000054/2.222222/0175/M000000052/M000000055
R000000054/2.222222/0290/M000000052/M000000055
R000000050/2.469136/0150/R000000054
M000000058/1.000000/0000/Sigma_BB-332441958
R000000057/1.111111/0156/M000000058
M000000059/1.000000/0000/Sigma_BB-28493762
R000000057/1.111111/0193/M000000059
R000000056/3.978053/0224/R000000057/R000000042
R000000035/7.163543/0232/R000000050/R000000056
R000000034/7.637726/0028/R000000035
R000000064/1.111111/0085/M000000006
R000000064/2.345679/0275/R000000005/R000000041
R000000063/2.345679/0212/R000000064/R000000038
R000000063/2.345679/0212/R000000064/R000000038
R000000062/5.349795/0224/R000000063/R000000042
R000000062/5.349795/0224/R000000063/R000000042
R000000061/5.944217/0086/R000000062
R000000061/5.944217/0091/R000000062
R000000060/7.715796/0175/M000000003/R000000061
R000000060/8.413353/0212/R000000039/R000000062
R000000034/8.573108/0028/R000000060
Q000000004/5.654626/0000/R000000065
R000000069/1.000000/0000/Guesstimate
R000000070/1.000000/0000/Guesstimate
R000000068/2.222222/0012/R000000069/R000000070
R000000071/1.000000/0000/Guesstimate
R000000072/1.000000/0000/Guesstimate
R000000068/2.222222/0112/R000000071/R000000072
R000000073/1.000000/0000/Guesstimate
R000000067/3.580247/0159/R000000068/R000000073
R000000066/3.978053/0276/R000000067
R000000075/3.978053/0079/R000000067
R000000076/1.000000/0000/Guesstimate
R000000075/5.089163/0112/R000000067/R000000076
R000000074/4.420059/0040/R000000075
R000000078/1.000000/0000/Guesstimate
R000000077/5.089163/0276/R000000067/R000000078
R000000077/5.089163/0278/R000000067/R000000078
R000000074/5.654626/0024/R000000077
R000000066/4.911177/0280/R000000074
M000000080/1.000000/0000/Sigma_BB-28484450
R000000079/1.111111/0086/M000000080
R000000082/1.000000/0000/Guesstimate
R000000083/1.000000/0000/Guesstimate
R000000081/2.222222/0003/R000000082/R000000083
R000000084/1.000000/0000/Guesstimate
R000000085/1.000000/0000/Guesstimate
R000000081/2.222222/0049/R000000084/R000000085
R000000079/2.469136/0059/R000000081
R000000065/5.654626/0175/R000000066/R000000079
R000000089/1.000000/0000/Guesstimate
R000000090/1.000000/0000/Guesstimate
R000000088/2.222222/0301/R000000089/R000000090
R000000088/2.222222/0301/R000000089/R000000090
R000000087/3.580247/0012/R000000069/R000000088
R000000092/1.000000/0000/Guesstimate
R000000091/3.580247/0285/R000000092/R000000088
R000000087/3.978053/0079/R000000091
R000000095/1.000000/0000/Guesstimate
R000000096/1.000000/0000/Guesstimate
R000000094/2.222222/0276/R000000095/R000000096
R000000094/2.222222/0278/R000000095/R000000096
R000000093/2.469136/0112/R000000094
R000000097/2.222222/0112/R000000095/R000000096
R000000093/2.469136/0276/R000000097
R000000086/6.721537/0159/R000000087/R000000093
R000000100/1.000000/0000/Guesstimate
R000000099/2.222222/0012/R000000069/R000000100
R000000101/1.000000/0000/Guesstimate
R000000099/2.222222/0112/R000000071/R000000101
R000000098/5.212621/0159/R000000099/R000000093
R000000102/4.938272/0159/R000000099/R000000097
R000000098/5.486969/0276/R000000102
R000000086/6.902912/0277/R000000098/R000000090
R000000065/7.468375/0147/R000000086
<END>