#
#  Reaction log file
#  Author: LigBuilder V3 User_Diana
#  Creation time: Fri Apr 10 01:35:59 2026
#  Format:
#  QueryMoleculeId/Cost/SynthesizeId/ReactantId1/ReactantId2/ReactantId3.....
#  Id prefix:
#  Q --- Query Molecule
#  M --- Material
#  R --- Reactant
#
Directory      result/synthesize_PfHDAC1/169/DATABASE/
#
Q000000001/7.468375/0000/R000000001
M000000005/1.000000/0000/Sigma_BB-29509005
R000000004/1.111111/0287/M000000005
M000000006/1.000000/0000/Sigma_BB-28806948
R000000003/2.345679/0004/R000000004/M000000006
R000000008/1.000000/0000/Guesstimate
R000000007/2.222222/0175/M000000005/R000000008
R000000009/1.000000/0000/Guesstimate
R000000007/2.345679/0004/R000000004/R000000009
R000000010/1.000000/0000/Guesstimate
R000000003/3.580247/0004/R000000007/R000000010
M000000013/1.000000/0000/Sigma_BB-28764950
R000000012/1.111111/0085/M000000013
R000000015/1.000000/0000/Guesstimate
R000000014/2.222222/0004/R000000009/R000000015
R000000016/1.000000/0000/Guesstimate
R000000017/1.000000/0000/Guesstimate
R000000014/3.333333/0225/R000000016/R000000015/R000000017
R000000011/3.703704/0212/R000000012/R000000014
R000000011/3.703704/0212/R000000012/R000000014
R000000002/6.721537/0212/R000000003/R000000011
R000000002/6.721537/0212/R000000003/R000000011
R000000001/7.468375/0028/R000000002
R000000020/3.580247/0212/M000000013/R000000014
R000000020/3.580247/0212/M000000013/R000000014
R000000019/3.978053/0085/R000000020
R000000022/1.000000/0000/Guesstimate
R000000021/5.089163/0004/R000000020/R000000022
R000000019/5.654626/0197/R000000021
R000000018/7.026369/0212/R000000003/R000000019
R000000018/7.026369/0212/R000000003/R000000019
R000000001/7.807076/0028/R000000018
Q000000002/7.468375/0000/R000000001
Q000000003/7.468375/0000/R000000001
<NEXT>