#
#  Reaction log file
#  Author: LigBuilder V3 User_Diana
#  Creation time: Fri Apr 10 01:38:26 2026
#  Format:
#  QueryMoleculeId/Cost/SynthesizeId/ReactantId1/ReactantId2/ReactantId3.....
#  Id prefix:
#  Q --- Query Molecule
#  M --- Material
#  R --- Reactant
#
Directory      result/synthesize_PfHDAC1/250/DATABASE/
#
Q000000001/2.222222/0000/R000000001
M000000002/1.000000/0000/Sigma_BB-371180382
R000000003/1.000000/0000/Guesstimate
R000000001/2.222222/0119/M000000002/R000000003
M000000007/1.000000/0000/Sigma_BB-130314282
R000000006/1.111111/0228/M000000007
R000000006/1.111111/0286/M000000007
R000000005/1.234568/0153/R000000006
R000000008/1.234568/0086/R000000006
R000000008/1.234568/0091/R000000006
R000000005/1.371742/0154/R000000008
R000000004/2.482853/0119/M000000002/R000000005
M000000009/1.000000/0000/Sigma_BB-28426400
R000000004/2.482853/0221/M000000009/R000000005
R000000001/2.758726/0028/R000000004
Q000000002/2.758726/0000/R000000010
M000000014/1.000000/0000/Sigma_BB-332441958
R000000013/1.111111/0228/M000000014
R000000013/1.111111/0286/M000000014
R000000012/1.234568/0156/R000000013
M000000016/1.000000/0000/Sigma_BB-28493762
R000000015/1.111111/0228/M000000016
R000000015/1.111111/0286/M000000016
R000000012/1.234568/0193/R000000015
R000000011/2.482853/0119/M000000002/R000000012
R000000011/2.482853/0221/M000000009/R000000012
R000000010/2.758726/0028/R000000011
M000000020/1.000000/0000/Sigma_BB-28799083
R000000019/1.111111/0291/M000000020
R000000019/1.111111/0291/M000000020
R000000018/1.234568/0156/R000000019
R000000022/1.000000/0000/Guesstimate
M000000023/1.000000/0000/Sigma_BB-152437451
R000000021/2.222222/0004/R000000022/M000000023
R000000021/2.222222/0277/R000000022/M000000023
R000000018/2.469136/0197/R000000021
R000000017/2.482853/0119/M000000002/R000000018
R000000017/2.482853/0221/M000000009/R000000018
R000000010/2.758726/0028/R000000017
Q000000003/5.944217/0000/R000000024
M000000028/1.000000/0000/Sigma_BB-29509005
R000000027/1.111111/0287/M000000028
R000000029/1.000000/0000/Guesstimate
R000000026/2.345679/0004/R000000027/R000000029
R000000031/1.000000/0000/Guesstimate
R000000030/2.345679/0004/R000000027/R000000031
R000000026/2.606310/0187/R000000030
R000000034/1.000000/0000/Guesstimate
R000000035/1.000000/0000/Guesstimate
R000000033/2.222222/0274/R000000034/R000000035
R000000036/1.000000/0000/Guesstimate
R000000037/1.000000/0000/Guesstimate
R000000033/2.222222/0274/R000000036/R000000037
R000000032/2.469136/0004/R000000033
R000000032/9.333333/0040/R000000038
R000000025/5.349795/0212/R000000026/R000000032
R000000025/5.349795/0212/R000000026/R000000032
R000000024/5.944217/0188/R000000025
R000000024/5.944217/0188/R000000025
Q000000004/4.267642/0000/R000000039
R000000041/1.111111/0074/M000000028
R000000042/1.000000/0000/Guesstimate
R000000041/2.345679/0112/R000000027/R000000042
R000000040/1.234568/0040/R000000041
R000000044/1.111111/0114/M000000028
R000000045/1.000000/0000/Guesstimate
R000000043/2.345679/0004/R000000044/R000000045
R000000047/1.000000/0000/Guesstimate
R000000046/2.222222/0175/M000000028/R000000047
R000000046/2.222222/0290/M000000028/R000000047
R000000043/2.469136/0040/R000000046
R000000040/2.606310/0073/R000000043
R000000051/1.000000/0000/Guesstimate
R000000050/1.111111/0228/R000000051
R000000050/1.111111/0286/R000000051
R000000052/1.000000/0000/Guesstimate
R000000049/2.345679/0276/R000000050/R000000052
R000000053/2.222222/0276/R000000051/R000000052
R000000053/2.222222/0278/R000000051/R000000052
R000000049/2.469136/0228/R000000053
R000000048/2.606310/0275/R000000049
R000000054/2.469136/0275/R000000053
R000000055/2.222222/0275/R000000051/R000000052
R000000054/2.469136/0276/R000000055
R000000048/2.743484/0228/R000000054
R000000039/4.267642/0003/R000000040/R000000048
M000000059/1.000000/0000/Sigma_BB-27113924
M000000060/1.000000/0000/Sigma_BB-28830366
R000000058/2.222222/0004/M000000059/M000000060
R000000057/2.469136/0197/R000000058
R000000062/4.007011/0004/R000000048/R000000045
R000000063/1.000000/0000/Guesstimate
R000000064/1.000000/0000/Guesstimate
R000000062/5.118122/0225/R000000048/R000000063/R000000064
R000000061/4.452235/0086/R000000062
R000000061/4.452235/0091/R000000062
R000000056/7.690413/0112/R000000057/R000000061
R000000065/3.854596/0112/R000000057/R000000042
R000000067/1.000000/0000/Guesstimate
R000000066/3.854596/0004/R000000057/R000000067
R000000065/4.282884/0009/R000000066
R000000070/1.000000/0000/Guesstimate
R000000069/3.717421/0301/R000000049/R000000070
R000000069/3.717421/0301/R000000049/R000000070
R000000068/4.130468/0275/R000000069
R000000072/1.000000/0000/Guesstimate
R000000071/4.007011/0301/R000000048/R000000072
R000000071/4.007011/0301/R000000048/R000000072
R000000068/4.452235/0300/R000000071
R000000056/8.872293/0138/R000000065/R000000068
R000000039/8.544904/0028/R000000056
<NEXT>