#
#  Reaction log file
#  Author: LigBuilder V3 User_Diana
#  Creation time: Fri Apr 10 01:40:09 2026
#  Format:
#  QueryMoleculeId/Cost/SynthesizeId/ReactantId1/ReactantId2/ReactantId3.....
#  Id prefix:
#  Q --- Query Molecule
#  M --- Material
#  R --- Reactant
#
Directory      result/synthesize_PfHDAC1/296/DATABASE/
#
Q000000001/4.282884/0000/R000000001
M000000003/1.000000/0000/Sigma_BB-29509005
M000000006/1.000000/0000/Sigma_BB-28764950
R000000005/1.111111/0087/M000000006
M000000008/1.000000/0000/Sigma_BB-30025304
R000000007/1.111111/0093/M000000008
M000000009/1.000000/0000/Sigma_BB-28247348
R000000007/2.222222/0212/M000000009/M000000008
R000000004/2.469136/0212/R000000005/R000000007
R000000004/2.469136/0212/R000000005/R000000007
R000000002/3.854596/0175/M000000003/R000000004
R000000011/1.111111/0287/M000000003
R000000012/1.000000/0000/Guesstimate
R000000010/2.345679/0004/R000000011/R000000012
R000000014/1.000000/0000/Guesstimate
R000000013/2.222222/0175/M000000003/R000000014
R000000013/2.222222/0290/M000000003/R000000014
R000000010/2.469136/0024/R000000013
R000000016/1.111111/0085/M000000006
R000000015/2.469136/0212/R000000016/R000000007
R000000015/2.469136/0212/R000000016/R000000007
R000000002/5.349795/0212/R000000010/R000000015
R000000001/4.282884/0028/R000000002
R000000019/2.469136/0212/R000000016/R000000007
R000000019/2.469136/0212/R000000016/R000000007
R000000018/2.743484/0086/R000000019
R000000018/2.743484/0091/R000000019
R000000017/4.159427/0175/M000000003/R000000018
R000000017/5.349795/0212/R000000010/R000000019
R000000001/4.621586/0028/R000000017
Q000000002/4.282884/0000/R000000001
Q000000003/3.717421/0000/R000000020
R000000022/1.111111/0114/M000000003
R000000022/2.606310/0197/R000000010
R000000023/1.000000/0000/Guesstimate
R000000021/2.345679/0122/R000000022/R000000023
M000000025/1.000000/0000/Sigma_BB-28838111
R000000026/1.000000/0000/Guesstimate
R000000024/2.222222/0175/M000000025/R000000026
R000000024/2.222222/0290/M000000025/R000000026
R000000021/2.469136/0139/R000000024
M000000027/1.000000/0000/Sigma_BB-65723020
R000000020/3.717421/0003/R000000021/M000000027
M000000031/1.000000/0000/Sigma_BB-28511256
R000000030/1.111111/0009/M000000031
R000000032/1.000000/0000/Guesstimate
R000000033/1.000000/0000/Guesstimate
R000000030/2.222222/0003/R000000032/R000000033
R000000029/2.469136/0122/R000000022/R000000030
R000000035/1.000000/0000/Guesstimate
R000000034/2.222222/0175/M000000003/R000000035
R000000034/2.345679/0003/R000000022/R000000032
R000000029/3.580247/0122/R000000034/R000000033
R000000028/2.743484/0024/R000000029
R000000028/3.717421/0004/R000000021/R000000012
R000000036/1.000000/0000/Guesstimate
R000000020/4.159427/0003/R000000028/R000000036
<NEXT>