#
#  Reaction log file
#  Author: LigBuilder V3 User_Diana
#  Creation time: Fri Apr 10 01:32:47 2026
#  Format:
#  QueryMoleculeId/Cost/SynthesizeId/ReactantId1/ReactantId2/ReactantId3.....
#  Id prefix:
#  Q --- Query Molecule
#  M --- Material
#  R --- Reactant
#
Directory      result/synthesize_PfHDAC1/10/DATABASE/
#
Q000000001/5.944217/0000/R000000001
M000000005/1.000000/0000/Sigma_BB-28838111
R000000004/1.111111/0287/M000000005
M000000006/1.000000/0000/Sigma_BB-28945063
R000000007/1.000000/0000/Guesstimate
R000000004/2.222222/0175/M000000006/R000000007
R000000008/1.000000/0000/Guesstimate
R000000003/2.345679/0004/R000000004/R000000008
R000000010/1.000000/0000/Guesstimate
R000000009/2.222222/0175/M000000005/R000000010
R000000009/2.222222/0290/M000000005/R000000010
R000000003/2.469136/0024/R000000009
R000000013/1.000000/0000/Guesstimate
R000000014/1.000000/0000/Guesstimate
R000000012/2.222222/0003/R000000013/R000000014
R000000015/2.222222/0004/R000000008/R000000014
R000000016/1.000000/0000/Guesstimate
R000000017/1.000000/0000/Guesstimate
R000000015/3.333333/0225/R000000016/R000000014/R000000017
R000000012/2.469136/0204/R000000015
R000000011/2.469136/0041/R000000012
R000000018/2.222222/0112/R000000007/R000000014
R000000011/2.469136/0147/R000000018
R000000002/5.349795/0169/R000000003/R000000011
M000000020/1.000000/0000/Sigma_BB-28766735
R000000019/3.854596/0169/M000000020/R000000011
M000000021/1.000000/0000/Sigma_BB-28757047
R000000025/1.000000/0000/Guesstimate
R000000026/1.000000/0000/Guesstimate
R000000024/2.222222/0274/R000000025/R000000026
R000000027/1.000000/0000/Guesstimate
R000000028/1.000000/0000/Guesstimate
R000000024/2.222222/0275/R000000027/R000000028
R000000023/2.469136/0100/R000000024
R000000023/2.469136/0216/R000000024
R000000022/5.212621/0212/R000000023/R000000015
R000000022/5.212621/0212/R000000023/R000000015
R000000019/6.902912/0175/M000000021/R000000022
R000000002/5.393995/0175/R000000019/R000000007
R000000001/5.944217/0139/R000000002
M000000032/1.000000/0000/Sigma_BB-27113924
M000000033/1.000000/0000/Sigma_BB-28830366
R000000031/2.222222/0004/M000000032/M000000033
R000000030/2.469136/0197/R000000031
R000000035/2.222222/0004/M000000006/M000000033
R000000034/2.469136/0197/R000000035
R000000030/2.743484/0287/R000000034
R000000029/6.598080/0225/R000000030/R000000011/R000000016
R000000029/8.535286/0175/R000000034/R000000022
R000000001/7.331201/0028/R000000029
Q000000002/Analysis Failed
Q000000003/Analysis Failed
<NEXT>