#
#  Reaction log file
#  Author: LigBuilder V3 User_Diana
#  Creation time: Fri Apr 10 01:33:19 2026
#  Format:
#  QueryMoleculeId/Cost/SynthesizeId/ReactantId1/ReactantId2/ReactantId3.....
#  Id prefix:
#  Q --- Query Molecule
#  M --- Material
#  R --- Reactant
#
Directory      result/synthesize_PfHDAC1/38/DATABASE/
#
Q000000001/4.420059/0000/R000000001
M000000005/1.000000/0000/Sigma_BB-29509312
R000000006/1.000000/0000/Guesstimate
R000000004/2.222222/0175/M000000005/R000000006
R000000004/2.222222/0290/M000000005/R000000006
R000000003/2.469136/0139/R000000004
M000000008/1.000000/0000/Sigma_BB-48767194
R000000007/2.222222/0175/M000000005/M000000008
R000000007/2.222222/0290/M000000005/M000000008
R000000003/2.469136/0150/R000000007
M000000010/1.000000/0000/Sigma_BB-28783903
R000000009/1.111111/0293/M000000010
M000000012/1.000000/0000/Sigma_BB-28830366
R000000013/1.000000/0000/Guesstimate
R000000011/2.222222/0004/M000000012/R000000013
R000000009/2.469136/0197/R000000011
R000000002/3.978053/0232/R000000003/R000000009
R000000014/1.234568/0090/R000000009
R000000015/1.111111/0082/M000000010
R000000016/1.000000/0000/Guesstimate
R000000017/1.000000/0000/Guesstimate
R000000015/2.222222/0112/R000000016/R000000017
R000000018/1.000000/0000/Guesstimate
R000000014/2.345679/0122/R000000015/R000000018
R000000002/4.115227/0232/R000000003/R000000014
R000000001/4.420059/0028/R000000002
R000000020/3.580247/0232/R000000004/R000000013
R000000019/3.978053/0139/R000000020
R000000021/3.580247/0232/R000000007/R000000013
R000000019/3.978053/0150/R000000021
R000000022/1.000000/0000/Guesstimate
R000000001/5.531170/0122/R000000019/R000000022
Q000000002/4.282884/0000/R000000023
M000000025/1.000000/0000/Sigma_BB-29509005
M000000028/1.000000/0000/Sigma_BB-28764950
R000000029/1.000000/0000/Guesstimate
R000000027/2.222222/0212/M000000028/R000000029
R000000027/2.222222/0212/M000000028/R000000029
R000000026/2.469136/0087/R000000027
R000000031/1.111111/0085/M000000028
R000000030/2.345679/0212/R000000031/R000000029
R000000030/2.345679/0212/R000000031/R000000029
R000000026/2.606310/0086/R000000030
R000000024/3.854596/0175/M000000025/R000000026
R000000033/1.111111/0287/M000000025
R000000034/1.000000/0000/Guesstimate
R000000032/2.345679/0004/R000000033/R000000034
R000000036/1.000000/0000/Guesstimate
R000000035/2.222222/0175/M000000025/R000000036
R000000035/2.222222/0290/M000000025/R000000036
R000000032/2.469136/0024/R000000035
R000000024/5.212620/0212/R000000032/R000000030
R000000023/4.282884/0028/R000000024
R000000038/2.345679/0212/R000000031/R000000029
R000000038/2.345679/0212/R000000031/R000000029
R000000037/5.212620/0212/R000000032/R000000038
R000000037/5.212620/0212/R000000032/R000000038
R000000023/5.791800/0028/R000000037
Q000000003/4.282884/0000/R000000023
<NEXT>