#
#  Reaction log file
#  Author: LigBuilder V3 User_Diana
#  Creation time: Fri Apr 10 01:33:44 2026
#  Format:
#  QueryMoleculeId/Cost/SynthesizeId/ReactantId1/ReactantId2/ReactantId3.....
#  Id prefix:
#  Q --- Query Molecule
#  M --- Material
#  R --- Reactant
#
Directory      result/synthesize_PfHDAC1/66/DATABASE/
#
Q000000001/4.420059/0000/R000000001
M000000005/1.000000/0000/Sigma_BB-29509005
R000000006/1.000000/0000/Guesstimate
R000000004/2.222222/0175/M000000005/R000000006
R000000004/2.222222/0290/M000000005/R000000006
R000000007/1.000000/0000/Guesstimate
R000000003/3.580247/0169/R000000004/R000000007
R000000009/1.000000/0000/Guesstimate
R000000008/2.222222/0274/R000000006/R000000009
R000000010/1.000000/0000/Guesstimate
R000000008/2.222222/0275/R000000010/R000000007
R000000003/3.580247/0175/M000000005/R000000008
R000000002/3.978053/0118/R000000003
R000000011/1.000000/0000/Guesstimate
R000000002/5.089163/0112/R000000003/R000000011
R000000001/4.420059/0041/R000000002
M000000015/1.000000/0000/Sigma_BB-28945063
M000000016/1.000000/0000/Sigma_BB-28830366
R000000014/2.222222/0004/M000000015/M000000016
R000000013/2.469136/0197/R000000014
M000000019/1.000000/0000/Sigma_BB-28842249
R000000018/1.111111/0082/M000000019
R000000020/1.000000/0000/Guesstimate
R000000018/2.222222/0274/R000000006/R000000020
R000000017/1.234568/0041/R000000018
R000000022/1.000000/0000/Guesstimate
R000000023/1.000000/0000/Guesstimate
R000000021/2.222222/0274/R000000022/R000000023
R000000024/1.000000/0000/Guesstimate
R000000021/2.222222/0275/R000000006/R000000024
R000000017/2.469136/0091/R000000021
R000000012/4.115227/0175/R000000013/R000000017
M000000027/1.000000/0000/Sigma_BB-27113924
R000000026/2.222222/0004/M000000027/M000000016
R000000025/2.469136/0197/R000000026
R000000025/2.743484/0287/R000000013
R000000028/1.000000/0000/Guesstimate
R000000012/4.965707/0225/R000000025/R000000024/R000000028
R000000001/4.572474/0028/R000000012
Q000000002/5.378754/0000/R000000029
M000000033/1.000000/0000/Sigma_BB-28838111
R000000032/1.111111/0287/M000000033
R000000034/1.000000/0000/Guesstimate
R000000032/2.222222/0175/M000000015/R000000034
R000000035/1.000000/0000/Guesstimate
R000000031/3.456790/0225/R000000032/R000000035/R000000028
M000000038/1.000000/0000/Sigma_BB-28776791
R000000037/2.222222/0274/R000000006/M000000038
M000000039/1.000000/0000/Sigma_BB-31286382
R000000037/2.222222/0275/R000000010/M000000039
R000000036/2.469136/0197/R000000037
R000000040/1.234568/0040/R000000018
R000000040/2.469136/0073/R000000037
R000000041/1.000000/0000/Guesstimate
R000000036/2.482853/0212/R000000040/R000000041
R000000031/3.854596/0175/M000000033/R000000036
R000000030/3.840878/0139/R000000031
R000000042/3.854596/0174/M000000005/R000000036
R000000043/1.234568/0139/R000000032
R000000043/2.743484/0028/R000000025
R000000042/4.115227/0112/R000000043/R000000036
R000000030/4.282884/0147/R000000042
R000000044/1.000000/0000/Guesstimate
R000000029/5.378754/0122/R000000030/R000000044
R000000047/1.000000/0000/Guesstimate
R000000046/3.854596/0004/R000000025/R000000047
R000000049/1.000000/0000/Guesstimate
R000000048/3.854596/0175/R000000013/R000000049
R000000048/3.854596/0290/R000000013/R000000049
R000000046/4.282884/0024/R000000048
R000000050/2.222222/0122/R000000035/R000000044
R000000052/1.000000/0000/Guesstimate
R000000053/1.000000/0000/Guesstimate
R000000051/2.222222/0003/R000000052/R000000053
R000000054/1.000000/0000/Guesstimate
R000000055/1.000000/0000/Guesstimate
R000000051/2.222222/0042/R000000054/R000000055
R000000050/2.469136/0041/R000000051
R000000045/6.752020/0169/R000000046/R000000050
R000000056/3.854596/0122/R000000036/R000000044
R000000057/3.580247/0275/R000000006/R000000050
R000000057/3.580247/0282/R000000022/R000000050
R000000056/3.978053/0091/R000000057
R000000045/7.026369/0175/R000000013/R000000056
R000000029/7.502245/0028/R000000045
Q000000003/4.267643/0000/R000000058
R000000062/1.000000/0000/Guesstimate
R000000061/1.111111/0245/R000000062
R000000061/1.111111/0245/R000000062
R000000060/1.234568/0155/R000000061
R000000063/2.222222/0004/R000000007/M000000016
R000000063/2.222222/0277/R000000007/M000000016
R000000060/2.469136/0197/R000000063
R000000059/3.840878/0169/R000000004/R000000060
R000000065/2.345679/0275/R000000010/R000000061
R000000065/2.345679/0282/R000000006/R000000061
R000000064/2.606310/0155/R000000065
R000000066/2.482853/0275/R000000006/R000000060
R000000066/2.482853/0282/R000000022/R000000060
R000000064/2.758726/0091/R000000066
R000000059/4.007011/0175/M000000005/R000000064
R000000058/4.267643/0028/R000000059
M000000070/1.000000/0000/Sigma_BB-28764950
R000000069/2.482853/0212/R000000040/M000000070
R000000069/2.482853/0212/R000000040/M000000070
R000000068/2.758726/0197/R000000069
R000000067/4.176363/0175/M000000005/R000000068
R000000067/4.176363/0290/M000000005/R000000068
R000000058/4.640403/0028/R000000067
Q000000004/4.267643/0000/R000000058
<NEXT>