#
#  Reaction log file
#  Author: LigBuilder V3 User_Diana
#  Creation time: Fri Apr 10 01:35:01 2026
#  Format:
#  QueryMoleculeId/Cost/SynthesizeId/ReactantId1/ReactantId2/ReactantId3.....
#  Id prefix:
#  Q --- Query Molecule
#  M --- Material
#  R --- Reactant
#
Directory      result/synthesize_PfHDAC1/119/DATABASE/
#
Q000000001/Analysis Failed
Q000000002/4.420059/0000/R000000001
R000000005/1.000000/0000/Guesstimate
R000000006/1.000000/0000/Guesstimate
R000000004/2.222222/0279/R000000005/R000000006
R000000004/2.222222/0279/R000000005/R000000006
R000000007/1.000000/0000/Guesstimate
R000000003/3.580247/0095/R000000004/R000000007
R000000009/1.000000/0000/Guesstimate
R000000008/3.580247/0095/R000000004/R000000009
R000000010/1.000000/0000/Guesstimate
R000000003/5.089163/0112/R000000008/R000000010
R000000002/3.978053/0285/R000000003
R000000001/4.420059/0161/R000000002
R000000014/1.000000/0000/Guesstimate
R000000013/1.111111/0118/R000000014
R000000013/2.222222/0112/R000000014/R000000010
R000000016/1.000000/0000/Guesstimate
R000000017/1.000000/0000/Guesstimate
R000000015/2.222222/0112/R000000016/R000000017
R000000018/1.000000/0000/Guesstimate
R000000015/2.222222/0279/R000000006/R000000018
R000000012/3.703704/0095/R000000013/R000000015
R000000019/3.580247/0095/R000000014/R000000015
R000000012/5.089163/0112/R000000019/R000000010
R000000011/4.115227/0285/R000000012
R000000022/1.000000/0000/Guesstimate
R000000021/3.580247/0095/R000000022/R000000015
R000000020/3.978053/0285/R000000021
R000000023/1.000000/0000/Guesstimate
R000000011/5.531170/0301/R000000020/R000000023
R000000001/4.572474/0161/R000000011
Q000000003/4.420059/0000/R000000001
Q000000004/4.420059/0000/R000000001
<NEXT>