#
#  Reaction log file
#  Author: LigBuilder V3 User_Diana
#  Creation time: Fri Apr 10 01:34:17 2026
#  Format:
#  QueryMoleculeId/Cost/SynthesizeId/ReactantId1/ReactantId2/ReactantId3.....
#  Id prefix:
#  Q --- Query Molecule
#  M --- Material
#  R --- Reactant
#
Directory      result/synthesize_PfHDAC1/83/DATABASE/
#
Q000000001/2.895900/0000/R000000001
M000000004/1.000000/0000/Sigma_BB-29023408
R000000006/1.000000/0000/Guesstimate
R000000005/1.111111/0228/R000000006
R000000005/1.111111/0286/R000000006
R000000003/2.345679/0301/M000000004/R000000005
R000000003/2.345679/0301/M000000004/R000000005
R000000002/2.606310/0125/R000000003
R000000007/1.000000/0000/Guesstimate
R000000002/3.717421/0112/R000000003/R000000007
R000000001/2.895900/0059/R000000002
M000000009/1.000000/0000/Sigma_BB-29589219
M000000012/1.000000/0000/Sigma_BB-28777622
M000000013/1.000000/0000/Sigma_BB-27556005
R000000011/2.222222/0224/M000000012/M000000013
R000000010/2.469136/0212/R000000011
R000000015/1.000000/0000/Guesstimate
R000000014/2.345679/0301/R000000015/R000000005
R000000014/2.345679/0301/R000000015/R000000005
R000000010/2.606310/0155/R000000014
R000000008/3.854596/0003/M000000009/R000000010
M000000017/1.000000/0000/Sigma_BB-27358118
R000000018/1.000000/0000/Guesstimate
R000000016/2.222222/0004/M000000017/R000000018
M000000020/1.000000/0000/Sigma_BB-27355816
R000000019/2.222222/0004/M000000020/R000000018
M000000021/1.000000/0000/Sigma_BB-30479921
R000000019/2.222222/0112/M000000021/R000000007
R000000016/2.469136/0059/R000000019
R000000023/1.000000/0000/Guesstimate
R000000022/2.345679/0003/R000000023/R000000005
R000000025/1.000000/0000/Guesstimate
R000000024/3.854596/0004/R000000010/R000000025
R000000024/3.854596/0277/R000000010/R000000025
R000000022/4.282884/0009/R000000024
R000000008/5.075447/0049/R000000016/R000000022
R000000001/4.282884/0147/R000000008
Q000000002/5.654626/0000/R000000026
M000000030/1.000000/0000/Sigma_BB-29509005
R000000031/1.000000/0000/Guesstimate
R000000029/2.222222/0174/M000000030/R000000031
R000000029/2.222222/0289/M000000030/R000000031
R000000032/1.000000/0000/Guesstimate
R000000028/3.580247/0003/R000000029/R000000032
M000000036/1.000000/0000/Sigma_BB-29509312
R000000037/1.000000/0000/Guesstimate
R000000035/2.222222/0175/M000000036/R000000037
R000000035/2.222222/0290/M000000036/R000000037
R000000034/2.469136/0139/R000000035
M000000039/1.000000/0000/Sigma_BB-48767194
R000000038/2.222222/0175/M000000036/M000000039
R000000038/2.222222/0290/M000000036/M000000039
R000000034/2.469136/0150/R000000038
R000000040/1.000000/0000/Guesstimate
R000000033/3.854596/0231/R000000034/R000000040
R000000028/4.282884/0082/R000000033
R000000027/5.089163/0224/R000000028/R000000006
R000000026/5.654626/0099/R000000027
R000000044/1.000000/0000/Guesstimate
R000000043/2.222222/0174/M000000030/R000000044
R000000043/2.469136/0204/R000000029
R000000045/1.000000/0000/Guesstimate
R000000042/3.580247/0049/R000000043/R000000045
R000000046/2.469136/0197/R000000029
R000000047/1.000000/0000/Guesstimate
R000000042/3.854596/0003/R000000046/R000000047
R000000041/5.089163/0224/R000000042/R000000006
R000000026/5.654626/0099/R000000041
Q000000003/Analysis Failed
<NEXT>