#
#  Reaction log file
#  Author: LigBuilder V3 User_Diana
#  Creation time: Fri Apr 10 01:34:17 2026
#  Format:
#  QueryMoleculeId/Cost/SynthesizeId/ReactantId1/ReactantId2/ReactantId3.....
#  Id prefix:
#  Q --- Query Molecule
#  M --- Material
#  R --- Reactant
#
Directory      result/synthesize_PfHDAC1/88/DATABASE/
#
Q000000001/4.282884/0000/R000000001
M000000005/1.000000/0000/Sigma_BB-28838111
R000000006/1.000000/0000/Guesstimate
R000000004/2.222222/0174/M000000005/R000000006
R000000004/2.222222/0289/M000000005/R000000006
R000000003/2.469136/0059/R000000004
R000000007/1.000000/0000/Guesstimate
R000000003/3.580247/0224/R000000004/R000000007
R000000008/1.000000/0000/Guesstimate
R000000002/3.854596/0170/R000000003/R000000008
R000000010/2.469136/0233/R000000004
R000000010/2.469136/0258/R000000004
R000000009/2.743484/0155/R000000010
M000000013/1.000000/0000/Sigma_BB-29509312
R000000014/1.000000/0000/Guesstimate
R000000012/2.222222/0175/M000000013/R000000014
R000000012/2.222222/0290/M000000013/R000000014
R000000015/1.000000/0000/Guesstimate
R000000011/3.580247/0231/R000000012/R000000015
R000000009/3.978053/0090/R000000011
R000000016/1.000000/0000/Guesstimate
R000000002/4.159427/0170/R000000009/R000000016
R000000001/4.282884/0139/R000000002
R000000018/2.469136/0139/R000000012
M000000020/1.000000/0000/Sigma_BB-48767194
R000000019/2.222222/0175/M000000013/M000000020
R000000019/2.222222/0290/M000000013/M000000020
R000000018/2.469136/0150/R000000019
R000000022/1.000000/0000/Guesstimate
R000000023/1.000000/0000/Guesstimate
R000000021/2.222222/0279/R000000022/R000000023
M000000025/1.000000/0000/Sigma_BB-130314282
R000000024/1.111111/0153/M000000025
R000000026/1.000000/0000/Guesstimate
R000000024/2.222222/0279/R000000022/R000000026
R000000027/1.000000/0000/Guesstimate
R000000021/2.345679/0224/R000000024/R000000027
R000000017/5.212621/0232/R000000018/R000000021
R000000001/5.791801/0028/R000000017
Q000000002/4.282884/0000/R000000001
Q000000003/5.791801/0000/R000000028
R000000031/1.000000/0000/Guesstimate
R000000030/2.222222/0279/R000000022/R000000031
R000000030/2.222222/0279/R000000022/R000000031
R000000029/5.212621/0232/R000000018/R000000030
R000000028/5.791801/0028/R000000029
R000000033/3.854596/0232/R000000018/R000000031
R000000034/3.854596/0231/R000000018/R000000031
R000000033/4.282884/0228/R000000034
R000000035/1.000000/0000/Guesstimate
R000000032/5.393995/0301/R000000033/R000000035
R000000032/5.393995/0301/R000000033/R000000035
R000000028/5.993328/0139/R000000032
<NEXT>