#
#  Reaction log file
#  Author: LigBuilder V3 User_Diana
#  Creation time: Fri Apr 10 01:39:28 2026
#  Format:
#  QueryMoleculeId/Cost/SynthesizeId/ReactantId1/ReactantId2/ReactantId3.....
#  Id prefix:
#  Q --- Query Molecule
#  M --- Material
#  R --- Reactant
#
Directory      result/synthesize_PfHDAC1/286/DATABASE/
#
Q000000001/5.807042/0000/R000000001
M000000003/1.000000/0000/Sigma_BB-29509005
M000000006/1.000000/0000/Sigma_BB-28764950
R000000005/1.111111/0087/M000000006
R000000008/1.000000/0000/Guesstimate
R000000009/1.000000/0000/Guesstimate
R000000007/2.222222/0004/R000000008/R000000009
R000000004/3.703704/0212/R000000005/R000000007
R000000004/3.703704/0212/R000000005/R000000007
R000000002/5.226338/0175/M000000003/R000000004
R000000011/1.111111/0287/M000000003
R000000012/1.000000/0000/Guesstimate
R000000010/2.345679/0004/R000000011/R000000012
R000000014/1.000000/0000/Guesstimate
R000000013/2.222222/0175/M000000003/R000000014
R000000013/2.222222/0290/M000000003/R000000014
R000000010/2.469136/0024/R000000013
R000000016/1.111111/0085/M000000006
R000000015/3.703704/0212/R000000016/R000000007
R000000015/3.703704/0212/R000000016/R000000007
R000000002/6.721537/0212/R000000010/R000000015
R000000001/5.807042/0028/R000000002
R000000019/3.703704/0212/R000000016/R000000007
R000000019/3.703704/0212/R000000016/R000000007
R000000018/4.115227/0086/R000000019
R000000018/4.115227/0091/R000000019
R000000017/5.683586/0175/M000000003/R000000018
R000000017/6.721537/0212/R000000010/R000000019
R000000001/6.315095/0028/R000000017
Q000000002/7.468375/0000/R000000020
R000000023/1.000000/0000/Guesstimate
R000000022/2.345679/0004/R000000011/R000000023
R000000025/1.000000/0000/Guesstimate
R000000024/2.345679/0004/R000000011/R000000025
R000000026/1.000000/0000/Guesstimate
R000000024/3.717421/0004/R000000010/R000000026
R000000022/2.606310/0045/R000000024
R000000028/2.222222/0004/R000000012/R000000009
R000000029/1.000000/0000/Guesstimate
R000000030/1.000000/0000/Guesstimate
R000000028/3.333333/0225/R000000029/R000000009/R000000030
R000000027/3.703704/0212/R000000016/R000000028
R000000027/3.703704/0212/R000000016/R000000028
R000000021/6.721537/0212/R000000022/R000000027
R000000021/6.721537/0212/R000000022/R000000027
R000000020/7.468375/0028/R000000021
R000000033/3.580247/0212/M000000006/R000000028
R000000033/3.580247/0212/M000000006/R000000028
R000000032/3.978053/0085/R000000033
R000000035/1.000000/0000/Guesstimate
R000000034/5.089163/0004/R000000033/R000000035
R000000032/5.654626/0197/R000000034
R000000031/7.026369/0212/R000000022/R000000032
R000000031/7.026369/0212/R000000022/R000000032
R000000020/7.807076/0028/R000000031
Q000000003/7.468375/0000/R000000020
Q000000004/7.468375/0000/R000000020
<NEXT>