#
#  Reaction log file
#  Author: LigBuilder V3 User_Diana
#  Creation time: Fri Apr 10 01:38:42 2026
#  Format:
#  QueryMoleculeId/Cost/SynthesizeId/ReactantId1/ReactantId2/ReactantId3.....
#  Id prefix:
#  Q --- Query Molecule
#  M --- Material
#  R --- Reactant
#
Directory      result/synthesize_PfHDAC1/247/DATABASE/
#
Q000000001/4.420058/0000/R000000001
M000000005/1.000000/0000/Sigma_BB-29509005
R000000004/1.111111/0287/M000000005
R000000006/1.000000/0000/Guesstimate
R000000003/2.345679/0004/R000000004/R000000006
M000000009/1.000000/0000/Sigma_BB-28521704
R000000008/1.111111/0293/M000000009
R000000007/1.234568/0099/R000000008
R000000007/8.777778/0090/R000000010
R000000002/3.978052/0003/R000000003/R000000007
M000000013/1.000000/0000/Sigma_BB-28247348
R000000012/1.111111/0085/M000000013
R000000014/1.000000/0000/Guesstimate
R000000015/1.000000/0000/Guesstimate
R000000012/2.222222/0004/R000000014/R000000015
R000000011/3.840878/0212/R000000003/R000000012
M000000017/1.000000/0000/Sigma_BB-28775379
R000000016/3.717421/0212/R000000003/M000000017
R000000016/3.717421/0212/R000000003/M000000017
R000000011/4.130468/0100/R000000016
R000000019/1.000000/0000/Guesstimate
M000000021/1.000000/0000/Sigma_BB-28934216
R000000020/1.111111/0099/M000000021
R000000018/2.345679/0003/R000000019/R000000020
R000000023/1.000000/0000/Guesstimate
R000000022/2.482853/0004/R000000023/R000000007
R000000022/2.482853/0277/R000000023/R000000007
R000000018/2.758726/0009/R000000022
R000000002/6.873952/0049/R000000011/R000000018
R000000001/4.420058/0099/R000000002
M000000029/1.000000/0000/Sigma_BB-29509312
R000000030/1.000000/0000/Guesstimate
R000000028/2.222222/0175/M000000029/R000000030
R000000028/2.222222/0290/M000000029/R000000030
R000000027/2.469136/0139/R000000028
M000000032/1.000000/0000/Sigma_BB-48767194
R000000031/2.222222/0175/M000000029/M000000032
R000000031/2.222222/0290/M000000029/M000000032
R000000027/2.469136/0150/R000000031
R000000033/1.000000/0000/Guesstimate
R000000026/3.854596/0232/R000000027/R000000033
R000000034/1.000000/0000/Guesstimate
R000000025/5.393995/0122/R000000026/R000000034
R000000036/1.000000/0000/Guesstimate
R000000035/5.393995/0301/R000000026/R000000036
R000000035/5.393995/0301/R000000026/R000000036
R000000025/5.993328/0139/R000000035
M000000039/1.000000/0000/Sigma_BB-28775951
R000000038/1.111111/0093/M000000039
M000000040/1.000000/0000/Sigma_BB-137746741
R000000038/1.111111/0093/M000000040
R000000037/1.234568/0001/R000000038
R000000042/1.000000/0000/Guesstimate
R000000041/2.222222/0003/R000000042/M000000013
R000000043/1.000000/0000/Guesstimate
M000000044/1.000000/0000/Sigma_BB-28760112
R000000041/2.222222/0042/R000000043/M000000044
R000000037/2.469136/0002/R000000041
R000000024/7.365071/0042/R000000025/R000000037
R000000001/8.183413/0099/R000000024
Q000000002/4.420058/0000/R000000001
Q000000003/4.420058/0000/R000000001
Q000000004/4.420058/0000/R000000001
<NEXT>