#
#  Reaction log file
#  Author: LigBuilder V3 User_Diana
#  Creation time: Fri Apr 10 01:36:06 2026
#  Format:
#  QueryMoleculeId/Cost/SynthesizeId/ReactantId1/ReactantId2/ReactantId3.....
#  Id prefix:
#  Q --- Query Molecule
#  M --- Material
#  R --- Reactant
#
Directory      result/synthesize_PfHDAC1/166/DATABASE/
#
Q000000001/4.282884/0000/R000000001
M000000005/1.000000/0000/Sigma_BB-29509312
R000000006/1.000000/0000/Guesstimate
R000000004/2.222222/0231/M000000005/R000000006
R000000003/2.469136/0147/R000000004
M000000008/1.000000/0000/Sigma_BB-28849577
R000000009/1.000000/0000/Guesstimate
R000000007/2.222222/0012/M000000008/R000000009
R000000010/1.000000/0000/Guesstimate
R000000007/2.222222/0231/M000000005/R000000010
R000000003/2.469136/0147/R000000007
R000000011/1.000000/0000/Guesstimate
R000000002/3.854596/0175/R000000003/R000000011
R000000014/1.000000/0000/Guesstimate
R000000013/2.222222/0175/M000000005/R000000014
R000000013/2.222222/0290/M000000005/R000000014
R000000012/2.469136/0041/R000000013
R000000015/2.222222/0174/M000000005/R000000011
R000000015/2.222222/0289/M000000005/R000000011
R000000012/2.469136/0147/R000000015
R000000016/1.000000/0000/Guesstimate
R000000002/3.854596/0231/R000000012/R000000016
R000000001/4.282884/0139/R000000002
M000000020/1.000000/0000/Sigma_BB-29509005
R000000019/2.222222/0175/M000000020/R000000014
R000000021/1.000000/0000/Guesstimate
R000000019/3.580247/0231/R000000013/R000000021
R000000018/3.580247/0012/R000000019/R000000009
R000000023/2.743484/0139/R000000012
R000000023/2.743484/0295/R000000012
R000000024/1.000000/0000/Guesstimate
R000000022/4.159427/0231/R000000023/R000000024
R000000018/4.621586/0079/R000000022
R000000025/1.000000/0000/Guesstimate
R000000017/5.089163/0049/R000000018/R000000025
R000000027/1.000000/0000/Guesstimate
R000000026/4.159427/0231/R000000023/R000000027
R000000028/3.854596/0231/R000000012/R000000027
R000000026/4.282884/0139/R000000028
R000000029/1.000000/0000/Guesstimate
R000000017/5.732697/0003/R000000026/R000000029
R000000001/5.654626/0147/R000000017
Q000000002/4.130468/0000/R000000030
R000000033/1.111111/0287/M000000020
R000000034/1.000000/0000/Guesstimate
R000000032/2.345679/0112/R000000033/R000000034
R000000032/4.758760/0082/R000000001
R000000031/3.717421/0049/R000000032/R000000025
R000000037/1.000000/0000/Guesstimate
R000000036/4.159427/0232/R000000023/R000000037
R000000038/1.000000/0000/Guesstimate
R000000035/5.732697/0301/R000000036/R000000038
R000000035/5.732697/0301/R000000036/R000000038
R000000031/6.369664/0082/R000000035
R000000030/4.130468/0041/R000000031
M000000042/1.000000/0000/Sigma_BB-28827151
R000000041/2.222222/0049/M000000042/R000000025
R000000040/2.469136/0041/R000000041
R000000043/2.222222/0011/M000000008/R000000009
R000000043/2.469136/0198/R000000007
R000000040/2.469136/0147/R000000043
R000000039/3.854596/0175/R000000040/R000000011
R000000039/4.282884/0198/R000000002
R000000030/4.282884/0139/R000000039
Q000000003/4.452235/0000/R000000044
R000000048/1.000000/0000/Guesstimate
R000000047/2.345679/0004/R000000033/R000000048
R000000046/2.606310/0197/R000000047
R000000045/4.007011/0003/R000000046/R000000029
R000000049/2.895900/0118/R000000046
R000000050/1.000000/0000/Guesstimate
R000000049/4.007011/0112/R000000046/R000000050
R000000045/4.328778/0049/R000000049/R000000025
R000000044/4.452235/0041/R000000045
M000000054/1.000000/0000/Sigma_BB-28945063
R000000053/2.222222/0004/M000000054/R000000048
R000000055/1.000000/0000/Guesstimate
R000000052/3.580247/0212/R000000053/R000000055
R000000052/3.580247/0212/R000000053/R000000055
R000000051/5.089163/0175/R000000052/R000000011
R000000051/5.089163/0290/R000000052/R000000011
R000000044/5.654626/0139/R000000051
<NEXT>