#
#  Reaction log file
#  Author: LigBuilder V3 User_Diana
#  Creation time: Fri Apr 10 01:35:41 2026
#  Format:
#  QueryMoleculeId/Cost/SynthesizeId/ReactantId1/ReactantId2/ReactantId3.....
#  Id prefix:
#  Q --- Query Molecule
#  M --- Material
#  R --- Reactant
#
Directory      result/synthesize_PfHDAC1/143/DATABASE/
#
Q000000001/4.589409/0000/R000000001
M000000005/1.000000/0000/Sigma_BB-29509005
R000000004/1.111111/0287/M000000005
R000000006/1.000000/0000/Guesstimate
R000000003/2.345679/0004/R000000004/R000000006
R000000008/1.000000/0000/Guesstimate
R000000007/2.222222/0175/M000000005/R000000008
R000000009/1.000000/0000/Guesstimate
R000000007/2.345679/0004/R000000004/R000000009
R000000010/1.000000/0000/Guesstimate
R000000003/3.580247/0004/R000000007/R000000010
M000000014/1.000000/0000/Sigma_BB-28764950
R000000013/1.111111/0085/M000000014
R000000012/1.234568/0204/R000000013
R000000011/1.371742/0041/R000000012
R000000016/1.000000/0000/Guesstimate
R000000015/2.222222/0212/M000000014/R000000016
R000000015/2.222222/0212/M000000014/R000000016
R000000011/2.469136/0085/R000000015
R000000002/4.130468/0212/R000000003/R000000011
R000000002/4.130468/0212/R000000003/R000000011
R000000001/4.589409/0028/R000000002
R000000018/2.345679/0212/R000000013/R000000016
R000000020/1.000000/0000/Guesstimate
R000000019/2.222222/0004/M000000014/R000000020
R000000019/2.222222/0277/M000000014/R000000020
R000000018/2.469136/0197/R000000019
R000000017/5.212620/0212/R000000003/R000000018
R000000017/5.212620/0212/R000000003/R000000018
R000000001/5.791800/0028/R000000017
Q000000002/4.589409/0000/R000000001
Q000000003/4.589409/0000/R000000001
Q000000004/3.116245/0000/R000000021
R000000024/1.371742/0086/R000000012
R000000024/1.371742/0091/R000000012
R000000023/1.524158/0041/R000000024
R000000023/1.524158/0086/R000000011
R000000022/2.804620/0175/M000000005/R000000023
R000000022/3.993294/0212/R000000007/R000000011
R000000021/3.116245/0028/R000000022
R000000026/2.606310/0086/R000000018
R000000026/2.606310/0091/R000000018
R000000025/4.007011/0175/M000000005/R000000026
R000000025/5.075447/0212/R000000007/R000000018
R000000021/4.452235/0028/R000000025
<NEXT>