#
#  Reaction log file
#  Author: LigBuilder V3 User_Diana
#  Creation time: Fri Apr 10 01:38:30 2026
#  Format:
#  QueryMoleculeId/Cost/SynthesizeId/ReactantId1/ReactantId2/ReactantId3.....
#  Id prefix:
#  Q --- Query Molecule
#  M --- Material
#  R --- Reactant
#
Directory      result/synthesize_PfHDAC1/243/DATABASE/
#
Q000000001/5.639385/0000/R000000001
M000000005/1.000000/0000/Sigma_BB-29509005
R000000004/1.111111/0114/M000000005
R000000006/8.800000/0000/Guesstimate
R000000004/9.777779/0155/R000000006
R000000007/1.000000/0000/Guesstimate
R000000003/2.345679/0274/R000000004/R000000007
R000000009/1.000000/0000/Guesstimate
R000000008/2.345679/0274/R000000004/R000000009
R000000010/1.000000/0000/Guesstimate
R000000008/9.800000/0274/R000000006/R000000010
R000000011/1.000000/0000/Guesstimate
R000000003/3.717421/0275/R000000008/R000000011
R000000013/1.000000/0000/Guesstimate
R000000014/1.000000/0000/Guesstimate
R000000012/2.222222/0001/R000000013/R000000014
R000000015/1.000000/0000/Guesstimate
R000000016/1.000000/0000/Guesstimate
R000000012/2.222222/0002/R000000015/R000000016
R000000002/5.075447/0212/R000000003/R000000012
R000000002/5.075447/0212/R000000003/R000000012
R000000001/5.639385/0041/R000000002
M000000020/1.000000/0000/Sigma_BB-28799055
R000000021/1.000000/0000/Guesstimate
R000000019/2.222222/0274/M000000020/R000000021
M000000022/1.000000/0000/Sigma_BB-129313663
R000000018/3.580247/0212/R000000019/M000000022
M000000024/1.000000/0000/Sigma_BB-28775830
R000000023/3.580247/0212/R000000019/M000000024
R000000023/3.580247/0212/R000000019/M000000024
R000000025/1.000000/0000/Guesstimate
R000000018/5.089163/0212/R000000023/R000000025
R000000026/1.000000/0000/Guesstimate
R000000017/5.089163/0175/R000000018/R000000026
R000000029/1.000000/0000/Guesstimate
R000000028/2.222222/0274/M000000020/R000000029
R000000027/3.580247/0175/R000000028/R000000026
R000000030/3.580247/0175/R000000019/R000000026
R000000030/3.580247/0290/R000000019/R000000026
R000000027/3.978053/0100/R000000030
R000000032/1.000000/0000/Guesstimate
R000000033/1.000000/0000/Guesstimate
R000000031/2.222222/0004/R000000032/R000000033
M000000035/1.000000/0000/Sigma_BB-28524129
R000000034/2.222222/0212/M000000022/M000000035
R000000034/2.222222/0212/M000000022/M000000035
R000000031/2.469136/0024/R000000034
R000000017/6.447188/0212/R000000027/R000000031
R000000001/5.654626/0139/R000000017
Q000000002/2.758726/0000/R000000036
M000000040/1.000000/0000/Sigma_BB-28838111
R000000039/1.111111/0074/M000000040
R000000039/1.111111/0167/M000000040
R000000038/1.234568/0041/R000000039
R000000042/1.000000/0000/Guesstimate
R000000041/2.222222/0175/M000000020/R000000042
R000000041/2.222222/0290/M000000020/R000000042
R000000038/2.469136/0041/R000000041
R000000043/1.000000/0000/Guesstimate
R000000037/2.482853/0274/R000000038/R000000043
R000000046/1.000000/0000/Guesstimate
R000000045/2.222222/0274/M000000020/R000000046
R000000044/2.469136/0041/R000000045
R000000048/1.000000/0000/Guesstimate
R000000047/2.222222/0274/M000000020/R000000048
R000000044/2.469136/0198/R000000047
R000000037/3.854596/0175/R000000044/R000000026
R000000036/2.758726/0139/R000000037
R000000052/1.000000/0000/Guesstimate
R000000051/2.345679/0274/R000000004/R000000052
R000000053/1.000000/0000/Guesstimate
R000000051/9.800000/0274/R000000006/R000000053
R000000050/2.606310/0155/R000000051
R000000054/2.345679/0274/R000000004/R000000025
R000000054/9.800000/0274/R000000006/R000000029
R000000050/3.717421/0212/R000000054/R000000029
R000000049/4.007011/0003/R000000050/R000000014
R000000057/1.000000/0000/Guesstimate
R000000056/2.345679/0274/R000000004/R000000057
R000000058/1.000000/0000/Guesstimate
R000000056/9.800000/0274/R000000006/R000000058
R000000055/3.717421/0003/R000000056/R000000014
R000000059/2.606310/0257/R000000051
R000000059/2.895900/0217/R000000050
R000000055/4.007011/0049/R000000059/R000000029
R000000049/5.241580/0049/R000000055/R000000029
R000000036/4.452235/0041/R000000049
Q000000003/5.639385/0000/R000000001
<NEXT>