#
#  Reaction log file
#  Author: LigBuilder V3 User_Diana
#  Creation time: Fri Apr 10 01:38:48 2026
#  Format:
#  QueryMoleculeId/Cost/SynthesizeId/ReactantId1/ReactantId2/ReactantId3.....
#  Id prefix:
#  Q --- Query Molecule
#  M --- Material
#  R --- Reactant
#
Directory      result/synthesize_PfHDAC1/246/DATABASE/
#
Q000000001/5.791801/0000/R000000001
M000000005/1.000000/0000/Sigma_BB-29509312
R000000006/1.000000/0000/Guesstimate
R000000004/2.222222/0175/M000000005/R000000006
R000000004/2.222222/0290/M000000005/R000000006
R000000003/2.469136/0139/R000000004
M000000008/1.000000/0000/Sigma_BB-48767194
R000000007/2.222222/0175/M000000005/M000000008
R000000007/2.222222/0290/M000000005/M000000008
R000000003/2.469136/0150/R000000007
M000000010/1.000000/0000/Sigma_BB-28799083
R000000011/1.000000/0000/Guesstimate
R000000009/2.222222/0279/M000000010/R000000011
R000000009/2.222222/0279/M000000010/R000000011
R000000002/5.212621/0232/R000000003/R000000009
R000000001/5.791801/0028/R000000002
R000000014/3.854596/0232/R000000003/R000000011
R000000013/4.282884/0217/R000000014
R000000016/1.000000/0000/Guesstimate
R000000015/5.393995/0274/R000000014/R000000016
R000000013/5.993328/0257/R000000015
R000000017/1.000000/0000/Guesstimate
R000000012/5.869872/0138/R000000013/R000000017
R000000001/6.522080/0099/R000000012
Q000000002/5.791801/0000/R000000001
Q000000003/4.420058/0000/R000000018
M000000022/1.000000/0000/Sigma_BB-29509005
R000000021/1.111111/0287/M000000022
R000000023/1.000000/0000/Guesstimate
R000000020/2.345679/0004/R000000021/R000000023
R000000020/4.758760/0040/R000000013
M000000026/1.000000/0000/Sigma_BB-28521704
R000000025/1.111111/0293/M000000026
R000000024/1.234568/0099/R000000025
R000000024/8.777778/0090/R000000027
R000000019/3.978052/0003/R000000020/R000000024
R000000029/2.606310/0093/R000000020
R000000031/4.758760/0054/R000000013
R000000032/1.000000/0000/Guesstimate
R000000031/5.393995/0004/R000000014/R000000032
R000000030/5.287512/0009/R000000031
R000000033/1.000000/0000/Guesstimate
R000000030/5.869872/0049/R000000013/R000000033
R000000029/5.875013/0040/R000000030
R000000028/2.895900/0085/R000000029
R000000035/1.000000/0000/Guesstimate
R000000034/3.854596/0232/R000000003/R000000035
R000000037/1.000000/0000/Guesstimate
R000000036/3.854596/0232/R000000003/R000000037
R000000034/4.282884/0082/R000000036
R000000028/4.282884/0040/R000000034
R000000039/1.000000/0000/Guesstimate
M000000041/1.000000/0000/Sigma_BB-28934216
R000000040/1.111111/0099/M000000041
R000000038/2.345679/0003/R000000039/R000000040
R000000042/2.482853/0004/R000000032/R000000024
R000000042/2.482853/0277/R000000032/R000000024
R000000038/2.758726/0009/R000000042
R000000019/5.823977/0049/R000000028/R000000038
R000000018/4.420058/0099/R000000019
R000000046/1.000000/0000/Guesstimate
R000000045/3.717421/0212/R000000020/R000000046
R000000045/3.717421/0212/R000000020/R000000046
R000000047/1.000000/0000/Guesstimate
R000000044/5.241580/0122/R000000045/R000000047
R000000049/1.000000/0000/Guesstimate
R000000048/5.241580/0301/R000000045/R000000049
R000000048/5.241580/0301/R000000045/R000000049
R000000044/5.823977/0139/R000000048
M000000052/1.000000/0000/Sigma_BB-28775951
R000000051/1.111111/0093/M000000052
M000000053/1.000000/0000/Sigma_BB-137746741
R000000051/1.111111/0093/M000000053
R000000050/1.234568/0001/R000000051
R000000055/1.000000/0000/Guesstimate
M000000056/1.000000/0000/Sigma_BB-28247348
R000000054/2.222222/0003/R000000055/M000000056
R000000057/1.000000/0000/Guesstimate
M000000058/1.000000/0000/Sigma_BB-28760112
R000000054/2.222222/0042/R000000057/M000000058
R000000050/2.469136/0002/R000000054
R000000043/7.195720/0042/R000000044/R000000050
R000000061/1.000000/0000/Guesstimate
R000000060/2.222222/0004/R000000061/R000000055
M000000062/1.000000/0000/Sigma_BB-28775620
R000000063/1.000000/0000/Guesstimate
R000000060/2.222222/0122/M000000062/R000000063
R000000059/2.469136/0003/R000000060
R000000059/9.444445/0082/R000000064
R000000043/8.618498/0122/R000000030/R000000059
R000000018/7.995245/0099/R000000043
<NEXT>