#
#  Reaction log file
#  Author: LigBuilder V3 User_Diana
#  Creation time: Fri Apr 10 01:38:34 2026
#  Format:
#  QueryMoleculeId/Cost/SynthesizeId/ReactantId1/ReactantId2/ReactantId3.....
#  Id prefix:
#  Q --- Query Molecule
#  M --- Material
#  R --- Reactant
#
Directory      result/synthesize_PfHDAC1/242/DATABASE/
#
Q000000001/7.163543/0000/R000000001
M000000004/1.000000/0000/Sigma_BB-29781678
R000000005/1.000000/0000/Guesstimate
R000000003/2.222222/0119/M000000004/R000000005
R000000003/2.222222/0280/M000000004/R000000005
R000000008/1.000000/0000/Guesstimate
R000000009/1.000000/0000/Guesstimate
R000000007/2.222222/0224/R000000008/R000000009
R000000010/1.000000/0000/Guesstimate
R000000006/3.580247/0112/R000000007/R000000010
R000000012/2.222222/0112/R000000008/R000000010
R000000013/1.000000/0000/Guesstimate
R000000011/3.580247/0224/R000000012/R000000013
R000000006/3.978053/0041/R000000011
R000000002/6.447188/0231/R000000003/R000000006
R000000014/4.938272/0231/R000000003/R000000012
R000000002/6.598080/0224/R000000014/R000000009
R000000001/7.163543/0024/R000000002
R000000017/1.111111/0091/M000000004
R000000019/1.000000/0000/Guesstimate
R000000018/1.111111/0287/R000000019
R000000016/2.469136/0112/R000000017/R000000018
M000000020/1.000000/0000/Sigma_BB-30438932
R000000021/7.900000/0000/Guesstimate
R000000016/9.888888/0112/M000000020/R000000021
R000000015/6.721537/0231/R000000016/R000000006
R000000001/7.468375/0025/R000000015
Q000000002/7.163543/0000/R000000001
Q000000003/7.163543/0000/R000000001
<NEXT>