#
#  Reaction log file
#  Author: LigBuilder V3 User_Diana
#  Creation time: Fri Apr 10 01:36:42 2026
#  Format:
#  QueryMoleculeId/Cost/SynthesizeId/ReactantId1/ReactantId2/ReactantId3.....
#  Id prefix:
#  Q --- Query Molecule
#  M --- Material
#  R --- Reactant
#
Directory      result/synthesize_PfHDAC1/181/DATABASE/
#
Q000000001/5.654626/0000/R000000001
R000000004/1.000000/0000/Guesstimate
R000000006/1.000000/0000/Guesstimate
R000000007/1.000000/0000/Guesstimate
R000000005/2.222222/0122/R000000006/R000000007
R000000005/2.222222/0122/R000000006/R000000007
R000000003/3.580247/0003/R000000004/R000000005
R000000009/1.000000/0000/Guesstimate
R000000008/2.222222/0003/R000000004/R000000009
R000000010/1.000000/0000/Guesstimate
R000000011/1.000000/0000/Guesstimate
R000000008/2.222222/0049/R000000010/R000000011
R000000012/1.000000/0000/Guesstimate
R000000003/3.580247/0012/R000000008/R000000012
R000000013/1.000000/0000/Guesstimate
R000000002/5.089163/0049/R000000003/R000000013
R000000016/1.000000/0000/Guesstimate
R000000017/1.000000/0000/Guesstimate
R000000015/2.222222/0301/R000000016/R000000017
R000000015/2.222222/0301/R000000016/R000000017
R000000014/3.580247/0122/R000000015/R000000007
R000000019/2.222222/0004/R000000004/R000000009
R000000021/1.000000/0000/Guesstimate
R000000020/2.222222/0004/R000000021/R000000009
R000000022/1.000000/0000/Guesstimate
R000000023/1.000000/0000/Guesstimate
R000000020/3.333333/0225/R000000021/R000000022/R000000023
R000000019/2.469136/0059/R000000020
R000000024/1.000000/0000/Guesstimate
R000000018/3.580247/0212/R000000019/R000000024
R000000018/3.580247/0212/R000000019/R000000024
R000000026/1.000000/0000/Guesstimate
R000000025/2.222222/0003/R000000026/R000000007
R000000025/2.222222/0049/R000000013/R000000012
R000000014/6.447188/0122/R000000018/R000000025
R000000027/1.000000/0000/Guesstimate
R000000002/5.089163/0112/R000000014/R000000027
R000000001/5.654626/0122/R000000002
M000000031/1.000000/0000/Sigma_BB-28762337
R000000030/2.222222/0141/M000000031/R000000012
R000000029/2.469136/0122/R000000030
R000000032/2.222222/0122/M000000031/R000000012
R000000032/2.222222/0122/M000000031/R000000012
R000000029/2.469136/0141/R000000032
R000000028/5.212621/0212/R000000019/R000000029
R000000028/5.212621/0212/R000000019/R000000029
R000000001/5.791801/0099/R000000028
Q000000002/4.267643/0000/R000000033
M000000037/1.000000/0000/Sigma_BB-161238457
R000000036/1.111111/0299/M000000037
R000000035/1.234568/0114/R000000036
R000000038/1.111111/0114/M000000037
R000000035/1.234568/0299/R000000038
R000000040/1.000000/0000/Guesstimate
R000000039/2.222222/0004/R000000009/R000000040
R000000041/2.222222/0003/R000000026/R000000040
R000000039/2.469136/0040/R000000041
R000000034/3.840878/0274/R000000035/R000000039
R000000033/4.267643/0147/R000000034
R000000045/1.000000/0000/Guesstimate
R000000044/2.482853/0274/R000000035/R000000045
R000000043/2.758726/0147/R000000044
R000000048/1.000000/0000/Guesstimate
R000000047/2.222222/0112/R000000048/R000000040
R000000046/2.469136/0197/R000000047
R000000049/2.469136/0216/R000000039
R000000046/2.743484/0091/R000000049
R000000042/5.808736/0112/R000000043/R000000046
R000000033/6.454152/0147/R000000042
Q000000003/4.267643/0000/R000000033
<NEXT>