#
#  Reaction log file
#  Author: LigBuilder V3 User_Diana
#  Creation time: Fri Apr 10 01:39:57 2026
#  Format:
#  QueryMoleculeId/Cost/SynthesizeId/ReactantId1/ReactantId2/ReactantId3.....
#  Id prefix:
#  Q --- Query Molecule
#  M --- Material
#  R --- Reactant
#
Directory      result/synthesize_PfHDAC1/293/DATABASE/
#
Q000000001/4.420059/0000/R000000001
M000000004/1.000000/0000/Sigma_BB-29509005
R000000003/1.111111/0053/M000000004
R000000005/1.111111/0074/M000000004
R000000005/1.111111/0167/M000000004
R000000003/1.234568/0017/R000000005
M000000008/1.000000/0000/Sigma_BB-28764950
M000000009/1.000000/0000/Sigma_BB-28830366
R000000007/2.222222/0212/M000000008/M000000009
R000000007/2.222222/0212/M000000008/M000000009
R000000006/2.469136/0087/R000000007
R000000011/1.000000/0000/Guesstimate
R000000010/3.580247/0004/R000000011/R000000007
R000000006/3.978053/0197/R000000010
R000000002/3.978053/0275/R000000003/R000000006
R000000001/4.420059/0028/R000000002
R000000015/1.000000/0000/Guesstimate
R000000014/2.345679/0275/R000000003/R000000015
R000000013/2.606310/0147/R000000014
R000000017/1.000000/0000/Guesstimate
R000000016/2.345679/0274/R000000003/R000000017
R000000013/2.606310/0260/R000000016
R000000012/4.007011/0001/R000000013/M000000009
R000000020/1.000000/0000/Guesstimate
R000000019/2.345679/0275/R000000003/R000000020
R000000018/2.606310/0091/R000000019
R000000022/1.000000/0000/Guesstimate
R000000021/2.345679/0275/R000000003/R000000022
R000000018/2.606310/0197/R000000021
R000000012/4.007011/0003/R000000018/M000000009
R000000001/4.452235/0099/R000000012
Q000000002/4.420059/0000/R000000001
Q000000003/4.420059/0000/R000000001
<NEXT>