#
#  Reaction log file
#  Author: LigBuilder V3 User_Diana
#  Creation time: Fri Apr 10 01:36:53 2026
#  Format:
#  QueryMoleculeId/Cost/SynthesizeId/ReactantId1/ReactantId2/ReactantId3.....
#  Id prefix:
#  Q --- Query Molecule
#  M --- Material
#  R --- Reactant
#
Directory      result/synthesize_PfHDAC1/199/DATABASE/
#
Q000000001/2.482853/0000/R000000001
M000000004/1.000000/0000/Sigma_BB-29509005
R000000003/1.111111/0074/M000000004
R000000005/1.111111/0287/M000000004
R000000006/1.000000/0000/Guesstimate
R000000003/2.345679/0112/R000000005/R000000006
R000000002/1.234568/0040/R000000003
R000000008/1.111111/0114/M000000004
R000000009/1.000000/0000/Guesstimate
R000000007/2.345679/0004/R000000008/R000000009
R000000011/1.000000/0000/Guesstimate
R000000010/2.222222/0175/M000000004/R000000011
R000000010/2.222222/0290/M000000004/R000000011
R000000007/2.469136/0040/R000000010
R000000002/2.606310/0073/R000000007
R000000012/1.000000/0000/Guesstimate
R000000001/2.482853/0003/R000000002/R000000012
M000000016/1.000000/0000/Sigma_BB-27113924
M000000017/1.000000/0000/Sigma_BB-28830366
R000000015/2.222222/0004/M000000016/M000000017
R000000014/2.469136/0197/R000000015
R000000018/1.000000/0000/Guesstimate
R000000013/3.854596/0112/R000000014/R000000018
R000000001/4.282884/0028/R000000013
Q000000002/2.482853/0000/R000000001
Q000000003/2.482853/0000/R000000019
R000000020/1.000000/0000/Guesstimate
R000000019/2.482853/0003/R000000002/R000000020
M000000022/1.000000/0000/Sigma_BB-28798980
R000000021/3.854596/0112/R000000014/M000000022
R000000023/3.854596/0112/R000000014/R000000006
R000000025/1.000000/0000/Guesstimate
R000000024/3.854596/0004/R000000014/R000000025
R000000023/4.282884/0009/R000000024
R000000028/1.000000/0000/Guesstimate
R000000029/1.000000/0000/Guesstimate
R000000027/2.222222/0003/R000000028/R000000029
M000000030/1.000000/0000/Sigma_BB-28775620
R000000031/1.000000/0000/Guesstimate
R000000027/2.222222/0049/M000000030/R000000031
R000000026/2.469136/0147/R000000027
R000000033/1.000000/0000/Guesstimate
R000000034/1.000000/0000/Guesstimate
R000000032/2.222222/0003/R000000033/R000000034
R000000035/1.000000/0000/Guesstimate
R000000032/2.222222/0112/R000000035/R000000029
R000000026/2.469136/0147/R000000032
R000000021/7.026369/0138/R000000023/R000000026
R000000019/4.282884/0028/R000000021
<NEXT>