#
#  Reaction log file
#  Author: LigBuilder V3 User_Diana
#  Creation time: Fri Apr 10 01:34:43 2026
#  Format:
#  QueryMoleculeId/Cost/SynthesizeId/ReactantId1/ReactantId2/ReactantId3.....
#  Id prefix:
#  Q --- Query Molecule
#  M --- Material
#  R --- Reactant
#
Directory      result/synthesize_PfHDAC1/99/DATABASE/
#
Q000000001/5.080527/0000/R000000001
R000000006/1.000000/0000/Guesstimate
M000000007/1.000000/0000/Sigma_BB-28762337
R000000005/2.222222/0012/R000000006/M000000007
R000000005/2.222222/0285/R000000006/M000000007
R000000004/2.469136/0285/R000000005
R000000003/2.743484/0197/R000000004
R000000008/9.500000/0000/Guesstimate
R000000003/9.500000/0082/R000000008
M000000012/1.000000/0000/Sigma_BB-244919174
R000000011/1.111111/0299/M000000012
M000000014/1.000000/0000/Sigma_BB-29602945
R000000013/1.111111/0299/M000000014
R000000015/1.000000/0000/Guesstimate
M000000016/1.000000/0000/Sigma_BB-28783824
R000000013/2.222222/0018/R000000015/M000000016
R000000011/1.234568/0155/R000000013
R000000010/1.234568/0074/R000000011
R000000017/1.234568/0287/R000000011
R000000018/1.000000/0000/Guesstimate
R000000010/2.482853/0112/R000000017/R000000018
R000000009/1.371742/0017/R000000010
M000000021/1.000000/0000/Sigma_BB-248786018
R000000020/1.111111/0299/M000000021
M000000023/1.000000/0000/Sigma_BB-29607840
R000000022/1.111111/0299/M000000023
M000000024/1.000000/0000/Sigma_BB-28448691
R000000022/2.222222/0018/R000000015/M000000024
R000000020/1.234568/0155/R000000022
R000000019/1.234568/0074/R000000020
R000000025/1.234568/0287/R000000020
R000000019/2.482853/0112/R000000025/R000000018
R000000009/1.371742/0017/R000000019
R000000002/4.572474/0301/R000000003/R000000009
R000000002/4.572474/0301/R000000003/R000000009
R000000001/5.080527/0041/R000000002
R000000029/1.000000/0000/Guesstimate
M000000030/1.000000/0000/Sigma_BB-28247348
R000000028/2.222222/0003/R000000029/M000000030
R000000027/2.469136/0004/R000000028
R000000032/1.000000/0000/Guesstimate
R000000031/2.635269/0004/R000000009/R000000032
R000000034/1.000000/0000/Guesstimate
R000000033/2.635269/0003/R000000009/R000000034
R000000035/1.000000/0000/Guesstimate
R000000033/2.635269/0277/R000000009/R000000035
R000000031/2.928077/0040/R000000033
R000000026/5.671562/0212/R000000027/R000000031
R000000026/5.671562/0212/R000000027/R000000031
R000000001/6.301735/0099/R000000026
Q000000002/5.080527/0000/R000000001
Q000000003/5.080527/0000/R000000001
Q000000004/Analysis Failed
<NEXT>