#
#  Reaction log file
#  Author: LigBuilder V3 User_Diana
#  Creation time: Fri Apr 10 01:32:45 2026
#  Format:
#  QueryMoleculeId/Cost/SynthesizeId/ReactantId1/ReactantId2/ReactantId3.....
#  Id prefix:
#  Q --- Query Molecule
#  M --- Material
#  R --- Reactant
#
Directory      result/synthesize_PfHDAC1/6/DATABASE/
#
Q000000001/2.469136/0000/R000000001
R000000003/1.000000/0000/Guesstimate
M000000004/1.000000/0000/Sigma_BB-27646106
R000000002/2.222222/0004/R000000003/M000000004
M000000007/1.000000/0000/Sigma_BB-30686419
R000000008/1.000000/0000/Guesstimate
R000000009/1.000000/0000/Guesstimate
R000000006/3.333333/0261/M000000007/R000000008/R000000009
R000000005/3.703704/0155/R000000006
R000000002/4.115227/0024/R000000005
R000000001/2.469136/0153/R000000002
M000000013/1.000000/0000/Sigma_BB-243767966
R000000012/2.222222/0004/R000000003/M000000013
R000000011/2.469136/0153/R000000012
R000000014/9.500000/0000/Guesstimate
R000000011/9.500000/0082/R000000014
R000000010/2.743484/0040/R000000011
R000000016/3.854596/0274/R000000011/R000000009
R000000015/4.282884/0040/R000000016
R000000017/10.000000/0000/Guesstimate
R000000015/10.000000/0260/R000000017
R000000010/4.758760/0155/R000000015
R000000001/3.048316/0153/R000000010
Q000000002/4.420059/0000/R000000018
M000000021/1.000000/0000/Sigma_BB-29509005
R000000020/1.111111/0114/M000000021
M000000023/1.000000/0000/Sigma_BB-28838111
R000000022/1.111111/0114/M000000023
R000000020/1.234568/0139/R000000022
M000000026/1.000000/0000/Sigma_BB-28762337
R000000027/1.000000/0000/Guesstimate
R000000025/2.222222/0122/M000000026/R000000027
R000000025/2.222222/0122/M000000026/R000000027
R000000024/2.469136/0004/R000000025
R000000029/1.000000/0000/Guesstimate
R000000030/1.000000/0000/Guesstimate
R000000028/2.222222/0274/R000000029/R000000030
R000000031/1.000000/0000/Guesstimate
R000000032/1.000000/0000/Guesstimate
R000000028/2.222222/0274/R000000031/R000000032
R000000024/2.469136/0004/R000000028
R000000019/3.978053/0003/R000000020/R000000024
R000000034/1.111111/0287/M000000021
R000000035/1.000000/0000/Guesstimate
R000000033/2.345679/0003/R000000034/R000000035
R000000037/1.000000/0000/Guesstimate
R000000036/2.345679/0004/R000000020/R000000037
R000000039/1.000000/0000/Guesstimate
R000000038/2.345679/0004/R000000034/R000000039
R000000041/1.000000/0000/Guesstimate
R000000040/2.222222/0175/M000000021/R000000041
R000000040/2.222222/0290/M000000021/R000000041
R000000038/2.469136/0024/R000000040
M000000042/1.000000/0000/Sigma_BB-28778979
R000000036/3.717421/0212/R000000038/M000000042
R000000033/2.606310/0009/R000000036
M000000045/1.000000/0000/Sigma_BB-161611916
R000000044/1.111111/0099/M000000045
R000000046/1.000000/0000/Guesstimate
R000000044/1.111111/0228/R000000046
R000000043/2.345679/0004/R000000003/R000000044
R000000048/1.000000/0000/Guesstimate
R000000047/2.345679/0277/R000000048/R000000044
R000000049/1.000000/0000/Guesstimate
R000000047/2.345679/0301/R000000049/R000000044
R000000043/2.606310/0024/R000000047
R000000019/5.212620/0049/R000000033/R000000043
R000000018/4.420059/0099/R000000019
M000000053/1.000000/0000/Sigma_BB-28945063
M000000054/1.000000/0000/Sigma_BB-28830366
R000000052/2.222222/0004/M000000053/M000000054
R000000051/2.469136/0197/R000000052
R000000051/2.469136/0197/R000000052
R000000056/1.000000/0000/Guesstimate
R000000055/2.345679/0122/R000000056/R000000044
R000000057/2.222222/0122/R000000056/M000000045
R000000057/2.222222/0122/R000000056/M000000045
R000000055/2.469136/0099/R000000057
R000000050/5.349795/0175/R000000051/R000000055
R000000059/1.000000/0000/Guesstimate
R000000058/3.854596/0175/R000000051/R000000059
R000000058/3.854596/0290/R000000051/R000000059
R000000062/1.000000/0000/Guesstimate
R000000061/2.222222/0122/R000000062/M000000045
R000000060/2.469136/0099/R000000061
R000000060/9.555556/0099/R000000063
R000000050/7.026369/0279/R000000058/R000000060
R000000018/5.944217/0028/R000000050
Q000000003/4.420059/0000/R000000018
Q000000004/4.420059/0000/R000000018
<NEXT>