#
#  Reaction log file
#  Author: LigBuilder V3 User_Diana
#  Creation time: Fri Apr 10 01:36:09 2026
#  Format:
#  QueryMoleculeId/Cost/SynthesizeId/ReactantId1/ReactantId2/ReactantId3.....
#  Id prefix:
#  Q --- Query Molecule
#  M --- Material
#  R --- Reactant
#
Directory      result/synthesize_PfHDAC1/167/DATABASE/
#
Q000000001/4.267642/0000/R000000001
M000000005/1.000000/0000/Sigma_BB-29509005
R000000004/1.111111/0114/M000000005
R000000006/1.000000/0000/Guesstimate
R000000003/2.345679/0004/R000000004/R000000006
R000000008/1.000000/0000/Guesstimate
R000000007/2.345679/0277/R000000004/R000000008
R000000009/1.000000/0000/Guesstimate
R000000007/2.345679/0301/R000000004/R000000009
R000000003/2.606310/0024/R000000007
M000000011/1.000000/0000/Sigma_BB-152394313
R000000010/1.111111/0085/M000000011
R000000013/1.000000/0000/Guesstimate
R000000012/2.222222/0004/M000000011/R000000013
R000000010/2.469136/0197/R000000012
R000000002/3.840878/0212/R000000003/R000000010
R000000016/1.000000/0000/Guesstimate
R000000015/2.222222/0004/M000000011/R000000016
R000000015/2.222222/0277/M000000011/R000000016
R000000014/2.469136/0197/R000000015
R000000018/1.000000/0000/Guesstimate
R000000017/1.111111/0040/R000000018
R000000019/1.000000/0000/Guesstimate
R000000017/2.222222/0004/R000000006/R000000019
R000000014/2.469136/0212/R000000010/R000000017
R000000002/3.854596/0175/M000000005/R000000014
R000000001/4.267642/0028/R000000002
R000000001/4.267642/0028/R000000002
Q000000002/7.468375/0000/R000000020
R000000023/1.111111/0287/M000000005
R000000024/1.000000/0000/Guesstimate
R000000022/2.345679/0004/R000000023/R000000024
R000000025/2.345679/0004/R000000023/R000000006
R000000025/2.606310/0100/R000000003
R000000026/1.000000/0000/Guesstimate
R000000022/3.717421/0004/R000000025/R000000026
M000000029/1.000000/0000/Sigma_BB-28764950
R000000028/1.111111/0085/M000000029
R000000031/1.000000/0000/Guesstimate
R000000030/2.222222/0004/R000000006/R000000031
R000000032/1.000000/0000/Guesstimate
R000000033/1.000000/0000/Guesstimate
R000000030/3.333333/0225/R000000032/R000000031/R000000033
R000000027/3.703704/0212/R000000028/R000000030
R000000027/3.703704/0212/R000000028/R000000030
R000000021/6.721537/0212/R000000022/R000000027
R000000021/6.721537/0212/R000000022/R000000027
R000000020/7.468375/0028/R000000021
R000000036/3.580247/0212/M000000029/R000000030
R000000036/3.580247/0212/M000000029/R000000030
R000000035/3.978053/0085/R000000036
R000000037/5.089163/0004/R000000036/R000000013
R000000035/5.654626/0197/R000000037
R000000034/7.026369/0212/R000000022/R000000035
R000000034/7.026369/0212/R000000022/R000000035
R000000020/7.807076/0028/R000000034
Q000000003/7.468375/0000/R000000038
R000000041/1.000000/0000/Guesstimate
R000000040/2.345679/0004/R000000023/R000000041
R000000042/1.000000/0000/Guesstimate
R000000040/3.717421/0004/R000000025/R000000042
R000000039/6.721537/0212/R000000040/R000000027
R000000039/6.721537/0212/R000000040/R000000027
R000000038/7.468375/0028/R000000039
R000000043/7.026369/0212/R000000040/R000000035
R000000043/7.026369/0212/R000000040/R000000035
R000000038/7.807076/0028/R000000043
Q000000004/7.468375/0000/R000000038
<NEXT>