#
#  Reaction log file
#  Author: LigBuilder V3 User_Diana
#  Creation time: Fri Apr 10 01:34:45 2026
#  Format:
#  QueryMoleculeId/Cost/SynthesizeId/ReactantId1/ReactantId2/ReactantId3.....
#  Id prefix:
#  Q --- Query Molecule
#  M --- Material
#  R --- Reactant
#
Directory      result/synthesize_PfHDAC1/105/DATABASE/
#
Q000000001/4.130468/0000/R000000001
M000000005/1.000000/0000/Sigma_BB-30559486
R000000004/1.111111/0287/M000000005
M000000006/1.000000/0000/Sigma_BB-28945063
R000000007/1.000000/0000/Guesstimate
R000000004/2.222222/0174/M000000006/R000000007
R000000008/1.000000/0000/Guesstimate
R000000003/2.345679/0003/R000000004/R000000008
R000000009/1.111111/0074/M000000005
R000000010/1.000000/0000/Guesstimate
R000000009/2.345679/0112/R000000004/R000000010
R000000011/1.000000/0000/Guesstimate
R000000003/2.345679/0049/R000000009/R000000011
R000000012/1.000000/0000/Guesstimate
R000000002/3.717421/0012/R000000003/R000000012
M000000016/1.000000/0000/Sigma_BB-29509312
R000000015/1.111111/0287/M000000016
M000000017/1.000000/0000/Sigma_BB-135809836
R000000015/1.111111/0299/M000000017
R000000018/1.000000/0000/Guesstimate
R000000014/2.345679/0231/R000000015/R000000018
R000000013/3.717421/0112/R000000014/R000000007
R000000020/1.000000/0000/Guesstimate
R000000019/2.222222/0003/R000000008/R000000020
R000000021/1.000000/0000/Guesstimate
R000000019/2.222222/0049/R000000011/R000000021
R000000023/1.000000/0000/Guesstimate
R000000024/1.000000/0000/Guesstimate
R000000022/2.222222/0279/R000000023/R000000024
R000000022/2.222222/0279/R000000023/R000000024
R000000013/4.938272/0159/R000000019/R000000022
R000000002/4.130468/0082/R000000013
R000000001/4.130468/0059/R000000002
R000000027/1.000000/0000/Guesstimate
R000000026/2.345679/0231/R000000015/R000000027
R000000028/2.222222/0231/M000000016/R000000027
R000000026/2.469136/0287/R000000028
R000000025/3.717421/0004/R000000026/R000000011
R000000029/2.345679/0004/R000000015/R000000011
R000000031/1.000000/0000/Guesstimate
R000000030/2.222222/0175/M000000016/R000000031
R000000032/1.000000/0000/Guesstimate
R000000030/2.345679/0004/R000000015/R000000032
R000000029/2.469136/0085/R000000030
R000000025/3.717421/0231/R000000029/R000000027
R000000001/5.241580/0049/R000000025/R000000012
Q000000002/4.130468/0000/R000000001
Q000000003/Analysis Failed
<NEXT>