#
#  Reaction log file
#  Author: LigBuilder V3 User_Diana
#  Creation time: Fri Apr 10 01:33:14 2026
#  Format:
#  QueryMoleculeId/Cost/SynthesizeId/ReactantId1/ReactantId2/ReactantId3.....
#  Id prefix:
#  Q --- Query Molecule
#  M --- Material
#  R --- Reactant
#
Directory      result/synthesize_PfHDAC1/45/DATABASE/
#
Q000000001/7.315958/0000/R000000001
M000000004/1.000000/0000/Sigma_BB-29509005
R000000005/1.000000/0000/Guesstimate
R000000003/2.222222/0175/M000000004/R000000005
R000000003/2.222222/0290/M000000004/R000000005
M000000008/1.000000/0000/Sigma_BB-28764950
R000000007/1.111111/0085/M000000008
M000000010/1.000000/0000/Sigma_BB-28760789
R000000011/1.000000/0000/Guesstimate
R000000009/2.222222/0119/M000000010/R000000011
R000000012/1.000000/0000/Guesstimate
M000000013/1.000000/0000/Sigma_BB-31124150
R000000009/2.222222/0170/R000000012/M000000013
R000000006/3.703704/0212/R000000007/R000000009
R000000006/3.703704/0212/R000000007/R000000009
R000000002/6.584363/0212/R000000003/R000000006
R000000002/6.584363/0212/R000000003/R000000006
R000000001/7.315958/0028/R000000002
R000000016/3.703704/0212/R000000003/R000000007
R000000016/3.703704/0212/R000000003/R000000007
R000000017/1.000000/0000/Guesstimate
R000000015/5.226338/0212/R000000016/R000000017
R000000015/5.226338/0212/R000000016/R000000017
M000000018/1.000000/0000/Sigma_BB-28770086
R000000014/6.918153/0170/R000000015/M000000018
R000000019/5.226338/0212/R000000016/R000000012
R000000019/5.226338/0212/R000000016/R000000012
R000000014/6.918153/0170/R000000019/M000000013
R000000001/7.686837/0028/R000000014
Q000000002/4.282884/0000/R000000020
M000000024/1.000000/0000/Sigma_BB-28425471
R000000023/2.222222/0212/M000000008/M000000024
R000000023/2.222222/0212/M000000008/M000000024
R000000022/2.469136/0087/R000000023
R000000026/1.000000/0000/Guesstimate
R000000025/3.580247/0004/R000000023/R000000026
R000000022/3.978053/0197/R000000025
R000000021/3.854596/0175/M000000004/R000000022
R000000028/2.743484/0079/R000000022
R000000029/1.000000/0000/Guesstimate
R000000028/3.854596/0112/R000000022/R000000029
R000000027/3.048316/0040/R000000028
R000000031/1.000000/0000/Guesstimate
R000000030/3.854596/0276/R000000022/R000000031
R000000030/3.854596/0278/R000000022/R000000031
R000000027/4.282884/0024/R000000030
R000000021/5.856154/0212/R000000003/R000000027
R000000020/4.282884/0028/R000000021
R000000033/2.345679/0212/R000000007/M000000024
R000000033/2.345679/0212/R000000007/M000000024
R000000032/5.075447/0212/R000000003/R000000033
R000000032/5.075447/0212/R000000003/R000000033
R000000020/5.639385/0028/R000000032
Q000000003/Analysis Failed
Q000000004/Analysis Failed
<NEXT>