#
#  Reaction log file
#  Author: LigBuilder V3 User_Diana
#  Creation time: Fri Apr 10 01:35:30 2026
#  Format:
#  QueryMoleculeId/Cost/SynthesizeId/ReactantId1/ReactantId2/ReactantId3.....
#  Id prefix:
#  Q --- Query Molecule
#  M --- Material
#  R --- Reactant
#
Directory      result/synthesize_PfHDAC1/142/DATABASE/
#
Q000000001/4.130468/0000/R000000001
M000000005/1.000000/0000/Sigma_BB-29509005
R000000004/1.111111/0287/M000000005
R000000006/1.000000/0000/Guesstimate
R000000003/2.345679/0112/R000000004/R000000006
M000000010/1.000000/0000/Sigma_BB-29509312
R000000011/1.000000/0000/Guesstimate
R000000009/2.222222/0175/M000000010/R000000011
R000000009/2.222222/0290/M000000010/R000000011
R000000008/2.469136/0139/R000000009
M000000013/1.000000/0000/Sigma_BB-48767194
R000000012/2.222222/0175/M000000010/M000000013
R000000012/2.222222/0290/M000000010/M000000013
R000000008/2.469136/0150/R000000012
R000000014/1.000000/0000/Guesstimate
R000000007/3.854596/0231/R000000008/R000000014
R000000003/4.282884/0082/R000000007
M000000015/1.000000/0000/Sigma_BB-28769104
R000000002/3.717421/0049/R000000003/M000000015
R000000017/1.000000/0000/Guesstimate
R000000016/3.717421/0049/R000000003/R000000017
R000000018/3.854596/0232/R000000008/R000000014
R000000018/4.282884/0228/R000000007
R000000016/4.282884/0217/R000000018
R000000019/1.000000/0000/Guesstimate
R000000002/5.241580/0138/R000000016/R000000019
R000000001/4.130468/0099/R000000002
M000000022/1.000000/0000/Sigma_BB-28799083
R000000021/2.222222/0279/M000000022/R000000014
R000000021/2.222222/0279/M000000022/R000000014
R000000020/5.212621/0232/R000000008/R000000021
R000000001/5.791801/0028/R000000020
Q000000002/2.606310/0000/R000000023
M000000026/1.000000/0000/Sigma_BB-152435259
R000000025/1.111111/0087/M000000026
R000000027/1.111111/0085/M000000026
M000000029/1.000000/0000/Sigma_BB-28764950
R000000028/1.111111/0085/M000000029
R000000030/1.000000/0000/Guesstimate
R000000027/2.345679/0212/R000000028/R000000030
R000000025/1.234568/0086/R000000027
R000000024/2.345679/0175/M000000005/R000000025
R000000032/1.000000/0000/Guesstimate
R000000031/2.345679/0004/R000000004/R000000032
R000000034/1.000000/0000/Guesstimate
R000000033/2.222222/0175/M000000005/R000000034
R000000033/2.222222/0290/M000000005/R000000034
R000000031/2.469136/0024/R000000033
R000000024/3.840878/0212/R000000031/R000000027
R000000023/2.606310/0028/R000000024
R000000036/2.345679/0212/R000000028/R000000030
R000000036/2.345679/0212/R000000028/R000000030
R000000035/5.212620/0212/R000000031/R000000036
R000000035/5.212620/0212/R000000031/R000000036
R000000023/5.791800/0028/R000000035
Q000000003/2.606310/0000/R000000023
<NEXT>