#
#  Reaction log file
#  Author: LigBuilder V3 User_Diana
#  Creation time: Fri Apr 10 01:39:43 2026
#  Format:
#  QueryMoleculeId/Cost/SynthesizeId/ReactantId1/ReactantId2/ReactantId3.....
#  Id prefix:
#  Q --- Query Molecule
#  M --- Material
#  R --- Reactant
#
Directory      result/synthesize_PfHDAC1/290/DATABASE/
#
Q000000001/3.717421/0000/R000000001
M000000004/1.000000/0000/Sigma_BB-29509005
R000000003/1.111111/0114/M000000004
M000000006/1.000000/0000/Sigma_BB-28838111
R000000005/1.111111/0114/M000000006
R000000003/1.234568/0139/R000000005
R000000007/1.000000/0000/Guesstimate
R000000002/2.345679/0122/R000000003/R000000007
R000000008/2.345679/0122/R000000005/R000000007
M000000010/1.000000/0000/Sigma_BB-28757047
R000000011/1.000000/0000/Guesstimate
R000000009/2.222222/0175/M000000010/R000000011
M000000012/1.000000/0000/Sigma_BB-27199777
R000000013/1.000000/0000/Guesstimate
R000000009/2.222222/0279/M000000012/R000000013
R000000014/1.000000/0000/Guesstimate
R000000008/3.580247/0175/R000000009/R000000014
R000000002/2.606310/0139/R000000008
R000000015/1.000000/0000/Guesstimate
R000000001/3.717421/0003/R000000002/R000000015
M000000019/1.000000/0000/Sigma_BB-28764950
R000000018/1.111111/0087/M000000019
R000000020/2.222222/0001/R000000015/R000000015
R000000021/1.000000/0000/Guesstimate
R000000020/2.222222/0003/R000000015/R000000021
R000000017/3.703704/0212/R000000018/R000000020
R000000017/3.703704/0212/R000000018/R000000020
R000000016/5.226338/0175/M000000004/R000000017
R000000023/1.111111/0287/M000000004
R000000022/2.345679/0004/R000000023/R000000015
R000000025/1.000000/0000/Guesstimate
R000000024/2.222222/0175/M000000004/R000000025
R000000024/2.222222/0290/M000000004/R000000025
R000000022/2.469136/0024/R000000024
R000000027/4.115227/0079/R000000017
R000000028/1.000000/0000/Guesstimate
R000000027/5.226338/0112/R000000017/R000000028
R000000026/4.572474/0040/R000000027
R000000030/1.000000/0000/Guesstimate
R000000029/5.226338/0276/R000000017/R000000030
R000000029/5.226338/0278/R000000017/R000000030
R000000026/5.807042/0024/R000000029
R000000016/7.686838/0212/R000000022/R000000026
R000000001/5.807042/0028/R000000016
Q000000002/4.267642/0000/R000000031
R000000034/1.000000/0000/Guesstimate
R000000033/2.345679/0004/R000000023/R000000034
R000000036/1.000000/0000/Guesstimate
R000000035/2.345679/0004/R000000023/R000000036
R000000035/2.606310/0085/R000000022
R000000033/2.606310/0187/R000000035
M000000038/1.000000/0000/Sigma_BB-152437451
R000000037/1.111111/0085/M000000038
R000000040/1.111111/0085/M000000019
R000000039/1.234568/0204/R000000040
R000000037/1.371742/0147/R000000039
R000000032/3.840878/0212/R000000033/R000000037
R000000032/3.840878/0212/R000000033/R000000037
R000000031/4.267642/0028/R000000032
R000000042/2.345679/0212/R000000040/R000000015
R000000044/1.000000/0000/Guesstimate
R000000043/2.222222/0004/M000000019/R000000044
R000000043/2.222222/0277/M000000019/R000000044
R000000042/2.469136/0197/R000000043
R000000041/5.212620/0212/R000000033/R000000042
R000000041/5.212620/0212/R000000033/R000000042
R000000031/5.791800/0028/R000000041
Q000000003/3.717421/0000/R000000045
M000000046/1.000000/0000/Sigma_BB-28776791
R000000045/3.717421/0003/R000000002/M000000046
M000000050/1.000000/0000/Sigma_BB-28511256
R000000049/1.111111/0009/M000000050
R000000051/1.000000/0000/Guesstimate
R000000052/1.000000/0000/Guesstimate
R000000049/2.222222/0003/R000000051/R000000052
R000000048/2.469136/0122/R000000003/R000000049
R000000054/1.000000/0000/Guesstimate
R000000053/2.222222/0175/M000000004/R000000054
R000000053/2.345679/0003/R000000003/R000000051
R000000048/3.580247/0122/R000000053/R000000052
R000000047/2.743484/0024/R000000048
R000000047/3.717421/0004/R000000002/R000000015
R000000055/1.000000/0000/Guesstimate
R000000045/4.159427/0003/R000000047/R000000055
<NEXT>