#
#  Reaction log file
#  Author: LigBuilder V3 User_Diana
#  Creation time: Fri Apr 10 01:35:01 2026
#  Format:
#  QueryMoleculeId/Cost/SynthesizeId/ReactantId1/ReactantId2/ReactantId3.....
#  Id prefix:
#  Q --- Query Molecule
#  M --- Material
#  R --- Reactant
#
Directory      result/synthesize_PfHDAC1/130/DATABASE/
#
Q000000001/5.807042/0000/R000000001
R000000005/1.000000/0000/Guesstimate
R000000004/1.111111/0288/R000000005
R000000003/1.234568/0295/R000000004
R000000003/1.234568/0295/R000000004
R000000008/1.000000/0000/Guesstimate
M000000009/1.000000/0000/Sigma_BB-244164693
R000000007/2.222222/0275/R000000008/M000000009
R000000006/2.469136/0104/R000000007
R000000006/2.469136/0104/R000000007
R000000010/1.000000/0000/Guesstimate
R000000002/5.226338/0225/R000000003/R000000006/R000000010
R000000012/1.000000/0000/Guesstimate
R000000011/2.482853/0004/R000000003/R000000012
R000000014/1.000000/0000/Guesstimate
R000000013/2.482853/0003/R000000003/R000000014
R000000011/2.758726/0040/R000000013
R000000002/5.502210/0169/R000000011/R000000006
R000000001/5.807042/0160/R000000002
R000000017/1.000000/0000/Guesstimate
R000000016/2.482853/0112/R000000003/R000000017
R000000019/1.000000/0000/Guesstimate
R000000018/2.482853/0004/R000000003/R000000019
R000000016/2.758726/0260/R000000018
R000000021/1.000000/0000/Guesstimate
M000000022/1.000000/0000/Sigma_BB-28778212
R000000020/2.222222/0275/R000000021/M000000022
R000000023/2.222222/0275/R000000008/M000000022
R000000024/1.000000/0000/Guesstimate
R000000023/3.580247/0274/R000000024/R000000020
R000000020/2.469136/0155/R000000023
R000000015/5.227862/0274/R000000016/R000000020
R000000025/3.580247/0274/R000000017/R000000020
R000000026/1.000000/0000/Guesstimate
R000000025/3.580247/0275/R000000026/R000000023
R000000015/5.349795/0112/R000000003/R000000025
R000000001/5.808735/0147/R000000015
Q000000002/6.811670/0000/R000000027
R000000031/1.000000/0000/Guesstimate
R000000032/1.000000/0000/Guesstimate
R000000030/2.222222/0285/R000000031/R000000032
R000000029/2.469136/0293/R000000030
R000000034/1.000000/0000/Guesstimate
R000000033/2.222222/0003/R000000014/R000000034
R000000035/1.000000/0000/Guesstimate
R000000036/1.000000/0000/Guesstimate
R000000033/2.222222/0049/R000000035/R000000036
R000000029/3.580247/0285/R000000033/R000000032
R000000028/2.743484/0224/R000000029
R000000037/2.469136/0224/R000000030
R000000028/2.743484/0293/R000000037
M000000043/1.000000/0000/Sigma_BB-154401696
R000000044/1.000000/0000/Guesstimate
R000000042/2.222222/0122/M000000043/R000000044
R000000041/2.469136/0294/R000000042
R000000046/1.000000/0000/Guesstimate
M000000047/1.000000/0000/Sigma_BB-27949720
R000000045/2.222222/0232/R000000046/M000000047
R000000045/2.469136/0228/R000000042
R000000041/2.469136/0296/R000000045
R000000040/2.743484/0118/R000000041
R000000048/1.000000/0000/Guesstimate
R000000040/3.854596/0112/R000000048/R000000041
R000000039/3.048316/0054/R000000040
R000000050/1.000000/0000/Guesstimate
R000000049/3.854596/0301/R000000050/R000000041
R000000049/3.854596/0301/R000000050/R000000041
R000000039/5.393995/0004/R000000049/R000000019
R000000038/3.387018/0009/R000000039
R000000038/3.854596/0003/R000000014/R000000041
R000000027/6.811670/0122/R000000028/R000000038
R000000027/6.811670/0122/R000000028/R000000038
Q000000003/6.811670/0000/R000000027
<NEXT>