#
#  Reaction log file
#  Author: LigBuilder V3 User_Diana
#  Creation time: Fri Apr 10 01:35:50 2026
#  Format:
#  QueryMoleculeId/Cost/SynthesizeId/ReactantId1/ReactantId2/ReactantId3.....
#  Id prefix:
#  Q --- Query Molecule
#  M --- Material
#  R --- Reactant
#
Directory      result/synthesize_PfHDAC1/137/DATABASE/
#
Q000000001/5.639385/0000/R000000001
M000000005/1.000000/0000/Sigma_BB-29509005
R000000004/1.111111/0053/M000000005
R000000006/1.000000/0000/Guesstimate
R000000003/2.345679/0275/R000000004/R000000006
R000000008/1.000000/0000/Guesstimate
R000000007/2.345679/0275/R000000004/R000000008
R000000003/2.606310/0300/R000000007
R000000010/1.000000/0000/Guesstimate
R000000011/1.000000/0000/Guesstimate
R000000009/2.222222/0012/R000000010/R000000011
R000000013/1.000000/0000/Guesstimate
R000000014/1.000000/0000/Guesstimate
R000000012/2.222222/0004/R000000013/R000000014
R000000015/1.000000/0000/Guesstimate
R000000016/1.000000/0000/Guesstimate
R000000012/2.222222/0122/R000000015/R000000016
R000000009/2.469136/0009/R000000012
R000000002/5.075447/0159/R000000003/R000000009
R000000001/5.639385/0153/R000000002
R000000019/1.000000/0000/Guesstimate
R000000018/2.222222/0012/R000000010/R000000019
R000000021/1.000000/0000/Guesstimate
R000000020/2.222222/0004/R000000021/R000000014
R000000022/1.000000/0000/Guesstimate
R000000020/2.222222/0122/R000000022/R000000016
R000000018/2.469136/0009/R000000020
R000000017/5.075447/0159/R000000003/R000000018
R000000001/5.639385/0154/R000000017
Q000000002/Analysis Failed
Q000000003/Analysis Failed
Q000000004/Analysis Failed
<NEXT>