#
#  Reaction log file
#  Author: LigBuilder V3 User_Diana
#  Creation time: Fri Apr 10 01:35:12 2026
#  Format:
#  QueryMoleculeId/Cost/SynthesizeId/ReactantId1/ReactantId2/ReactantId3.....
#  Id prefix:
#  Q --- Query Molecule
#  M --- Material
#  R --- Reactant
#
Directory      result/synthesize_PfHDAC1/125/DATABASE/
#
Q000000001/Analysis Failed
Q000000002/5.654626/0000/R000000001
M000000005/1.000000/0000/Sigma_BB-28945063
R000000006/1.000000/0000/Guesstimate
R000000004/2.222222/0004/M000000005/R000000006
R000000007/1.000000/0000/Guesstimate
R000000003/3.580247/0212/R000000004/R000000007
R000000003/3.580247/0212/R000000004/R000000007
R000000008/1.000000/0000/Guesstimate
R000000002/5.089163/0175/R000000003/R000000008
R000000002/5.089163/0290/R000000003/R000000008
R000000001/5.654626/0139/R000000002
M000000010/1.000000/0000/Sigma_BB-48767194
R000000009/5.089163/0175/R000000003/M000000010
R000000009/5.089163/0290/R000000003/M000000010
R000000001/5.654626/0150/R000000009
Q000000003/Analysis Failed
Q000000004/5.654626/0000/R000000011
M000000015/1.000000/0000/Sigma_BB-29509312
R000000014/2.222222/0175/M000000015/R000000008
R000000014/2.222222/0290/M000000015/R000000008
R000000016/1.000000/0000/Guesstimate
R000000013/3.580247/0232/R000000014/R000000016
R000000018/1.000000/0000/Guesstimate
R000000017/3.580247/0212/R000000004/R000000018
R000000017/3.580247/0212/R000000004/R000000018
R000000013/5.089163/0175/R000000017/R000000008
R000000019/1.000000/0000/Guesstimate
R000000012/5.089163/0170/R000000013/R000000019
R000000022/1.000000/0000/Guesstimate
R000000021/3.580247/0212/R000000004/R000000022
R000000021/3.580247/0212/R000000004/R000000022
R000000020/5.089163/0175/R000000021/R000000008
R000000023/3.580247/0175/R000000004/R000000008
R000000023/3.580247/0290/R000000004/R000000008
R000000020/5.089163/0212/R000000023/R000000022
R000000024/1.000000/0000/Guesstimate
R000000012/6.765737/0170/R000000020/R000000024
R000000011/5.654626/0139/R000000012
R000000026/5.089163/0170/R000000021/R000000024
R000000026/5.089163/0170/R000000017/R000000019
R000000025/6.765737/0175/R000000026/M000000010
R000000025/6.765737/0290/R000000026/M000000010
R000000011/7.517486/0150/R000000025
<NEXT>