#
#  Reaction log file
#  Author: LigBuilder V3 User_Diana
#  Creation time: Fri Apr 10 01:37:25 2026
#  Format:
#  QueryMoleculeId/Cost/SynthesizeId/ReactantId1/ReactantId2/ReactantId3.....
#  Id prefix:
#  Q --- Query Molecule
#  M --- Material
#  R --- Reactant
#
Directory      result/synthesize_PfHDAC1/202/DATABASE/
#
Q000000001/2.482853/0000/R000000001
M000000004/1.000000/0000/Sigma_BB-29509005
R000000003/1.111111/0074/M000000004
R000000005/1.111111/0287/M000000004
R000000006/1.000000/0000/Guesstimate
R000000003/2.345679/0112/R000000005/R000000006
R000000002/1.234568/0040/R000000003
R000000008/1.111111/0114/M000000004
R000000009/1.000000/0000/Guesstimate
R000000007/2.345679/0004/R000000008/R000000009
R000000011/1.000000/0000/Guesstimate
R000000010/2.222222/0175/M000000004/R000000011
R000000010/2.222222/0290/M000000004/R000000011
R000000007/2.469136/0040/R000000010
R000000002/2.606310/0073/R000000007
M000000012/1.000000/0000/Sigma_BB-28828989
R000000001/2.482853/0003/R000000002/M000000012
M000000016/1.000000/0000/Sigma_BB-27113924
M000000017/1.000000/0000/Sigma_BB-28830366
R000000015/2.222222/0004/M000000016/M000000017
R000000014/2.469136/0197/R000000015
R000000019/2.222222/0004/M000000012/R000000009
M000000020/1.000000/0000/Sigma_BB-34697964
M000000021/1.000000/0000/Sigma_BB-28457967
R000000019/2.222222/0212/M000000020/M000000021
R000000018/2.469136/0086/R000000019
R000000018/2.469136/0091/R000000019
R000000013/5.486969/0112/R000000014/R000000018
R000000022/2.743484/0125/R000000014
R000000022/3.854596/0112/R000000014/R000000006
M000000025/1.000000/0000/Sigma_BB-28845121
R000000026/1.000000/0000/Guesstimate
R000000024/2.222222/0112/M000000025/R000000026
R000000027/1.000000/0000/Guesstimate
R000000028/1.000000/0000/Guesstimate
R000000024/2.222222/0112/R000000027/R000000028
R000000023/2.469136/0147/R000000024
M000000030/1.000000/0000/Sigma_BB-28510867
R000000031/1.000000/0000/Guesstimate
R000000029/2.222222/0212/M000000030/R000000031
R000000029/2.222222/0212/M000000030/R000000031
R000000023/2.469136/0147/R000000029
R000000013/5.791801/0138/R000000022/R000000023
R000000001/6.096632/0028/R000000013
Q000000002/2.482853/0000/R000000032
R000000033/1.000000/0000/Guesstimate
R000000032/2.482853/0003/R000000002/R000000033
R000000036/2.222222/0004/R000000033/R000000009
R000000037/1.000000/0000/Guesstimate
R000000038/1.000000/0000/Guesstimate
R000000036/3.333333/0225/R000000033/R000000037/R000000038
R000000035/2.469136/0086/R000000036
R000000035/2.469136/0091/R000000036
R000000034/5.486969/0112/R000000014/R000000035
R000000041/1.000000/0000/Guesstimate
R000000040/2.222222/0277/R000000041/R000000026
R000000042/1.000000/0000/Guesstimate
R000000040/2.222222/0301/R000000042/R000000026
R000000039/2.469136/0147/R000000040
R000000044/1.000000/0000/Guesstimate
R000000043/2.222222/0004/R000000044/R000000026
R000000043/2.469136/0040/R000000040
R000000039/3.580247/0212/R000000009/R000000043
R000000034/5.791801/0138/R000000022/R000000039
R000000032/6.096632/0028/R000000034
Q000000003/4.420059/0000/R000000045
R000000049/1.000000/0000/Guesstimate
M000000050/1.000000/0000/Sigma_BB-28801207
R000000048/2.222222/0301/R000000049/M000000050
R000000048/2.222222/0301/R000000049/M000000050
R000000047/2.469136/0079/R000000048
M000000052/1.000000/0000/Sigma_BB-28800266
R000000053/1.000000/0000/Guesstimate
R000000051/2.222222/0122/M000000052/R000000053
R000000054/1.000000/0000/Guesstimate
R000000051/2.222222/0301/R000000049/R000000054
R000000047/2.469136/0082/R000000051
R000000046/2.743484/0041/R000000047
R000000057/1.000000/0000/Guesstimate
R000000058/1.000000/0000/Guesstimate
R000000056/2.222222/0112/R000000057/R000000058
R000000055/2.469136/0041/R000000056
R000000060/1.000000/0000/Guesstimate
R000000059/2.222222/0301/M000000050/R000000060
R000000059/2.222222/0301/M000000050/R000000060
R000000061/1.000000/0000/Guesstimate
R000000055/3.580247/0112/R000000059/R000000061
R000000046/2.743484/0147/R000000055
R000000045/4.420059/0003/R000000002/R000000046
R000000063/3.048316/0040/R000000022
R000000064/3.854596/0004/R000000014/R000000009
R000000064/4.965707/0225/R000000014/R000000037/R000000038
R000000063/4.282884/0216/R000000064
R000000062/6.435334/0003/R000000063/R000000046
R000000065/3.387018/0091/R000000063
R000000067/1.000000/0000/Guesstimate
R000000066/3.854596/0112/R000000014/R000000067
R000000065/4.282884/0197/R000000066
R000000070/1.000000/0000/Guesstimate
R000000069/2.222222/0301/R000000070/R000000058
R000000069/3.854596/0301/R000000047/R000000061
R000000068/2.469136/0041/R000000069
R000000072/1.000000/0000/Guesstimate
R000000073/1.000000/0000/Guesstimate
R000000071/2.222222/0003/R000000072/R000000073
R000000074/1.000000/0000/Guesstimate
R000000071/2.222222/0301/R000000074/R000000073
R000000068/2.469136/0147/R000000071
R000000062/6.506838/0112/R000000065/R000000068
R000000045/7.150372/0028/R000000062
Q000000004/4.115227/0000/R000000075
M000000078/1.000000/0000/Sigma_BB-28829475
R000000077/2.222222/0003/R000000061/M000000078
R000000079/1.000000/0000/Guesstimate
M000000080/1.000000/0000/Sigma_BB-27725322
R000000077/2.222222/0049/R000000079/M000000080
R000000076/2.469136/0147/R000000077
R000000083/1.000000/0000/Guesstimate
R000000084/1.000000/0000/Guesstimate
R000000082/2.222222/0256/R000000083/R000000084
R000000085/1.000000/0000/Guesstimate
R000000082/2.222222/0301/R000000070/R000000085
R000000081/2.469136/0082/R000000082
R000000087/1.000000/0000/Guesstimate
R000000086/2.222222/0277/R000000070/R000000087
R000000088/1.000000/0000/Guesstimate
R000000086/2.222222/0301/R000000070/R000000088
R000000089/1.000000/0000/Guesstimate
R000000081/3.580247/0112/R000000086/R000000089
R000000076/2.743484/0147/R000000081
R000000075/4.115227/0003/R000000002/R000000076
R000000090/6.130503/0003/R000000063/R000000076
R000000092/2.222222/0003/R000000049/M000000078
R000000093/1.000000/0000/Guesstimate
R000000092/2.222222/0049/R000000093/M000000080
R000000091/2.469136/0147/R000000092
R000000095/1.000000/0000/Guesstimate
R000000096/1.000000/0000/Guesstimate
R000000094/2.222222/0277/R000000095/R000000096
R000000097/1.000000/0000/Guesstimate
R000000094/2.222222/0301/R000000095/R000000097
R000000091/2.469136/0147/R000000094
R000000090/6.506838/0112/R000000065/R000000091
R000000075/6.811670/0028/R000000090
<NEXT>