#
#  Reaction log file
#  Author: LigBuilder V3 User_Diana
#  Creation time: Fri Apr 10 01:39:49 2026
#  Format:
#  QueryMoleculeId/Cost/SynthesizeId/ReactantId1/ReactantId2/ReactantId3.....
#  Id prefix:
#  Q --- Query Molecule
#  M --- Material
#  R --- Reactant
#
Directory      result/synthesize_PfHDAC1/289/DATABASE/
#
Q000000001/5.807042/0000/R000000001
M000000003/1.000000/0000/Sigma_BB-29509005
M000000006/1.000000/0000/Sigma_BB-28764950
R000000005/1.111111/0087/M000000006
R000000008/1.000000/0000/Guesstimate
M000000009/1.000000/0000/Sigma_BB-118857800
R000000007/2.222222/0004/R000000008/M000000009
R000000010/1.000000/0000/Guesstimate
M000000011/1.000000/0000/Sigma_BB-28800553
R000000007/2.222222/0175/R000000010/M000000011
R000000004/3.703704/0212/R000000005/R000000007
R000000004/3.703704/0212/R000000005/R000000007
R000000002/5.226338/0175/M000000003/R000000004
R000000013/1.111111/0287/M000000003
R000000012/2.345679/0004/R000000013/R000000008
R000000015/1.000000/0000/Guesstimate
R000000014/2.222222/0175/M000000003/R000000015
R000000014/2.222222/0290/M000000003/R000000015
R000000012/2.469136/0024/R000000014
R000000017/1.111111/0085/M000000006
R000000018/1.000000/0000/Guesstimate
R000000017/2.345679/0275/R000000005/R000000018
R000000016/3.703704/0212/R000000017/R000000007
R000000016/3.703704/0212/R000000017/R000000007
R000000002/6.721537/0212/R000000012/R000000016
R000000001/5.807042/0028/R000000002
R000000001/5.807042/0028/R000000002
Q000000002/5.563346/0000/R000000019
R000000023/1.000000/0000/Guesstimate
R000000022/2.345679/0004/R000000013/R000000023
R000000021/2.606310/0197/R000000022
R000000024/1.000000/0000/Guesstimate
R000000020/4.007011/0122/R000000021/R000000024
M000000026/1.000000/0000/Sigma_BB-30407107
R000000025/3.717421/0212/R000000022/M000000026
R000000025/3.717421/0212/R000000022/M000000026
R000000020/4.130468/0188/R000000025
R000000019/5.563346/0003/R000000020/R000000008
R000000029/1.234568/0197/R000000017
R000000028/2.482853/0003/R000000029/R000000008
R000000030/1.234568/0204/R000000017
R000000031/1.000000/0000/Guesstimate
R000000028/2.482853/0049/R000000030/R000000031
R000000027/5.365036/0212/R000000022/R000000028
R000000027/5.365036/0212/R000000022/R000000028
R000000019/5.961151/0028/R000000027
Q000000003/3.717421/0000/R000000032
R000000034/1.111111/0114/M000000003
M000000036/1.000000/0000/Sigma_BB-28838111
R000000035/1.111111/0114/M000000036
R000000034/1.234568/0139/R000000035
R000000033/2.345679/0122/R000000034/R000000024
R000000037/2.345679/0122/R000000035/R000000024
M000000039/1.000000/0000/Sigma_BB-28757047
R000000040/1.000000/0000/Guesstimate
R000000038/2.222222/0175/M000000039/R000000040
M000000041/1.000000/0000/Sigma_BB-27199777
R000000042/1.000000/0000/Guesstimate
R000000038/2.222222/0279/M000000041/R000000042
R000000043/1.000000/0000/Guesstimate
R000000037/3.580247/0175/R000000038/R000000043
R000000033/2.606310/0139/R000000037
R000000032/3.717421/0003/R000000033/R000000008
R000000046/1.234568/0197/R000000005
R000000045/2.482853/0003/R000000046/R000000008
R000000047/1.371742/0118/R000000046
R000000048/1.000000/0000/Guesstimate
R000000047/2.482853/0112/R000000046/R000000048
R000000045/2.635269/0049/R000000047/R000000031
R000000044/3.869837/0175/M000000003/R000000045
R000000044/5.365036/0212/R000000012/R000000028
R000000032/4.299819/0028/R000000044
Q000000004/3.717421/0000/R000000032
<NEXT>