#
#  Reaction log file
#  Author: LigBuilder V3 User_Diana
#  Creation time: Fri Apr 10 01:39:44 2026
#  Format:
#  QueryMoleculeId/Cost/SynthesizeId/ReactantId1/ReactantId2/ReactantId3.....
#  Id prefix:
#  Q --- Query Molecule
#  M --- Material
#  R --- Reactant
#
Directory      result/synthesize_PfHDAC1/274/DATABASE/
#
Q000000001/5.961151/0000/R000000001
M000000006/1.000000/0000/Sigma_BB-29509005
R000000005/1.111111/0074/M000000006
R000000007/1.111111/0287/M000000006
M000000009/1.000000/0000/Sigma_BB-28838111
R000000008/1.111111/0287/M000000009
M000000010/1.000000/0000/Sigma_BB-28945063
R000000011/1.000000/0000/Guesstimate
R000000008/2.222222/0175/M000000010/R000000011
R000000007/1.234568/0139/R000000008
R000000012/1.000000/0000/Guesstimate
R000000005/2.345679/0112/R000000007/R000000012
R000000004/1.234568/0040/R000000005
R000000014/1.111111/0114/M000000006
R000000015/1.000000/0000/Guesstimate
R000000013/2.345679/0004/R000000014/R000000015
R000000017/1.000000/0000/Guesstimate
R000000016/2.222222/0175/M000000006/R000000017
R000000016/2.222222/0290/M000000006/R000000017
R000000013/2.469136/0040/R000000016
R000000004/2.606310/0073/R000000013
R000000018/1.000000/0000/Guesstimate
R000000003/2.482853/0003/R000000004/R000000018
R000000020/1.371742/0093/R000000004
R000000020/2.345679/0004/R000000007/R000000015
R000000019/1.524158/0085/R000000020
R000000021/1.000000/0000/Guesstimate
R000000019/2.345679/0004/R000000007/R000000021
R000000022/1.000000/0000/Guesstimate
R000000003/2.804620/0049/R000000019/R000000022
R000000025/1.000000/0000/Guesstimate
R000000024/1.111111/0291/R000000025
R000000024/1.111111/0291/R000000025
R000000026/1.000000/0000/Guesstimate
R000000023/2.345679/0279/R000000024/R000000026
R000000023/2.345679/0279/R000000024/R000000026
R000000002/5.365036/0301/R000000003/R000000023
R000000002/5.365036/0301/R000000003/R000000023
R000000001/5.961151/0276/R000000002
R000000001/5.961151/0278/R000000002
Q000000002/4.267642/0000/R000000027
R000000030/1.111111/0228/R000000025
R000000030/1.111111/0286/R000000025
R000000029/2.345679/0279/R000000030/R000000026
R000000031/2.222222/0279/R000000025/R000000026
R000000031/2.222222/0279/R000000025/R000000026
R000000029/2.469136/0228/R000000031
R000000028/2.606310/0276/R000000029
R000000032/2.469136/0276/R000000031
R000000032/2.469136/0278/R000000031
R000000028/2.743484/0228/R000000032
R000000027/4.267642/0003/R000000004/R000000028
M000000037/1.000000/0000/Sigma_BB-27113924
M000000038/1.000000/0000/Sigma_BB-28830366
R000000036/2.222222/0004/M000000037/M000000038
R000000035/2.469136/0197/R000000036
R000000034/2.743484/0125/R000000035
R000000034/3.854596/0112/R000000035/R000000012
R000000041/1.000000/0000/Guesstimate
R000000040/3.717421/0301/R000000029/R000000041
R000000040/3.717421/0301/R000000029/R000000041
R000000039/4.130468/0276/R000000040
R000000039/4.130468/0278/R000000040
R000000033/7.637726/0138/R000000034/R000000039
R000000043/4.007011/0004/R000000028/R000000015
R000000044/1.000000/0000/Guesstimate
R000000045/1.000000/0000/Guesstimate
R000000043/5.118122/0225/R000000028/R000000044/R000000045
R000000042/4.452235/0086/R000000043
R000000042/4.452235/0091/R000000043
R000000033/7.690413/0112/R000000035/R000000042
R000000027/8.486362/0028/R000000033
Q000000003/Analysis Failed
Q000000004/Analysis Failed
<NEXT>