#
#  Reaction log file
#  Author: LigBuilder V3 User_Diana
#  Creation time: Fri Apr 10 01:37:23 2026
#  Format:
#  QueryMoleculeId/Cost/SynthesizeId/ReactantId1/ReactantId2/ReactantId3.....
#  Id prefix:
#  Q --- Query Molecule
#  M --- Material
#  R --- Reactant
#
Directory      result/synthesize_PfHDAC1/214/DATABASE/
#
Q000000001/2.758726/0000/R000000001
M000000003/1.000000/0000/Sigma_BB-29509005
M000000006/1.000000/0000/Sigma_BB-30434333
R000000005/1.111111/0091/M000000006
M000000007/1.000000/0000/Sigma_BB-326673162
R000000005/1.111111/0299/M000000007
R000000004/1.234568/0074/R000000005
R000000008/1.111111/0074/M000000006
R000000008/1.111111/0167/M000000006
R000000004/1.234568/0091/R000000008
R000000002/2.482853/0175/M000000003/R000000004
R000000011/1.000000/0000/Guesstimate
R000000010/2.222222/0174/M000000003/R000000011
R000000010/2.222222/0289/M000000003/R000000011
R000000009/2.469136/0197/R000000010
M000000012/1.000000/0000/Sigma_BB-30566667
R000000002/3.854596/0175/R000000009/M000000012
R000000001/2.758726/0017/R000000002
M000000016/1.000000/0000/Sigma_BB-27586804
R000000015/1.111111/0091/M000000016
M000000017/1.000000/0000/Sigma_BB-326673160
R000000015/1.111111/0299/M000000017
R000000014/1.234568/0074/R000000015
M000000019/1.000000/0000/Sigma_BB-28666837
R000000018/1.111111/0040/M000000019
R000000018/1.111111/0074/M000000016
R000000014/1.234568/0091/R000000018
R000000013/2.482853/0175/M000000003/R000000014
M000000020/1.000000/0000/Sigma_BB-28792321
R000000013/3.854596/0175/R000000009/M000000020
R000000001/2.758726/0017/R000000013
Q000000002/4.452235/0000/R000000021
R000000025/1.111111/0287/M000000003
M000000026/1.000000/0000/Sigma_BB-70626026
R000000024/2.345679/0004/R000000025/M000000026
R000000027/1.000000/0000/Guesstimate
R000000028/1.000000/0000/Guesstimate
R000000024/3.456790/0225/R000000025/R000000027/R000000028
R000000023/2.606310/0197/R000000024
R000000030/1.000000/0000/Guesstimate
R000000029/2.345679/0004/R000000025/R000000030
M000000031/1.000000/0000/Sigma_BB-28830366
R000000023/3.717421/0212/R000000029/M000000031
R000000032/1.000000/0000/Guesstimate
R000000022/4.007011/0112/R000000023/R000000032
R000000034/1.111111/0086/M000000031
R000000034/1.111111/0091/M000000031
R000000033/2.469136/0112/R000000025/R000000034
R000000033/3.854596/0112/R000000009/R000000027
R000000036/1.000000/0000/Guesstimate
R000000035/2.222222/0004/R000000030/R000000036
R000000038/1.000000/0000/Guesstimate
R000000037/2.222222/0277/R000000038/R000000036
R000000039/1.000000/0000/Guesstimate
R000000037/2.222222/0301/R000000039/R000000036
R000000035/2.469136/0024/R000000037
R000000022/5.212621/0049/R000000033/R000000035
R000000021/4.452235/0099/R000000022
R000000021/4.452235/0099/R000000022
Q000000003/5.378754/0000/R000000040
R000000043/1.000000/0000/Guesstimate
R000000042/3.456790/0225/R000000025/R000000043/R000000028
R000000042/3.456790/0225/R000000025/R000000043/R000000028
R000000041/3.840878/0197/R000000042
R000000045/1.000000/0000/Guesstimate
R000000046/1.000000/0000/Guesstimate
R000000044/2.222222/0004/R000000045/R000000046
R000000047/1.000000/0000/Guesstimate
R000000044/3.333333/0225/R000000045/R000000047/R000000028
R000000041/5.075447/0212/R000000029/R000000044
R000000048/1.000000/0000/Guesstimate
R000000040/5.378754/0122/R000000041/R000000048
M000000052/1.000000/0000/Sigma_BB-29509312
R000000053/1.000000/0000/Guesstimate
R000000051/2.222222/0175/M000000052/R000000053
R000000051/2.222222/0290/M000000052/R000000053
R000000050/2.469136/0139/R000000051
M000000055/1.000000/0000/Sigma_BB-48767194
R000000054/2.222222/0175/M000000052/M000000055
R000000054/2.222222/0290/M000000052/M000000055
R000000050/2.469136/0150/R000000054
M000000058/1.000000/0000/Sigma_BB-28783903
R000000057/1.111111/0082/M000000058
R000000057/1.234568/0079/R000000034
R000000056/2.345679/0122/R000000057/R000000043
M000000060/1.000000/0000/Sigma_BB-28809125
R000000059/2.222222/0212/M000000031/M000000060
R000000059/2.222222/0212/M000000031/M000000060
R000000056/2.469136/0188/R000000059
R000000049/5.349795/0232/R000000050/R000000056
R000000062/1.111111/0085/M000000031
R000000061/1.234568/0197/R000000062
R000000063/9.200000/0000/Guesstimate
R000000061/9.200000/0155/R000000063
R000000049/5.639385/0301/R000000041/R000000061
R000000040/5.944217/0028/R000000049
Q000000004/4.420059/0000/R000000064
R000000068/1.000000/0000/Guesstimate
R000000067/2.222222/0231/M000000052/R000000068
R000000066/2.469136/0053/R000000067
R000000069/8.800000/0000/Guesstimate
R000000066/9.777779/0053/R000000069
R000000070/1.111111/0087/M000000031
R000000070/1.234568/0086/R000000062
R000000065/3.978053/0275/R000000066/R000000070
R000000064/4.420059/0028/R000000065
M000000074/1.000000/0000/Sigma_BB-28764950
R000000073/1.111111/0197/M000000074
R000000072/1.234568/0086/R000000073
R000000072/1.234568/0091/R000000073
R000000071/4.115227/0275/R000000066/R000000072
R000000064/4.572474/0028/R000000071
<NEXT>