#
#  Reaction log file
#  Author: LigBuilder V3 User_Diana
#  Creation time: Fri Apr 10 01:37:11 2026
#  Format:
#  QueryMoleculeId/Cost/SynthesizeId/ReactantId1/ReactantId2/ReactantId3.....
#  Id prefix:
#  Q --- Query Molecule
#  M --- Material
#  R --- Reactant
#
Directory      result/synthesize_PfHDAC1/192/DATABASE/
#
Q000000001/2.606310/0000/R000000001
M000000003/1.000000/0000/Sigma_BB-29509005
M000000005/1.000000/0000/Sigma_BB-152421515
R000000004/1.111111/0087/M000000005
R000000006/1.111111/0085/M000000005
R000000007/1.234568/0079/R000000004
R000000008/1.000000/0000/Guesstimate
R000000007/2.345679/0112/R000000004/R000000008
R000000006/1.371742/0040/R000000007
R000000004/1.234568/0086/R000000006
R000000002/2.345679/0175/M000000003/R000000004
R000000010/1.111111/0287/M000000003
R000000011/1.000000/0000/Guesstimate
R000000009/2.345679/0004/R000000010/R000000011
R000000013/1.000000/0000/Guesstimate
R000000012/2.222222/0175/M000000003/R000000013
R000000012/2.222222/0290/M000000003/R000000013
R000000009/2.469136/0024/R000000012
R000000002/3.840878/0212/R000000009/R000000006
R000000001/2.606310/0028/R000000002
M000000017/1.000000/0000/Sigma_BB-28764950
R000000016/1.111111/0085/M000000017
M000000018/1.000000/0000/Sigma_BB-28758528
R000000015/2.345679/0212/R000000016/M000000018
R000000015/2.345679/0212/R000000016/M000000018
R000000014/5.212620/0212/R000000009/R000000015
R000000014/5.212620/0212/R000000009/R000000015
R000000001/5.791800/0028/R000000014
Q000000002/4.007011/0000/R000000019
R000000023/1.000000/0000/Guesstimate
R000000022/1.111111/0087/R000000023
R000000024/1.000000/0000/Guesstimate
R000000025/1.000000/0000/Guesstimate
R000000022/2.222222/0122/R000000024/R000000025
R000000021/2.345679/0175/M000000003/R000000022
R000000026/2.222222/0175/M000000003/R000000024
R000000027/1.000000/0000/Guesstimate
R000000026/3.717421/0212/R000000009/R000000027
R000000021/3.580247/0122/R000000026/R000000025
R000000020/2.606310/0090/R000000021
R000000029/1.000000/0000/Guesstimate
R000000028/2.345679/0003/R000000010/R000000029
R000000030/1.000000/0000/Guesstimate
R000000028/3.717421/0003/R000000009/R000000030
R000000020/2.606310/0099/R000000028
R000000019/4.007011/0003/R000000020/R000000011
M000000034/1.000000/0000/Sigma_BB-28769153
R000000033/2.222222/0212/M000000017/M000000034
R000000033/2.222222/0212/M000000017/M000000034
R000000032/2.469136/0087/R000000033
R000000035/2.345679/0212/R000000016/M000000034
R000000035/2.345679/0212/R000000016/M000000034
R000000032/2.606310/0086/R000000035
R000000031/3.854596/0175/M000000003/R000000032
R000000031/5.212620/0212/R000000009/R000000035
R000000019/4.282884/0028/R000000031
Q000000003/4.282884/0000/R000000036
M000000040/1.000000/0000/Sigma_BB-30025901
R000000039/2.222222/0212/M000000017/M000000040
R000000039/2.222222/0212/M000000017/M000000040
R000000038/2.469136/0087/R000000039
R000000041/2.345679/0212/R000000016/M000000040
R000000041/2.345679/0212/R000000016/M000000040
R000000038/2.606310/0086/R000000041
R000000037/3.854596/0175/M000000003/R000000038
R000000037/5.212620/0212/R000000009/R000000041
R000000036/4.282884/0028/R000000037
R000000044/2.345679/0212/R000000016/M000000040
R000000044/2.345679/0212/R000000016/M000000040
R000000043/2.606310/0086/R000000044
R000000043/2.606310/0091/R000000044
R000000042/4.007011/0175/M000000003/R000000043
R000000042/5.212620/0212/R000000009/R000000044
R000000036/4.452235/0028/R000000042
<NEXT>