#
#  Reaction log file
#  Author: LigBuilder V3 User_Diana
#  Creation time: Fri Apr 10 01:32:46 2026
#  Format:
#  QueryMoleculeId/Cost/SynthesizeId/ReactantId1/ReactantId2/ReactantId3.....
#  Id prefix:
#  Q --- Query Molecule
#  M --- Material
#  R --- Reactant
#
Directory      result/synthesize_PfHDAC1/5/DATABASE/
#
Q000000001/Analysis Failed
Q000000002/Analysis Failed
Q000000003/2.469136/0000/R000000001
R000000003/1.000000/0000/Guesstimate
M000000004/1.000000/0000/Sigma_BB-27646106
R000000002/2.222222/0004/R000000003/M000000004
M000000007/1.000000/0000/Sigma_BB-30686419
R000000008/1.000000/0000/Guesstimate
R000000009/1.000000/0000/Guesstimate
R000000006/3.333333/0261/M000000007/R000000008/R000000009
R000000005/3.703704/0155/R000000006
R000000002/4.115227/0024/R000000005
R000000001/2.469136/0153/R000000002
M000000013/1.000000/0000/Sigma_BB-243767966
R000000012/2.222222/0004/R000000003/M000000013
R000000011/2.469136/0153/R000000012
R000000014/9.500000/0000/Guesstimate
R000000011/9.500000/0082/R000000014
R000000010/2.743484/0040/R000000011
R000000016/3.854596/0274/R000000011/R000000009
R000000015/4.282884/0040/R000000016
R000000017/10.000000/0000/Guesstimate
R000000015/10.000000/0260/R000000017
R000000010/4.758760/0155/R000000015
R000000001/3.048316/0153/R000000010
<NEXT>