#
#  Reaction log file
#  Author: LigBuilder V3 User_Diana
#  Creation time: Fri Apr 10 01:36:15 2026
#  Format:
#  QueryMoleculeId/Cost/SynthesizeId/ReactantId1/ReactantId2/ReactantId3.....
#  Id prefix:
#  Q --- Query Molecule
#  M --- Material
#  R --- Reactant
#
Directory      result/synthesize_PfHDAC1/164/DATABASE/
#
Q000000001/5.791801/0000/R000000001
M000000005/1.000000/0000/Sigma_BB-29509312
R000000006/1.000000/0000/Guesstimate
R000000004/2.222222/0175/M000000005/R000000006
R000000004/2.222222/0290/M000000005/R000000006
R000000003/2.469136/0139/R000000004
M000000008/1.000000/0000/Sigma_BB-48767194
R000000007/2.222222/0175/M000000005/M000000008
R000000007/2.222222/0290/M000000005/M000000008
R000000003/2.469136/0150/R000000007
M000000010/1.000000/0000/Sigma_BB-28799083
R000000011/1.000000/0000/Guesstimate
R000000009/2.222222/0279/M000000010/R000000011
R000000009/2.222222/0279/M000000010/R000000011
R000000002/5.212621/0232/R000000003/R000000009
R000000001/5.791801/0028/R000000002
R000000014/3.854596/0232/R000000003/R000000011
R000000013/4.282884/0217/R000000014
R000000015/1.000000/0000/Guesstimate
R000000012/5.869872/0138/R000000013/R000000015
R000000018/1.000000/0000/Guesstimate
R000000017/3.854596/0232/R000000003/R000000018
R000000019/1.000000/0000/Guesstimate
R000000016/5.393995/0049/R000000017/R000000019
R000000020/1.000000/0000/Guesstimate
R000000012/7.104439/0274/R000000016/R000000020
R000000001/6.522080/0099/R000000012
Q000000002/3.978053/0000/R000000021
R000000023/1.000000/0000/Guesstimate
R000000022/3.580247/0231/R000000004/R000000023
R000000026/1.000000/0000/Guesstimate
R000000025/2.222222/0231/M000000005/R000000026
R000000024/2.469136/0147/R000000025
M000000028/1.000000/0000/Sigma_BB-28849577
R000000029/1.000000/0000/Guesstimate
R000000027/2.222222/0012/M000000028/R000000029
R000000030/1.000000/0000/Guesstimate
R000000027/2.222222/0231/M000000005/R000000030
R000000024/2.469136/0147/R000000027
R000000022/3.854596/0175/R000000024/R000000006
R000000021/3.978053/0139/R000000022
M000000034/1.000000/0000/Sigma_BB-29509005
R000000035/1.000000/0000/Guesstimate
R000000033/2.222222/0175/M000000034/R000000035
R000000033/2.222222/0290/M000000034/R000000035
R000000032/3.580247/0012/R000000033/R000000029
R000000037/1.000000/0000/Guesstimate
R000000036/3.854596/0231/R000000003/R000000037
R000000032/4.282884/0079/R000000036
R000000038/1.000000/0000/Guesstimate
R000000031/5.089163/0049/R000000032/R000000038
R000000041/1.000000/0000/Guesstimate
R000000040/3.580247/0231/R000000004/R000000041
R000000039/3.978053/0139/R000000040
R000000043/1.000000/0000/Guesstimate
R000000042/3.854596/0231/R000000003/R000000043
R000000039/4.282884/0197/R000000042
R000000044/1.000000/0000/Guesstimate
R000000031/5.531170/0003/R000000039/R000000044
R000000021/5.654626/0147/R000000031
Q000000003/2.469136/0000/R000000045
M000000047/1.000000/0000/Sigma_BB-28838111
M000000048/1.000000/0000/Sigma_BB-28830089
R000000046/2.222222/0175/M000000047/M000000048
M000000051/1.000000/0000/Sigma_BB-28760241
R000000052/1.000000/0000/Guesstimate
R000000050/2.222222/0003/M000000051/R000000052
M000000053/1.000000/0000/Sigma_BB-28945063
R000000050/2.222222/0112/M000000053/M000000048
R000000049/2.469136/0147/R000000050
R000000055/1.000000/0000/Guesstimate
R000000054/2.222222/0003/M000000053/R000000055
M000000056/1.000000/0000/Sigma_BB-28766735
R000000057/1.000000/0000/Guesstimate
R000000054/2.222222/0003/M000000056/R000000057
R000000049/2.469136/0147/R000000054
R000000046/3.854596/0175/R000000049/R000000006
R000000045/2.469136/0139/R000000046
M000000061/1.000000/0000/Sigma_BB-28830366
R000000060/2.222222/0004/M000000053/M000000061
R000000059/2.469136/0197/R000000060
R000000058/3.854596/0175/R000000059/M000000048
R000000058/3.854596/0290/R000000059/M000000048
R000000045/4.282884/0028/R000000058
Q000000004/2.469136/0000/R000000045
<NEXT>