#
#  Reaction log file
#  Author: LigBuilder V3 User_Diana
#  Creation time: Fri Apr 10 01:34:27 2026
#  Format:
#  QueryMoleculeId/Cost/SynthesizeId/ReactantId1/ReactantId2/ReactantId3.....
#  Id prefix:
#  Q --- Query Molecule
#  M --- Material
#  R --- Reactant
#
Directory      result/synthesize_PfHDAC1/96/DATABASE/
#
Q000000001/Analysis Failed
Q000000002/5.944217/0000/R000000001
M000000005/1.000000/0000/Sigma_BB-28838111
R000000004/1.111111/0287/M000000005
M000000006/1.000000/0000/Sigma_BB-28945063
R000000007/1.000000/0000/Guesstimate
R000000004/2.222222/0175/M000000006/R000000007
R000000008/1.000000/0000/Guesstimate
R000000003/2.345679/0004/R000000004/R000000008
R000000010/1.000000/0000/Guesstimate
R000000009/2.222222/0175/M000000005/R000000010
M000000012/1.000000/0000/Sigma_BB-29509005
R000000011/2.222222/0175/M000000012/R000000010
R000000011/2.222222/0290/M000000012/R000000010
R000000009/2.469136/0198/R000000011
R000000003/2.469136/0024/R000000009
R000000015/1.000000/0000/Guesstimate
R000000016/1.000000/0000/Guesstimate
R000000014/2.222222/0003/R000000015/R000000016
R000000017/2.222222/0004/R000000008/R000000016
R000000018/1.000000/0000/Guesstimate
R000000019/1.000000/0000/Guesstimate
R000000017/3.333333/0225/R000000018/R000000016/R000000019
R000000014/2.469136/0204/R000000017
R000000013/2.469136/0041/R000000014
R000000020/2.222222/0112/R000000007/R000000016
R000000013/2.469136/0147/R000000020
R000000002/5.349795/0169/R000000003/R000000013
M000000022/1.000000/0000/Sigma_BB-28766735
R000000021/3.854596/0169/M000000022/R000000013
M000000023/1.000000/0000/Sigma_BB-28757047
R000000027/1.000000/0000/Guesstimate
R000000028/1.000000/0000/Guesstimate
R000000026/2.222222/0274/R000000027/R000000028
R000000029/1.000000/0000/Guesstimate
R000000030/1.000000/0000/Guesstimate
R000000026/2.222222/0275/R000000029/R000000030
R000000025/2.469136/0100/R000000026
R000000025/2.469136/0216/R000000026
R000000024/5.212621/0212/R000000025/R000000017
R000000024/5.212621/0212/R000000025/R000000017
R000000021/6.902912/0175/M000000023/R000000024
R000000002/5.393995/0175/R000000021/R000000007
R000000001/5.944217/0139/R000000002
M000000034/1.000000/0000/Sigma_BB-27113924
M000000035/1.000000/0000/Sigma_BB-28830366
R000000033/2.222222/0004/M000000034/M000000035
R000000032/2.469136/0197/R000000033
R000000037/2.222222/0004/M000000006/M000000035
R000000036/2.469136/0197/R000000037
R000000032/2.743484/0287/R000000036
R000000031/6.598080/0225/R000000032/R000000013/R000000018
R000000031/8.535286/0175/R000000036/R000000024
R000000001/7.331201/0028/R000000031
Q000000003/4.299819/0000/R000000038
R000000041/1.234568/0139/R000000004
R000000041/2.743484/0028/R000000032
R000000042/1.000000/0000/Guesstimate
R000000040/2.482853/0004/R000000041/R000000042
R000000043/2.345679/0004/R000000004/R000000042
R000000044/2.222222/0004/M000000006/R000000042
R000000043/3.580247/0175/R000000044/R000000007
R000000040/2.606310/0139/R000000043
R000000045/1.000000/0000/Guesstimate
R000000039/3.869837/0003/R000000040/R000000045
R000000046/2.758726/0086/R000000040
R000000046/2.758726/0091/R000000040
R000000047/1.000000/0000/Guesstimate
R000000039/4.176363/0112/R000000046/R000000047
R000000038/4.299819/0147/R000000039
M000000050/1.000000/0000/Sigma_BB-28758528
R000000049/3.580247/0212/R000000044/M000000050
R000000049/3.580247/0212/R000000044/M000000050
R000000048/5.089163/0175/R000000049/R000000007
R000000048/5.089163/0290/R000000049/R000000007
R000000038/5.654626/0139/R000000048
Q000000004/4.299819/0000/R000000038
<NEXT>