#
#  Reaction log file
#  Author: LigBuilder V3 User_Diana
#  Creation time: Fri Apr 10 01:39:11 2026
#  Format:
#  QueryMoleculeId/Cost/SynthesizeId/ReactantId1/ReactantId2/ReactantId3.....
#  Id prefix:
#  Q --- Query Molecule
#  M --- Material
#  R --- Reactant
#
Directory      result/synthesize_PfHDAC1/264/DATABASE/
#
Q000000001/Analysis Failed
Q000000002/5.791800/0000/R000000001
M000000004/1.000000/0000/Sigma_BB-28945063
M000000006/1.000000/0000/Sigma_BB-28764950
R000000005/1.111111/0197/M000000006
R000000003/2.345679/0004/M000000004/R000000005
R000000007/2.222222/0004/M000000004/M000000006
R000000003/2.469136/0197/R000000007
R000000009/1.000000/0000/Guesstimate
M000000011/1.000000/0000/Sigma_BB-30392871
R000000010/1.111111/0099/M000000011
R000000012/1.000000/0000/Guesstimate
R000000013/1.000000/0000/Guesstimate
R000000010/2.222222/0122/R000000012/R000000013
R000000008/2.345679/0004/R000000009/R000000010
R000000015/1.000000/0000/Guesstimate
R000000014/2.345679/0277/R000000015/R000000010
R000000016/1.000000/0000/Guesstimate
R000000014/2.345679/0301/R000000016/R000000010
R000000008/2.606310/0024/R000000014
R000000002/5.212620/0212/R000000003/R000000008
R000000002/5.212620/0212/R000000003/R000000008
R000000001/5.791800/0028/R000000002
M000000020/1.000000/0000/Sigma_BB-29509312
R000000021/1.000000/0000/Guesstimate
R000000019/2.222222/0231/M000000020/R000000021
R000000024/1.000000/0000/Guesstimate
R000000023/2.222222/0231/M000000020/R000000024
R000000022/2.469136/0040/R000000023
R000000026/1.000000/0000/Guesstimate
R000000025/2.222222/0231/M000000020/R000000026
R000000022/3.580247/0004/R000000025/R000000009
R000000019/2.743484/0197/R000000022
R000000027/1.000000/0000/Guesstimate
R000000018/3.580247/0004/R000000019/R000000027
M000000029/1.000000/0000/Sigma_BB-28524129
R000000028/3.854596/0212/R000000022/M000000029
R000000028/3.854596/0212/R000000022/M000000029
R000000018/4.282884/0024/R000000028
R000000032/1.000000/0000/Guesstimate
R000000031/2.222222/0212/M000000006/R000000032
R000000031/2.222222/0212/M000000006/R000000032
R000000030/2.469136/0085/R000000031
R000000034/1.000000/0000/Guesstimate
R000000033/3.580247/0004/R000000031/R000000034
R000000030/3.978053/0197/R000000033
R000000017/6.721537/0212/R000000018/R000000030
R000000017/6.721537/0212/R000000018/R000000030
R000000001/7.468375/0028/R000000017
Q000000003/Analysis Failed
<NEXT>