#
#  Reaction log file
#  Author: LigBuilder V3 User_Diana
#  Creation time: Fri Apr 10 01:33:14 2026
#  Format:
#  QueryMoleculeId/Cost/SynthesizeId/ReactantId1/ReactantId2/ReactantId3.....
#  Id prefix:
#  Q --- Query Molecule
#  M --- Material
#  R --- Reactant
#
Directory      result/synthesize_PfHDAC1/36/DATABASE/
#
Q000000001/2.606310/0000/R000000001
M000000003/1.000000/0000/Sigma_BB-29509005
M000000005/1.000000/0000/Sigma_BB-28830366
R000000004/1.111111/0087/M000000005
R000000006/1.111111/0085/M000000005
R000000007/1.234568/0079/R000000004
R000000008/1.000000/0000/Guesstimate
R000000007/2.345679/0112/R000000004/R000000008
R000000006/1.371742/0040/R000000007
R000000004/1.234568/0086/R000000006
R000000002/2.345679/0175/M000000003/R000000004
R000000010/1.111111/0287/M000000003
R000000011/1.000000/0000/Guesstimate
R000000009/2.345679/0004/R000000010/R000000011
R000000013/1.000000/0000/Guesstimate
R000000012/2.222222/0175/M000000003/R000000013
R000000012/2.222222/0290/M000000003/R000000013
R000000009/2.469136/0024/R000000012
R000000002/3.840878/0212/R000000009/R000000006
R000000001/2.606310/0028/R000000002
M000000017/1.000000/0000/Sigma_BB-28764950
R000000016/1.111111/0197/M000000017
R000000018/1.371742/0079/R000000015
R000000018/2.482853/0112/R000000015/R000000008
R000000016/1.524158/0040/R000000018
R000000015/1.234568/0086/R000000016
R000000015/1.234568/0091/R000000016
R000000014/2.482853/0175/M000000003/R000000015
R000000014/3.840878/0212/R000000009/R000000016
R000000001/2.758726/0028/R000000014
Q000000002/2.606310/0000/R000000001
Q000000003/2.606310/0000/R000000001
Q000000004/4.282884/0000/R000000019
R000000023/1.000000/0000/Guesstimate
R000000022/2.222222/0212/M000000017/R000000023
R000000022/2.222222/0212/M000000017/R000000023
R000000021/2.469136/0087/R000000022
R000000025/1.000000/0000/Guesstimate
R000000024/3.580247/0004/R000000022/R000000025
R000000021/3.978053/0197/R000000024
R000000020/3.854596/0175/M000000003/R000000021
R000000027/2.743484/0079/R000000021
R000000027/3.854596/0112/R000000021/R000000008
R000000026/3.048316/0040/R000000027
R000000029/1.000000/0000/Guesstimate
R000000028/3.854596/0276/R000000021/R000000029
R000000028/3.854596/0278/R000000021/R000000029
R000000026/4.282884/0024/R000000028
R000000020/5.993328/0212/R000000009/R000000026
R000000019/4.282884/0028/R000000020
R000000032/1.111111/0085/M000000017
R000000031/2.345679/0212/R000000032/R000000023
R000000031/2.345679/0212/R000000032/R000000023
R000000030/5.212620/0212/R000000009/R000000031
R000000030/5.212620/0212/R000000009/R000000031
R000000019/5.791800/0028/R000000030
<NEXT>