#
#  Reaction log file
#  Author: LigBuilder V3 User_Diana
#  Creation time: Fri Apr 10 01:35:20 2026
#  Format:
#  QueryMoleculeId/Cost/SynthesizeId/ReactantId1/ReactantId2/ReactantId3.....
#  Id prefix:
#  Q --- Query Molecule
#  M --- Material
#  R --- Reactant
#
Directory      result/synthesize_PfHDAC1/120/DATABASE/
#
Q000000001/6.096632/0000/R000000001
M000000005/1.000000/0000/Sigma_BB-28756674
R000000006/1.000000/0000/Guesstimate
R000000004/2.222222/0280/M000000005/R000000006
R000000003/2.469136/0002/R000000004
R000000003/2.469136/0004/R000000004
M000000009/1.000000/0000/Sigma_BB-369386368
R000000010/1.000000/0000/Guesstimate
R000000008/2.222222/0169/M000000009/R000000010
R000000011/1.000000/0000/Guesstimate
M000000012/1.000000/0000/Sigma_BB-187814549
R000000008/3.333333/0225/R000000010/R000000011/M000000012
R000000007/2.469136/0024/R000000008
R000000014/1.000000/0000/Guesstimate
R000000013/2.222222/0169/M000000009/R000000014
R000000013/3.333333/0225/R000000014/R000000011/M000000012
R000000007/2.469136/0040/R000000013
R000000002/5.486969/0212/R000000003/R000000007
R000000002/5.486969/0212/R000000003/R000000007
R000000001/6.096632/0099/R000000002
R000000001/6.096632/0099/R000000002
Q000000002/6.096632/0000/R000000001
Q000000003/6.506838/0000/R000000015
R000000018/2.743484/0204/R000000003
R000000017/3.048316/0041/R000000018
R000000019/1.000000/0000/Guesstimate
R000000017/3.854596/0212/R000000003/R000000019
R000000021/1.000000/0000/Guesstimate
M000000022/1.000000/0000/Sigma_BB-28764949
R000000020/2.222222/0004/R000000021/M000000022
R000000024/1.000000/0000/Guesstimate
M000000025/1.000000/0000/Sigma_BB-28769352
R000000023/2.222222/0175/R000000024/M000000025
R000000023/2.222222/0290/R000000024/M000000025
R000000020/2.469136/0024/R000000023
R000000016/5.856154/0169/R000000017/R000000020
R000000028/1.000000/0000/Guesstimate
R000000027/4.498129/0275/R000000017/R000000028
R000000029/1.000000/0000/Guesstimate
R000000027/4.498129/0282/R000000017/R000000029
R000000026/4.997921/0091/R000000027
R000000031/1.000000/0000/Guesstimate
R000000030/2.222222/0274/R000000028/R000000031
R000000032/1.000000/0000/Guesstimate
R000000030/2.222222/0275/R000000032/R000000019
R000000026/5.212621/0212/R000000003/R000000030
R000000016/6.664357/0175/R000000026/M000000025
R000000015/6.506838/0099/R000000016
R000000015/6.506838/0099/R000000016
<NEXT>