#
#  Reaction log file
#  Author: LigBuilder V3 User_Diana
#  Creation time: Fri Apr 10 01:39:04 2026
#  Format:
#  QueryMoleculeId/Cost/SynthesizeId/ReactantId1/ReactantId2/ReactantId3.....
#  Id prefix:
#  Q --- Query Molecule
#  M --- Material
#  R --- Reactant
#
Directory      result/synthesize_PfHDAC1/260/DATABASE/
#
Q000000001/5.791801/0000/R000000001
M000000004/1.000000/0000/Sigma_BB-29509005
R000000003/1.111111/0287/M000000004
M000000006/1.000000/0000/Sigma_BB-28838111
R000000005/1.111111/0287/M000000006
M000000007/1.000000/0000/Sigma_BB-28945063
R000000008/1.000000/0000/Guesstimate
R000000005/2.222222/0175/M000000007/R000000008
R000000003/1.234568/0139/R000000005
M000000010/1.000000/0000/Sigma_BB-28776155
R000000012/1.000000/0000/Guesstimate
R000000013/1.000000/0000/Guesstimate
R000000011/2.222222/0004/R000000012/R000000013
R000000014/1.000000/0000/Guesstimate
R000000015/1.000000/0000/Guesstimate
R000000011/3.333333/0225/R000000014/R000000013/R000000015
R000000009/3.580247/0212/M000000010/R000000011
R000000009/3.580247/0212/M000000010/R000000011
R000000002/5.212621/0003/R000000003/R000000009
R000000016/1.111111/0074/M000000004
R000000018/1.000000/0000/Guesstimate
R000000017/2.345679/0004/R000000003/R000000018
R000000016/2.606310/0009/R000000017
R000000021/1.000000/0000/Guesstimate
R000000020/3.580247/0212/R000000021/R000000011
R000000020/3.978053/0197/R000000009
R000000022/1.000000/0000/Guesstimate
R000000019/5.089163/0004/R000000020/R000000022
R000000024/1.000000/0000/Guesstimate
R000000023/5.089163/0277/R000000020/R000000024
R000000025/1.000000/0000/Guesstimate
R000000023/5.089163/0301/R000000020/R000000025
R000000019/5.654626/0024/R000000023
R000000002/6.889194/0049/R000000016/R000000019
R000000001/5.791801/0099/R000000002
M000000030/1.000000/0000/Sigma_BB-28830366
R000000029/2.222222/0004/M000000007/M000000030
R000000028/2.469136/0197/R000000029
R000000028/2.469136/0197/R000000029
R000000031/1.000000/0000/Guesstimate
R000000027/3.854596/0175/R000000028/R000000031
R000000027/3.854596/0290/R000000028/R000000031
R000000034/1.000000/0000/Guesstimate
R000000033/2.222222/0112/R000000034/R000000013
R000000032/2.469136/0147/R000000033
R000000026/7.026369/0279/R000000027/R000000032
R000000026/7.026369/0279/R000000027/R000000032
R000000001/7.807076/0028/R000000026
Q000000002/5.807042/0000/R000000035
M000000039/1.000000/0000/Sigma_BB-28764950
R000000038/1.111111/0087/M000000039
R000000041/1.000000/0000/Guesstimate
R000000040/2.222222/0004/R000000041/R000000013
R000000042/1.000000/0000/Guesstimate
R000000040/3.580247/0004/R000000011/R000000042
R000000037/3.703704/0212/R000000038/R000000040
R000000037/3.703704/0212/R000000038/R000000040
R000000036/5.226338/0175/M000000004/R000000037
R000000043/2.345679/0004/R000000003/R000000012
R000000045/1.000000/0000/Guesstimate
R000000044/2.222222/0175/M000000004/R000000045
R000000044/2.222222/0290/M000000004/R000000045
R000000043/2.469136/0024/R000000044
R000000047/1.111111/0085/M000000039
R000000046/3.703704/0212/R000000047/R000000040
R000000046/3.703704/0212/R000000047/R000000040
R000000036/6.721537/0212/R000000043/R000000046
R000000035/5.807042/0028/R000000036
R000000050/3.703704/0212/R000000047/R000000040
R000000050/3.703704/0212/R000000047/R000000040
R000000049/4.115227/0086/R000000050
R000000049/4.115227/0091/R000000050
R000000048/5.683586/0175/M000000004/R000000049
R000000048/6.721537/0212/R000000043/R000000050
R000000035/6.315095/0028/R000000048
Q000000003/Analysis Failed
<NEXT>