#
#  Reaction log file
#  Author: LigBuilder V3 User_Diana
#  Creation time: Fri Apr 10 01:34:25 2026
#  Format:
#  QueryMoleculeId/Cost/SynthesizeId/ReactantId1/ReactantId2/ReactantId3.....
#  Id prefix:
#  Q --- Query Molecule
#  M --- Material
#  R --- Reactant
#
Directory      result/synthesize_PfHDAC1/104/DATABASE/
#
Q000000001/4.007011/0000/R000000001
M000000005/1.000000/0000/Sigma_BB-27736991
R000000004/1.111111/0287/M000000005
M000000006/1.000000/0000/Sigma_BB-53166353
R000000004/1.111111/0299/M000000006
R000000007/1.000000/0000/Guesstimate
R000000003/2.345679/0231/R000000004/R000000007
R000000008/2.222222/0231/M000000005/R000000007
R000000003/2.469136/0287/R000000008
R000000002/2.606310/0299/R000000003
M000000011/1.000000/0000/Sigma_BB-29509312
R000000010/2.222222/0231/M000000011/R000000007
R000000009/2.469136/0074/R000000010
R000000009/2.469136/0167/R000000010
R000000002/2.743484/0040/R000000009
R000000012/1.000000/0000/Guesstimate
R000000001/4.007011/0119/R000000002/R000000012
M000000016/1.000000/0000/Sigma_BB-28760241
R000000017/1.000000/0000/Guesstimate
R000000015/2.222222/0175/M000000016/R000000017
R000000015/2.222222/0290/M000000016/R000000017
R000000014/3.580247/0119/R000000015/R000000012
R000000018/2.222222/0119/M000000016/R000000012
R000000018/2.222222/0280/M000000016/R000000012
R000000014/3.580247/0175/R000000018/R000000017
R000000019/1.000000/0000/Guesstimate
R000000013/5.089163/0012/R000000014/R000000019
R000000020/3.580247/0012/R000000015/R000000019
R000000020/3.580247/0285/R000000015/R000000019
R000000013/5.089163/0119/R000000020/R000000012
R000000001/5.654626/0059/R000000013
Q000000002/4.007011/0000/R000000001
Q000000003/4.159427/0000/R000000021
R000000023/2.469136/0164/R000000010
R000000025/1.000000/0000/Guesstimate
R000000026/1.000000/0000/Guesstimate
R000000024/2.222222/0003/R000000025/R000000026
R000000027/1.000000/0000/Guesstimate
R000000028/1.000000/0000/Guesstimate
R000000024/2.222222/0049/R000000027/R000000028
R000000030/1.000000/0000/Guesstimate
R000000031/1.000000/0000/Guesstimate
R000000029/2.222222/0279/R000000030/R000000031
R000000029/2.222222/0279/R000000030/R000000031
R000000023/4.938272/0159/R000000024/R000000029
R000000022/2.743484/0040/R000000023
M000000034/1.000000/0000/Sigma_BB-28769194
R000000033/2.222222/0175/M000000034/R000000017
R000000033/2.222222/0290/M000000034/R000000017
R000000032/3.580247/0012/R000000033/R000000019
R000000036/3.580247/0119/R000000033/R000000012
R000000037/1.000000/0000/Guesstimate
R000000039/1.000000/0000/Guesstimate
R000000038/2.222222/0279/R000000030/R000000039
R000000038/2.222222/0279/R000000030/R000000039
R000000036/3.580247/0159/R000000037/R000000038
R000000035/5.089163/0012/R000000036/R000000019
R000000042/1.000000/0000/Guesstimate
R000000041/2.222222/0003/R000000025/R000000042
R000000043/1.000000/0000/Guesstimate
R000000041/2.222222/0049/R000000027/R000000043
R000000040/4.938272/0159/R000000041/R000000038
R000000045/1.000000/0000/Guesstimate
R000000044/3.580247/0159/R000000045/R000000038
R000000046/1.000000/0000/Guesstimate
R000000040/5.089163/0231/R000000044/R000000046
R000000035/5.486969/0082/R000000040
R000000032/5.654626/0024/R000000035
R000000022/3.978053/0059/R000000032
R000000021/4.159427/0119/R000000022/R000000012
R000000021/5.654626/0059/R000000035
Q000000004/4.159427/0000/R000000021
<NEXT>