#
#  Reaction log file
#  Author: LigBuilder V3 User_Diana
#  Creation time: Fri Apr 10 01:37:10 2026
#  Format:
#  QueryMoleculeId/Cost/SynthesizeId/ReactantId1/ReactantId2/ReactantId3.....
#  Id prefix:
#  Q --- Query Molecule
#  M --- Material
#  R --- Reactant
#
Directory      result/synthesize_PfHDAC1/200/DATABASE/
#
Q000000001/2.482853/0000/R000000001
M000000004/1.000000/0000/Sigma_BB-29509005
R000000003/1.111111/0074/M000000004
R000000005/1.111111/0287/M000000004
R000000006/1.000000/0000/Guesstimate
R000000003/2.345679/0112/R000000005/R000000006
R000000002/1.234568/0040/R000000003
R000000008/1.111111/0114/M000000004
R000000009/1.000000/0000/Guesstimate
R000000007/2.345679/0004/R000000008/R000000009
R000000011/1.000000/0000/Guesstimate
R000000010/2.222222/0175/M000000004/R000000011
R000000010/2.222222/0290/M000000004/R000000011
R000000007/2.469136/0040/R000000010
R000000002/2.606310/0073/R000000007
R000000012/1.000000/0000/Guesstimate
R000000001/2.482853/0003/R000000002/R000000012
M000000016/1.000000/0000/Sigma_BB-27113924
M000000017/1.000000/0000/Sigma_BB-28830366
R000000015/2.222222/0004/M000000016/M000000017
R000000014/2.469136/0197/R000000015
M000000018/1.000000/0000/Sigma_BB-28798980
R000000013/3.854596/0112/R000000014/M000000018
R000000019/2.743484/0125/R000000014
R000000019/3.854596/0112/R000000014/R000000006
R000000022/1.000000/0000/Guesstimate
R000000023/1.000000/0000/Guesstimate
R000000021/2.222222/0003/R000000022/R000000023
M000000024/1.000000/0000/Sigma_BB-28775620
R000000025/1.000000/0000/Guesstimate
R000000021/2.222222/0049/M000000024/R000000025
R000000020/2.469136/0147/R000000021
R000000027/1.000000/0000/Guesstimate
R000000028/1.000000/0000/Guesstimate
R000000026/2.222222/0003/R000000027/R000000028
R000000029/1.000000/0000/Guesstimate
R000000026/2.222222/0112/R000000029/R000000023
R000000020/2.469136/0147/R000000026
R000000013/5.791801/0138/R000000019/R000000020
R000000001/4.282884/0028/R000000013
Q000000002/2.482853/0000/R000000030
M000000031/1.000000/0000/Sigma_BB-28828989
R000000030/2.482853/0003/R000000002/M000000031
R000000033/3.048316/0040/R000000019
R000000034/3.854596/0004/R000000014/R000000009
R000000035/1.000000/0000/Guesstimate
R000000036/1.000000/0000/Guesstimate
R000000034/4.965707/0225/R000000014/R000000035/R000000036
R000000033/4.282884/0216/R000000034
R000000032/4.498129/0003/R000000033/M000000031
R000000037/3.387018/0091/R000000033
R000000039/1.000000/0000/Guesstimate
R000000038/3.854596/0112/R000000014/R000000039
R000000037/4.282884/0197/R000000038
M000000042/1.000000/0000/Sigma_BB-128445563
R000000041/1.111111/0233/M000000042
R000000041/1.111111/0258/M000000042
R000000040/1.234568/0155/R000000041
M000000044/1.000000/0000/Sigma_BB-28845121
R000000043/2.222222/0112/M000000044/R000000028
R000000045/1.000000/0000/Guesstimate
R000000046/1.000000/0000/Guesstimate
R000000043/2.222222/0112/R000000045/R000000046
R000000040/2.469136/0147/R000000043
R000000032/5.135096/0112/R000000037/R000000040
R000000030/4.997921/0028/R000000032
Q000000003/2.482853/0000/R000000001
Q000000004/2.482853/0000/R000000001
<NEXT>