#
#  Reaction log file
#  Author: LigBuilder V3 User_Diana
#  Creation time: Fri Apr 10 01:36:08 2026
#  Format:
#  QueryMoleculeId/Cost/SynthesizeId/ReactantId1/ReactantId2/ReactantId3.....
#  Id prefix:
#  Q --- Query Molecule
#  M --- Material
#  R --- Reactant
#
Directory      result/synthesize_PfHDAC1/160/DATABASE/
#
Q000000001/4.130468/0000/R000000001
M000000005/1.000000/0000/Sigma_BB-28766735
R000000004/1.111111/0086/M000000005
R000000004/1.111111/0091/M000000005
R000000006/1.000000/0000/Guesstimate
R000000003/2.345679/0112/R000000004/R000000006
M000000007/1.000000/0000/Sigma_BB-28200223
R000000009/1.000000/0000/Guesstimate
R000000008/2.222222/0004/R000000009/R000000006
R000000003/3.580247/0049/M000000007/R000000008
R000000010/1.000000/0000/Guesstimate
R000000002/3.717421/0012/R000000003/R000000010
M000000013/1.000000/0000/Sigma_BB-29509312
R000000014/1.000000/0000/Guesstimate
R000000012/2.222222/0231/M000000013/R000000014
R000000012/2.222222/0285/M000000005/R000000010
R000000011/2.469136/0091/R000000012
R000000016/1.000000/0000/Guesstimate
R000000015/2.345679/0277/R000000004/R000000016
R000000011/2.606310/0150/R000000015
R000000002/3.854596/0112/R000000011/R000000006
R000000001/4.130468/0059/R000000002
M000000019/1.000000/0000/Sigma_BB-28945063
M000000020/1.000000/0000/Sigma_BB-30441135
R000000018/2.222222/0004/M000000019/M000000020
R000000018/2.222222/0004/M000000005/R000000016
R000000022/1.000000/0000/Guesstimate
R000000021/2.222222/0004/R000000022/R000000006
R000000024/1.000000/0000/Guesstimate
R000000023/2.222222/0004/R000000024/R000000006
R000000025/1.000000/0000/Guesstimate
R000000026/1.000000/0000/Guesstimate
R000000023/3.333333/0225/R000000006/R000000025/R000000026
R000000021/2.469136/0045/R000000023
R000000017/4.938272/0212/R000000018/R000000021
R000000017/4.938272/0212/R000000018/R000000021
R000000001/5.486969/0150/R000000017
Q000000002/4.130468/0000/R000000001
Q000000003/4.130468/0000/R000000001
<NEXT>