#
#  Reaction log file
#  Author: LigBuilder V3 User_Diana
#  Creation time: Fri Apr 10 01:35:02 2026
#  Format:
#  QueryMoleculeId/Cost/SynthesizeId/ReactantId1/ReactantId2/ReactantId3.....
#  Id prefix:
#  Q --- Query Molecule
#  M --- Material
#  R --- Reactant
#
Directory      result/synthesize_PfHDAC1/122/DATABASE/
#
Q000000001/Analysis Failed
Q000000002/Analysis Failed
Q000000003/Analysis Failed
Q000000004/4.741825/0000/R000000001
M000000006/1.000000/0000/Sigma_BB-29509005
R000000005/1.111111/0287/M000000006
R000000004/1.234568/0104/R000000005
R000000004/1.234568/0104/R000000005
R000000003/1.371742/0257/R000000004
R000000009/1.000000/0000/Guesstimate
R000000010/1.000000/0000/Guesstimate
R000000008/2.222222/0004/R000000009/R000000010
R000000007/2.469136/0197/R000000008
R000000011/9.100000/0000/Guesstimate
R000000007/9.100000/0293/R000000011
R000000002/4.267642/0301/R000000003/R000000007
R000000002/4.267642/0301/R000000003/R000000007
R000000001/4.741825/0161/R000000002
R000000014/2.345679/0004/R000000005/R000000009
R000000016/1.000000/0000/Guesstimate
R000000015/2.345679/0004/R000000005/R000000016
R000000014/2.606310/0187/R000000015
R000000013/2.606310/0197/R000000014
R000000019/1.000000/0000/Guesstimate
R000000018/1.111111/0293/R000000019
R000000017/1.234568/0090/R000000018
R000000021/1.000000/0000/Guesstimate
R000000022/1.000000/0000/Guesstimate
R000000020/2.222222/0170/R000000021/R000000022
R000000023/1.000000/0000/Guesstimate
R000000024/1.000000/0000/Guesstimate
R000000020/2.222222/0170/R000000023/R000000024
R000000017/2.469136/0122/R000000020
R000000012/4.267642/0301/R000000013/R000000017
R000000012/4.267642/0301/R000000013/R000000017
R000000001/4.741825/0188/R000000012
<NEXT>