#
#  Reaction log file
#  Author: LigBuilder V3 User_Diana
#  Creation time: Fri Apr 10 01:35:08 2026
#  Format:
#  QueryMoleculeId/Cost/SynthesizeId/ReactantId1/ReactantId2/ReactantId3.....
#  Id prefix:
#  Q --- Query Molecule
#  M --- Material
#  R --- Reactant
#
Directory      result/synthesize_PfHDAC1/128/DATABASE/
#
Q000000001/Analysis Failed
Q000000002/5.654626/0000/R000000001
M000000005/1.000000/0000/Sigma_BB-28945063
M000000006/1.000000/0000/Sigma_BB-31058715
R000000004/2.222222/0004/M000000005/M000000006
R000000007/1.000000/0000/Guesstimate
R000000003/3.580247/0169/R000000004/R000000007
R000000008/1.000000/0000/Guesstimate
R000000003/3.580247/0274/R000000004/R000000008
R000000009/1.000000/0000/Guesstimate
R000000002/5.089163/0175/R000000003/R000000009
R000000002/5.089163/0290/R000000003/R000000009
R000000001/5.654626/0139/R000000002
M000000011/1.000000/0000/Sigma_BB-48767194
R000000010/5.089163/0175/R000000003/M000000011
R000000010/5.089163/0290/R000000003/M000000011
R000000001/5.654626/0150/R000000010
Q000000003/5.654626/0000/R000000001
Q000000004/3.048316/0000/R000000012
M000000016/1.000000/0000/Sigma_BB-29509005
R000000017/1.000000/0000/Guesstimate
R000000015/2.222222/0174/M000000016/R000000017
R000000019/2.222222/0175/M000000005/R000000009
M000000021/1.000000/0000/Sigma_BB-27113924
R000000022/1.000000/0000/Guesstimate
R000000020/2.222222/0003/M000000021/R000000022
R000000023/1.000000/0000/Guesstimate
R000000020/2.222222/0175/M000000005/R000000023
R000000019/2.469136/0041/R000000020
R000000018/2.469136/0139/R000000019
R000000024/2.222222/0175/M000000005/M000000011
R000000026/1.000000/0000/Guesstimate
R000000025/2.222222/0175/M000000005/R000000026
R000000025/2.469136/0059/R000000020
R000000024/2.469136/0058/R000000025
R000000018/2.469136/0150/R000000024
R000000015/3.854596/0112/R000000018/R000000017
R000000014/2.469136/0059/R000000015
R000000027/1.000000/0000/Guesstimate
R000000014/3.580247/0224/R000000015/R000000027
R000000013/2.743484/0039/R000000014
R000000028/2.469136/0039/R000000015
R000000029/1.000000/0000/Guesstimate
R000000028/3.854596/0112/R000000018/R000000029
R000000013/2.743484/0059/R000000028
R000000012/3.048316/0024/R000000013
R000000030/1.000000/0000/Guesstimate
R000000012/3.854596/0004/R000000018/R000000030
<NEXT>