#
#  Reaction log file
#  Author: LigBuilder V3 User_Diana
#  Creation time: Fri Apr 10 01:36:54 2026
#  Format:
#  QueryMoleculeId/Cost/SynthesizeId/ReactantId1/ReactantId2/ReactantId3.....
#  Id prefix:
#  Q --- Query Molecule
#  M --- Material
#  R --- Reactant
#
Directory      result/synthesize_PfHDAC1/188/DATABASE/
#
Q000000001/Analysis Failed
Q000000002/5.531170/0000/R000000001
M000000005/1.000000/0000/Sigma_BB-29509005
R000000006/1.000000/0000/Guesstimate
R000000004/2.222222/0174/M000000005/R000000006
R000000004/2.222222/0289/M000000005/R000000006
M000000007/1.000000/0000/Sigma_BB-34697964
R000000003/3.580247/0049/R000000004/M000000007
R000000009/1.000000/0000/Guesstimate
R000000008/3.580247/0049/R000000004/R000000009
R000000010/1.000000/0000/Guesstimate
R000000003/5.089163/0138/R000000008/R000000010
R000000002/3.978053/0099/R000000003
M000000012/1.000000/0000/Sigma_BB-28775620
R000000011/5.089163/0049/R000000008/M000000012
R000000002/5.654626/0099/R000000011
R000000013/1.000000/0000/Guesstimate
R000000001/5.531170/0003/R000000002/R000000013
R000000016/1.111111/0287/M000000005
R000000017/1.000000/0000/Guesstimate
R000000015/2.345679/0004/R000000016/R000000017
R000000019/1.000000/0000/Guesstimate
R000000018/2.222222/0175/M000000005/R000000019
R000000018/2.345679/0004/R000000016/R000000013
R000000020/1.000000/0000/Guesstimate
R000000015/3.580247/0004/R000000018/R000000020
M000000023/1.000000/0000/Sigma_BB-28764950
R000000022/1.111111/0085/M000000023
M000000024/1.000000/0000/Sigma_BB-28769153
R000000021/2.345679/0212/R000000022/M000000024
R000000026/1.000000/0000/Guesstimate
R000000025/2.222222/0004/M000000023/R000000026
R000000027/1.000000/0000/Guesstimate
R000000025/2.222222/0241/M000000023/R000000027
R000000021/2.469136/0197/R000000025
R000000014/5.212620/0212/R000000015/R000000021
R000000014/5.212620/0212/R000000015/R000000021
R000000001/5.791800/0028/R000000014
Q000000003/4.572474/0000/R000000028
M000000032/1.000000/0000/Sigma_BB-29509312
R000000031/2.222222/0175/M000000032/R000000006
R000000031/2.222222/0290/M000000032/R000000006
R000000030/2.469136/0139/R000000031
M000000034/1.000000/0000/Sigma_BB-48767194
R000000033/2.222222/0175/M000000032/M000000034
R000000033/2.222222/0290/M000000032/M000000034
R000000030/2.469136/0150/R000000033
M000000037/1.000000/0000/Sigma_BB-130314282
R000000036/1.111111/0204/M000000037
R000000038/1.000000/0000/Guesstimate
R000000039/1.000000/0000/Guesstimate
R000000036/2.222222/0279/R000000038/R000000039
R000000035/1.234568/0041/R000000036
M000000041/1.000000/0000/Sigma_BB-28783903
R000000040/1.111111/0082/M000000041
R000000042/1.000000/0000/Guesstimate
R000000043/1.000000/0000/Guesstimate
R000000040/2.222222/0112/R000000042/R000000043
R000000035/2.345679/0122/R000000040/R000000020
R000000029/4.115227/0232/R000000030/R000000035
R000000044/2.606310/0197/R000000015
R000000045/2.469136/0233/R000000004
R000000045/2.469136/0258/R000000004
R000000044/2.743484/0155/R000000045
M000000048/1.000000/0000/Sigma_BB-28830366
R000000047/1.111111/0085/M000000048
R000000046/1.234568/0197/R000000047
R000000049/9.200000/0000/Guesstimate
R000000046/9.200000/0155/R000000049
R000000029/4.267642/0301/R000000044/R000000046
R000000028/4.572474/0028/R000000029
R000000053/1.000000/0000/Guesstimate
R000000052/2.222222/0174/M000000005/R000000053
R000000052/2.345679/0112/R000000016/R000000053
R000000054/1.000000/0000/Guesstimate
R000000051/3.580247/0012/R000000052/R000000054
R000000056/1.000000/0000/Guesstimate
R000000055/3.854596/0231/R000000030/R000000056
R000000051/4.282884/0082/R000000055
R000000050/5.089163/0049/R000000051/R000000009
R000000059/1.000000/0000/Guesstimate
R000000058/3.854596/0231/R000000030/R000000059
R000000057/4.282884/0090/R000000058
R000000060/3.978053/0233/R000000051
R000000060/3.978053/0258/R000000051
R000000057/4.420059/0155/R000000060
R000000050/5.869872/0112/R000000057/R000000043
R000000028/5.654626/0041/R000000050
Q000000004/5.531170/0000/R000000001
<NEXT>