#
#  Reaction log file
#  Author: LigBuilder V3 User_Diana
#  Creation time: Fri Apr 10 01:34:19 2026
#  Format:
#  QueryMoleculeId/Cost/SynthesizeId/ReactantId1/ReactantId2/ReactantId3.....
#  Id prefix:
#  Q --- Query Molecule
#  M --- Material
#  R --- Reactant
#
Directory      result/synthesize_PfHDAC1/74/DATABASE/
#
Q000000001/5.517452/0000/R000000001
M000000005/1.000000/0000/Sigma_BB-27113924
M000000006/1.000000/0000/Sigma_BB-28830366
R000000004/2.222222/0004/M000000005/M000000006
R000000003/2.469136/0197/R000000004
R000000007/1.000000/0000/Guesstimate
R000000008/1.000000/0000/Guesstimate
R000000002/4.965707/0225/R000000003/R000000007/R000000008
R000000002/4.965707/0225/R000000003/R000000007/R000000008
R000000001/5.517452/0028/R000000002
R000000012/1.000000/0000/Guesstimate
R000000011/2.222222/0003/M000000005/R000000012
M000000013/1.000000/0000/Sigma_BB-28945063
R000000014/1.000000/0000/Guesstimate
R000000011/2.222222/0175/M000000013/R000000014
R000000010/2.469136/0041/R000000011
R000000016/1.000000/0000/Guesstimate
R000000015/2.222222/0112/M000000005/R000000016
R000000015/2.222222/0174/M000000013/R000000016
R000000010/2.469136/0147/R000000015
R000000009/4.965707/0225/R000000010/R000000007/R000000008
R000000019/1.000000/0000/Guesstimate
R000000018/2.222222/0004/M000000013/R000000019
M000000020/1.000000/0000/Sigma_BB-28766735
R000000018/2.222222/0004/M000000020/R000000008
R000000017/3.580247/0169/R000000018/R000000007
M000000022/1.000000/0000/Sigma_BB-27510527
R000000021/2.222222/0004/M000000013/M000000022
R000000023/1.000000/0000/Guesstimate
R000000021/2.222222/0004/M000000020/R000000023
R000000024/1.000000/0000/Guesstimate
R000000017/3.580247/0212/R000000021/R000000024
R000000009/5.089163/0175/R000000017/R000000016
R000000001/5.517452/0139/R000000009
Q000000002/4.420058/0000/R000000025
M000000029/1.000000/0000/Sigma_BB-29509005
R000000028/1.111111/0287/M000000029
R000000028/2.743484/0139/R000000010
R000000030/1.000000/0000/Guesstimate
R000000027/2.345679/0004/R000000028/R000000030
R000000032/1.000000/0000/Guesstimate
R000000031/2.222222/0175/M000000029/R000000032
R000000031/2.222222/0290/M000000029/R000000032
R000000027/2.469136/0024/R000000031
M000000035/1.000000/0000/Sigma_BB-28783903
R000000034/1.111111/0293/M000000035
R000000033/1.234568/0198/R000000034
R000000037/1.000000/0000/Guesstimate
R000000036/2.222222/0004/R000000037/M000000006
R000000036/2.222222/0277/R000000037/M000000006
R000000033/2.469136/0197/R000000036
R000000026/3.978052/0169/R000000027/R000000033
R000000040/1.000000/0000/Guesstimate
R000000039/2.482853/0275/R000000040/R000000033
R000000041/1.000000/0000/Guesstimate
R000000039/2.482853/0282/R000000041/R000000033
R000000038/2.758726/0091/R000000039
R000000043/1.000000/0000/Guesstimate
R000000042/3.580247/0275/R000000043/R000000036
R000000042/3.580247/0282/R000000040/R000000036
R000000038/3.978053/0197/R000000042
R000000026/4.176363/0175/M000000029/R000000038
R000000025/4.420058/0028/R000000026
R000000046/1.000000/0000/Guesstimate
M000000048/1.000000/0000/Sigma_BB-28764950
R000000047/1.111111/0197/M000000048
R000000045/2.345679/0212/R000000046/R000000047
R000000049/2.222222/0212/R000000046/M000000048
R000000049/2.222222/0212/R000000046/M000000048
R000000045/2.469136/0197/R000000049
R000000044/5.212620/0169/R000000027/R000000045
R000000051/3.580247/0275/R000000043/R000000049
R000000051/3.580247/0282/R000000040/R000000049
R000000050/3.978053/0197/R000000051
R000000052/3.717421/0275/R000000040/R000000045
R000000052/3.717421/0282/R000000041/R000000045
R000000050/4.130468/0091/R000000052
R000000044/5.531170/0175/M000000029/R000000050
R000000025/5.791800/0028/R000000044
Q000000003/5.791800/0000/R000000053
M000000056/1.000000/0000/Sigma_BB-31286382
M000000058/1.000000/0000/Sigma_BB-152437451
R000000057/1.111111/0085/M000000058
R000000055/2.345679/0212/M000000056/R000000057
R000000060/1.000000/0000/Guesstimate
R000000059/2.222222/0004/R000000060/M000000058
R000000059/2.222222/0277/R000000060/M000000058
R000000055/2.469136/0197/R000000059
R000000054/5.212620/0169/R000000027/R000000055
R000000062/3.580247/0275/R000000043/R000000059
R000000062/3.580247/0282/R000000040/R000000059
R000000061/3.978053/0197/R000000062
R000000063/3.717421/0275/R000000040/R000000055
R000000063/3.717421/0282/R000000041/R000000055
R000000061/4.130468/0091/R000000063
R000000054/5.531170/0175/M000000029/R000000061
R000000053/5.791800/0028/R000000054
M000000067/1.000000/0000/Sigma_BB-332441958
R000000066/2.222222/0301/R000000037/M000000067
R000000066/2.222222/0301/R000000037/M000000067
R000000065/2.469136/0228/R000000066
R000000065/2.469136/0286/R000000066
R000000064/5.349795/0169/R000000027/R000000065
R000000069/3.580247/0275/R000000043/R000000066
R000000069/3.580247/0282/R000000040/R000000066
R000000068/3.978053/0228/R000000069
R000000070/3.854596/0275/R000000040/R000000065
R000000070/3.854596/0282/R000000041/R000000065
R000000068/4.282884/0091/R000000070
R000000064/5.531170/0175/M000000029/R000000068
R000000053/5.944217/0028/R000000064
<NEXT>