#
#  Reaction log file
#  Author: LigBuilder V3 User_Diana
#  Creation time: Fri Apr 10 01:34:21 2026
#  Format:
#  QueryMoleculeId/Cost/SynthesizeId/ReactantId1/ReactantId2/ReactantId3.....
#  Id prefix:
#  Q --- Query Molecule
#  M --- Material
#  R --- Reactant
#
Directory      result/synthesize_PfHDAC1/81/DATABASE/
#
Q000000001/5.807042/0000/R000000001
R000000003/1.000000/0000/Guesstimate
R000000006/1.000000/0000/Guesstimate
R000000007/1.000000/0000/Guesstimate
R000000005/2.222222/0002/R000000006/R000000007
R000000005/2.222222/0004/R000000006/R000000007
M000000009/1.000000/0000/Sigma_BB-130314282
R000000008/1.111111/0228/M000000009
R000000008/1.111111/0286/M000000009
R000000004/3.703704/0212/R000000005/R000000008
R000000004/3.703704/0212/R000000005/R000000008
R000000002/5.226338/0122/R000000003/R000000004
R000000002/5.226338/0122/R000000003/R000000004
R000000001/5.807042/0028/R000000002
R000000012/2.469136/0093/R000000005
M000000013/1.000000/0000/Sigma_BB-28247348
R000000012/3.580247/0212/R000000005/M000000013
M000000015/1.000000/0000/Sigma_BB-28764950
R000000014/1.111111/0197/M000000015
R000000011/3.978053/0212/R000000012/R000000014
R000000011/3.978053/0212/R000000012/R000000014
R000000010/5.531170/0122/R000000003/R000000011
R000000010/5.531170/0122/R000000003/R000000011
R000000001/6.145744/0028/R000000010
Q000000002/6.145744/0000/R000000016
R000000018/1.000000/0000/Guesstimate
R000000022/1.000000/0000/Guesstimate
R000000021/2.222222/0112/R000000022/R000000007
R000000020/3.580247/0206/M000000013/R000000021
R000000020/3.580247/0206/M000000013/R000000021
R000000019/3.978053/0197/R000000020
R000000017/5.531170/0003/R000000018/R000000019
M000000025/1.000000/0000/Sigma_BB-28516749
R000000024/1.111111/0156/M000000025
R000000026/1.000000/0000/Guesstimate
R000000024/1.111111/0228/R000000026
R000000023/1.234568/0024/R000000024
R000000027/1.000000/0000/Guesstimate
R000000028/1.000000/0000/Guesstimate
R000000023/2.222222/0004/R000000027/R000000028
R000000030/3.978053/0091/R000000020
R000000029/4.420059/0079/R000000030
R000000033/1.000000/0000/Guesstimate
R000000032/3.580247/0212/R000000005/R000000033
R000000032/3.580247/0212/R000000005/R000000033
R000000034/1.000000/0000/Guesstimate
R000000031/5.089163/0122/R000000032/R000000034
R000000031/5.531170/0004/R000000019/R000000018
R000000029/5.654626/0009/R000000031
R000000017/6.282919/0049/R000000023/R000000029
R000000016/6.145744/0059/R000000017
R000000037/1.000000/0000/Guesstimate
R000000036/5.089163/0122/R000000037/R000000032
R000000036/5.089163/0122/R000000037/R000000032
R000000035/5.654626/0059/R000000036
R000000039/1.000000/0000/Guesstimate
R000000038/2.222222/0001/R000000018/R000000039
R000000040/1.000000/0000/Guesstimate
R000000038/2.222222/0004/R000000018/R000000040
R000000042/1.000000/0000/Guesstimate
R000000041/3.580247/0256/R000000042/R000000021
R000000035/6.447188/0042/R000000038/R000000041
R000000016/6.282918/0059/R000000035
Q000000003/6.145744/0000/R000000016
Q000000004/5.807042/0000/R000000001
<NEXT>