#
#  Reaction log file
#  Author: LigBuilder V3 User_Diana
#  Creation time: Fri Apr 10 01:36:49 2026
#  Format:
#  QueryMoleculeId/Cost/SynthesizeId/ReactantId1/ReactantId2/ReactantId3.....
#  Id prefix:
#  Q --- Query Molecule
#  M --- Material
#  R --- Reactant
#
Directory      result/synthesize_PfHDAC1/180/DATABASE/
#
Q000000001/5.944217/0000/R000000001
M000000005/1.000000/0000/Sigma_BB-29509005
R000000004/1.111111/0287/M000000005
R000000007/1.000000/0000/Guesstimate
R000000006/1.111111/0040/R000000007
R000000008/1.000000/0000/Guesstimate
R000000006/1.111111/0283/R000000008
R000000003/2.469136/0004/R000000004/R000000006
M000000011/1.000000/0000/Sigma_BB-28764950
R000000010/1.111111/0085/M000000011
M000000012/1.000000/0000/Sigma_BB-31058715
R000000009/2.345679/0212/R000000010/M000000012
R000000014/1.000000/0000/Guesstimate
R000000013/2.222222/0004/M000000011/R000000014
R000000013/2.222222/0277/M000000011/R000000014
R000000009/2.469136/0197/R000000013
R000000002/5.349795/0212/R000000003/R000000009
R000000002/5.349795/0212/R000000003/R000000009
R000000001/5.944217/0028/R000000002
R000000017/2.222222/0212/M000000011/M000000012
R000000017/2.222222/0212/M000000011/M000000012
R000000016/2.469136/0085/R000000017
R000000019/1.000000/0000/Guesstimate
R000000018/3.580247/0004/R000000017/R000000019
R000000016/3.978053/0197/R000000018
R000000015/5.486969/0212/R000000003/R000000016
R000000015/5.486969/0212/R000000003/R000000016
R000000001/6.096632/0028/R000000015
Q000000002/5.944217/0000/R000000001
Q000000003/4.420059/0000/R000000020
R000000022/1.111111/0114/M000000005
M000000024/1.000000/0000/Sigma_BB-28838111
R000000023/1.111111/0114/M000000024
R000000022/1.234568/0139/R000000023
R000000027/1.000000/0000/Guesstimate
R000000028/1.000000/0000/Guesstimate
R000000026/2.222222/0274/R000000027/R000000028
R000000025/2.469136/0004/R000000026
R000000030/1.000000/0000/Guesstimate
R000000032/1.000000/0000/Guesstimate
R000000031/1.111111/0293/R000000032
R000000029/2.345679/0112/R000000030/R000000031
R000000035/1.000000/0000/Guesstimate
R000000036/1.000000/0000/Guesstimate
R000000034/2.222222/0274/R000000035/R000000036
R000000033/2.469136/0122/R000000034
R000000033/2.469136/0122/R000000034
R000000029/2.743484/0082/R000000033
R000000025/2.606310/0040/R000000029
R000000021/3.978053/0003/R000000022/R000000025
R000000038/1.000000/0000/Guesstimate
R000000037/2.345679/0003/R000000004/R000000038
R000000040/1.000000/0000/Guesstimate
R000000039/2.345679/0004/R000000022/R000000040
R000000042/1.000000/0000/Guesstimate
R000000041/2.345679/0004/R000000004/R000000042
R000000044/1.000000/0000/Guesstimate
R000000043/2.222222/0175/M000000005/R000000044
R000000043/2.222222/0290/M000000005/R000000044
R000000041/2.469136/0024/R000000043
M000000045/1.000000/0000/Sigma_BB-28778979
R000000039/3.717421/0212/R000000041/M000000045
R000000037/2.606310/0009/R000000039
R000000046/2.345679/0004/R000000027/R000000031
R000000048/1.000000/0000/Guesstimate
R000000047/2.345679/0277/R000000048/R000000031
R000000049/1.000000/0000/Guesstimate
R000000047/2.345679/0301/R000000049/R000000031
R000000046/2.606310/0024/R000000047
R000000021/5.212620/0049/R000000037/R000000046
R000000020/4.420059/0099/R000000021
M000000053/1.000000/0000/Sigma_BB-28945063
M000000054/1.000000/0000/Sigma_BB-28830366
R000000052/2.222222/0004/M000000053/M000000054
R000000051/2.469136/0197/R000000052
R000000051/2.469136/0197/R000000052
R000000056/1.000000/0000/Guesstimate
R000000055/2.345679/0122/R000000056/R000000031
R000000055/2.345679/0122/R000000056/R000000031
R000000050/5.349795/0175/R000000051/R000000055
R000000058/1.000000/0000/Guesstimate
R000000057/3.854596/0175/R000000051/R000000058
R000000057/3.854596/0290/R000000051/R000000058
R000000050/7.026369/0279/R000000057/R000000033
R000000020/5.944217/0028/R000000050
<NEXT>