#
#  Reaction log file
#  Author: LigBuilder V3 User_Diana
#  Creation time: Fri Apr 10 01:35:52 2026
#  Format:
#  QueryMoleculeId/Cost/SynthesizeId/ReactantId1/ReactantId2/ReactantId3.....
#  Id prefix:
#  Q --- Query Molecule
#  M --- Material
#  R --- Reactant
#
Directory      result/synthesize_PfHDAC1/136/DATABASE/
#
Q000000001/3.717421/0000/R000000001
M000000004/1.000000/0000/Sigma_BB-29509005
R000000003/1.111111/0287/M000000004
M000000006/1.000000/0000/Sigma_BB-28838111
R000000005/1.111111/0287/M000000006
M000000007/1.000000/0000/Sigma_BB-28945063
R000000008/1.000000/0000/Guesstimate
R000000005/2.222222/0175/M000000007/R000000008
R000000003/1.234568/0139/R000000005
M000000009/1.000000/0000/Sigma_BB-27510527
R000000002/2.345679/0004/R000000003/M000000009
R000000011/1.000000/0000/Guesstimate
R000000010/2.345679/0004/R000000003/R000000011
R000000013/1.000000/0000/Guesstimate
R000000012/2.222222/0175/M000000004/R000000013
R000000012/2.222222/0290/M000000004/R000000013
R000000010/2.469136/0024/R000000012
R000000014/1.000000/0000/Guesstimate
R000000002/3.717421/0004/R000000010/R000000014
R000000015/1.000000/0000/Guesstimate
R000000001/3.717421/0003/R000000002/R000000015
M000000018/1.000000/0000/Sigma_BB-29128081
R000000017/2.222222/0175/M000000018/R000000008
M000000020/1.000000/0000/Sigma_BB-28766735
R000000019/2.222222/0175/M000000020/R000000008
R000000021/1.000000/0000/Guesstimate
R000000019/2.222222/0175/M000000006/R000000021
R000000022/1.000000/0000/Guesstimate
R000000017/3.580247/0169/R000000019/R000000022
R000000016/2.469136/0139/R000000017
M000000024/1.000000/0000/Sigma_BB-28776172
R000000023/2.222222/0174/M000000004/M000000024
R000000023/2.345679/0112/R000000003/M000000024
R000000016/2.469136/0147/R000000023
R000000025/1.000000/0000/Guesstimate
R000000001/3.854596/0001/R000000016/R000000025
Q000000002/3.717421/0000/R000000001
Q000000003/5.639385/0000/R000000026
R000000029/1.111111/0053/M000000004
R000000029/1.234568/0299/R000000003
R000000030/1.000000/0000/Guesstimate
R000000028/2.345679/0275/R000000029/R000000030
R000000032/1.000000/0000/Guesstimate
R000000031/2.345679/0275/R000000029/R000000032
R000000028/2.606310/0300/R000000031
R000000034/1.000000/0000/Guesstimate
R000000035/1.000000/0000/Guesstimate
R000000033/2.222222/0012/R000000034/R000000035
R000000037/1.000000/0000/Guesstimate
R000000038/1.000000/0000/Guesstimate
R000000036/2.222222/0004/R000000037/R000000038
R000000039/1.000000/0000/Guesstimate
R000000040/1.000000/0000/Guesstimate
R000000036/2.222222/0122/R000000039/R000000040
R000000033/2.469136/0009/R000000036
R000000027/5.075447/0159/R000000028/R000000033
R000000026/5.639385/0153/R000000027
R000000043/1.000000/0000/Guesstimate
R000000042/2.222222/0012/R000000034/R000000043
R000000045/1.000000/0000/Guesstimate
R000000044/2.222222/0004/R000000045/R000000038
R000000046/1.000000/0000/Guesstimate
R000000044/2.222222/0122/R000000046/R000000040
R000000042/2.469136/0009/R000000044
R000000041/5.075447/0159/R000000028/R000000042
R000000026/5.639385/0154/R000000041
<NEXT>