#
#  Reaction log file
#  Author: LigBuilder V3 User_Diana
#  Creation time: Fri Apr 10 01:38:52 2026
#  Format:
#  QueryMoleculeId/Cost/SynthesizeId/ReactantId1/ReactantId2/ReactantId3.....
#  Id prefix:
#  Q --- Query Molecule
#  M --- Material
#  R --- Reactant
#
Directory      result/synthesize_PfHDAC1/240/DATABASE/
#
Q000000001/3.717421/0000/R000000001
M000000004/1.000000/0000/Sigma_BB-29509005
R000000003/1.111111/0287/M000000004
R000000005/1.000000/0000/Guesstimate
R000000002/2.345679/0004/R000000003/R000000005
R000000007/1.000000/0000/Guesstimate
R000000006/2.222222/0174/M000000004/R000000007
R000000006/2.345679/0112/R000000003/R000000007
R000000002/2.469136/0233/R000000006
R000000008/1.000000/0000/Guesstimate
R000000001/3.717421/0003/R000000002/R000000008
R000000009/2.606310/0086/R000000002
R000000009/2.606310/0091/R000000002
R000000010/1.000000/0000/Guesstimate
R000000001/4.007011/0003/R000000009/R000000010
Q000000002/5.486969/0000/R000000011
M000000014/1.000000/0000/Sigma_BB-28945063
M000000015/1.000000/0000/Sigma_BB-30441135
R000000013/2.222222/0004/M000000014/M000000015
M000000016/1.000000/0000/Sigma_BB-28766735
R000000017/1.000000/0000/Guesstimate
R000000013/2.222222/0004/M000000016/R000000017
R000000019/1.000000/0000/Guesstimate
R000000020/1.000000/0000/Guesstimate
R000000018/2.222222/0004/R000000019/R000000020
R000000022/1.000000/0000/Guesstimate
R000000021/2.222222/0004/R000000022/R000000020
R000000018/2.469136/0187/R000000021
R000000012/4.938272/0212/R000000013/R000000018
R000000012/4.938272/0212/R000000013/R000000018
R000000011/5.486969/0150/R000000012
M000000026/1.000000/0000/Sigma_BB-29509312
R000000027/1.000000/0000/Guesstimate
R000000025/2.222222/0231/M000000026/R000000027
R000000024/2.469136/0228/R000000025
R000000024/2.469136/0286/R000000025
R000000028/2.469136/0197/R000000018
R000000023/5.486969/0301/R000000024/R000000028
R000000023/5.486969/0301/R000000024/R000000028
R000000011/6.096632/0150/R000000023
Q000000003/5.486969/0000/R000000011
<NEXT>