#
#  Reaction log file
#  Author: LigBuilder V3 User_Diana
#  Creation time: Fri Apr 10 01:33:54 2026
#  Format:
#  QueryMoleculeId/Cost/SynthesizeId/ReactantId1/ReactantId2/ReactantId3.....
#  Id prefix:
#  Q --- Query Molecule
#  M --- Material
#  R --- Reactant
#
Directory      result/synthesize_PfHDAC1/75/DATABASE/
#
Q000000001/4.420058/0000/R000000001
M000000005/1.000000/0000/Sigma_BB-29509005
R000000004/1.111111/0287/M000000005
R000000006/1.000000/0000/Guesstimate
R000000003/2.345679/0004/R000000004/R000000006
R000000008/1.000000/0000/Guesstimate
R000000007/2.222222/0175/M000000005/R000000008
R000000007/2.222222/0290/M000000005/R000000008
R000000003/2.469136/0024/R000000007
M000000011/1.000000/0000/Sigma_BB-28783903
R000000010/1.111111/0293/M000000011
R000000009/1.234568/0198/R000000010
R000000013/1.000000/0000/Guesstimate
M000000014/1.000000/0000/Sigma_BB-28830366
R000000012/2.222222/0004/R000000013/M000000014
R000000012/2.222222/0277/R000000013/M000000014
R000000009/2.469136/0197/R000000012
R000000002/3.978052/0169/R000000003/R000000009
R000000017/1.000000/0000/Guesstimate
R000000016/2.482853/0275/R000000017/R000000009
R000000018/1.000000/0000/Guesstimate
R000000016/2.482853/0282/R000000018/R000000009
R000000015/2.758726/0091/R000000016
R000000020/1.000000/0000/Guesstimate
R000000019/3.580247/0275/R000000020/R000000012
R000000019/3.580247/0282/R000000017/R000000012
R000000015/3.978053/0197/R000000019
R000000002/4.176363/0175/M000000005/R000000015
R000000001/4.420058/0028/R000000002
R000000023/1.000000/0000/Guesstimate
M000000025/1.000000/0000/Sigma_BB-28764950
R000000024/1.111111/0197/M000000025
R000000022/2.345679/0212/R000000023/R000000024
R000000026/2.222222/0212/R000000023/M000000025
R000000026/2.222222/0212/R000000023/M000000025
R000000022/2.469136/0197/R000000026
R000000021/5.212620/0169/R000000003/R000000022
R000000028/3.580247/0275/R000000020/R000000026
R000000028/3.580247/0282/R000000017/R000000026
R000000027/3.978053/0197/R000000028
R000000029/3.717421/0275/R000000017/R000000022
R000000029/3.717421/0282/R000000018/R000000022
R000000027/4.130468/0091/R000000029
R000000021/5.531170/0175/M000000005/R000000027
R000000001/5.791800/0028/R000000021
Q000000002/Analysis Failed
Q000000003/4.452235/0000/R000000030
R000000034/1.000000/0000/Guesstimate
R000000033/2.345679/0301/R000000024/R000000034
R000000033/2.345679/0301/R000000024/R000000034
R000000032/2.606310/0087/R000000033
R000000036/1.000000/0000/Guesstimate
R000000035/3.717421/0004/R000000033/R000000036
R000000032/4.130468/0197/R000000035
R000000031/4.007011/0175/M000000005/R000000032
R000000038/2.895900/0079/R000000032
R000000039/1.000000/0000/Guesstimate
R000000038/4.007011/0112/R000000032/R000000039
R000000037/3.217667/0040/R000000038
R000000041/1.000000/0000/Guesstimate
R000000040/4.007011/0276/R000000032/R000000041
R000000040/4.007011/0278/R000000032/R000000041
R000000037/4.452235/0024/R000000040
R000000031/6.181496/0212/R000000003/R000000037
R000000030/4.452235/0028/R000000031
R000000043/1.111111/0114/M000000005
M000000045/1.000000/0000/Sigma_BB-28838111
R000000044/1.111111/0114/M000000045
R000000043/1.234568/0139/R000000044
R000000047/2.345679/0004/R000000024/R000000034
R000000047/2.345679/0277/R000000024/R000000034
R000000046/2.606310/0197/R000000047
R000000042/4.130468/0301/R000000043/R000000046
R000000042/4.130468/0301/R000000043/R000000046
R000000030/4.589409/0028/R000000042
Q000000004/4.452235/0000/R000000030
<NEXT>