#
#  Reaction log file
#  Author: LigBuilder V3 User_Diana
#  Creation time: Fri Apr 10 01:36:24 2026
#  Format:
#  QueryMoleculeId/Cost/SynthesizeId/ReactantId1/ReactantId2/ReactantId3.....
#  Id prefix:
#  Q --- Query Molecule
#  M --- Material
#  R --- Reactant
#
Directory      result/synthesize_PfHDAC1/173/DATABASE/
#
Q000000001/5.807042/0000/R000000001
M000000003/1.000000/0000/Sigma_BB-29509005
M000000006/1.000000/0000/Sigma_BB-28764950
R000000005/1.111111/0087/M000000006
R000000008/1.000000/0000/Guesstimate
R000000009/1.000000/0000/Guesstimate
R000000007/2.222222/0004/R000000008/R000000009
R000000010/1.000000/0000/Guesstimate
R000000011/1.000000/0000/Guesstimate
R000000007/3.333333/0225/R000000010/R000000009/R000000011
R000000004/3.703704/0212/R000000005/R000000007
R000000004/3.703704/0212/R000000005/R000000007
R000000002/5.226338/0175/M000000003/R000000004
R000000013/1.111111/0287/M000000003
R000000012/2.345679/0004/R000000013/R000000008
R000000015/1.000000/0000/Guesstimate
R000000014/2.222222/0175/M000000003/R000000015
R000000014/2.222222/0290/M000000003/R000000015
R000000012/2.469136/0024/R000000014
R000000017/4.115227/0079/R000000004
R000000017/5.226338/0112/R000000004/R000000010
R000000016/4.572474/0040/R000000017
R000000019/1.000000/0000/Guesstimate
R000000018/5.226338/0276/R000000004/R000000019
R000000018/5.226338/0278/R000000004/R000000019
R000000016/5.807042/0024/R000000018
R000000002/7.686838/0212/R000000012/R000000016
R000000001/5.807042/0028/R000000002
R000000022/1.111111/0085/M000000006
R000000021/3.703704/0212/R000000022/R000000007
R000000021/3.703704/0212/R000000022/R000000007
R000000020/6.721537/0212/R000000012/R000000021
R000000020/6.721537/0212/R000000012/R000000021
R000000001/7.468375/0028/R000000020
Q000000002/5.807042/0000/R000000001
Q000000003/5.807042/0000/R000000001
Q000000004/5.807042/0000/R000000001
<NEXT>