#
#  Reaction log file
#  Author: LigBuilder V3 User_Diana
#  Creation time: Fri Apr 10 01:39:37 2026
#  Format:
#  QueryMoleculeId/Cost/SynthesizeId/ReactantId1/ReactantId2/ReactantId3.....
#  Id prefix:
#  Q --- Query Molecule
#  M --- Material
#  R --- Reactant
#
Directory      result/synthesize_PfHDAC1/273/DATABASE/
#
Q000000001/3.978053/0000/R000000001
M000000004/1.000000/0000/Sigma_BB-70737316
R000000005/1.000000/0000/Guesstimate
R000000003/2.222222/0231/M000000004/R000000005
M000000007/1.000000/0000/Sigma_BB-70380583
R000000006/2.222222/0231/M000000007/R000000005
R000000003/2.469136/0299/R000000006
R000000008/1.000000/0000/Guesstimate
R000000002/3.580247/0175/R000000003/R000000008
R000000011/1.000000/0000/Guesstimate
R000000010/2.222222/0175/M000000004/R000000011
R000000010/2.222222/0290/M000000004/R000000011
R000000009/2.469136/0041/R000000010
R000000012/2.222222/0174/M000000004/R000000008
R000000012/2.222222/0289/M000000004/R000000008
R000000009/2.469136/0147/R000000012
R000000002/3.854596/0231/R000000009/R000000005
R000000001/3.978053/0139/R000000002
M000000014/1.000000/0000/Sigma_BB-48767194
R000000013/3.580247/0175/R000000003/M000000014
R000000017/1.000000/0000/Guesstimate
R000000016/2.222222/0175/M000000004/R000000017
R000000016/2.469136/0059/R000000010
R000000015/2.469136/0058/R000000016
R000000018/2.222222/0174/M000000004/M000000014
R000000018/2.222222/0289/M000000004/M000000014
R000000015/2.469136/0147/R000000018
R000000013/3.854596/0231/R000000015/R000000005
R000000001/3.978053/0150/R000000013
Q000000002/6.282918/0000/R000000019
M000000024/1.000000/0000/Sigma_BB-29509005
R000000025/1.000000/0000/Guesstimate
R000000023/2.222222/0274/M000000024/R000000025
M000000027/1.000000/0000/Sigma_BB-28800342
R000000026/2.222222/0175/M000000027/R000000008
M000000028/1.000000/0000/Sigma_BB-28838111
R000000026/2.222222/0274/M000000028/R000000025
R000000023/2.469136/0139/R000000026
R000000022/2.469136/0114/R000000023
R000000021/2.743484/0217/R000000022
R000000029/1.000000/0000/Guesstimate
R000000021/3.580247/0174/R000000023/R000000029
R000000020/3.048316/0040/R000000021
R000000032/1.000000/0000/Guesstimate
R000000031/1.111111/0040/R000000032
R000000033/1.000000/0000/Guesstimate
R000000034/1.000000/0000/Guesstimate
R000000031/2.222222/0004/R000000033/R000000034
R000000030/3.703704/0175/R000000023/R000000031
R000000030/3.854596/0004/R000000022/R000000033
R000000020/4.115227/0073/R000000030
R000000038/1.000000/0000/Guesstimate
R000000037/1.111111/0228/R000000038
R000000037/1.111111/0286/R000000038
R000000039/1.000000/0000/Guesstimate
R000000036/2.345679/0279/R000000037/R000000039
R000000040/2.222222/0279/R000000038/R000000039
R000000040/2.222222/0279/R000000038/R000000039
R000000036/2.469136/0228/R000000040
R000000035/2.606310/0276/R000000036
R000000041/2.469136/0276/R000000040
R000000041/2.469136/0278/R000000040
R000000035/2.743484/0228/R000000041
R000000019/6.282918/0003/R000000020/R000000035
R000000043/3.387018/0093/R000000020
R000000044/1.000000/0000/Guesstimate
R000000043/3.580247/0175/R000000023/R000000044
R000000042/3.763354/0085/R000000043
R000000046/1.000000/0000/Guesstimate
R000000045/4.874465/0004/R000000043/R000000046
R000000042/5.416072/0197/R000000045
R000000049/1.000000/0000/Guesstimate
R000000048/4.007011/0122/R000000035/R000000049
R000000051/1.000000/0000/Guesstimate
R000000050/4.007011/0301/R000000035/R000000051
R000000050/4.007011/0301/R000000035/R000000051
R000000048/4.452235/0139/R000000050
R000000047/4.452235/0082/R000000048
R000000054/1.000000/0000/Guesstimate
R000000053/4.007011/0301/R000000035/R000000054
R000000053/4.007011/0301/R000000035/R000000054
R000000052/4.452235/0260/R000000053
R000000047/4.946928/0079/R000000052
R000000019/9.128432/0049/R000000042/R000000047
Q000000003/6.315095/0000/R000000055
R000000059/1.111111/0074/M000000024
R000000060/1.111111/0287/M000000024
R000000061/1.111111/0287/M000000028
M000000062/1.000000/0000/Sigma_BB-28945063
R000000061/2.222222/0175/M000000062/R000000008
R000000060/1.234568/0139/R000000061
R000000059/2.345679/0112/R000000060/R000000029
R000000058/1.234568/0040/R000000059
R000000064/1.111111/0114/M000000024
R000000063/2.345679/0004/R000000064/R000000033
R000000065/2.222222/0175/M000000024/R000000032
R000000065/2.222222/0290/M000000024/R000000032
R000000063/2.469136/0040/R000000065
R000000058/2.606310/0073/R000000063
R000000057/1.371742/0093/R000000058
R000000057/2.345679/0004/R000000060/R000000033
R000000056/1.524158/0085/R000000057
R000000066/1.000000/0000/Guesstimate
R000000056/2.345679/0004/R000000060/R000000066
R000000068/2.743484/0291/R000000041
R000000068/2.743484/0291/R000000041
R000000069/1.000000/0000/Guesstimate
R000000067/4.159427/0003/R000000068/R000000069
R000000067/4.159427/0277/R000000068/R000000049
R000000055/6.315095/0049/R000000056/R000000067
R000000072/1.000000/0000/Guesstimate
R000000071/4.159427/0301/R000000068/R000000072
R000000073/2.743484/0288/R000000041
R000000074/1.000000/0000/Guesstimate
R000000073/4.159427/0274/R000000068/R000000074
R000000075/1.000000/0000/Guesstimate
R000000071/4.159427/0301/R000000073/R000000075
R000000070/4.621586/0155/R000000071
R000000076/4.159427/0004/R000000068/R000000033
R000000076/4.621586/0040/R000000067
R000000070/4.621586/0197/R000000076
R000000055/6.506838/0003/R000000058/R000000070
<NEXT>