#
#  Reaction log file
#  Author: LigBuilder V3 User_Diana
#  Creation time: Fri Apr 10 01:33:57 2026
#  Format:
#  QueryMoleculeId/Cost/SynthesizeId/ReactantId1/ReactantId2/ReactantId3.....
#  Id prefix:
#  Q --- Query Molecule
#  M --- Material
#  R --- Reactant
#
Directory      result/synthesize_PfHDAC1/71/DATABASE/
#
Q000000001/4.130468/0000/R000000001
M000000005/1.000000/0000/Sigma_BB-28838111
R000000004/1.111111/0287/M000000005
M000000006/1.000000/0000/Sigma_BB-28945063
R000000007/1.000000/0000/Guesstimate
R000000004/2.222222/0175/M000000006/R000000007
R000000008/1.000000/0000/Guesstimate
R000000003/2.345679/0004/R000000004/R000000008
R000000010/1.000000/0000/Guesstimate
R000000009/2.222222/0175/M000000005/R000000010
R000000009/2.222222/0290/M000000005/R000000010
R000000003/2.469136/0024/R000000009
R000000011/1.000000/0000/Guesstimate
R000000002/3.717421/0169/R000000003/R000000011
M000000014/1.000000/0000/Sigma_BB-28775840
R000000013/2.222222/0112/M000000006/M000000014
M000000015/1.000000/0000/Sigma_BB-28757047
R000000013/2.222222/0174/M000000015/M000000014
R000000012/2.469136/0147/R000000013
M000000017/1.000000/0000/Sigma_BB-28766735
R000000018/1.000000/0000/Guesstimate
R000000016/2.222222/0169/M000000017/R000000018
R000000019/1.000000/0000/Guesstimate
R000000016/3.333333/0225/M000000006/R000000018/R000000019
R000000012/2.469136/0147/R000000016
R000000002/3.854596/0175/R000000012/R000000007
R000000001/4.130468/0139/R000000002
M000000023/1.000000/0000/Sigma_BB-28830366
R000000022/2.222222/0004/M000000006/M000000023
R000000021/2.469136/0197/R000000022
R000000020/3.854596/0175/R000000021/M000000014
M000000026/1.000000/0000/Sigma_BB-27113924
R000000025/2.222222/0004/M000000026/M000000023
R000000024/2.469136/0197/R000000025
R000000024/2.743484/0287/R000000021
R000000020/4.965707/0225/R000000024/R000000011/R000000019
R000000001/4.282884/0028/R000000020
Q000000002/4.130468/0000/R000000001
Q000000003/3.840878/0000/R000000027
R000000029/1.000000/0000/Guesstimate
R000000030/1.000000/0000/Guesstimate
R000000028/3.456790/0225/R000000004/R000000029/R000000030
R000000033/1.000000/0000/Guesstimate
R000000032/2.222222/0004/M000000006/R000000033
R000000032/2.222222/0004/M000000017/R000000030
R000000031/3.580247/0169/R000000032/R000000029
M000000035/1.000000/0000/Sigma_BB-27510527
R000000034/2.222222/0004/M000000006/M000000035
R000000036/1.000000/0000/Guesstimate
R000000034/2.222222/0004/M000000017/R000000036
R000000037/1.000000/0000/Guesstimate
R000000031/3.580247/0212/R000000034/R000000037
R000000028/5.089163/0175/R000000031/R000000007
R000000027/3.840878/0139/R000000028
R000000038/4.965707/0225/R000000024/R000000029/R000000030
R000000038/4.965707/0225/R000000024/R000000029/R000000030
R000000027/5.517452/0028/R000000038
<NEXT>