#
#  Reaction log file
#  Author: LigBuilder V3 User_Diana
#  Creation time: Fri Apr 10 01:38:41 2026
#  Format:
#  QueryMoleculeId/Cost/SynthesizeId/ReactantId1/ReactantId2/ReactantId3.....
#  Id prefix:
#  Q --- Query Molecule
#  M --- Material
#  R --- Reactant
#
Directory      result/synthesize_PfHDAC1/239/DATABASE/
#
Q000000001/5.502210/0000/R000000001
M000000005/1.000000/0000/Sigma_BB-312848353
R000000004/1.111111/0197/M000000005
M000000006/1.000000/0000/Sigma_BB-28777384
R000000004/1.111111/0287/M000000006
R000000007/1.000000/0000/Guesstimate
R000000003/3.456790/0242/R000000004/R000000007/R000000007
R000000009/3.333333/0242/M000000006/R000000007/R000000007
R000000008/3.703704/0213/R000000009
R000000011/1.000000/0000/Guesstimate
R000000012/1.000000/0000/Guesstimate
R000000010/2.222222/0279/R000000011/R000000012
R000000010/2.222222/0279/R000000011/R000000012
R000000014/1.000000/0000/Guesstimate
R000000013/3.333333/0242/R000000014/R000000007/R000000007
R000000008/6.172840/0159/R000000010/R000000013
R000000003/4.115227/0197/R000000008
R000000015/1.000000/0000/Guesstimate
R000000002/4.951989/0003/R000000003/R000000015
R000000017/4.115227/0091/R000000008
R000000019/1.000000/0000/Guesstimate
R000000018/2.222222/0279/R000000011/R000000019
R000000018/2.222222/0279/R000000011/R000000019
R000000017/6.172840/0159/R000000018/R000000013
R000000016/4.572474/0079/R000000017
R000000020/1.000000/0000/Guesstimate
R000000016/5.683586/0112/R000000017/R000000020
M000000021/1.000000/0000/Sigma_BB-28769104
R000000002/6.191638/0049/R000000016/M000000021
R000000001/5.502210/0099/R000000002
R000000023/1.000000/0000/Guesstimate
R000000022/5.226338/0003/R000000008/R000000023
R000000024/1.000000/0000/Guesstimate
R000000022/5.683586/0112/R000000017/R000000024
R000000001/5.807042/0099/R000000022
Q000000002/3.717421/0000/R000000025
M000000028/1.000000/0000/Sigma_BB-29509005
R000000027/1.111111/0287/M000000028
R000000029/1.000000/0000/Guesstimate
R000000026/2.345679/0004/R000000027/R000000029
R000000031/1.000000/0000/Guesstimate
R000000030/2.222222/0174/M000000028/R000000031
R000000030/2.345679/0112/R000000027/R000000031
R000000026/2.469136/0233/R000000030
R000000032/1.000000/0000/Guesstimate
R000000025/3.717421/0003/R000000026/R000000032
R000000033/2.606310/0086/R000000026
R000000033/2.606310/0091/R000000026
R000000034/1.000000/0000/Guesstimate
R000000025/4.007011/0003/R000000033/R000000034
Q000000003/3.717421/0000/R000000025
<NEXT>