#
#  Reaction log file
#  Author: LigBuilder V3 User_Diana
#  Creation time: Fri Apr 10 01:36:57 2026
#  Format:
#  QueryMoleculeId/Cost/SynthesizeId/ReactantId1/ReactantId2/ReactantId3.....
#  Id prefix:
#  Q --- Query Molecule
#  M --- Material
#  R --- Reactant
#
Directory      result/synthesize_PfHDAC1/191/DATABASE/
#
Q000000001/4.007011/0000/R000000001
M000000004/1.000000/0000/Sigma_BB-29509005
R000000006/1.000000/0000/Guesstimate
R000000005/1.111111/0087/R000000006
R000000007/1.000000/0000/Guesstimate
R000000008/1.000000/0000/Guesstimate
R000000005/2.222222/0122/R000000007/R000000008
R000000003/2.345679/0175/M000000004/R000000005
R000000009/2.222222/0175/M000000004/R000000007
R000000009/2.222222/0290/M000000004/R000000007
R000000003/3.580247/0122/R000000009/R000000008
R000000002/2.606310/0090/R000000003
R000000011/1.111111/0287/M000000004
R000000012/1.000000/0000/Guesstimate
R000000010/2.345679/0003/R000000011/R000000012
R000000014/1.000000/0000/Guesstimate
R000000013/2.222222/0175/M000000004/R000000014
R000000015/1.000000/0000/Guesstimate
R000000013/2.345679/0004/R000000011/R000000015
R000000016/1.000000/0000/Guesstimate
R000000010/3.580247/0003/R000000013/R000000016
R000000002/2.606310/0099/R000000010
R000000017/1.000000/0000/Guesstimate
R000000001/4.007011/0003/R000000002/R000000017
R000000018/4.007011/0004/R000000002/R000000015
R000000020/1.000000/0000/Guesstimate
R000000019/4.007011/0003/R000000002/R000000020
R000000021/2.895900/0118/R000000002
R000000022/1.000000/0000/Guesstimate
R000000021/4.007011/0112/R000000002/R000000022
R000000023/1.000000/0000/Guesstimate
R000000019/4.328778/0049/R000000021/R000000023
R000000018/4.452235/0040/R000000019
R000000024/1.000000/0000/Guesstimate
R000000001/5.563346/0003/R000000018/R000000024
Q000000002/4.282884/0000/R000000025
M000000029/1.000000/0000/Sigma_BB-28764950
M000000030/1.000000/0000/Sigma_BB-30025901
R000000028/2.222222/0212/M000000029/M000000030
R000000028/2.222222/0212/M000000029/M000000030
R000000027/2.469136/0087/R000000028
R000000032/1.000000/0000/Guesstimate
R000000031/3.580247/0004/R000000028/R000000032
R000000027/3.978053/0197/R000000031
R000000026/3.854596/0175/M000000004/R000000027
R000000034/1.111111/0085/M000000029
R000000033/2.345679/0212/R000000034/M000000030
R000000033/2.469136/0085/R000000028
R000000026/5.075447/0212/R000000013/R000000033
R000000025/4.282884/0028/R000000026
R000000037/2.345679/0212/R000000034/M000000030
R000000037/2.345679/0212/R000000034/M000000030
R000000036/2.606310/0086/R000000037
R000000036/2.606310/0091/R000000037
R000000035/4.007011/0175/M000000004/R000000036
R000000035/5.075447/0212/R000000013/R000000037
R000000025/4.452235/0028/R000000035
Q000000003/4.282884/0000/R000000025
Q000000004/4.282884/0000/R000000025
<NEXT>