#
#  Reaction log file
#  Author: LigBuilder V3 User_Diana
#  Creation time: Fri Apr 10 01:40:17 2026
#  Format:
#  QueryMoleculeId/Cost/SynthesizeId/ReactantId1/ReactantId2/ReactantId3.....
#  Id prefix:
#  Q --- Query Molecule
#  M --- Material
#  R --- Reactant
#
Directory      result/synthesize_PfHDAC1/298/DATABASE/
#
Q000000001/4.282884/0000/R000000001
M000000003/1.000000/0000/Sigma_BB-29509005
M000000006/1.000000/0000/Sigma_BB-28764950
M000000007/1.000000/0000/Sigma_BB-243071350
R000000005/2.222222/0212/M000000006/M000000007
R000000005/2.222222/0212/M000000006/M000000007
R000000004/2.469136/0087/R000000005
R000000009/1.000000/0000/Guesstimate
R000000008/3.580247/0004/R000000005/R000000009
R000000004/3.978053/0197/R000000008
R000000002/3.854596/0175/M000000003/R000000004
R000000011/1.111111/0287/M000000003
R000000012/1.000000/0000/Guesstimate
R000000010/2.345679/0004/R000000011/R000000012
R000000014/1.000000/0000/Guesstimate
R000000013/2.222222/0175/M000000003/R000000014
R000000013/2.222222/0290/M000000003/R000000014
R000000010/2.469136/0024/R000000013
R000000016/2.743484/0079/R000000004
R000000017/1.000000/0000/Guesstimate
R000000016/3.854596/0112/R000000004/R000000017
R000000015/3.048316/0040/R000000016
R000000019/1.000000/0000/Guesstimate
R000000018/3.854596/0276/R000000004/R000000019
R000000018/3.854596/0278/R000000004/R000000019
R000000015/4.282884/0024/R000000018
R000000002/5.993328/0212/R000000010/R000000015
R000000001/4.282884/0028/R000000002
R000000022/1.111111/0085/M000000006
R000000021/2.345679/0212/R000000022/M000000007
R000000021/2.345679/0212/R000000022/M000000007
R000000020/5.212620/0212/R000000010/R000000021
R000000020/5.212620/0212/R000000010/R000000021
R000000001/5.791800/0028/R000000020
Q000000002/4.282884/0000/R000000001
Q000000003/4.282884/0000/R000000023
M000000027/1.000000/0000/Sigma_BB-65723020
R000000026/2.222222/0212/M000000006/M000000027
R000000026/2.222222/0212/M000000006/M000000027
R000000025/2.469136/0087/R000000026
R000000028/3.580247/0004/R000000026/R000000009
R000000025/3.978053/0197/R000000028
R000000024/3.854596/0175/M000000003/R000000025
R000000030/2.743484/0079/R000000025
R000000030/3.854596/0112/R000000025/R000000017
R000000029/3.048316/0040/R000000030
R000000031/3.854596/0276/R000000025/R000000019
R000000031/3.854596/0278/R000000025/R000000019
R000000029/4.282884/0024/R000000031
R000000024/5.993328/0212/R000000010/R000000029
R000000023/4.282884/0028/R000000024
R000000033/2.345679/0212/R000000022/M000000027
R000000033/2.345679/0212/R000000022/M000000027
R000000032/5.212620/0212/R000000010/R000000033
R000000032/5.212620/0212/R000000010/R000000033
R000000023/5.791800/0028/R000000032
Q000000004/8.164596/0000/R000000034
R000000037/3.840878/0212/R000000010/R000000022
R000000037/3.840878/0212/R000000010/R000000022
R000000038/1.000000/0000/Guesstimate
R000000036/5.378754/0212/R000000037/R000000038
R000000036/5.378754/0212/R000000037/R000000038
M000000041/1.000000/0000/Sigma_BB-27287135
R000000040/1.111111/0099/M000000041
M000000042/1.000000/0000/Sigma_BB-28765014
R000000040/2.222222/0049/R000000038/M000000042
R000000039/1.234568/0059/R000000040
R000000043/1.111111/0059/M000000041
R000000044/1.000000/0000/Guesstimate
M000000045/1.000000/0000/Sigma_BB-28910948
R000000043/2.222222/0212/R000000044/M000000045
R000000039/1.234568/0099/R000000043
R000000035/7.348135/0170/R000000036/R000000039
R000000046/5.378754/0212/R000000037/R000000044
R000000046/5.378754/0212/R000000037/R000000044
M000000049/1.000000/0000/Sigma_BB-37327842
R000000048/1.111111/0155/M000000049
R000000048/2.222222/0212/R000000038/M000000045
R000000047/1.234568/0099/R000000048
M000000051/1.000000/0000/Sigma_BB-28894053
R000000050/1.111111/0155/M000000051
M000000052/1.000000/0000/Sigma_BB-30580369
R000000050/2.222222/0212/R000000038/M000000052
R000000047/1.234568/0099/R000000050
R000000035/7.348135/0170/R000000046/R000000047
R000000034/8.164596/0028/R000000035
R000000055/3.840878/0212/R000000010/R000000022
R000000055/3.840878/0212/R000000010/R000000022
R000000054/5.378754/0212/R000000055/R000000038
R000000054/5.378754/0212/R000000055/R000000038
R000000053/7.348135/0170/R000000054/R000000039
R000000056/5.378754/0212/R000000055/R000000044
R000000056/5.378754/0212/R000000055/R000000044
R000000053/7.348135/0170/R000000056/R000000047
R000000034/8.164596/0028/R000000053
<NEXT>