#
#  Reaction log file
#  Author: LigBuilder V3 User_Diana
#  Creation time: Fri Apr 10 01:39:22 2026
#  Format:
#  QueryMoleculeId/Cost/SynthesizeId/ReactantId1/ReactantId2/ReactantId3.....
#  Id prefix:
#  Q --- Query Molecule
#  M --- Material
#  R --- Reactant
#
Directory      result/synthesize_PfHDAC1/261/DATABASE/
#
Q000000001/5.791800/0000/R000000001
M000000005/1.000000/0000/Sigma_BB-29509005
R000000004/1.111111/0287/M000000005
R000000006/1.000000/0000/Guesstimate
R000000003/2.345679/0004/R000000004/R000000006
R000000008/1.000000/0000/Guesstimate
R000000007/2.222222/0175/M000000005/R000000008
R000000009/1.000000/0000/Guesstimate
R000000007/2.345679/0004/R000000004/R000000009
R000000003/2.469136/0085/R000000007
M000000012/1.000000/0000/Sigma_BB-28764950
R000000011/1.111111/0085/M000000012
M000000013/1.000000/0000/Sigma_BB-30434100
R000000010/2.345679/0212/R000000011/M000000013
R000000015/1.000000/0000/Guesstimate
R000000014/2.222222/0004/M000000012/R000000015
R000000014/2.222222/0277/M000000012/R000000015
R000000010/2.469136/0197/R000000014
R000000002/5.212620/0212/R000000003/R000000010
R000000002/5.212620/0212/R000000003/R000000010
R000000001/5.791800/0028/R000000002
R000000018/2.222222/0212/M000000012/M000000013
R000000018/2.222222/0212/M000000012/M000000013
R000000017/2.469136/0085/R000000018
R000000020/1.000000/0000/Guesstimate
R000000019/3.580247/0004/R000000018/R000000020
R000000017/3.978053/0197/R000000019
R000000016/5.349795/0212/R000000003/R000000017
R000000016/5.349795/0212/R000000003/R000000017
R000000001/5.944217/0028/R000000016
Q000000002/4.282884/0000/R000000021
R000000023/2.469136/0087/R000000018
R000000023/2.743484/0086/R000000017
R000000022/3.854596/0175/M000000005/R000000023
R000000022/5.212621/0212/R000000007/R000000017
R000000021/4.282884/0028/R000000022
R000000025/2.606310/0086/R000000010
R000000025/2.606310/0091/R000000010
R000000024/4.007011/0175/M000000005/R000000025
R000000024/5.075447/0212/R000000007/R000000010
R000000021/4.452235/0028/R000000024
Q000000003/7.637726/0000/R000000026
R000000030/1.000000/0000/Guesstimate
R000000031/1.000000/0000/Guesstimate
R000000029/2.222222/0122/R000000030/R000000031
R000000029/2.222222/0122/R000000030/R000000031
R000000028/3.580247/0004/R000000029/R000000009
R000000033/1.000000/0000/Guesstimate
R000000032/3.580247/0003/R000000029/R000000033
R000000028/3.978053/0040/R000000032
M000000036/1.000000/0000/Sigma_BB-28457967
R000000035/2.345679/0212/R000000011/M000000036
R000000035/2.345679/0212/R000000011/M000000036
R000000034/2.606310/0001/R000000035
R000000037/2.606310/0086/R000000035
R000000037/2.606310/0091/R000000035
R000000034/2.895900/0004/R000000037
R000000027/6.873953/0212/R000000028/R000000034
R000000027/6.873953/0212/R000000028/R000000034
R000000026/7.637726/0028/R000000027
R000000040/2.345679/0212/R000000011/M000000036
R000000040/2.345679/0212/R000000011/M000000036
R000000039/2.606310/0001/R000000040
R000000041/2.895900/0300/R000000034
R000000039/3.217667/0085/R000000041
R000000038/6.873953/0212/R000000028/R000000039
R000000038/6.873953/0212/R000000028/R000000039
R000000026/7.637726/0028/R000000038
<NEXT>