#
#  Reaction log file
#  Author: LigBuilder V3 User_Diana
#  Creation time: Fri Apr 10 01:33:52 2026
#  Format:
#  QueryMoleculeId/Cost/SynthesizeId/ReactantId1/ReactantId2/ReactantId3.....
#  Id prefix:
#  Q --- Query Molecule
#  M --- Material
#  R --- Reactant
#
Directory      result/synthesize_PfHDAC1/56/DATABASE/
#
Q000000001/5.639385/0000/R000000001
M000000005/1.000000/0000/Sigma_BB-29509005
R000000004/1.111111/0287/M000000005
M000000007/1.000000/0000/Sigma_BB-28838111
R000000006/1.111111/0287/M000000007
M000000008/1.000000/0000/Sigma_BB-28945063
R000000009/1.000000/0000/Guesstimate
R000000006/2.222222/0175/M000000008/R000000009
R000000004/1.234568/0139/R000000006
R000000010/1.000000/0000/Guesstimate
R000000003/2.345679/0004/R000000004/R000000010
R000000012/1.000000/0000/Guesstimate
R000000011/2.222222/0175/M000000005/R000000012
R000000011/2.222222/0290/M000000005/R000000012
R000000003/2.469136/0024/R000000011
R000000014/1.000000/0000/Guesstimate
R000000015/1.000000/0000/Guesstimate
R000000013/2.222222/0277/R000000014/R000000015
R000000017/1.000000/0000/Guesstimate
R000000016/2.222222/0277/R000000017/R000000015
R000000013/2.469136/0041/R000000016
R000000002/5.075447/0169/R000000003/R000000013
R000000021/1.000000/0000/Guesstimate
R000000022/1.000000/0000/Guesstimate
R000000020/2.222222/0274/R000000021/R000000022
R000000023/1.000000/0000/Guesstimate
R000000024/1.000000/0000/Guesstimate
R000000020/2.222222/0275/R000000023/R000000024
R000000019/2.469136/0197/R000000020
R000000025/2.469136/0100/R000000020
R000000025/2.469136/0216/R000000020
R000000026/1.000000/0000/Guesstimate
R000000019/3.854596/0212/R000000025/R000000026
R000000018/3.854596/0277/R000000019/R000000015
R000000027/3.580247/0275/R000000021/R000000013
R000000028/1.000000/0000/Guesstimate
R000000027/3.580247/0282/R000000028/R000000013
R000000018/3.978053/0091/R000000027
R000000002/5.393995/0175/M000000005/R000000018
R000000001/5.639385/0099/R000000002
M000000032/1.000000/0000/Sigma_BB-27113924
M000000033/1.000000/0000/Sigma_BB-28830366
R000000031/2.222222/0004/M000000032/M000000033
R000000030/2.469136/0197/R000000031
R000000035/2.222222/0004/M000000008/M000000033
R000000034/2.469136/0197/R000000035
R000000030/2.743484/0287/R000000034
R000000038/1.000000/0000/Guesstimate
R000000039/1.000000/0000/Guesstimate
R000000037/2.222222/0003/R000000038/R000000039
R000000040/2.222222/0004/R000000010/R000000039
R000000041/1.000000/0000/Guesstimate
R000000042/1.000000/0000/Guesstimate
R000000040/3.333333/0225/R000000041/R000000039/R000000042
R000000037/2.469136/0204/R000000040
R000000036/2.469136/0041/R000000037
R000000036/2.469136/0099/R000000013
R000000029/6.598080/0225/R000000030/R000000036/R000000041
R000000043/4.282884/0099/R000000018
R000000043/5.212621/0212/R000000025/R000000040
R000000029/7.502244/0175/R000000034/R000000043
R000000001/7.331201/0028/R000000029
Q000000002/5.639385/0000/R000000001
Q000000003/5.944217/0000/R000000044
R000000046/2.345679/0004/R000000006/R000000010
R000000047/2.222222/0175/M000000007/R000000012
R000000047/2.469136/0198/R000000011
R000000046/2.469136/0024/R000000047
R000000050/1.000000/0000/Guesstimate
R000000049/2.222222/0003/R000000038/R000000050
R000000048/2.469136/0041/R000000049
R000000051/2.222222/0112/R000000009/R000000050
R000000048/2.469136/0147/R000000051
R000000045/5.349795/0169/R000000046/R000000048
M000000053/1.000000/0000/Sigma_BB-28766735
R000000052/3.854596/0169/M000000053/R000000048
M000000054/1.000000/0000/Sigma_BB-28757047
R000000056/3.580247/0275/R000000023/R000000051
R000000056/3.580247/0282/R000000021/R000000051
R000000055/3.978053/0147/R000000056
R000000057/3.854596/0275/R000000021/R000000048
R000000057/3.854596/0282/R000000028/R000000048
R000000055/4.282884/0091/R000000057
R000000052/5.531170/0175/M000000054/R000000055
R000000045/5.393995/0175/R000000052/R000000009
R000000044/5.944217/0139/R000000045
R000000059/3.854596/0004/R000000030/R000000010
R000000060/3.854596/0175/R000000034/R000000012
R000000060/3.854596/0290/R000000034/R000000012
R000000059/4.282884/0024/R000000060
R000000058/7.026369/0169/R000000059/R000000048
R000000058/7.163543/0175/R000000034/R000000055
R000000044/7.807076/0028/R000000058
<NEXT>