#
#  Reaction log file
#  Author: LigBuilder V3 User_Diana
#  Creation time: Fri Apr 10 01:39:30 2026
#  Format:
#  QueryMoleculeId/Cost/SynthesizeId/ReactantId1/ReactantId2/ReactantId3.....
#  Id prefix:
#  Q --- Query Molecule
#  M --- Material
#  R --- Reactant
#
Directory      result/synthesize_PfHDAC1/283/DATABASE/
#
Q000000001/2.635269/0000/R000000001
M000000005/1.000000/0000/Sigma_BB-28828671
R000000004/1.111111/0213/M000000005
R000000003/1.234568/0280/R000000004
R000000006/9.400000/0000/Guesstimate
R000000003/9.400000/0260/R000000006
R000000002/1.371742/0114/R000000003
R000000008/1.371742/0287/R000000003
R000000009/1.000000/0000/Guesstimate
R000000007/2.635269/0004/R000000008/R000000009
R000000010/1.000000/0000/Guesstimate
R000000011/1.000000/0000/Guesstimate
R000000007/3.746380/0225/R000000008/R000000010/R000000011
R000000002/2.928077/0197/R000000007
R000000012/1.000000/0000/Guesstimate
R000000001/2.635269/0274/R000000002/R000000012
R000000014/1.000000/0000/Guesstimate
R000000013/2.635269/0274/R000000002/R000000014
R000000001/4.039188/0274/R000000013/R000000011
Q000000002/2.895900/0000/R000000015
M000000018/1.000000/0000/Sigma_BB-29509005
R000000017/1.111111/0074/M000000018
R000000019/1.111111/0287/M000000018
M000000021/1.000000/0000/Sigma_BB-28838111
R000000020/1.111111/0287/M000000021
M000000022/1.000000/0000/Sigma_BB-28945063
R000000023/1.000000/0000/Guesstimate
R000000020/2.222222/0175/M000000022/R000000023
R000000019/1.234568/0139/R000000020
R000000024/1.000000/0000/Guesstimate
R000000017/2.345679/0112/R000000019/R000000024
R000000016/1.234568/0040/R000000017
R000000026/1.111111/0114/M000000018
R000000025/2.345679/0004/R000000026/R000000009
R000000028/1.000000/0000/Guesstimate
R000000027/2.222222/0175/M000000018/R000000028
R000000027/2.222222/0290/M000000018/R000000028
R000000025/2.469136/0040/R000000027
R000000016/2.606310/0073/R000000025
R000000032/1.000000/0000/Guesstimate
R000000031/1.111111/0239/R000000032
R000000033/1.000000/0000/Guesstimate
R000000034/1.000000/0000/Guesstimate
R000000031/2.222222/0003/R000000033/R000000034
R000000030/1.234568/0041/R000000031
R000000035/2.222222/0112/R000000023/R000000034
R000000037/1.000000/0000/Guesstimate
R000000036/1.111111/0239/R000000037
R000000038/1.000000/0000/Guesstimate
R000000035/2.345679/0112/R000000036/R000000038
R000000030/2.469136/0147/R000000035
R000000029/1.371742/0155/R000000030
R000000040/1.000000/0000/Guesstimate
R000000039/2.222222/0112/R000000040/R000000034
R000000041/1.000000/0000/Guesstimate
R000000039/2.345679/0112/R000000036/R000000041
R000000029/2.469136/0147/R000000039
R000000015/2.895900/0003/R000000016/R000000029
R000000043/1.371742/0093/R000000016
R000000043/2.345679/0004/R000000019/R000000009
R000000042/1.524158/0085/R000000043
R000000042/2.345679/0004/R000000019/R000000014
R000000047/1.000000/0000/Guesstimate
R000000046/1.111111/0239/R000000047
R000000048/1.000000/0000/Guesstimate
R000000049/1.000000/0000/Guesstimate
R000000046/2.222222/0181/R000000048/R000000049
R000000045/1.234568/0155/R000000046
R000000050/1.000000/0000/Guesstimate
R000000045/2.222222/0181/R000000050/R000000049
R000000044/2.482853/0003/R000000045/R000000033
R000000052/1.000000/0000/Guesstimate
R000000051/2.635269/0004/R000000029/R000000052
R000000054/1.000000/0000/Guesstimate
R000000053/2.635269/0277/R000000029/R000000054
R000000055/1.000000/0000/Guesstimate
R000000053/2.635269/0301/R000000029/R000000055
R000000051/2.928077/0040/R000000053
R000000044/2.928077/0009/R000000051
R000000015/4.452235/0049/R000000042/R000000044
Q000000003/5.944217/0000/R000000056
R000000060/1.000000/0000/Guesstimate
R000000061/1.000000/0000/Guesstimate
R000000059/2.222222/0004/R000000060/R000000061
M000000062/1.000000/0000/Sigma_BB-28776399
R000000059/2.222222/0004/M000000062/R000000041
M000000064/1.000000/0000/Sigma_BB-28764950
R000000063/1.111111/0197/M000000064
R000000058/3.703704/0212/R000000059/R000000063
R000000058/3.703704/0212/R000000059/R000000063
R000000057/4.115227/0028/R000000058
M000000067/1.000000/0000/Sigma_BB-28830366
R000000066/1.111111/0085/M000000067
R000000065/3.703704/0212/R000000059/R000000066
R000000065/3.703704/0212/R000000059/R000000066
R000000057/4.115227/0028/R000000065
R000000056/5.944217/0003/R000000016/R000000057
R000000068/5.486969/0003/R000000016/R000000058
R000000070/4.115227/0217/R000000058
R000000069/5.683586/0049/R000000070/R000000014
R000000071/5.226338/0004/R000000058/R000000052
R000000071/5.226338/0277/R000000058/R000000052
R000000069/5.807042/0009/R000000071
R000000068/8.008604/0049/R000000042/R000000069
R000000056/6.096632/0028/R000000068
Q000000004/5.944217/0000/R000000056
<NEXT>