#
#  Reaction log file
#  Author: LigBuilder V3 User_Diana
#  Creation time: Fri Apr 10 01:34:52 2026
#  Format:
#  QueryMoleculeId/Cost/SynthesizeId/ReactantId1/ReactantId2/ReactantId3.....
#  Id prefix:
#  Q --- Query Molecule
#  M --- Material
#  R --- Reactant
#
Directory      result/synthesize_PfHDAC1/110/DATABASE/
#
Q000000001/7.315958/0000/R000000001
M000000005/1.000000/0000/Sigma_BB-29509005
R000000006/1.000000/0000/Guesstimate
R000000004/2.222222/0175/M000000005/R000000006
R000000007/1.111111/0287/M000000005
R000000008/1.000000/0000/Guesstimate
R000000004/2.345679/0004/R000000007/R000000008
R000000009/1.000000/0000/Guesstimate
R000000003/3.580247/0004/R000000004/R000000009
R000000010/2.222222/0004/R000000008/R000000009
R000000011/1.000000/0000/Guesstimate
R000000012/1.000000/0000/Guesstimate
R000000010/3.333333/0225/R000000011/R000000009/R000000012
R000000003/3.703704/0004/R000000007/R000000010
M000000015/1.000000/0000/Sigma_BB-28764950
R000000014/1.111111/0085/M000000015
R000000016/1.000000/0000/Guesstimate
R000000013/2.345679/0212/R000000014/R000000016
R000000018/1.000000/0000/Guesstimate
R000000017/2.222222/0004/M000000015/R000000018
R000000017/2.222222/0277/M000000015/R000000018
R000000013/2.469136/0197/R000000017
R000000002/6.584363/0212/R000000003/R000000013
R000000002/6.584363/0212/R000000003/R000000013
R000000001/7.315958/0028/R000000002
R000000021/2.222222/0212/M000000015/R000000016
R000000021/2.222222/0212/M000000015/R000000016
R000000020/2.469136/0085/R000000021
R000000023/1.000000/0000/Guesstimate
R000000022/3.580247/0004/R000000021/R000000023
R000000020/3.978053/0197/R000000022
R000000019/6.721537/0212/R000000003/R000000020
R000000019/6.721537/0212/R000000003/R000000020
R000000001/7.468375/0028/R000000019
Q000000002/Analysis Failed
Q000000003/Analysis Failed
Q000000004/5.639385/0000/R000000024
M000000028/1.000000/0000/Sigma_BB-28830339
R000000027/1.111111/0257/M000000028
R000000029/1.000000/0000/Guesstimate
M000000030/1.000000/0000/Sigma_BB-28757048
R000000027/2.222222/0274/R000000029/M000000030
R000000031/1.000000/0000/Guesstimate
R000000026/2.345679/0285/R000000027/R000000031
R000000033/1.000000/0000/Guesstimate
R000000032/2.345679/0285/R000000027/R000000033
R000000026/2.606310/0294/R000000032
R000000035/1.000000/0000/Guesstimate
R000000036/1.000000/0000/Guesstimate
R000000034/2.222222/0112/R000000035/R000000036
R000000038/1.000000/0000/Guesstimate
R000000037/2.222222/0004/R000000038/R000000036
R000000039/1.000000/0000/Guesstimate
R000000034/3.580247/0049/R000000037/R000000039
R000000025/5.075447/0159/R000000026/R000000034
R000000042/1.000000/0000/Guesstimate
R000000041/2.222222/0003/R000000042/R000000036
R000000040/3.580247/0012/R000000041/R000000031
R000000043/3.580247/0012/R000000041/R000000039
R000000043/3.580247/0285/R000000041/R000000039
R000000044/1.000000/0000/Guesstimate
R000000040/5.089163/0279/R000000043/R000000044
M000000045/1.000000/0000/Sigma_BB-28761121
R000000025/5.089163/0159/R000000040/M000000045
R000000024/5.639385/0059/R000000025
R000000046/1.000000/0000/Guesstimate
R000000024/6.750496/0224/R000000025/R000000046
<NEXT>