#
#  Reaction log file
#  Author: LigBuilder V3 User_Diana
#  Creation time: Fri Apr 10 01:37:26 2026
#  Format:
#  QueryMoleculeId/Cost/SynthesizeId/ReactantId1/ReactantId2/ReactantId3.....
#  Id prefix:
#  Q --- Query Molecule
#  M --- Material
#  R --- Reactant
#
Directory      result/synthesize_PfHDAC1/215/DATABASE/
#
Q000000001/3.978053/0000/R000000001
M000000004/1.000000/0000/Sigma_BB-28945063
M000000005/1.000000/0000/Sigma_BB-70704414
R000000003/2.222222/0003/M000000004/M000000005
M000000006/1.000000/0000/Sigma_BB-28766735
R000000007/1.000000/0000/Guesstimate
R000000003/2.222222/0003/M000000006/R000000007
R000000008/1.000000/0000/Guesstimate
R000000002/3.580247/0012/R000000003/R000000008
M000000011/1.000000/0000/Sigma_BB-29509312
R000000012/1.000000/0000/Guesstimate
R000000010/2.222222/0231/M000000011/R000000012
R000000009/2.469136/0024/R000000010
R000000015/1.000000/0000/Guesstimate
R000000014/2.222222/0231/M000000011/R000000015
R000000013/2.469136/0125/R000000014
R000000016/1.000000/0000/Guesstimate
R000000013/3.580247/0112/R000000014/R000000016
R000000009/2.743484/0040/R000000013
R000000002/3.854596/0003/R000000009/R000000007
R000000001/3.978053/0059/R000000002
R000000020/1.000000/0000/Guesstimate
R000000019/2.222222/0231/M000000011/R000000020
R000000018/2.469136/0040/R000000019
R000000021/1.000000/0000/Guesstimate
R000000018/3.580247/0004/R000000014/R000000021
R000000023/1.000000/0000/Guesstimate
R000000024/1.000000/0000/Guesstimate
R000000022/2.222222/0004/R000000023/R000000024
R000000026/1.000000/0000/Guesstimate
R000000025/2.222222/0003/R000000023/R000000026
R000000027/1.000000/0000/Guesstimate
R000000028/1.000000/0000/Guesstimate
R000000025/2.222222/0049/R000000027/R000000028
R000000022/2.469136/0040/R000000025
R000000017/5.212621/0212/R000000018/R000000022
R000000017/5.212621/0212/R000000018/R000000022
R000000001/5.791801/0039/R000000017
Q000000002/6.506838/0000/R000000029
R000000032/2.743484/0074/R000000013
R000000032/2.743484/0167/R000000013
R000000031/3.048316/0059/R000000032
R000000033/2.743484/0059/R000000013
R000000034/1.000000/0000/Guesstimate
R000000033/3.854596/0224/R000000013/R000000034
R000000031/3.048316/0074/R000000033
R000000030/3.387018/0040/R000000031
R000000035/3.048316/0040/R000000032
M000000037/1.000000/0000/Sigma_BB-28760241
R000000038/1.000000/0000/Guesstimate
R000000036/2.222222/0175/M000000037/R000000038
R000000036/2.222222/0290/M000000037/R000000038
R000000035/3.580247/0012/R000000036/R000000008
R000000030/3.387018/0059/R000000035
R000000041/1.000000/0000/Guesstimate
R000000042/1.000000/0000/Guesstimate
R000000040/2.222222/0112/R000000041/R000000042
R000000044/1.000000/0000/Guesstimate
R000000043/2.222222/0112/R000000044/R000000042
R000000040/2.469136/0155/R000000043
R000000039/2.469136/0147/R000000040
R000000046/2.222222/0003/R000000026/R000000042
R000000045/2.469136/0041/R000000046
R000000045/2.469136/0147/R000000043
R000000039/2.743484/0155/R000000045
R000000029/6.506838/0003/R000000030/R000000039
R000000049/3.387018/0093/R000000035
R000000050/2.743484/0287/R000000013
R000000049/4.159427/0004/R000000050/R000000024
R000000048/3.763354/0085/R000000049
R000000048/4.159427/0004/R000000050/R000000028
R000000047/4.181504/0059/R000000048
R000000051/3.048316/0059/R000000050
R000000051/3.763354/0197/R000000030
R000000047/4.498129/0004/R000000051/R000000028
R000000054/2.222222/0004/R000000024/R000000042
R000000054/2.469136/0040/R000000046
R000000053/2.469136/0197/R000000054
R000000055/8.600000/0000/Guesstimate
R000000053/9.555556/0155/R000000055
R000000052/3.854596/0003/R000000053/R000000026
R000000056/3.854596/0004/R000000039/R000000021
R000000058/1.000000/0000/Guesstimate
R000000057/3.854596/0277/R000000039/R000000058
R000000059/1.000000/0000/Guesstimate
R000000057/3.854596/0301/R000000039/R000000059
R000000056/4.282884/0040/R000000057
R000000052/4.282884/0009/R000000056
R000000029/8.929001/0049/R000000047/R000000052
Q000000003/Analysis Failed
<NEXT>