#
#  Reaction log file
#  Author: LigBuilder V3 User_Diana
#  Creation time: Fri Apr 10 01:35:50 2026
#  Format:
#  QueryMoleculeId/Cost/SynthesizeId/ReactantId1/ReactantId2/ReactantId3.....
#  Id prefix:
#  Q --- Query Molecule
#  M --- Material
#  R --- Reactant
#
Directory      result/synthesize_PfHDAC1/140/DATABASE/
#
Q000000001/4.299819/0000/R000000001
M000000003/1.000000/0000/Sigma_BB-29509312
R000000005/1.000000/0000/Guesstimate
R000000008/1.000000/0000/Guesstimate
R000000007/1.111111/0288/R000000008
R000000006/1.234568/0295/R000000007
R000000009/9.700000/0000/Guesstimate
R000000006/9.700000/0295/R000000009
R000000004/2.482853/0112/R000000005/R000000006
R000000010/1.000000/0000/Guesstimate
R000000012/1.000000/0000/Guesstimate
R000000011/2.482853/0112/R000000012/R000000006
R000000004/3.869837/0012/R000000010/R000000011
R000000002/3.869837/0231/M000000003/R000000004
R000000015/1.000000/0000/Guesstimate
R000000014/2.222222/0231/M000000003/R000000015
M000000016/1.000000/0000/Sigma_BB-28766735
R000000014/2.222222/0285/M000000016/R000000010
R000000013/2.469136/0091/R000000014
M000000019/1.000000/0000/Sigma_BB-28945063
M000000020/1.000000/0000/Sigma_BB-28830366
R000000018/2.222222/0004/M000000019/M000000020
R000000017/2.469136/0087/R000000018
R000000013/2.743484/0028/R000000017
R000000002/4.115227/0112/R000000013/R000000006
R000000001/4.299819/0059/R000000002
R000000024/1.000000/0000/Guesstimate
R000000023/2.222222/0231/M000000003/R000000024
R000000022/2.469136/0024/R000000023
R000000026/1.000000/0000/Guesstimate
R000000025/2.222222/0231/M000000003/R000000026
M000000030/1.000000/0000/Sigma_BB-28764950
R000000029/1.111111/0197/M000000030
R000000028/2.345679/0004/M000000019/R000000029
R000000031/2.222222/0004/M000000019/M000000030
R000000028/2.469136/0197/R000000031
R000000027/2.606310/0197/R000000028
R000000025/2.895900/0028/R000000027
R000000032/1.000000/0000/Guesstimate
R000000022/3.580247/0004/R000000025/R000000032
R000000021/4.115227/0004/R000000022/R000000006
R000000033/2.482853/0004/R000000032/R000000006
R000000035/1.000000/0000/Guesstimate
R000000034/2.482853/0003/R000000006/R000000035
R000000033/2.758726/0040/R000000034
R000000021/5.227862/0004/R000000025/R000000033
R000000001/4.572474/0153/R000000021
Q000000002/5.531170/0000/R000000036
R000000040/1.000000/0000/Guesstimate
R000000039/2.222222/0175/M000000003/R000000040
R000000039/2.222222/0290/M000000003/R000000040
R000000038/3.580247/0012/R000000039/R000000010
R000000042/1.000000/0000/Guesstimate
R000000041/3.580247/0226/R000000039/R000000042
R000000043/1.000000/0000/Guesstimate
R000000041/3.580247/0277/R000000039/R000000043
R000000038/3.978053/0150/R000000041
R000000037/3.978053/0059/R000000038
R000000046/1.000000/0000/Guesstimate
R000000045/3.580247/0226/R000000039/R000000046
R000000047/1.000000/0000/Guesstimate
R000000045/3.580247/0277/R000000039/R000000047
R000000044/5.089163/0224/R000000045/R000000042
R000000037/5.654626/0150/R000000044
R000000048/1.000000/0000/Guesstimate
R000000036/5.531170/0119/R000000037/R000000048
R000000050/3.580247/0119/R000000039/R000000048
R000000052/1.000000/0000/Guesstimate
R000000051/3.580247/0119/R000000039/R000000052
R000000053/1.000000/0000/Guesstimate
R000000051/4.691358/0261/R000000039/R000000010/R000000053
R000000050/3.978053/0155/R000000051
R000000049/5.089163/0012/R000000050/R000000010
R000000049/5.089163/0119/R000000038/R000000048
R000000036/5.654626/0059/R000000049
Q000000003/5.531170/0000/R000000036
Q000000004/Analysis Failed
<NEXT>