#
#  Reaction log file
#  Author: LigBuilder V3 User_Diana
#  Creation time: Fri Apr 10 01:34:50 2026
#  Format:
#  QueryMoleculeId/Cost/SynthesizeId/ReactantId1/ReactantId2/ReactantId3.....
#  Id prefix:
#  Q --- Query Molecule
#  M --- Material
#  R --- Reactant
#
Directory      result/synthesize_PfHDAC1/111/DATABASE/
#
Q000000001/5.639385/0000/R000000001
M000000005/1.000000/0000/Sigma_BB-28830339
R000000004/1.111111/0257/M000000005
R000000006/1.000000/0000/Guesstimate
M000000007/1.000000/0000/Sigma_BB-28757048
R000000004/2.222222/0274/R000000006/M000000007
R000000008/1.000000/0000/Guesstimate
R000000003/2.345679/0285/R000000004/R000000008
R000000010/1.000000/0000/Guesstimate
R000000009/2.345679/0285/R000000004/R000000010
R000000003/2.606310/0294/R000000009
R000000012/1.000000/0000/Guesstimate
R000000013/1.000000/0000/Guesstimate
R000000011/2.222222/0112/R000000012/R000000013
R000000015/1.000000/0000/Guesstimate
R000000014/2.222222/0004/R000000015/R000000013
R000000016/1.000000/0000/Guesstimate
R000000011/3.580247/0049/R000000014/R000000016
R000000002/5.075447/0159/R000000003/R000000011
R000000019/1.000000/0000/Guesstimate
R000000018/2.222222/0003/R000000019/R000000013
R000000017/3.580247/0012/R000000018/R000000008
R000000020/3.580247/0012/R000000018/R000000016
R000000020/3.580247/0285/R000000018/R000000016
R000000021/1.000000/0000/Guesstimate
R000000017/5.089163/0279/R000000020/R000000021
M000000022/1.000000/0000/Sigma_BB-28761121
R000000002/5.089163/0159/R000000017/M000000022
R000000001/5.639385/0059/R000000002
R000000023/1.000000/0000/Guesstimate
R000000001/6.750496/0224/R000000002/R000000023
Q000000002/Analysis Failed
Q000000003/6.096632/0000/R000000024
R000000028/1.000000/0000/Guesstimate
R000000027/1.111111/0228/R000000028
R000000029/1.000000/0000/Guesstimate
R000000027/1.111111/0228/R000000029
R000000031/1.000000/0000/Guesstimate
R000000030/2.222222/0003/R000000019/R000000031
R000000026/3.703704/0122/R000000027/R000000030
R000000026/3.703704/0122/R000000027/R000000030
M000000034/1.000000/0000/Sigma_BB-28764950
R000000033/1.111111/0197/M000000034
R000000032/1.234568/0197/R000000033
R000000035/9.200000/0000/Guesstimate
R000000032/9.200000/0155/R000000035
R000000025/5.486969/0301/R000000026/R000000032
R000000038/1.000000/0000/Guesstimate
R000000037/2.482853/0301/R000000038/R000000032
R000000037/2.482853/0301/R000000038/R000000032
R000000036/2.758726/0059/R000000037
R000000040/1.000000/0000/Guesstimate
R000000039/2.482853/0301/R000000040/R000000032
R000000039/2.482853/0301/R000000040/R000000032
R000000036/2.758726/0155/R000000039
R000000042/2.222222/0003/R000000015/R000000031
R000000041/2.469136/0099/R000000042
R000000044/1.000000/0000/Guesstimate
R000000043/2.222222/0112/R000000044/R000000031
R000000041/2.469136/0099/R000000043
R000000025/5.808736/0301/R000000036/R000000041
R000000024/6.096632/0028/R000000025
R000000048/1.000000/0000/Guesstimate
R000000049/1.000000/0000/Guesstimate
R000000047/2.222222/0122/R000000048/R000000049
R000000047/3.065251/0028/R000000036
R000000050/1.000000/0000/Guesstimate
R000000046/3.580247/0004/R000000047/R000000050
R000000052/1.000000/0000/Guesstimate
R000000051/3.580247/0301/R000000047/R000000052
R000000051/3.580247/0301/R000000047/R000000052
R000000046/3.978053/0024/R000000051
R000000054/2.222222/0004/M000000034/R000000031
R000000053/2.469136/0197/R000000054
R000000045/6.721537/0212/R000000046/R000000053
R000000045/6.721537/0212/R000000046/R000000053
R000000024/7.468375/0028/R000000045
<NEXT>