#
#  Reaction log file
#  Author: LigBuilder V3 User_Diana
#  Creation time: Fri Apr 10 01:38:00 2026
#  Format:
#  QueryMoleculeId/Cost/SynthesizeId/ReactantId1/ReactantId2/ReactantId3.....
#  Id prefix:
#  Q --- Query Molecule
#  M --- Material
#  R --- Reactant
#
Directory      result/synthesize_PfHDAC1/224/DATABASE/
#
Q000000001/Analysis Failed
Q000000002/5.791801/0000/R000000001
M000000004/1.000000/0000/Sigma_BB-29509005
R000000003/1.111111/0074/M000000004
R000000005/1.111111/0287/M000000004
R000000006/1.000000/0000/Guesstimate
R000000003/2.345679/0112/R000000005/R000000006
R000000002/1.234568/0040/R000000003
R000000008/1.111111/0114/M000000004
R000000009/1.000000/0000/Guesstimate
R000000007/2.345679/0004/R000000008/R000000009
R000000011/1.000000/0000/Guesstimate
R000000010/2.222222/0175/M000000004/R000000011
R000000010/2.222222/0290/M000000004/R000000011
R000000007/2.469136/0040/R000000010
R000000002/2.606310/0073/R000000007
R000000015/1.000000/0000/Guesstimate
R000000016/1.000000/0000/Guesstimate
R000000014/2.222222/0004/R000000015/R000000016
R000000017/1.000000/0000/Guesstimate
R000000013/3.580247/0212/R000000014/R000000017
R000000013/3.580247/0212/R000000014/R000000017
R000000012/3.978053/0155/R000000013
M000000020/1.000000/0000/Sigma_BB-28524129
R000000019/3.580247/0212/R000000014/M000000020
R000000019/3.580247/0212/R000000014/M000000020
R000000018/3.978053/0024/R000000019
R000000022/1.000000/0000/Guesstimate
R000000021/3.580247/0212/R000000014/R000000022
R000000021/3.580247/0212/R000000014/R000000022
R000000018/3.978053/0040/R000000021
R000000012/4.420059/0197/R000000018
R000000001/5.791801/0003/R000000002/R000000012
M000000026/1.000000/0000/Sigma_BB-27113924
M000000027/1.000000/0000/Sigma_BB-28830366
R000000025/2.222222/0004/M000000026/M000000027
R000000024/2.469136/0197/R000000025
R000000029/4.420059/0093/R000000018
R000000029/5.531170/0004/R000000012/R000000009
R000000028/4.911177/0086/R000000029
R000000028/4.911177/0091/R000000029
R000000023/8.200348/0112/R000000024/R000000028
R000000030/3.854596/0112/R000000024/R000000006
R000000032/1.000000/0000/Guesstimate
R000000031/3.854596/0004/R000000024/R000000032
R000000030/4.282884/0009/R000000031
R000000035/1.000000/0000/Guesstimate
R000000034/1.111111/0040/R000000035
R000000036/1.000000/0000/Guesstimate
R000000034/2.222222/0004/R000000009/R000000036
R000000033/3.703704/0212/R000000014/R000000034
R000000033/3.703704/0212/R000000014/R000000034
R000000023/8.398110/0138/R000000030/R000000033
R000000001/9.111498/0028/R000000023
Q000000003/5.944217/0000/R000000037
R000000041/1.000000/0000/Guesstimate
R000000040/2.222222/0004/R000000041/R000000016
R000000042/1.000000/0000/Guesstimate
R000000043/1.000000/0000/Guesstimate
R000000040/3.333333/0225/R000000042/R000000016/R000000043
M000000045/1.000000/0000/Sigma_BB-28764950
R000000044/1.111111/0197/M000000045
R000000039/3.703704/0212/R000000040/R000000044
R000000039/3.703704/0212/R000000040/R000000044
R000000038/4.115227/0028/R000000039
R000000047/1.111111/0085/M000000027
R000000046/3.703704/0212/R000000040/R000000047
R000000046/3.703704/0212/R000000040/R000000047
R000000038/4.115227/0028/R000000046
R000000037/5.944217/0003/R000000002/R000000038
R000000048/5.486969/0003/R000000002/R000000039
R000000050/1.000000/0000/Guesstimate
R000000049/2.345679/0004/R000000005/R000000050
R000000051/3.854596/0004/R000000024/R000000050
R000000049/4.282884/0028/R000000051
R000000053/4.115227/0217/R000000039
R000000052/5.683586/0049/R000000053/R000000050
R000000054/5.226338/0004/R000000039/R000000032
R000000054/5.226338/0277/R000000039/R000000032
R000000052/5.807042/0009/R000000054
R000000048/8.921405/0049/R000000049/R000000052
R000000037/6.096632/0028/R000000048
<NEXT>