#
#  Reaction log file
#  Author: LigBuilder V3 User_Diana
#  Creation time: Fri Apr 10 01:36:35 2026
#  Format:
#  QueryMoleculeId/Cost/SynthesizeId/ReactantId1/ReactantId2/ReactantId3.....
#  Id prefix:
#  Q --- Query Molecule
#  M --- Material
#  R --- Reactant
#
Directory      result/synthesize_PfHDAC1/186/DATABASE/
#
Q000000001/4.267643/0000/R000000001
M000000005/1.000000/0000/Sigma_BB-161238457
R000000004/1.111111/0299/M000000005
R000000003/1.234568/0114/R000000004
R000000006/1.111111/0114/M000000005
R000000003/1.234568/0299/R000000006
R000000008/1.000000/0000/Guesstimate
R000000009/1.000000/0000/Guesstimate
R000000007/2.222222/0004/R000000008/R000000009
R000000011/1.000000/0000/Guesstimate
R000000010/2.222222/0003/R000000011/R000000009
R000000007/2.469136/0040/R000000010
R000000002/3.840878/0274/R000000003/R000000007
R000000001/4.267643/0147/R000000002
R000000015/1.000000/0000/Guesstimate
R000000014/2.482853/0274/R000000003/R000000015
R000000013/2.758726/0147/R000000014
R000000018/1.000000/0000/Guesstimate
R000000017/2.222222/0112/R000000018/R000000009
R000000016/2.469136/0197/R000000017
R000000019/2.469136/0216/R000000007
R000000016/2.743484/0091/R000000019
R000000012/5.808736/0112/R000000013/R000000016
R000000001/6.454152/0147/R000000012
Q000000002/4.267643/0000/R000000001
Q000000003/5.241580/0000/R000000020
M000000024/1.000000/0000/Sigma_BB-29509005
R000000023/1.111111/0287/M000000024
R000000025/1.000000/0000/Guesstimate
R000000022/2.345679/0004/R000000023/R000000025
R000000026/2.222222/0175/M000000024/R000000018
R000000026/2.345679/0004/R000000023/R000000008
R000000022/2.469136/0085/R000000026
M000000027/1.000000/0000/Sigma_BB-28804095
R000000021/3.717421/0212/R000000022/M000000027
M000000032/1.000000/0000/Sigma_BB-29509312
R000000033/1.000000/0000/Guesstimate
R000000031/2.222222/0175/M000000032/R000000033
R000000031/2.222222/0290/M000000032/R000000033
R000000030/2.469136/0139/R000000031
M000000035/1.000000/0000/Sigma_BB-48767194
R000000034/2.222222/0175/M000000032/M000000035
R000000034/2.222222/0290/M000000032/M000000035
R000000030/2.469136/0150/R000000034
R000000036/1.000000/0000/Guesstimate
R000000029/3.854596/0232/R000000030/R000000036
R000000037/1.000000/0000/Guesstimate
R000000028/6.505106/0242/R000000029/R000000037/R000000037
R000000021/7.227896/0155/R000000028
R000000038/1.000000/0000/Guesstimate
R000000020/5.241580/0122/R000000021/R000000038
M000000042/1.000000/0000/Sigma_BB-28783903
R000000041/1.111111/0082/M000000042
R000000043/1.000000/0000/Guesstimate
R000000044/1.000000/0000/Guesstimate
R000000041/2.222222/0112/R000000043/R000000044
R000000045/1.000000/0000/Guesstimate
R000000040/2.345679/0122/R000000041/R000000045
M000000047/1.000000/0000/Sigma_BB-28830366
M000000048/1.000000/0000/Sigma_BB-28806840
R000000046/2.222222/0212/M000000047/M000000048
R000000046/2.222222/0212/M000000047/M000000048
R000000040/2.469136/0188/R000000046
R000000039/5.349795/0232/R000000030/R000000040
R000000020/5.944217/0028/R000000039
<NEXT>