#
#  Reaction log file
#  Author: LigBuilder V3 User_Diana
#  Creation time: Fri Apr 10 01:35:00 2026
#  Format:
#  QueryMoleculeId/Cost/SynthesizeId/ReactantId1/ReactantId2/ReactantId3.....
#  Id prefix:
#  Q --- Query Molecule
#  M --- Material
#  R --- Reactant
#
Directory      result/synthesize_PfHDAC1/124/DATABASE/
#
Q000000001/2.606310/0000/R000000001
M000000004/1.000000/0000/Sigma_BB-326697832
R000000003/1.111111/0287/M000000004
M000000005/1.000000/0000/Sigma_BB-28522060
R000000003/1.111111/0299/M000000005
R000000006/1.000000/0000/Guesstimate
R000000002/2.345679/0112/R000000003/R000000006
M000000009/1.000000/0000/Sigma_BB-30391580
R000000010/1.000000/0000/Guesstimate
R000000008/2.222222/0112/M000000009/R000000010
R000000011/1.000000/0000/Guesstimate
R000000008/2.345679/0112/R000000003/R000000011
R000000007/2.469136/0079/R000000008
R000000013/1.000000/0000/Guesstimate
R000000012/2.222222/0112/M000000009/R000000013
R000000014/1.000000/0000/Guesstimate
R000000012/2.345679/0112/R000000003/R000000014
R000000007/2.469136/0082/R000000012
R000000002/2.743484/0040/R000000007
R000000001/2.606310/0153/R000000002
R000000016/1.234568/0079/R000000003
R000000017/1.000000/0000/Guesstimate
R000000016/2.345679/0112/R000000003/R000000017
R000000015/1.371742/0040/R000000016
M000000020/1.000000/0000/Sigma_BB-27948280
R000000019/1.111111/0104/M000000020
R000000019/1.111111/0104/M000000020
R000000018/1.234568/0293/R000000019
R000000018/1.234568/0293/R000000019
R000000015/1.371742/0160/R000000018
R000000021/1.000000/0000/Guesstimate
R000000001/2.635269/0119/R000000015/R000000021
Q000000002/Analysis Failed
Q000000003/Analysis Failed
<NEXT>