#
#  Reaction log file
#  Author: LigBuilder V3 User_Diana
#  Creation time: Fri Apr 10 01:33:45 2026
#  Format:
#  QueryMoleculeId/Cost/SynthesizeId/ReactantId1/ReactantId2/ReactantId3.....
#  Id prefix:
#  Q --- Query Molecule
#  M --- Material
#  R --- Reactant
#
Directory      result/synthesize_PfHDAC1/59/DATABASE/
#
Q000000001/3.978053/0000/R000000001
M000000004/1.000000/0000/Sigma_BB-28766735
R000000005/1.000000/0000/Guesstimate
R000000003/2.222222/0169/M000000004/R000000005
M000000007/1.000000/0000/Sigma_BB-28945063
R000000010/1.000000/0000/Guesstimate
R000000011/1.000000/0000/Guesstimate
R000000009/2.222222/0274/R000000010/R000000011
R000000012/1.000000/0000/Guesstimate
R000000009/2.222222/0275/R000000012/R000000005
R000000008/2.469136/0091/R000000009
R000000014/1.000000/0000/Guesstimate
R000000013/2.222222/0274/R000000012/R000000014
R000000015/1.000000/0000/Guesstimate
R000000016/1.000000/0000/Guesstimate
R000000013/2.222222/0275/R000000015/R000000016
R000000017/1.000000/0000/Guesstimate
R000000008/3.580247/0212/R000000013/R000000017
R000000006/3.854596/0112/M000000007/R000000008
M000000018/1.000000/0000/Sigma_BB-28757047
R000000006/3.854596/0174/M000000018/R000000008
R000000003/4.282884/0147/R000000006
R000000019/1.000000/0000/Guesstimate
R000000002/3.580247/0175/R000000003/R000000019
M000000022/1.000000/0000/Sigma_BB-28838111
R000000021/1.111111/0287/M000000022
R000000021/2.222222/0175/M000000007/R000000019
R000000023/1.000000/0000/Guesstimate
R000000020/2.345679/0004/R000000021/R000000023
R000000025/1.000000/0000/Guesstimate
R000000024/2.222222/0175/M000000022/R000000025
R000000024/2.222222/0290/M000000022/R000000025
R000000020/2.469136/0024/R000000024
R000000002/3.717421/0169/R000000020/R000000005
R000000001/3.978053/0139/R000000002
M000000029/1.000000/0000/Sigma_BB-27113924
M000000030/1.000000/0000/Sigma_BB-28830366
R000000028/2.222222/0004/M000000029/M000000030
R000000027/2.469136/0197/R000000028
R000000032/2.222222/0004/M000000007/M000000030
R000000031/2.469136/0197/R000000032
R000000027/2.743484/0287/R000000031
R000000033/1.000000/0000/Guesstimate
R000000026/4.965707/0225/R000000027/R000000005/R000000033
R000000026/5.486969/0175/R000000031/R000000008
R000000001/5.517452/0028/R000000026
Q000000002/3.978053/0000/R000000001
Q000000003/4.420058/0000/R000000034
M000000038/1.000000/0000/Sigma_BB-29509005
R000000037/1.111111/0287/M000000038
R000000037/1.234568/0139/R000000021
R000000036/2.345679/0004/R000000037/R000000023
R000000039/2.222222/0175/M000000038/R000000025
R000000039/2.222222/0290/M000000038/R000000025
R000000036/2.469136/0024/R000000039
M000000042/1.000000/0000/Sigma_BB-28783903
R000000041/1.111111/0293/M000000042
R000000040/1.234568/0198/R000000041
R000000044/1.000000/0000/Guesstimate
R000000043/2.222222/0004/R000000044/M000000030
R000000043/2.222222/0277/R000000044/M000000030
R000000040/2.469136/0197/R000000043
R000000035/3.978052/0169/R000000036/R000000040
R000000046/2.482853/0275/R000000012/R000000040
R000000046/2.482853/0282/R000000010/R000000040
R000000045/2.758726/0091/R000000046
R000000047/3.580247/0275/R000000015/R000000043
R000000047/3.580247/0282/R000000012/R000000043
R000000045/3.978053/0197/R000000047
R000000035/4.176363/0175/M000000038/R000000045
R000000034/4.420058/0028/R000000035
R000000050/1.000000/0000/Guesstimate
M000000052/1.000000/0000/Sigma_BB-28764950
R000000051/1.111111/0197/M000000052
R000000049/2.345679/0212/R000000050/R000000051
R000000053/2.222222/0212/R000000050/M000000052
R000000053/2.222222/0212/R000000050/M000000052
R000000049/2.469136/0197/R000000053
R000000048/5.212620/0169/R000000036/R000000049
R000000055/3.580247/0275/R000000015/R000000053
R000000055/3.580247/0282/R000000012/R000000053
R000000054/3.978053/0197/R000000055
R000000056/3.717421/0275/R000000012/R000000049
R000000056/3.717421/0282/R000000010/R000000049
R000000054/4.130468/0091/R000000056
R000000048/5.531170/0175/M000000038/R000000054
R000000034/5.791800/0028/R000000048
<NEXT>