#
#  Reaction log file
#  Author: LigBuilder V3 User_Diana
#  Creation time: Fri Apr 10 01:33:30 2026
#  Format:
#  QueryMoleculeId/Cost/SynthesizeId/ReactantId1/ReactantId2/ReactantId3.....
#  Id prefix:
#  Q --- Query Molecule
#  M --- Material
#  R --- Reactant
#
Directory      result/synthesize_PfHDAC1/58/DATABASE/
#
Q000000001/5.378754/0000/R000000001
M000000005/1.000000/0000/Sigma_BB-28838111
R000000004/1.111111/0287/M000000005
M000000006/1.000000/0000/Sigma_BB-28945063
R000000007/1.000000/0000/Guesstimate
R000000004/2.222222/0175/M000000006/R000000007
R000000008/1.000000/0000/Guesstimate
R000000009/1.000000/0000/Guesstimate
R000000003/3.456790/0225/R000000004/R000000008/R000000009
R000000012/1.000000/0000/Guesstimate
M000000013/1.000000/0000/Sigma_BB-28776791
R000000011/2.222222/0274/R000000012/M000000013
R000000014/1.000000/0000/Guesstimate
M000000015/1.000000/0000/Sigma_BB-31286382
R000000011/2.222222/0275/R000000014/M000000015
R000000010/2.469136/0197/R000000011
R000000016/2.469136/0073/R000000011
R000000017/2.469136/0100/R000000011
R000000017/2.469136/0216/R000000011
R000000016/2.743484/0100/R000000017
R000000018/1.000000/0000/Guesstimate
R000000010/3.854596/0212/R000000016/R000000018
R000000003/3.854596/0175/M000000005/R000000010
R000000002/3.840878/0139/R000000003
M000000020/1.000000/0000/Sigma_BB-29509005
R000000019/3.854596/0174/M000000020/R000000010
R000000021/1.111111/0287/M000000020
R000000021/1.234568/0139/R000000004
R000000019/3.978053/0112/R000000021/R000000010
R000000002/4.282884/0147/R000000019
R000000022/1.000000/0000/Guesstimate
R000000001/5.378754/0122/R000000002/R000000022
M000000026/1.000000/0000/Sigma_BB-27113924
M000000027/1.000000/0000/Sigma_BB-28830366
R000000025/2.222222/0004/M000000026/M000000027
R000000024/2.469136/0197/R000000025
R000000029/2.222222/0004/M000000006/M000000027
R000000028/2.469136/0197/R000000029
R000000024/2.743484/0287/R000000028
R000000030/2.222222/0122/R000000008/R000000022
R000000032/1.000000/0000/Guesstimate
R000000033/1.000000/0000/Guesstimate
R000000031/2.222222/0003/R000000032/R000000033
R000000034/1.000000/0000/Guesstimate
R000000035/1.000000/0000/Guesstimate
R000000031/2.222222/0042/R000000034/R000000035
R000000030/2.469136/0041/R000000031
R000000023/6.323732/0225/R000000024/R000000030/R000000009
R000000036/3.854596/0122/R000000010/R000000022
R000000039/1.000000/0000/Guesstimate
R000000038/2.222222/0274/R000000012/R000000039
R000000038/2.743484/0197/R000000016
R000000040/1.000000/0000/Guesstimate
R000000037/3.580247/0003/R000000038/R000000040
R000000041/2.743484/0197/R000000017
R000000042/1.000000/0000/Guesstimate
R000000041/3.854596/0212/R000000016/R000000042
R000000043/1.000000/0000/Guesstimate
R000000037/4.159427/0112/R000000041/R000000043
R000000036/3.978053/0147/R000000037
R000000023/7.026369/0175/R000000028/R000000036
R000000001/7.026369/0028/R000000023
Q000000002/4.420058/0000/R000000044
R000000047/1.000000/0000/Guesstimate
R000000046/2.345679/0004/R000000021/R000000047
R000000049/1.000000/0000/Guesstimate
R000000048/2.222222/0175/M000000020/R000000049
R000000048/2.222222/0290/M000000020/R000000049
R000000046/2.469136/0024/R000000048
M000000052/1.000000/0000/Sigma_BB-28783903
R000000051/1.111111/0293/M000000052
R000000050/1.234568/0198/R000000051
R000000054/1.000000/0000/Guesstimate
R000000053/2.222222/0004/R000000054/M000000027
R000000053/2.222222/0277/R000000054/M000000027
R000000050/2.469136/0197/R000000053
R000000045/3.978052/0169/R000000046/R000000050
R000000056/2.482853/0275/R000000012/R000000050
R000000057/1.000000/0000/Guesstimate
R000000056/2.482853/0282/R000000057/R000000050
R000000055/2.758726/0091/R000000056
R000000058/3.580247/0275/R000000014/R000000053
R000000058/4.159427/0004/R000000041/M000000027
R000000055/3.978053/0197/R000000058
R000000045/4.176363/0175/M000000020/R000000055
R000000044/4.420058/0028/R000000045
R000000061/1.000000/0000/Guesstimate
M000000063/1.000000/0000/Sigma_BB-28764950
R000000062/1.111111/0197/M000000063
R000000060/2.345679/0212/R000000061/R000000062
R000000064/2.222222/0212/R000000061/M000000063
R000000064/2.222222/0212/R000000061/M000000063
R000000060/2.469136/0197/R000000064
R000000059/5.212620/0169/R000000046/R000000060
R000000066/3.717421/0275/R000000012/R000000060
R000000066/3.717421/0282/R000000057/R000000060
R000000065/4.130468/0091/R000000066
R000000067/3.854596/0212/R000000017/M000000063
R000000067/3.854596/0212/R000000017/M000000063
R000000065/4.282884/0197/R000000067
R000000059/5.700521/0175/M000000020/R000000065
R000000044/5.791800/0028/R000000059
Q000000003/3.978053/0000/R000000068
M000000071/1.000000/0000/Sigma_BB-28766735
R000000072/1.000000/0000/Guesstimate
R000000070/2.222222/0169/M000000071/R000000072
R000000076/1.000000/0000/Guesstimate
R000000075/2.222222/0274/R000000057/R000000076
R000000075/2.222222/0275/R000000012/R000000072
R000000074/2.469136/0091/R000000075
R000000077/1.000000/0000/Guesstimate
R000000074/3.854596/0212/R000000016/R000000077
R000000073/3.854596/0112/M000000006/R000000074
M000000078/1.000000/0000/Sigma_BB-28757047
R000000073/3.854596/0174/M000000078/R000000074
R000000070/4.282884/0147/R000000073
R000000069/3.580247/0175/R000000070/R000000007
R000000079/2.345679/0004/R000000004/R000000047
R000000080/2.222222/0175/M000000005/R000000049
R000000080/2.469136/0198/R000000048
R000000079/2.469136/0024/R000000080
R000000069/3.717421/0169/R000000079/R000000072
R000000068/3.978053/0139/R000000069
R000000081/4.965707/0225/R000000024/R000000072/R000000009
R000000081/5.486969/0175/R000000028/R000000074
R000000068/5.517452/0028/R000000081
<NEXT>