#
#  Reaction log file
#  Author: LigBuilder V3 User_Diana
#  Creation time: Fri Apr 10 01:38:32 2026
#  Format:
#  QueryMoleculeId/Cost/SynthesizeId/ReactantId1/ReactantId2/ReactantId3.....
#  Id prefix:
#  Q --- Query Molecule
#  M --- Material
#  R --- Reactant
#
Directory      result/synthesize_PfHDAC1/245/DATABASE/
#
Q000000001/5.791801/0000/R000000001
M000000005/1.000000/0000/Sigma_BB-29509312
R000000006/1.000000/0000/Guesstimate
R000000004/2.222222/0175/M000000005/R000000006
R000000004/2.222222/0290/M000000005/R000000006
R000000003/2.469136/0139/R000000004
M000000008/1.000000/0000/Sigma_BB-48767194
R000000007/2.222222/0175/M000000005/M000000008
R000000007/2.222222/0290/M000000005/M000000008
R000000003/2.469136/0150/R000000007
M000000010/1.000000/0000/Sigma_BB-28799083
R000000011/1.000000/0000/Guesstimate
R000000009/2.222222/0279/M000000010/R000000011
R000000009/2.222222/0279/M000000010/R000000011
R000000002/5.212621/0232/R000000003/R000000009
R000000001/5.791801/0028/R000000002
R000000014/3.854596/0232/R000000003/R000000011
R000000013/4.282884/0217/R000000014
R000000016/1.000000/0000/Guesstimate
R000000015/5.393995/0274/R000000014/R000000016
R000000013/5.993328/0257/R000000015
R000000017/1.000000/0000/Guesstimate
R000000012/5.869872/0138/R000000013/R000000017
R000000001/6.522080/0099/R000000012
Q000000002/5.791801/0000/R000000001
Q000000003/5.791801/0000/R000000001
<NEXT>