#
#  Reaction log file
#  Author: LigBuilder V3 User_Diana
#  Creation time: Fri Apr 10 01:39:35 2026
#  Format:
#  QueryMoleculeId/Cost/SynthesizeId/ReactantId1/ReactantId2/ReactantId3.....
#  Id prefix:
#  Q --- Query Molecule
#  M --- Material
#  R --- Reactant
#
Directory      result/synthesize_PfHDAC1/280/DATABASE/
#
Q000000001/Analysis Failed
Q000000002/Analysis Failed
Q000000003/Analysis Failed
Q000000004/5.654626/0000/R000000001
M000000005/1.000000/0000/Sigma_BB-298780372
R000000006/1.000000/0000/Guesstimate
R000000004/2.222222/0276/M000000005/R000000006
R000000004/2.222222/0278/M000000005/R000000006
R000000007/1.000000/0000/Guesstimate
R000000003/3.580247/0174/R000000004/R000000007
R000000008/2.222222/0174/M000000005/R000000007
R000000008/2.222222/0289/M000000005/R000000007
R000000003/3.580247/0276/R000000008/R000000006
M000000009/1.000000/0000/Sigma_BB-28769104
R000000002/5.089163/0049/R000000003/M000000009
R000000011/1.000000/0000/Guesstimate
R000000010/5.089163/0049/R000000003/R000000011
R000000012/3.580247/0049/R000000008/R000000011
R000000010/5.089163/0276/R000000012/R000000006
R000000013/1.000000/0000/Guesstimate
R000000002/6.765737/0138/R000000010/R000000013
R000000001/5.654626/0099/R000000002
R000000001/5.654626/0099/R000000002
<NEXT>