#
#  Reaction log file
#  Author: LigBuilder V3 User_Diana
#  Creation time: Fri Apr 10 01:34:28 2026
#  Format:
#  QueryMoleculeId/Cost/SynthesizeId/ReactantId1/ReactantId2/ReactantId3.....
#  Id prefix:
#  Q --- Query Molecule
#  M --- Material
#  R --- Reactant
#
Directory      result/synthesize_PfHDAC1/108/DATABASE/
#
Q000000001/4.130468/0000/R000000001
M000000005/1.000000/0000/Sigma_BB-29509005
R000000004/1.111111/0287/M000000005
R000000006/1.000000/0000/Guesstimate
R000000003/2.345679/0004/R000000004/R000000006
R000000007/1.000000/0000/Guesstimate
R000000002/3.717421/0212/R000000003/R000000007
R000000002/3.717421/0212/R000000003/R000000007
R000000001/4.130468/0041/R000000002
M000000011/1.000000/0000/Sigma_BB-28945063
R000000010/2.222222/0004/M000000011/R000000006
R000000012/1.000000/0000/Guesstimate
R000000009/3.580247/0212/R000000010/R000000012
R000000009/3.580247/0212/R000000010/R000000012
R000000013/1.000000/0000/Guesstimate
R000000008/5.089163/0175/R000000009/R000000013
R000000008/5.089163/0290/R000000009/R000000013
R000000001/5.654626/0139/R000000008
Q000000002/5.976393/0000/R000000014
R000000018/1.000000/0000/Guesstimate
R000000019/1.000000/0000/Guesstimate
R000000017/3.456790/0225/R000000004/R000000018/R000000019
R000000017/3.456790/0225/R000000004/R000000018/R000000019
R000000016/3.840878/0197/R000000017
R000000020/1.000000/0000/Guesstimate
R000000015/5.378754/0112/R000000016/R000000020
R000000014/5.976393/0099/R000000015
M000000024/1.000000/0000/Sigma_BB-152437451
R000000023/1.111111/0085/M000000024
R000000022/1.234568/0197/R000000023
R000000025/9.800000/0000/Guesstimate
R000000022/9.800000/0155/R000000025
R000000021/5.639385/0301/R000000016/R000000022
R000000021/5.639385/0301/R000000016/R000000022
R000000014/6.265983/0028/R000000021
Q000000003/7.163543/0000/R000000026
M000000030/1.000000/0000/Sigma_BB-28764950
R000000029/1.111111/0085/M000000030
R000000031/1.000000/0000/Guesstimate
R000000028/2.345679/0212/R000000029/R000000031
R000000033/1.000000/0000/Guesstimate
R000000032/2.222222/0004/M000000030/R000000033
R000000032/2.222222/0277/M000000030/R000000033
R000000028/2.469136/0197/R000000032
R000000027/6.447188/0212/R000000017/R000000028
R000000027/6.447188/0212/R000000017/R000000028
R000000026/7.163543/0028/R000000027
R000000036/2.222222/0212/M000000030/R000000031
R000000036/2.222222/0212/M000000030/R000000031
R000000035/2.469136/0085/R000000036
R000000038/1.000000/0000/Guesstimate
R000000037/3.580247/0004/R000000036/R000000038
R000000035/3.978053/0197/R000000037
R000000034/6.584363/0212/R000000017/R000000035
R000000034/6.584363/0212/R000000017/R000000035
R000000026/7.315958/0028/R000000034
<NEXT>