#
#  Reaction log file
#  Author: LigBuilder V3 User_Diana
#  Creation time: Fri Apr 10 01:37:54 2026
#  Format:
#  QueryMoleculeId/Cost/SynthesizeId/ReactantId1/ReactantId2/ReactantId3.....
#  Id prefix:
#  Q --- Query Molecule
#  M --- Material
#  R --- Reactant
#
Directory      result/synthesize_PfHDAC1/226/DATABASE/
#
Q000000001/5.944217/0000/R000000001
M000000004/1.000000/0000/Sigma_BB-29509005
R000000003/1.111111/0074/M000000004
R000000005/1.111111/0287/M000000004
R000000006/1.000000/0000/Guesstimate
R000000003/2.345679/0112/R000000005/R000000006
R000000002/1.234568/0040/R000000003
R000000008/1.111111/0114/M000000004
R000000009/1.000000/0000/Guesstimate
R000000007/2.345679/0004/R000000008/R000000009
R000000011/1.000000/0000/Guesstimate
R000000010/2.222222/0175/M000000004/R000000011
R000000010/2.222222/0290/M000000004/R000000011
R000000007/2.469136/0040/R000000010
R000000002/2.606310/0073/R000000007
R000000015/1.000000/0000/Guesstimate
R000000016/1.000000/0000/Guesstimate
R000000014/2.222222/0004/R000000015/R000000016
R000000017/1.000000/0000/Guesstimate
R000000018/1.000000/0000/Guesstimate
R000000014/3.333333/0225/R000000017/R000000016/R000000018
M000000020/1.000000/0000/Sigma_BB-28764950
R000000019/1.111111/0197/M000000020
R000000013/3.703704/0212/R000000014/R000000019
R000000013/3.703704/0212/R000000014/R000000019
R000000012/4.115227/0028/R000000013
M000000023/1.000000/0000/Sigma_BB-28830366
R000000022/1.111111/0085/M000000023
R000000021/3.703704/0212/R000000014/R000000022
R000000021/3.703704/0212/R000000014/R000000022
R000000012/4.115227/0028/R000000021
R000000001/5.944217/0003/R000000002/R000000012
R000000024/5.486969/0003/R000000002/R000000013
R000000026/1.371742/0093/R000000002
R000000026/2.345679/0004/R000000005/R000000009
R000000025/1.524158/0085/R000000026
R000000027/1.000000/0000/Guesstimate
R000000025/2.345679/0004/R000000005/R000000027
R000000029/4.115227/0217/R000000013
R000000028/5.683586/0049/R000000029/R000000027
R000000031/1.000000/0000/Guesstimate
R000000030/5.226338/0004/R000000013/R000000031
R000000030/5.226338/0277/R000000013/R000000031
R000000028/5.807042/0009/R000000030
R000000024/8.008604/0049/R000000025/R000000028
R000000001/6.096632/0028/R000000024
Q000000002/Analysis Failed
Q000000003/5.944217/0000/R000000001
Q000000004/Analysis Failed
<NEXT>