#
#  Reaction log file
#  Author: LigBuilder V3 User_Diana
#  Creation time: Fri Apr 10 01:38:29 2026
#  Format:
#  QueryMoleculeId/Cost/SynthesizeId/ReactantId1/ReactantId2/ReactantId3.....
#  Id prefix:
#  Q --- Query Molecule
#  M --- Material
#  R --- Reactant
#
Directory      result/synthesize_PfHDAC1/251/DATABASE/
#
Q000000001/7.485310/0000/R000000001
M000000006/1.000000/0000/Sigma_BB-29509005
R000000005/1.111111/0074/M000000006
R000000007/1.111111/0287/M000000006
M000000009/1.000000/0000/Sigma_BB-28838111
R000000008/1.111111/0287/M000000009
M000000010/1.000000/0000/Sigma_BB-28945063
R000000011/1.000000/0000/Guesstimate
R000000008/2.222222/0175/M000000010/R000000011
R000000007/1.234568/0139/R000000008
R000000012/1.000000/0000/Guesstimate
R000000005/2.345679/0112/R000000007/R000000012
R000000004/1.234568/0040/R000000005
R000000014/1.111111/0114/M000000006
R000000015/1.000000/0000/Guesstimate
R000000013/2.345679/0004/R000000014/R000000015
R000000017/1.000000/0000/Guesstimate
R000000016/2.222222/0175/M000000006/R000000017
R000000016/2.222222/0290/M000000006/R000000017
R000000013/2.469136/0040/R000000016
R000000004/2.606310/0073/R000000013
R000000018/1.000000/0000/Guesstimate
R000000003/2.482853/0003/R000000004/R000000018
R000000020/1.000000/0000/Guesstimate
R000000019/2.222222/0174/M000000006/R000000020
R000000019/2.345679/0112/R000000007/R000000020
R000000003/3.580247/0004/R000000019/R000000015
R000000022/1.000000/0000/Guesstimate
R000000024/1.000000/0000/Guesstimate
R000000025/1.000000/0000/Guesstimate
R000000023/2.222222/0276/R000000024/R000000025
R000000023/2.222222/0278/R000000024/R000000025
R000000021/3.580247/0004/R000000022/R000000023
R000000026/3.580247/0004/R000000015/R000000023
R000000027/1.000000/0000/Guesstimate
R000000028/1.000000/0000/Guesstimate
R000000026/4.691358/0225/R000000027/R000000023/R000000028
R000000029/1.000000/0000/Guesstimate
R000000021/5.089163/0004/R000000026/R000000029
R000000002/6.736779/0212/R000000003/R000000021
R000000002/6.736779/0212/R000000003/R000000021
R000000001/7.485310/0275/R000000002
R000000032/2.222222/0275/R000000024/R000000025
R000000031/3.580247/0004/R000000022/R000000032
R000000033/3.580247/0004/R000000015/R000000032
R000000033/4.691358/0225/R000000027/R000000032/R000000028
R000000031/5.089163/0004/R000000033/R000000029
R000000030/6.736779/0212/R000000003/R000000031
R000000030/6.736779/0212/R000000003/R000000031
R000000001/7.485310/0276/R000000030
Q000000002/7.485310/0000/R000000001
Q000000003/6.130503/0000/R000000034
R000000037/2.469136/0275/R000000023
R000000037/2.469136/0276/R000000032
R000000036/3.854596/0112/R000000020/R000000037
R000000038/3.854596/0112/R000000011/R000000037
R000000036/4.282884/0155/R000000038
R000000035/4.282884/0147/R000000036
R000000041/1.000000/0000/Guesstimate
R000000040/3.854596/0003/R000000041/R000000037
R000000039/4.282884/0041/R000000040
R000000039/4.282884/0147/R000000038
R000000035/4.758760/0155/R000000039
R000000034/6.130503/0003/R000000004/R000000035
M000000046/1.000000/0000/Sigma_BB-27113924
M000000047/1.000000/0000/Sigma_BB-28830366
R000000045/2.222222/0004/M000000046/M000000047
R000000044/2.469136/0197/R000000045
R000000043/2.743484/0125/R000000044
R000000043/3.854596/0112/R000000044/R000000012
R000000050/1.000000/0000/Guesstimate
R000000049/3.854596/0003/R000000050/R000000037
R000000048/4.282884/0147/R000000049
R000000052/1.000000/0000/Guesstimate
R000000051/5.393995/0301/R000000036/R000000052
R000000051/5.393995/0301/R000000036/R000000052
R000000048/5.993328/0147/R000000051
R000000042/7.807076/0138/R000000043/R000000048
R000000054/5.869872/0004/R000000035/R000000015
R000000054/6.980982/0225/R000000035/R000000027/R000000028
R000000053/6.522080/0086/R000000054
R000000053/6.522080/0091/R000000054
R000000042/9.990240/0112/R000000044/R000000053
R000000034/8.674530/0028/R000000042
<NEXT>