#
#  Reaction log file
#  Author: LigBuilder V3 User_Diana
#  Creation time: Fri Apr 10 01:40:19 2026
#  Format:
#  QueryMoleculeId/Cost/SynthesizeId/ReactantId1/ReactantId2/ReactantId3.....
#  Id prefix:
#  Q --- Query Molecule
#  M --- Material
#  R --- Reactant
#
Directory      result/synthesize_PfHDAC1/294/DATABASE/
#
Q000000001/4.420059/0000/R000000001
M000000004/1.000000/0000/Sigma_BB-29509005
R000000003/1.111111/0053/M000000004
R000000005/1.111111/0074/M000000004
R000000005/1.111111/0167/M000000004
R000000003/1.234568/0017/R000000005
M000000008/1.000000/0000/Sigma_BB-28764950
M000000009/1.000000/0000/Sigma_BB-28830366
R000000007/2.222222/0212/M000000008/M000000009
R000000007/2.222222/0212/M000000008/M000000009
R000000006/2.469136/0087/R000000007
R000000011/1.000000/0000/Guesstimate
R000000010/3.580247/0004/R000000011/R000000007
R000000006/3.978053/0197/R000000010
R000000002/3.978053/0275/R000000003/R000000006
R000000001/4.420059/0028/R000000002
R000000015/1.000000/0000/Guesstimate
R000000014/2.345679/0275/R000000003/R000000015
R000000013/2.606310/0147/R000000014
R000000017/1.000000/0000/Guesstimate
R000000016/2.345679/0274/R000000003/R000000017
R000000013/2.606310/0260/R000000016
R000000012/4.007011/0001/R000000013/M000000009
R000000020/1.000000/0000/Guesstimate
R000000019/2.345679/0275/R000000003/R000000020
R000000018/2.606310/0091/R000000019
R000000022/1.000000/0000/Guesstimate
R000000021/2.345679/0275/R000000003/R000000022
R000000018/2.606310/0197/R000000021
R000000012/4.007011/0003/R000000018/M000000009
R000000001/4.452235/0099/R000000012
Q000000002/2.469136/0000/R000000023
M000000025/1.000000/0000/Sigma_BB-28766577
M000000026/1.000000/0000/Sigma_BB-27523000
R000000024/2.222222/0221/M000000025/M000000026
M000000029/1.000000/0000/Sigma_BB-117221695
R000000028/1.111111/0125/M000000029
R000000030/1.000000/0000/Guesstimate
R000000028/2.222222/0112/M000000029/R000000030
R000000027/1.234568/0040/R000000028
M000000031/1.000000/0000/Sigma_BB-28826597
R000000032/1.000000/0000/Guesstimate
R000000027/2.222222/0119/M000000031/R000000032
R000000024/2.482853/0119/R000000027/M000000026
R000000023/2.469136/0024/R000000024
R000000035/1.111111/0091/M000000031
R000000037/1.000000/0000/Guesstimate
R000000036/1.111111/0287/R000000037
R000000034/2.469136/0112/R000000035/R000000036
M000000038/1.000000/0000/Sigma_BB-30480553
R000000040/2.345679/0112/R000000022/R000000036
R000000041/2.345679/0112/R000000015/R000000036
R000000041/9.888888/0112/R000000030/R000000039
R000000040/2.606310/0040/R000000041
R000000039/2.606310/0197/R000000040
R000000042/7.100000/0000/Guesstimate
R000000039/7.888889/0260/R000000042
R000000034/9.888888/0112/M000000038/R000000039
R000000033/3.854596/0119/R000000034/M000000026
M000000044/1.000000/0000/Sigma_BB-28760247
R000000043/2.222222/0119/M000000044/M000000026
M000000046/1.000000/0000/Sigma_BB-28418531
R000000045/2.222222/0119/M000000046/M000000026
M000000047/1.000000/0000/Sigma_BB-34437028
R000000045/2.222222/0221/M000000047/M000000026
R000000043/2.469136/0153/R000000045
R000000033/5.365036/0174/R000000043/R000000039
R000000023/4.282884/0025/R000000033
Q000000003/2.469136/0000/R000000023
<NEXT>