#
#  Reaction log file
#  Author: LigBuilder V3 User_Diana
#  Creation time: Fri Apr 10 01:39:31 2026
#  Format:
#  QueryMoleculeId/Cost/SynthesizeId/ReactantId1/ReactantId2/ReactantId3.....
#  Id prefix:
#  Q --- Query Molecule
#  M --- Material
#  R --- Reactant
#
Directory      result/synthesize_PfHDAC1/285/DATABASE/
#
Q000000001/5.807042/0000/R000000001
M000000003/1.000000/0000/Sigma_BB-29509005
M000000006/1.000000/0000/Sigma_BB-28764950
R000000005/1.111111/0087/M000000006
M000000008/1.000000/0000/Sigma_BB-30434100
R000000009/1.000000/0000/Guesstimate
R000000007/2.222222/0004/M000000008/R000000009
R000000011/1.111111/0085/M000000008
R000000012/1.000000/0000/Guesstimate
R000000013/1.000000/0000/Guesstimate
R000000011/2.222222/0170/R000000012/R000000013
R000000014/1.000000/0000/Guesstimate
R000000010/2.345679/0277/R000000011/R000000014
R000000007/2.606310/0099/R000000010
R000000004/3.703704/0212/R000000005/R000000007
R000000004/3.703704/0212/R000000005/R000000007
R000000002/5.226338/0175/M000000003/R000000004
M000000017/1.000000/0000/Sigma_BB-28838111
R000000016/2.345679/0175/M000000017/R000000005
R000000016/2.345679/0290/M000000017/R000000005
R000000015/2.606310/0139/R000000016
R000000018/2.345679/0174/M000000003/R000000005
R000000018/2.345679/0289/M000000003/R000000005
R000000015/2.606310/0147/R000000018
R000000002/5.365036/0212/R000000015/R000000007
R000000001/5.807042/0028/R000000002
R000000022/1.000000/0000/Guesstimate
R000000021/2.222222/0175/M000000003/R000000022
R000000021/2.222222/0290/M000000003/R000000022
R000000023/1.111111/0085/M000000006
R000000024/1.000000/0000/Guesstimate
R000000023/2.345679/0275/R000000005/R000000024
R000000020/3.703704/0212/R000000021/R000000023
R000000020/3.703704/0212/R000000021/R000000023
R000000019/6.584363/0212/R000000020/R000000007
R000000019/6.584363/0212/R000000020/R000000007
R000000001/7.315958/0028/R000000019
Q000000002/5.807042/0000/R000000001
Q000000003/5.807042/0000/R000000001
<NEXT>