#
#  Reaction log file
#  Author: LigBuilder V3 User_Diana
#  Creation time: Fri Apr 10 01:38:46 2026
#  Format:
#  QueryMoleculeId/Cost/SynthesizeId/ReactantId1/ReactantId2/ReactantId3.....
#  Id prefix:
#  Q --- Query Molecule
#  M --- Material
#  R --- Reactant
#
Directory      result/synthesize_PfHDAC1/244/DATABASE/
#
Q000000001/4.130468/0000/R000000001
M000000005/1.000000/0000/Sigma_BB-29509005
R000000004/1.111111/0114/M000000005
R000000006/1.000000/0000/Guesstimate
R000000003/2.345679/0274/R000000004/R000000006
R000000008/1.000000/0000/Guesstimate
R000000007/2.345679/0274/R000000004/R000000008
R000000009/8.800000/0000/Guesstimate
R000000010/1.000000/0000/Guesstimate
R000000007/9.800000/0274/R000000009/R000000010
R000000003/2.606310/0300/R000000007
R000000011/1.000000/0000/Guesstimate
R000000002/3.717421/0003/R000000003/R000000011
R000000014/1.000000/0000/Guesstimate
R000000013/2.345679/0274/R000000004/R000000014
R000000015/1.000000/0000/Guesstimate
R000000013/3.717421/0122/R000000003/R000000015
R000000012/2.606310/0082/R000000013
R000000016/1.000000/0000/Guesstimate
R000000012/3.717421/0112/R000000003/R000000016
R000000017/1.000000/0000/Guesstimate
R000000002/4.007011/0049/R000000012/R000000017
R000000001/4.130468/0041/R000000002
M000000021/1.000000/0000/Sigma_BB-28799055
R000000022/1.000000/0000/Guesstimate
R000000020/2.222222/0274/M000000021/R000000022
R000000019/2.469136/0198/R000000020
M000000024/1.000000/0000/Sigma_BB-28775620
R000000023/2.222222/0274/M000000021/M000000024
R000000025/1.000000/0000/Guesstimate
R000000019/3.580247/0212/R000000023/R000000025
R000000026/1.000000/0000/Guesstimate
R000000018/3.854596/0175/R000000019/R000000026
M000000029/1.000000/0000/Sigma_BB-28838111
R000000028/1.111111/0114/M000000029
R000000030/1.000000/0000/Guesstimate
R000000027/2.345679/0274/R000000028/R000000030
R000000031/2.222222/0274/M000000021/R000000017
R000000027/3.580247/0175/R000000031/R000000026
R000000033/1.000000/0000/Guesstimate
R000000032/2.222222/0004/R000000033/R000000017
R000000035/1.000000/0000/Guesstimate
R000000034/2.222222/0277/R000000033/R000000035
R000000036/1.000000/0000/Guesstimate
R000000034/2.222222/0301/R000000033/R000000036
R000000032/2.469136/0024/R000000034
R000000018/5.075447/0212/R000000027/R000000032
R000000001/4.282884/0139/R000000018
Q000000002/4.130468/0000/R000000037
M000000040/1.000000/0000/Sigma_BB-28945063
M000000042/1.000000/0000/Sigma_BB-28764950
R000000041/1.111111/0197/M000000042
R000000039/2.345679/0004/M000000040/R000000041
R000000043/2.222222/0004/M000000040/M000000042
R000000039/2.469136/0197/R000000043
M000000044/1.000000/0000/Sigma_BB-29253015
R000000038/3.717421/0212/R000000039/M000000044
R000000038/3.717421/0212/R000000039/M000000044
R000000037/4.130468/0028/R000000038
M000000048/1.000000/0000/Sigma_BB-28830366
R000000047/2.222222/0004/M000000040/M000000048
R000000046/2.469136/0085/R000000047
R000000049/2.469136/0087/R000000047
R000000050/1.000000/0000/Guesstimate
R000000046/3.854596/0275/R000000049/R000000050
R000000045/3.854596/0212/R000000046/M000000044
R000000045/3.854596/0212/R000000046/M000000044
R000000037/4.282884/0028/R000000045
Q000000003/6.265983/0000/R000000051
R000000053/2.606310/0197/R000000039
R000000056/1.000000/0000/Guesstimate
R000000055/2.222222/0004/R000000017/R000000056
R000000054/2.469136/0153/R000000055
R000000057/2.469136/0086/R000000055
R000000057/2.469136/0091/R000000055
R000000054/2.743484/0154/R000000057
R000000052/5.639385/0301/R000000053/R000000054
R000000052/5.639385/0301/R000000053/R000000054
R000000051/6.265983/0028/R000000052
R000000059/2.743484/0197/R000000046
R000000058/5.791801/0301/R000000059/R000000054
R000000058/5.791801/0301/R000000059/R000000054
R000000051/6.435335/0028/R000000058
Q000000004/4.420058/0000/R000000060
R000000063/1.111111/0287/M000000005
R000000064/1.000000/0000/Guesstimate
R000000062/2.345679/0004/R000000063/R000000064
M000000067/1.000000/0000/Sigma_BB-28521704
R000000066/1.111111/0293/M000000067
R000000065/1.234568/0099/R000000066
R000000065/8.777778/0090/R000000068
R000000061/3.978052/0003/R000000062/R000000065
M000000071/1.000000/0000/Sigma_BB-28247348
R000000070/1.111111/0085/M000000071
R000000072/1.000000/0000/Guesstimate
R000000070/2.222222/0004/R000000017/R000000072
R000000069/3.840878/0212/R000000062/R000000070
M000000074/1.000000/0000/Sigma_BB-28775379
R000000073/3.717421/0212/R000000062/M000000074
R000000073/3.717421/0212/R000000062/M000000074
R000000069/4.130468/0100/R000000073
M000000077/1.000000/0000/Sigma_BB-28934216
R000000076/1.111111/0099/M000000077
R000000075/2.345679/0003/R000000011/R000000076
R000000079/1.000000/0000/Guesstimate
R000000078/2.482853/0004/R000000079/R000000065
R000000078/2.482853/0277/R000000079/R000000065
R000000075/2.758726/0009/R000000078
R000000061/6.873952/0049/R000000069/R000000075
R000000060/4.420058/0099/R000000061
M000000085/1.000000/0000/Sigma_BB-29509312
R000000084/2.222222/0175/M000000085/R000000026
R000000084/2.222222/0290/M000000085/R000000026
R000000083/2.469136/0139/R000000084
M000000087/1.000000/0000/Sigma_BB-48767194
R000000086/2.222222/0175/M000000085/M000000087
R000000086/2.222222/0290/M000000085/M000000087
R000000083/2.469136/0150/R000000086
R000000088/1.000000/0000/Guesstimate
R000000082/3.854596/0232/R000000083/R000000088
R000000081/5.393995/0122/R000000082/R000000015
R000000089/5.393995/0301/R000000082/R000000033
R000000089/5.393995/0301/R000000082/R000000033
R000000081/5.993328/0139/R000000089
M000000092/1.000000/0000/Sigma_BB-28775951
R000000091/1.111111/0093/M000000092
M000000093/1.000000/0000/Sigma_BB-137746741
R000000091/1.111111/0093/M000000093
R000000090/1.234568/0001/R000000091
R000000095/1.000000/0000/Guesstimate
R000000094/2.222222/0003/R000000095/M000000071
R000000096/1.000000/0000/Guesstimate
M000000097/1.000000/0000/Sigma_BB-28760112
R000000094/2.222222/0042/R000000096/M000000097
R000000090/2.469136/0002/R000000094
R000000080/7.365071/0042/R000000081/R000000090
R000000060/8.183413/0099/R000000080
<NEXT>