#
#  Reaction log file
#  Author: LigBuilder V3 User_Diana
#  Creation time: Fri Apr 10 01:38:40 2026
#  Format:
#  QueryMoleculeId/Cost/SynthesizeId/ReactantId1/ReactantId2/ReactantId3.....
#  Id prefix:
#  Q --- Query Molecule
#  M --- Material
#  R --- Reactant
#
Directory      result/synthesize_PfHDAC1/249/DATABASE/
#
Q000000001/Analysis Failed
Q000000002/Analysis Failed
Q000000003/2.758726/0000/R000000001
M000000003/1.000000/0000/Sigma_BB-371180382
M000000006/1.000000/0000/Sigma_BB-332441958
R000000005/1.111111/0228/M000000006
R000000005/1.111111/0286/M000000006
R000000004/1.234568/0156/R000000005
M000000008/1.000000/0000/Sigma_BB-28493762
R000000007/1.111111/0228/M000000008
R000000007/1.111111/0286/M000000008
R000000004/1.234568/0193/R000000007
R000000002/2.482853/0119/M000000003/R000000004
M000000009/1.000000/0000/Sigma_BB-28426400
R000000002/2.482853/0221/M000000009/R000000004
R000000001/2.758726/0028/R000000002
M000000013/1.000000/0000/Sigma_BB-28799083
R000000012/1.111111/0291/M000000013
R000000012/1.111111/0291/M000000013
R000000011/1.234568/0156/R000000012
R000000015/1.000000/0000/Guesstimate
M000000016/1.000000/0000/Sigma_BB-152437451
R000000014/2.222222/0004/R000000015/M000000016
R000000014/2.222222/0277/R000000015/M000000016
R000000011/2.469136/0197/R000000014
R000000010/2.482853/0119/M000000003/R000000011
R000000010/2.482853/0221/M000000009/R000000011
R000000001/2.758726/0028/R000000010
<NEXT>