#
#  Reaction log file
#  Author: LigBuilder V3 User_Diana
#  Creation time: Fri Apr 10 01:37:27 2026
#  Format:
#  QueryMoleculeId/Cost/SynthesizeId/ReactantId1/ReactantId2/ReactantId3.....
#  Id prefix:
#  Q --- Query Molecule
#  M --- Material
#  R --- Reactant
#
Directory      result/synthesize_PfHDAC1/204/DATABASE/
#
Q000000001/2.482853/0000/R000000001
M000000004/1.000000/0000/Sigma_BB-29509005
R000000003/1.111111/0074/M000000004
R000000005/1.111111/0287/M000000004
R000000006/1.000000/0000/Guesstimate
R000000003/2.345679/0112/R000000005/R000000006
R000000002/1.234568/0040/R000000003
R000000008/1.111111/0114/M000000004
R000000009/1.000000/0000/Guesstimate
R000000007/2.345679/0004/R000000008/R000000009
R000000011/1.000000/0000/Guesstimate
R000000010/2.222222/0175/M000000004/R000000011
R000000010/2.222222/0290/M000000004/R000000011
R000000007/2.469136/0040/R000000010
R000000002/2.606310/0073/R000000007
R000000012/1.000000/0000/Guesstimate
R000000001/2.482853/0003/R000000002/R000000012
M000000016/1.000000/0000/Sigma_BB-27113924
M000000017/1.000000/0000/Sigma_BB-28830366
R000000015/2.222222/0004/M000000016/M000000017
R000000014/2.469136/0197/R000000015
M000000018/1.000000/0000/Sigma_BB-28776692
R000000013/3.854596/0112/R000000014/M000000018
R000000019/2.743484/0125/R000000014
R000000019/3.854596/0112/R000000014/R000000006
R000000022/1.000000/0000/Guesstimate
R000000023/1.000000/0000/Guesstimate
R000000021/2.222222/0003/R000000022/R000000023
R000000024/1.000000/0000/Guesstimate
M000000025/1.000000/0000/Sigma_BB-28775620
R000000021/2.222222/0049/R000000024/M000000025
R000000020/2.469136/0147/R000000021
R000000027/1.000000/0000/Guesstimate
R000000028/1.000000/0000/Guesstimate
R000000026/2.222222/0003/R000000027/R000000028
M000000029/1.000000/0000/Sigma_BB-28792542
R000000030/1.000000/0000/Guesstimate
R000000026/2.222222/0112/M000000029/R000000030
R000000020/2.469136/0147/R000000026
R000000013/5.791801/0138/R000000019/R000000020
R000000001/4.282884/0028/R000000013
Q000000002/4.267642/0000/R000000031
M000000035/1.000000/0000/Sigma_BB-119205282
R000000034/1.111111/0086/M000000035
R000000034/1.111111/0091/M000000035
R000000036/1.000000/0000/Guesstimate
R000000033/2.345679/0112/R000000034/R000000036
R000000038/1.000000/0000/Guesstimate
R000000039/1.000000/0000/Guesstimate
R000000037/2.222222/0262/R000000038/R000000039
R000000040/1.000000/0000/Guesstimate
R000000041/1.000000/0000/Guesstimate
R000000037/2.222222/0262/R000000040/R000000041
R000000033/2.469136/0082/R000000037
R000000032/2.606310/0147/R000000033
R000000044/1.000000/0000/Guesstimate
R000000043/2.222222/0301/R000000028/R000000044
R000000043/2.222222/0301/R000000028/R000000044
R000000042/2.469136/0082/R000000043
R000000046/1.000000/0000/Guesstimate
R000000047/1.000000/0000/Guesstimate
R000000045/2.222222/0112/R000000046/R000000047
R000000042/2.469136/0147/R000000045
R000000032/2.743484/0147/R000000042
R000000031/4.267642/0003/R000000002/R000000032
R000000049/3.048316/0040/R000000019
R000000050/3.854596/0004/R000000014/R000000009
R000000051/1.000000/0000/Guesstimate
R000000052/1.000000/0000/Guesstimate
R000000050/4.965707/0225/R000000014/R000000051/R000000052
R000000049/4.282884/0216/R000000050
R000000048/6.282918/0003/R000000049/R000000032
R000000053/3.387018/0091/R000000049
R000000055/1.000000/0000/Guesstimate
R000000054/3.854596/0112/R000000014/R000000055
R000000053/4.282884/0197/R000000054
R000000058/1.000000/0000/Guesstimate
R000000057/2.222222/0003/R000000023/R000000058
R000000059/1.000000/0000/Guesstimate
R000000057/2.222222/0049/R000000059/M000000025
R000000056/2.469136/0147/R000000057
R000000060/2.222222/0003/M000000035/R000000036
R000000060/2.345679/0112/R000000034/R000000028
R000000056/2.469136/0147/R000000060
R000000048/6.506838/0112/R000000053/R000000056
R000000031/6.981020/0028/R000000048
Q000000003/4.420059/0000/R000000061
M000000065/1.000000/0000/Sigma_BB-28801207
R000000064/2.222222/0301/R000000028/M000000065
R000000064/2.222222/0301/R000000028/M000000065
R000000063/2.469136/0079/R000000064
M000000067/1.000000/0000/Sigma_BB-28800266
R000000068/1.000000/0000/Guesstimate
R000000066/2.222222/0122/M000000067/R000000068
R000000069/1.000000/0000/Guesstimate
R000000066/2.222222/0301/R000000028/R000000069
R000000063/2.469136/0082/R000000066
R000000062/2.743484/0041/R000000063
R000000072/1.000000/0000/Guesstimate
R000000071/2.222222/0112/R000000046/R000000072
R000000070/2.469136/0041/R000000071
R000000074/1.000000/0000/Guesstimate
R000000073/2.222222/0301/M000000065/R000000074
R000000073/2.222222/0301/M000000065/R000000074
R000000070/3.580247/0112/R000000073/R000000036
R000000062/2.743484/0147/R000000070
R000000061/4.420059/0003/R000000002/R000000062
R000000075/6.435334/0003/R000000049/R000000062
R000000078/1.000000/0000/Guesstimate
R000000077/2.222222/0301/R000000078/R000000072
R000000077/3.854596/0301/R000000063/R000000036
R000000076/2.469136/0041/R000000077
R000000080/1.000000/0000/Guesstimate
R000000079/2.222222/0003/R000000023/R000000080
R000000081/1.000000/0000/Guesstimate
R000000079/2.222222/0301/R000000081/R000000080
R000000076/2.469136/0147/R000000079
R000000075/6.506838/0112/R000000053/R000000076
R000000061/7.150372/0028/R000000075
<NEXT>