#
#  Reaction log file
#  Author: LigBuilder V3 User_Diana
#  Creation time: Fri Apr 10 01:37:28 2026
#  Format:
#  QueryMoleculeId/Cost/SynthesizeId/ReactantId1/ReactantId2/ReactantId3.....
#  Id prefix:
#  Q --- Query Molecule
#  M --- Material
#  R --- Reactant
#
Directory      result/synthesize_PfHDAC1/207/DATABASE/
#
Q000000001/7.468375/0000/R000000001
M000000005/1.000000/0000/Sigma_BB-29509005
R000000004/1.111111/0287/M000000005
R000000006/1.000000/0000/Guesstimate
R000000003/2.345679/0004/R000000004/R000000006
M000000009/1.000000/0000/Sigma_BB-28764950
R000000008/1.111111/0085/M000000009
R000000011/1.000000/0000/Guesstimate
R000000012/1.000000/0000/Guesstimate
R000000010/2.222222/0004/R000000011/R000000012
R000000013/1.000000/0000/Guesstimate
R000000014/1.000000/0000/Guesstimate
R000000010/3.333333/0225/R000000013/R000000012/R000000014
R000000007/3.703704/0212/R000000008/R000000010
R000000007/3.703704/0212/R000000008/R000000010
R000000002/6.721537/0212/R000000003/R000000007
R000000002/6.721537/0212/R000000003/R000000007
R000000001/7.468375/0028/R000000002
R000000017/3.580247/0212/M000000009/R000000010
R000000017/3.580247/0212/M000000009/R000000010
R000000016/3.978053/0085/R000000017
R000000019/1.000000/0000/Guesstimate
R000000018/5.089163/0004/R000000017/R000000019
R000000016/5.654626/0197/R000000018
R000000015/7.026369/0212/R000000003/R000000016
R000000015/7.026369/0212/R000000003/R000000016
R000000001/7.807076/0028/R000000015
Q000000002/7.468375/0000/R000000001
Q000000003/7.468375/0000/R000000020
R000000023/1.000000/0000/Guesstimate
R000000022/2.345679/0004/R000000004/R000000023
R000000025/1.000000/0000/Guesstimate
R000000024/2.222222/0175/M000000005/R000000025
R000000024/2.345679/0004/R000000004/R000000011
R000000026/1.000000/0000/Guesstimate
R000000022/3.580247/0004/R000000024/R000000026
R000000029/1.000000/0000/Guesstimate
R000000028/2.222222/0004/R000000011/R000000029
R000000028/3.333333/0225/R000000013/R000000029/R000000014
R000000027/3.703704/0212/R000000008/R000000028
R000000027/3.703704/0212/R000000008/R000000028
R000000021/6.721537/0212/R000000022/R000000027
R000000021/6.721537/0212/R000000022/R000000027
R000000020/7.468375/0028/R000000021
R000000032/3.580247/0212/M000000009/R000000028
R000000032/3.580247/0212/M000000009/R000000028
R000000031/3.978053/0085/R000000032
R000000033/5.089163/0004/R000000032/R000000019
R000000031/5.654626/0197/R000000033
R000000030/7.026369/0212/R000000022/R000000031
R000000030/7.026369/0212/R000000022/R000000031
R000000020/7.807076/0028/R000000030
<NEXT>