#
#  Reaction log file
#  Author: LigBuilder V3 User_Diana
#  Creation time: Fri Apr 10 01:34:07 2026
#  Format:
#  QueryMoleculeId/Cost/SynthesizeId/ReactantId1/ReactantId2/ReactantId3.....
#  Id prefix:
#  Q --- Query Molecule
#  M --- Material
#  R --- Reactant
#
Directory      result/synthesize_PfHDAC1/80/DATABASE/
#
Q000000001/Analysis Failed
Q000000002/4.621586/0000/R000000001
R000000003/1.000000/0000/Guesstimate
R000000007/1.000000/0000/Guesstimate
R000000008/1.000000/0000/Guesstimate
R000000006/2.222222/0112/R000000007/R000000008
R000000005/2.469136/0054/R000000006
R000000004/2.743484/0009/R000000005
R000000009/1.000000/0000/Guesstimate
R000000004/3.580247/0049/R000000009/R000000006
R000000002/4.159427/0122/R000000003/R000000004
R000000011/1.000000/0000/Guesstimate
R000000012/1.000000/0000/Guesstimate
R000000010/2.222222/0001/R000000011/R000000012
R000000013/1.000000/0000/Guesstimate
R000000010/2.222222/0004/R000000011/R000000013
R000000015/1.000000/0000/Guesstimate
R000000014/3.580247/0256/R000000015/R000000006
R000000002/6.447188/0042/R000000010/R000000014
R000000001/4.621586/0059/R000000002
R000000018/1.000000/0000/Guesstimate
R000000017/4.159427/0122/R000000018/R000000004
R000000017/4.159427/0122/R000000018/R000000004
R000000016/4.621586/0082/R000000017
M000000021/1.000000/0000/Sigma_BB-28516749
R000000020/1.111111/0156/M000000021
R000000022/1.000000/0000/Guesstimate
R000000020/1.111111/0228/R000000022
R000000019/1.234568/0024/R000000020
R000000023/1.000000/0000/Guesstimate
R000000019/2.222222/0004/R000000009/R000000023
R000000026/1.000000/0000/Guesstimate
R000000025/4.159427/0122/R000000004/R000000026
R000000025/4.159427/0122/R000000004/R000000026
R000000024/4.621586/0009/R000000025
R000000028/2.222222/0001/R000000009/R000000012
R000000028/2.222222/0004/R000000009/R000000013
R000000027/4.938272/0049/R000000028/R000000006
R000000024/5.486969/0099/R000000027
R000000016/6.506838/0049/R000000019/R000000024
R000000001/5.135096/0059/R000000016
Q000000003/4.621586/0000/R000000001
<NEXT>