#
#  Reaction log file
#  Author: LigBuilder V3 User_Diana
#  Creation time: Fri Apr 10 01:34:03 2026
#  Format:
#  QueryMoleculeId/Cost/SynthesizeId/ReactantId1/ReactantId2/ReactantId3.....
#  Id prefix:
#  Q --- Query Molecule
#  M --- Material
#  R --- Reactant
#
Directory      result/synthesize_PfHDAC1/78/DATABASE/
#
Q000000001/4.282884/0000/R000000001
R000000005/1.000000/0000/Guesstimate
M000000006/1.000000/0000/Sigma_BB-308324375
R000000004/2.222222/0112/R000000005/M000000006
M000000007/1.000000/0000/Sigma_BB-28766578
R000000004/2.222222/0174/R000000005/M000000007
R000000003/2.469136/0147/R000000004
M000000009/1.000000/0000/Sigma_BB-28423565
R000000008/2.222222/0175/R000000005/M000000009
R000000008/2.222222/0290/R000000005/M000000009
R000000010/1.000000/0000/Guesstimate
R000000003/3.580247/0119/R000000008/R000000010
R000000011/1.000000/0000/Guesstimate
R000000002/3.854596/0112/R000000003/R000000011
R000000014/1.000000/0000/Guesstimate
R000000015/1.000000/0000/Guesstimate
R000000013/2.222222/0003/R000000014/R000000015
R000000016/1.000000/0000/Guesstimate
R000000017/1.000000/0000/Guesstimate
R000000013/2.222222/0049/R000000016/R000000017
R000000019/1.000000/0000/Guesstimate
R000000020/1.000000/0000/Guesstimate
R000000018/2.222222/0279/R000000019/R000000020
R000000018/2.222222/0279/R000000019/R000000020
R000000012/4.938272/0159/R000000013/R000000018
R000000002/5.486969/0082/R000000012
R000000001/4.282884/0059/R000000002
R000000024/1.111111/0125/R000000005
R000000024/2.222222/0112/R000000005/R000000011
M000000025/1.000000/0000/Sigma_BB-27340854
R000000023/2.345679/0175/R000000024/M000000025
R000000023/2.345679/0290/R000000024/M000000025
R000000022/2.606310/0059/R000000023
R000000027/1.234568/0059/R000000024
R000000029/1.000000/0000/Guesstimate
R000000028/1.111111/0040/R000000029
R000000031/1.000000/0000/Guesstimate
R000000030/2.222222/0004/R000000031/R000000015
R000000032/1.000000/0000/Guesstimate
R000000033/1.000000/0000/Guesstimate
R000000030/3.333333/0225/R000000031/R000000032/R000000033
R000000028/2.469136/0216/R000000030
R000000027/1.234568/0091/R000000028
M000000034/1.000000/0000/Sigma_BB-28760249
R000000026/2.482853/0175/R000000027/M000000034
R000000026/2.482853/0290/R000000027/M000000034
R000000022/3.869837/0112/R000000026/R000000011
R000000021/2.895900/0040/R000000022
R000000035/2.606310/0040/R000000023
R000000035/4.282884/0024/R000000002
R000000021/2.895900/0059/R000000035
R000000001/4.328778/0119/R000000021/R000000010
Q000000002/4.130468/0000/R000000036
M000000039/1.000000/0000/Sigma_BB-183975848
R000000038/2.345679/0175/R000000024/M000000039
R000000038/4.282884/0287/R000000002
R000000040/1.000000/0000/Guesstimate
R000000037/3.717421/0112/R000000038/R000000040
R000000042/2.222222/0175/R000000005/M000000039
R000000042/2.743484/0287/R000000003
R000000041/3.580247/0112/R000000042/R000000040
R000000043/3.580247/0174/R000000008/R000000040
R000000043/3.580247/0289/R000000008/R000000040
R000000041/5.089163/0119/R000000043/R000000010
R000000037/5.089163/0112/R000000041/R000000011
R000000036/4.130468/0059/R000000037
R000000046/1.000000/0000/Guesstimate
R000000045/2.222222/0004/M000000039/R000000046
R000000047/2.222222/0004/M000000039/R000000015
R000000048/1.000000/0000/Guesstimate
R000000047/2.222222/0175/M000000007/R000000048
R000000045/2.469136/0085/R000000047
R000000044/3.840878/0175/R000000027/R000000045
R000000049/2.606310/0059/R000000038
M000000051/1.000000/0000/Sigma_BB-72504043
R000000050/2.482853/0175/R000000027/M000000051
R000000050/3.217667/0287/R000000021
R000000049/3.869837/0119/R000000050/R000000010
R000000044/4.007011/0004/R000000049/R000000046
R000000052/1.000000/0000/Guesstimate
R000000036/5.378754/0049/R000000044/R000000052
Q000000003/4.130468/0000/R000000036
Q000000004/4.130468/0000/R000000036
<NEXT>