#
#  Reaction log file
#  Author: LigBuilder V3 User_Diana
#  Creation time: Fri Apr 10 01:36:50 2026
#  Format:
#  QueryMoleculeId/Cost/SynthesizeId/ReactantId1/ReactantId2/ReactantId3.....
#  Id prefix:
#  Q --- Query Molecule
#  M --- Material
#  R --- Reactant
#
Directory      result/synthesize_PfHDAC1/183/DATABASE/
#
Q000000001/4.267643/0000/R000000001
M000000005/1.000000/0000/Sigma_BB-161238457
R000000004/1.111111/0299/M000000005
R000000003/1.234568/0114/R000000004
R000000006/1.111111/0114/M000000005
R000000003/1.234568/0299/R000000006
R000000008/1.000000/0000/Guesstimate
R000000009/1.000000/0000/Guesstimate
R000000007/2.222222/0004/R000000008/R000000009
R000000011/1.000000/0000/Guesstimate
R000000010/2.222222/0003/R000000011/R000000009
R000000007/2.469136/0040/R000000010
R000000002/3.840878/0274/R000000003/R000000007
R000000001/4.267643/0147/R000000002
R000000015/1.000000/0000/Guesstimate
R000000014/2.482853/0274/R000000003/R000000015
R000000013/2.758726/0147/R000000014
R000000018/1.000000/0000/Guesstimate
R000000017/2.222222/0112/R000000018/R000000009
R000000016/2.469136/0197/R000000017
R000000019/2.469136/0216/R000000007
R000000016/2.743484/0091/R000000019
R000000012/5.808736/0112/R000000013/R000000016
R000000001/6.454152/0147/R000000012
Q000000002/4.267643/0000/R000000001
Q000000003/4.267643/0000/R000000001
<NEXT>