#
#  Reaction log file
#  Author: LigBuilder V3 User_Diana
#  Creation time: Fri Apr 10 01:38:08 2026
#  Format:
#  QueryMoleculeId/Cost/SynthesizeId/ReactantId1/ReactantId2/ReactantId3.....
#  Id prefix:
#  Q --- Query Molecule
#  M --- Material
#  R --- Reactant
#
Directory      result/synthesize_PfHDAC1/222/DATABASE/
#
Q000000001/4.267642/0000/R000000001
M000000004/1.000000/0000/Sigma_BB-29509005
R000000003/1.111111/0074/M000000004
R000000005/1.111111/0287/M000000004
R000000006/1.000000/0000/Guesstimate
R000000003/2.345679/0112/R000000005/R000000006
R000000002/1.234568/0040/R000000003
R000000008/1.111111/0114/M000000004
R000000009/1.000000/0000/Guesstimate
R000000007/2.345679/0004/R000000008/R000000009
R000000011/1.000000/0000/Guesstimate
R000000010/2.222222/0175/M000000004/R000000011
R000000010/2.222222/0290/M000000004/R000000011
R000000007/2.469136/0040/R000000010
R000000002/2.606310/0073/R000000007
R000000015/1.000000/0000/Guesstimate
R000000014/1.111111/0228/R000000015
R000000014/1.111111/0286/R000000015
R000000016/1.000000/0000/Guesstimate
R000000013/2.345679/0276/R000000014/R000000016
R000000017/2.222222/0276/R000000015/R000000016
R000000017/2.222222/0278/R000000015/R000000016
R000000013/2.469136/0228/R000000017
R000000012/2.606310/0276/R000000013
R000000018/2.469136/0276/R000000017
R000000019/2.222222/0276/R000000015/R000000016
R000000019/2.222222/0278/R000000015/R000000016
R000000018/2.469136/0276/R000000019
R000000012/2.743484/0228/R000000018
R000000001/4.267642/0003/R000000002/R000000012
M000000023/1.000000/0000/Sigma_BB-27113924
M000000024/1.000000/0000/Sigma_BB-28830366
R000000022/2.222222/0004/M000000023/M000000024
R000000021/2.469136/0197/R000000022
R000000026/4.007011/0004/R000000012/R000000009
R000000027/1.000000/0000/Guesstimate
R000000028/1.000000/0000/Guesstimate
R000000026/5.118122/0225/R000000012/R000000027/R000000028
R000000025/4.452235/0086/R000000026
R000000025/4.452235/0091/R000000026
R000000020/7.690413/0112/R000000021/R000000025
R000000029/3.854596/0112/R000000021/R000000006
R000000031/1.000000/0000/Guesstimate
R000000030/3.854596/0004/R000000021/R000000031
R000000029/4.282884/0009/R000000030
R000000034/1.000000/0000/Guesstimate
R000000033/3.717421/0301/R000000013/R000000034
R000000033/3.717421/0301/R000000013/R000000034
R000000032/4.130468/0276/R000000033
R000000032/4.130468/0278/R000000033
R000000020/8.872293/0138/R000000029/R000000032
R000000001/8.544904/0028/R000000020
Q000000002/7.378263/0000/R000000035
R000000038/1.371742/0153/R000000002
R000000040/1.000000/0000/Guesstimate
R000000039/1.111111/0040/R000000040
R000000041/1.000000/0000/Guesstimate
R000000042/1.000000/0000/Guesstimate
R000000039/2.222222/0004/R000000041/R000000042
R000000037/2.758726/0231/R000000038/R000000039
R000000044/2.895900/0118/R000000012
R000000044/4.007011/0112/R000000012/R000000006
R000000043/3.217667/0040/R000000044
R000000045/4.452235/0093/R000000026
R000000045/4.946928/0092/R000000025
R000000043/4.946928/0073/R000000045
R000000036/6.640437/0212/R000000037/R000000043
R000000036/6.640437/0212/R000000037/R000000043
R000000035/7.378263/0082/R000000036
R000000048/4.007011/0004/R000000012/R000000041
R000000048/4.007011/0277/R000000012/R000000041
R000000047/4.452235/0086/R000000048
R000000047/4.452235/0091/R000000048
R000000046/7.690413/0112/R000000021/R000000047
R000000051/1.000000/0000/Guesstimate
R000000050/3.854596/0112/R000000021/R000000051
R000000049/4.282884/0197/R000000050
R000000052/4.282884/0040/R000000029
R000000049/4.758760/0091/R000000052
R000000055/1.000000/0000/Guesstimate
R000000054/4.007011/0301/R000000012/R000000055
R000000054/4.007011/0301/R000000012/R000000055
R000000053/4.452235/0155/R000000054
R000000053/4.452235/0197/R000000048
R000000046/9.705688/0112/R000000049/R000000053
R000000035/8.544904/0028/R000000046
Q000000003/7.378263/0000/R000000035
<NEXT>