#
#  Reaction log file
#  Author: LigBuilder V3 User_Diana
#  Creation time: Fri Apr 10 01:37:42 2026
#  Format:
#  QueryMoleculeId/Cost/SynthesizeId/ReactantId1/ReactantId2/ReactantId3.....
#  Id prefix:
#  Q --- Query Molecule
#  M --- Material
#  R --- Reactant
#
Directory      result/synthesize_PfHDAC1/217/DATABASE/
#
Q000000001/5.791801/0000/R000000001
M000000005/1.000000/0000/Sigma_BB-27328084
R000000006/1.000000/0000/Guesstimate
R000000004/2.222222/0175/M000000005/R000000006
R000000004/2.222222/0290/M000000005/R000000006
R000000003/2.469136/0139/R000000004
R000000007/8.800000/0000/Guesstimate
R000000003/9.777779/0168/R000000007
R000000002/2.743484/0040/R000000003
M000000010/1.000000/0000/Sigma_BB-29509005
R000000011/1.000000/0000/Guesstimate
R000000009/2.222222/0274/M000000010/R000000011
R000000013/1.000000/0000/Guesstimate
R000000012/1.111111/0040/R000000013
R000000014/1.000000/0000/Guesstimate
R000000015/1.000000/0000/Guesstimate
R000000012/2.222222/0004/R000000014/R000000015
R000000008/3.703704/0175/R000000009/R000000012
R000000016/2.345679/0175/M000000010/R000000012
R000000016/2.345679/0290/M000000010/R000000012
R000000008/3.717421/0274/R000000016/R000000011
R000000002/4.115227/0073/R000000008
R000000019/1.000000/0000/Guesstimate
R000000020/1.000000/0000/Guesstimate
R000000018/2.222222/0112/R000000019/R000000020
R000000021/2.222222/0112/R000000006/R000000020
R000000018/2.469136/0155/R000000021
R000000017/2.469136/0147/R000000018
R000000024/1.000000/0000/Guesstimate
R000000023/2.222222/0003/R000000024/R000000020
R000000022/2.469136/0041/R000000023
R000000022/2.469136/0147/R000000021
R000000017/2.743484/0155/R000000022
R000000001/5.791801/0003/R000000002/R000000017
M000000028/1.000000/0000/Sigma_BB-27414986
M000000029/1.000000/0000/Sigma_BB-28830366
R000000027/2.222222/0004/M000000028/M000000029
R000000026/2.469136/0197/R000000027
R000000032/1.000000/0000/Guesstimate
R000000031/2.222222/0003/R000000032/R000000020
R000000030/2.469136/0147/R000000031
R000000034/1.000000/0000/Guesstimate
R000000033/3.580247/0301/R000000018/R000000034
R000000033/3.580247/0301/R000000018/R000000034
R000000030/3.978053/0147/R000000033
R000000025/5.486969/0138/R000000026/R000000030
R000000001/6.096632/0028/R000000025
Q000000002/6.282918/0000/R000000035
R000000038/1.111111/0074/M000000010
R000000038/1.111111/0167/M000000010
R000000037/1.234568/0040/R000000038
M000000040/1.000000/0000/Sigma_BB-28760241
R000000039/2.222222/0175/M000000040/R000000006
R000000039/2.222222/0290/M000000040/R000000006
R000000037/2.469136/0139/R000000039
R000000036/1.371742/0091/R000000037
R000000042/1.111111/0091/M000000040
M000000043/1.000000/0000/Sigma_BB-326697832
R000000042/1.111111/0299/M000000043
R000000041/2.345679/0175/R000000042/R000000006
R000000041/2.469136/0091/R000000039
R000000036/2.606310/0139/R000000041
R000000048/1.000000/0000/Guesstimate
R000000047/2.222222/0276/R000000048/R000000015
R000000047/2.222222/0278/R000000048/R000000015
R000000046/2.469136/0276/R000000047
R000000049/2.222222/0276/R000000048/R000000015
R000000049/2.222222/0278/R000000048/R000000015
R000000046/2.469136/0276/R000000049
R000000050/1.000000/0000/Guesstimate
R000000045/3.854596/0112/R000000046/R000000050
R000000051/2.743484/0217/R000000046
R000000052/10.000000/0000/Guesstimate
R000000051/10.000000/0125/R000000052
R000000054/1.000000/0000/Guesstimate
R000000055/1.000000/0000/Guesstimate
R000000053/2.222222/0004/R000000054/R000000055
R000000053/2.222222/0277/R000000054/R000000055
R000000045/5.517452/0049/R000000051/R000000053
R000000044/4.282884/0147/R000000045
R000000057/1.000000/0000/Guesstimate
R000000056/4.159427/0138/R000000051/R000000057
R000000059/1.000000/0000/Guesstimate
R000000058/4.159427/0138/R000000051/R000000059
R000000056/4.621586/0155/R000000058
R000000044/4.621586/0147/R000000056
R000000035/6.282918/0112/R000000036/R000000044
M000000064/1.000000/0000/Sigma_BB-29509312
R000000063/2.222222/0175/M000000064/R000000006
R000000063/2.222222/0290/M000000064/R000000006
R000000065/1.000000/0000/Guesstimate
R000000062/3.580247/0231/R000000063/R000000065
R000000061/3.978053/0139/R000000062
M000000068/1.000000/0000/Sigma_BB-48767194
R000000067/2.222222/0175/M000000064/M000000068
R000000067/2.222222/0290/M000000064/M000000068
R000000066/3.580247/0231/R000000067/R000000065
R000000061/3.978053/0150/R000000066
R000000060/7.163543/0301/R000000061/R000000046
R000000060/7.163543/0301/R000000061/R000000046
R000000035/7.959492/0082/R000000060
Q000000003/4.115227/0000/R000000069
R000000069/4.115227/0003/R000000037/R000000017
M000000074/1.000000/0000/Sigma_BB-27113924
R000000073/2.222222/0004/M000000074/M000000029
R000000072/2.469136/0197/R000000073
R000000071/2.743484/0125/R000000072
R000000075/1.000000/0000/Guesstimate
R000000071/3.854596/0112/R000000072/R000000075
R000000070/5.791801/0138/R000000071/R000000030
R000000077/3.854596/0004/R000000017/R000000014
R000000078/1.000000/0000/Guesstimate
R000000079/1.000000/0000/Guesstimate
R000000077/4.965707/0225/R000000017/R000000078/R000000079
R000000076/4.282884/0086/R000000077
R000000076/4.282884/0091/R000000077
R000000070/7.502244/0112/R000000072/R000000076
R000000069/6.435335/0028/R000000070
Q000000004/4.115227/0000/R000000069
<NEXT>