#
#  Reaction log file
#  Author: LigBuilder V3 User_Diana
#  Creation time: Fri Apr 10 15:51:06 2026
#  Format:
#  QueryMoleculeId/Cost/SynthesizeId/ReactantId1/ReactantId2/ReactantId3.....
#  Id prefix:
#  Q --- Query Molecule
#  M --- Material
#  R --- Reactant
#
Directory      result/synthesize_PfHDAC1/51/DATABASE/
#
Q000000001/8.317012/0000/R000000001
M000000006/1.000000/0000/Sigma_BB-28666432
R000000007/1.000000/0000/Guesstimate
R000000005/2.222222/0057/M000000006/R000000007
R000000010/1.000000/0000/Guesstimate
R000000009/1.111111/0228/R000000010
R000000009/1.111111/0286/R000000010
R000000008/1.234568/0039/R000000009
R000000012/1.000000/0000/Guesstimate
R000000013/1.000000/0000/Guesstimate
R000000011/2.222222/0112/R000000012/R000000013
R000000014/1.000000/0000/Guesstimate
R000000015/1.000000/0000/Guesstimate
R000000011/2.222222/0112/R000000014/R000000015
R000000008/2.469136/0059/R000000011
R000000004/3.840878/0274/R000000005/R000000008
R000000017/2.345679/0274/M000000006/R000000009
R000000016/2.606310/0039/R000000017
R000000018/3.580247/0274/M000000006/R000000011
R000000016/3.978053/0059/R000000018
R000000004/4.007011/0057/R000000016/R000000007
R000000003/4.267643/0197/R000000004
R000000021/1.000000/0000/Guesstimate
R000000022/1.000000/0000/Guesstimate
R000000020/2.222222/0170/R000000021/R000000022
R000000023/1.000000/0000/Guesstimate
R000000024/1.000000/0000/Guesstimate
R000000020/2.222222/0170/R000000023/R000000024
R000000019/2.469136/0170/R000000020
R000000025/7.000000/0000/Guesstimate
R000000019/7.777778/0155/R000000025
R000000002/7.485311/0301/R000000003/R000000019
R000000002/7.485311/0301/R000000003/R000000019
R000000001/8.317012/0219/R000000002
R000000001/8.317012/0219/R000000002
Q000000002/8.317012/0000/R000000001
Q000000003/2.743484/0000/R000000026
R000000029/1.000000/0000/Guesstimate
R000000030/1.000000/0000/Guesstimate
R000000028/2.222222/0285/R000000029/R000000030
R000000032/1.000000/0000/Guesstimate
R000000031/2.222222/0285/R000000029/R000000032
R000000033/1.000000/0000/Guesstimate
R000000028/3.580247/0279/R000000031/R000000033
R000000027/2.469136/0228/R000000028
R000000034/2.469136/0198/R000000028
R000000034/2.469136/0298/R000000028
R000000027/2.743484/0155/R000000034
R000000026/2.743484/0156/R000000027
R000000038/1.000000/0000/Guesstimate
R000000037/1.111111/0291/R000000038
R000000037/1.111111/0291/R000000038
R000000036/1.234568/0156/R000000037
R000000039/10.000000/0000/Guesstimate
R000000036/10.000000/0228/R000000039
R000000040/1.000000/0000/Guesstimate
R000000035/2.482853/0301/R000000036/R000000040
R000000041/2.345679/0301/R000000037/R000000040
R000000041/2.345679/0301/R000000037/R000000040
R000000035/2.606310/0156/R000000041
R000000026/2.758726/0260/R000000035
Q000000004/2.743484/0000/R000000026
<NEXT>