#
#  Reaction log file
#  Author: LigBuilder V3 User_Diana
#  Creation time: Fri Apr 10 15:50:34 2026
#  Format:
#  QueryMoleculeId/Cost/SynthesizeId/ReactantId1/ReactantId2/ReactantId3.....
#  Id prefix:
#  Q --- Query Molecule
#  M --- Material
#  R --- Reactant
#
Directory      result/synthesize_PfHDAC1/4/DATABASE/
#
Q000000001/2.743484/0000/R000000001
M000000004/1.000000/0000/Sigma_BB-70737316
R000000003/1.111111/0222/M000000004
M000000006/1.000000/0000/Sigma_BB-88360680
R000000005/1.111111/0222/M000000006
M000000007/1.000000/0000/Sigma_BB-28246511
R000000005/1.111111/0287/M000000007
R000000003/1.234568/0299/R000000005
M000000009/1.000000/0000/Sigma_BB-28830366
R000000008/1.111111/0087/M000000009
R000000010/1.111111/0085/M000000009
R000000011/1.234568/0079/R000000008
R000000012/1.000000/0000/Guesstimate
R000000011/2.345679/0112/R000000008/R000000012
R000000010/1.371742/0040/R000000011
R000000008/1.234568/0086/R000000010
R000000002/2.469136/0175/R000000003/R000000008
R000000014/1.234568/0287/R000000003
R000000015/1.000000/0000/Guesstimate
R000000013/2.482853/0004/R000000014/R000000015
R000000017/1.000000/0000/Guesstimate
R000000016/2.345679/0175/R000000003/R000000017
R000000016/2.345679/0290/R000000003/R000000017
R000000013/2.606310/0024/R000000016
R000000002/3.993294/0212/R000000013/R000000010
R000000001/2.743484/0028/R000000002
M000000021/1.000000/0000/Sigma_BB-28764950
R000000020/1.111111/0197/M000000021
R000000022/1.371742/0079/R000000019
R000000022/2.482853/0112/R000000019/R000000012
R000000020/1.524158/0040/R000000022
R000000019/1.234568/0086/R000000020
R000000019/1.234568/0091/R000000020
R000000018/2.606310/0175/R000000003/R000000019
R000000018/3.993294/0212/R000000013/R000000020
R000000001/2.895900/0028/R000000018
Q000000002/1.234568/0000/R000000014
Q000000003/1.234568/0000/R000000014
Q000000004/1.371742/0000/R000000023
R000000024/1.234568/0074/R000000003
R000000026/2.758726/0216/R000000013
R000000025/3.065251/0091/R000000026
R000000024/3.405835/0079/R000000025
R000000023/1.371742/0041/R000000024
R000000029/1.371742/0104/R000000024
R000000029/1.371742/0104/R000000024
R000000028/1.524158/0257/R000000029
M000000031/1.000000/0000/Sigma_BB-28952787
R000000032/1.000000/0000/Guesstimate
R000000030/2.222222/0285/M000000031/R000000032
R000000028/2.469136/0285/R000000030
R000000027/1.693509/0041/R000000028
R000000035/1.000000/0000/Guesstimate
R000000034/2.222222/0285/R000000035/R000000032
R000000033/2.469136/0285/R000000034
R000000036/2.222222/0285/R000000035/R000000032
R000000033/2.469136/0285/R000000036
R000000027/2.743484/0198/R000000033
R000000023/1.881677/0161/R000000027
<NEXT>