#
#  Reaction log file
#  Author: LigBuilder V3 User_Diana
#  Creation time: Fri Apr 10 15:50:53 2026
#  Format:
#  QueryMoleculeId/Cost/SynthesizeId/ReactantId1/ReactantId2/ReactantId3.....
#  Id prefix:
#  Q --- Query Molecule
#  M --- Material
#  R --- Reactant
#
Directory      result/synthesize_PfHDAC1/18/DATABASE/
#
Q000000001/2.895900/0000/R000000001
M000000005/1.000000/0000/Sigma_BB-150552076
R000000004/1.111111/0091/M000000005
R000000006/1.000000/0000/Guesstimate
R000000003/2.345679/0112/R000000004/R000000006
R000000008/1.000000/0000/Guesstimate
R000000007/2.345679/0112/R000000004/R000000008
R000000003/2.606310/0082/R000000007
R000000002/2.606310/0059/R000000003
R000000009/2.606310/0059/R000000007
R000000010/1.000000/0000/Guesstimate
R000000009/3.717421/0224/R000000007/R000000010
R000000002/2.895900/0082/R000000009
R000000001/2.895900/0041/R000000002
M000000013/1.000000/0000/Sigma_BB-188062344
R000000014/1.000000/0000/Guesstimate
R000000012/2.222222/0112/M000000013/R000000014
R000000015/1.000000/0000/Guesstimate
R000000012/2.345679/0112/R000000004/R000000015
R000000011/2.469136/0059/R000000012
M000000018/1.000000/0000/Sigma_BB-243862451
R000000017/2.222222/0112/M000000018/R000000014
R000000016/2.469136/0059/R000000017
R000000016/3.580247/0224/R000000017/R000000010
R000000011/2.743484/0152/R000000016
R000000019/1.000000/0000/Guesstimate
R000000001/3.854596/0018/R000000011/R000000019
Q000000002/4.115227/0000/R000000020
R000000023/1.000000/0000/Guesstimate
R000000022/2.222222/0004/M000000013/R000000023
R000000025/1.000000/0000/Guesstimate
R000000024/2.222222/0004/M000000013/R000000025
R000000026/1.000000/0000/Guesstimate
R000000027/1.000000/0000/Guesstimate
R000000024/3.333333/0225/M000000013/R000000026/R000000027
R000000022/2.469136/0045/R000000024
M000000029/1.000000/0000/Sigma_BB-28764950
R000000028/1.111111/0197/M000000029
R000000021/3.703704/0212/R000000022/R000000028
R000000021/3.703704/0212/R000000022/R000000028
R000000020/4.115227/0028/R000000021
M000000032/1.000000/0000/Sigma_BB-28830366
R000000031/1.111111/0085/M000000032
M000000034/1.000000/0000/Sigma_BB-130314282
R000000033/1.111111/0228/M000000034
R000000033/1.111111/0286/M000000034
R000000031/1.234568/0100/R000000033
R000000030/3.703704/0212/R000000022/R000000031
R000000030/3.703704/0212/R000000022/R000000031
R000000020/4.115227/0028/R000000030
Q000000003/2.606310/0000/R000000035
R000000037/1.000000/0000/Guesstimate
R000000036/2.345679/0112/R000000004/R000000037
M000000040/1.000000/0000/Sigma_BB-28666431
R000000041/1.000000/0000/Guesstimate
R000000039/2.222222/0056/M000000040/R000000041
R000000038/2.469136/0295/R000000039
R000000042/9.100000/0000/Guesstimate
R000000038/9.100000/0188/R000000042
R000000036/2.743484/0082/R000000038
R000000035/2.606310/0059/R000000036
R000000046/1.000000/0000/Guesstimate
R000000045/2.222222/0112/M000000013/R000000046
R000000047/1.000000/0000/Guesstimate
R000000045/2.345679/0112/R000000004/R000000047
R000000044/2.469136/0079/R000000045
R000000049/1.000000/0000/Guesstimate
R000000048/2.345679/0112/R000000004/R000000049
R000000048/3.717421/0012/R000000036/R000000019
R000000044/2.606310/0082/R000000048
R000000043/2.743484/0059/R000000044
R000000043/4.572474/0082/R000000020
R000000035/3.048316/0147/R000000043
<NEXT>