#
#  Reaction log file
#  Author: LigBuilder V3 User_Diana
#  Creation time: Fri Apr 10 15:54:56 2026
#  Format:
#  QueryMoleculeId/Cost/SynthesizeId/ReactantId1/ReactantId2/ReactantId3.....
#  Id prefix:
#  Q --- Query Molecule
#  M --- Material
#  R --- Reactant
#
Directory      result/synthesize_PfHDAC1/214/DATABASE/
#
Q000000001/Analysis Failed
Q000000002/2.606310/0000/R000000001
M000000004/1.000000/0000/Sigma_BB-28810964
R000000003/1.111111/0114/M000000004
M000000006/1.000000/0000/Sigma_BB-28760249
R000000005/1.111111/0114/M000000006
M000000007/1.000000/0000/Sigma_BB-117837577
R000000005/1.111111/0155/M000000007
R000000008/1.000000/0000/Guesstimate
R000000003/2.345679/0004/R000000005/R000000008
R000000009/1.000000/0000/Guesstimate
R000000002/2.345679/0003/R000000003/R000000009
R000000010/1.234568/0086/R000000003
R000000010/1.234568/0091/R000000003
R000000011/1.000000/0000/Guesstimate
R000000002/2.482853/0112/R000000010/R000000011
R000000001/2.606310/0147/R000000002
R000000013/2.222222/0003/M000000004/R000000009
M000000015/1.000000/0000/Sigma_BB-27340854
R000000016/1.000000/0000/Guesstimate
R000000014/2.222222/0256/M000000015/R000000016
R000000013/2.469136/0082/R000000014
R000000012/2.469136/0147/R000000013
R000000018/1.000000/0000/Guesstimate
R000000017/2.222222/0011/M000000015/R000000018
R000000019/1.111111/0197/M000000004
R000000020/1.000000/0000/Guesstimate
R000000017/2.345679/0003/R000000019/R000000020
R000000012/2.469136/0147/R000000017
R000000001/2.743484/0114/R000000012
Q000000003/2.606310/0000/R000000001
<NEXT>