#
#  Reaction log file
#  Author: LigBuilder V3 User_Diana
#  Creation time: Fri Apr 10 15:53:31 2026
#  Format:
#  QueryMoleculeId/Cost/SynthesizeId/ReactantId1/ReactantId2/ReactantId3.....
#  Id prefix:
#  Q --- Query Molecule
#  M --- Material
#  R --- Reactant
#
Directory      result/synthesize_PfHDAC1/156/DATABASE/
#
Q000000001/3.580247/0000/R000000001
M000000002/1.000000/0000/Sigma_BB-28666431
R000000004/1.000000/0000/Guesstimate
R000000005/1.000000/0000/Guesstimate
R000000003/2.222222/0069/R000000004/R000000005
R000000007/1.000000/0000/Guesstimate
R000000008/1.000000/0000/Guesstimate
R000000006/2.222222/0004/R000000007/R000000008
R000000010/1.000000/0000/Guesstimate
R000000009/2.222222/0069/R000000010/R000000005
R000000006/2.469136/0040/R000000009
R000000003/2.469136/0009/R000000006
R000000001/3.580247/0056/M000000002/R000000003
R000000011/2.222222/0056/M000000002/R000000004
R000000014/1.000000/0000/Guesstimate
R000000013/2.222222/0001/R000000014/R000000007
R000000015/1.000000/0000/Guesstimate
R000000013/2.222222/0004/R000000015/R000000007
R000000012/3.580247/0056/M000000002/R000000013
M000000018/1.000000/0000/Sigma_BB-188062344
R000000019/1.000000/0000/Guesstimate
R000000017/2.222222/0004/M000000018/R000000019
R000000021/1.000000/0000/Guesstimate
R000000020/2.222222/0056/M000000002/R000000021
M000000022/1.000000/0000/Sigma_BB-150552076
R000000020/2.222222/0080/M000000022/R000000021
R000000017/2.469136/0024/R000000020
R000000016/2.469136/0197/R000000017
R000000023/9.100000/0000/Guesstimate
R000000016/9.100000/0152/R000000023
R000000012/3.854596/0004/R000000016/R000000007
R000000011/3.978053/0009/R000000012
R000000001/3.580247/0069/R000000011/R000000005
Q000000002/3.580247/0000/R000000001
Q000000003/Analysis Failed
<NEXT>