#
#  Reaction log file
#  Author: LigBuilder V3 User_Diana
#  Creation time: Fri Apr 10 15:55:12 2026
#  Format:
#  QueryMoleculeId/Cost/SynthesizeId/ReactantId1/ReactantId2/ReactantId3.....
#  Id prefix:
#  Q --- Query Molecule
#  M --- Material
#  R --- Reactant
#
Directory      result/synthesize_PfHDAC1/210/DATABASE/
#
Q000000001/Analysis Failed
Q000000002/7.163543/0000/R000000001
R000000005/1.000000/0000/Guesstimate
R000000006/1.000000/0000/Guesstimate
R000000004/2.222222/0004/R000000005/R000000006
R000000007/1.000000/0000/Guesstimate
R000000008/1.000000/0000/Guesstimate
R000000004/3.333333/0225/R000000005/R000000007/R000000008
M000000009/1.000000/0000/Sigma_BB-28760789
R000000003/3.580247/0212/R000000004/M000000009
R000000003/3.580247/0212/R000000004/M000000009
M000000011/1.000000/0000/Sigma_BB-27291979
R000000012/1.000000/0000/Guesstimate
R000000010/2.222222/0119/M000000011/R000000012
M000000014/1.000000/0000/Sigma_BB-29205355
R000000015/1.000000/0000/Guesstimate
R000000013/2.222222/0112/M000000014/R000000015
M000000016/1.000000/0000/Sigma_BB-28758610
R000000013/2.222222/0174/M000000016/R000000015
R000000010/2.469136/0153/R000000013
R000000002/6.447188/0119/R000000003/R000000010
R000000019/1.000000/0000/Guesstimate
R000000020/1.000000/0000/Guesstimate
R000000018/2.222222/0279/R000000019/R000000020
R000000018/2.222222/0279/R000000019/R000000020
R000000017/6.447188/0119/R000000003/R000000018
R000000021/3.580247/0119/M000000009/R000000018
R000000021/3.580247/0280/M000000009/R000000018
R000000017/6.447188/0212/R000000004/R000000021
R000000022/1.000000/0000/Guesstimate
R000000002/8.274654/0159/R000000017/R000000022
R000000001/7.163543/0024/R000000002
R000000025/1.111111/0091/M000000011
R000000025/2.469136/0197/R000000013
R000000027/1.000000/0000/Guesstimate
R000000026/1.111111/0287/R000000027
R000000024/2.469136/0112/R000000025/R000000026
R000000029/2.222222/0174/R000000015/R000000027
R000000029/2.345679/0112/R000000015/R000000026
R000000028/2.469136/0197/R000000029
R000000030/7.400000/0000/Guesstimate
R000000028/8.222222/0091/R000000030
R000000024/9.888888/0112/M000000014/R000000028
R000000023/6.721537/0119/R000000003/R000000024
R000000032/2.222222/0119/M000000009/M000000016
R000000033/1.000000/0000/Guesstimate
M000000034/1.000000/0000/Sigma_BB-28886026
R000000032/2.222222/0170/R000000033/M000000034
R000000031/4.938272/0212/R000000004/R000000032
R000000031/5.089163/0119/R000000003/M000000016
R000000023/8.230453/0174/R000000031/R000000028
R000000001/7.468375/0025/R000000023
Q000000003/4.282884/0000/R000000035
R000000039/1.000000/0000/Guesstimate
R000000040/1.000000/0000/Guesstimate
R000000038/2.222222/0285/R000000039/R000000040
R000000037/2.469136/0279/R000000038
R000000037/2.469136/0279/R000000038
M000000041/1.000000/0000/Sigma_BB-30386853
R000000036/3.854596/0003/R000000037/M000000041
R000000043/1.000000/0000/Guesstimate
R000000042/3.854596/0112/R000000037/R000000043
R000000044/3.854596/0004/R000000037/R000000033
R000000042/4.282884/0009/R000000044
M000000046/1.000000/0000/Sigma_BB-299859477
R000000045/1.111111/0085/M000000046
R000000047/1.000000/0000/Guesstimate
M000000048/1.000000/0000/Sigma_BB-28426400
R000000045/2.222222/0004/R000000047/M000000048
R000000036/5.517452/0049/R000000042/R000000045
R000000035/4.282884/0099/R000000036
R000000051/2.743484/0198/R000000037
R000000051/2.743484/0298/R000000037
R000000050/3.048316/0257/R000000051
M000000054/1.000000/0000/Sigma_BB-37467573
R000000053/1.111111/0054/M000000054
M000000055/1.000000/0000/Sigma_BB-28778979
R000000053/2.222222/0212/M000000055/M000000046
R000000052/1.234568/0009/R000000053
R000000056/1.000000/0000/Guesstimate
R000000052/2.222222/0003/R000000056/M000000048
R000000049/4.758760/0122/R000000050/R000000052
R000000049/4.758760/0122/R000000050/R000000052
R000000035/5.287512/0099/R000000049
<NEXT>