#
#  Reaction log file
#  Author: LigBuilder V3 User_Diana
#  Creation time: Fri Apr 10 15:56:40 2026
#  Format:
#  QueryMoleculeId/Cost/SynthesizeId/ReactantId1/ReactantId2/ReactantId3.....
#  Id prefix:
#  Q --- Query Molecule
#  M --- Material
#  R --- Reactant
#
Directory      result/synthesize_PfHDAC1/274/DATABASE/
#
Q000000001/4.007011/0000/R000000001
M000000005/1.000000/0000/Sigma_BB-35362384
R000000004/1.111111/0147/M000000005
M000000006/1.000000/0000/Sigma_BB-28760249
R000000007/1.000000/0000/Guesstimate
R000000004/2.222222/0175/M000000006/R000000007
R000000008/1.000000/0000/Guesstimate
R000000003/2.345679/0112/R000000004/R000000008
R000000009/8.700000/0000/Guesstimate
R000000003/9.666667/0082/R000000009
R000000002/2.606310/0040/R000000003
M000000012/1.000000/0000/Sigma_BB-183975848
R000000011/2.222222/0112/M000000012/R000000007
M000000013/1.000000/0000/Sigma_BB-28766578
R000000011/2.222222/0174/M000000013/R000000007
R000000010/2.469136/0147/R000000011
R000000015/1.000000/0000/Guesstimate
R000000014/2.222222/0175/M000000013/R000000015
R000000014/2.222222/0290/M000000013/R000000015
R000000010/2.469136/0155/R000000014
R000000002/2.743484/0024/R000000010
R000000016/1.000000/0000/Guesstimate
R000000001/4.007011/0004/R000000002/R000000016
R000000017/3.854596/0004/R000000010/R000000016
R000000019/1.000000/0000/Guesstimate
R000000018/3.854596/0003/R000000010/R000000019
R000000020/2.743484/0118/R000000010
R000000020/3.854596/0112/R000000010/R000000008
R000000021/1.000000/0000/Guesstimate
R000000018/4.159427/0049/R000000020/R000000021
R000000017/4.282884/0040/R000000018
R000000001/4.282884/0024/R000000017
Q000000002/4.007011/0000/R000000001
Q000000003/4.007011/0000/R000000001
<NEXT>