#
#  Reaction log file
#  Author: LigBuilder V3 User_Diana
#  Creation time: Fri Apr 10 15:53:08 2026
#  Format:
#  QueryMoleculeId/Cost/SynthesizeId/ReactantId1/ReactantId2/ReactantId3.....
#  Id prefix:
#  Q --- Query Molecule
#  M --- Material
#  R --- Reactant
#
Directory      result/synthesize_PfHDAC1/137/DATABASE/
#
Q000000001/3.978053/0000/R000000001
R000000004/1.000000/0000/Guesstimate
R000000005/1.000000/0000/Guesstimate
R000000003/2.222222/0256/R000000004/R000000005
R000000008/1.000000/0000/Guesstimate
R000000007/2.222222/0004/R000000004/R000000008
R000000009/1.000000/0000/Guesstimate
R000000007/2.222222/0256/R000000004/R000000009
R000000006/2.469136/0197/R000000007
R000000011/1.000000/0000/Guesstimate
R000000010/2.222222/0256/R000000004/R000000011
R000000006/2.469136/0293/R000000010
R000000012/1.000000/0000/Guesstimate
R000000003/3.854596/0004/R000000006/R000000012
R000000013/1.000000/0000/Guesstimate
R000000002/3.580247/0003/R000000003/R000000013
R000000014/2.222222/0004/R000000012/R000000013
R000000016/1.000000/0000/Guesstimate
R000000017/1.000000/0000/Guesstimate
R000000015/2.222222/0122/R000000016/R000000017
R000000018/1.000000/0000/Guesstimate
R000000019/1.000000/0000/Guesstimate
R000000015/2.222222/0181/R000000018/R000000019
R000000014/2.469136/0024/R000000015
R000000002/5.212621/0003/R000000006/R000000014
R000000001/3.978053/0099/R000000002
R000000022/1.000000/0000/Guesstimate
R000000021/3.580247/0212/R000000007/R000000022
R000000021/3.580247/0212/R000000007/R000000022
R000000025/1.000000/0000/Guesstimate
R000000024/1.111111/0239/R000000025
R000000026/1.000000/0000/Guesstimate
R000000024/2.222222/0181/R000000026/R000000019
R000000023/1.234568/0024/R000000024
R000000027/1.111111/0125/R000000013
R000000028/1.000000/0000/Guesstimate
R000000027/2.222222/0112/R000000028/R000000013
R000000023/1.234568/0040/R000000027
R000000020/5.349795/0003/R000000021/R000000023
R000000030/1.000000/0000/Guesstimate
R000000029/3.854596/0003/R000000006/R000000030
M000000032/1.000000/0000/Sigma_BB-28778979
R000000031/3.580247/0212/R000000003/M000000032
R000000033/1.000000/0000/Guesstimate
R000000031/5.089163/0004/R000000021/R000000033
R000000029/3.978053/0009/R000000031
R000000034/2.222222/0004/R000000022/R000000013
R000000036/1.000000/0000/Guesstimate
R000000035/2.222222/0122/R000000036/R000000017
R000000035/2.469136/0293/R000000015
R000000034/2.469136/0024/R000000035
R000000020/6.752020/0049/R000000029/R000000034
R000000001/5.944217/0099/R000000020
Q000000002/Analysis Failed
Q000000003/Analysis Failed
<NEXT>