#
#  Reaction log file
#  Author: LigBuilder V3 User_Diana
#  Creation time: Fri Apr 10 15:52:55 2026
#  Format:
#  QueryMoleculeId/Cost/SynthesizeId/ReactantId1/ReactantId2/ReactantId3.....
#  Id prefix:
#  Q --- Query Molecule
#  M --- Material
#  R --- Reactant
#
Directory      result/synthesize_PfHDAC1/114/DATABASE/
#
Q000000001/9.100000/0000/R000000001
R000000004/8.200000/0000/Guesstimate
R000000003/9.111111/0044/R000000004
R000000005/9.000000/0000/Guesstimate
R000000003/10.000000/0082/R000000005
R000000002/9.111111/0152/R000000003
R000000007/9.111111/0147/R000000003
R000000006/8.222222/0152/R000000007
R000000012/7.100000/0000/Guesstimate
R000000013/1.000000/0000/Guesstimate
R000000011/9.000001/0004/R000000012/R000000013
R000000014/1.000000/0000/Guesstimate
R000000015/1.000000/0000/Guesstimate
R000000011/9.100000/0225/R000000012/R000000014/R000000015
R000000010/9.000001/0197/R000000011
R000000009/8.555555/0044/R000000010
R000000016/9.111111/0233/R000000003
R000000016/9.111111/0258/R000000003
R000000009/9.555556/0155/R000000016
R000000008/9.100000/0152/R000000009
R000000008/9.506173/0152/R000000009
R000000006/9.400000/0300/R000000008
R000000002/9.135803/0168/R000000006
R000000001/9.135803/0059/R000000002
R000000001/9.135803/0244/R000000002
Q000000002/9.100000/0000/R000000001
Q000000003/9.100000/0000/R000000001
Q000000004/9.100000/0000/R000000001
<NEXT>