#
#  Reaction log file
#  Author: LigBuilder V3 User_Diana
#  Creation time: Fri Apr 10 15:51:11 2026
#  Format:
#  QueryMoleculeId/Cost/SynthesizeId/ReactantId1/ReactantId2/ReactantId3.....
#  Id prefix:
#  Q --- Query Molecule
#  M --- Material
#  R --- Reactant
#
Directory      result/synthesize_PfHDAC1/47/DATABASE/
#
Q000000001/Analysis Failed
Q000000002/2.482853/0000/R000000001
M000000004/1.000000/0000/Sigma_BB-28667716
R000000003/1.111111/0044/M000000004
R000000006/8.200000/0000/Guesstimate
R000000005/9.111111/0040/R000000006
R000000007/8.600000/0000/Guesstimate
R000000005/9.555556/0260/R000000007
R000000003/9.111111/0153/R000000005
R000000002/1.234568/0152/R000000003
R000000002/9.111111/0197/R000000005
R000000008/1.000000/0000/Guesstimate
R000000001/2.482853/0056/R000000002/R000000008
R000000009/2.345679/0056/R000000003/R000000008
R000000010/2.222222/0056/M000000004/R000000008
R000000010/9.111111/0041/R000000006
R000000009/2.469136/0044/R000000010
R000000001/2.606310/0152/R000000009
Q000000003/3.405835/0000/R000000011
R000000015/1.000000/0000/Guesstimate
R000000014/2.482853/0056/R000000002/R000000015
R000000013/2.758726/0295/R000000014
R000000016/9.500000/0000/Guesstimate
R000000013/9.500000/0139/R000000016
R000000012/3.065251/0082/R000000013
R000000018/2.758726/0155/R000000001
R000000019/2.606310/0155/R000000009
R000000018/2.895900/0152/R000000019
R000000017/3.065251/0300/R000000018
R000000021/9.111111/0044/R000000006
R000000022/9.000000/0000/Guesstimate
R000000021/10.000000/0082/R000000022
R000000020/9.111111/0147/R000000021
R000000017/8.222222/0152/R000000020
R000000012/3.405835/0168/R000000017
R000000011/3.405835/0040/R000000012
R000000024/1.000000/0000/Guesstimate
R000000023/4.176363/0004/R000000018/R000000024
R000000026/1.000000/0000/Guesstimate
R000000025/4.176363/0003/R000000018/R000000026
R000000028/1.000000/0000/Guesstimate
R000000027/4.176363/0112/R000000018/R000000028
R000000029/1.000000/0000/Guesstimate
R000000027/4.516946/0049/R000000012/R000000029
R000000025/5.751514/0049/R000000027/R000000029
R000000023/4.640403/0040/R000000025
R000000011/4.640403/0073/R000000023
<NEXT>