#
#  Reaction log file
#  Author: LigBuilder V3 User_Diana
#  Creation time: Fri Apr 10 15:56:46 2026
#  Format:
#  QueryMoleculeId/Cost/SynthesizeId/ReactantId1/ReactantId2/ReactantId3.....
#  Id prefix:
#  Q --- Query Molecule
#  M --- Material
#  R --- Reactant
#
Directory      result/synthesize_PfHDAC1/279/DATABASE/
#
Q000000001/Analysis Failed
Q000000002/7.163543/0000/R000000001
M000000005/1.000000/0000/Sigma_BB-243591480
R000000006/1.000000/0000/Guesstimate
R000000004/2.222222/0224/M000000005/R000000006
R000000007/1.000000/0000/Guesstimate
R000000003/3.580247/0004/R000000004/R000000007
M000000010/1.000000/0000/Sigma_BB-243767969
R000000009/2.222222/0004/M000000010/R000000007
R000000011/1.000000/0000/Guesstimate
R000000012/1.000000/0000/Guesstimate
R000000009/3.333333/0225/M000000010/R000000011/R000000012
R000000013/1.000000/0000/Guesstimate
R000000008/3.580247/0170/R000000009/R000000013
R000000014/2.222222/0004/M000000005/R000000007
R000000014/2.469136/0217/R000000009
R000000008/3.580247/0224/R000000014/R000000013
R000000003/3.978053/0090/R000000008
M000000016/1.000000/0000/Sigma_BB-28484450
R000000017/1.000000/0000/Guesstimate
R000000015/2.222222/0001/M000000016/R000000017
R000000018/1.000000/0000/Guesstimate
R000000019/1.000000/0000/Guesstimate
R000000015/2.222222/0002/R000000018/R000000019
R000000002/6.447188/0212/R000000003/R000000015
R000000002/6.447188/0212/R000000003/R000000015
R000000001/7.163543/0059/R000000002
M000000022/1.000000/0000/Sigma_BB-28762337
R000000023/1.000000/0000/Guesstimate
R000000021/2.222222/0004/M000000022/R000000023
R000000025/1.000000/0000/Guesstimate
R000000024/1.111111/0040/R000000025
R000000026/1.000000/0000/Guesstimate
R000000024/2.222222/0004/R000000026/R000000023
R000000021/2.345679/0003/R000000024/R000000017
R000000020/6.447188/0212/R000000003/R000000021
M000000029/1.000000/0000/Sigma_BB-28805814
R000000028/5.089163/0212/R000000003/M000000029
R000000028/5.089163/0212/R000000003/M000000029
R000000027/5.654626/0155/R000000028
M000000031/1.000000/0000/Sigma_BB-28775620
R000000030/5.089163/0212/R000000003/M000000031
R000000030/5.089163/0212/R000000003/M000000031
R000000027/5.654626/0156/R000000030
R000000020/7.394029/0003/R000000027/R000000017
R000000001/7.163543/0059/R000000020
Q000000003/Analysis Failed
<NEXT>