#
#  Reaction log file
#  Author: LigBuilder V3 User_Diana
#  Creation time: Fri Apr 10 15:57:07 2026
#  Format:
#  QueryMoleculeId/Cost/SynthesizeId/ReactantId1/ReactantId2/ReactantId3.....
#  Id prefix:
#  Q --- Query Molecule
#  M --- Material
#  R --- Reactant
#
Directory      result/synthesize_PfHDAC1/298/DATABASE/
#
Q000000001/4.159427/0000/R000000001
R000000002/1.000000/0000/Guesstimate
M000000006/1.000000/0000/Sigma_BB-137499092
R000000007/1.000000/0000/Guesstimate
R000000005/2.222222/0174/M000000006/R000000007
R000000005/2.222222/0289/M000000006/R000000007
R000000004/2.469136/0040/R000000005
R000000003/2.743484/0153/R000000004
R000000008/1.000000/0000/Guesstimate
R000000009/8.100000/0000/Guesstimate
R000000003/9.100000/0274/R000000008/R000000009
R000000001/4.159427/0119/R000000002/R000000003
R000000010/1.000000/0000/Guesstimate
R000000011/1.000000/0000/Guesstimate
R000000001/5.270538/0261/R000000010/R000000003/R000000011
Q000000002/2.895900/0000/R000000012
M000000016/1.000000/0000/Sigma_BB-29588821
R000000015/1.111111/0299/M000000016
R000000014/1.234568/0287/R000000015
R000000017/1.111111/0287/M000000016
R000000014/1.234568/0299/R000000017
M000000019/1.000000/0000/Sigma_BB-28764950
R000000018/1.111111/0197/M000000019
R000000013/2.606310/0004/R000000014/R000000018
R000000012/2.895900/0028/R000000013
R000000022/1.000000/0000/Guesstimate
R000000021/2.482853/0003/R000000014/R000000022
R000000023/1.234568/0074/R000000015
R000000023/2.482853/0112/R000000014/R000000007
R000000024/1.000000/0000/Guesstimate
R000000021/2.482853/0049/R000000023/R000000024
R000000020/3.869837/0012/R000000021/R000000011
R000000020/3.869837/0285/R000000021/R000000011
R000000012/4.299819/0040/R000000020
Q000000003/4.115227/0000/R000000025
M000000028/1.000000/0000/Sigma_BB-28151472
M000000029/1.000000/0000/Sigma_BB-31286382
R000000027/2.222222/0004/M000000028/M000000029
M000000030/1.000000/0000/Sigma_BB-27738953
R000000031/1.000000/0000/Guesstimate
R000000027/2.222222/0004/M000000030/R000000031
R000000026/3.703704/0212/R000000027/R000000018
R000000026/3.703704/0212/R000000027/R000000018
R000000025/4.115227/0028/R000000026
M000000034/1.000000/0000/Sigma_BB-28830366
R000000033/1.111111/0085/M000000034
M000000036/1.000000/0000/Sigma_BB-130314282
R000000035/1.111111/0228/M000000036
R000000035/1.111111/0286/M000000036
R000000033/1.234568/0100/R000000035
R000000032/3.703704/0212/R000000027/R000000033
R000000032/3.703704/0212/R000000027/R000000033
R000000025/4.115227/0028/R000000032
<NEXT>