#
#  Reaction log file
#  Author: LigBuilder V3 User_Diana
#  Creation time: Fri Apr 10 15:52:47 2026
#  Format:
#  QueryMoleculeId/Cost/SynthesizeId/ReactantId1/ReactantId2/ReactantId3.....
#  Id prefix:
#  Q --- Query Molecule
#  M --- Material
#  R --- Reactant
#
Directory      result/synthesize_PfHDAC1/131/DATABASE/
#
Q000000001/3.869837/0000/R000000001
R000000005/1.000000/0000/Guesstimate
R000000004/1.111111/0125/R000000005
R000000006/1.000000/0000/Guesstimate
R000000004/2.222222/0112/R000000006/R000000005
R000000003/1.234568/0040/R000000004
R000000008/1.000000/0000/Guesstimate
R000000007/2.222222/0004/R000000005/R000000008
R000000010/1.000000/0000/Guesstimate
R000000009/2.222222/0112/R000000010/R000000005
R000000007/2.469136/0147/R000000009
R000000003/2.469136/0216/R000000007
M000000011/1.000000/0000/Sigma_BB-27949720
R000000002/2.482853/0231/R000000003/M000000011
R000000013/2.222222/0231/R000000005/M000000011
R000000012/2.469136/0125/R000000013
R000000012/3.580247/0112/R000000006/R000000013
R000000002/2.743484/0040/R000000012
R000000014/1.000000/0000/Guesstimate
R000000001/3.869837/0119/R000000002/R000000014
R000000016/2.469136/0153/R000000009
R000000018/1.000000/0000/Guesstimate
R000000017/2.222222/0112/R000000018/R000000005
R000000017/2.469136/0091/R000000009
R000000016/2.469136/0154/R000000017
M000000019/1.000000/0000/Sigma_BB-28766566
R000000015/3.854596/0231/R000000016/M000000019
R000000001/4.282884/0041/R000000015
Q000000002/3.869837/0000/R000000001
Q000000003/3.869837/0000/R000000001
<NEXT>