#
#  Reaction log file
#  Author: LigBuilder V3 User_Diana
#  Creation time: Fri Apr 10 15:57:06 2026
#  Format:
#  QueryMoleculeId/Cost/SynthesizeId/ReactantId1/ReactantId2/ReactantId3.....
#  Id prefix:
#  Q --- Query Molecule
#  M --- Material
#  R --- Reactant
#
Directory      result/synthesize_PfHDAC1/286/DATABASE/
#
Q000000001/Analysis Failed
Q000000002/3.854596/0000/R000000001
M000000004/1.000000/0000/Sigma_BB-28758610
R000000005/1.000000/0000/Guesstimate
R000000003/2.222222/0231/M000000004/R000000005
R000000002/2.469136/0114/R000000003
R000000006/2.469136/0013/R000000003
M000000009/1.000000/0000/Sigma_BB-29205355
R000000008/2.222222/0231/M000000009/R000000005
R000000007/2.469136/0125/R000000008
R000000010/1.000000/0000/Guesstimate
R000000007/3.580247/0112/R000000008/R000000010
R000000006/2.743484/0041/R000000007
R000000002/2.743484/0155/R000000006
R000000011/1.000000/0000/Guesstimate
R000000001/3.854596/0170/R000000002/R000000011
R000000012/2.743484/0059/R000000007
R000000012/2.743484/0156/R000000002
R000000013/1.000000/0000/Guesstimate
R000000001/4.159427/0170/R000000012/R000000013
Q000000003/3.854596/0000/R000000001
<NEXT>