#
#  Reaction log file
#  Author: LigBuilder V3 User_Diana
#  Creation time: Fri Apr 10 15:50:35 2026
#  Format:
#  QueryMoleculeId/Cost/SynthesizeId/ReactantId1/ReactantId2/ReactantId3.....
#  Id prefix:
#  Q --- Query Molecule
#  M --- Material
#  R --- Reactant
#
Directory      result/synthesize_PfHDAC1/24/DATABASE/
#
Q000000001/2.469136/0000/R000000001
M000000003/1.000000/0000/Sigma_BB-188062344
R000000004/1.000000/0000/Guesstimate
R000000002/2.222222/0004/M000000003/R000000004
R000000007/1.000000/0000/Guesstimate
R000000006/2.222222/0112/M000000003/R000000007
R000000005/2.469136/0059/R000000006
M000000012/1.000000/0000/Sigma_BB-34690477
R000000011/2.222222/0004/M000000012/R000000004
R000000010/2.469136/0197/R000000011
R000000009/2.743484/0044/R000000010
R000000013/8.800000/0000/Guesstimate
R000000009/9.777779/0155/R000000013
R000000008/3.048316/0152/R000000009
R000000014/1.000000/0000/Guesstimate
R000000005/4.498129/0112/R000000008/R000000014
R000000002/2.743484/0040/R000000005
R000000001/2.469136/0153/R000000002
R000000016/2.469136/0153/R000000011
R000000017/2.469136/0086/R000000011
R000000017/2.469136/0091/R000000011
R000000016/2.743484/0154/R000000017
R000000015/2.743484/0044/R000000016
R000000015/3.048316/0156/R000000009
R000000001/3.048316/0152/R000000015
Q000000002/2.469136/0000/R000000001
Q000000003/Analysis Failed
<NEXT>