#
#  Reaction log file
#  Author: LigBuilder V3 User_Diana
#  Creation time: Fri Apr 10 15:55:30 2026
#  Format:
#  QueryMoleculeId/Cost/SynthesizeId/ReactantId1/ReactantId2/ReactantId3.....
#  Id prefix:
#  Q --- Query Molecule
#  M --- Material
#  R --- Reactant
#
Directory      result/synthesize_PfHDAC1/233/DATABASE/
#
Q000000001/4.282884/0000/R000000001
M000000005/1.000000/0000/Sigma_BB-27725905
R000000006/1.000000/0000/Guesstimate
R000000004/2.222222/0231/M000000005/R000000006
R000000003/2.469136/0294/R000000004
R000000008/1.000000/0000/Guesstimate
R000000007/2.222222/0231/M000000005/R000000008
R000000003/2.469136/0294/R000000007
R000000009/1.000000/0000/Guesstimate
R000000002/3.854596/0301/R000000003/R000000009
R000000002/3.854596/0301/R000000003/R000000009
R000000001/4.282884/0147/R000000002
R000000012/1.000000/0000/Guesstimate
R000000014/1.000000/0000/Guesstimate
R000000015/1.000000/0000/Guesstimate
R000000013/2.222222/0301/R000000014/R000000015
R000000016/1.000000/0000/Guesstimate
R000000013/2.222222/0301/R000000016/R000000009
R000000011/3.580247/0003/R000000012/R000000013
R000000017/2.469136/0125/R000000013
R000000018/1.000000/0000/Guesstimate
R000000017/3.580247/0112/R000000018/R000000013
R000000019/1.000000/0000/Guesstimate
R000000011/3.854596/0049/R000000017/R000000019
R000000022/1.000000/0000/Guesstimate
R000000023/1.000000/0000/Guesstimate
R000000021/2.222222/0279/R000000022/R000000023
R000000021/2.222222/0279/R000000022/R000000023
R000000020/2.469136/0079/R000000021
R000000025/1.000000/0000/Guesstimate
R000000024/2.222222/0279/R000000025/R000000023
R000000024/2.222222/0279/R000000025/R000000023
R000000020/2.469136/0082/R000000024
R000000010/6.721537/0159/R000000011/R000000020
R000000028/1.000000/0000/Guesstimate
R000000029/1.000000/0000/Guesstimate
R000000027/2.222222/0004/R000000028/R000000029
R000000030/1.000000/0000/Guesstimate
R000000031/1.000000/0000/Guesstimate
R000000027/3.333333/0225/R000000028/R000000030/R000000031
R000000026/5.212621/0159/R000000027/R000000020
M000000032/1.000000/0000/Sigma_BB-28827589
R000000010/6.902912/0212/R000000026/M000000032
R000000033/1.000000/0000/Guesstimate
R000000001/8.579486/0175/R000000010/R000000033
Q000000002/7.669903/0000/R000000034
R000000038/1.000000/0000/Guesstimate
R000000037/3.580247/0212/R000000027/R000000038
R000000037/3.580247/0212/R000000027/R000000038
R000000040/1.000000/0000/Guesstimate
R000000039/1.111111/0125/R000000040
R000000039/2.222222/0112/R000000018/R000000040
R000000036/5.212621/0159/R000000037/R000000039
R000000041/3.703704/0159/R000000027/R000000039
R000000036/5.226338/0212/R000000041/R000000038
R000000035/6.902912/0175/R000000036/R000000033
R000000042/5.226338/0175/R000000041/R000000033
R000000042/5.226338/0290/R000000041/R000000033
R000000035/6.918153/0212/R000000042/R000000038
R000000034/7.669903/0040/R000000035
R000000046/1.000000/0000/Guesstimate
R000000047/1.000000/0000/Guesstimate
R000000045/2.222222/0279/R000000046/R000000047
R000000045/2.222222/0279/R000000046/R000000047
R000000044/6.447188/0159/R000000037/R000000045
R000000048/4.938272/0159/R000000027/R000000045
R000000044/6.598080/0212/R000000048/R000000038
R000000043/8.274654/0175/R000000044/R000000033
R000000043/8.274654/0290/R000000044/R000000033
R000000034/9.194060/0024/R000000043
Q000000003/7.669903/0000/R000000034
<NEXT>