#
#  Reaction log file
#  Author: LigBuilder V3 User_Diana
#  Creation time: Fri Apr 10 15:56:17 2026
#  Format:
#  QueryMoleculeId/Cost/SynthesizeId/ReactantId1/ReactantId2/ReactantId3.....
#  Id prefix:
#  Q --- Query Molecule
#  M --- Material
#  R --- Reactant
#
Directory      result/synthesize_PfHDAC1/247/DATABASE/
#
Q000000001/4.420058/0000/R000000001
M000000005/1.000000/0000/Sigma_BB-27556005
R000000004/1.111111/0280/M000000005
R000000006/1.000000/0000/Guesstimate
R000000004/1.111111/0283/R000000006
R000000007/1.000000/0000/Guesstimate
R000000003/2.345679/0276/R000000004/R000000007
R000000009/1.000000/0000/Guesstimate
R000000008/2.345679/0276/R000000004/R000000009
R000000008/2.345679/0278/R000000004/R000000009
R000000003/2.606310/0091/R000000008
M000000012/1.000000/0000/Sigma_BB-28945738
R000000011/1.111111/0302/M000000012
R000000013/1.000000/0000/Guesstimate
M000000014/1.000000/0000/Sigma_BB-29015935
R000000011/2.222222/0004/R000000013/M000000014
R000000010/1.234568/0010/R000000011
M000000017/1.000000/0000/Sigma_BB-27725333
R000000016/2.222222/0001/R000000013/M000000017
R000000018/1.000000/0000/Guesstimate
M000000019/1.000000/0000/Sigma_BB-27087631
R000000016/2.222222/0113/R000000018/M000000019
R000000015/2.469136/0009/R000000016
R000000021/1.000000/0000/Guesstimate
R000000020/2.222222/0112/R000000021/M000000014
M000000022/1.000000/0000/Sigma_BB-27806808
R000000020/2.222222/0174/R000000021/M000000022
R000000015/2.469136/0079/R000000020
R000000010/2.743484/0059/R000000015
R000000002/3.978052/0276/R000000003/R000000010
R000000024/1.000000/0000/Guesstimate
R000000023/2.345679/0276/R000000004/R000000024
R000000026/1.000000/0000/Guesstimate
M000000027/1.000000/0000/Sigma_BB-28511171
R000000025/2.222222/0224/R000000026/M000000027
R000000023/2.469136/0276/R000000025
R000000002/5.349795/0224/R000000023/R000000015
R000000001/4.420058/0147/R000000002
R000000031/1.000000/0000/Guesstimate
R000000030/3.717421/0224/R000000023/R000000031
R000000032/1.000000/0000/Guesstimate
R000000030/3.717421/0276/R000000003/R000000032
R000000029/4.130468/0024/R000000030
R000000034/1.000000/0000/Guesstimate
R000000033/3.717421/0224/R000000023/R000000034
R000000033/3.717421/0276/R000000003/R000000013
R000000035/1.000000/0000/Guesstimate
R000000029/5.241580/0004/R000000033/R000000035
M000000038/1.000000/0000/Sigma_BB-34838550
R000000037/1.111111/0299/M000000038
M000000039/1.000000/0000/Sigma_BB-28760241
R000000037/1.111111/0302/M000000039
R000000036/1.234568/0104/R000000037
R000000036/1.234568/0104/R000000037
R000000028/5.961152/0212/R000000029/R000000036
R000000028/5.961152/0212/R000000029/R000000036
R000000001/6.623502/0160/R000000028
Q000000002/Analysis Failed
Q000000003/Analysis Failed
Q000000004/Analysis Failed
<NEXT>