#
#  Reaction log file
#  Author: LigBuilder V3 User_Diana
#  Creation time: Fri Apr 10 15:50:40 2026
#  Format:
#  QueryMoleculeId/Cost/SynthesizeId/ReactantId1/ReactantId2/ReactantId3.....
#  Id prefix:
#  Q --- Query Molecule
#  M --- Material
#  R --- Reactant
#
Directory      result/synthesize_PfHDAC1/17/DATABASE/
#
Q000000001/4.115227/0000/R000000001
M000000004/1.000000/0000/Sigma_BB-188062344
R000000005/1.000000/0000/Guesstimate
R000000003/2.222222/0004/M000000004/R000000005
R000000007/1.000000/0000/Guesstimate
R000000006/2.222222/0004/M000000004/R000000007
R000000008/1.000000/0000/Guesstimate
R000000009/1.000000/0000/Guesstimate
R000000006/3.333333/0225/M000000004/R000000008/R000000009
R000000003/2.469136/0045/R000000006
M000000011/1.000000/0000/Sigma_BB-28764950
R000000010/1.111111/0197/M000000011
R000000002/3.703704/0212/R000000003/R000000010
R000000002/3.703704/0212/R000000003/R000000010
R000000001/4.115227/0028/R000000002
M000000014/1.000000/0000/Sigma_BB-28830366
R000000013/1.111111/0085/M000000014
M000000016/1.000000/0000/Sigma_BB-130314282
R000000015/1.111111/0228/M000000016
R000000015/1.111111/0286/M000000016
R000000013/1.234568/0100/R000000015
R000000012/3.703704/0212/R000000003/R000000013
R000000012/3.703704/0212/R000000003/R000000013
R000000001/4.115227/0028/R000000012
Q000000002/4.115227/0000/R000000001
Q000000003/4.115227/0000/R000000001
<NEXT>