#
#  Reaction log file
#  Author: LigBuilder V3 User_Diana
#  Creation time: Fri Apr 10 15:57:23 2026
#  Format:
#  QueryMoleculeId/Cost/SynthesizeId/ReactantId1/ReactantId2/ReactantId3.....
#  Id prefix:
#  Q --- Query Molecule
#  M --- Material
#  R --- Reactant
#
Directory      result/synthesize_PfHDAC1/294/DATABASE/
#
Q000000001/5.807042/0000/R000000001
R000000005/1.000000/0000/Guesstimate
R000000004/1.111111/0283/R000000005
R000000007/1.000000/0000/Guesstimate
R000000008/1.000000/0000/Guesstimate
R000000006/2.222222/0003/R000000007/R000000008
R000000009/1.000000/0000/Guesstimate
R000000010/1.000000/0000/Guesstimate
R000000006/2.222222/0112/R000000009/R000000010
R000000003/3.703704/0112/R000000004/R000000006
R000000012/1.000000/0000/Guesstimate
R000000011/2.345679/0112/R000000004/R000000012
R000000013/1.000000/0000/Guesstimate
R000000003/3.717421/0138/R000000011/R000000013
R000000014/1.000000/0000/Guesstimate
R000000002/5.226338/0061/R000000003/R000000014
R000000015/1.000000/0000/Guesstimate
R000000002/5.226338/0062/R000000003/R000000015
R000000001/5.807042/0147/R000000002
R000000017/3.717421/0061/R000000011/R000000014
R000000017/3.717421/0062/R000000011/R000000015
R000000020/1.000000/0000/Guesstimate
R000000019/1.111111/0228/R000000020
R000000021/1.000000/0000/Guesstimate
R000000022/1.000000/0000/Guesstimate
R000000019/2.222222/0277/R000000021/R000000022
R000000018/1.234568/0024/R000000019
R000000023/1.000000/0000/Guesstimate
R000000018/2.222222/0004/R000000023/R000000022
R000000016/5.502210/0049/R000000017/R000000018
R000000025/4.130468/0041/R000000017
R000000025/4.130468/0233/R000000017
R000000024/4.589409/0155/R000000025
R000000026/4.130468/0147/R000000017
R000000024/4.589409/0293/R000000026
R000000027/1.000000/0000/Guesstimate
R000000016/6.210455/0112/R000000024/R000000027
R000000001/6.113567/0147/R000000016
Q000000002/5.807042/0000/R000000001
Q000000003/4.130468/0000/R000000028
R000000031/1.000000/0000/Guesstimate
M000000033/1.000000/0000/Sigma_BB-332441904
R000000032/1.111111/0118/M000000033
R000000034/1.000000/0000/Guesstimate
R000000032/2.222222/0112/R000000034/M000000033
R000000030/2.345679/0285/R000000031/R000000032
M000000036/1.000000/0000/Sigma_BB-68358511
R000000035/2.222222/0285/R000000031/M000000036
R000000030/2.469136/0204/R000000035
R000000029/3.717421/0159/R000000030/R000000023
R000000038/1.000000/0000/Guesstimate
R000000039/1.000000/0000/Guesstimate
R000000037/2.222222/0276/R000000038/R000000039
R000000041/1.000000/0000/Guesstimate
R000000040/2.222222/0276/R000000041/R000000039
R000000040/2.222222/0278/R000000041/R000000039
R000000037/2.469136/0147/R000000040
R000000044/1.000000/0000/Guesstimate
R000000045/1.000000/0000/Guesstimate
R000000043/2.222222/0279/R000000044/R000000045
R000000043/2.222222/0279/R000000044/R000000045
R000000042/2.469136/0079/R000000043
R000000047/1.000000/0000/Guesstimate
R000000046/2.222222/0279/R000000044/R000000047
R000000046/2.222222/0279/R000000044/R000000047
R000000042/2.469136/0082/R000000046
R000000029/5.212621/0159/R000000037/R000000042
R000000028/4.130468/0059/R000000029
R000000051/1.000000/0000/Guesstimate
R000000050/3.717421/0159/R000000030/R000000051
R000000049/4.130468/0059/R000000050
R000000052/1.000000/0000/Guesstimate
R000000049/5.241580/0224/R000000050/R000000052
R000000048/4.589409/0213/R000000049
R000000028/5.099344/0197/R000000048
Q000000004/Analysis Failed
<NEXT>