#
#  Reaction log file
#  Author: LigBuilder V3 User_Diana
#  Creation time: Fri Apr 10 15:57:03 2026
#  Format:
#  QueryMoleculeId/Cost/SynthesizeId/ReactantId1/ReactantId2/ReactantId3.....
#  Id prefix:
#  Q --- Query Molecule
#  M --- Material
#  R --- Reactant
#
Directory      result/synthesize_PfHDAC1/291/DATABASE/
#
Q000000001/4.130468/0000/R000000001
M000000005/1.000000/0000/Sigma_BB-28836485
R000000004/1.111111/0299/M000000005
R000000006/1.000000/0000/Guesstimate
R000000003/2.345679/0231/R000000004/R000000006
R000000008/1.000000/0000/Guesstimate
R000000007/2.345679/0231/R000000004/R000000008
R000000003/2.606310/0295/R000000007
R000000009/1.000000/0000/Guesstimate
R000000002/3.717421/0174/R000000003/R000000009
R000000011/1.234568/0287/R000000004
R000000010/2.482853/0112/R000000011/R000000009
R000000012/1.234568/0164/R000000004
R000000013/1.000000/0000/Guesstimate
R000000012/2.345679/0174/R000000004/R000000013
R000000014/1.000000/0000/Guesstimate
R000000010/2.482853/0138/R000000012/R000000014
R000000002/3.869837/0231/R000000010/R000000006
R000000001/4.130468/0099/R000000002
R000000016/1.000000/0000/Guesstimate
R000000015/3.717421/0175/R000000003/R000000016
R000000018/1.000000/0000/Guesstimate
R000000017/2.482853/0003/R000000011/R000000018
R000000019/1.000000/0000/Guesstimate
R000000017/2.482853/0049/R000000012/R000000019
R000000015/3.869837/0231/R000000017/R000000006
R000000001/4.130468/0099/R000000015
Q000000002/3.854596/0000/R000000020
M000000023/1.000000/0000/Sigma_BB-326697832
R000000024/1.000000/0000/Guesstimate
R000000022/2.222222/0112/M000000023/R000000024
M000000026/1.000000/0000/Sigma_BB-28423565
R000000025/1.111111/0091/M000000026
M000000027/1.000000/0000/Sigma_BB-28788714
R000000025/1.111111/0299/M000000027
R000000022/2.345679/0174/R000000025/R000000024
R000000021/2.469136/0147/R000000022
M000000030/1.000000/0000/Sigma_BB-28766578
R000000029/2.222222/0175/M000000030/R000000024
R000000029/2.222222/0290/M000000030/R000000024
R000000028/2.469136/0024/R000000029
M000000032/1.000000/0000/Sigma_BB-27340854
R000000031/2.222222/0175/M000000032/R000000024
M000000035/1.000000/0000/Sigma_BB-28792332
R000000034/2.222222/0175/M000000035/R000000024
R000000034/2.222222/0290/M000000035/R000000024
R000000033/2.469136/0139/R000000034
R000000037/1.111111/0139/M000000035
M000000038/1.000000/0000/Sigma_BB-30428214
R000000037/1.111111/0150/M000000038
R000000036/2.345679/0174/R000000037/R000000024
R000000036/2.345679/0289/R000000037/R000000024
R000000033/2.606310/0147/R000000036
R000000031/2.743484/0082/R000000033
R000000028/2.469136/0040/R000000031
R000000021/2.743484/0091/R000000028
M000000039/1.000000/0000/Sigma_BB-187814549
R000000020/3.854596/0112/R000000021/M000000039
M000000042/1.000000/0000/Sigma_BB-187814628
R000000041/2.345679/0231/R000000037/M000000042
M000000044/1.000000/0000/Sigma_BB-27944466
M000000045/1.000000/0000/Sigma_BB-28464785
R000000043/2.222222/0231/M000000044/M000000045
R000000041/2.469136/0197/R000000043
R000000040/3.717421/0175/R000000041/R000000024
R000000040/3.854596/0231/R000000033/M000000042
R000000020/4.130468/0082/R000000040
Q000000003/8.108521/0000/R000000046
R000000050/1.000000/0000/Guesstimate
R000000049/1.111111/0283/R000000050
R000000051/1.000000/0000/Guesstimate
R000000048/2.345679/0112/R000000049/R000000051
R000000053/1.000000/0000/Guesstimate
R000000052/2.345679/0112/R000000049/R000000053
R000000048/3.717421/0112/R000000052/R000000013
R000000054/1.000000/0000/Guesstimate
R000000047/3.717421/0061/R000000048/R000000054
R000000056/2.606310/0040/R000000048
R000000055/4.007011/0063/R000000056/R000000054
R000000057/1.000000/0000/Guesstimate
R000000055/4.007011/0064/R000000056/R000000057
R000000047/4.452235/0204/R000000055
R000000059/1.000000/0000/Guesstimate
R000000061/1.000000/0000/Guesstimate
R000000062/1.000000/0000/Guesstimate
R000000060/2.222222/0004/R000000061/R000000062
R000000064/1.000000/0000/Guesstimate
R000000063/2.222222/0004/R000000064/R000000062
R000000060/2.469136/0187/R000000063
R000000058/3.580247/0119/R000000059/R000000060
R000000066/2.469136/0086/R000000060
R000000066/2.469136/0091/R000000060
R000000067/1.000000/0000/Guesstimate
R000000065/3.854596/0112/R000000066/R000000067
M000000069/1.000000/0000/Sigma_BB-28427694
R000000068/3.580247/0212/M000000069/R000000060
R000000068/3.580247/0212/M000000069/R000000060
R000000065/3.978053/0065/R000000068
R000000058/4.282884/0153/R000000065
R000000046/8.108521/0224/R000000047/R000000058
R000000073/1.000000/0000/Guesstimate
R000000072/5.241580/0224/R000000047/R000000073
R000000071/5.823977/0024/R000000072
R000000075/1.000000/0000/Guesstimate
R000000074/5.241580/0224/R000000047/R000000075
R000000071/5.823977/0040/R000000074
R000000070/8.940222/0212/R000000071/R000000060
R000000070/8.940222/0212/R000000071/R000000060
R000000046/9.933580/0260/R000000070
Q000000004/8.108521/0000/R000000046
<NEXT>