#
#  Reaction log file
#  Author: LigBuilder V3 User_Diana
#  Creation time: Fri Apr 10 15:52:10 2026
#  Format:
#  QueryMoleculeId/Cost/SynthesizeId/ReactantId1/ReactantId2/ReactantId3.....
#  Id prefix:
#  Q --- Query Molecule
#  M --- Material
#  R --- Reactant
#
Directory      result/synthesize_PfHDAC1/89/DATABASE/
#
Q000000001/3.854596/0000/R000000001
M000000002/1.000000/0000/Sigma_BB-28666431
R000000005/1.000000/0000/Guesstimate
R000000006/1.000000/0000/Guesstimate
R000000004/2.222222/0004/R000000005/R000000006
R000000003/2.469136/0009/R000000004
R000000009/1.000000/0000/Guesstimate
R000000010/1.000000/0000/Guesstimate
R000000008/2.222222/0224/R000000009/R000000010
R000000007/2.469136/0285/R000000008
R000000011/2.469136/0197/R000000004
R000000007/2.743484/0260/R000000011
R000000003/2.743484/0079/R000000007
R000000001/3.854596/0056/M000000002/R000000003
M000000012/1.000000/0000/Sigma_BB-150552076
R000000001/3.854596/0080/M000000012/R000000003
Q000000002/Analysis Failed
Q000000003/Analysis Failed
Q000000004/Analysis Failed
<NEXT>