#
#  Reaction log file
#  Author: LigBuilder V3 User_Diana
#  Creation time: Fri Apr 10 15:50:38 2026
#  Format:
#  QueryMoleculeId/Cost/SynthesizeId/ReactantId1/ReactantId2/ReactantId3.....
#  Id prefix:
#  Q --- Query Molecule
#  M --- Material
#  R --- Reactant
#
Directory      result/synthesize_PfHDAC1/22/DATABASE/
#
Q000000001/9.700000/0000/R000000001
R000000004/8.300000/0000/Guesstimate
R000000003/9.222222/0156/R000000004
R000000005/8.800000/0000/Guesstimate
R000000003/9.777779/0059/R000000005
R000000002/9.222222/0044/R000000003
R000000002/9.700000/0156/R000000006
R000000001/9.400000/0152/R000000002
R000000008/9.300000/0000/Guesstimate
R000000007/9.300000/0228/R000000008
R000000007/9.300000/0286/R000000008
R000000001/10.000000/0156/R000000007
Q000000002/9.700000/0000/R000000001
Q000000003/2.469136/0000/R000000009
M000000011/1.000000/0000/Sigma_BB-188062344
R000000012/1.000000/0000/Guesstimate
R000000010/2.222222/0004/M000000011/R000000012
M000000018/1.000000/0000/Sigma_BB-34690477
R000000017/2.222222/0004/M000000018/R000000012
R000000016/2.469136/0197/R000000017
R000000015/2.743484/0044/R000000016
R000000019/9.900000/0000/Guesstimate
R000000015/9.900000/0155/R000000019
R000000014/3.048316/0152/R000000015
R000000013/3.387018/0118/R000000014
R000000020/1.000000/0000/Guesstimate
R000000013/4.498129/0112/R000000014/R000000020
R000000010/3.763354/0040/R000000013
R000000009/2.469136/0153/R000000010
R000000022/2.469136/0153/R000000017
R000000023/2.469136/0086/R000000017
R000000023/2.469136/0091/R000000017
R000000022/2.743484/0154/R000000023
R000000021/2.743484/0044/R000000022
R000000021/3.048316/0156/R000000015
R000000009/3.048316/0152/R000000021
<NEXT>