#
#  Reaction log file
#  Author: LigBuilder V3 User_Diana
#  Creation time: Fri Apr 10 15:57:24 2026
#  Format:
#  QueryMoleculeId/Cost/SynthesizeId/ReactantId1/ReactantId2/ReactantId3.....
#  Id prefix:
#  Q --- Query Molecule
#  M --- Material
#  R --- Reactant
#
Directory      result/synthesize_PfHDAC1/297/DATABASE/
#
Q000000001/3.387018/0000/R000000001
M000000006/1.000000/0000/Sigma_BB-27951613
R000000005/1.111111/0287/M000000006
R000000004/1.234568/0239/R000000005
R000000007/1.111111/0239/M000000006
R000000004/1.234568/0287/R000000007
R000000003/1.371742/0156/R000000004
R000000008/1.371742/0217/R000000004
R000000003/1.524158/0059/R000000008
M000000012/1.000000/0000/Sigma_BB-28764950
R000000011/1.111111/0197/M000000012
R000000010/1.234568/0255/R000000011
R000000009/1.371742/0147/R000000010
R000000014/1.000000/0000/Guesstimate
R000000013/2.345679/0212/R000000014/R000000011
R000000013/2.345679/0212/R000000014/R000000011
R000000009/2.606310/0155/R000000013
R000000002/3.048316/0170/R000000003/R000000009
R000000016/1.000000/0000/Guesstimate
R000000015/2.345679/0212/R000000016/R000000011
R000000017/2.222222/0212/R000000016/M000000012
R000000017/2.222222/0212/R000000016/M000000012
R000000015/2.469136/0197/R000000017
R000000002/3.978052/0170/R000000004/R000000015
R000000001/3.387018/0028/R000000002
M000000022/1.000000/0000/Sigma_BB-28830366
R000000021/1.111111/0085/M000000022
R000000020/1.234568/0255/R000000021
R000000019/1.371742/0147/R000000020
R000000023/2.345679/0212/R000000014/R000000021
R000000023/2.345679/0212/R000000014/R000000021
R000000019/2.606310/0155/R000000023
R000000018/3.048316/0170/R000000003/R000000019
R000000024/2.345679/0212/R000000016/R000000021
R000000026/1.000000/0000/Guesstimate
R000000025/2.222222/0004/R000000026/M000000022
R000000025/2.222222/0277/R000000026/M000000022
R000000024/2.469136/0197/R000000025
R000000018/3.978052/0170/R000000004/R000000024
R000000001/3.387018/0028/R000000018
Q000000002/3.387018/0000/R000000001
Q000000003/Analysis Failed
Q000000004/4.159427/0000/R000000027
R000000028/1.000000/0000/Guesstimate
M000000032/1.000000/0000/Sigma_BB-137499092
R000000033/1.000000/0000/Guesstimate
R000000031/2.222222/0174/M000000032/R000000033
R000000031/2.222222/0289/M000000032/R000000033
R000000030/2.469136/0040/R000000031
R000000029/2.743484/0153/R000000030
R000000034/1.000000/0000/Guesstimate
R000000035/8.100000/0000/Guesstimate
R000000029/9.100000/0274/R000000034/R000000035
R000000027/4.159427/0119/R000000028/R000000029
R000000036/1.000000/0000/Guesstimate
R000000037/1.000000/0000/Guesstimate
R000000027/5.270538/0261/R000000036/R000000029/R000000037
<NEXT>