#
#  Reaction log file
#  Author: LigBuilder V3 User_Diana
#  Creation time: Fri Apr 10 15:56:50 2026
#  Format:
#  QueryMoleculeId/Cost/SynthesizeId/ReactantId1/ReactantId2/ReactantId3.....
#  Id prefix:
#  Q --- Query Molecule
#  M --- Material
#  R --- Reactant
#
Directory      result/synthesize_PfHDAC1/269/DATABASE/
#
Q000000001/4.282884/0000/R000000001
M000000005/1.000000/0000/Sigma_BB-28758610
R000000006/1.000000/0000/Guesstimate
R000000004/2.222222/0231/M000000005/R000000006
R000000003/2.469136/0213/R000000004
R000000008/1.000000/0000/Guesstimate
R000000009/1.000000/0000/Guesstimate
R000000007/2.222222/0279/R000000008/R000000009
R000000007/2.222222/0279/R000000008/R000000009
R000000011/1.000000/0000/Guesstimate
R000000012/1.000000/0000/Guesstimate
R000000010/2.222222/0112/R000000011/R000000012
R000000003/4.938272/0159/R000000007/R000000010
R000000013/1.000000/0000/Guesstimate
R000000002/3.854596/0003/R000000003/R000000013
R000000014/2.743484/0091/R000000003
R000000016/1.000000/0000/Guesstimate
R000000015/2.222222/0279/R000000008/R000000016
R000000015/2.222222/0279/R000000008/R000000016
R000000014/4.938272/0159/R000000015/R000000010
R000000017/1.000000/0000/Guesstimate
R000000002/4.159427/0112/R000000014/R000000017
R000000001/4.282884/0099/R000000002
M000000021/1.000000/0000/Sigma_BB-28823129
R000000022/1.000000/0000/Guesstimate
R000000020/2.222222/0231/M000000021/R000000022
R000000019/3.580247/0231/R000000020/R000000006
R000000023/2.222222/0231/M000000021/R000000006
R000000019/3.580247/0231/R000000023/R000000022
R000000024/1.000000/0000/Guesstimate
R000000018/5.089163/0003/R000000019/R000000024
R000000027/1.000000/0000/Guesstimate
R000000026/3.580247/0231/R000000023/R000000027
R000000025/3.978053/0082/R000000026
R000000028/1.000000/0000/Guesstimate
R000000025/5.089163/0112/R000000019/R000000028
R000000029/1.000000/0000/Guesstimate
R000000018/5.531170/0049/R000000025/R000000029
R000000001/5.654626/0041/R000000018
Q000000002/4.282884/0000/R000000001
Q000000003/Analysis Failed
Q000000004/3.869837/0000/R000000030
R000000034/1.000000/0000/Guesstimate
R000000033/1.111111/0125/R000000034
R000000033/2.222222/0112/R000000034/R000000028
R000000032/1.234568/0040/R000000033
R000000036/1.000000/0000/Guesstimate
R000000035/2.222222/0004/R000000034/R000000036
R000000037/1.000000/0000/Guesstimate
R000000038/1.000000/0000/Guesstimate
R000000035/3.333333/0225/R000000034/R000000037/R000000038
R000000032/2.469136/0216/R000000035
R000000039/1.000000/0000/Guesstimate
R000000031/2.482853/0274/R000000032/R000000039
R000000040/1.371742/0091/R000000032
R000000042/1.000000/0000/Guesstimate
R000000041/2.222222/0112/R000000034/R000000042
R000000040/2.469136/0197/R000000041
R000000043/1.000000/0000/Guesstimate
R000000031/2.635269/0275/R000000040/R000000043
R000000030/3.869837/0231/M000000005/R000000031
M000000047/1.000000/0000/Sigma_BB-129759676
R000000046/1.111111/0295/M000000047
R000000046/1.371742/0198/R000000032
R000000045/2.345679/0274/R000000046/R000000039
R000000045/2.758726/0198/R000000031
R000000044/3.717421/0231/M000000005/R000000045
R000000048/2.345679/0231/M000000005/R000000046
R000000044/3.717421/0274/R000000048/R000000039
R000000030/4.130468/0295/R000000044
<NEXT>