#
#  Reaction log file
#  Author: LigBuilder V3 User_Diana
#  Creation time: Fri Apr 10 15:53:45 2026
#  Format:
#  QueryMoleculeId/Cost/SynthesizeId/ReactantId1/ReactantId2/ReactantId3.....
#  Id prefix:
#  Q --- Query Molecule
#  M --- Material
#  R --- Reactant
#
Directory      result/synthesize_PfHDAC1/166/DATABASE/
#
Q000000001/Analysis Failed
Q000000002/4.420059/0000/R000000001
R000000005/1.000000/0000/Guesstimate
R000000006/1.000000/0000/Guesstimate
R000000004/2.222222/0279/R000000005/R000000006
R000000004/2.222222/0279/R000000005/R000000006
R000000003/2.469136/0279/R000000004
R000000003/2.469136/0279/R000000004
M000000008/1.000000/0000/Sigma_BB-27948668
R000000007/1.111111/0155/M000000008
R000000011/1.000000/0000/Guesstimate
R000000012/1.000000/0000/Guesstimate
R000000010/2.222222/0004/R000000011/R000000012
R000000013/1.000000/0000/Guesstimate
M000000014/1.000000/0000/Sigma_BB-27941182
R000000010/2.222222/0170/R000000013/M000000014
R000000009/2.469136/0009/R000000010
R000000016/1.000000/0000/Guesstimate
R000000017/1.000000/0000/Guesstimate
R000000015/2.222222/0170/R000000016/R000000017
R000000018/1.000000/0000/Guesstimate
R000000015/2.222222/0170/R000000013/R000000018
R000000009/2.469136/0079/R000000015
R000000007/2.743484/0041/R000000009
R000000002/3.978053/0274/R000000003/R000000007
M000000020/1.000000/0000/Sigma_BB-27262260
R000000019/3.854596/0274/R000000003/M000000020
R000000021/1.000000/0000/Guesstimate
R000000002/5.393995/0274/R000000019/R000000021
R000000001/4.420059/0140/R000000002
R000000024/4.420059/0293/R000000002
R000000023/4.911177/0217/R000000024
R000000025/6.022288/0274/R000000024/R000000021
R000000023/6.691431/0257/R000000025
R000000022/5.456863/0140/R000000023
R000000001/6.063181/0147/R000000022
Q000000003/4.420059/0000/R000000001
<NEXT>