#
#  Reaction log file
#  Author: LigBuilder V3 User_Diana
#  Creation time: Fri Apr 10 15:51:12 2026
#  Format:
#  QueryMoleculeId/Cost/SynthesizeId/ReactantId1/ReactantId2/ReactantId3.....
#  Id prefix:
#  Q --- Query Molecule
#  M --- Material
#  R --- Reactant
#
Directory      result/synthesize_PfHDAC1/40/DATABASE/
#
Q000000001/2.895900/0000/R000000001
M000000004/1.000000/0000/Sigma_BB-150552076
R000000003/1.111111/0091/M000000004
M000000006/1.000000/0000/Sigma_BB-188062344
R000000007/1.000000/0000/Guesstimate
R000000005/2.222222/0112/M000000006/R000000007
R000000003/2.469136/0197/R000000005
R000000010/1.000000/0000/Guesstimate
R000000009/1.111111/0288/R000000010
R000000008/1.234568/0295/R000000009
R000000008/1.234568/0295/R000000009
R000000002/2.606310/0112/R000000003/R000000008
R000000013/1.000000/0000/Guesstimate
R000000014/1.000000/0000/Guesstimate
R000000012/2.222222/0224/R000000013/R000000014
R000000011/2.469136/0285/R000000012
R000000002/3.854596/0112/M000000006/R000000011
R000000001/2.895900/0059/R000000002
R000000017/1.000000/0000/Guesstimate
R000000016/2.222222/0004/M000000006/R000000017
R000000019/1.000000/0000/Guesstimate
R000000018/2.222222/0003/M000000006/R000000019
M000000020/1.000000/0000/Sigma_BB-326532459
R000000021/1.000000/0000/Guesstimate
R000000018/2.222222/0049/M000000020/R000000021
R000000016/2.469136/0040/R000000018
R000000015/3.840878/0004/R000000016/R000000008
R000000022/2.482853/0004/R000000017/R000000008
R000000023/2.482853/0003/R000000008/R000000019
R000000022/2.758726/0040/R000000023
R000000015/3.869837/0004/M000000006/R000000022
R000000001/4.267643/0153/R000000015
Q000000002/2.895900/0000/R000000001
Q000000003/4.572474/0000/R000000024
R000000028/1.000000/0000/Guesstimate
R000000027/2.222222/0004/M000000006/R000000028
M000000030/1.000000/0000/Sigma_BB-243862451
R000000029/2.222222/0004/M000000030/R000000028
R000000027/2.469136/0152/R000000029
R000000026/2.469136/0197/R000000027
R000000026/2.469136/0197/R000000027
R000000033/1.000000/0000/Guesstimate
R000000032/1.111111/0198/R000000033
R000000032/1.111111/0298/R000000033
R000000031/1.234568/0155/R000000032
R000000035/1.000000/0000/Guesstimate
R000000034/1.111111/0228/R000000035
R000000034/1.111111/0286/R000000035
R000000031/1.234568/0156/R000000034
R000000025/4.115227/0301/R000000026/R000000031
R000000025/4.115227/0301/R000000026/R000000031
R000000024/4.572474/0188/R000000025
R000000039/1.000000/0000/Guesstimate
R000000038/1.111111/0245/R000000039
R000000038/1.111111/0245/R000000039
R000000037/1.234568/0155/R000000038
R000000040/1.234568/0295/R000000038
R000000037/1.371742/0228/R000000040
R000000036/4.115227/0301/R000000026/R000000037
R000000036/4.115227/0301/R000000026/R000000037
R000000024/4.572474/0219/R000000036
<NEXT>