#
#  Reaction log file
#  Author: LigBuilder V3 User_Diana
#  Creation time: Fri Apr 10 15:50:34 2026
#  Format:
#  QueryMoleculeId/Cost/SynthesizeId/ReactantId1/ReactantId2/ReactantId3.....
#  Id prefix:
#  Q --- Query Molecule
#  M --- Material
#  R --- Reactant
#
Directory      result/synthesize_PfHDAC1/29/DATABASE/
#
Q000000001/5.639385/0000/R000000001
M000000004/1.000000/0000/Sigma_BB-188062344
R000000005/1.000000/0000/Guesstimate
R000000003/2.222222/0004/M000000004/R000000005
R000000007/1.000000/0000/Guesstimate
R000000006/2.222222/0004/M000000004/R000000007
R000000008/1.000000/0000/Guesstimate
R000000009/1.000000/0000/Guesstimate
R000000006/3.333333/0225/M000000004/R000000008/R000000009
R000000003/2.469136/0045/R000000006
M000000012/1.000000/0000/Sigma_BB-28764950
R000000011/1.111111/0197/M000000012
M000000013/1.000000/0000/Sigma_BB-27468255
R000000010/2.345679/0212/R000000011/M000000013
R000000014/2.222222/0212/M000000012/M000000013
R000000014/2.222222/0212/M000000012/M000000013
R000000010/2.469136/0197/R000000014
R000000002/5.075447/0212/R000000003/R000000010
R000000002/5.075447/0212/R000000003/R000000010
R000000001/5.639385/0028/R000000002
M000000018/1.000000/0000/Sigma_BB-28830366
R000000017/1.111111/0085/M000000018
R000000016/2.345679/0212/R000000017/M000000013
R000000016/2.345679/0212/R000000017/M000000013
R000000015/5.075447/0212/R000000003/R000000016
R000000015/5.075447/0212/R000000003/R000000016
R000000001/5.639385/0028/R000000015
Q000000002/2.606310/0000/R000000019
M000000022/1.000000/0000/Sigma_BB-150552076
R000000021/1.111111/0091/M000000022
R000000024/1.000000/0000/Guesstimate
R000000023/2.222222/0112/M000000004/R000000024
R000000021/2.469136/0197/R000000023
R000000025/1.000000/0000/Guesstimate
R000000020/2.345679/0112/R000000021/R000000025
R000000027/2.222222/0112/R000000024/R000000025
R000000026/2.469136/0197/R000000027
R000000020/3.854596/0112/M000000004/R000000026
R000000019/2.606310/0059/R000000020
M000000030/1.000000/0000/Sigma_BB-243862451
R000000029/3.854596/0112/M000000030/R000000026
R000000028/4.282884/0059/R000000029
R000000031/1.000000/0000/Guesstimate
R000000028/5.393995/0224/R000000029/R000000031
R000000019/4.758760/0152/R000000028
Q000000003/2.606310/0000/R000000019
Q000000004/2.606310/0000/R000000019
<NEXT>