#
#  Reaction log file
#  Author: LigBuilder V3 User_Diana
#  Creation time: Fri Apr 10 15:53:34 2026
#  Format:
#  QueryMoleculeId/Cost/SynthesizeId/ReactantId1/ReactantId2/ReactantId3.....
#  Id prefix:
#  Q --- Query Molecule
#  M --- Material
#  R --- Reactant
#
Directory      result/synthesize_PfHDAC1/157/DATABASE/
#
Q000000001/3.978053/0000/R000000001
M000000004/1.000000/0000/Sigma_BB-27684699
R000000005/1.000000/0000/Guesstimate
R000000003/2.222222/0119/M000000004/R000000005
R000000007/1.000000/0000/Guesstimate
M000000008/1.000000/0000/Sigma_BB-27928537
R000000006/2.222222/0224/R000000007/M000000008
R000000003/2.469136/0039/R000000006
R000000009/1.000000/0000/Guesstimate
R000000002/3.580247/0119/R000000003/R000000009
R000000010/1.000000/0000/Guesstimate
R000000011/2.222222/0119/M000000008/R000000009
R000000013/1.000000/0000/Guesstimate
R000000012/2.222222/0276/M000000008/R000000013
R000000012/2.222222/0278/M000000008/R000000013
R000000011/2.469136/0204/R000000012
R000000002/3.580247/0224/R000000010/R000000011
R000000001/3.978053/0285/R000000002
Q000000002/3.978053/0000/R000000001
Q000000003/3.978053/0000/R000000001
<NEXT>