#
#  Reaction log file
#  Author: LigBuilder V3 User_Diana
#  Creation time: Fri Apr 10 15:55:41 2026
#  Format:
#  QueryMoleculeId/Cost/SynthesizeId/ReactantId1/ReactantId2/ReactantId3.....
#  Id prefix:
#  Q --- Query Molecule
#  M --- Material
#  R --- Reactant
#
Directory      result/synthesize_PfHDAC1/230/DATABASE/
#
Q000000001/4.282884/0000/R000000001
M000000005/1.000000/0000/Sigma_BB-247279222
M000000006/1.000000/0000/Sigma_BB-28926230
R000000004/2.222222/0231/M000000005/M000000006
R000000003/2.469136/0294/R000000004
M000000008/1.000000/0000/Sigma_BB-28780452
R000000007/1.111111/0257/M000000008
R000000009/1.000000/0000/Guesstimate
M000000010/1.000000/0000/Sigma_BB-28825169
R000000007/2.222222/0003/R000000009/M000000010
R000000012/1.000000/0000/Guesstimate
R000000013/1.000000/0000/Guesstimate
R000000011/2.222222/0279/R000000012/R000000013
R000000011/2.222222/0279/R000000012/R000000013
R000000003/3.703704/0159/R000000007/R000000011
R000000014/1.000000/0000/Guesstimate
R000000002/3.854596/0175/R000000003/R000000014
R000000002/3.854596/0290/R000000003/R000000014
R000000001/4.282884/0024/R000000002
R000000018/1.000000/0000/Guesstimate
R000000017/1.111111/0125/R000000018
R000000019/1.000000/0000/Guesstimate
R000000017/2.222222/0112/R000000019/R000000018
R000000016/2.469136/0159/R000000007/R000000017
R000000015/3.854596/0175/R000000016/R000000014
R000000015/3.854596/0290/R000000016/R000000014
R000000001/4.282884/0040/R000000015
Q000000002/5.393995/0000/R000000020
M000000024/1.000000/0000/Sigma_BB-27736991
R000000025/1.000000/0000/Guesstimate
R000000023/2.222222/0231/M000000024/R000000025
R000000022/2.469136/0294/R000000023
R000000027/1.000000/0000/Guesstimate
R000000026/2.222222/0003/R000000009/R000000027
R000000029/1.000000/0000/Guesstimate
R000000028/2.222222/0279/R000000012/R000000029
R000000028/2.222222/0279/R000000012/R000000029
R000000022/4.938272/0159/R000000026/R000000028
R000000021/3.854596/0175/R000000022/R000000014
R000000030/1.000000/0000/Guesstimate
R000000020/5.393995/0122/R000000021/R000000030
R000000033/3.854596/0003/R000000022/R000000009
R000000033/3.854596/0277/R000000022/R000000030
R000000032/4.282884/0041/R000000033
R000000035/1.000000/0000/Guesstimate
R000000034/3.580247/0301/R000000026/R000000035
R000000034/3.580247/0301/R000000026/R000000035
R000000032/6.447188/0159/R000000034/R000000028
R000000031/5.869872/0175/R000000032/R000000014
R000000031/5.869872/0290/R000000032/R000000014
R000000020/6.522080/0139/R000000031
Q000000003/5.393995/0000/R000000020
<NEXT>