#
#  Reaction log file
#  Author: LigBuilder V3 User_Diana
#  Creation time: Fri Apr 10 15:52:16 2026
#  Format:
#  QueryMoleculeId/Cost/SynthesizeId/ReactantId1/ReactantId2/ReactantId3.....
#  Id prefix:
#  Q --- Query Molecule
#  M --- Material
#  R --- Reactant
#
Directory      result/synthesize_PfHDAC1/105/DATABASE/
#
Q000000001/Analysis Failed
Q000000002/8.317011/0000/R000000001
M000000007/1.000000/0000/Sigma_BB-27936653
R000000006/1.111111/0257/M000000007
R000000008/1.000000/0000/Guesstimate
R000000006/1.111111/0283/R000000008
R000000009/1.000000/0000/Guesstimate
R000000005/2.345679/0226/R000000006/R000000009
R000000011/1.000000/0000/Guesstimate
R000000012/1.000000/0000/Guesstimate
R000000013/1.000000/0000/Guesstimate
R000000010/3.333333/0225/R000000011/R000000012/R000000013
R000000010/3.333333/0225/R000000011/R000000012/R000000013
R000000005/3.703704/0112/R000000010
M000000015/1.000000/0000/Sigma_BB-30399487
R000000014/1.111111/0155/M000000015
R000000016/1.000000/0000/Guesstimate
M000000017/1.000000/0000/Sigma_BB-31058715
R000000014/2.222222/0212/R000000016/M000000017
R000000004/3.840878/0122/R000000005/R000000014
R000000020/1.000000/0000/Guesstimate
R000000019/2.345679/0226/R000000006/R000000020
R000000021/1.000000/0000/Guesstimate
R000000019/2.345679/0277/R000000006/R000000021
R000000022/1.000000/0000/Guesstimate
R000000018/3.717421/0004/R000000019/R000000022
R000000024/1.000000/0000/Guesstimate
R000000023/3.717421/0122/R000000005/R000000024
R000000018/4.130468/0024/R000000023
M000000025/1.000000/0000/Sigma_BB-28759852
R000000004/5.241580/0212/R000000018/M000000025
R000000003/4.267642/0099/R000000004
R000000028/1.000000/0000/Guesstimate
R000000029/1.000000/0000/Guesstimate
R000000027/3.333333/0225/R000000028/R000000012/R000000029
R000000027/3.333333/0225/R000000028/R000000012/R000000029
M000000030/1.000000/0000/Sigma_BB-28807865
R000000026/4.814815/0279/R000000027/M000000030
R000000031/3.333333/0225/R000000028/R000000012/R000000013
R000000031/3.333333/0225/R000000028/R000000012/R000000013
R000000026/4.938272/0122/R000000031/R000000014
R000000003/5.349795/0122/R000000026
R000000034/1.000000/0000/Guesstimate
R000000035/1.000000/0000/Guesstimate
R000000033/2.222222/0274/R000000034/R000000035
R000000032/2.469136/0285/R000000033
R000000039/1.000000/0000/Guesstimate
R000000040/1.000000/0000/Guesstimate
R000000038/2.222222/0274/R000000039/R000000040
R000000037/2.469136/0113/R000000038
R000000042/1.000000/0000/Guesstimate
R000000041/2.222222/0274/R000000035/R000000042
R000000037/2.469136/0141/R000000041
R000000036/2.743484/0099/R000000037
R000000032/3.048316/0204/R000000036
R000000002/7.485310/0181/R000000003/R000000032
M000000047/1.000000/0000/Sigma_BB-28807285
R000000046/1.111111/0293/M000000047
M000000049/1.000000/0000/Sigma_BB-28762228
R000000048/1.111111/0293/M000000049
R000000046/1.234568/0090/R000000048
R000000045/2.345679/0170/R000000046/R000000009
R000000045/3.703704/0122/R000000031
R000000044/3.717421/0122/R000000045/R000000024
R000000043/4.130468/0024/R000000044
R000000050/3.717421/0122/R000000045/R000000034
R000000043/4.130468/0040/R000000050
R000000052/3.854596/0181/R000000032/M000000017
R000000052/3.854596/0285/R000000032/M000000017
R000000051/4.282884/0093/R000000052
R000000054/1.000000/0000/Guesstimate
R000000053/3.854596/0181/R000000032/R000000054
R000000051/5.393995/0004/R000000053/R000000022
R000000002/9.348170/0212/R000000043/R000000051
R000000001/8.317011/0151/R000000002
R000000058/1.000000/0000/Guesstimate
R000000057/2.222222/0181/R000000034/R000000058
R000000059/1.000000/0000/Guesstimate
M000000061/1.000000/0000/Sigma_BB-30410385
R000000060/1.111111/0041/M000000061
R000000062/1.000000/0000/Guesstimate
R000000063/1.000000/0000/Guesstimate
R000000060/2.222222/0180/R000000062/R000000063
R000000057/2.345679/0122/R000000059/R000000060
R000000056/5.212621/0042/R000000057/R000000037
R000000065/1.000000/0000/Guesstimate
R000000064/2.222222/0004/R000000016/R000000065
R000000066/1.000000/0000/Guesstimate
R000000064/3.333333/0225/R000000059/R000000065/R000000066
R000000056/5.212621/0212/R000000064/R000000037
R000000055/8.398111/0122/R000000045/R000000056
R000000068/3.717421/0122/R000000045/R000000059
R000000068/4.589409/0197/R000000043
R000000067/5.365036/0122/R000000068/R000000060
R000000069/5.241580/0122/R000000068/M000000061
R000000069/5.241580/0181/R000000050/R000000062
R000000067/5.823977/0041/R000000069
R000000055/8.704636/0042/R000000067/R000000037
R000000001/9.331235/0099/R000000055
Q000000003/8.317011/0000/R000000001
Q000000004/8.317011/0000/R000000001
<NEXT>