#
#  Reaction log file
#  Author: LigBuilder V3 User_Diana
#  Creation time: Fri Apr 10 15:52:54 2026
#  Format:
#  QueryMoleculeId/Cost/SynthesizeId/ReactantId1/ReactantId2/ReactantId3.....
#  Id prefix:
#  Q --- Query Molecule
#  M --- Material
#  R --- Reactant
#
Directory      result/synthesize_PfHDAC1/120/DATABASE/
#
Q000000001/5.852936/0000/R000000001
M000000005/1.000000/0000/Sigma_BB-343104696
R000000006/1.000000/0000/Guesstimate
R000000004/2.222222/0301/M000000005/R000000006
R000000008/1.000000/0000/Guesstimate
R000000007/2.222222/0301/M000000005/R000000008
M000000011/1.000000/0000/Sigma_BB-243862451
R000000012/1.000000/0000/Guesstimate
R000000010/2.222222/0004/M000000011/R000000012
R000000013/1.000000/0000/Guesstimate
R000000014/1.000000/0000/Guesstimate
R000000010/3.333333/0225/M000000011/R000000013/R000000014
R000000015/1.000000/0000/Guesstimate
R000000009/3.580247/0212/R000000010/R000000015
R000000009/3.580247/0212/R000000010/R000000015
R000000007/3.978053/0152/R000000009
R000000016/1.000000/0000/Guesstimate
R000000004/3.580247/0277/R000000007/R000000016
R000000003/2.469136/0024/R000000004
R000000003/3.580247/0004/R000000007/R000000012
R000000020/1.000000/0000/Guesstimate
R000000019/1.111111/0228/R000000020
R000000019/1.111111/0286/R000000020
R000000018/1.234568/0118/R000000019
R000000021/1.000000/0000/Guesstimate
R000000018/2.345679/0112/R000000019/R000000021
R000000017/1.371742/0040/R000000018
R000000023/1.000000/0000/Guesstimate
R000000024/1.000000/0000/Guesstimate
R000000022/2.222222/0224/R000000023/R000000024
R000000017/2.469136/0004/R000000022
R000000002/4.267642/0212/R000000003/R000000017
R000000027/1.000000/0000/Guesstimate
R000000026/3.580247/0212/R000000010/R000000027
R000000026/3.580247/0212/R000000010/R000000027
R000000025/5.212621/0301/R000000026/R000000019
R000000028/2.345679/0301/R000000008/R000000019
R000000028/2.345679/0301/R000000008/R000000019
R000000025/6.584363/0301/R000000009/R000000028
R000000002/5.791801/0152/R000000025
R000000029/1.000000/0000/Guesstimate
R000000001/5.852936/0018/R000000002/R000000029
M000000033/1.000000/0000/Sigma_BB-30407107
R000000034/1.000000/0000/Guesstimate
R000000032/2.222222/0170/M000000033/R000000034
M000000035/1.000000/0000/Sigma_BB-28775620
R000000036/1.000000/0000/Guesstimate
R000000032/2.222222/0170/M000000035/R000000036
R000000031/2.469136/0186/R000000032
R000000037/2.222222/0170/M000000035/R000000036
R000000031/2.469136/0186/R000000037
R000000030/5.486969/0212/R000000003/R000000031
R000000038/2.222222/0004/M000000005/R000000012
R000000039/2.222222/0277/M000000005/R000000016
R000000040/1.000000/0000/Guesstimate
R000000039/2.222222/0301/M000000005/R000000040
R000000038/2.469136/0024/R000000039
R000000042/2.743484/0197/R000000031
R000000041/4.159427/0004/R000000012/R000000042
M000000044/1.000000/0000/Sigma_BB-28524129
R000000043/3.854596/0212/M000000044/R000000031
R000000043/3.854596/0212/M000000044/R000000031
R000000041/4.282884/0024/R000000043
R000000030/7.090722/0212/R000000038/R000000041
R000000001/6.096632/0041/R000000030
Q000000002/5.852936/0000/R000000001
Q000000003/5.944217/0000/R000000045
R000000048/1.000000/0000/Guesstimate
M000000050/1.000000/0000/Sigma_BB-28764950
R000000049/1.111111/0085/M000000050
R000000047/2.345679/0212/R000000048/R000000049
R000000052/1.000000/0000/Guesstimate
R000000051/2.222222/0004/R000000052/M000000050
R000000051/2.222222/0277/R000000052/M000000050
R000000047/2.469136/0197/R000000051
M000000055/1.000000/0000/Sigma_BB-28776399
M000000056/1.000000/0000/Sigma_BB-30603694
R000000054/2.222222/0212/M000000055/M000000056
R000000054/2.222222/0212/M000000055/M000000056
R000000053/2.469136/0024/R000000054
R000000057/2.222222/0212/R000000015/M000000056
R000000057/2.222222/0212/R000000015/M000000056
R000000053/3.580247/0004/R000000057/R000000012
R000000046/5.349795/0212/R000000047/R000000053
R000000046/5.349795/0212/R000000047/R000000053
R000000045/5.944217/0028/R000000046
R000000060/2.345679/0212/R000000048/R000000049
R000000060/2.345679/0212/R000000048/R000000049
R000000059/2.606310/0093/R000000060
M000000062/1.000000/0000/Sigma_BB-28457967
R000000061/3.717421/0212/R000000060/M000000062
R000000061/3.717421/0212/R000000060/M000000062
R000000059/4.130468/0100/R000000061
R000000064/1.000000/0000/Guesstimate
R000000063/2.222222/0004/R000000012/R000000064
R000000065/2.222222/0212/M000000044/M000000056
R000000065/2.222222/0212/M000000044/M000000056
R000000063/2.469136/0024/R000000065
R000000058/5.365036/0212/R000000059/R000000063
R000000058/5.365036/0212/R000000059/R000000063
R000000045/5.961151/0028/R000000058
Q000000004/Analysis Failed
<NEXT>