#
#  Reaction log file
#  Author: LigBuilder V3 User_Diana
#  Creation time: Fri Apr 10 15:50:34 2026
#  Format:
#  QueryMoleculeId/Cost/SynthesizeId/ReactantId1/ReactantId2/ReactantId3.....
#  Id prefix:
#  Q --- Query Molecule
#  M --- Material
#  R --- Reactant
#
Directory      result/synthesize_PfHDAC1/8/DATABASE/
#
Q000000001/1.371742/0000/R000000001
M000000004/1.000000/0000/Sigma_BB-70737316
R000000003/1.111111/0222/M000000004
M000000006/1.000000/0000/Sigma_BB-88360680
R000000005/1.111111/0222/M000000006
M000000007/1.000000/0000/Sigma_BB-28246511
R000000005/1.111111/0287/M000000007
R000000003/1.234568/0299/R000000005
R000000002/1.234568/0074/R000000003
R000000010/1.000000/0000/Guesstimate
R000000009/2.345679/0175/R000000003/R000000010
R000000009/2.345679/0290/R000000003/R000000010
R000000008/2.606310/0139/R000000009
R000000011/8.400000/0000/Guesstimate
R000000008/9.333333/0222/R000000011
R000000002/2.895900/0082/R000000008
R000000001/1.371742/0041/R000000002
R000000014/1.371742/0104/R000000002
R000000014/1.371742/0104/R000000002
R000000013/1.524158/0257/R000000014
M000000016/1.000000/0000/Sigma_BB-28952787
R000000017/1.000000/0000/Guesstimate
R000000015/2.222222/0285/M000000016/R000000017
R000000013/2.469136/0285/R000000015
R000000012/1.693509/0041/R000000013
R000000020/1.000000/0000/Guesstimate
R000000019/2.222222/0285/R000000020/R000000017
R000000018/2.469136/0285/R000000019
R000000021/2.222222/0285/R000000020/R000000017
R000000018/2.469136/0285/R000000021
R000000012/2.743484/0198/R000000018
R000000001/1.881677/0161/R000000012
Q000000002/1.371742/0000/R000000001
Q000000003/1.371742/0000/R000000001
<NEXT>