#
#  Reaction log file
#  Author: LigBuilder V3 User_Diana
#  Creation time: Fri Apr 10 15:57:17 2026
#  Format:
#  QueryMoleculeId/Cost/SynthesizeId/ReactantId1/ReactantId2/ReactantId3.....
#  Id prefix:
#  Q --- Query Molecule
#  M --- Material
#  R --- Reactant
#
Directory      result/synthesize_PfHDAC1/289/DATABASE/
#
Q000000001/5.531170/0000/R000000001
R000000005/1.000000/0000/Guesstimate
M000000006/1.000000/0000/Sigma_BB-30414215
R000000004/2.222222/0001/R000000005/M000000006
R000000007/1.000000/0000/Guesstimate
R000000004/2.222222/0141/R000000007/M000000006
R000000008/1.000000/0000/Guesstimate
R000000003/3.580247/0122/R000000004/R000000008
R000000010/1.000000/0000/Guesstimate
R000000009/2.222222/0122/R000000010/R000000008
R000000012/1.000000/0000/Guesstimate
R000000013/1.000000/0000/Guesstimate
R000000011/2.222222/0274/R000000012/R000000013
R000000014/1.000000/0000/Guesstimate
R000000015/1.000000/0000/Guesstimate
R000000011/2.222222/0275/R000000014/R000000015
R000000003/4.938272/0279/R000000009/R000000011
R000000002/3.978053/0294/R000000003
R000000018/1.000000/0000/Guesstimate
R000000017/2.222222/0004/R000000018/R000000008
R000000017/2.222222/0277/R000000018/R000000008
M000000020/1.000000/0000/Sigma_BB-28778220
R000000019/2.222222/0004/R000000018/M000000020
R000000019/2.469136/0040/R000000004
R000000016/4.938272/0212/R000000017/R000000019
R000000016/4.938272/0212/R000000017/R000000019
R000000002/5.486969/0296/R000000016
R000000021/1.000000/0000/Guesstimate
R000000001/5.531170/0004/R000000002/R000000021
R000000023/1.000000/0000/Guesstimate
R000000022/5.531170/0277/R000000002/R000000023
R000000024/1.000000/0000/Guesstimate
R000000022/5.531170/0301/R000000002/R000000024
R000000001/6.145744/0024/R000000022
Q000000002/4.420059/0000/R000000025
M000000029/1.000000/0000/Sigma_BB-247279222
R000000030/1.000000/0000/Guesstimate
R000000028/2.222222/0232/M000000029/R000000030
R000000031/1.000000/0000/Guesstimate
R000000027/3.580247/0301/R000000028/R000000031
R000000027/3.580247/0301/R000000028/R000000031
R000000026/3.978053/0287/R000000027
R000000025/4.420059/0024/R000000026
M000000035/1.000000/0000/Sigma_BB-30391580
R000000036/1.000000/0000/Guesstimate
R000000034/2.222222/0004/M000000035/R000000036
R000000037/1.000000/0000/Guesstimate
R000000038/1.000000/0000/Guesstimate
R000000034/3.333333/0225/M000000035/R000000037/R000000038
R000000039/1.000000/0000/Guesstimate
R000000033/3.580247/0212/R000000034/R000000039
R000000041/1.000000/0000/Guesstimate
R000000040/2.222222/0004/M000000035/R000000041
R000000042/1.000000/0000/Guesstimate
R000000040/3.333333/0225/M000000035/R000000042/R000000038
R000000043/1.000000/0000/Guesstimate
R000000033/3.580247/0212/R000000040/R000000043
R000000046/1.000000/0000/Guesstimate
R000000047/1.000000/0000/Guesstimate
R000000045/2.222222/0174/R000000046/R000000047
R000000045/2.222222/0289/R000000046/R000000047
R000000044/2.469136/0197/R000000045
R000000048/7.400000/0000/Guesstimate
R000000044/8.222222/0091/R000000048
R000000032/6.721537/0112/R000000033/R000000044
M000000051/1.000000/0000/Sigma_BB-28426400
R000000050/2.222222/0004/M000000051/R000000036
R000000050/3.333333/0225/M000000051/R000000037/R000000038
R000000049/3.580247/0212/R000000050/R000000039
R000000052/2.222222/0004/M000000051/R000000041
R000000052/3.333333/0225/M000000051/R000000042/R000000038
R000000049/3.580247/0212/R000000052/R000000043
R000000032/6.721537/0174/R000000049/R000000044
R000000025/7.468375/0025/R000000032
Q000000003/4.420059/0000/R000000025
<NEXT>