#
#  Reaction log file
#  Author: LigBuilder V3 User_Diana
#  Creation time: Fri Apr 10 15:54:56 2026
#  Format:
#  QueryMoleculeId/Cost/SynthesizeId/ReactantId1/ReactantId2/ReactantId3.....
#  Id prefix:
#  Q --- Query Molecule
#  M --- Material
#  R --- Reactant
#
Directory      result/synthesize_PfHDAC1/218/DATABASE/
#
Q000000001/7.468375/0000/R000000001
R000000005/1.000000/0000/Guesstimate
M000000006/1.000000/0000/Sigma_BB-27191844
R000000004/2.222222/0004/R000000005/M000000006
R000000007/1.000000/0000/Guesstimate
R000000003/3.580247/0212/R000000004/R000000007
R000000003/3.580247/0212/R000000004/R000000007
R000000010/1.000000/0000/Guesstimate
R000000009/2.222222/0004/R000000010/R000000007
M000000011/1.000000/0000/Sigma_BB-27941182
R000000012/1.000000/0000/Guesstimate
R000000009/2.222222/0170/M000000011/R000000012
R000000008/2.469136/0009/R000000009
R000000014/1.000000/0000/Guesstimate
R000000015/1.000000/0000/Guesstimate
R000000013/2.222222/0170/R000000014/R000000015
R000000016/1.000000/0000/Guesstimate
R000000013/2.222222/0170/R000000016/R000000012
R000000008/2.469136/0079/R000000013
R000000002/6.721537/0170/R000000003/R000000008
R000000019/1.000000/0000/Guesstimate
R000000018/5.089163/0170/R000000003/R000000019
R000000020/1.000000/0000/Guesstimate
R000000018/5.089163/0224/R000000003/R000000020
R000000017/5.654626/0059/R000000018
R000000021/5.089163/0170/R000000003/R000000012
R000000021/5.089163/0224/R000000003/R000000019
R000000017/5.654626/0156/R000000021
R000000002/7.394029/0170/R000000017/R000000019
R000000001/7.468375/0041/R000000002
R000000026/1.000000/0000/Guesstimate
R000000025/2.222222/0004/R000000005/R000000026
M000000027/1.000000/0000/Sigma_BB-28828720
R000000024/3.580247/0212/R000000025/M000000027
R000000024/3.580247/0212/R000000025/M000000027
R000000028/1.000000/0000/Guesstimate
R000000023/5.089163/0170/R000000024/R000000028
R000000030/2.469136/0204/R000000025
R000000029/3.854596/0224/R000000030/R000000015
R000000031/1.000000/0000/Guesstimate
R000000023/5.393995/0170/R000000029/R000000031
R000000034/1.000000/0000/Guesstimate
R000000035/1.000000/0000/Guesstimate
R000000033/2.222222/0158/R000000034/R000000035
R000000033/2.222222/0158/R000000034/R000000035
R000000032/2.469136/0188/R000000033
R000000037/1.000000/0000/Guesstimate
R000000036/2.222222/0158/R000000037/R000000035
R000000036/2.222222/0158/R000000037/R000000035
R000000032/2.469136/0188/R000000036
R000000022/8.398110/0274/R000000023/R000000032
R000000039/2.469136/0197/R000000025
R000000038/5.486969/0274/R000000039/R000000032
R000000042/1.000000/0000/Guesstimate
R000000041/2.222222/0170/R000000042/R000000019
R000000043/1.000000/0000/Guesstimate
R000000041/2.222222/0170/R000000010/R000000043
R000000040/2.469136/0041/R000000041
R000000045/1.000000/0000/Guesstimate
R000000044/2.222222/0170/R000000045/R000000028
R000000046/1.000000/0000/Guesstimate
R000000044/2.222222/0170/R000000046/R000000031
R000000040/2.469136/0155/R000000044
R000000022/8.840117/0301/R000000038/R000000040
R000000001/9.331234/0160/R000000022
Q000000002/Analysis Failed
Q000000003/7.468375/0000/R000000001
Q000000004/Analysis Failed
<NEXT>