#
#  Reaction log file
#  Author: LigBuilder V3 User_Diana
#  Creation time: Fri Apr 10 15:54:51 2026
#  Format:
#  QueryMoleculeId/Cost/SynthesizeId/ReactantId1/ReactantId2/ReactantId3.....
#  Id prefix:
#  Q --- Query Molecule
#  M --- Material
#  R --- Reactant
#
Directory      result/synthesize_PfHDAC1/195/DATABASE/
#
Q000000001/5.365036/0000/R000000001
M000000005/1.000000/0000/Sigma_BB-326697832
R000000004/1.111111/0114/M000000005
R000000006/1.000000/0000/Guesstimate
R000000003/2.345679/0112/R000000004/R000000006
R000000007/2.222222/0112/M000000005/R000000006
R000000003/2.469136/0114/R000000007
R000000008/1.000000/0000/Guesstimate
R000000009/1.000000/0000/Guesstimate
R000000002/4.828533/0261/R000000003/R000000008/R000000009
R000000001/5.365036/0193/R000000002
Q000000002/5.365036/0000/R000000001
Q000000003/4.452235/0000/R000000010
R000000012/1.000000/0000/Guesstimate
R000000015/1.000000/0000/Guesstimate
M000000017/1.000000/0000/Sigma_BB-28771997
R000000016/1.111111/0114/M000000017
R000000014/2.345679/0274/R000000015/R000000016
R000000013/2.606310/0260/R000000014
R000000019/1.000000/0000/Guesstimate
M000000021/1.000000/0000/Sigma_BB-136510147
R000000020/1.111111/0040/M000000021
M000000023/1.000000/0000/Sigma_BB-111879025
R000000022/1.111111/0040/M000000023
R000000024/1.000000/0000/Guesstimate
M000000025/1.000000/0000/Sigma_BB-28766810
R000000022/2.222222/0112/R000000024/M000000025
R000000020/1.234568/0041/R000000022
R000000018/2.345679/0275/R000000019/R000000020
R000000026/1.000000/0000/Guesstimate
R000000018/2.345679/0282/R000000026/R000000020
R000000013/3.717421/0119/R000000018/R000000009
R000000011/4.007011/0112/R000000012/R000000013
R000000028/2.222222/0112/R000000012/R000000026
R000000027/2.469136/0197/R000000028
R000000031/1.000000/0000/Guesstimate
R000000030/2.222222/0004/R000000012/R000000031
R000000033/1.000000/0000/Guesstimate
R000000032/2.222222/0003/R000000012/R000000033
R000000030/2.469136/0040/R000000032
R000000029/2.469136/0216/R000000030
R000000027/2.743484/0091/R000000029
R000000035/1.000000/0000/Guesstimate
R000000034/2.345679/0274/R000000035/R000000016
R000000037/1.000000/0000/Guesstimate
R000000036/2.345679/0275/R000000037/R000000020
R000000036/2.345679/0282/R000000035/R000000020
R000000034/3.717421/0119/R000000036/R000000009
R000000011/5.349795/0112/R000000027/R000000034
R000000010/4.452235/0147/R000000011
R000000039/1.000000/0000/Guesstimate
R000000038/3.456790/0225/R000000012/R000000020/R000000039
R000000038/3.703704/0169/R000000030/R000000020
R000000010/4.951989/0119/R000000038/R000000009
<NEXT>