#
#  Reaction log file
#  Author: LigBuilder V3 User_Diana
#  Creation time: Fri Apr 10 15:53:55 2026
#  Format:
#  QueryMoleculeId/Cost/SynthesizeId/ReactantId1/ReactantId2/ReactantId3.....
#  Id prefix:
#  Q --- Query Molecule
#  M --- Material
#  R --- Reactant
#
Directory      result/synthesize_PfHDAC1/159/DATABASE/
#
Q000000001/7.331201/0000/R000000001
M000000005/1.000000/0000/Sigma_BB-188062344
R000000006/1.000000/0000/Guesstimate
R000000004/2.222222/0004/M000000005/R000000006
R000000008/1.000000/0000/Guesstimate
R000000009/1.000000/0000/Guesstimate
R000000007/2.222222/0169/R000000008/R000000009
R000000007/2.222222/0274/R000000009/R000000009
R000000003/4.938272/0212/R000000004/R000000007
R000000003/4.938272/0212/R000000004/R000000007
R000000010/1.000000/0000/Guesstimate
R000000002/6.598080/0003/R000000003/R000000010
R000000012/5.486969/0300/R000000003
R000000011/7.207744/0001/R000000012/R000000010
R000000013/5.486969/0217/R000000003
R000000011/7.207744/0049/R000000013/R000000009
R000000002/9.119716/0049/R000000011/R000000009
R000000001/7.331201/0059/R000000002
R000000017/1.000000/0000/Guesstimate
R000000016/2.222222/0274/R000000009/R000000017
R000000018/1.000000/0000/Guesstimate
R000000016/2.222222/0275/R000000008/R000000018
R000000015/4.938272/0212/R000000004/R000000016
R000000015/6.096632/0040/R000000013
R000000019/1.000000/0000/Guesstimate
R000000014/6.598080/0003/R000000015/R000000019
R000000022/1.000000/0000/Guesstimate
R000000021/2.222222/0274/R000000009/R000000022
R000000021/2.469136/0197/R000000016
R000000020/4.938272/0212/R000000004/R000000021
R000000020/4.938272/0212/R000000004/R000000021
R000000023/1.000000/0000/Guesstimate
R000000014/6.598080/0112/R000000020/R000000023
R000000001/7.331201/0147/R000000014
Q000000002/7.331201/0000/R000000001
Q000000003/7.331201/0000/R000000001
<NEXT>