#
#  Reaction log file
#  Author: LigBuilder V3 User_Diana
#  Creation time: Fri Apr 10 15:53:24 2026
#  Format:
#  QueryMoleculeId/Cost/SynthesizeId/ReactantId1/ReactantId2/ReactantId3.....
#  Id prefix:
#  Q --- Query Molecule
#  M --- Material
#  R --- Reactant
#
Directory      result/synthesize_PfHDAC1/136/DATABASE/
#
Q000000001/Analysis Failed
Q000000002/5.791801/0000/R000000001
R000000004/1.000000/0000/Guesstimate
R000000005/1.000000/0000/Guesstimate
R000000003/2.222222/0256/R000000004/R000000005
R000000008/1.000000/0000/Guesstimate
R000000007/2.222222/0004/R000000004/R000000008
R000000009/1.000000/0000/Guesstimate
R000000007/2.222222/0256/R000000004/R000000009
R000000006/2.469136/0197/R000000007
R000000011/1.000000/0000/Guesstimate
R000000010/2.222222/0256/R000000004/R000000011
R000000006/2.469136/0293/R000000010
R000000012/1.000000/0000/Guesstimate
R000000003/3.854596/0004/R000000006/R000000012
R000000015/1.000000/0000/Guesstimate
R000000016/1.000000/0000/Guesstimate
R000000014/2.222222/0224/R000000015/R000000016
R000000017/1.000000/0000/Guesstimate
R000000018/1.000000/0000/Guesstimate
R000000014/2.222222/0279/R000000017/R000000018
R000000013/2.469136/0122/R000000014
R000000019/8.500000/0000/Guesstimate
R000000013/9.444445/0188/R000000019
R000000002/5.212621/0003/R000000003/R000000013
R000000021/1.000000/0000/Guesstimate
R000000020/2.222222/0112/R000000004/R000000021
R000000023/1.000000/0000/Guesstimate
R000000022/2.222222/0004/R000000004/R000000023
R000000020/2.469136/0009/R000000022
R000000024/3.854596/0003/R000000012/R000000013
R000000025/2.743484/0125/R000000013
R000000025/3.854596/0112/R000000021/R000000013
R000000026/1.000000/0000/Guesstimate
R000000024/4.159427/0049/R000000025/R000000026
R000000002/6.752020/0011/R000000020/R000000024
R000000001/5.791801/0099/R000000002
R000000030/1.000000/0000/Guesstimate
R000000029/2.222222/0256/R000000004/R000000030
R000000028/2.469136/0155/R000000029
R000000028/2.469136/0197/R000000003
M000000033/1.000000/0000/Sigma_BB-28799125
R000000032/2.222222/0279/M000000033/R000000017
R000000032/2.222222/0279/M000000033/R000000017
R000000031/2.469136/0122/R000000032
R000000031/3.048316/0040/R000000025
R000000027/5.486969/0003/R000000028/R000000031
R000000035/1.000000/0000/Guesstimate
R000000034/3.854596/0003/R000000006/R000000035
M000000037/1.000000/0000/Sigma_BB-28778979
R000000036/3.580247/0212/R000000003/M000000037
R000000036/3.854596/0004/R000000028/R000000023
R000000034/3.978053/0009/R000000036
R000000039/3.854596/0004/R000000008/R000000013
R000000039/3.854596/0256/R000000009/R000000013
R000000038/4.282884/0155/R000000039
R000000040/1.000000/0000/Guesstimate
R000000038/9.100000/0004/R000000040/R000000013
R000000027/9.041644/0049/R000000034/R000000038
R000000001/6.096632/0099/R000000027
Q000000003/5.791801/0000/R000000001
Q000000004/3.978053/0000/R000000041
R000000043/1.000000/0000/Guesstimate
R000000042/3.580247/0003/R000000003/R000000043
R000000044/2.222222/0004/R000000012/R000000043
R000000046/1.000000/0000/Guesstimate
R000000047/1.000000/0000/Guesstimate
R000000045/2.222222/0122/R000000046/R000000047
R000000048/1.000000/0000/Guesstimate
R000000049/1.000000/0000/Guesstimate
R000000045/2.222222/0181/R000000048/R000000049
R000000044/2.469136/0024/R000000045
R000000042/5.212621/0003/R000000006/R000000044
R000000041/3.978053/0099/R000000042
R000000053/1.000000/0000/Guesstimate
R000000052/1.111111/0239/R000000053
R000000054/1.000000/0000/Guesstimate
R000000052/2.222222/0181/R000000054/R000000049
R000000051/1.234568/0024/R000000052
R000000055/1.111111/0125/R000000043
R000000055/2.222222/0112/R000000021/R000000043
R000000051/1.234568/0040/R000000055
R000000050/4.115227/0003/R000000028/R000000051
R000000056/2.222222/0004/R000000040/R000000043
R000000058/1.000000/0000/Guesstimate
R000000057/2.222222/0122/R000000058/R000000047
R000000057/2.469136/0293/R000000045
R000000056/2.469136/0024/R000000057
R000000050/6.752020/0049/R000000034/R000000056
R000000041/4.572474/0099/R000000050
<NEXT>