#
#  Reaction log file
#  Author: LigBuilder V3 User_Diana
#  Creation time: Fri Apr 10 15:51:39 2026
#  Format:
#  QueryMoleculeId/Cost/SynthesizeId/ReactantId1/ReactantId2/ReactantId3.....
#  Id prefix:
#  Q --- Query Molecule
#  M --- Material
#  R --- Reactant
#
Directory      result/synthesize_PfHDAC1/65/DATABASE/
#
Q000000001/4.420059/0000/R000000001
M000000004/1.000000/0000/Sigma_BB-150552076
R000000003/1.111111/0091/M000000004
M000000006/1.000000/0000/Sigma_BB-188062344
R000000007/1.000000/0000/Guesstimate
R000000005/2.222222/0112/M000000006/R000000007
R000000003/2.469136/0197/R000000005
R000000010/1.000000/0000/Guesstimate
R000000011/1.000000/0000/Guesstimate
R000000009/2.222222/0276/R000000010/R000000011
R000000009/2.222222/0278/R000000010/R000000011
R000000008/2.469136/0275/R000000009
R000000012/2.222222/0275/R000000010/R000000011
R000000008/2.469136/0276/R000000012
R000000002/3.978053/0112/R000000003/R000000008
R000000001/4.420059/0059/R000000002
R000000015/1.000000/0000/Guesstimate
R000000014/2.222222/0004/M000000006/R000000015
R000000017/1.000000/0000/Guesstimate
R000000016/2.222222/0003/M000000006/R000000017
M000000018/1.000000/0000/Sigma_BB-326532459
R000000019/1.000000/0000/Guesstimate
R000000016/2.222222/0049/M000000018/R000000019
R000000014/2.469136/0040/R000000016
R000000013/5.212621/0004/R000000014/R000000008
R000000020/3.854596/0004/R000000015/R000000008
R000000021/3.854596/0003/R000000008/R000000017
R000000020/4.282884/0040/R000000021
R000000013/5.393995/0004/M000000006/R000000020
R000000001/5.791801/0153/R000000013
Q000000002/4.420059/0000/R000000001
Q000000003/4.420059/0000/R000000001
<NEXT>