#
#  Reaction log file
#  Author: LigBuilder V3 User_Diana
#  Creation time: Fri Apr 10 15:51:07 2026
#  Format:
#  QueryMoleculeId/Cost/SynthesizeId/ReactantId1/ReactantId2/ReactantId3.....
#  Id prefix:
#  Q --- Query Molecule
#  M --- Material
#  R --- Reactant
#
Directory      result/synthesize_PfHDAC1/44/DATABASE/
#
Q000000001/4.572474/0000/R000000001
M000000005/1.000000/0000/Sigma_BB-188062344
R000000006/1.000000/0000/Guesstimate
R000000004/2.222222/0004/M000000005/R000000006
R000000003/2.469136/0153/R000000004
R000000008/1.000000/0000/Guesstimate
R000000007/2.222222/0004/M000000005/R000000008
R000000003/2.469136/0197/R000000007
R000000011/1.000000/0000/Guesstimate
R000000010/1.111111/0125/R000000011
R000000012/1.000000/0000/Guesstimate
R000000010/2.222222/0112/R000000011/R000000012
R000000009/1.234568/0059/R000000010
R000000014/1.000000/0000/Guesstimate
R000000015/1.000000/0000/Guesstimate
R000000013/2.222222/0003/R000000014/R000000015
R000000017/1.000000/0000/Guesstimate
R000000016/2.222222/0003/R000000017/R000000015
R000000013/2.469136/0156/R000000016
R000000009/2.469136/0147/R000000013
R000000002/4.115227/0170/R000000003/R000000009
R000000018/2.469136/0153/R000000007
R000000019/9.000000/0000/Guesstimate
R000000018/10.000000/0152/R000000019
R000000020/2.469136/0147/R000000016
R000000022/1.000000/0000/Guesstimate
R000000021/2.222222/0112/R000000017/R000000022
R000000020/2.469136/0147/R000000021
R000000002/5.486969/0170/R000000018/R000000020
R000000001/4.572474/0039/R000000002
R000000026/1.000000/0000/Guesstimate
R000000025/3.854596/0170/R000000018/R000000026
R000000027/1.000000/0000/Guesstimate
R000000025/3.854596/0170/R000000003/R000000027
R000000024/4.282884/0039/R000000025
R000000029/1.000000/0000/Guesstimate
R000000028/3.854596/0170/R000000003/R000000029
R000000030/1.000000/0000/Guesstimate
R000000028/3.854596/0224/R000000003/R000000030
R000000024/4.282884/0156/R000000028
R000000023/4.758760/0024/R000000024
R000000033/1.000000/0000/Guesstimate
R000000032/3.854596/0170/R000000018/R000000033
R000000034/1.000000/0000/Guesstimate
R000000032/3.854596/0170/R000000003/R000000034
R000000031/4.282884/0079/R000000032
R000000036/1.000000/0000/Guesstimate
R000000035/3.854596/0170/R000000018/R000000036
R000000037/1.000000/0000/Guesstimate
R000000035/3.854596/0170/R000000003/R000000037
R000000031/4.282884/0082/R000000035
R000000023/4.758760/0040/R000000031
R000000038/1.000000/0000/Guesstimate
R000000001/6.398623/0119/R000000023/R000000038
Q000000002/4.282884/0000/R000000039
R000000041/1.000000/0000/Guesstimate
R000000040/3.854596/0170/R000000018/R000000041
R000000044/1.000000/0000/Guesstimate
R000000043/3.580247/0170/R000000007/R000000044
R000000045/1.000000/0000/Guesstimate
R000000043/3.580247/0170/R000000004/R000000045
R000000042/3.978053/0153/R000000043
R000000047/1.000000/0000/Guesstimate
R000000046/3.854596/0170/R000000018/R000000047
R000000048/1.000000/0000/Guesstimate
R000000046/3.854596/0170/R000000003/R000000048
R000000042/4.282884/0155/R000000046
R000000040/5.531170/0112/R000000042/R000000022
R000000039/4.282884/0147/R000000040
R000000049/5.531170/0003/R000000042/R000000015
R000000049/5.869872/0049/R000000031/R000000006
R000000039/6.145744/0147/R000000049
Q000000003/2.606310/0000/R000000050
M000000053/1.000000/0000/Sigma_BB-150552076
R000000052/1.111111/0091/M000000053
R000000055/1.000000/0000/Guesstimate
R000000054/2.222222/0112/M000000005/R000000055
R000000052/2.469136/0197/R000000054
R000000056/1.000000/0000/Guesstimate
R000000051/2.345679/0112/R000000052/R000000056
R000000058/2.222222/0112/R000000055/R000000056
R000000057/2.469136/0197/R000000058
R000000051/3.854596/0112/M000000005/R000000057
R000000050/2.606310/0059/R000000051
M000000061/1.000000/0000/Sigma_BB-243862451
R000000060/3.854596/0112/M000000061/R000000057
R000000059/4.282884/0059/R000000060
R000000062/1.000000/0000/Guesstimate
R000000059/5.393995/0224/R000000060/R000000062
R000000050/4.758760/0152/R000000059
<NEXT>