#
#  Reaction log file
#  Author: LigBuilder V3 User_Diana
#  Creation time: Fri Apr 10 15:52:58 2026
#  Format:
#  QueryMoleculeId/Cost/SynthesizeId/ReactantId1/ReactantId2/ReactantId3.....
#  Id prefix:
#  Q --- Query Molecule
#  M --- Material
#  R --- Reactant
#
Directory      result/synthesize_PfHDAC1/143/DATABASE/
#
Q000000001/4.282884/0000/R000000001
R000000005/1.000000/0000/Guesstimate
R000000006/1.000000/0000/Guesstimate
R000000004/2.222222/0279/R000000005/R000000006
R000000004/2.222222/0279/R000000005/R000000006
R000000003/2.469136/0279/R000000004
R000000007/2.222222/0279/R000000005/R000000006
R000000007/2.222222/0279/R000000005/R000000006
R000000003/2.469136/0279/R000000007
R000000008/1.000000/0000/Guesstimate
R000000002/3.854596/0274/R000000003/R000000008
M000000011/1.000000/0000/Sigma_BB-28775620
R000000010/3.854596/0274/R000000003/M000000011
R000000012/1.000000/0000/Guesstimate
R000000009/5.393995/0212/R000000010/R000000012
R000000009/5.393995/0212/R000000010/R000000012
R000000013/1.000000/0000/Guesstimate
R000000002/7.104439/0274/R000000009/R000000013
R000000001/4.282884/0140/R000000002
R000000017/1.000000/0000/Guesstimate
R000000016/3.854596/0274/R000000003/R000000017
R000000015/4.282884/0140/R000000016
R000000018/9.500000/0140/R000000003
R000000015/9.400000/0274/R000000018/R000000017
R000000019/1.000000/0000/Guesstimate
R000000014/5.869872/0004/R000000015/R000000019
R000000020/5.393995/0004/R000000016/R000000019
R000000022/1.000000/0000/Guesstimate
R000000023/1.000000/0000/Guesstimate
R000000021/4.965707/0261/R000000003/R000000022/R000000023
R000000020/5.517452/0024/R000000021
R000000014/5.993328/0140/R000000020
R000000001/7.633191/0212/R000000014/R000000012
Q000000002/4.282884/0000/R000000001
Q000000003/Analysis Failed
Q000000004/6.096632/0000/R000000024
R000000028/1.000000/0000/Guesstimate
R000000027/1.111111/0118/R000000028
R000000029/1.000000/0000/Guesstimate
R000000027/2.222222/0112/R000000028/R000000029
R000000031/1.000000/0000/Guesstimate
R000000032/1.000000/0000/Guesstimate
R000000030/2.222222/0003/R000000031/R000000032
R000000030/2.222222/0003/R000000029/R000000012
R000000026/3.703704/0061/R000000027/R000000030
R000000034/1.000000/0000/Guesstimate
R000000033/1.111111/0198/R000000034
R000000033/1.234568/0041/R000000027
R000000026/3.703704/0062/R000000033/R000000030
R000000037/1.000000/0000/Guesstimate
R000000036/1.111111/0297/R000000037
R000000035/1.234568/0239/R000000036
R000000025/5.486969/0256/R000000026/R000000035
R000000024/6.096632/0219/R000000025
R000000024/6.096632/0219/R000000025
<NEXT>