#
#  Reaction log file
#  Author: LigBuilder V3 User_Diana
#  Creation time: Fri Apr 10 15:51:36 2026
#  Format:
#  QueryMoleculeId/Cost/SynthesizeId/ReactantId1/ReactantId2/ReactantId3.....
#  Id prefix:
#  Q --- Query Molecule
#  M --- Material
#  R --- Reactant
#
Directory      result/synthesize_PfHDAC1/83/DATABASE/
#
Q000000001/Analysis Failed
Q000000002/Analysis Failed
Q000000003/4.007011/0000/R000000001
R000000005/1.000000/0000/Guesstimate
R000000004/1.111111/0288/R000000005
R000000006/1.000000/0000/Guesstimate
R000000003/2.345679/0301/R000000004/R000000006
R000000003/2.345679/0301/R000000004/R000000006
R000000002/2.606310/0295/R000000003
R000000007/1.000000/0000/Guesstimate
R000000001/4.007011/0004/R000000002/R000000007
R000000010/1.000000/0000/Guesstimate
R000000009/4.007011/0112/R000000002/R000000010
R000000012/1.000000/0000/Guesstimate
R000000011/4.007011/0112/R000000002/R000000012
R000000009/4.452235/0039/R000000011
R000000008/4.452235/0059/R000000009
R000000013/4.452235/0059/R000000011
R000000015/1.000000/0000/Guesstimate
R000000014/4.007011/0301/R000000002/R000000015
R000000014/4.007011/0301/R000000002/R000000015
R000000013/4.452235/0156/R000000014
R000000008/4.946928/0039/R000000013
R000000001/4.946928/0024/R000000008
Q000000004/4.007011/0000/R000000001
<NEXT>