#
#  Reaction log file
#  Author: LigBuilder V3 User_Diana
#  Creation time: Fri Apr 10 15:55:49 2026
#  Format:
#  QueryMoleculeId/Cost/SynthesizeId/ReactantId1/ReactantId2/ReactantId3.....
#  Id prefix:
#  Q --- Query Molecule
#  M --- Material
#  R --- Reactant
#
Directory      result/synthesize_PfHDAC1/231/DATABASE/
#
Q000000001/4.282884/0000/R000000001
M000000005/1.000000/0000/Sigma_BB-247279222
R000000006/1.000000/0000/Guesstimate
R000000004/2.222222/0231/M000000005/R000000006
R000000003/2.469136/0294/R000000004
R000000008/1.000000/0000/Guesstimate
R000000009/1.000000/0000/Guesstimate
R000000007/2.222222/0003/R000000008/R000000009
R000000011/1.000000/0000/Guesstimate
R000000012/1.000000/0000/Guesstimate
R000000010/2.222222/0279/R000000011/R000000012
R000000010/2.222222/0279/R000000011/R000000012
R000000003/4.938272/0159/R000000007/R000000010
R000000013/1.000000/0000/Guesstimate
R000000002/3.854596/0175/R000000003/R000000013
R000000002/3.854596/0290/R000000003/R000000013
R000000001/4.282884/0024/R000000002
R000000017/1.000000/0000/Guesstimate
R000000016/1.111111/0125/R000000017
R000000018/1.000000/0000/Guesstimate
R000000016/2.222222/0112/R000000018/R000000017
R000000015/3.703704/0159/R000000007/R000000016
R000000014/5.226338/0175/R000000015/R000000013
R000000014/5.226338/0290/R000000015/R000000013
R000000001/5.807042/0040/R000000014
Q000000002/5.393995/0000/R000000019
M000000023/1.000000/0000/Sigma_BB-27736991
R000000024/1.000000/0000/Guesstimate
R000000022/2.222222/0231/M000000023/R000000024
R000000021/2.469136/0294/R000000022
R000000026/1.000000/0000/Guesstimate
R000000025/2.222222/0003/R000000008/R000000026
R000000028/1.000000/0000/Guesstimate
R000000027/2.222222/0279/R000000011/R000000028
R000000027/2.222222/0279/R000000011/R000000028
R000000021/4.938272/0159/R000000025/R000000027
R000000020/3.854596/0175/R000000021/R000000013
R000000029/1.000000/0000/Guesstimate
R000000019/5.393995/0122/R000000020/R000000029
R000000032/3.854596/0003/R000000021/R000000008
R000000032/3.854596/0277/R000000021/R000000029
R000000031/4.282884/0041/R000000032
R000000034/1.000000/0000/Guesstimate
R000000033/3.580247/0301/R000000025/R000000034
R000000033/3.580247/0301/R000000025/R000000034
R000000031/6.447188/0159/R000000033/R000000027
R000000030/5.869872/0175/R000000031/R000000013
R000000030/5.869872/0290/R000000031/R000000013
R000000019/6.522080/0139/R000000030
Q000000003/5.393995/0000/R000000019
Q000000004/6.522080/0000/R000000035
R000000039/1.000000/0000/Guesstimate
R000000038/3.854596/0301/R000000021/R000000039
R000000038/3.854596/0301/R000000021/R000000039
R000000037/4.282884/0204/R000000038
R000000040/3.580247/0301/R000000025/R000000039
R000000040/3.580247/0301/R000000025/R000000039
R000000037/5.212621/0159/R000000040/R000000016
R000000036/5.869872/0175/R000000037/R000000013
R000000036/5.869872/0290/R000000037/R000000013
R000000035/6.522080/0040/R000000036
R000000043/1.000000/0000/Guesstimate
R000000042/5.393995/0119/R000000038/R000000043
R000000042/6.447188/0159/R000000040/R000000010
R000000041/7.104439/0175/R000000042/R000000013
R000000041/7.104439/0290/R000000042/R000000013
R000000035/7.893822/0024/R000000041
<NEXT>