#
#  Reaction log file
#  Author: LigBuilder V3 User_Diana
#  Creation time: Fri Apr 10 15:54:42 2026
#  Format:
#  QueryMoleculeId/Cost/SynthesizeId/ReactantId1/ReactantId2/ReactantId3.....
#  Id prefix:
#  Q --- Query Molecule
#  M --- Material
#  R --- Reactant
#
Directory      result/synthesize_PfHDAC1/206/DATABASE/
#
Q000000001/5.976394/0000/R000000001
R000000003/1.000000/0000/Guesstimate
R000000007/1.000000/0000/Guesstimate
R000000006/1.111111/0040/R000000007
M000000008/1.000000/0000/Sigma_BB-27468255
R000000006/1.111111/0197/M000000008
R000000005/1.234568/0086/R000000006
R000000005/1.234568/0091/R000000006
R000000010/1.000000/0000/Guesstimate
R000000011/1.000000/0000/Guesstimate
R000000009/2.222222/0003/R000000010/R000000011
R000000004/3.840878/0122/R000000005/R000000009
R000000004/3.840878/0122/R000000005/R000000009
R000000002/5.378754/0112/R000000003/R000000004
R000000014/1.000000/0000/Guesstimate
R000000013/2.222222/0112/R000000003/R000000014
R000000012/2.469136/0197/R000000013
R000000017/1.000000/0000/Guesstimate
R000000016/2.222222/0004/R000000003/R000000017
R000000015/2.469136/0153/R000000016
R000000018/2.469136/0086/R000000016
R000000018/2.469136/0091/R000000016
R000000015/2.743484/0154/R000000018
R000000012/2.743484/0260/R000000015
R000000020/2.345679/0003/R000000006/R000000011
R000000019/2.606310/0099/R000000020
R000000021/1.000000/0000/Guesstimate
R000000019/3.580247/0122/R000000021/R000000009
R000000002/5.639385/0112/R000000012/R000000019
R000000001/5.976394/0059/R000000002
R000000025/1.000000/0000/Guesstimate
R000000024/2.222222/0004/R000000003/R000000025
R000000023/3.580247/0212/R000000024/M000000008
R000000023/3.580247/0212/R000000024/M000000008
M000000028/1.000000/0000/Sigma_BB-28764950
R000000027/2.222222/0004/M000000028/R000000011
R000000026/2.469136/0197/R000000027
R000000022/6.721537/0212/R000000023/R000000026
R000000022/6.721537/0212/R000000023/R000000026
R000000001/7.468375/0028/R000000022
Q000000002/Analysis Failed
Q000000003/5.807042/0000/R000000029
R000000033/1.000000/0000/Guesstimate
R000000034/1.000000/0000/Guesstimate
R000000032/2.222222/0224/R000000033/R000000034
R000000036/1.000000/0000/Guesstimate
R000000035/1.111111/0125/R000000036
R000000037/1.000000/0000/Guesstimate
R000000035/2.222222/0112/R000000037/R000000036
R000000031/3.703704/0159/R000000032/R000000035
R000000038/1.000000/0000/Guesstimate
R000000030/5.226338/0175/R000000031/R000000038
R000000030/5.226338/0290/R000000031/R000000038
R000000029/5.807042/0040/R000000030
R000000042/1.000000/0000/Guesstimate
R000000043/1.000000/0000/Guesstimate
R000000041/2.222222/0279/R000000042/R000000043
R000000041/2.222222/0279/R000000042/R000000043
R000000040/4.938272/0159/R000000032/R000000041
R000000039/6.598080/0175/R000000040/R000000038
R000000039/6.598080/0290/R000000040/R000000038
R000000029/7.331201/0024/R000000039
Q000000004/5.807042/0000/R000000029
<NEXT>