#
#  Reaction log file
#  Author: LigBuilder V3 User_Diana
#  Creation time: Fri Apr 10 15:56:33 2026
#  Format:
#  QueryMoleculeId/Cost/SynthesizeId/ReactantId1/ReactantId2/ReactantId3.....
#  Id prefix:
#  Q --- Query Molecule
#  M --- Material
#  R --- Reactant
#
Directory      result/synthesize_PfHDAC1/271/DATABASE/
#
Q000000001/4.946928/0000/R000000001
M000000007/1.000000/0000/Sigma_BB-28760170
R000000006/1.111111/0153/M000000007
M000000008/1.000000/0000/Sigma_BB-28793005
R000000006/1.111111/0193/M000000008
R000000009/1.000000/0000/Guesstimate
R000000005/2.345679/0231/R000000006/R000000009
R000000011/1.000000/0000/Guesstimate
R000000010/2.345679/0231/R000000006/R000000011
R000000005/2.606310/0295/R000000010
R000000004/2.606310/0104/R000000005
R000000004/2.606310/0104/R000000005
R000000003/2.895900/0257/R000000004
R000000013/1.000000/0000/Guesstimate
R000000012/1.111111/0293/R000000013
R000000015/1.000000/0000/Guesstimate
R000000014/1.111111/0293/R000000015
R000000014/1.111111/0293/R000000015
R000000012/1.234568/0090/R000000014
R000000002/4.452235/0274/R000000003/R000000012
R000000001/4.946928/0161/R000000002
R000000018/1.000000/0000/Guesstimate
R000000017/3.717421/0274/R000000005/R000000018
R000000021/1.000000/0000/Guesstimate
R000000020/2.222222/0274/R000000021/R000000018
R000000019/2.469136/0001/R000000020
R000000023/1.000000/0000/Guesstimate
R000000022/2.222222/0274/R000000023/R000000018
R000000022/2.469136/0091/R000000020
R000000019/2.469136/0004/R000000022
R000000016/6.873953/0212/R000000017/R000000019
R000000016/6.873953/0212/R000000017/R000000019
R000000001/7.637726/0099/R000000016
Q000000002/4.946928/0000/R000000001
Q000000003/4.946928/0000/R000000001
<NEXT>