#
#  Reaction log file
#  Author: LigBuilder V3 User_Diana
#  Creation time: Fri Apr 10 15:51:38 2026
#  Format:
#  QueryMoleculeId/Cost/SynthesizeId/ReactantId1/ReactantId2/ReactantId3.....
#  Id prefix:
#  Q --- Query Molecule
#  M --- Material
#  R --- Reactant
#
Directory      result/synthesize_PfHDAC1/78/DATABASE/
#
Q000000001/4.420059/0000/R000000001
M000000005/1.000000/0000/Sigma_BB-28721388
R000000006/1.000000/0000/Guesstimate
R000000004/2.222222/0285/M000000005/R000000006
R000000003/2.469136/0280/R000000004
R000000007/2.222222/0280/M000000005/R000000006
R000000003/2.469136/0285/R000000007
M000000009/1.000000/0000/Sigma_BB-28764950
R000000008/1.111111/0197/M000000009
R000000002/3.978053/0212/R000000003/R000000008
R000000002/3.978053/0212/R000000003/R000000008
R000000001/4.420059/0028/R000000002
M000000012/1.000000/0000/Sigma_BB-28830366
R000000011/1.111111/0085/M000000012
M000000014/1.000000/0000/Sigma_BB-130314282
R000000013/1.111111/0228/M000000014
R000000013/1.111111/0286/M000000014
R000000011/1.234568/0100/R000000013
R000000010/3.978053/0212/R000000003/R000000011
R000000010/3.978053/0212/R000000003/R000000011
R000000001/4.420059/0028/R000000010
Q000000002/4.282884/0000/R000000015
R000000019/1.000000/0000/Guesstimate
R000000020/1.000000/0000/Guesstimate
R000000018/2.222222/0224/R000000019/R000000020
R000000017/2.469136/0285/R000000018
R000000017/2.469136/0285/R000000018
R000000021/1.000000/0000/Guesstimate
R000000016/3.854596/0012/R000000017/R000000021
R000000023/1.000000/0000/Guesstimate
R000000022/3.854596/0285/R000000017/R000000023
R000000024/3.580247/0285/R000000018/R000000023
R000000022/3.978053/0285/R000000024
R000000025/1.000000/0000/Guesstimate
R000000016/5.393995/0095/R000000022/R000000025
R000000015/4.282884/0059/R000000016
R000000029/1.000000/0000/Guesstimate
R000000028/3.854596/0277/R000000017/R000000029
R000000027/4.282884/0217/R000000028
R000000031/1.000000/0000/Guesstimate
R000000030/3.854596/0011/R000000017/R000000031
R000000032/1.000000/0000/Guesstimate
R000000030/5.393995/0274/R000000028/R000000032
R000000027/4.282884/0257/R000000030
R000000026/4.758760/0059/R000000027
R000000035/1.000000/0000/Guesstimate
R000000034/5.869872/0049/R000000027/R000000035
R000000033/6.522080/0040/R000000034
R000000026/7.246756/0153/R000000033
R000000015/6.398623/0122/R000000026/R000000025
Q000000003/Analysis Failed
<NEXT>