#
#  Reaction log file
#  Author: LigBuilder V3 User_Diana
#  Creation time: Fri Apr 10 15:54:30 2026
#  Format:
#  QueryMoleculeId/Cost/SynthesizeId/ReactantId1/ReactantId2/ReactantId3.....
#  Id prefix:
#  Q --- Query Molecule
#  M --- Material
#  R --- Reactant
#
Directory      result/synthesize_PfHDAC1/205/DATABASE/
#
Q000000001/Analysis Failed
Q000000002/Analysis Failed
Q000000003/6.096632/0000/R000000001
R000000005/1.000000/0000/Guesstimate
R000000006/1.000000/0000/Guesstimate
R000000004/2.222222/0279/R000000005/R000000006
R000000004/2.222222/0279/R000000005/R000000006
R000000003/2.469136/0279/R000000004
R000000007/2.222222/0279/R000000005/R000000006
R000000007/2.222222/0279/R000000005/R000000006
R000000003/2.469136/0279/R000000007
R000000010/1.000000/0000/Guesstimate
M000000011/1.000000/0000/Sigma_BB-27922985
R000000009/2.222222/0224/R000000010/M000000011
R000000008/2.469136/0155/R000000009
R000000013/1.000000/0000/Guesstimate
R000000012/2.222222/0224/R000000013/M000000011
R000000008/2.469136/0197/R000000012
R000000002/5.486969/0274/R000000003/R000000008
R000000016/1.000000/0000/Guesstimate
R000000015/3.580247/0274/R000000007/R000000016
R000000014/3.978053/0279/R000000015
R000000018/1.000000/0000/Guesstimate
R000000017/3.854596/0274/R000000003/R000000018
R000000014/4.282884/0155/R000000017
R000000021/1.000000/0000/Guesstimate
R000000020/2.222222/0224/R000000021/M000000011
R000000019/2.469136/0197/R000000020
R000000022/8.200000/0000/Guesstimate
R000000019/9.111111/0155/R000000022
R000000002/7.163543/0301/R000000014/R000000019
R000000001/6.096632/0140/R000000002
R000000024/2.743484/0140/R000000003
R000000026/1.000000/0000/Guesstimate
M000000029/1.000000/0000/Sigma_BB-234767090
R000000028/1.111111/0125/M000000029
R000000030/1.000000/0000/Guesstimate
R000000028/2.222222/0112/M000000029/R000000030
R000000027/1.234568/0040/R000000028
M000000032/1.000000/0000/Sigma_BB-187206312
R000000033/1.000000/0000/Guesstimate
R000000031/2.222222/0004/M000000032/R000000033
R000000034/1.000000/0000/Guesstimate
R000000035/1.000000/0000/Guesstimate
R000000031/3.333333/0225/M000000032/R000000034/R000000035
R000000027/2.469136/0073/R000000031
R000000025/2.482853/0224/R000000026/R000000027
R000000036/2.345679/0224/R000000026/R000000028
R000000025/2.606310/0040/R000000036
R000000023/5.807042/0274/R000000024/R000000025
R000000039/1.000000/0000/Guesstimate
R000000038/4.159427/0274/R000000024/R000000039
R000000037/4.621586/0079/R000000038
R000000041/1.000000/0000/Guesstimate
R000000040/4.159427/0274/R000000024/R000000041
R000000037/4.621586/0082/R000000040
R000000023/6.506838/0224/R000000037/R000000027
R000000001/6.452269/0153/R000000023
<NEXT>