#
#  Reaction log file
#  Author: LigBuilder V3 User_Diana
#  Creation time: Fri Apr 10 15:50:35 2026
#  Format:
#  QueryMoleculeId/Cost/SynthesizeId/ReactantId1/ReactantId2/ReactantId3.....
#  Id prefix:
#  Q --- Query Molecule
#  M --- Material
#  R --- Reactant
#
Directory      result/synthesize_PfHDAC1/15/DATABASE/
#
Q000000001/4.420059/0000/R000000001
R000000005/1.000000/0000/Guesstimate
R000000006/1.000000/0000/Guesstimate
R000000004/2.222222/0285/R000000005/R000000006
R000000007/1.000000/0000/Guesstimate
R000000003/3.580247/0049/R000000004/R000000007
R000000009/1.000000/0000/Guesstimate
R000000010/1.000000/0000/Guesstimate
R000000008/2.222222/0112/R000000009/R000000010
R000000011/1.000000/0000/Guesstimate
R000000008/2.222222/0285/R000000011/R000000006
R000000012/1.000000/0000/Guesstimate
R000000003/3.580247/0095/R000000008/R000000012
R000000002/3.978053/0285/R000000003
R000000014/2.222222/0285/R000000005/R000000006
R000000013/3.580247/0049/R000000007/R000000014
R000000016/1.000000/0000/Guesstimate
R000000017/1.000000/0000/Guesstimate
R000000015/2.222222/0112/R000000016/R000000017
R000000015/2.222222/0285/R000000006/R000000011
R000000013/3.580247/0095/R000000012/R000000015
R000000002/3.978053/0285/R000000013
R000000001/4.420059/0161/R000000002
R000000001/4.420059/0161/R000000002
Q000000002/4.420059/0000/R000000001
Q000000003/4.420059/0000/R000000001
<NEXT>