#
#  Reaction log file
#  Author: LigBuilder V3 User_Diana
#  Creation time: Fri Apr 10 15:50:35 2026
#  Format:
#  QueryMoleculeId/Cost/SynthesizeId/ReactantId1/ReactantId2/ReactantId3.....
#  Id prefix:
#  Q --- Query Molecule
#  M --- Material
#  R --- Reactant
#
Directory      result/synthesize_PfHDAC1/21/DATABASE/
#
Q000000001/2.895900/0000/R000000001
M000000005/1.000000/0000/Sigma_BB-150552076
R000000004/1.111111/0091/M000000005
R000000006/1.000000/0000/Guesstimate
R000000003/2.345679/0112/R000000004/R000000006
R000000008/1.000000/0000/Guesstimate
R000000007/2.345679/0112/R000000004/R000000008
R000000003/2.606310/0082/R000000007
R000000002/2.606310/0059/R000000003
R000000009/2.606310/0059/R000000007
R000000010/1.000000/0000/Guesstimate
R000000009/3.717421/0224/R000000007/R000000010
R000000002/2.895900/0082/R000000009
R000000001/2.895900/0041/R000000002
M000000013/1.000000/0000/Sigma_BB-188062344
R000000014/1.000000/0000/Guesstimate
R000000012/2.222222/0112/M000000013/R000000014
R000000015/1.000000/0000/Guesstimate
R000000012/2.345679/0112/R000000004/R000000015
R000000011/2.469136/0059/R000000012
M000000018/1.000000/0000/Sigma_BB-243862451
R000000017/2.222222/0112/M000000018/R000000014
R000000016/2.469136/0059/R000000017
R000000016/3.580247/0224/R000000017/R000000010
R000000011/2.743484/0152/R000000016
R000000019/1.000000/0000/Guesstimate
R000000001/3.854596/0018/R000000011/R000000019
Q000000002/2.895900/0000/R000000001
Q000000003/2.895900/0000/R000000001
<NEXT>