#
#  Reaction log file
#  Author: LigBuilder V3 User_Diana
#  Creation time: Fri Apr 10 15:52:11 2026
#  Format:
#  QueryMoleculeId/Cost/SynthesizeId/ReactantId1/ReactantId2/ReactantId3.....
#  Id prefix:
#  Q --- Query Molecule
#  M --- Material
#  R --- Reactant
#
Directory      result/synthesize_PfHDAC1/92/DATABASE/
#
Q000000001/4.420059/0000/R000000001
M000000005/1.000000/0000/Sigma_BB-28710871
R000000006/1.000000/0000/Guesstimate
R000000004/2.222222/0285/M000000005/R000000006
R000000003/2.469136/0001/R000000004
R000000008/1.000000/0000/Guesstimate
R000000007/2.222222/0285/M000000005/R000000008
R000000007/2.469136/0091/R000000004
R000000003/2.469136/0004/R000000007
R000000010/1.000000/0000/Guesstimate
R000000009/1.111111/0040/R000000010
R000000012/1.000000/0000/Guesstimate
R000000013/1.000000/0000/Guesstimate
R000000011/2.222222/0004/R000000012/R000000013
R000000014/1.000000/0000/Guesstimate
R000000015/1.000000/0000/Guesstimate
R000000011/3.333333/0225/R000000012/R000000014/R000000015
R000000009/2.469136/0073/R000000011
R000000002/3.978053/0212/R000000003/R000000009
R000000002/3.978053/0212/R000000003/R000000009
R000000001/4.420059/0099/R000000002
R000000019/1.000000/0000/Guesstimate
R000000020/1.000000/0000/Guesstimate
R000000018/2.222222/0274/R000000019/R000000020
R000000021/1.000000/0000/Guesstimate
R000000017/3.580247/0095/R000000018/R000000021
R000000022/2.222222/0095/R000000020/R000000021
R000000017/3.580247/0274/R000000019/R000000022
R000000016/3.978053/0285/R000000017
R000000024/4.420059/0233/R000000002
R000000024/4.420059/0258/R000000002
R000000023/4.911177/0024/R000000024
R000000016/5.456863/0295/R000000023
R000000025/1.000000/0000/Guesstimate
R000000001/5.531170/0119/R000000016/R000000025
Q000000002/4.420059/0000/R000000001
Q000000003/Analysis Failed
Q000000004/Analysis Failed
<NEXT>