#
#  Reaction log file
#  Author: LigBuilder V3 User_Diana
#  Creation time: Fri Apr 10 15:54:55 2026
#  Format:
#  QueryMoleculeId/Cost/SynthesizeId/ReactantId1/ReactantId2/ReactantId3.....
#  Id prefix:
#  Q --- Query Molecule
#  M --- Material
#  R --- Reactant
#
Directory      result/synthesize_PfHDAC1/192/DATABASE/
#
Q000000001/6.145744/0000/R000000001
M000000005/1.000000/0000/Sigma_BB-27556005
R000000004/1.111111/0280/M000000005
R000000006/1.000000/0000/Guesstimate
R000000004/1.111111/0283/R000000006
R000000009/1.000000/0000/Guesstimate
R000000010/1.000000/0000/Guesstimate
R000000008/2.222222/0112/R000000009/R000000010
R000000007/2.469136/0091/R000000008
R000000011/2.469136/0197/R000000008
R000000012/1.000000/0000/Guesstimate
R000000007/3.854596/0112/R000000011/R000000012
R000000003/3.978053/0224/R000000004/R000000007
R000000013/3.854596/0224/R000000006/R000000007
R000000003/4.282884/0283/R000000013
R000000014/1.000000/0000/Guesstimate
R000000002/5.531170/0112/R000000003/R000000014
R000000016/3.703704/0224/R000000004/R000000008
R000000017/3.580247/0224/M000000005/R000000008
R000000016/3.978053/0280/R000000017
R000000015/4.115227/0197/R000000016
R000000019/2.743484/0079/R000000011
R000000020/1.000000/0000/Guesstimate
R000000019/3.854596/0112/R000000011/R000000020
R000000018/4.282884/0224/R000000004/R000000019
R000000015/4.758760/0293/R000000018
R000000022/2.222222/0112/R000000009/R000000014
R000000021/2.469136/0197/R000000022
R000000002/7.315959/0112/R000000015/R000000021
R000000001/6.145744/0147/R000000002
R000000026/1.000000/0000/Guesstimate
R000000025/2.222222/0003/R000000026/R000000014
R000000024/3.703704/0224/R000000004/R000000025
R000000027/3.580247/0224/M000000005/R000000025
R000000024/3.978053/0280/R000000027
R000000030/1.000000/0000/Guesstimate
R000000031/1.000000/0000/Guesstimate
R000000029/2.222222/0274/R000000030/R000000031
R000000028/2.469136/0001/R000000029
R000000033/1.000000/0000/Guesstimate
R000000032/2.222222/0274/R000000033/R000000031
R000000032/2.469136/0091/R000000029
R000000028/2.469136/0004/R000000032
R000000023/6.858711/0212/R000000024/R000000028
R000000023/6.858711/0212/R000000024/R000000028
R000000001/7.620790/0099/R000000023
Q000000002/6.145744/0000/R000000001
Q000000003/6.145744/0000/R000000001
<NEXT>