#
#  Reaction log file
#  Author: LigBuilder V3 User_Diana
#  Creation time: Fri Apr 10 15:55:58 2026
#  Format:
#  QueryMoleculeId/Cost/SynthesizeId/ReactantId1/ReactantId2/ReactantId3.....
#  Id prefix:
#  Q --- Query Molecule
#  M --- Material
#  R --- Reactant
#
Directory      result/synthesize_PfHDAC1/259/DATABASE/
#
Q000000001/4.267643/0000/R000000001
M000000004/1.000000/0000/Sigma_BB-28766578
R000000005/1.000000/0000/Guesstimate
R000000003/2.222222/0221/M000000004/R000000005
M000000007/1.000000/0000/Sigma_BB-27654258
R000000008/1.000000/0000/Guesstimate
R000000006/2.222222/0119/M000000007/R000000008
R000000006/2.222222/0280/M000000007/R000000008
R000000003/3.580247/0119/R000000006/R000000005
M000000011/1.000000/0000/Sigma_BB-70700816
R000000010/1.111111/0086/M000000011
R000000010/1.111111/0091/M000000011
R000000009/1.234568/0024/R000000010
R000000012/1.000000/0000/Guesstimate
R000000013/1.000000/0000/Guesstimate
R000000009/2.222222/0004/R000000012/R000000013
R000000002/3.840878/0175/R000000003/R000000009
R000000014/3.580247/0175/R000000003/R000000012
R000000015/2.222222/0175/M000000004/R000000012
R000000015/2.222222/0290/M000000004/R000000012
R000000014/3.580247/0221/R000000015/R000000005
R000000002/5.089163/0004/R000000014/R000000013
R000000001/4.267643/0024/R000000002
R000000016/3.978053/0024/R000000014
M000000019/1.000000/0000/Sigma_BB-29076558
R000000018/2.222222/0175/M000000019/R000000012
R000000018/2.222222/0290/M000000019/R000000012
R000000020/1.000000/0000/Guesstimate
R000000017/3.580247/0174/R000000018/R000000020
R000000021/2.222222/0174/M000000019/R000000020
M000000022/1.000000/0000/Sigma_BB-27340854
R000000021/2.222222/0221/M000000022/R000000005
R000000017/3.580247/0175/R000000021/R000000012
R000000016/3.978053/0040/R000000017
R000000001/5.531170/0004/R000000016/R000000013
Q000000002/8.992533/0000/R000000023
R000000027/1.000000/0000/Guesstimate
R000000028/1.000000/0000/Guesstimate
R000000026/2.222222/0004/R000000027/R000000028
R000000030/1.000000/0000/Guesstimate
R000000031/1.000000/0000/Guesstimate
R000000029/2.222222/0069/R000000030/R000000031
R000000025/4.938272/0274/R000000026/R000000029
R000000032/3.580247/0274/R000000026/R000000030
R000000025/5.089163/0069/R000000032/R000000031
M000000035/1.000000/0000/Sigma_BB-28764950
R000000034/1.111111/0197/M000000035
R000000036/1.000000/0000/Guesstimate
R000000033/2.345679/0169/R000000034/R000000036
R000000037/2.222222/0169/M000000035/R000000036
R000000038/1.000000/0000/Guesstimate
R000000037/2.222222/0274/M000000035/R000000038
R000000033/2.469136/0197/R000000037
R000000024/8.093279/0212/R000000025/R000000033
R000000024/8.093279/0212/R000000025/R000000033
R000000023/8.992533/0028/R000000024
M000000042/1.000000/0000/Sigma_BB-28830366
R000000041/1.111111/0085/M000000042
R000000040/2.345679/0169/R000000041/R000000036
M000000044/1.000000/0000/Sigma_BB-28427694
R000000043/2.345679/0169/R000000041/M000000044
R000000043/2.345679/0282/R000000041/M000000044
R000000040/2.606310/0227/R000000043
R000000039/8.093279/0212/R000000025/R000000040
R000000039/8.093279/0212/R000000025/R000000040
R000000023/8.992533/0028/R000000039
Q000000003/8.992533/0000/R000000023
Q000000004/Analysis Failed
<NEXT>