#
#  Reaction log file
#  Author: LigBuilder V3 User_Diana
#  Creation time: Fri Apr 10 15:56:02 2026
#  Format:
#  QueryMoleculeId/Cost/SynthesizeId/ReactantId1/ReactantId2/ReactantId3.....
#  Id prefix:
#  Q --- Query Molecule
#  M --- Material
#  R --- Reactant
#
Directory      result/synthesize_PfHDAC1/257/DATABASE/
#
Q000000001/7.730137/0000/R000000001
M000000008/1.000000/0000/Sigma_BB-299848889
R000000007/1.111111/0093/M000000008
M000000009/1.000000/0000/Sigma_BB-183143251
R000000010/1.000000/0000/Guesstimate
R000000007/2.222222/0004/M000000009/R000000010
R000000006/1.234568/0093/R000000007
M000000011/1.000000/0000/Sigma_BB-28247348
R000000006/2.345679/0212/R000000007/M000000011
R000000005/1.371742/0197/R000000006
R000000012/1.000000/0000/Guesstimate
R000000005/2.345679/0212/R000000007/R000000012
R000000004/2.635269/0274/R000000005/R000000012
R000000013/1.000000/0000/Guesstimate
R000000003/4.039188/0095/R000000004/R000000013
R000000014/2.635269/0095/R000000005/R000000013
R000000003/4.039188/0274/R000000014/R000000012
R000000016/1.000000/0000/Guesstimate
R000000017/1.000000/0000/Guesstimate
R000000015/2.222222/0004/R000000016/R000000017
R000000019/1.000000/0000/Guesstimate
R000000020/1.000000/0000/Guesstimate
R000000018/2.222222/0277/R000000019/R000000020
R000000015/2.469136/0099/R000000018
R000000002/6.957123/0212/R000000003/R000000015
R000000021/5.397213/0212/R000000004/R000000015
R000000021/5.397213/0212/R000000004/R000000015
R000000002/7.108015/0095/R000000021/R000000013
R000000001/7.730137/0041/R000000002
M000000025/1.000000/0000/Sigma_BB-28246243
R000000024/1.111111/0288/M000000025
R000000023/1.234568/0228/R000000024
R000000023/1.234568/0286/R000000024
R000000022/7.368646/0301/R000000021/R000000023
R000000022/7.368646/0301/R000000021/R000000023
R000000001/8.187385/0028/R000000022
Q000000002/3.048316/0000/R000000026
M000000030/1.000000/0000/Sigma_BB-30389270
R000000029/1.111111/0104/M000000030
R000000029/1.111111/0104/M000000030
R000000032/1.000000/0000/Guesstimate
R000000031/1.111111/0118/R000000032
R000000033/1.000000/0000/Guesstimate
R000000031/2.222222/0112/R000000032/R000000033
R000000028/2.469136/0301/R000000029/R000000031
R000000028/2.469136/0301/R000000029/R000000031
R000000027/2.743484/0160/R000000028
M000000036/1.000000/0000/Sigma_BB-28426400
R000000037/1.000000/0000/Guesstimate
R000000035/2.222222/0004/M000000036/R000000037
R000000034/2.469136/0204/R000000035
R000000038/3.580247/0212/R000000035/R000000012
R000000038/3.580247/0212/R000000035/R000000012
R000000034/3.978053/0217/R000000038
R000000027/2.743484/0247/R000000034
R000000026/3.048316/0040/R000000027
M000000042/1.000000/0000/Sigma_BB-136290300
R000000043/1.000000/0000/Guesstimate
R000000041/2.222222/0231/M000000042/R000000043
R000000040/2.469136/0198/R000000041
R000000040/2.469136/0298/R000000041
R000000044/1.000000/0000/Guesstimate
R000000039/3.854596/0274/R000000040/R000000044
R000000045/4.159427/0049/R000000027/R000000012
R000000039/4.621586/0040/R000000045
R000000026/4.282884/0100/R000000039
Q000000003/3.048316/0000/R000000026
<NEXT>