#
#  Reaction log file
#  Author: LigBuilder V3 User_Diana
#  Creation time: Fri Apr 10 15:50:44 2026
#  Format:
#  QueryMoleculeId/Cost/SynthesizeId/ReactantId1/ReactantId2/ReactantId3.....
#  Id prefix:
#  Q --- Query Molecule
#  M --- Material
#  R --- Reactant
#
Directory      result/synthesize_PfHDAC1/16/DATABASE/
#
Q000000001/2.743484/0000/R000000001
M000000004/1.000000/0000/Sigma_BB-188062344
R000000005/1.000000/0000/Guesstimate
R000000003/2.222222/0004/M000000004/R000000005
R000000007/1.000000/0000/Guesstimate
R000000006/2.222222/0112/M000000004/R000000007
R000000010/1.000000/0000/Guesstimate
R000000009/2.222222/0112/M000000004/R000000010
R000000008/2.469136/0079/R000000009
R000000012/1.000000/0000/Guesstimate
R000000011/2.222222/0112/M000000004/R000000012
R000000008/2.469136/0082/R000000011
R000000006/2.743484/0040/R000000008
R000000003/2.469136/0059/R000000006
R000000002/2.469136/0010/R000000003
R000000002/2.743484/0059/R000000008
R000000001/2.743484/0059/R000000002
R000000013/2.743484/0059/R000000008
M000000016/1.000000/0000/Sigma_BB-28666431
R000000017/1.000000/0000/Guesstimate
R000000015/2.222222/0056/M000000016/R000000017
R000000014/2.469136/0295/R000000015
R000000018/9.800000/0000/Guesstimate
R000000014/9.800000/0152/R000000018
R000000013/2.743484/0082/R000000014
R000000001/3.048316/0059/R000000013
Q000000002/2.635269/0000/R000000019
M000000023/1.000000/0000/Sigma_BB-150552076
R000000022/1.111111/0093/M000000023
R000000024/1.000000/0000/Guesstimate
R000000022/2.222222/0004/M000000004/R000000024
R000000021/1.234568/0085/R000000022
R000000025/1.000000/0000/Guesstimate
R000000021/2.222222/0004/M000000004/R000000025
R000000020/1.371742/0153/R000000021
R000000027/7.900000/0000/Guesstimate
R000000026/8.777778/0044/R000000027
R000000028/8.800000/0000/Guesstimate
R000000026/9.777779/0155/R000000028
R000000020/9.753086/0152/R000000026
R000000019/2.635269/0004/R000000020/R000000024
R000000031/1.000000/0000/Guesstimate
R000000030/2.222222/0003/M000000023/R000000031
R000000033/1.000000/0000/Guesstimate
R000000032/2.222222/0003/M000000023/R000000033
R000000034/1.000000/0000/Guesstimate
R000000032/2.482853/0049/R000000021/R000000034
R000000030/2.469136/0039/R000000032
R000000029/2.469136/0059/R000000030
R000000035/2.469136/0059/R000000032
R000000037/1.000000/0000/Guesstimate
R000000036/1.111111/0040/R000000037
R000000036/2.222222/0004/R000000033/R000000024
R000000035/3.703704/0212/R000000003/R000000036
R000000029/2.743484/0039/R000000035
R000000019/2.743484/0024/R000000029
Q000000003/4.115227/0000/R000000038
M000000041/1.000000/0000/Sigma_BB-28764950
R000000040/1.111111/0197/M000000041
R000000039/3.703704/0212/R000000003/R000000040
R000000039/3.703704/0212/R000000003/R000000040
R000000038/4.115227/0028/R000000039
M000000044/1.000000/0000/Sigma_BB-28830366
R000000043/1.111111/0085/M000000044
M000000046/1.000000/0000/Sigma_BB-130314282
R000000045/1.111111/0228/M000000046
R000000045/1.111111/0286/M000000046
R000000043/1.234568/0100/R000000045
R000000042/3.703704/0212/R000000003/R000000043
R000000042/3.703704/0212/R000000003/R000000043
R000000038/4.115227/0028/R000000042
Q000000004/2.606310/0000/R000000047
R000000049/1.111111/0091/M000000023
R000000049/1.524158/0260/R000000020
R000000050/1.000000/0000/Guesstimate
R000000048/2.345679/0112/R000000049/R000000050
R000000052/2.743484/0260/R000000014
R000000052/2.743484/0260/R000000014
R000000051/3.048316/0147/R000000052
R000000053/8.400000/0000/Guesstimate
R000000051/9.333333/0152/R000000053
R000000048/3.387018/0082/R000000051
R000000047/2.606310/0059/R000000048
R000000047/2.743484/0147/R000000002
<NEXT>