#
#  Reaction log file
#  Author: LigBuilder V3 User_Diana
#  Creation time: Fri Apr 10 15:56:31 2026
#  Format:
#  QueryMoleculeId/Cost/SynthesizeId/ReactantId1/ReactantId2/ReactantId3.....
#  Id prefix:
#  Q --- Query Molecule
#  M --- Material
#  R --- Reactant
#
Directory      result/synthesize_PfHDAC1/270/DATABASE/
#
Q000000001/3.978053/0000/R000000001
M000000004/1.000000/0000/Sigma_BB-28769380
R000000005/1.000000/0000/Guesstimate
R000000003/2.222222/0004/M000000004/R000000005
M000000006/1.000000/0000/Sigma_BB-28760249
R000000007/1.000000/0000/Guesstimate
R000000003/3.333333/0225/M000000006/R000000005/R000000007
M000000008/1.000000/0000/Sigma_BB-161541518
R000000002/3.580247/0212/R000000003/M000000008
R000000010/1.000000/0000/Guesstimate
R000000009/3.580247/0212/R000000003/R000000010
R000000009/3.580247/0212/R000000003/R000000010
R000000011/1.000000/0000/Guesstimate
R000000002/5.089163/0169/R000000009/R000000011
R000000001/3.978053/0114/R000000002
R000000014/2.469136/0114/R000000003
R000000015/1.111111/0114/M000000006
M000000016/1.000000/0000/Sigma_BB-117837577
R000000015/1.111111/0155/M000000016
R000000014/3.456790/0225/R000000015/R000000005/R000000007
R000000013/2.743484/0086/R000000014
R000000013/2.743484/0091/R000000014
R000000017/1.000000/0000/Guesstimate
R000000012/4.159427/0112/R000000013/R000000017
R000000020/1.000000/0000/Guesstimate
R000000021/1.000000/0000/Guesstimate
R000000019/2.222222/0276/R000000020/R000000021
R000000019/2.222222/0278/R000000020/R000000021
R000000018/3.703704/0112/R000000015/R000000019
R000000022/3.580247/0112/M000000006/R000000019
M000000023/1.000000/0000/Sigma_BB-101355943
R000000022/3.580247/0174/M000000023/R000000019
R000000018/3.978053/0114/R000000022
R000000025/1.000000/0000/Guesstimate
R000000024/2.222222/0004/R000000025/R000000017
M000000027/1.000000/0000/Sigma_BB-28516749
R000000026/2.222222/0274/M000000027/R000000011
R000000028/1.000000/0000/Guesstimate
R000000026/2.222222/0277/R000000028/R000000017
R000000024/2.469136/0024/R000000026
R000000012/6.584363/0049/R000000018/R000000024
R000000001/4.621586/0147/R000000012
Q000000002/3.978053/0000/R000000001
Q000000003/3.978053/0000/R000000001
<NEXT>