#
#  Reaction log file
#  Author: LigBuilder V3 User_Diana
#  Creation time: Fri Apr 10 15:56:23 2026
#  Format:
#  QueryMoleculeId/Cost/SynthesizeId/ReactantId1/ReactantId2/ReactantId3.....
#  Id prefix:
#  Q --- Query Molecule
#  M --- Material
#  R --- Reactant
#
Directory      result/synthesize_PfHDAC1/263/DATABASE/
#
Q000000001/3.854596/0000/R000000001
M000000004/1.000000/0000/Sigma_BB-30396082
R000000005/1.000000/0000/Guesstimate
R000000003/2.222222/0003/M000000004/R000000005
R000000006/1.111111/0125/M000000004
R000000007/1.000000/0000/Guesstimate
R000000006/2.222222/0112/M000000004/R000000007
R000000008/1.000000/0000/Guesstimate
R000000003/2.345679/0049/R000000006/R000000008
R000000002/2.469136/0059/R000000003
M000000011/1.000000/0000/Sigma_BB-243767902
R000000010/1.111111/0125/M000000011
R000000010/2.222222/0112/R000000007/M000000011
R000000009/1.234568/0040/R000000010
M000000013/1.000000/0000/Sigma_BB-155028316
R000000012/2.222222/0003/M000000013/R000000005
R000000012/2.469136/0024/R000000003
R000000009/2.469136/0059/R000000012
R000000014/1.000000/0000/Guesstimate
R000000002/2.482853/0119/R000000009/R000000014
M000000015/1.000000/0000/Sigma_BB-28665997
R000000001/3.854596/0119/R000000002/M000000015
R000000016/2.482853/0119/R000000009/M000000015
R000000019/1.000000/0000/Guesstimate
R000000020/1.000000/0000/Guesstimate
R000000018/2.222222/0279/R000000019/R000000020
R000000018/2.222222/0279/R000000019/R000000020
R000000017/4.938272/0224/R000000012/R000000018
R000000021/3.580247/0224/R000000012/R000000020
R000000017/5.089163/0279/R000000021/R000000019
R000000022/1.000000/0000/Guesstimate
R000000016/6.598080/0159/R000000017/R000000022
R000000001/3.869837/0119/R000000016/R000000014
Q000000002/Analysis Failed
Q000000003/Analysis Failed
Q000000004/Analysis Failed
<NEXT>