#
#  Reaction log file
#  Author: LigBuilder V3 User_Diana
#  Creation time: Fri Apr 10 15:56:54 2026
#  Format:
#  QueryMoleculeId/Cost/SynthesizeId/ReactantId1/ReactantId2/ReactantId3.....
#  Id prefix:
#  Q --- Query Molecule
#  M --- Material
#  R --- Reactant
#
Directory      result/synthesize_PfHDAC1/276/DATABASE/
#
Q000000001/5.807042/0000/R000000001
M000000005/1.000000/0000/Sigma_BB-27556005
R000000004/1.111111/0280/M000000005
R000000006/1.000000/0000/Guesstimate
R000000004/1.111111/0283/R000000006
R000000008/1.000000/0000/Guesstimate
M000000009/1.000000/0000/Sigma_BB-28778841
R000000007/2.222222/0224/R000000008/M000000009
R000000010/1.000000/0000/Guesstimate
M000000011/1.000000/0000/Sigma_BB-28782701
R000000007/2.222222/0276/R000000010/M000000011
R000000003/3.703704/0276/R000000004/R000000007
R000000003/3.703704/0278/R000000004/R000000007
M000000012/1.000000/0000/Sigma_BB-111667433
R000000002/5.226338/0212/R000000003/M000000012
R000000002/5.226338/0212/R000000003/M000000012
R000000001/5.807042/0155/R000000002
M000000016/1.000000/0000/Sigma_BB-28777622
R000000015/2.222222/0224/R000000008/M000000016
R000000015/2.469136/0155/R000000007
R000000014/3.703704/0276/R000000004/R000000015
R000000014/3.703704/0278/R000000004/R000000015
M000000019/1.000000/0000/Sigma_BB-72994536
R000000018/1.111111/0287/M000000019
R000000020/1.000000/0000/Guesstimate
M000000021/1.000000/0000/Sigma_BB-29038349
R000000018/2.222222/0223/R000000020/M000000021
R000000017/1.234568/0104/R000000018
R000000017/1.234568/0104/R000000018
R000000013/5.486969/0212/R000000014/R000000017
R000000013/5.486969/0212/R000000014/R000000017
R000000001/6.096632/0160/R000000013
Q000000002/Analysis Failed
Q000000003/Analysis Failed
<NEXT>