#
#  Reaction log file
#  Author: LigBuilder V3 User_Diana
#  Creation time: Fri Apr 10 15:55:58 2026
#  Format:
#  QueryMoleculeId/Cost/SynthesizeId/ReactantId1/ReactantId2/ReactantId3.....
#  Id prefix:
#  Q --- Query Molecule
#  M --- Material
#  R --- Reactant
#
Directory      result/synthesize_PfHDAC1/252/DATABASE/
#
Q000000001/2.606310/0000/R000000001
M000000004/1.000000/0000/Sigma_BB-30576005
R000000003/1.111111/0299/M000000004
M000000006/1.000000/0000/Sigma_BB-28760249
M000000007/1.000000/0000/Sigma_BB-28788714
R000000005/2.222222/0112/M000000006/M000000007
M000000008/1.000000/0000/Sigma_BB-101355943
R000000005/2.222222/0174/M000000008/M000000007
R000000003/2.469136/0233/R000000005
R000000009/1.000000/0000/Guesstimate
R000000002/2.345679/0175/R000000003/R000000009
R000000010/1.234568/0114/R000000003
R000000011/1.234568/0013/R000000003
R000000010/1.371742/0155/R000000011
R000000012/1.000000/0000/Guesstimate
R000000002/2.482853/0003/R000000010/R000000012
R000000001/2.606310/0041/R000000002
R000000015/1.234568/0213/R000000003
R000000014/1.371742/0197/R000000015
M000000017/1.000000/0000/Sigma_BB-28426400
R000000016/2.222222/0112/M000000017/M000000007
M000000018/1.000000/0000/Sigma_BB-326697832
M000000019/1.000000/0000/Sigma_BB-187814549
R000000016/2.222222/0112/M000000018/M000000019
R000000014/2.469136/0233/R000000016
R000000020/1.000000/0000/Guesstimate
R000000013/2.635269/0112/R000000014/R000000020
R000000021/1.524158/0125/R000000014
R000000022/1.000000/0000/Guesstimate
R000000021/2.635269/0112/R000000014/R000000022
R000000023/1.000000/0000/Guesstimate
R000000013/2.804620/0138/R000000021/R000000023
R000000001/2.928077/0147/R000000013
Q000000002/4.282884/0000/R000000024
M000000028/1.000000/0000/Sigma_BB-28768404
R000000027/2.222222/0174/M000000028/M000000007
R000000027/2.222222/0289/M000000028/M000000007
R000000026/2.469136/0233/R000000027
R000000026/2.469136/0258/R000000027
R000000025/3.854596/0175/R000000026/R000000009
R000000025/3.854596/0290/R000000026/R000000009
R000000024/4.282884/0041/R000000025
R000000029/3.854596/0174/R000000026/R000000020
R000000030/2.743484/0287/R000000026
R000000029/4.159427/0112/R000000030/R000000020
R000000024/4.282884/0147/R000000029
Q000000003/2.606310/0000/R000000001
<NEXT>