#
#  Reaction log file
#  Author: LigBuilder V3 User_Diana
#  Creation time: Fri Apr 10 15:50:27 2026
#  Format:
#  QueryMoleculeId/Cost/SynthesizeId/ReactantId1/ReactantId2/ReactantId3.....
#  Id prefix:
#  Q --- Query Molecule
#  M --- Material
#  R --- Reactant
#
Directory      result/synthesize_PfHDAC1/19/DATABASE/
#
Q000000001/2.743484/0000/R000000001
M000000004/1.000000/0000/Sigma_BB-188062344
R000000005/1.000000/0000/Guesstimate
R000000003/2.222222/0004/M000000004/R000000005
R000000007/1.000000/0000/Guesstimate
R000000006/2.222222/0112/M000000004/R000000007
R000000010/1.000000/0000/Guesstimate
R000000009/2.222222/0112/M000000004/R000000010
R000000008/2.469136/0079/R000000009
R000000012/1.000000/0000/Guesstimate
R000000011/2.222222/0112/M000000004/R000000012
R000000008/2.469136/0082/R000000011
R000000006/2.743484/0040/R000000008
R000000003/2.469136/0059/R000000006
R000000002/2.469136/0010/R000000003
R000000002/2.743484/0059/R000000008
R000000001/2.743484/0059/R000000002
R000000013/2.743484/0059/R000000008
M000000016/1.000000/0000/Sigma_BB-28666431
R000000017/1.000000/0000/Guesstimate
R000000015/2.222222/0056/M000000016/R000000017
R000000014/2.469136/0295/R000000015
R000000018/9.800000/0000/Guesstimate
R000000014/9.800000/0152/R000000018
R000000013/2.743484/0082/R000000014
R000000001/3.048316/0059/R000000013
Q000000002/2.469136/0000/R000000019
M000000021/1.000000/0000/Sigma_BB-150552076
R000000022/1.000000/0000/Guesstimate
R000000020/2.222222/0003/M000000021/R000000022
R000000024/1.111111/0093/M000000021
R000000025/1.000000/0000/Guesstimate
R000000024/2.222222/0004/M000000004/R000000025
R000000023/1.234568/0085/R000000024
R000000026/1.000000/0000/Guesstimate
R000000023/2.222222/0004/M000000004/R000000026
R000000027/1.000000/0000/Guesstimate
R000000020/2.482853/0049/R000000023/R000000027
R000000019/2.469136/0059/R000000020
R000000030/1.111111/0091/M000000021
R000000030/2.469136/0197/R000000006
R000000031/1.000000/0000/Guesstimate
R000000029/2.345679/0112/R000000030/R000000031
R000000033/1.000000/0000/Guesstimate
R000000032/2.222222/0112/M000000004/R000000033
R000000034/1.000000/0000/Guesstimate
R000000032/3.580247/0012/R000000020/R000000034
R000000029/2.469136/0082/R000000032
R000000028/2.606310/0059/R000000029
R000000035/2.469136/0059/R000000032
M000000037/1.000000/0000/Sigma_BB-28396020
R000000036/3.580247/0212/R000000003/M000000037
R000000036/3.580247/0212/R000000003/M000000037
R000000035/3.978053/0188/R000000036
R000000028/2.743484/0082/R000000035
R000000019/2.895900/0147/R000000028
Q000000003/2.635269/0000/R000000038
R000000039/1.371742/0153/R000000023
R000000041/7.900000/0000/Guesstimate
R000000040/8.777778/0044/R000000041
R000000042/8.800000/0000/Guesstimate
R000000040/9.777779/0155/R000000042
R000000039/9.753086/0152/R000000040
R000000038/2.635269/0004/R000000039/R000000025
R000000045/1.000000/0000/Guesstimate
R000000044/2.222222/0003/M000000021/R000000045
R000000047/1.000000/0000/Guesstimate
R000000046/2.222222/0003/M000000021/R000000047
R000000048/1.000000/0000/Guesstimate
R000000046/2.482853/0049/R000000023/R000000048
R000000044/2.469136/0039/R000000046
R000000043/2.469136/0059/R000000044
R000000049/2.469136/0059/R000000046
R000000051/1.000000/0000/Guesstimate
R000000050/1.111111/0040/R000000051
R000000050/2.222222/0004/R000000047/R000000025
R000000049/3.703704/0212/R000000003/R000000050
R000000043/2.743484/0039/R000000049
R000000038/2.743484/0024/R000000043
Q000000004/2.469136/0000/R000000019
<NEXT>