#
#  Reaction log file
#  Author: LigBuilder V3 User_Diana
#  Creation time: Fri Apr 10 15:54:58 2026
#  Format:
#  QueryMoleculeId/Cost/SynthesizeId/ReactantId1/ReactantId2/ReactantId3.....
#  Id prefix:
#  Q --- Query Molecule
#  M --- Material
#  R --- Reactant
#
Directory      result/synthesize_PfHDAC1/213/DATABASE/
#
Q000000001/9.259940/0000/R000000001
M000000005/1.000000/0000/Sigma_BB-70797331
R000000004/1.111111/0125/M000000005
R000000006/1.000000/0000/Guesstimate
R000000004/2.222222/0112/M000000005/R000000006
R000000003/1.234568/0059/R000000004
R000000009/1.000000/0000/Guesstimate
R000000010/1.000000/0000/Guesstimate
R000000008/3.333333/0225/R000000006/R000000009/R000000010
R000000008/3.333333/0225/R000000006/R000000009/R000000010
R000000007/3.703704/0156/R000000008
R000000013/1.000000/0000/Guesstimate
R000000014/1.000000/0000/Guesstimate
R000000012/2.222222/0001/R000000013/R000000014
R000000015/1.000000/0000/Guesstimate
R000000012/2.222222/0003/R000000015/R000000014
R000000011/3.580247/0001/R000000012/R000000014
R000000017/1.000000/0000/Guesstimate
R000000016/3.333333/0225/R000000017/R000000009/R000000006
R000000016/3.333333/0225/R000000017/R000000009/R000000006
R000000011/3.703704/0009/R000000016
R000000007/3.978053/0059/R000000011
R000000003/4.115227/0122/R000000007
R000000022/1.000000/0000/Guesstimate
R000000024/1.000000/0000/Guesstimate
R000000023/1.111111/0283/R000000024
R000000021/2.345679/0277/R000000022/R000000023
R000000026/1.000000/0000/Guesstimate
R000000027/1.000000/0000/Guesstimate
R000000025/2.222222/0122/R000000026/R000000027
R000000029/1.000000/0000/Guesstimate
R000000028/2.222222/0122/R000000026/R000000029
R000000030/1.000000/0000/Guesstimate
R000000028/2.222222/0170/R000000030/R000000026
R000000025/2.469136/0147/R000000028
R000000020/5.075447/0256/R000000021/R000000025
R000000031/5.075447/0256/R000000021/R000000028
R000000020/5.639385/0147/R000000031
R000000019/5.639385/0288/R000000020
R000000018/6.265984/0295/R000000019
R000000002/8.333946/0170/R000000003/R000000018
R000000032/6.962204/0217/R000000018
R000000002/9.107524/0224/R000000003/R000000032
R000000001/9.259940/0295/R000000002
M000000038/1.000000/0000/Sigma_BB-28807285
R000000037/1.111111/0293/M000000038
M000000040/1.000000/0000/Sigma_BB-28762228
R000000039/1.111111/0293/M000000040
R000000037/1.234568/0090/R000000039
R000000041/1.000000/0000/Guesstimate
R000000036/2.345679/0170/R000000037/R000000041
R000000042/3.333333/0225/R000000006/R000000009/R000000029
R000000042/3.333333/0225/R000000006/R000000009/R000000029
R000000036/3.703704/0122/R000000042
R000000043/1.000000/0000/Guesstimate
R000000035/3.717421/0122/R000000036/R000000043
R000000044/4.814815/0122/R000000042/R000000043
R000000046/1.000000/0000/Guesstimate
R000000045/3.333333/0225/R000000006/R000000009/R000000046
R000000045/3.333333/0225/R000000006/R000000009/R000000046
R000000044/4.814815/0279/R000000045/R000000022
R000000035/5.349795/0122/R000000044
R000000034/5.365036/0277/R000000035/R000000023
R000000049/1.000000/0000/Guesstimate
R000000048/2.345679/0170/R000000037/R000000049
R000000050/1.000000/0000/Guesstimate
R000000048/9.800000/0170/R000000003/R000000050
R000000047/2.606310/0219/R000000048
R000000047/3.703704/0122/R000000045
R000000034/5.502210/0279/R000000047/R000000021
R000000033/8.430287/0256/R000000034/R000000025
R000000033/8.535286/0279/R000000047/R000000020
R000000001/9.366986/0295/R000000033
Q000000002/8.317011/0000/R000000051
R000000055/1.000000/0000/Guesstimate
R000000054/3.717421/0256/R000000021/R000000055
R000000053/4.130468/0295/R000000054
R000000052/7.485310/0279/R000000047/R000000053
R000000052/7.485310/0279/R000000047/R000000053
R000000051/8.317011/0082/R000000052
R000000059/1.000000/0000/Guesstimate
R000000058/2.345679/0224/R000000004/R000000059
R000000060/1.000000/0000/Guesstimate
R000000058/4.007011/0279/R000000047/R000000060
R000000061/1.000000/0000/Guesstimate
R000000057/3.717421/0004/R000000058/R000000061
R000000063/1.000000/0000/Guesstimate
R000000062/3.717421/0122/R000000036/R000000063
R000000064/1.000000/0000/Guesstimate
R000000062/4.007011/0279/R000000047/R000000064
R000000057/4.130468/0024/R000000062
R000000066/1.111111/0297/R000000024
R000000066/1.111111/0297/R000000024
R000000065/2.345679/0004/R000000061/R000000066
R000000067/2.345679/0003/R000000066/R000000014
R000000065/2.606310/0040/R000000067
R000000056/6.736778/0212/R000000057/R000000065
R000000056/6.736778/0212/R000000057/R000000065
R000000068/1.000000/0000/Guesstimate
R000000051/8.596420/0112/R000000056/R000000068
Q000000003/Analysis Failed
<NEXT>