#
#  Reaction log file
#  Author: LigBuilder V3 User_Diana
#  Creation time: Fri Apr 10 15:50:34 2026
#  Format:
#  QueryMoleculeId/Cost/SynthesizeId/ReactantId1/ReactantId2/ReactantId3.....
#  Id prefix:
#  Q --- Query Molecule
#  M --- Material
#  R --- Reactant
#
Directory      result/synthesize_PfHDAC1/1/DATABASE/
#
Q000000001/1.234568/0000/R000000001
M000000003/1.000000/0000/Sigma_BB-27079286
R000000002/1.111111/0299/M000000003
M000000005/1.000000/0000/Sigma_BB-63702910
R000000004/1.111111/0153/M000000005
R000000006/1.111111/0091/M000000005
M000000007/1.000000/0000/Sigma_BB-70792464
R000000006/1.111111/0299/M000000007
R000000004/1.234568/0154/R000000006
R000000002/1.234568/0239/R000000004
R000000001/1.234568/0222/R000000002
R000000008/1.234568/0222/R000000004
M000000010/1.000000/0000/Sigma_BB-70737316
R000000009/1.111111/0222/M000000010
M000000012/1.000000/0000/Sigma_BB-88360680
R000000011/1.111111/0222/M000000012
M000000013/1.000000/0000/Sigma_BB-28246511
R000000011/1.111111/0287/M000000013
R000000009/1.234568/0299/R000000011
R000000008/1.234568/0287/R000000009
R000000001/1.371742/0239/R000000008
Q000000002/1.234568/0000/R000000001
Q000000003/1.234568/0000/R000000001
<NEXT>