#
#  Reaction log file
#  Author: LigBuilder V3 User_Diana
#  Creation time: Fri Apr 10 15:51:07 2026
#  Format:
#  QueryMoleculeId/Cost/SynthesizeId/ReactantId1/ReactantId2/ReactantId3.....
#  Id prefix:
#  Q --- Query Molecule
#  M --- Material
#  R --- Reactant
#
Directory      result/synthesize_PfHDAC1/50/DATABASE/
#
Q000000001/4.130468/0000/R000000001
M000000003/1.000000/0000/Sigma_BB-28781946
M000000006/1.000000/0000/Sigma_BB-28764950
R000000005/1.111111/0085/M000000006
M000000007/1.000000/0000/Sigma_BB-28782701
R000000004/2.345679/0212/R000000005/M000000007
M000000009/1.000000/0000/Sigma_BB-28778979
R000000008/2.345679/0212/R000000005/M000000009
R000000008/2.345679/0212/R000000005/M000000009
R000000010/1.000000/0000/Guesstimate
R000000004/3.717421/0212/R000000008/R000000010
R000000002/3.717421/0212/M000000003/R000000004
R000000002/3.717421/0212/M000000003/R000000004
R000000001/4.130468/0028/R000000002
M000000012/1.000000/0000/Sigma_BB-28758428
R000000014/2.222222/0212/M000000006/M000000007
R000000014/2.222222/0212/M000000006/M000000007
R000000013/2.469136/0087/R000000014
R000000016/1.000000/0000/Guesstimate
R000000015/3.580247/0004/R000000016/R000000014
R000000013/3.978053/0197/R000000015
R000000011/3.854596/0175/M000000012/R000000013
R000000018/2.743484/0079/R000000013
R000000019/1.000000/0000/Guesstimate
R000000018/3.854596/0112/R000000013/R000000019
R000000017/3.048316/0040/R000000018
R000000021/1.000000/0000/Guesstimate
R000000020/3.854596/0276/R000000013/R000000021
R000000020/3.854596/0278/R000000013/R000000021
R000000017/4.282884/0024/R000000020
R000000011/4.498129/0212/M000000003/R000000017
R000000001/4.282884/0028/R000000011
Q000000002/1.524158/0000/R000000022
M000000026/1.000000/0000/Sigma_BB-28953385
R000000025/1.111111/0164/M000000026
R000000027/1.000000/0000/Guesstimate
R000000025/2.222222/0174/M000000026/R000000027
R000000024/1.234568/0040/R000000025
R000000029/1.000000/0000/Guesstimate
R000000030/1.000000/0000/Guesstimate
R000000028/2.222222/0279/R000000029/R000000030
R000000028/2.222222/0279/R000000029/R000000030
R000000024/3.580247/0159/R000000028/R000000010
R000000023/1.371742/0153/R000000024
R000000031/1.371742/0091/R000000024
R000000033/1.000000/0000/Guesstimate
R000000032/2.222222/0279/R000000029/R000000033
R000000032/2.222222/0279/R000000029/R000000033
R000000031/3.580247/0159/R000000032/R000000010
R000000023/1.524158/0154/R000000031
R000000022/1.524158/0222/R000000023
M000000037/1.000000/0000/Sigma_BB-240624990
R000000036/1.111111/0222/M000000037
M000000038/1.000000/0000/Sigma_BB-326673088
R000000036/1.111111/0299/M000000038
R000000035/1.234568/0213/R000000036
R000000039/1.111111/0213/M000000037
R000000035/1.234568/0222/R000000039
R000000034/1.371742/0197/R000000035
M000000042/1.000000/0000/Sigma_BB-128618902
R000000041/1.111111/0287/M000000042
R000000043/1.000000/0000/Guesstimate
R000000041/3.580247/0159/R000000028/R000000043
R000000040/1.234568/0153/R000000041
R000000044/1.234568/0091/R000000041
R000000044/3.580247/0159/R000000032/R000000043
R000000040/1.371742/0154/R000000044
R000000034/1.371742/0222/R000000040
R000000022/1.524158/0299/R000000034
Q000000003/1.524158/0000/R000000022
<NEXT>