#
#  Reaction log file
#  Author: LigBuilder V3 User_Diana
#  Creation time: Fri Apr 10 15:55:24 2026
#  Format:
#  QueryMoleculeId/Cost/SynthesizeId/ReactantId1/ReactantId2/ReactantId3.....
#  Id prefix:
#  Q --- Query Molecule
#  M --- Material
#  R --- Reactant
#
Directory      result/synthesize_PfHDAC1/207/DATABASE/
#
Q000000001/5.807042/0000/R000000001
R000000005/1.000000/0000/Guesstimate
R000000006/1.000000/0000/Guesstimate
R000000004/2.222222/0224/R000000005/R000000006
R000000008/1.000000/0000/Guesstimate
R000000007/1.111111/0125/R000000008
R000000009/1.000000/0000/Guesstimate
R000000007/2.222222/0112/R000000009/R000000008
R000000003/3.703704/0159/R000000004/R000000007
R000000010/1.000000/0000/Guesstimate
R000000002/5.226338/0175/R000000003/R000000010
R000000002/5.226338/0290/R000000003/R000000010
R000000001/5.807042/0040/R000000002
R000000014/1.000000/0000/Guesstimate
R000000015/1.000000/0000/Guesstimate
R000000013/2.222222/0279/R000000014/R000000015
R000000013/2.222222/0279/R000000014/R000000015
R000000012/4.938272/0159/R000000004/R000000013
R000000011/6.598080/0175/R000000012/R000000010
R000000011/6.598080/0290/R000000012/R000000010
R000000001/7.331201/0024/R000000011
Q000000002/Analysis Failed
Q000000003/Analysis Failed
<NEXT>