#
#  Reaction log file
#  Author: LigBuilder V3 User_Diana
#  Creation time: Fri Apr 10 15:53:49 2026
#  Format:
#  QueryMoleculeId/Cost/SynthesizeId/ReactantId1/ReactantId2/ReactantId3.....
#  Id prefix:
#  Q --- Query Molecule
#  M --- Material
#  R --- Reactant
#
Directory      result/synthesize_PfHDAC1/158/DATABASE/
#
Q000000001/5.393995/0000/R000000001
R000000005/1.000000/0000/Guesstimate
R000000006/1.000000/0000/Guesstimate
R000000004/2.222222/0279/R000000005/R000000006
R000000004/2.222222/0279/R000000005/R000000006
R000000003/2.469136/0276/R000000004
R000000007/8.700000/0000/Guesstimate
R000000003/9.666667/0260/R000000007
R000000008/1.000000/0000/Guesstimate
R000000002/3.854596/0004/R000000003/R000000008
R000000011/1.000000/0000/Guesstimate
R000000010/3.854596/0256/R000000003/R000000011
R000000009/4.282884/0039/R000000010
R000000013/1.000000/0000/Guesstimate
R000000012/3.854596/0112/R000000003/R000000013
R000000009/4.282884/0233/R000000012
R000000002/4.758760/0024/R000000009
M000000014/1.000000/0000/Sigma_BB-28913267
R000000001/5.393995/0119/R000000002/M000000014
R000000018/1.000000/0000/Guesstimate
M000000019/1.000000/0000/Sigma_BB-28775339
R000000017/2.222222/0301/R000000018/M000000019
R000000017/2.222222/0301/R000000018/M000000019
R000000016/2.469136/0125/R000000017
R000000020/1.000000/0000/Guesstimate
R000000016/3.580247/0112/R000000017/R000000020
R000000015/5.486969/0256/R000000003/R000000016
R000000022/1.111111/0125/R000000018
R000000022/2.222222/0112/R000000018/R000000020
R000000021/3.978053/0256/R000000003/R000000022
R000000023/3.703704/0256/R000000004/R000000022
R000000021/4.115227/0276/R000000023
R000000015/5.531170/0301/R000000021/M000000019
R000000001/6.096632/0039/R000000015
Q000000002/Analysis Failed
Q000000003/2.895900/0000/R000000024
R000000027/1.000000/0000/Guesstimate
R000000029/1.000000/0000/Guesstimate
R000000028/1.111111/0283/R000000029
R000000026/2.345679/0018/R000000027/R000000028
R000000025/2.606310/0295/R000000026
R000000024/2.895900/0039/R000000025
R000000033/1.000000/0000/Guesstimate
R000000032/2.345679/0018/R000000033/R000000028
R000000031/2.606310/0295/R000000032
R000000030/2.895900/0040/R000000031
R000000036/1.000000/0000/Guesstimate
R000000035/2.345679/0018/R000000036/R000000028
R000000034/2.606310/0295/R000000035
R000000030/2.895900/0092/R000000034
R000000037/1.000000/0000/Guesstimate
R000000024/4.328778/0119/R000000030/R000000037
Q000000004/2.895900/0000/R000000024
<NEXT>