#
#  Reaction log file
#  Author: LigBuilder V3 User_Diana
#  Creation time: Fri Apr 10 15:53:38 2026
#  Format:
#  QueryMoleculeId/Cost/SynthesizeId/ReactantId1/ReactantId2/ReactantId3.....
#  Id prefix:
#  Q --- Query Molecule
#  M --- Material
#  R --- Reactant
#
Directory      result/synthesize_PfHDAC1/164/DATABASE/
#
Q000000001/Analysis Failed
Q000000002/Analysis Failed
Q000000003/5.393995/0000/R000000001
R000000003/1.000000/0000/Guesstimate
M000000006/1.000000/0000/Sigma_BB-28792639
R000000007/1.000000/0000/Guesstimate
R000000005/2.222222/0301/M000000006/R000000007
R000000005/2.222222/0301/M000000006/R000000007
R000000004/2.469136/0295/R000000005
R000000004/2.469136/0295/R000000005
R000000002/3.854596/0064/R000000003/R000000004
R000000008/1.000000/0000/Guesstimate
R000000001/5.393995/0119/R000000002/R000000008
R000000011/1.000000/0000/Guesstimate
R000000012/1.000000/0000/Guesstimate
R000000010/2.222222/0003/R000000011/R000000012
R000000013/1.000000/0000/Guesstimate
R000000014/1.000000/0000/Guesstimate
R000000010/2.222222/0003/R000000013/R000000014
R000000009/5.212621/0062/R000000010/R000000004
R000000015/2.743484/0257/R000000004
R000000009/5.517452/0061/R000000010/R000000015
R000000001/5.791801/0153/R000000009
<NEXT>