#
#  Reaction log file
#  Author: LigBuilder V3 User_Diana
#  Creation time: Fri Apr 10 15:54:43 2026
#  Format:
#  QueryMoleculeId/Cost/SynthesizeId/ReactantId1/ReactantId2/ReactantId3.....
#  Id prefix:
#  Q --- Query Molecule
#  M --- Material
#  R --- Reactant
#
Directory      result/synthesize_PfHDAC1/194/DATABASE/
#
Q000000001/5.365036/0000/R000000001
M000000005/1.000000/0000/Sigma_BB-326697832
R000000004/1.111111/0114/M000000005
R000000006/1.000000/0000/Guesstimate
R000000003/2.345679/0112/R000000004/R000000006
R000000007/2.222222/0112/M000000005/R000000006
R000000003/2.469136/0114/R000000007
R000000008/1.000000/0000/Guesstimate
R000000009/1.000000/0000/Guesstimate
R000000002/4.828533/0261/R000000003/R000000008/R000000009
R000000001/5.365036/0193/R000000002
Q000000002/5.365036/0000/R000000001
Q000000003/5.365036/0000/R000000001
<NEXT>