#
#  Reaction log file
#  Author: LigBuilder V3 User_Diana
#  Creation time: Fri Apr 10 15:55:52 2026
#  Format:
#  QueryMoleculeId/Cost/SynthesizeId/ReactantId1/ReactantId2/ReactantId3.....
#  Id prefix:
#  Q --- Query Molecule
#  M --- Material
#  R --- Reactant
#
Directory      result/synthesize_PfHDAC1/243/DATABASE/
#
Q000000001/5.944217/0000/R000000001
R000000005/1.000000/0000/Guesstimate
R000000006/1.000000/0000/Guesstimate
R000000004/2.222222/0004/R000000005/R000000006
R000000008/1.000000/0000/Guesstimate
R000000007/1.111111/0293/R000000008
R000000009/1.000000/0000/Guesstimate
R000000010/1.000000/0000/Guesstimate
R000000007/2.222222/0069/R000000009/R000000010
R000000003/3.703704/0274/R000000004/R000000007
R000000011/3.580247/0274/R000000004/R000000009
R000000003/5.089163/0069/R000000011/R000000010
M000000013/1.000000/0000/Sigma_BB-28793477
R000000012/1.111111/0082/M000000013
R000000014/1.000000/0000/Guesstimate
R000000015/1.000000/0000/Guesstimate
R000000012/2.222222/0004/R000000014/R000000015
R000000002/5.349795/0212/R000000003/R000000012
R000000016/5.212621/0212/R000000011/R000000012
R000000016/5.212621/0212/R000000011/R000000012
R000000002/6.902912/0069/R000000016/R000000010
R000000001/5.944217/0147/R000000002
R000000020/1.000000/0000/Guesstimate
R000000019/3.580247/0274/R000000004/R000000020
M000000021/1.000000/0000/Sigma_BB-28507894
R000000018/5.089163/0212/R000000019/M000000021
R000000024/3.580247/0212/R000000004/M000000021
R000000024/3.580247/0212/R000000004/M000000021
R000000025/1.000000/0000/Guesstimate
R000000023/5.089163/0274/R000000024/R000000025
R000000022/5.654626/0155/R000000023
R000000027/1.000000/0000/Guesstimate
R000000026/5.089163/0274/R000000024/R000000027
R000000022/5.654626/0197/R000000026
R000000028/1.000000/0000/Guesstimate
R000000018/7.394029/0122/R000000022/R000000028
R000000017/5.654626/0082/R000000018
R000000031/1.000000/0000/Guesstimate
R000000030/3.580247/0274/R000000004/R000000031
R000000029/5.089163/0212/R000000030/M000000021
R000000029/5.089163/0212/R000000030/M000000021
R000000032/1.000000/0000/Guesstimate
R000000017/6.765737/0112/R000000029/R000000032
R000000001/7.394029/0069/R000000017/R000000010
Q000000002/5.944217/0000/R000000001
Q000000003/5.944217/0000/R000000001
<NEXT>