#
#  Reaction log file
#  Author: LigBuilder V3 User_Diana
#  Creation time: Fri Apr 10 15:53:45 2026
#  Format:
#  QueryMoleculeId/Cost/SynthesizeId/ReactantId1/ReactantId2/ReactantId3.....
#  Id prefix:
#  Q --- Query Molecule
#  M --- Material
#  R --- Reactant
#
Directory      result/synthesize_PfHDAC1/165/DATABASE/
#
Q000000001/6.096632/0000/R000000001
R000000005/1.000000/0000/Guesstimate
R000000006/1.000000/0000/Guesstimate
R000000004/2.222222/0279/R000000005/R000000006
R000000004/2.222222/0279/R000000005/R000000006
R000000003/2.469136/0091/R000000004
M000000008/1.000000/0000/Sigma_BB-28792337
R000000009/1.000000/0000/Guesstimate
R000000007/2.222222/0285/M000000008/R000000009
R000000003/2.469136/0154/R000000007
R000000012/1.000000/0000/Guesstimate
M000000013/1.000000/0000/Sigma_BB-137808552
R000000011/2.222222/0276/R000000012/M000000013
R000000011/2.222222/0278/R000000012/M000000013
R000000010/2.469136/0091/R000000011
R000000015/1.000000/0000/Guesstimate
M000000016/1.000000/0000/Sigma_BB-28453816
R000000014/2.222222/0276/R000000015/M000000016
R000000014/2.222222/0278/R000000015/M000000016
R000000010/2.469136/0197/R000000014
R000000002/5.486969/0276/R000000003/R000000010
R000000018/3.580247/0276/R000000004/R000000015
R000000018/3.580247/0278/R000000004/R000000015
R000000017/3.978053/0091/R000000018
R000000019/3.854596/0276/R000000003/R000000012
R000000019/3.854596/0278/R000000003/R000000012
R000000017/4.282884/0091/R000000019
R000000002/5.531170/0276/R000000017/M000000013
R000000001/6.096632/0276/R000000002
M000000023/1.000000/0000/Sigma_BB-28130338
R000000022/2.222222/0285/M000000023/R000000009
R000000021/2.469136/0204/R000000022
M000000025/1.000000/0000/Sigma_BB-152120838
R000000024/2.222222/0285/M000000025/R000000009
R000000021/2.469136/0217/R000000024
R000000027/1.000000/0000/Guesstimate
R000000029/1.000000/0000/Guesstimate
R000000030/1.000000/0000/Guesstimate
R000000028/2.222222/0279/R000000029/R000000030
R000000028/2.222222/0279/R000000029/R000000030
R000000026/3.580247/0274/R000000027/R000000028
R000000031/2.222222/0274/R000000027/R000000029
R000000026/3.580247/0279/R000000031/R000000030
R000000020/6.721537/0159/R000000021/R000000026
R000000033/1.111111/0204/M000000023
R000000033/1.111111/0217/M000000025
R000000032/5.212621/0159/R000000033/R000000026
R000000034/3.703704/0159/R000000033/R000000028
R000000032/5.226338/0274/R000000034/R000000027
R000000020/6.902912/0285/R000000032/R000000009
R000000001/7.468375/0197/R000000020
Q000000002/6.096632/0000/R000000001
Q000000003/6.096632/0000/R000000035
R000000039/1.000000/0000/Guesstimate
R000000040/1.000000/0000/Guesstimate
R000000038/2.222222/0279/R000000039/R000000040
R000000038/2.222222/0279/R000000039/R000000040
R000000037/2.469136/0279/R000000038
R000000041/2.222222/0279/R000000039/R000000040
R000000041/2.222222/0279/R000000039/R000000040
R000000037/2.469136/0279/R000000041
R000000044/1.000000/0000/Guesstimate
R000000045/1.000000/0000/Guesstimate
R000000043/2.222222/0224/R000000044/R000000045
R000000042/2.469136/0276/R000000043
R000000042/2.469136/0278/R000000043
R000000036/5.486969/0274/R000000037/R000000042
R000000046/5.212621/0274/R000000037/R000000043
R000000047/3.854596/0274/R000000037/R000000044
R000000046/5.393995/0224/R000000047/R000000045
R000000036/5.791801/0276/R000000046
R000000035/6.096632/0140/R000000036
R000000050/2.743484/0140/R000000037
R000000051/1.000000/0000/Guesstimate
R000000049/4.159427/0274/R000000050/R000000051
R000000053/1.000000/0000/Guesstimate
R000000052/4.159427/0274/R000000050/R000000053
R000000049/4.621586/0300/R000000052
R000000056/1.000000/0000/Guesstimate
R000000055/2.222222/0224/R000000056/R000000045
R000000054/2.469136/0276/R000000055
R000000054/2.469136/0278/R000000055
R000000048/7.365070/0112/R000000049/R000000054
M000000059/1.000000/0000/Sigma_BB-28777622
R000000058/4.159427/0274/R000000050/M000000059
R000000060/1.000000/0000/Guesstimate
R000000058/5.732697/0112/R000000049/R000000060
R000000057/4.621586/0197/R000000058
R000000062/1.000000/0000/Guesstimate
R000000061/4.159427/0274/R000000050/R000000062
R000000063/1.000000/0000/Guesstimate
R000000061/5.732697/0301/R000000049/R000000063
R000000057/4.621586/0260/R000000061
R000000066/1.000000/0000/Guesstimate
R000000065/2.222222/0224/R000000066/R000000045
R000000064/2.469136/0276/R000000065
R000000067/8.400000/0000/Guesstimate
R000000064/9.333333/0260/R000000067
R000000048/7.878580/0112/R000000057/R000000064
R000000035/8.183412/0147/R000000048
Q000000004/Analysis Failed
<NEXT>