#
#  Reaction log file
#  Author: LigBuilder V3 User_Diana
#  Creation time: Fri Apr 10 15:53:16 2026
#  Format:
#  QueryMoleculeId/Cost/SynthesizeId/ReactantId1/ReactantId2/ReactantId3.....
#  Id prefix:
#  Q --- Query Molecule
#  M --- Material
#  R --- Reactant
#
Directory      result/synthesize_PfHDAC1/133/DATABASE/
#
Q000000001/5.791801/0000/R000000001
M000000005/1.000000/0000/Sigma_BB-343104696
M000000006/1.000000/0000/Sigma_BB-28509180
R000000004/2.222222/0301/M000000005/M000000006
R000000004/2.222222/0301/M000000005/M000000006
R000000003/2.469136/0296/R000000004
R000000003/2.469136/0296/R000000004
M000000008/1.000000/0000/Sigma_BB-28909381
R000000009/1.000000/0000/Guesstimate
R000000007/2.222222/0011/M000000008/R000000009
R000000011/1.000000/0000/Guesstimate
R000000012/1.000000/0000/Guesstimate
R000000010/2.222222/0277/R000000011/R000000012
R000000013/1.000000/0000/Guesstimate
R000000010/2.222222/0301/R000000013/R000000012
R000000007/2.469136/0041/R000000010
R000000002/5.212621/0301/R000000003/R000000007
R000000002/5.212621/0301/R000000003/R000000007
R000000001/5.791801/0122/R000000002
R000000001/5.791801/0122/R000000002
Q000000002/5.791801/0000/R000000001
Q000000003/Analysis Failed
Q000000004/Analysis Failed
<NEXT>