#
#  Reaction log file
#  Author: LigBuilder V3 User_Diana
#  Creation time: Fri Apr 10 15:54:10 2026
#  Format:
#  QueryMoleculeId/Cost/SynthesizeId/ReactantId1/ReactantId2/ReactantId3.....
#  Id prefix:
#  Q --- Query Molecule
#  M --- Material
#  R --- Reactant
#
Directory      result/synthesize_PfHDAC1/173/DATABASE/
#
Q000000001/Analysis Failed
Q000000002/4.282884/0000/R000000001
R000000005/1.000000/0000/Guesstimate
M000000006/1.000000/0000/Sigma_BB-28830704
R000000004/2.222222/0301/R000000005/M000000006
R000000004/2.222222/0301/R000000005/M000000006
R000000003/2.469136/0197/R000000004
R000000010/1.000000/0000/Guesstimate
M000000011/1.000000/0000/Sigma_BB-156331499
R000000009/2.222222/0274/R000000010/M000000011
R000000012/1.000000/0000/Guesstimate
M000000013/1.000000/0000/Sigma_BB-28788714
R000000009/2.222222/0275/R000000012/M000000013
R000000008/2.469136/0086/R000000009
R000000008/2.469136/0091/R000000009
R000000007/3.854596/0112/R000000005/R000000008
R000000003/4.282884/0147/R000000007
R000000014/1.000000/0000/Guesstimate
R000000002/3.854596/0004/R000000003/R000000014
R000000017/2.222222/0004/R000000005/R000000014
R000000017/2.222222/0277/R000000005/R000000014
R000000016/2.469136/0118/R000000017
R000000018/1.000000/0000/Guesstimate
R000000016/3.580247/0112/R000000017/R000000018
R000000015/2.743484/0040/R000000016
R000000020/1.000000/0000/Guesstimate
R000000019/3.580247/0301/R000000017/R000000020
R000000019/3.580247/0301/R000000017/R000000020
R000000015/3.978053/0073/R000000019
R000000022/1.000000/0000/Guesstimate
R000000024/1.000000/0000/Guesstimate
R000000023/2.222222/0274/R000000024/M000000011
R000000023/2.469136/0197/R000000009
R000000021/3.580247/0004/R000000022/R000000023
M000000026/1.000000/0000/Sigma_BB-28524129
R000000025/3.580247/0212/M000000026/R000000009
R000000025/3.580247/0212/M000000026/R000000009
R000000021/3.978053/0024/R000000025
R000000002/7.026369/0212/R000000015/R000000021
R000000001/4.282884/0153/R000000002
R000000029/2.469136/0153/R000000017
R000000030/2.469136/0086/R000000017
R000000030/2.469136/0091/R000000017
R000000029/2.743484/0154/R000000030
R000000031/1.000000/0000/Guesstimate
R000000028/3.854596/0112/R000000029/R000000031
R000000032/3.580247/0112/R000000017/R000000031
R000000028/3.978053/0153/R000000032
R000000027/5.393995/0274/R000000028/M000000011
R000000027/5.486969/0112/R000000029/R000000008
R000000001/5.993328/0147/R000000027
Q000000003/4.282884/0000/R000000001
<NEXT>