#
#  Reaction log file
#  Author: LigBuilder V3 User_Diana
#  Creation time: Fri Apr 10 15:51:39 2026
#  Format:
#  QueryMoleculeId/Cost/SynthesizeId/ReactantId1/ReactantId2/ReactantId3.....
#  Id prefix:
#  Q --- Query Molecule
#  M --- Material
#  R --- Reactant
#
Directory      result/synthesize_PfHDAC1/73/DATABASE/
#
Q000000001/7.224678/0000/R000000001
M000000006/1.000000/0000/Sigma_BB-28807285
R000000005/1.111111/0293/M000000006
M000000008/1.000000/0000/Sigma_BB-28762228
R000000007/1.111111/0293/M000000008
R000000005/1.234568/0090/R000000007
R000000009/1.000000/0000/Guesstimate
R000000004/2.345679/0170/R000000005/R000000009
R000000011/1.000000/0000/Guesstimate
R000000012/1.000000/0000/Guesstimate
R000000013/1.000000/0000/Guesstimate
R000000010/3.333333/0225/R000000011/R000000012/R000000013
R000000010/3.333333/0225/R000000011/R000000012/R000000013
R000000004/3.703704/0122/R000000010
R000000014/1.000000/0000/Guesstimate
R000000003/3.717421/0122/R000000004/R000000014
R000000017/1.000000/0000/Guesstimate
R000000016/2.345679/0170/R000000005/R000000017
M000000020/1.000000/0000/Sigma_BB-70797331
R000000021/1.000000/0000/Guesstimate
R000000019/2.222222/0004/M000000020/R000000021
R000000018/2.469136/0009/R000000019
R000000022/9.000000/0000/Guesstimate
R000000018/10.000000/0082/R000000022
R000000016/3.854596/0224/R000000018/R000000017
R000000015/2.606310/0090/R000000016
R000000023/1.000000/0000/Guesstimate
R000000015/3.717421/0122/R000000004/R000000023
R000000024/1.000000/0000/Guesstimate
R000000003/5.241580/0004/R000000015/R000000024
R000000027/1.000000/0000/Guesstimate
R000000026/1.111111/0288/R000000027
R000000025/1.234568/0295/R000000026
R000000032/1.000000/0000/Guesstimate
R000000031/1.111111/0283/R000000032
R000000030/2.345679/0277/R000000031/R000000014
R000000029/2.606310/0073/R000000030
R000000033/2.606310/0100/R000000030
R000000033/2.606310/0216/R000000030
R000000029/2.895900/0100/R000000033
R000000028/2.895900/0099/R000000029
R000000025/3.217667/0197/R000000028
R000000002/5.502210/0004/R000000003/R000000025
R000000034/2.895900/0099/R000000033
R000000034/3.217667/0093/R000000028
R000000002/6.113567/0004/R000000015/R000000034
R000000035/1.000000/0000/Guesstimate
R000000001/7.224678/0212/R000000002/R000000035
M000000039/1.000000/0000/Sigma_BB-28775620
R000000038/2.222222/0212/M000000039/R000000035
R000000041/1.000000/0000/Guesstimate
R000000040/2.222222/0004/R000000014/R000000041
M000000042/1.000000/0000/Sigma_BB-28829658
R000000040/2.222222/0004/R000000023/M000000042
R000000038/2.469136/0197/R000000040
R000000037/3.703704/0277/R000000038/R000000031
R000000044/1.000000/0000/Guesstimate
R000000043/2.345679/0277/R000000044/R000000031
R000000037/3.717421/0301/R000000043/R000000041
R000000036/6.721537/0122/R000000004/R000000037
R000000045/5.241580/0004/R000000015/M000000042
R000000045/5.241580/0004/R000000003/R000000041
R000000036/8.719878/0212/R000000045/R000000029
R000000001/7.468375/0099/R000000036
Q000000002/8.051903/0000/R000000046
R000000050/2.482853/0004/R000000014/R000000025
R000000050/4.328778/0004/R000000023/R000000034
R000000049/2.758726/0197/R000000050
R000000051/1.000000/0000/Guesstimate
R000000048/4.176363/0277/R000000049/R000000051
R000000053/1.234568/0118/R000000026
R000000053/2.345679/0112/R000000011/R000000026
R000000052/2.482853/0122/R000000023/R000000053
R000000056/1.000000/0000/Guesstimate
R000000057/1.000000/0000/Guesstimate
R000000055/2.222222/0224/R000000056/R000000057
M000000058/1.000000/0000/Sigma_BB-27733356
R000000055/2.222222/0285/M000000058/R000000024
R000000054/2.469136/0001/R000000055
R000000060/1.000000/0000/Guesstimate
R000000059/2.222222/0224/R000000060/R000000057
R000000059/2.469136/0091/R000000055
R000000054/2.469136/0004/R000000059
R000000048/5.502210/0042/R000000052/R000000054
R000000047/7.246713/0122/R000000004/R000000048
R000000061/4.267642/0122/R000000015/R000000053
R000000061/5.365036/0122/R000000004/R000000052
R000000047/7.485310/0042/R000000061/R000000054
R000000046/8.051903/0099/R000000047
M000000065/1.000000/0000/Sigma_BB-27936653
R000000064/1.111111/0257/M000000065
R000000066/1.000000/0000/Guesstimate
R000000064/1.111111/0283/R000000066
R000000063/2.345679/0226/R000000064/R000000009
R000000068/1.000000/0000/Guesstimate
R000000067/3.333333/0225/R000000068/R000000012/R000000013
R000000067/3.333333/0225/R000000068/R000000012/R000000013
R000000063/3.703704/0112/R000000067
R000000069/4.640403/0099/R000000048
R000000072/1.000000/0000/Guesstimate
R000000071/2.222222/0004/R000000014/R000000072
R000000073/1.000000/0000/Guesstimate
R000000071/3.333333/0225/R000000023/R000000072/R000000073
R000000070/5.365036/0212/R000000071/R000000029
R000000070/5.365036/0212/R000000071/R000000029
R000000069/5.961151/0099/R000000070
R000000062/7.762314/0122/R000000063/R000000069
R000000076/1.000000/0000/Guesstimate
R000000075/2.345679/0226/R000000064/R000000076
R000000077/1.000000/0000/Guesstimate
R000000075/2.345679/0277/R000000064/R000000077
R000000074/3.717421/0004/R000000075/R000000024
R000000079/1.000000/0000/Guesstimate
R000000078/3.717421/0122/R000000063/R000000079
R000000074/4.130468/0024/R000000078
R000000081/2.222222/0004/R000000024/R000000072
R000000082/1.000000/0000/Guesstimate
R000000081/3.333333/0225/R000000082/R000000072/R000000073
R000000080/3.840878/0004/R000000081/R000000025
R000000080/4.328778/0004/R000000034/R000000072
R000000062/8.398111/0212/R000000074/R000000080
R000000046/8.624793/0099/R000000062
Q000000003/6.680162/0000/R000000083
R000000086/2.758726/0255/R000000050
R000000087/1.000000/0000/Guesstimate
R000000086/4.176363/0112/R000000049/R000000087
R000000085/3.065251/0147/R000000086
R000000090/1.000000/0000/Guesstimate
R000000089/2.222222/0004/R000000014/R000000090
M000000091/1.000000/0000/Sigma_BB-28776791
R000000089/2.222222/0004/R000000023/M000000091
R000000088/5.365036/0212/R000000089/R000000029
R000000088/5.365036/0212/R000000089/R000000029
R000000085/5.961151/0099/R000000088
R000000084/6.012146/0122/R000000063/R000000085
R000000092/2.482853/0004/M000000091/R000000025
R000000092/4.328778/0004/R000000034/R000000090
R000000084/6.889194/0212/R000000074/R000000092
R000000083/6.680162/0099/R000000084
R000000094/4.007011/0004/R000000015/M000000091
R000000094/5.241580/0004/R000000003/R000000090
R000000093/7.348135/0212/R000000094/R000000029
R000000093/8.567462/0122/R000000004/R000000088
R000000083/8.164595/0099/R000000093
Q000000004/7.224678/0000/R000000001
<NEXT>