#
#  Reaction log file
#  Author: LigBuilder V3 User_Diana
#  Creation time: Fri Apr 10 15:56:28 2026
#  Format:
#  QueryMoleculeId/Cost/SynthesizeId/ReactantId1/ReactantId2/ReactantId3.....
#  Id prefix:
#  Q --- Query Molecule
#  M --- Material
#  R --- Reactant
#
Directory      result/synthesize_PfHDAC1/268/DATABASE/
#
Q000000001/8.335828/0000/R000000001
R000000007/1.000000/0000/Guesstimate
R000000008/1.000000/0000/Guesstimate
R000000006/2.222222/0138/R000000007/R000000008
R000000005/2.469136/0285/R000000006
R000000005/2.469136/0285/R000000006
R000000009/1.000000/0000/Guesstimate
R000000004/3.854596/0277/R000000005/R000000009
R000000003/4.282884/0099/R000000004
R000000010/4.282884/0233/R000000004
R000000010/4.282884/0258/R000000004
R000000003/4.758760/0295/R000000010
R000000013/1.000000/0000/Guesstimate
M000000014/1.000000/0000/Sigma_BB-28666432
R000000012/2.222222/0056/R000000013/M000000014
M000000015/1.000000/0000/Sigma_BB-299848889
R000000012/2.222222/0080/M000000015/R000000013
R000000011/2.469136/0155/R000000012
R000000017/1.000000/0000/Guesstimate
M000000018/1.000000/0000/Sigma_BB-183143251
R000000016/2.222222/0002/R000000017/M000000018
R000000016/2.222222/0004/R000000017/M000000018
R000000011/2.469136/0197/R000000016
R000000002/7.502244/0122/R000000003/R000000011
R000000021/1.000000/0000/Guesstimate
R000000020/3.854596/0277/R000000005/R000000021
R000000022/1.000000/0000/Guesstimate
R000000020/5.393995/0122/R000000004/R000000022
R000000019/4.282884/0099/R000000020
R000000019/5.869872/0122/R000000003/R000000022
R000000024/2.743484/0041/R000000011
R000000024/2.743484/0233/R000000011
R000000023/3.048316/0295/R000000024
R000000025/10.000000/0000/Guesstimate
R000000023/10.000000/0295/R000000025
R000000002/8.145779/0279/R000000019/R000000023
R000000001/8.335828/0294/R000000002
R000000028/4.758760/0082/R000000019
R000000029/1.000000/0000/Guesstimate
R000000028/5.869872/0112/R000000003/R000000029
R000000027/5.287512/0040/R000000028
M000000032/1.000000/0000/Sigma_BB-28775379
R000000031/2.222222/0004/M000000032/M000000018
R000000033/1.000000/0000/Guesstimate
R000000034/1.000000/0000/Guesstimate
R000000031/3.333333/0225/R000000033/M000000018/R000000034
R000000030/2.469136/0197/R000000031
R000000037/1.000000/0000/Guesstimate
R000000038/1.000000/0000/Guesstimate
R000000036/2.222222/0001/R000000037/R000000038
R000000036/2.222222/0004/R000000037/R000000029
R000000035/3.580247/0056/R000000036/M000000014
R000000035/3.580247/0080/M000000015/R000000036
R000000030/3.978053/0155/R000000035
R000000026/8.618498/0212/R000000027/R000000030
R000000026/8.618498/0212/R000000027/R000000030
R000000001/9.576109/0296/R000000026
Q000000002/8.335828/0000/R000000001
Q000000003/4.282884/0000/R000000039
M000000043/1.000000/0000/Sigma_BB-28758610
R000000044/1.000000/0000/Guesstimate
R000000042/2.222222/0231/M000000043/R000000044
R000000041/2.469136/0213/R000000042
R000000046/1.000000/0000/Guesstimate
R000000047/1.000000/0000/Guesstimate
R000000045/2.222222/0279/R000000046/R000000047
R000000045/2.222222/0279/R000000046/R000000047
R000000049/1.000000/0000/Guesstimate
R000000050/1.000000/0000/Guesstimate
R000000048/2.222222/0112/R000000049/R000000050
R000000041/4.938272/0159/R000000045/R000000048
R000000051/1.000000/0000/Guesstimate
R000000040/3.854596/0003/R000000041/R000000051
R000000052/2.743484/0091/R000000041
R000000054/1.000000/0000/Guesstimate
R000000053/2.222222/0279/R000000046/R000000054
R000000053/2.222222/0279/R000000046/R000000054
R000000052/4.938272/0159/R000000053/R000000048
R000000055/1.000000/0000/Guesstimate
R000000040/4.159427/0112/R000000052/R000000055
R000000039/4.282884/0099/R000000040
M000000059/1.000000/0000/Sigma_BB-28823129
R000000060/1.000000/0000/Guesstimate
R000000058/2.222222/0231/M000000059/R000000060
R000000057/3.580247/0231/R000000058/R000000044
R000000061/2.222222/0231/M000000059/R000000044
R000000057/3.580247/0231/R000000061/R000000060
R000000056/5.089163/0003/R000000057/R000000038
R000000064/1.000000/0000/Guesstimate
R000000063/3.580247/0231/R000000061/R000000064
R000000062/3.978053/0082/R000000063
R000000062/5.089163/0112/R000000057/R000000029
R000000056/5.531170/0049/R000000062/R000000037
R000000039/5.654626/0041/R000000056
<NEXT>