#
#  Reaction log file
#  Author: LigBuilder V3 User_Diana
#  Creation time: Fri Apr 10 15:56:12 2026
#  Format:
#  QueryMoleculeId/Cost/SynthesizeId/ReactantId1/ReactantId2/ReactantId3.....
#  Id prefix:
#  Q --- Query Molecule
#  M --- Material
#  R --- Reactant
#
Directory      result/synthesize_PfHDAC1/262/DATABASE/
#
Q000000001/Analysis Failed
Q000000002/6.096632/0000/R000000001
M000000005/1.000000/0000/Sigma_BB-27556005
R000000004/1.111111/0280/M000000005
R000000006/1.000000/0000/Guesstimate
R000000004/1.111111/0283/R000000006
R000000008/1.000000/0000/Guesstimate
R000000009/1.000000/0000/Guesstimate
R000000007/2.222222/0112/R000000008/R000000009
R000000011/1.000000/0000/Guesstimate
R000000010/2.222222/0112/R000000011/R000000009
R000000007/2.469136/0091/R000000010
R000000003/3.703704/0224/R000000004/R000000007
R000000012/3.580247/0224/R000000006/R000000007
R000000003/3.978053/0283/R000000012
M000000015/1.000000/0000/Sigma_BB-28197295
R000000014/1.111111/0197/M000000015
M000000016/1.000000/0000/Sigma_BB-28775629
R000000017/1.000000/0000/Guesstimate
R000000014/2.222222/0174/M000000016/R000000017
R000000013/1.234568/0041/R000000014
R000000019/1.000000/0000/Guesstimate
M000000020/1.000000/0000/Sigma_BB-117837577
R000000018/2.222222/0274/R000000019/M000000020
R000000013/2.469136/0155/R000000018
R000000002/5.486969/0112/R000000003/R000000013
R000000022/3.703704/0224/R000000004/R000000010
R000000023/3.580247/0224/M000000005/R000000010
R000000022/3.978053/0280/R000000023
R000000021/4.115227/0197/R000000022
M000000025/1.000000/0000/Sigma_BB-30444776
R000000024/1.111111/0086/M000000025
R000000026/1.111111/0086/M000000015
R000000026/1.111111/0091/M000000015
R000000024/1.234568/0041/R000000026
R000000002/5.807042/0112/R000000021/R000000024
R000000001/6.096632/0147/R000000002
R000000029/1.000000/0000/Guesstimate
R000000028/2.345679/0004/R000000029/R000000014
M000000031/1.000000/0000/Sigma_BB-117224938
R000000032/1.000000/0000/Guesstimate
R000000030/2.222222/0004/M000000031/R000000032
R000000028/2.469136/0009/R000000030
R000000027/6.721537/0212/R000000022/R000000028
R000000027/6.721537/0212/R000000022/R000000028
R000000001/7.468375/0041/R000000027
Q000000003/3.854596/0000/R000000033
M000000036/1.000000/0000/Sigma_BB-30396082
R000000037/1.000000/0000/Guesstimate
R000000035/2.222222/0003/M000000036/R000000037
R000000038/1.111111/0125/M000000036
R000000038/2.222222/0112/M000000036/R000000017
R000000039/1.000000/0000/Guesstimate
R000000035/2.345679/0049/R000000038/R000000039
R000000034/2.469136/0059/R000000035
M000000042/1.000000/0000/Sigma_BB-243767902
R000000041/1.111111/0125/M000000042
R000000041/2.222222/0112/R000000017/M000000042
R000000040/1.234568/0040/R000000041
M000000044/1.000000/0000/Sigma_BB-155028316
R000000043/2.222222/0003/M000000044/R000000037
R000000043/2.469136/0024/R000000035
R000000040/2.469136/0059/R000000043
R000000045/1.000000/0000/Guesstimate
R000000034/2.482853/0119/R000000040/R000000045
M000000046/1.000000/0000/Sigma_BB-28665997
R000000033/3.854596/0119/R000000034/M000000046
R000000047/2.482853/0119/R000000040/M000000046
R000000050/1.000000/0000/Guesstimate
R000000051/1.000000/0000/Guesstimate
R000000049/2.222222/0279/R000000050/R000000051
R000000049/2.222222/0279/R000000050/R000000051
R000000048/4.938272/0224/R000000043/R000000049
R000000052/3.580247/0224/R000000043/R000000051
R000000048/5.089163/0279/R000000052/R000000050
R000000053/1.000000/0000/Guesstimate
R000000047/6.598080/0159/R000000048/R000000053
R000000033/3.869837/0119/R000000047/R000000045
<NEXT>