#
#  Reaction log file
#  Author: LigBuilder V3 User_Diana
#  Creation time: Fri Apr 10 15:51:39 2026
#  Format:
#  QueryMoleculeId/Cost/SynthesizeId/ReactantId1/ReactantId2/ReactantId3.....
#  Id prefix:
#  Q --- Query Molecule
#  M --- Material
#  R --- Reactant
#
Directory      result/synthesize_PfHDAC1/68/DATABASE/
#
Q000000001/Analysis Failed
Q000000002/5.791800/0000/R000000001
M000000005/1.000000/0000/Sigma_BB-28807285
R000000004/1.111111/0293/M000000005
R000000006/1.000000/0000/Guesstimate
R000000003/2.345679/0170/R000000004/R000000006
R000000008/1.000000/0000/Guesstimate
R000000009/1.000000/0000/Guesstimate
R000000010/1.000000/0000/Guesstimate
R000000007/3.333333/0225/R000000008/R000000009/R000000010
R000000007/3.333333/0225/R000000008/R000000009/R000000010
R000000003/3.703704/0122/R000000007
M000000012/1.000000/0000/Sigma_BB-27423094
R000000014/1.000000/0000/Guesstimate
R000000013/1.111111/0283/R000000014
R000000011/2.345679/0277/M000000012/R000000013
R000000002/5.212620/0122/R000000003/R000000011
R000000017/1.000000/0000/Guesstimate
R000000016/3.717421/0122/R000000003/R000000017
R000000015/4.130468/0024/R000000016
R000000019/1.000000/0000/Guesstimate
R000000018/3.717421/0122/R000000003/R000000019
R000000015/4.130468/0040/R000000018
M000000021/1.000000/0000/Sigma_BB-28775367
R000000020/2.345679/0277/M000000021/R000000013
R000000023/1.000000/0000/Guesstimate
R000000022/2.345679/0277/R000000023/R000000013
M000000024/1.000000/0000/Sigma_BB-128362448
R000000020/3.717421/0004/R000000022/M000000024
R000000002/7.195720/0212/R000000015/R000000020
R000000001/5.791800/0099/R000000002
M000000029/1.000000/0000/Sigma_BB-27936653
R000000028/1.111111/0257/M000000029
R000000030/1.000000/0000/Guesstimate
R000000028/1.111111/0283/R000000030
R000000031/1.000000/0000/Guesstimate
R000000027/2.345679/0226/R000000028/R000000031
R000000032/1.000000/0000/Guesstimate
R000000027/2.345679/0277/R000000028/R000000032
R000000026/2.606310/0099/R000000027
R000000033/3.333333/0225/R000000008/R000000009/R000000032
R000000033/3.333333/0225/R000000008/R000000009/R000000032
R000000026/3.703704/0122/R000000033
M000000036/1.000000/0000/Sigma_BB-28834224
R000000035/2.345679/0277/M000000036/R000000013
R000000034/2.606310/0099/R000000035
R000000025/5.791800/0112/R000000026/R000000034
R000000039/1.000000/0000/Guesstimate
R000000038/3.717421/0122/R000000003/R000000039
R000000038/4.130468/0293/R000000016
R000000037/4.130468/0024/R000000038
R000000041/1.000000/0000/Guesstimate
R000000040/3.717421/0122/R000000003/R000000041
R000000044/1.000000/0000/Guesstimate
R000000043/2.345679/0170/R000000004/R000000044
R000000045/8.800000/0000/Guesstimate
R000000046/1.000000/0000/Guesstimate
R000000043/9.800000/0170/R000000045/R000000046
R000000042/2.606310/0219/R000000043
R000000048/1.000000/0000/Guesstimate
R000000047/3.333333/0225/R000000008/R000000009/R000000048
R000000047/3.333333/0225/R000000008/R000000009/R000000048
R000000042/3.703704/0122/R000000047
R000000049/1.000000/0000/Guesstimate
R000000040/4.007011/0279/R000000042/R000000049
R000000037/4.130468/0040/R000000040
M000000052/1.000000/0000/Sigma_BB-28423772
R000000053/1.000000/0000/Guesstimate
R000000051/2.222222/0274/M000000052/R000000053
R000000050/2.469136/0285/R000000051
R000000025/7.332894/0049/R000000037/R000000050
R000000001/6.435334/0147/R000000025
Q000000003/9.536338/0000/R000000054
R000000057/1.000000/0000/Guesstimate
R000000056/3.717421/0004/R000000027/R000000057
R000000062/1.000000/0000/Guesstimate
R000000061/2.345679/0277/R000000028/R000000062
R000000061/2.345679/0277/R000000028/R000000062
M000000063/1.000000/0000/Sigma_BB-27941182
R000000060/3.717421/0170/R000000061/M000000063
R000000065/1.000000/0000/Guesstimate
R000000064/2.345679/0226/R000000028/R000000065
R000000064/2.606310/0156/R000000061
M000000066/1.000000/0000/Sigma_BB-30407107
R000000060/3.717421/0170/R000000064/M000000066
R000000059/4.130468/0009/R000000060
R000000068/1.000000/0000/Guesstimate
R000000067/3.717421/0170/R000000064/R000000068
R000000069/1.000000/0000/Guesstimate
R000000067/3.717421/0170/R000000061/R000000069
R000000059/4.130468/0079/R000000067
R000000058/5.700521/0122/R000000059/R000000017
R000000056/6.333912/0024/R000000058
R000000071/2.606310/0099/R000000022
R000000072/1.000000/0000/Guesstimate
R000000070/4.007011/0004/R000000071/R000000072
R000000078/1.000000/0000/Guesstimate
R000000077/2.222222/0004/R000000078/R000000072
R000000079/1.000000/0000/Guesstimate
R000000077/3.333333/0225/R000000062/R000000072/R000000079
R000000076/2.469136/0197/R000000077
R000000075/3.978053/0277/R000000076/R000000013
R000000074/4.420059/0099/R000000075
R000000074/5.563346/0212/R000000023/R000000070
R000000073/4.911177/0217/R000000074
R000000070/5.456863/0040/R000000073
R000000055/8.582704/0212/R000000056/R000000070
R000000055/9.500587/0122/R000000059/R000000074
R000000054/9.536338/0099/R000000055
R000000085/1.000000/0000/Guesstimate
R000000084/4.007011/0004/R000000085/R000000071
R000000084/4.007011/0277/R000000085/R000000071
R000000083/4.452235/0197/R000000084
R000000087/1.000000/0000/Guesstimate
R000000086/1.111111/0040/R000000087
R000000086/2.222222/0004/R000000031/R000000057
R000000088/2.895900/0085/R000000071
R000000088/2.895900/0293/R000000071
R000000083/4.452235/0212/R000000086/R000000088
R000000082/6.181496/0226/R000000028/R000000083
R000000081/6.868329/0099/R000000082
R000000091/1.000000/0000/Guesstimate
R000000090/4.328778/0212/R000000091/R000000088
R000000093/1.000000/0000/Guesstimate
R000000092/4.007011/0004/R000000093/R000000071
R000000092/4.007011/0277/R000000093/R000000071
R000000090/4.452235/0197/R000000092
R000000089/8.513457/0279/R000000047/R000000090
R000000089/8.513457/0279/R000000047/R000000090
R000000081/9.459397/0122/R000000089
R000000094/1.000000/0000/Guesstimate
R000000080/8.742588/0277/R000000081/R000000094
R000000096/5.365036/0285/R000000018/R000000013
R000000095/5.961151/0233/R000000096
R000000095/5.961151/0258/R000000096
R000000099/1.000000/0000/Guesstimate
R000000100/1.000000/0000/Guesstimate
R000000098/2.222222/0224/R000000099/R000000100
M000000101/1.000000/0000/Sigma_BB-27733356
R000000098/2.222222/0285/M000000101/R000000057
R000000097/2.469136/0001/R000000098
R000000103/1.000000/0000/Guesstimate
R000000102/2.222222/0224/R000000103/R000000100
R000000102/2.469136/0091/R000000098
R000000097/2.469136/0004/R000000102
R000000080/9.366986/0042/R000000095/R000000097
R000000054/9.713987/0099/R000000080
<NEXT>