#
#  Reaction log file
#  Author: LigBuilder V3 User_Diana
#  Creation time: Fri Apr 10 15:56:48 2026
#  Format:
#  QueryMoleculeId/Cost/SynthesizeId/ReactantId1/ReactantId2/ReactantId3.....
#  Id prefix:
#  Q --- Query Molecule
#  M --- Material
#  R --- Reactant
#
Directory      result/synthesize_PfHDAC1/281/DATABASE/
#
Q000000001/6.096632/0000/R000000001
M000000005/1.000000/0000/Sigma_BB-29205355
R000000006/1.000000/0000/Guesstimate
R000000004/2.222222/0003/M000000005/R000000006
M000000007/1.000000/0000/Sigma_BB-28758610
R000000008/1.000000/0000/Guesstimate
R000000004/2.222222/0175/M000000007/R000000008
R000000003/2.469136/0041/R000000004
R000000010/1.000000/0000/Guesstimate
R000000009/2.222222/0112/M000000005/R000000010
R000000009/2.222222/0174/M000000007/R000000010
R000000003/2.469136/0147/R000000009
R000000013/1.000000/0000/Guesstimate
M000000014/1.000000/0000/Sigma_BB-28830366
R000000012/2.222222/0004/R000000013/M000000014
R000000011/2.469136/0197/R000000012
R000000002/5.486969/0231/R000000003/R000000011
R000000001/6.096632/0028/R000000002
R000000016/2.743484/0028/R000000011
R000000017/8.200000/0000/Guesstimate
R000000016/9.111111/0139/R000000017
R000000015/5.517452/0231/R000000004/R000000016
R000000001/6.130503/0041/R000000015
Q000000002/Analysis Failed
Q000000003/4.572474/0000/R000000018
M000000022/1.000000/0000/Sigma_BB-27725905
R000000023/1.000000/0000/Guesstimate
R000000021/2.222222/0231/M000000022/R000000023
R000000020/2.469136/0294/R000000021
R000000025/1.000000/0000/Guesstimate
R000000024/2.222222/0231/M000000022/R000000025
R000000020/2.469136/0294/R000000024
R000000028/1.000000/0000/Guesstimate
R000000027/1.111111/0293/R000000028
R000000026/1.234568/0090/R000000027
R000000030/1.000000/0000/Guesstimate
R000000031/1.000000/0000/Guesstimate
R000000029/2.222222/0256/R000000030/R000000031
R000000026/2.469136/0155/R000000029
R000000019/4.115227/0301/R000000020/R000000026
R000000019/4.115227/0301/R000000020/R000000026
R000000018/4.572474/0147/R000000019
R000000035/1.000000/0000/Guesstimate
R000000034/2.482853/0301/R000000035/R000000026
R000000034/2.482853/0301/R000000035/R000000026
R000000033/3.869837/0003/R000000006/R000000034
R000000036/2.758726/0125/R000000034
R000000037/1.000000/0000/Guesstimate
R000000036/3.869837/0112/R000000037/R000000034
R000000038/1.000000/0000/Guesstimate
R000000033/4.176363/0049/R000000036/R000000038
R000000041/1.000000/0000/Guesstimate
R000000042/1.000000/0000/Guesstimate
R000000040/2.222222/0279/R000000041/R000000042
R000000040/2.222222/0279/R000000041/R000000042
R000000039/2.469136/0079/R000000040
R000000044/1.000000/0000/Guesstimate
R000000043/2.222222/0279/R000000044/R000000042
R000000043/2.222222/0279/R000000044/R000000042
R000000039/2.469136/0082/R000000043
R000000032/7.043303/0159/R000000033/R000000039
R000000047/1.000000/0000/Guesstimate
R000000048/1.000000/0000/Guesstimate
R000000046/2.222222/0279/R000000047/R000000048
R000000046/2.222222/0279/R000000047/R000000048
R000000045/6.768955/0159/R000000033/R000000046
R000000049/1.000000/0000/Guesstimate
R000000032/8.632173/0275/R000000045/R000000049
R000000050/1.000000/0000/Guesstimate
R000000018/8.937004/0175/R000000032/R000000050
<NEXT>