#
#  Reaction log file
#  Author: LigBuilder V3 User_Diana
#  Creation time: Fri Apr 10 15:55:12 2026
#  Format:
#  QueryMoleculeId/Cost/SynthesizeId/ReactantId1/ReactantId2/ReactantId3.....
#  Id prefix:
#  Q --- Query Molecule
#  M --- Material
#  R --- Reactant
#
Directory      result/synthesize_PfHDAC1/208/DATABASE/
#
Q000000001/Analysis Failed
Q000000002/5.807042/0000/R000000001
R000000005/1.000000/0000/Guesstimate
R000000006/1.000000/0000/Guesstimate
R000000004/2.222222/0112/R000000005/R000000006
R000000008/1.000000/0000/Guesstimate
R000000007/1.111111/0125/R000000008
R000000009/1.000000/0000/Guesstimate
R000000007/2.222222/0112/R000000009/R000000008
R000000003/3.703704/0159/R000000004/R000000007
R000000010/1.000000/0000/Guesstimate
R000000002/5.226338/0175/R000000003/R000000010
R000000002/5.226338/0290/R000000003/R000000010
R000000001/5.807042/0040/R000000002
R000000014/1.000000/0000/Guesstimate
R000000015/1.000000/0000/Guesstimate
R000000013/2.222222/0279/R000000014/R000000015
R000000013/2.222222/0279/R000000014/R000000015
R000000012/4.938272/0159/R000000004/R000000013
R000000011/6.598080/0175/R000000012/R000000010
R000000011/6.598080/0290/R000000012/R000000010
R000000001/7.331201/0024/R000000011
Q000000003/6.096632/0000/R000000016
R000000020/1.000000/0000/Guesstimate
R000000021/1.000000/0000/Guesstimate
R000000019/2.222222/0285/R000000020/R000000021
R000000018/2.469136/0279/R000000019
R000000018/2.469136/0279/R000000019
R000000024/1.000000/0000/Guesstimate
M000000025/1.000000/0000/Sigma_BB-38275857
R000000023/2.222222/0274/R000000024/M000000025
R000000022/2.469136/0004/R000000023
R000000026/2.222222/0004/R000000024/M000000025
R000000022/2.469136/0274/R000000026
R000000017/5.486969/0003/R000000018/R000000022
R000000027/3.854596/0112/R000000018/R000000009
R000000029/1.000000/0000/Guesstimate
R000000028/3.854596/0004/R000000018/R000000029
R000000027/4.282884/0009/R000000028
R000000031/2.743484/0197/R000000022
R000000032/7.800000/0000/Guesstimate
R000000031/8.666667/0155/R000000032
R000000030/4.159427/0004/R000000024/R000000031
R000000034/1.000000/0000/Guesstimate
R000000033/4.159427/0277/R000000034/R000000031
R000000035/1.000000/0000/Guesstimate
R000000033/4.159427/0301/R000000035/R000000031
R000000030/4.621586/0024/R000000033
R000000017/8.904470/0049/R000000027/R000000030
R000000016/6.096632/0099/R000000017
R000000038/2.743484/0198/R000000018
R000000038/2.743484/0298/R000000018
R000000037/3.048316/0257/R000000038
R000000040/1.000000/0000/Guesstimate
R000000039/4.159427/0003/R000000040/R000000031
M000000042/1.000000/0000/Sigma_BB-28721388
R000000041/3.854596/0212/M000000042/R000000022
R000000041/3.854596/0212/M000000042/R000000022
R000000039/4.282884/0009/R000000041
R000000036/8.008604/0122/R000000037/R000000039
R000000043/4.498129/0003/R000000037/R000000040
M000000045/1.000000/0000/Sigma_BB-30407107
R000000044/4.498129/0301/R000000037/M000000045
R000000044/4.498129/0301/R000000037/M000000045
R000000043/4.997921/0009/R000000044
R000000036/8.046237/0122/R000000043/R000000031
R000000016/8.898449/0099/R000000036
<NEXT>