#
#  Reaction log file
#  Author: LigBuilder V3 User_Diana
#  Creation time: Fri Apr 10 15:55:05 2026
#  Format:
#  QueryMoleculeId/Cost/SynthesizeId/ReactantId1/ReactantId2/ReactantId3.....
#  Id prefix:
#  Q --- Query Molecule
#  M --- Material
#  R --- Reactant
#
Directory      result/synthesize_PfHDAC1/221/DATABASE/
#
Q000000001/4.282884/0000/R000000001
M000000005/1.000000/0000/Sigma_BB-247279222
R000000006/1.000000/0000/Guesstimate
R000000004/2.222222/0231/M000000005/R000000006
R000000003/2.469136/0294/R000000004
R000000008/1.000000/0000/Guesstimate
R000000009/1.000000/0000/Guesstimate
R000000007/2.222222/0003/R000000008/R000000009
R000000010/1.000000/0000/Guesstimate
R000000011/1.000000/0000/Guesstimate
R000000007/2.222222/0049/R000000010/R000000011
R000000013/1.000000/0000/Guesstimate
R000000014/1.000000/0000/Guesstimate
R000000012/2.222222/0279/R000000013/R000000014
R000000012/2.222222/0279/R000000013/R000000014
R000000003/4.938272/0159/R000000007/R000000012
R000000015/1.000000/0000/Guesstimate
R000000002/3.854596/0175/R000000003/R000000015
R000000002/3.854596/0290/R000000003/R000000015
R000000001/4.282884/0024/R000000002
R000000019/1.000000/0000/Guesstimate
R000000018/1.111111/0125/R000000019
R000000020/1.000000/0000/Guesstimate
R000000018/2.222222/0112/R000000020/R000000019
R000000017/3.703704/0159/R000000007/R000000018
R000000022/8.800000/0000/Guesstimate
R000000023/1.000000/0000/Guesstimate
R000000021/9.800000/0173/R000000022/R000000023
R000000021/9.800000/0175/R000000022/R000000020
R000000017/9.400000/0168/R000000021
R000000016/5.226338/0175/R000000017/R000000015
R000000016/5.226338/0290/R000000017/R000000015
R000000001/5.807042/0040/R000000016
Q000000002/4.282884/0000/R000000001
Q000000003/4.282884/0000/R000000001
<NEXT>