#
#  Reaction log file
#  Author: LigBuilder V3 User_Diana
#  Creation time: Fri Apr 10 15:55:20 2026
#  Format:
#  QueryMoleculeId/Cost/SynthesizeId/ReactantId1/ReactantId2/ReactantId3.....
#  Id prefix:
#  Q --- Query Molecule
#  M --- Material
#  R --- Reactant
#
Directory      result/synthesize_PfHDAC1/212/DATABASE/
#
Q000000001/4.420059/0000/R000000001
M000000004/1.000000/0000/Sigma_BB-27725154
R000000003/1.111111/0147/M000000004
M000000006/1.000000/0000/Sigma_BB-27725905
R000000005/1.111111/0147/M000000006
M000000007/1.000000/0000/Sigma_BB-27736991
R000000008/1.000000/0000/Guesstimate
R000000005/2.222222/0175/M000000007/R000000008
R000000009/1.000000/0000/Guesstimate
R000000003/2.345679/0119/R000000005/R000000009
R000000012/1.000000/0000/Guesstimate
R000000013/1.000000/0000/Guesstimate
R000000011/2.222222/0279/R000000012/R000000013
R000000011/2.222222/0279/R000000012/R000000013
R000000010/2.469136/0112/R000000011
R000000014/7.800000/0000/Guesstimate
R000000010/8.666667/0082/R000000014
R000000002/3.978053/0231/R000000003/R000000010
R000000001/4.420059/0024/R000000002
M000000018/1.000000/0000/Sigma_BB-27725123
R000000017/3.854596/0231/M000000018/R000000010
R000000016/4.282884/0147/R000000017
M000000020/1.000000/0000/Sigma_BB-28758610
R000000019/3.854596/0231/M000000020/R000000010
R000000016/5.393995/0175/R000000019/R000000008
R000000023/1.000000/0000/Guesstimate
R000000024/1.000000/0000/Guesstimate
R000000022/2.222222/0174/R000000023/R000000024
R000000022/2.222222/0289/R000000023/R000000024
R000000021/2.469136/0197/R000000022
R000000025/7.400000/0000/Guesstimate
R000000021/8.222222/0091/R000000025
R000000015/7.502244/0174/R000000016/R000000021
M000000028/1.000000/0000/Sigma_BB-156517685
R000000027/3.854596/0231/M000000028/R000000010
R000000026/5.393995/0175/R000000027/R000000008
R000000029/5.393995/0175/R000000027/R000000023
R000000029/5.393995/0290/R000000027/R000000023
R000000030/1.000000/0000/Guesstimate
R000000026/7.104439/0212/R000000029/R000000030
R000000015/8.736813/0112/R000000026/R000000021
R000000001/8.335828/0025/R000000015
Q000000002/9.259940/0000/R000000031
M000000035/1.000000/0000/Sigma_BB-70797331
R000000034/1.111111/0125/M000000035
R000000036/1.000000/0000/Guesstimate
R000000034/2.222222/0112/M000000035/R000000036
R000000033/1.234568/0059/R000000034
R000000039/1.000000/0000/Guesstimate
R000000040/1.000000/0000/Guesstimate
R000000038/3.333333/0225/R000000036/R000000039/R000000040
R000000038/3.333333/0225/R000000036/R000000039/R000000040
R000000037/3.703704/0156/R000000038
R000000043/1.000000/0000/Guesstimate
R000000044/1.000000/0000/Guesstimate
R000000042/2.222222/0001/R000000043/R000000044
R000000045/1.000000/0000/Guesstimate
R000000042/2.222222/0003/R000000045/R000000044
R000000041/3.580247/0001/R000000042/R000000044
R000000047/1.000000/0000/Guesstimate
R000000046/3.333333/0225/R000000047/R000000039/R000000036
R000000046/3.333333/0225/R000000047/R000000039/R000000036
R000000041/3.703704/0009/R000000046
R000000037/3.978053/0059/R000000041
R000000033/4.115227/0122/R000000037
R000000052/1.000000/0000/Guesstimate
R000000054/1.000000/0000/Guesstimate
R000000053/1.111111/0283/R000000054
R000000051/2.345679/0277/R000000052/R000000053
R000000056/1.000000/0000/Guesstimate
R000000057/1.000000/0000/Guesstimate
R000000055/2.222222/0122/R000000056/R000000057
R000000059/1.000000/0000/Guesstimate
R000000058/2.222222/0122/R000000056/R000000059
R000000060/1.000000/0000/Guesstimate
R000000058/2.222222/0170/R000000060/R000000056
R000000055/2.469136/0147/R000000058
R000000050/5.075447/0256/R000000051/R000000055
R000000061/5.075447/0256/R000000051/R000000058
R000000050/5.639385/0147/R000000061
R000000049/5.639385/0288/R000000050
R000000048/6.265984/0295/R000000049
R000000032/8.333946/0170/R000000033/R000000048
R000000062/6.962204/0217/R000000048
R000000032/9.107524/0224/R000000033/R000000062
R000000031/9.259940/0295/R000000032
M000000068/1.000000/0000/Sigma_BB-28807285
R000000067/1.111111/0293/M000000068
M000000070/1.000000/0000/Sigma_BB-28762228
R000000069/1.111111/0293/M000000070
R000000067/1.234568/0090/R000000069
R000000071/1.000000/0000/Guesstimate
R000000066/2.345679/0170/R000000067/R000000071
R000000072/3.333333/0225/R000000036/R000000039/R000000059
R000000072/3.333333/0225/R000000036/R000000039/R000000059
R000000066/3.703704/0122/R000000072
R000000073/1.000000/0000/Guesstimate
R000000065/3.717421/0122/R000000066/R000000073
R000000074/4.814815/0122/R000000072/R000000073
R000000076/1.000000/0000/Guesstimate
R000000075/3.333333/0225/R000000036/R000000039/R000000076
R000000075/3.333333/0225/R000000036/R000000039/R000000076
R000000074/4.814815/0279/R000000075/R000000052
R000000065/5.349795/0122/R000000074
R000000064/5.365036/0277/R000000065/R000000053
R000000079/1.000000/0000/Guesstimate
R000000078/2.345679/0170/R000000067/R000000079
R000000080/1.000000/0000/Guesstimate
R000000078/9.800000/0170/R000000033/R000000080
R000000077/2.606310/0219/R000000078
R000000077/3.703704/0122/R000000075
R000000064/5.502210/0279/R000000077/R000000051
R000000063/8.430287/0256/R000000064/R000000055
R000000063/8.535286/0279/R000000077/R000000050
R000000031/9.366986/0295/R000000063
Q000000003/9.259940/0000/R000000031
Q000000004/9.259940/0000/R000000031
<NEXT>