#
#  Reaction log file
#  Author: LigBuilder V3 User_Diana
#  Creation time: Fri Apr 10 15:53:59 2026
#  Format:
#  QueryMoleculeId/Cost/SynthesizeId/ReactantId1/ReactantId2/ReactantId3.....
#  Id prefix:
#  Q --- Query Molecule
#  M --- Material
#  R --- Reactant
#
Directory      result/synthesize_PfHDAC1/169/DATABASE/
#
Q000000001/Analysis Failed
Q000000002/Analysis Failed
Q000000003/4.282884/0000/R000000001
R000000005/1.000000/0000/Guesstimate
R000000006/1.000000/0000/Guesstimate
R000000004/2.222222/0279/R000000005/R000000006
R000000004/2.222222/0279/R000000005/R000000006
R000000003/2.469136/0276/R000000004
R000000003/2.469136/0278/R000000004
R000000007/1.000000/0000/Guesstimate
R000000002/3.854596/0095/R000000003/R000000007
R000000010/1.000000/0000/Guesstimate
R000000011/1.000000/0000/Guesstimate
R000000009/2.222222/0003/R000000010/R000000011
R000000012/1.000000/0000/Guesstimate
M000000013/1.000000/0000/Sigma_BB-28775620
R000000009/2.222222/0049/R000000012/M000000013
R000000008/5.212621/0095/R000000003/R000000009
R000000014/3.854596/0095/R000000003/M000000013
R000000008/5.393995/0049/R000000014/R000000012
R000000002/5.791801/0099/R000000008
R000000001/4.282884/0040/R000000002
M000000018/1.000000/0000/Sigma_BB-27951333
R000000017/2.222222/0301/M000000018/R000000007
R000000017/2.222222/0301/M000000018/R000000007
R000000016/2.469136/0090/R000000017
R000000019/4.282884/0041/R000000002
R000000019/4.282884/0233/R000000002
R000000016/4.758760/0155/R000000019
R000000020/1.000000/0000/Guesstimate
R000000015/3.854596/0004/R000000016/R000000020
R000000021/1.000000/0000/Guesstimate
R000000022/1.000000/0000/Guesstimate
R000000015/4.965707/0225/R000000016/R000000021/R000000022
R000000001/4.282884/0073/R000000015
<NEXT>