#
#  Reaction log file
#  Author: LigBuilder V3 User_Diana
#  Creation time: Fri Apr 10 15:55:33 2026
#  Format:
#  QueryMoleculeId/Cost/SynthesizeId/ReactantId1/ReactantId2/ReactantId3.....
#  Id prefix:
#  Q --- Query Molecule
#  M --- Material
#  R --- Reactant
#
Directory      result/synthesize_PfHDAC1/234/DATABASE/
#
Q000000001/5.393995/0000/R000000001
M000000005/1.000000/0000/Sigma_BB-27736991
R000000006/1.000000/0000/Guesstimate
R000000004/2.222222/0231/M000000005/R000000006
R000000003/2.469136/0294/R000000004
R000000008/1.000000/0000/Guesstimate
R000000009/1.000000/0000/Guesstimate
R000000007/2.222222/0003/R000000008/R000000009
R000000010/1.000000/0000/Guesstimate
R000000011/1.000000/0000/Guesstimate
R000000007/2.222222/0049/R000000010/R000000011
R000000013/1.000000/0000/Guesstimate
R000000014/1.000000/0000/Guesstimate
R000000012/2.222222/0279/R000000013/R000000014
R000000012/2.222222/0279/R000000013/R000000014
R000000003/4.938272/0159/R000000007/R000000012
R000000015/1.000000/0000/Guesstimate
R000000002/3.854596/0175/R000000003/R000000015
R000000002/3.854596/0290/R000000003/R000000015
R000000016/1.000000/0000/Guesstimate
R000000001/5.393995/0004/R000000002/R000000016
R000000019/3.854596/0004/R000000003/R000000016
R000000020/1.000000/0000/Guesstimate
R000000021/1.000000/0000/Guesstimate
R000000019/4.965707/0225/R000000003/R000000020/R000000021
R000000022/1.000000/0000/Guesstimate
R000000018/5.393995/0119/R000000019/R000000022
R000000023/3.580247/0004/R000000007/R000000016
R000000023/4.691358/0225/R000000007/R000000020/R000000021
R000000025/1.000000/0000/Guesstimate
R000000024/2.222222/0279/R000000013/R000000025
R000000024/2.222222/0279/R000000013/R000000025
R000000018/6.447188/0159/R000000023/R000000024
R000000017/7.104439/0175/R000000018/R000000015
R000000017/7.104439/0290/R000000018/R000000015
R000000001/7.893822/0024/R000000017
Q000000002/7.893822/0000/R000000026
R000000030/1.000000/0000/Guesstimate
R000000029/3.854596/0301/R000000003/R000000030
R000000029/3.854596/0301/R000000003/R000000030
R000000028/5.393995/0119/R000000029/R000000022
R000000031/3.580247/0301/R000000007/R000000030
R000000031/3.580247/0301/R000000007/R000000030
R000000028/6.447188/0159/R000000031/R000000024
R000000027/7.104439/0175/R000000028/R000000015
R000000034/1.000000/0000/Guesstimate
R000000033/5.393995/0301/R000000002/R000000034
R000000033/5.393995/0301/R000000002/R000000034
R000000032/7.104439/0119/R000000033/R000000022
R000000032/7.104439/0280/R000000033/R000000022
R000000035/1.000000/0000/Guesstimate
R000000027/9.004932/0122/R000000032/R000000035
R000000026/7.893822/0024/R000000027
M000000039/1.000000/0000/Sigma_BB-28830366
R000000038/1.111111/0085/M000000039
R000000037/1.234568/0197/R000000038
R000000040/9.200000/0000/Guesstimate
R000000037/9.200000/0155/R000000040
R000000036/7.365071/0301/R000000033/R000000037
R000000036/7.365071/0301/R000000033/R000000037
R000000026/8.183413/0028/R000000036
Q000000003/7.893822/0000/R000000026
Q000000004/7.730137/0000/R000000041
M000000048/1.000000/0000/Sigma_BB-299848889
R000000047/1.111111/0093/M000000048
M000000049/1.000000/0000/Sigma_BB-183143251
R000000047/2.222222/0004/M000000049/R000000016
R000000046/1.234568/0093/R000000047
M000000050/1.000000/0000/Sigma_BB-28247348
R000000046/2.345679/0212/R000000047/M000000050
R000000045/1.371742/0197/R000000046
R000000045/2.345679/0212/R000000047/R000000011
R000000044/2.635269/0274/R000000045/R000000011
R000000051/1.000000/0000/Guesstimate
R000000043/4.039188/0095/R000000044/R000000051
R000000052/2.635269/0095/R000000045/R000000051
R000000043/4.039188/0274/R000000052/R000000011
R000000054/1.000000/0000/Guesstimate
R000000055/1.000000/0000/Guesstimate
R000000053/2.222222/0004/R000000054/R000000055
R000000042/6.957123/0212/R000000043/R000000053
R000000056/5.397213/0212/R000000044/R000000053
R000000056/5.397213/0212/R000000044/R000000053
R000000042/7.108015/0095/R000000056/R000000051
R000000041/7.730137/0041/R000000042
M000000060/1.000000/0000/Sigma_BB-28246243
R000000059/1.111111/0288/M000000060
R000000058/1.234568/0228/R000000059
R000000058/1.234568/0286/R000000059
R000000057/7.368646/0301/R000000056/R000000058
R000000057/7.368646/0301/R000000056/R000000058
R000000041/8.187385/0028/R000000057
<NEXT>