#
#  Reaction log file
#  Author: LigBuilder V3 User_Diana
#  Creation time: Fri Apr 10 15:56:14 2026
#  Format:
#  QueryMoleculeId/Cost/SynthesizeId/ReactantId1/ReactantId2/ReactantId3.....
#  Id prefix:
#  Q --- Query Molecule
#  M --- Material
#  R --- Reactant
#
Directory      result/synthesize_PfHDAC1/258/DATABASE/
#
Q000000001/5.654626/0000/R000000001
M000000005/1.000000/0000/Sigma_BB-27654258
R000000006/1.000000/0000/Guesstimate
R000000004/2.222222/0175/M000000005/R000000006
R000000004/2.222222/0290/M000000005/R000000006
R000000007/1.000000/0000/Guesstimate
R000000003/3.580247/0119/R000000004/R000000007
R000000008/2.222222/0119/M000000005/R000000007
R000000008/2.222222/0280/M000000005/R000000007
R000000003/3.580247/0175/R000000008/R000000006
R000000009/1.000000/0000/Guesstimate
R000000002/5.089163/0119/R000000003/R000000009
R000000010/3.580247/0119/R000000008/R000000009
R000000011/2.222222/0119/M000000005/R000000009
M000000012/1.000000/0000/Sigma_BB-28423565
R000000011/2.222222/0221/M000000012/R000000009
R000000010/3.580247/0119/R000000011/R000000007
R000000002/5.089163/0175/R000000010/R000000006
R000000001/5.654626/0024/R000000002
M000000016/1.000000/0000/Sigma_BB-29588051
R000000015/1.111111/0147/M000000016
M000000017/1.000000/0000/Sigma_BB-156333969
R000000015/2.222222/0175/M000000017/R000000006
R000000014/2.345679/0119/R000000015/R000000009
R000000018/2.222222/0119/M000000016/R000000009
M000000019/1.000000/0000/Sigma_BB-29076558
R000000018/2.222222/0174/M000000019/R000000006
R000000014/2.469136/0147/R000000018
R000000022/1.000000/0000/Guesstimate
R000000023/1.000000/0000/Guesstimate
R000000021/2.222222/0174/R000000022/R000000023
R000000021/2.222222/0289/R000000022/R000000023
R000000020/2.469136/0197/R000000021
R000000024/7.400000/0000/Guesstimate
R000000020/8.222222/0091/R000000024
R000000013/5.349795/0174/R000000014/R000000020
M000000027/1.000000/0000/Sigma_BB-39026897
R000000026/2.222222/0221/M000000027/R000000009
R000000025/2.469136/0147/R000000026
M000000029/1.000000/0000/Sigma_BB-308326014
R000000028/2.222222/0175/M000000029/R000000006
R000000028/2.222222/0290/M000000029/R000000006
R000000025/3.580247/0119/R000000028/R000000009
R000000013/5.486969/0112/R000000025/R000000020
R000000001/5.944217/0025/R000000013
Q000000002/5.531170/0000/R000000030
R000000034/1.000000/0000/Guesstimate
R000000033/2.222222/0175/M000000019/R000000034
R000000033/2.222222/0290/M000000019/R000000034
R000000035/1.000000/0000/Guesstimate
R000000032/3.580247/0174/R000000033/R000000035
R000000036/2.222222/0174/M000000019/R000000035
R000000036/2.469136/0204/R000000011
R000000032/3.580247/0175/R000000036/R000000034
R000000031/3.978053/0040/R000000032
R000000038/3.580247/0175/R000000008/R000000034
R000000038/3.580247/0290/R000000008/R000000034
R000000037/5.089163/0119/R000000038/R000000009
R000000037/5.089163/0175/R000000010/R000000034
R000000031/5.654626/0024/R000000037
R000000039/1.000000/0000/Guesstimate
R000000030/5.531170/0004/R000000031/R000000039
M000000043/1.000000/0000/Sigma_BB-70700816
R000000042/1.111111/0086/M000000043
R000000042/1.111111/0091/M000000043
R000000041/1.234568/0024/R000000042
R000000041/2.222222/0004/R000000034/R000000039
R000000040/5.349795/0175/R000000010/R000000041
R000000040/6.765737/0004/R000000037/R000000039
R000000030/5.944217/0024/R000000040
Q000000003/5.531170/0000/R000000030
<NEXT>