#
#  Reaction log file
#  Author: LigBuilder V3 User_Diana
#  Creation time: Fri Apr 10 15:50:58 2026
#  Format:
#  QueryMoleculeId/Cost/SynthesizeId/ReactantId1/ReactantId2/ReactantId3.....
#  Id prefix:
#  Q --- Query Molecule
#  M --- Material
#  R --- Reactant
#
Directory      result/synthesize_PfHDAC1/49/DATABASE/
#
Q000000001/4.007011/0000/R000000001
R000000005/1.000000/0000/Guesstimate
R000000004/1.111111/0288/R000000005
R000000006/1.000000/0000/Guesstimate
R000000003/2.345679/0301/R000000004/R000000006
R000000003/2.345679/0301/R000000004/R000000006
R000000002/2.606310/0295/R000000003
R000000007/1.000000/0000/Guesstimate
R000000001/4.007011/0004/R000000002/R000000007
R000000011/1.000000/0000/Guesstimate
R000000010/2.345679/0301/R000000004/R000000011
R000000010/2.345679/0301/R000000004/R000000011
R000000009/2.606310/0295/R000000010
R000000014/1.000000/0000/Guesstimate
R000000013/1.111111/0040/R000000014
R000000013/1.111111/0085/R000000007
R000000015/1.000000/0000/Guesstimate
R000000012/2.345679/0119/R000000013/R000000015
R000000017/1.000000/0000/Guesstimate
R000000018/1.000000/0000/Guesstimate
R000000016/2.222222/0274/R000000017/R000000018
R000000012/2.469136/0039/R000000016
R000000008/5.502210/0122/R000000009/R000000012
R000000008/5.502210/0122/R000000009/R000000012
R000000001/6.113567/0024/R000000008
Q000000002/4.007011/0000/R000000019
R000000020/1.000000/0000/Guesstimate
R000000019/4.007011/0004/R000000002/R000000020
R000000023/1.000000/0000/Guesstimate
R000000022/4.007011/0122/R000000009/R000000023
R000000025/1.000000/0000/Guesstimate
R000000024/4.007011/0112/R000000002/R000000025
R000000022/4.452235/0059/R000000024
R000000021/4.452235/0039/R000000022
R000000027/1.000000/0000/Guesstimate
R000000026/4.007011/0112/R000000002/R000000027
R000000026/4.452235/0039/R000000024
R000000021/4.452235/0059/R000000026
R000000019/4.946928/0024/R000000021
Q000000003/4.007011/0000/R000000019
<NEXT>