#
#  Reaction log file
#  Author: LigBuilder V3 User_Diana
#  Creation time: Fri Apr 10 15:56:37 2026
#  Format:
#  QueryMoleculeId/Cost/SynthesizeId/ReactantId1/ReactantId2/ReactantId3.....
#  Id prefix:
#  Q --- Query Molecule
#  M --- Material
#  R --- Reactant
#
Directory      result/synthesize_PfHDAC1/277/DATABASE/
#
Q000000001/Analysis Failed
Q000000002/2.606310/0000/R000000001
M000000004/1.000000/0000/Sigma_BB-28426400
R000000003/1.111111/0114/M000000004
M000000006/1.000000/0000/Sigma_BB-73615744
R000000005/1.111111/0041/M000000006
R000000005/1.111111/0233/M000000006
R000000003/1.234568/0155/R000000005
R000000007/1.000000/0000/Guesstimate
R000000002/2.345679/0004/R000000003/R000000007
R000000008/2.222222/0004/M000000004/R000000007
M000000010/1.000000/0000/Sigma_BB-386044321
R000000009/1.111111/0299/M000000010
R000000011/1.000000/0000/Guesstimate
R000000009/2.222222/0004/M000000004/R000000011
R000000012/1.000000/0000/Guesstimate
R000000008/2.345679/0274/R000000009/R000000012
R000000002/2.469136/0114/R000000008
R000000001/2.606310/0153/R000000002
R000000013/2.469136/0153/R000000008
R000000015/1.234568/0086/R000000009
R000000015/1.234568/0091/R000000009
R000000014/2.482853/0274/R000000015/R000000012
R000000017/1.000000/0000/Guesstimate
R000000016/2.482853/0274/R000000015/R000000017
R000000018/1.000000/0000/Guesstimate
R000000014/3.869837/0274/R000000016/R000000018
R000000013/2.758726/0154/R000000014
R000000001/2.743484/0114/R000000013
Q000000003/2.606310/0000/R000000001
<NEXT>