#
#  Reaction log file
#  Author: LigBuilder V3 User_Diana
#  Creation time: Fri Apr 10 15:51:16 2026
#  Format:
#  QueryMoleculeId/Cost/SynthesizeId/ReactantId1/ReactantId2/ReactantId3.....
#  Id prefix:
#  Q --- Query Molecule
#  M --- Material
#  R --- Reactant
#
Directory      result/synthesize_PfHDAC1/46/DATABASE/
#
Q000000001/2.606310/0000/R000000001
M000000004/1.000000/0000/Sigma_BB-150552076
R000000003/1.111111/0091/M000000004
M000000006/1.000000/0000/Sigma_BB-188062344
R000000007/1.000000/0000/Guesstimate
R000000005/2.222222/0112/M000000006/R000000007
R000000003/2.469136/0197/R000000005
R000000008/1.000000/0000/Guesstimate
R000000002/2.345679/0112/R000000003/R000000008
R000000010/2.222222/0112/R000000007/R000000008
R000000009/2.469136/0197/R000000010
R000000002/3.854596/0112/M000000006/R000000009
R000000001/2.606310/0059/R000000002
M000000013/1.000000/0000/Sigma_BB-243862451
R000000012/3.854596/0112/M000000013/R000000009
R000000011/4.282884/0059/R000000012
R000000014/1.000000/0000/Guesstimate
R000000011/5.393995/0224/R000000012/R000000014
R000000001/4.758760/0152/R000000011
Q000000002/2.606310/0000/R000000001
Q000000003/Analysis Failed
<NEXT>