#
#  Reaction log file
#  Author: LigBuilder V3 User_Diana
#  Creation time: Fri Apr 10 15:50:30 2026
#  Format:
#  QueryMoleculeId/Cost/SynthesizeId/ReactantId1/ReactantId2/ReactantId3.....
#  Id prefix:
#  Q --- Query Molecule
#  M --- Material
#  R --- Reactant
#
Directory      result/synthesize_PfHDAC1/23/DATABASE/
#
Q000000001/2.469136/0000/R000000001
M000000003/1.000000/0000/Sigma_BB-188062344
R000000004/1.000000/0000/Guesstimate
R000000002/2.222222/0004/M000000003/R000000004
M000000010/1.000000/0000/Sigma_BB-34690477
R000000009/2.222222/0004/M000000010/R000000004
R000000008/2.469136/0197/R000000009
R000000007/2.743484/0044/R000000008
R000000011/9.900000/0000/Guesstimate
R000000007/9.900000/0155/R000000011
R000000006/3.048316/0152/R000000007
R000000005/3.387018/0118/R000000006
R000000012/1.000000/0000/Guesstimate
R000000005/4.498129/0112/R000000006/R000000012
R000000002/3.763354/0040/R000000005
R000000001/2.469136/0153/R000000002
R000000014/2.469136/0153/R000000009
R000000015/2.469136/0086/R000000009
R000000015/2.469136/0091/R000000009
R000000014/2.743484/0154/R000000015
R000000013/2.743484/0044/R000000014
R000000013/3.048316/0156/R000000007
R000000001/3.048316/0152/R000000013
Q000000002/2.469136/0000/R000000016
R000000018/1.000000/0000/Guesstimate
R000000017/2.222222/0004/M000000003/R000000018
R000000021/1.000000/0000/Guesstimate
R000000020/2.222222/0112/M000000003/R000000021
R000000019/2.469136/0059/R000000020
R000000025/2.222222/0004/M000000010/R000000018
R000000024/2.469136/0197/R000000025
R000000023/2.743484/0044/R000000024
R000000026/8.800000/0000/Guesstimate
R000000023/9.777779/0155/R000000026
R000000022/3.048316/0152/R000000023
R000000019/4.498129/0112/R000000022/R000000012
R000000017/2.743484/0040/R000000019
R000000016/2.469136/0153/R000000017
R000000028/2.469136/0153/R000000025
R000000029/2.469136/0086/R000000025
R000000029/2.469136/0091/R000000025
R000000028/2.743484/0154/R000000029
R000000027/2.743484/0044/R000000028
R000000027/3.048316/0156/R000000023
R000000016/3.048316/0152/R000000027
Q000000003/2.469136/0000/R000000016
Q000000004/2.469136/0000/R000000001
<NEXT>