#
#  Reaction log file
#  Author: LigBuilder V3 User_Diana
#  Creation time: Fri Apr 10 15:56:32 2026
#  Format:
#  QueryMoleculeId/Cost/SynthesizeId/ReactantId1/ReactantId2/ReactantId3.....
#  Id prefix:
#  Q --- Query Molecule
#  M --- Material
#  R --- Reactant
#
Directory      result/synthesize_PfHDAC1/280/DATABASE/
#
Q000000001/Analysis Failed
Q000000002/6.096632/0000/R000000001
M000000005/1.000000/0000/Sigma_BB-29205355
R000000006/1.000000/0000/Guesstimate
R000000004/2.222222/0003/M000000005/R000000006
M000000007/1.000000/0000/Sigma_BB-28758610
R000000008/1.000000/0000/Guesstimate
R000000004/2.222222/0175/M000000007/R000000008
R000000003/2.469136/0041/R000000004
R000000010/1.000000/0000/Guesstimate
R000000009/2.222222/0112/M000000005/R000000010
R000000009/2.222222/0174/M000000007/R000000010
R000000003/2.469136/0147/R000000009
R000000013/1.000000/0000/Guesstimate
M000000014/1.000000/0000/Sigma_BB-28830366
R000000012/2.222222/0004/R000000013/M000000014
R000000011/2.469136/0197/R000000012
R000000002/5.486969/0231/R000000003/R000000011
R000000001/6.096632/0028/R000000002
R000000016/2.743484/0028/R000000011
R000000017/8.200000/0000/Guesstimate
R000000016/9.111111/0139/R000000017
R000000015/5.517452/0231/R000000004/R000000016
R000000001/6.130503/0041/R000000015
Q000000003/6.096632/0000/R000000001
<NEXT>