#
#  Reaction log file
#  Author: LigBuilder V3 User_Diana
#  Creation time: Fri Apr 10 15:51:10 2026
#  Format:
#  QueryMoleculeId/Cost/SynthesizeId/ReactantId1/ReactantId2/ReactantId3.....
#  Id prefix:
#  Q --- Query Molecule
#  M --- Material
#  R --- Reactant
#
Directory      result/synthesize_PfHDAC1/42/DATABASE/
#
Q000000001/4.572474/0000/R000000001
M000000005/1.000000/0000/Sigma_BB-188062344
R000000006/1.000000/0000/Guesstimate
R000000004/2.222222/0004/M000000005/R000000006
R000000003/2.469136/0153/R000000004
R000000008/1.000000/0000/Guesstimate
R000000007/2.222222/0004/M000000005/R000000008
R000000003/2.469136/0197/R000000007
R000000011/1.000000/0000/Guesstimate
R000000010/1.111111/0125/R000000011
R000000012/1.000000/0000/Guesstimate
R000000010/2.222222/0112/R000000011/R000000012
R000000009/1.234568/0059/R000000010
R000000014/1.000000/0000/Guesstimate
R000000015/1.000000/0000/Guesstimate
R000000013/2.222222/0003/R000000014/R000000015
R000000017/1.000000/0000/Guesstimate
R000000016/2.222222/0003/R000000017/R000000015
R000000013/2.469136/0156/R000000016
R000000009/2.469136/0147/R000000013
R000000002/4.115227/0170/R000000003/R000000009
R000000018/2.469136/0153/R000000007
R000000019/9.000000/0000/Guesstimate
R000000018/10.000000/0152/R000000019
R000000020/2.469136/0147/R000000016
R000000022/1.000000/0000/Guesstimate
R000000021/2.222222/0112/R000000017/R000000022
R000000020/2.469136/0147/R000000021
R000000002/5.486969/0170/R000000018/R000000020
R000000001/4.572474/0039/R000000002
R000000026/1.000000/0000/Guesstimate
R000000025/3.854596/0170/R000000018/R000000026
R000000027/1.000000/0000/Guesstimate
R000000025/3.854596/0170/R000000003/R000000027
R000000024/4.282884/0039/R000000025
R000000029/1.000000/0000/Guesstimate
R000000028/3.854596/0170/R000000003/R000000029
R000000030/1.000000/0000/Guesstimate
R000000028/3.854596/0224/R000000003/R000000030
R000000024/4.282884/0156/R000000028
R000000023/4.758760/0024/R000000024
R000000033/1.000000/0000/Guesstimate
R000000032/3.854596/0170/R000000018/R000000033
R000000034/1.000000/0000/Guesstimate
R000000032/3.854596/0170/R000000003/R000000034
R000000031/4.282884/0079/R000000032
R000000036/1.000000/0000/Guesstimate
R000000035/3.854596/0170/R000000018/R000000036
R000000037/1.000000/0000/Guesstimate
R000000035/3.854596/0170/R000000003/R000000037
R000000031/4.282884/0082/R000000035
R000000023/4.758760/0040/R000000031
R000000038/1.000000/0000/Guesstimate
R000000001/6.398623/0119/R000000023/R000000038
Q000000002/2.758726/0000/R000000039
R000000043/1.000000/0000/Guesstimate
R000000042/1.111111/0118/R000000043
R000000042/2.222222/0112/R000000043/R000000012
R000000041/1.234568/0040/R000000042
R000000045/1.000000/0000/Guesstimate
R000000044/2.222222/0170/R000000029/R000000045
R000000046/1.000000/0000/Guesstimate
R000000047/1.000000/0000/Guesstimate
R000000044/2.222222/0170/R000000046/R000000047
R000000041/2.469136/0024/R000000044
R000000040/2.482853/0004/M000000005/R000000041
R000000040/3.580247/0170/R000000007/R000000047
R000000039/2.758726/0153/R000000040
M000000051/1.000000/0000/Sigma_BB-243862451
R000000050/2.222222/0004/M000000051/R000000006
R000000049/2.469136/0153/R000000050
R000000052/7.900000/0000/Guesstimate
R000000049/8.777778/0044/R000000052
R000000048/3.854596/0170/R000000049/R000000045
R000000055/1.000000/0000/Guesstimate
R000000054/3.854596/0170/R000000049/R000000055
R000000056/1.000000/0000/Guesstimate
R000000054/9.444445/0170/R000000019/R000000056
R000000053/4.282884/0295/R000000054
R000000057/9.800000/0000/Guesstimate
R000000053/9.800000/0044/R000000057
R000000048/4.758760/0228/R000000053
R000000039/4.282884/0152/R000000048
Q000000003/2.758726/0000/R000000039
Q000000004/2.469136/0000/R000000058
R000000060/1.000000/0000/Guesstimate
R000000059/2.222222/0004/M000000005/R000000060
R000000063/1.000000/0000/Guesstimate
R000000062/3.854596/0170/R000000003/R000000063
R000000064/3.854596/0170/R000000049/R000000063
R000000065/2.469136/0197/R000000050
R000000066/1.000000/0000/Guesstimate
R000000064/3.854596/0170/R000000065/R000000066
R000000062/4.282884/0152/R000000064
R000000061/4.282884/0118/R000000062
R000000061/5.393995/0112/R000000062/R000000012
R000000059/4.758760/0040/R000000061
R000000058/2.469136/0153/R000000059
M000000070/1.000000/0000/Sigma_BB-34690477
R000000069/2.222222/0004/M000000070/R000000060
R000000068/2.469136/0153/R000000069
R000000071/8.777778/0156/R000000052
R000000068/9.777778/0170/R000000071/R000000063
R000000067/2.743484/0044/R000000068
R000000067/4.282884/0156/R000000064
R000000058/3.048316/0152/R000000067
<NEXT>