#
#  Reaction log file
#  Author: LigBuilder V3 User_Diana
#  Creation time: Fri Apr 10 15:51:26 2026
#  Format:
#  QueryMoleculeId/Cost/SynthesizeId/ReactantId1/ReactantId2/ReactantId3.....
#  Id prefix:
#  Q --- Query Molecule
#  M --- Material
#  R --- Reactant
#
Directory      result/synthesize_PfHDAC1/88/DATABASE/
#
Q000000001/2.606310/0000/R000000001
M000000004/1.000000/0000/Sigma_BB-150552076
R000000003/1.111111/0091/M000000004
M000000006/1.000000/0000/Sigma_BB-188062344
R000000007/1.000000/0000/Guesstimate
R000000005/2.222222/0112/M000000006/R000000007
R000000003/2.469136/0197/R000000005
R000000008/1.000000/0000/Guesstimate
R000000002/2.345679/0112/R000000003/R000000008
R000000010/2.222222/0112/R000000007/R000000008
R000000009/2.469136/0197/R000000010
R000000002/3.854596/0112/M000000006/R000000009
R000000001/2.606310/0059/R000000002
R000000013/1.000000/0000/Guesstimate
R000000012/2.222222/0004/M000000006/R000000013
R000000015/1.000000/0000/Guesstimate
R000000014/2.222222/0004/M000000006/R000000015
R000000016/1.000000/0000/Guesstimate
R000000017/1.000000/0000/Guesstimate
R000000014/3.333333/0225/M000000006/R000000016/R000000017
R000000012/2.469136/0045/R000000014
R000000020/1.000000/0000/Guesstimate
R000000021/1.000000/0000/Guesstimate
R000000019/2.222222/0113/R000000020/R000000021
R000000022/1.000000/0000/Guesstimate
R000000023/1.000000/0000/Guesstimate
R000000019/2.222222/0138/R000000022/R000000023
R000000018/2.469136/0004/R000000019
R000000025/1.000000/0000/Guesstimate
R000000026/1.000000/0000/Guesstimate
R000000024/2.222222/0277/R000000025/R000000026
R000000018/2.469136/0073/R000000024
R000000011/5.212621/0212/R000000012/R000000018
R000000011/5.212621/0212/R000000012/R000000018
R000000001/5.791801/0099/R000000011
Q000000002/2.606310/0000/R000000001
Q000000003/2.606310/0000/R000000001
<NEXT>