#
#  Reaction log file
#  Author: LigBuilder V3 User_Diana
#  Creation time: Fri Apr 10 15:50:37 2026
#  Format:
#  QueryMoleculeId/Cost/SynthesizeId/ReactantId1/ReactantId2/ReactantId3.....
#  Id prefix:
#  Q --- Query Molecule
#  M --- Material
#  R --- Reactant
#
Directory      result/synthesize_PfHDAC1/10/DATABASE/
#
Q000000001/4.572474/0000/R000000001
R000000005/1.000000/0000/Guesstimate
R000000004/1.111111/0118/R000000005
R000000006/1.000000/0000/Guesstimate
R000000004/2.222222/0112/R000000006/R000000005
R000000008/1.000000/0000/Guesstimate
R000000009/1.000000/0000/Guesstimate
R000000007/2.222222/0112/R000000008/R000000009
R000000010/1.000000/0000/Guesstimate
R000000011/1.000000/0000/Guesstimate
R000000007/2.222222/0285/R000000010/R000000011
R000000003/3.703704/0095/R000000004/R000000007
R000000012/2.345679/0285/R000000004/R000000010
R000000012/3.580247/0095/R000000005/R000000007
R000000003/3.717421/0112/R000000006/R000000012
R000000002/4.115227/0285/R000000003
R000000015/1.000000/0000/Guesstimate
R000000016/1.000000/0000/Guesstimate
R000000014/2.222222/0112/R000000015/R000000016
R000000014/2.222222/0285/R000000011/R000000010
R000000013/3.703704/0095/R000000014/R000000004
R000000017/2.345679/0285/R000000004/R000000010
R000000017/3.580247/0095/R000000014/R000000005
R000000013/3.717421/0112/R000000017/R000000006
R000000002/4.115227/0285/R000000013
R000000001/4.572474/0161/R000000002
R000000001/4.572474/0161/R000000002
Q000000002/1.371742/0000/R000000018
M000000021/1.000000/0000/Sigma_BB-70737316
R000000020/1.111111/0222/M000000021
M000000023/1.000000/0000/Sigma_BB-88360680
R000000022/1.111111/0222/M000000023
M000000024/1.000000/0000/Sigma_BB-28246511
R000000022/1.111111/0287/M000000024
R000000020/1.234568/0299/R000000022
R000000019/1.234568/0074/R000000020
R000000026/2.345679/0175/R000000020/R000000008
R000000026/2.345679/0290/R000000020/R000000008
R000000025/2.606310/0139/R000000026
R000000027/8.400000/0000/Guesstimate
R000000025/9.333333/0222/R000000027
R000000019/2.895900/0082/R000000025
R000000018/1.371742/0041/R000000019
R000000030/1.371742/0104/R000000019
R000000030/1.371742/0104/R000000019
R000000029/1.524158/0257/R000000030
M000000032/1.000000/0000/Sigma_BB-28952787
R000000031/2.222222/0285/M000000032/R000000010
R000000033/1.000000/0000/Guesstimate
R000000031/3.580247/0095/R000000033/R000000007
R000000029/2.469136/0285/R000000031
R000000028/1.693509/0041/R000000029
R000000036/1.000000/0000/Guesstimate
R000000035/2.222222/0285/R000000036/R000000010
R000000034/2.469136/0285/R000000035
R000000037/2.222222/0285/R000000036/R000000010
R000000034/2.469136/0285/R000000037
R000000028/2.743484/0198/R000000034
R000000018/1.881677/0161/R000000028
Q000000003/4.572474/0000/R000000001
Q000000004/1.371742/0000/R000000018
<NEXT>