#
#  Reaction log file
#  Author: LigBuilder V3 User_Diana
#  Creation time: Fri Apr 10 15:54:50 2026
#  Format:
#  QueryMoleculeId/Cost/SynthesizeId/ReactantId1/ReactantId2/ReactantId3.....
#  Id prefix:
#  Q --- Query Molecule
#  M --- Material
#  R --- Reactant
#
Directory      result/synthesize_PfHDAC1/197/DATABASE/
#
Q000000001/4.452235/0000/R000000001
R000000003/1.000000/0000/Guesstimate
R000000006/1.000000/0000/Guesstimate
M000000008/1.000000/0000/Sigma_BB-28771997
R000000007/1.111111/0114/M000000008
R000000005/2.345679/0274/R000000006/R000000007
R000000004/2.606310/0260/R000000005
R000000010/1.000000/0000/Guesstimate
M000000012/1.000000/0000/Sigma_BB-136510147
R000000011/1.111111/0040/M000000012
M000000014/1.000000/0000/Sigma_BB-111879025
R000000013/1.111111/0040/M000000014
R000000015/1.000000/0000/Guesstimate
M000000016/1.000000/0000/Sigma_BB-28766810
R000000013/2.222222/0112/R000000015/M000000016
R000000011/1.234568/0041/R000000013
R000000009/2.345679/0275/R000000010/R000000011
R000000017/1.000000/0000/Guesstimate
R000000009/2.345679/0282/R000000017/R000000011
R000000018/1.000000/0000/Guesstimate
R000000004/3.717421/0119/R000000009/R000000018
R000000002/4.007011/0112/R000000003/R000000004
R000000020/2.222222/0112/R000000003/R000000017
R000000019/2.469136/0197/R000000020
R000000023/1.000000/0000/Guesstimate
R000000022/2.222222/0004/R000000003/R000000023
R000000025/1.000000/0000/Guesstimate
R000000024/2.222222/0003/R000000003/R000000025
R000000022/2.469136/0040/R000000024
R000000021/2.469136/0216/R000000022
R000000019/2.743484/0091/R000000021
R000000027/1.000000/0000/Guesstimate
R000000026/2.345679/0274/R000000027/R000000007
R000000029/1.000000/0000/Guesstimate
R000000028/2.345679/0275/R000000029/R000000011
R000000028/2.345679/0282/R000000027/R000000011
R000000026/3.717421/0119/R000000028/R000000018
R000000002/5.349795/0112/R000000019/R000000026
R000000001/4.452235/0147/R000000002
R000000031/1.000000/0000/Guesstimate
R000000030/3.456790/0225/R000000003/R000000011/R000000031
R000000030/3.703704/0169/R000000022/R000000011
R000000001/4.951989/0119/R000000030/R000000018
Q000000002/Analysis Failed
Q000000003/Analysis Failed
<NEXT>