#
#  Reaction log file
#  Author: LigBuilder V3 User_Diana
#  Creation time: Fri Apr 10 15:57:02 2026
#  Format:
#  QueryMoleculeId/Cost/SynthesizeId/ReactantId1/ReactantId2/ReactantId3.....
#  Id prefix:
#  Q --- Query Molecule
#  M --- Material
#  R --- Reactant
#
Directory      result/synthesize_PfHDAC1/300/DATABASE/
#
Q000000001/4.420059/0000/R000000001
M000000004/1.000000/0000/Sigma_BB-28151472
R000000003/1.111111/0114/M000000004
M000000005/1.000000/0000/Sigma_BB-292610067
R000000003/1.111111/0155/M000000005
R000000008/1.000000/0000/Guesstimate
M000000009/1.000000/0000/Sigma_BB-34685430
R000000007/2.222222/0277/R000000008/M000000009
R000000006/2.469136/0150/R000000007
R000000011/1.000000/0000/Guesstimate
R000000012/1.000000/0000/Guesstimate
R000000010/2.222222/0004/R000000011/R000000012
R000000013/1.000000/0000/Guesstimate
R000000014/1.000000/0000/Guesstimate
R000000010/3.333333/0225/R000000013/R000000012/R000000014
R000000015/1.000000/0000/Guesstimate
R000000006/3.580247/0212/R000000010/R000000015
R000000002/3.978053/0170/R000000003/R000000006
M000000017/1.000000/0000/Sigma_BB-30664943
R000000016/1.111111/0059/M000000017
M000000019/1.000000/0000/Sigma_BB-326697832
R000000018/1.111111/0092/M000000019
M000000020/1.000000/0000/Sigma_BB-28426400
R000000021/1.000000/0000/Guesstimate
R000000018/2.222222/0004/M000000020/R000000021
R000000016/1.234568/0153/R000000018
R000000023/1.000000/0000/Guesstimate
R000000022/3.580247/0212/R000000010/R000000023
R000000025/1.000000/0000/Guesstimate
R000000024/3.580247/0212/R000000010/R000000025
R000000024/3.580247/0212/R000000010/R000000025
R000000022/3.978053/0155/R000000024
R000000002/5.212621/0170/R000000016/R000000022
R000000001/4.420059/0024/R000000002
R000000028/2.345679/0170/R000000016/R000000023
R000000028/2.345679/0170/R000000003/R000000015
R000000030/1.000000/0000/Guesstimate
R000000029/2.222222/0004/R000000011/R000000030
R000000029/3.333333/0225/R000000013/R000000030/R000000014
R000000027/5.075447/0212/R000000028/R000000029
R000000027/5.075447/0212/R000000028/R000000029
R000000033/1.000000/0000/Guesstimate
R000000034/1.000000/0000/Guesstimate
R000000032/2.222222/0174/R000000033/R000000034
R000000032/2.222222/0289/R000000033/R000000034
R000000031/2.469136/0197/R000000032
R000000035/7.400000/0000/Guesstimate
R000000031/8.222222/0091/R000000035
R000000026/8.382870/0112/R000000027/R000000031
R000000037/5.212621/0112/R000000029/R000000031
R000000036/6.902912/0212/R000000037/R000000015
R000000036/6.902912/0212/R000000037/R000000015
R000000026/8.904470/0170/R000000003/R000000036
R000000001/9.314300/0025/R000000026
Q000000002/6.130503/0000/R000000038
R000000041/1.000000/0000/Guesstimate
R000000044/1.000000/0000/Guesstimate
R000000045/1.000000/0000/Guesstimate
R000000043/2.222222/0274/R000000044/R000000045
R000000042/2.469136/0001/R000000043
R000000047/1.000000/0000/Guesstimate
R000000046/2.222222/0274/R000000047/R000000045
R000000046/2.469136/0091/R000000043
R000000042/2.469136/0004/R000000046
R000000040/3.854596/0042/R000000041/R000000042
R000000049/1.000000/0000/Guesstimate
R000000048/3.854596/0042/R000000049/R000000042
R000000051/1.000000/0000/Guesstimate
R000000050/2.222222/0001/R000000011/R000000051
R000000052/1.000000/0000/Guesstimate
R000000050/2.222222/0002/R000000052/R000000013
R000000048/5.212621/0212/R000000050/R000000042
R000000040/4.282884/0059/R000000048
R000000039/5.517452/0170/R000000003/R000000040
R000000056/1.000000/0000/Guesstimate
R000000055/2.345679/0170/R000000016/R000000056
R000000057/1.000000/0000/Guesstimate
R000000055/2.345679/0170/R000000003/R000000057
R000000058/1.000000/0000/Guesstimate
R000000054/3.717421/0095/R000000055/R000000058
R000000059/1.000000/0000/Guesstimate
R000000054/3.717421/0122/R000000055/R000000059
R000000053/4.130468/0041/R000000054
R000000061/1.000000/0000/Guesstimate
R000000060/3.717421/0003/R000000028/R000000061
R000000062/1.000000/0000/Guesstimate
R000000060/3.717421/0112/R000000055/R000000062
R000000053/4.130468/0099/R000000060
R000000039/7.332894/0042/R000000053/R000000042
R000000038/6.130503/0099/R000000039
R000000038/6.130503/0099/R000000039
Q000000003/5.807042/0000/R000000063
R000000067/1.000000/0000/Guesstimate
R000000066/2.222222/0119/R000000021/R000000067
R000000068/1.000000/0000/Guesstimate
R000000066/2.222222/0276/R000000068/R000000067
R000000070/1.000000/0000/Guesstimate
R000000069/1.111111/0125/R000000070
R000000071/1.000000/0000/Guesstimate
R000000069/2.222222/0112/R000000071/R000000070
R000000065/3.703704/0159/R000000066/R000000069
R000000072/1.000000/0000/Guesstimate
R000000064/5.226338/0224/R000000065/R000000072
R000000073/4.115227/0059/R000000065
R000000074/1.000000/0000/Guesstimate
R000000064/5.683586/0224/R000000073/R000000074
R000000063/5.807042/0287/R000000064
Q000000004/4.741825/0000/R000000075
R000000079/1.000000/0000/Guesstimate
R000000078/2.345679/0170/R000000003/R000000079
R000000080/1.000000/0000/Guesstimate
R000000078/2.345679/0170/R000000016/R000000080
R000000077/2.606310/0024/R000000078
R000000077/3.717421/0004/R000000055/R000000021
R000000083/1.000000/0000/Guesstimate
R000000082/1.111111/0288/R000000083
R000000081/1.234568/0295/R000000082
R000000076/4.267642/0003/R000000077/R000000081
M000000086/1.000000/0000/Sigma_BB-27941182
R000000085/2.345679/0170/R000000003/M000000086
R000000085/3.717421/0004/R000000055/R000000015
R000000084/2.606310/0009/R000000085
R000000087/2.606310/0086/R000000028
R000000087/2.606310/0091/R000000028
R000000084/2.895900/0079/R000000087
M000000090/1.000000/0000/Sigma_BB-28775620
R000000089/2.345679/0301/M000000090/R000000082
R000000089/2.345679/0301/M000000090/R000000082
R000000088/2.606310/0295/R000000089
R000000076/5.791800/0049/R000000084/R000000088
R000000075/4.741825/0099/R000000076
R000000093/1.000000/0000/Guesstimate
R000000092/2.345679/0170/R000000003/R000000093
R000000095/1.000000/0000/Guesstimate
R000000094/2.345679/0170/R000000003/R000000095
R000000096/1.000000/0000/Guesstimate
R000000094/2.345679/0170/R000000016/R000000096
R000000092/2.606310/0155/R000000094
R000000098/1.371742/0125/R000000081
R000000098/2.482853/0112/R000000071/R000000081
R000000097/1.524158/0040/R000000098
R000000100/1.000000/0000/Guesstimate
R000000101/1.000000/0000/Guesstimate
R000000099/2.222222/0224/R000000100/R000000101
R000000097/2.469136/0285/R000000099
R000000091/4.299819/0003/R000000092/R000000097
R000000103/2.895900/0054/R000000084
R000000103/3.717421/0004/R000000092/R000000015
R000000102/3.217667/0009/R000000103
R000000102/3.717421/0003/R000000055/R000000051
R000000105/2.345679/0004/R000000023/R000000082
R000000105/2.345679/0277/R000000023/R000000082
R000000104/2.606310/0295/R000000105
R000000106/2.482853/0004/R000000025/R000000081
R000000106/2.482853/0256/R000000100/R000000081
R000000104/2.758726/0155/R000000106
R000000091/6.471086/0049/R000000102/R000000104
R000000075/4.777577/0099/R000000091
<END>