#
#  Reaction log file
#  Author: LigBuilder V3 User_Diana
#  Creation time: Fri Apr 10 15:50:42 2026
#  Format:
#  QueryMoleculeId/Cost/SynthesizeId/ReactantId1/ReactantId2/ReactantId3.....
#  Id prefix:
#  Q --- Query Molecule
#  M --- Material
#  R --- Reactant
#
Directory      result/synthesize_PfHDAC1/2/DATABASE/
#
Q000000001/2.606310/0000/R000000001
M000000004/1.000000/0000/Sigma_BB-70737316
R000000003/1.111111/0222/M000000004
M000000006/1.000000/0000/Sigma_BB-88360680
R000000005/1.111111/0222/M000000006
M000000007/1.000000/0000/Sigma_BB-28246511
R000000005/1.111111/0287/M000000007
R000000003/1.234568/0299/R000000005
R000000008/1.000000/0000/Guesstimate
R000000002/2.345679/0175/R000000003/R000000008
R000000010/1.000000/0000/Guesstimate
R000000009/2.345679/0175/R000000003/R000000010
R000000012/1.000000/0000/Guesstimate
R000000011/2.345679/0175/R000000003/R000000012
R000000011/2.345679/0290/R000000003/R000000012
R000000009/2.606310/0204/R000000011
R000000002/2.606310/0041/R000000009
R000000001/2.606310/0139/R000000002
M000000014/1.000000/0000/Sigma_BB-48767194
R000000013/2.345679/0175/R000000003/M000000014
R000000015/2.606310/0059/R000000009
R000000017/1.000000/0000/Guesstimate
R000000016/2.345679/0174/R000000003/R000000017
R000000016/2.345679/0289/R000000003/R000000017
R000000015/2.606310/0147/R000000016
R000000013/2.895900/0058/R000000015
R000000001/2.606310/0150/R000000013
Q000000002/2.606310/0000/R000000001
Q000000003/2.606310/0000/R000000001
<NEXT>