#
#  Reaction log file
#  Author: LigBuilder V3 User_Diana
#  Creation time: Fri Apr 10 15:55:18 2026
#  Format:
#  QueryMoleculeId/Cost/SynthesizeId/ReactantId1/ReactantId2/ReactantId3.....
#  Id prefix:
#  Q --- Query Molecule
#  M --- Material
#  R --- Reactant
#
Directory      result/synthesize_PfHDAC1/226/DATABASE/
#
Q000000001/7.331201/0000/R000000001
R000000005/1.000000/0000/Guesstimate
R000000006/1.000000/0000/Guesstimate
R000000004/2.222222/0112/R000000005/R000000006
R000000008/1.000000/0000/Guesstimate
R000000009/1.000000/0000/Guesstimate
R000000007/2.222222/0279/R000000008/R000000009
R000000007/2.222222/0279/R000000008/R000000009
R000000003/4.938272/0159/R000000004/R000000007
R000000010/1.000000/0000/Guesstimate
R000000002/6.598080/0175/R000000003/R000000010
R000000002/6.598080/0290/R000000003/R000000010
R000000001/7.331201/0147/R000000002
R000000014/1.000000/0000/Guesstimate
R000000013/2.222222/0003/R000000005/R000000014
R000000012/4.938272/0159/R000000013/R000000007
R000000011/6.598080/0175/R000000012/R000000010
R000000011/6.598080/0290/R000000012/R000000010
R000000001/7.331201/0147/R000000011
Q000000002/4.282884/0000/R000000015
M000000019/1.000000/0000/Sigma_BB-27725905
R000000020/1.000000/0000/Guesstimate
R000000018/2.222222/0231/M000000019/R000000020
R000000017/2.469136/0294/R000000018
R000000022/1.000000/0000/Guesstimate
R000000021/2.222222/0231/M000000019/R000000022
R000000017/2.469136/0294/R000000021
R000000023/1.000000/0000/Guesstimate
R000000016/3.854596/0301/R000000017/R000000023
R000000016/3.854596/0301/R000000017/R000000023
R000000015/4.282884/0147/R000000016
R000000026/3.580247/0159/R000000005/R000000007
R000000025/5.089163/0175/R000000026/R000000010
R000000028/1.000000/0000/Guesstimate
R000000027/5.089163/0175/R000000026/R000000028
R000000027/5.089163/0290/R000000026/R000000028
R000000029/1.000000/0000/Guesstimate
R000000025/6.765737/0212/R000000027/R000000029
R000000032/1.000000/0000/Guesstimate
R000000031/1.111111/0040/R000000032
R000000033/1.000000/0000/Guesstimate
R000000031/1.111111/0283/R000000033
R000000030/1.234568/0086/R000000031
R000000030/1.234568/0091/R000000031
R000000024/7.026369/0112/R000000025/R000000030
R000000015/7.807076/0147/R000000024
Q000000003/4.282884/0000/R000000015
<NEXT>