#
#  Reaction log file
#  Author: LigBuilder V3 User_Diana
#  Creation time: Fri Apr 10 15:51:14 2026
#  Format:
#  QueryMoleculeId/Cost/SynthesizeId/ReactantId1/ReactantId2/ReactantId3.....
#  Id prefix:
#  Q --- Query Molecule
#  M --- Material
#  R --- Reactant
#
Directory      result/synthesize_PfHDAC1/41/DATABASE/
#
Q000000001/4.572474/0000/R000000001
M000000005/1.000000/0000/Sigma_BB-188062344
R000000006/1.000000/0000/Guesstimate
R000000004/2.222222/0004/M000000005/R000000006
M000000008/1.000000/0000/Sigma_BB-243862451
R000000007/2.222222/0004/M000000008/R000000006
R000000004/2.469136/0152/R000000007
R000000003/2.469136/0197/R000000004
R000000003/2.469136/0197/R000000004
R000000011/1.000000/0000/Guesstimate
R000000010/1.111111/0198/R000000011
R000000010/1.111111/0298/R000000011
R000000009/1.234568/0155/R000000010
R000000013/1.000000/0000/Guesstimate
R000000012/1.111111/0228/R000000013
R000000012/1.111111/0286/R000000013
R000000009/1.234568/0156/R000000012
R000000002/4.115227/0301/R000000003/R000000009
R000000002/4.115227/0301/R000000003/R000000009
R000000001/4.572474/0188/R000000002
R000000017/1.000000/0000/Guesstimate
R000000016/1.111111/0245/R000000017
R000000016/1.111111/0245/R000000017
R000000015/1.234568/0155/R000000016
R000000018/1.234568/0295/R000000016
R000000015/1.371742/0228/R000000018
R000000014/4.115227/0301/R000000003/R000000015
R000000014/4.115227/0301/R000000003/R000000015
R000000001/4.572474/0219/R000000014
Q000000002/2.482853/0000/R000000019
M000000022/1.000000/0000/Sigma_BB-28667716
R000000021/1.111111/0044/M000000022
R000000025/9.400000/0091/R000000023
R000000024/9.900000/0079/R000000025
R000000023/9.111111/0040/R000000024
R000000026/8.600000/0000/Guesstimate
R000000023/9.555556/0260/R000000026
R000000021/9.400000/0153/R000000023
R000000020/1.234568/0152/R000000021
R000000020/1.234568/0152/R000000021
R000000027/1.000000/0000/Guesstimate
R000000019/2.482853/0056/R000000020/R000000027
R000000029/1.000000/0000/Guesstimate
R000000028/2.482853/0056/R000000020/R000000029
R000000031/1.000000/0000/Guesstimate
R000000030/2.482853/0056/R000000020/R000000031
R000000033/1.000000/0000/Guesstimate
R000000032/2.482853/0056/R000000020/R000000033
R000000030/2.758726/0086/R000000032
R000000028/2.758726/0079/R000000030
R000000019/2.758726/0041/R000000028
Q000000003/2.222222/0000/R000000034
R000000035/1.000000/0000/Guesstimate
R000000034/2.222222/0004/M000000005/R000000035
M000000037/1.000000/0000/Sigma_BB-28666431
R000000038/1.000000/0000/Guesstimate
R000000036/2.222222/0056/M000000037/R000000038
R000000040/1.000000/0000/Guesstimate
R000000039/2.222222/0056/M000000037/R000000040
M000000041/1.000000/0000/Sigma_BB-150552076
R000000039/2.222222/0080/M000000041/R000000040
R000000036/2.469136/0039/R000000039
R000000034/2.469136/0024/R000000036
<NEXT>