#
#  Reaction log file
#  Author: LigBuilder V3 User_Diana
#  Creation time: Fri Apr 10 15:55:20 2026
#  Format:
#  QueryMoleculeId/Cost/SynthesizeId/ReactantId1/ReactantId2/ReactantId3.....
#  Id prefix:
#  Q --- Query Molecule
#  M --- Material
#  R --- Reactant
#
Directory      result/synthesize_PfHDAC1/211/DATABASE/
#
Q000000001/Analysis Failed
Q000000002/2.606310/0000/R000000001
M000000004/1.000000/0000/Sigma_BB-27725154
R000000003/1.111111/0147/M000000004
M000000006/1.000000/0000/Sigma_BB-27725905
R000000005/1.111111/0147/M000000006
M000000007/1.000000/0000/Sigma_BB-27736991
R000000008/1.000000/0000/Guesstimate
R000000005/2.222222/0175/M000000007/R000000008
R000000009/1.000000/0000/Guesstimate
R000000003/2.345679/0119/R000000005/R000000009
R000000010/1.000000/0000/Guesstimate
R000000002/2.345679/0231/R000000003/R000000010
M000000013/1.000000/0000/Sigma_BB-247279222
M000000014/1.000000/0000/Sigma_BB-28765014
R000000012/2.222222/0231/M000000013/M000000014
R000000011/2.469136/0099/R000000012
R000000015/2.222222/0231/M000000007/R000000010
R000000011/3.580247/0119/R000000015/R000000009
R000000002/3.854596/0175/R000000011/R000000008
R000000001/2.606310/0024/R000000002
M000000019/1.000000/0000/Sigma_BB-27725123
R000000018/2.222222/0231/M000000019/R000000010
R000000017/2.469136/0147/R000000018
M000000021/1.000000/0000/Sigma_BB-28758610
R000000020/2.222222/0231/M000000021/R000000010
R000000017/3.580247/0175/R000000020/R000000008
R000000024/1.000000/0000/Guesstimate
R000000025/1.000000/0000/Guesstimate
R000000023/2.222222/0174/R000000024/R000000025
R000000023/2.222222/0289/R000000024/R000000025
R000000022/2.469136/0197/R000000023
R000000026/7.400000/0000/Guesstimate
R000000022/8.222222/0091/R000000026
R000000016/5.486969/0174/R000000017/R000000022
M000000029/1.000000/0000/Sigma_BB-156517685
R000000028/2.222222/0231/M000000029/R000000010
R000000027/3.580247/0175/R000000028/R000000008
R000000030/3.580247/0175/R000000028/R000000024
R000000030/3.580247/0290/R000000028/R000000024
R000000031/1.000000/0000/Guesstimate
R000000027/5.089163/0212/R000000030/R000000031
R000000016/6.721537/0112/R000000027/R000000022
R000000001/6.096632/0025/R000000016
Q000000003/2.606310/0000/R000000001
<NEXT>