#
#  Reaction log file
#  Author: LigBuilder V3 User_Diana
#  Creation time: Fri Apr 10 15:51:30 2026
#  Format:
#  QueryMoleculeId/Cost/SynthesizeId/ReactantId1/ReactantId2/ReactantId3.....
#  Id prefix:
#  Q --- Query Molecule
#  M --- Material
#  R --- Reactant
#
Directory      result/synthesize_PfHDAC1/77/DATABASE/
#
Q000000001/4.420059/0000/R000000001
M000000005/1.000000/0000/Sigma_BB-28721388
R000000006/1.000000/0000/Guesstimate
R000000004/2.222222/0285/M000000005/R000000006
R000000003/2.469136/0280/R000000004
R000000007/2.222222/0280/M000000005/R000000006
R000000003/2.469136/0285/R000000007
M000000009/1.000000/0000/Sigma_BB-28764950
R000000008/1.111111/0197/M000000009
R000000002/3.978053/0212/R000000003/R000000008
R000000002/3.978053/0212/R000000003/R000000008
R000000001/4.420059/0028/R000000002
M000000012/1.000000/0000/Sigma_BB-28830366
R000000011/1.111111/0085/M000000012
M000000014/1.000000/0000/Sigma_BB-130314282
R000000013/1.111111/0228/M000000014
R000000013/1.111111/0286/M000000014
R000000011/1.234568/0100/R000000013
R000000010/3.978053/0212/R000000003/R000000011
R000000010/3.978053/0212/R000000003/R000000011
R000000001/4.420059/0028/R000000010
Q000000002/4.420059/0000/R000000001
Q000000003/4.420059/0000/R000000001
<NEXT>