#
#  Reaction log file
#  Author: LigBuilder V3 User_Diana
#  Creation time: Fri Apr 10 15:52:50 2026
#  Format:
#  QueryMoleculeId/Cost/SynthesizeId/ReactantId1/ReactantId2/ReactantId3.....
#  Id prefix:
#  Q --- Query Molecule
#  M --- Material
#  R --- Reactant
#
Directory      result/synthesize_PfHDAC1/127/DATABASE/
#
Q000000001/Analysis Failed
Q000000002/Analysis Failed
Q000000003/4.282884/0000/R000000001
M000000003/1.000000/0000/Sigma_BB-188062344
M000000006/1.000000/0000/Sigma_BB-28792542
R000000007/1.000000/0000/Guesstimate
R000000005/2.222222/0285/M000000006/R000000007
R000000004/2.469136/0122/R000000005
R000000004/2.469136/0122/R000000005
R000000002/3.854596/0112/M000000003/R000000004
R000000001/4.282884/0059/R000000002
R000000011/1.000000/0000/Guesstimate
R000000010/2.222222/0004/M000000003/R000000011
R000000009/2.469136/0153/R000000010
R000000013/1.000000/0000/Guesstimate
R000000012/2.222222/0004/M000000003/R000000013
R000000015/1.000000/0000/Guesstimate
R000000014/2.222222/0004/M000000003/R000000015
R000000016/1.000000/0000/Guesstimate
R000000017/1.000000/0000/Guesstimate
R000000014/3.333333/0225/M000000003/R000000016/R000000017
R000000012/2.469136/0045/R000000014
R000000009/2.469136/0197/R000000012
R000000020/1.000000/0000/Guesstimate
R000000021/1.000000/0000/Guesstimate
R000000019/2.222222/0279/R000000020/R000000021
R000000019/2.222222/0279/R000000020/R000000021
R000000018/2.469136/0003/R000000019
R000000022/8.000000/0000/Guesstimate
R000000018/8.888889/0082/R000000022
R000000008/5.486969/0095/R000000009/R000000018
R000000001/6.096632/0099/R000000008
Q000000004/3.869837/0000/R000000023
R000000027/1.000000/0000/Guesstimate
R000000026/1.111111/0125/R000000027
R000000028/1.000000/0000/Guesstimate
R000000026/2.222222/0112/R000000028/R000000027
R000000025/1.234568/0040/R000000026
R000000030/1.000000/0000/Guesstimate
R000000029/2.222222/0004/R000000027/R000000030
R000000032/1.000000/0000/Guesstimate
R000000031/2.222222/0112/R000000032/R000000027
R000000029/2.469136/0147/R000000031
R000000025/2.469136/0216/R000000029
M000000033/1.000000/0000/Sigma_BB-27949720
R000000024/2.482853/0231/R000000025/M000000033
R000000035/2.222222/0231/R000000027/M000000033
R000000034/2.469136/0125/R000000035
R000000034/3.580247/0112/R000000028/R000000035
R000000024/2.743484/0040/R000000034
R000000036/1.000000/0000/Guesstimate
R000000023/3.869837/0119/R000000024/R000000036
R000000038/2.469136/0153/R000000031
R000000040/1.000000/0000/Guesstimate
R000000039/2.222222/0112/R000000040/R000000027
R000000039/2.469136/0091/R000000031
R000000038/2.469136/0154/R000000039
M000000041/1.000000/0000/Sigma_BB-28766566
R000000037/3.854596/0231/R000000038/M000000041
R000000023/4.282884/0041/R000000037
<NEXT>