#
#  Reaction log file
#  Author: LigBuilder V3 User_Diana
#  Creation time: Fri Apr 10 15:54:54 2026
#  Format:
#  QueryMoleculeId/Cost/SynthesizeId/ReactantId1/ReactantId2/ReactantId3.....
#  Id prefix:
#  Q --- Query Molecule
#  M --- Material
#  R --- Reactant
#
Directory      result/synthesize_PfHDAC1/203/DATABASE/
#
Q000000001/Analysis Failed
Q000000002/Analysis Failed
Q000000003/Analysis Failed
Q000000004/5.791801/0000/R000000001
M000000005/1.000000/0000/Sigma_BB-28130338
R000000006/1.000000/0000/Guesstimate
R000000004/2.222222/0004/M000000005/R000000006
M000000008/1.000000/0000/Sigma_BB-28508137
R000000007/1.111111/0280/M000000008
R000000009/1.000000/0000/Guesstimate
R000000007/1.111111/0283/R000000009
R000000011/1.000000/0000/Guesstimate
R000000010/2.222222/0112/R000000011/R000000006
R000000004/3.703704/0224/R000000007/R000000010
R000000012/1.000000/0000/Guesstimate
R000000003/3.580247/0003/R000000004/R000000012
M000000015/1.000000/0000/Sigma_BB-61879344
R000000014/2.222222/0112/M000000015/R000000006
R000000013/3.703704/0224/R000000007/R000000014
R000000003/4.115227/0082/R000000013
R000000017/1.000000/0000/Guesstimate
R000000016/1.111111/0125/R000000017
R000000018/1.000000/0000/Guesstimate
R000000016/2.222222/0112/R000000018/R000000017
R000000002/5.212621/0285/R000000003/R000000016
R000000019/2.469136/0285/R000000007/R000000016
M000000021/1.000000/0000/Sigma_BB-243993066
R000000022/1.000000/0000/Guesstimate
R000000020/2.222222/0256/M000000021/R000000022
R000000019/2.469136/0295/R000000020
R000000023/2.469136/0082/R000000014
R000000023/3.580247/0003/R000000010/R000000012
R000000002/5.486969/0224/R000000019/R000000023
R000000001/5.791801/0099/R000000002
M000000027/1.000000/0000/Sigma_BB-152437451
R000000026/1.111111/0087/M000000027
R000000025/2.345679/0112/R000000026/R000000006
R000000024/5.349795/0224/R000000019/R000000025
R000000001/5.944217/0028/R000000024
<NEXT>