#
#  Reaction log file
#  Author: LigBuilder V3 User_Diana
#  Creation time: Fri Apr 10 15:53:15 2026
#  Format:
#  QueryMoleculeId/Cost/SynthesizeId/ReactantId1/ReactantId2/ReactantId3.....
#  Id prefix:
#  Q --- Query Molecule
#  M --- Material
#  R --- Reactant
#
Directory      result/synthesize_PfHDAC1/141/DATABASE/
#
Q000000001/4.282884/0000/R000000001
R000000005/1.000000/0000/Guesstimate
M000000006/1.000000/0000/Sigma_BB-28762337
R000000004/2.222222/0224/R000000005/M000000006
R000000003/2.469136/0004/R000000004
M000000008/1.000000/0000/Sigma_BB-152442096
R000000009/1.000000/0000/Guesstimate
R000000007/2.222222/0276/M000000008/R000000009
R000000007/2.222222/0278/M000000008/R000000009
R000000003/2.469136/0024/R000000007
R000000010/1.000000/0000/Guesstimate
R000000002/3.854596/0003/R000000003/R000000010
R000000013/1.000000/0000/Guesstimate
R000000012/2.222222/0276/R000000013/R000000009
R000000012/2.222222/0278/R000000013/R000000009
R000000011/2.469136/0082/R000000012
R000000015/1.000000/0000/Guesstimate
R000000014/2.222222/0224/R000000005/R000000015
R000000011/2.469136/0112/R000000014
R000000017/1.000000/0000/Guesstimate
R000000018/1.000000/0000/Guesstimate
R000000016/2.222222/0004/R000000017/R000000018
R000000020/1.000000/0000/Guesstimate
R000000019/2.222222/0277/R000000020/R000000018
M000000021/1.000000/0000/Sigma_BB-28516749
R000000019/2.222222/0301/M000000021/R000000010
R000000016/2.469136/0024/R000000019
R000000002/5.212621/0049/R000000011/R000000016
R000000001/4.282884/0147/R000000002
R000000025/1.000000/0000/Guesstimate
R000000024/3.580247/0277/R000000014/R000000025
R000000023/3.978053/0112/R000000024
R000000027/1.000000/0000/Guesstimate
R000000026/3.854596/0241/R000000011/R000000027
R000000028/1.000000/0000/Guesstimate
R000000026/3.854596/0277/R000000011/R000000028
R000000023/4.282884/0059/R000000026
R000000029/1.000000/0000/Guesstimate
R000000022/5.531170/0170/R000000023/R000000029
R000000032/1.000000/0000/Guesstimate
R000000031/3.580247/0277/R000000014/R000000032
R000000030/3.978053/0112/R000000031
R000000034/1.000000/0000/Guesstimate
R000000033/3.854596/0277/R000000011/R000000034
R000000030/4.282884/0147/R000000033
R000000035/1.000000/0000/Guesstimate
R000000022/5.531170/0170/R000000030/R000000035
R000000001/6.145744/0147/R000000022
Q000000002/Analysis Failed
Q000000003/3.978053/0000/R000000036
M000000039/1.000000/0000/Sigma_BB-188062344
R000000040/1.000000/0000/Guesstimate
R000000038/2.222222/0004/M000000039/R000000040
M000000042/1.000000/0000/Sigma_BB-243862451
R000000041/2.222222/0004/M000000042/R000000040
R000000038/2.469136/0152/R000000041
R000000043/1.000000/0000/Guesstimate
R000000037/3.580247/0001/R000000038/R000000043
R000000044/1.000000/0000/Guesstimate
R000000037/3.580247/0003/R000000038/R000000044
R000000036/3.978053/0147/R000000037
R000000046/2.469136/0197/R000000038
M000000047/1.000000/0000/Sigma_BB-27507023
R000000045/3.854596/0003/R000000046/M000000047
R000000049/2.469136/0086/R000000038
R000000049/2.469136/0091/R000000038
R000000048/2.743484/0079/R000000049
R000000050/1.000000/0000/Guesstimate
R000000048/3.854596/0112/R000000049/R000000050
M000000052/1.000000/0000/Sigma_BB-70622698
R000000051/1.111111/0040/M000000052
R000000051/2.222222/0004/R000000044/R000000017
R000000045/4.282884/0049/R000000048/R000000051
R000000036/4.282884/0147/R000000045
<NEXT>