#
#  Reaction log file
#  Author: LigBuilder V3 User_Diana
#  Creation time: Fri Apr 10 15:52:18 2026
#  Format:
#  QueryMoleculeId/Cost/SynthesizeId/ReactantId1/ReactantId2/ReactantId3.....
#  Id prefix:
#  Q --- Query Molecule
#  M --- Material
#  R --- Reactant
#
Directory      result/synthesize_PfHDAC1/90/DATABASE/
#
Q000000001/Analysis Failed
Q000000002/Analysis Failed
Q000000003/5.135096/0000/R000000001
R000000007/1.000000/0000/Guesstimate
R000000008/1.000000/0000/Guesstimate
R000000006/2.222222/0279/R000000007/R000000008
R000000006/2.222222/0279/R000000007/R000000008
R000000005/2.469136/0276/R000000006
R000000005/2.469136/0278/R000000006
R000000004/2.743484/0125/R000000005
R000000009/1.000000/0000/Guesstimate
R000000004/3.854596/0112/R000000005/R000000009
R000000010/1.000000/0000/Guesstimate
R000000003/4.159427/0256/R000000004/R000000010
R000000014/1.000000/0000/Guesstimate
R000000013/2.222222/0112/R000000014/R000000010
R000000012/2.469136/0197/R000000013
R000000016/1.000000/0000/Guesstimate
R000000017/1.000000/0000/Guesstimate
R000000015/2.222222/0274/R000000016/R000000017
R000000012/2.469136/0285/R000000015
R000000011/2.743484/0079/R000000012
R000000018/1.000000/0000/Guesstimate
R000000011/3.854596/0112/R000000012/R000000018
R000000003/5.791801/0256/R000000005/R000000011
R000000002/4.621586/0257/R000000003
R000000002/5.486969/0112/R000000005/R000000012
R000000001/5.135096/0059/R000000002
R000000021/1.000000/0000/Guesstimate
R000000020/2.222222/0004/R000000021/R000000010
R000000023/1.000000/0000/Guesstimate
R000000022/2.222222/0003/R000000010/R000000023
R000000024/1.000000/0000/Guesstimate
R000000022/4.159427/0049/R000000011/R000000024
R000000020/2.469136/0040/R000000022
R000000019/5.212621/0004/R000000005/R000000020
R000000025/3.854596/0004/R000000005/R000000021
R000000026/3.854596/0003/R000000005/R000000023
R000000026/4.159427/0049/R000000004/R000000024
R000000025/4.282884/0040/R000000026
R000000019/5.393995/0004/R000000025/R000000010
R000000001/5.791801/0153/R000000019
<NEXT>