#
#  Reaction log file
#  Author: LigBuilder V3 User_Diana
#  Creation time: Fri Apr 10 15:55:04 2026
#  Format:
#  QueryMoleculeId/Cost/SynthesizeId/ReactantId1/ReactantId2/ReactantId3.....
#  Id prefix:
#  Q --- Query Molecule
#  M --- Material
#  R --- Reactant
#
Directory      result/synthesize_PfHDAC1/223/DATABASE/
#
Q000000001/4.282884/0000/R000000001
M000000005/1.000000/0000/Sigma_BB-28768404
R000000006/1.000000/0000/Guesstimate
R000000004/2.222222/0174/M000000005/R000000006
R000000004/2.222222/0289/M000000005/R000000006
R000000003/2.469136/0153/R000000004
R000000008/1.000000/0000/Guesstimate
R000000007/2.222222/0174/M000000005/R000000008
R000000007/2.222222/0289/M000000005/R000000008
R000000003/2.469136/0154/R000000007
R000000009/1.000000/0000/Guesstimate
R000000002/3.854596/0175/R000000003/R000000009
R000000011/2.469136/0197/R000000004
R000000010/3.854596/0175/R000000011/R000000009
R000000010/3.854596/0290/R000000011/R000000009
R000000012/1.000000/0000/Guesstimate
R000000002/5.393995/0276/R000000010/R000000012
R000000001/4.282884/0024/R000000002
R000000015/1.111111/0287/M000000005
M000000016/1.000000/0000/Sigma_BB-28936934
R000000015/1.111111/0299/M000000016
R000000014/2.345679/0175/R000000015/R000000009
R000000017/2.345679/0175/R000000015/R000000006
R000000017/2.345679/0290/R000000015/R000000006
R000000018/1.000000/0000/Guesstimate
R000000014/3.717421/0212/R000000017/R000000018
R000000021/1.000000/0000/Guesstimate
R000000020/2.222222/0174/R000000006/R000000021
R000000022/1.111111/0287/R000000021
R000000023/7.400000/0000/Guesstimate
R000000022/8.222222/0197/R000000023
R000000020/2.345679/0112/R000000006/R000000022
R000000019/2.469136/0197/R000000020
R000000019/8.222222/0091/R000000023
R000000013/5.349795/0112/R000000014/R000000019
R000000013/5.517452/0112/R000000010/R000000022
R000000001/5.944217/0025/R000000013
Q000000002/4.282884/0000/R000000024
M000000028/1.000000/0000/Sigma_BB-27725905
R000000029/1.000000/0000/Guesstimate
R000000027/2.222222/0231/M000000028/R000000029
R000000026/2.469136/0294/R000000027
R000000031/1.000000/0000/Guesstimate
R000000030/2.222222/0231/M000000028/R000000031
R000000026/2.469136/0294/R000000030
R000000032/1.000000/0000/Guesstimate
R000000025/3.854596/0301/R000000026/R000000032
R000000025/3.854596/0301/R000000026/R000000032
R000000024/4.282884/0147/R000000025
R000000035/1.000000/0000/Guesstimate
R000000037/1.000000/0000/Guesstimate
R000000038/1.000000/0000/Guesstimate
R000000036/2.222222/0301/R000000037/R000000038
R000000039/1.000000/0000/Guesstimate
R000000036/2.222222/0301/R000000039/R000000032
R000000034/3.580247/0003/R000000035/R000000036
R000000040/2.469136/0125/R000000036
R000000041/1.000000/0000/Guesstimate
R000000040/3.580247/0112/R000000041/R000000036
R000000042/1.000000/0000/Guesstimate
R000000034/3.854596/0049/R000000040/R000000042
R000000045/1.000000/0000/Guesstimate
R000000046/1.000000/0000/Guesstimate
R000000044/2.222222/0279/R000000045/R000000046
R000000044/2.222222/0279/R000000045/R000000046
R000000043/2.469136/0079/R000000044
R000000048/1.000000/0000/Guesstimate
R000000047/2.222222/0279/R000000048/R000000046
R000000047/2.222222/0279/R000000048/R000000046
R000000043/2.469136/0082/R000000047
R000000033/6.721537/0159/R000000034/R000000043
R000000051/1.000000/0000/Guesstimate
R000000052/1.000000/0000/Guesstimate
R000000050/2.222222/0004/R000000051/R000000052
R000000053/1.000000/0000/Guesstimate
R000000054/1.000000/0000/Guesstimate
R000000050/3.333333/0225/R000000051/R000000053/R000000054
R000000049/5.212621/0159/R000000050/R000000043
M000000055/1.000000/0000/Sigma_BB-28827589
R000000033/6.902912/0212/R000000049/M000000055
R000000056/1.000000/0000/Guesstimate
R000000024/8.579486/0175/R000000033/R000000056
Q000000003/4.282884/0000/R000000024
<NEXT>