#
#  Reaction log file
#  Author: LigBuilder V3 User_Diana
#  Creation time: Fri Apr 10 15:56:00 2026
#  Format:
#  QueryMoleculeId/Cost/SynthesizeId/ReactantId1/ReactantId2/ReactantId3.....
#  Id prefix:
#  Q --- Query Molecule
#  M --- Material
#  R --- Reactant
#
Directory      result/synthesize_PfHDAC1/265/DATABASE/
#
Q000000001/Analysis Failed
Q000000002/Analysis Failed
Q000000003/5.791801/0000/R000000001
M000000004/1.000000/0000/Sigma_BB-28508137
R000000003/1.111111/0280/M000000004
R000000005/1.000000/0000/Guesstimate
R000000003/1.111111/0283/R000000005
R000000007/1.000000/0000/Guesstimate
R000000006/1.111111/0118/R000000007
R000000008/1.000000/0000/Guesstimate
R000000006/2.222222/0112/R000000008/R000000007
R000000002/2.469136/0285/R000000003/R000000006
M000000011/1.000000/0000/Sigma_BB-49378868
R000000010/1.111111/0245/M000000011
R000000010/1.111111/0245/M000000011
R000000012/1.234568/0040/R000000006
R000000009/2.606310/0212/R000000010/R000000012
R000000009/2.606310/0212/R000000010/R000000012
R000000002/2.895900/0219/R000000009
R000000016/1.000000/0000/Guesstimate
R000000017/1.000000/0000/Guesstimate
R000000015/2.222222/0256/R000000016/R000000017
R000000014/2.469136/0295/R000000015
R000000018/2.222222/0112/R000000008/R000000017
R000000019/8.900000/0000/Guesstimate
R000000018/9.888888/0082/R000000019
R000000020/1.000000/0000/Guesstimate
R000000014/3.580247/0285/R000000018/R000000020
R000000013/2.743484/0294/R000000014
R000000022/2.743484/0198/R000000014
R000000022/2.743484/0298/R000000014
R000000021/3.048316/0294/R000000022
R000000013/3.387018/0295/R000000021
R000000001/5.791801/0224/R000000002/R000000013
R000000026/1.000000/0000/Guesstimate
R000000027/1.000000/0000/Guesstimate
R000000025/2.222222/0277/R000000026/R000000027
R000000024/3.703704/0285/R000000003/R000000025
R000000031/1.000000/0000/Guesstimate
R000000030/2.345679/0277/R000000003/R000000031
R000000029/2.606310/0009/R000000030
R000000032/2.345679/0277/R000000003/R000000027
R000000029/2.606310/0217/R000000032
R000000033/1.000000/0000/Guesstimate
R000000028/4.007011/0122/R000000029/R000000033
R000000024/5.563346/0301/R000000028/R000000027
R000000023/7.163543/0224/R000000024/R000000013
R000000001/7.959492/0274/R000000023
<NEXT>