#
#  Reaction log file
#  Author: LigBuilder V3 User_Diana
#  Creation time: Fri Apr 10 15:56:21 2026
#  Format:
#  QueryMoleculeId/Cost/SynthesizeId/ReactantId1/ReactantId2/ReactantId3.....
#  Id prefix:
#  Q --- Query Molecule
#  M --- Material
#  R --- Reactant
#
Directory      result/synthesize_PfHDAC1/256/DATABASE/
#
Q000000001/Analysis Failed
Q000000002/Analysis Failed
Q000000003/Analysis Failed
Q000000004/2.895900/0000/R000000001
M000000004/1.000000/0000/Sigma_BB-30499809
R000000003/1.111111/0125/M000000004
R000000005/1.000000/0000/Guesstimate
R000000003/2.222222/0112/M000000004/R000000005
R000000002/1.234568/0059/R000000003
R000000007/1.000000/0000/Guesstimate
R000000006/2.222222/0004/M000000004/R000000007
R000000009/1.000000/0000/Guesstimate
R000000008/2.222222/0003/M000000004/R000000009
R000000010/1.000000/0000/Guesstimate
R000000008/2.345679/0049/R000000003/R000000010
R000000006/2.469136/0040/R000000008
R000000002/2.469136/0153/R000000006
R000000014/1.000000/0000/Guesstimate
R000000013/1.111111/0198/R000000014
R000000013/1.111111/0298/R000000014
R000000012/1.234568/0039/R000000013
R000000016/1.000000/0000/Guesstimate
R000000017/1.000000/0000/Guesstimate
R000000015/2.222222/0112/R000000016/R000000017
M000000018/1.000000/0000/Sigma_BB-28778841
R000000019/1.000000/0000/Guesstimate
R000000015/2.222222/0277/M000000018/R000000019
R000000012/2.469136/0153/R000000015
R000000011/1.371742/0024/R000000012
R000000020/1.000000/0000/Guesstimate
R000000011/2.222222/0004/R000000020/R000000019
R000000001/2.895900/0119/R000000002/R000000011
M000000024/1.000000/0000/Sigma_BB-28833452
R000000023/1.111111/0104/M000000024
R000000023/1.111111/0104/M000000024
R000000022/1.234568/0293/R000000023
R000000022/1.234568/0293/R000000023
R000000027/1.000000/0000/Guesstimate
R000000026/2.482853/0224/R000000012/R000000027
R000000028/1.000000/0000/Guesstimate
R000000026/2.635269/0119/R000000011/R000000028
R000000025/2.758726/0024/R000000026
R000000030/1.000000/0000/Guesstimate
R000000029/2.482853/0224/R000000012/R000000030
R000000031/1.000000/0000/Guesstimate
R000000029/2.635269/0119/R000000011/R000000031
R000000025/2.758726/0040/R000000029
R000000021/4.436994/0212/R000000022/R000000025
R000000021/4.436994/0212/R000000022/R000000025
R000000001/4.929993/0160/R000000021
<NEXT>