#
#  Reaction log file
#  Author: LigBuilder V3 User_Diana
#  Creation time: Fri Apr 10 15:51:09 2026
#  Format:
#  QueryMoleculeId/Cost/SynthesizeId/ReactantId1/ReactantId2/ReactantId3.....
#  Id prefix:
#  Q --- Query Molecule
#  M --- Material
#  R --- Reactant
#
Directory      result/synthesize_PfHDAC1/52/DATABASE/
#
Q000000001/2.743484/0000/R000000001
R000000004/1.000000/0000/Guesstimate
R000000005/1.000000/0000/Guesstimate
R000000003/2.222222/0285/R000000004/R000000005
R000000007/1.000000/0000/Guesstimate
R000000006/2.222222/0285/R000000004/R000000007
R000000008/1.000000/0000/Guesstimate
R000000003/3.580247/0279/R000000006/R000000008
R000000002/2.469136/0228/R000000003
R000000009/2.469136/0198/R000000003
R000000009/2.469136/0298/R000000003
R000000002/2.743484/0155/R000000009
R000000001/2.743484/0156/R000000002
R000000013/1.000000/0000/Guesstimate
R000000012/1.111111/0291/R000000013
R000000012/1.111111/0291/R000000013
R000000011/1.234568/0156/R000000012
R000000014/10.000000/0000/Guesstimate
R000000011/10.000000/0228/R000000014
R000000015/1.000000/0000/Guesstimate
R000000010/2.482853/0301/R000000011/R000000015
R000000016/2.345679/0301/R000000012/R000000015
R000000016/2.345679/0301/R000000012/R000000015
R000000010/2.606310/0156/R000000016
R000000001/2.758726/0260/R000000010
Q000000002/Analysis Failed
Q000000003/Analysis Failed
<NEXT>