#
#  Reaction log file
#  Author: LigBuilder V3 User_Diana
#  Creation time: Fri Apr 10 15:57:14 2026
#  Format:
#  QueryMoleculeId/Cost/SynthesizeId/ReactantId1/ReactantId2/ReactantId3.....
#  Id prefix:
#  Q --- Query Molecule
#  M --- Material
#  R --- Reactant
#
Directory      result/synthesize_PfHDAC1/285/DATABASE/
#
Q000000001/4.282884/0000/R000000001
M000000005/1.000000/0000/Sigma_BB-243755193
M000000006/1.000000/0000/Sigma_BB-27937756
R000000004/2.222222/0175/M000000005/M000000006
R000000004/2.222222/0290/M000000005/M000000006
R000000003/2.469136/0091/R000000004
M000000007/1.000000/0000/Sigma_BB-28762872
R000000009/1.000000/0000/Guesstimate
R000000010/1.000000/0000/Guesstimate
R000000008/2.222222/0279/R000000009/R000000010
R000000008/2.222222/0279/R000000009/R000000010
R000000003/3.580247/0159/M000000007/R000000008
R000000011/1.000000/0000/Guesstimate
R000000002/3.854596/0112/R000000003/R000000011
M000000014/1.000000/0000/Sigma_BB-30391580
R000000013/2.222222/0112/M000000014/M000000006
M000000015/1.000000/0000/Sigma_BB-88360669
R000000013/2.222222/0174/M000000015/M000000006
R000000012/2.469136/0147/R000000013
M000000017/1.000000/0000/Sigma_BB-388717061
R000000016/2.222222/0003/M000000014/M000000017
R000000012/2.469136/0147/R000000016
R000000020/1.000000/0000/Guesstimate
R000000021/1.000000/0000/Guesstimate
R000000019/2.222222/0170/R000000020/R000000021
R000000022/1.000000/0000/Guesstimate
R000000023/1.000000/0000/Guesstimate
R000000019/2.222222/0170/R000000022/R000000023
R000000018/2.469136/0086/R000000019
R000000018/2.469136/0091/R000000019
R000000002/5.486969/0112/R000000012/R000000018
R000000001/4.282884/0147/R000000002
M000000027/1.000000/0000/Sigma_BB-72504043
R000000028/1.000000/0000/Guesstimate
R000000026/2.222222/0175/M000000027/R000000028
R000000026/2.222222/0290/M000000027/R000000028
R000000025/3.580247/0170/R000000026/R000000023
R000000030/1.000000/0000/Guesstimate
R000000029/2.222222/0175/M000000027/R000000030
R000000029/2.222222/0290/M000000027/R000000030
R000000025/3.580247/0170/R000000029/R000000021
R000000031/1.000000/0000/Guesstimate
R000000024/5.089163/0001/R000000025/R000000031
R000000032/1.000000/0000/Guesstimate
R000000024/5.089163/0003/R000000025/R000000032
R000000001/5.654626/0147/R000000024
Q000000002/Analysis Failed
Q000000003/Analysis Failed
Q000000004/Analysis Failed
<NEXT>