#
#  Reaction log file
#  Author: LigBuilder V3 User_Diana
#  Creation time: Fri Apr 10 15:56:21 2026
#  Format:
#  QueryMoleculeId/Cost/SynthesizeId/ReactantId1/ReactantId2/ReactantId3.....
#  Id prefix:
#  Q --- Query Molecule
#  M --- Material
#  R --- Reactant
#
Directory      result/synthesize_PfHDAC1/249/DATABASE/
#
Q000000001/Analysis Failed
Q000000002/4.282884/0000/R000000001
M000000005/1.000000/0000/Sigma_BB-326709263
R000000006/1.000000/0000/Guesstimate
R000000004/2.222222/0112/M000000005/R000000006
M000000007/1.000000/0000/Sigma_BB-27523871
R000000004/2.222222/0174/M000000007/R000000006
R000000003/2.469136/0153/R000000004
M000000009/1.000000/0000/Sigma_BB-27654258
R000000010/1.000000/0000/Guesstimate
R000000008/2.222222/0274/M000000009/R000000010
R000000011/1.000000/0000/Guesstimate
R000000008/2.222222/0282/M000000009/R000000011
R000000012/1.000000/0000/Guesstimate
R000000003/3.580247/0119/R000000008/R000000012
R000000013/1.000000/0000/Guesstimate
R000000002/3.854596/0175/R000000003/R000000013
R000000015/2.222222/0175/M000000009/R000000013
R000000015/2.222222/0290/M000000009/R000000013
R000000014/3.580247/0119/R000000015/R000000012
R000000016/2.222222/0119/M000000009/R000000012
R000000016/2.222222/0280/M000000009/R000000012
R000000014/3.580247/0175/R000000016/R000000013
R000000002/5.089163/0274/R000000014/R000000010
R000000001/4.282884/0024/R000000002
R000000018/2.222222/0175/M000000005/R000000013
R000000019/2.222222/0174/M000000005/R000000013
R000000019/2.222222/0289/M000000005/R000000013
R000000018/2.469136/0147/R000000019
R000000022/1.000000/0000/Guesstimate
R000000021/2.222222/0174/R000000006/R000000022
R000000021/2.222222/0289/R000000006/R000000022
R000000020/2.469136/0197/R000000021
R000000023/7.400000/0000/Guesstimate
R000000020/8.222222/0091/R000000023
R000000017/5.212621/0112/R000000018/R000000020
R000000024/2.222222/0175/M000000007/R000000013
M000000026/1.000000/0000/Sigma_BB-61870902
R000000025/2.222222/0112/M000000026/R000000013
R000000025/2.222222/0174/M000000007/R000000013
R000000024/2.469136/0147/R000000025
R000000017/5.212621/0174/R000000024/R000000020
R000000001/5.791801/0025/R000000017
Q000000003/Analysis Failed
<NEXT>