#
#  Reaction log file
#  Author: LigBuilder V3 User_Diana
#  Creation time: Fri Apr 10 15:56:36 2026
#  Format:
#  QueryMoleculeId/Cost/SynthesizeId/ReactantId1/ReactantId2/ReactantId3.....
#  Id prefix:
#  Q --- Query Molecule
#  M --- Material
#  R --- Reactant
#
Directory      result/synthesize_PfHDAC1/284/DATABASE/
#
Q000000001/4.572474/0000/R000000001
M000000005/1.000000/0000/Sigma_BB-100710733
R000000004/1.111111/0299/M000000005
R000000007/1.000000/0000/Guesstimate
R000000006/1.111111/0040/R000000007
R000000008/1.000000/0000/Guesstimate
R000000009/1.000000/0000/Guesstimate
R000000006/2.222222/0004/R000000008/R000000009
R000000003/2.469136/0004/R000000004/R000000006
R000000010/2.345679/0004/R000000004/R000000009
R000000011/1.000000/0000/Guesstimate
R000000012/1.000000/0000/Guesstimate
R000000010/3.456790/0225/R000000004/R000000011/R000000012
R000000003/3.717421/0004/R000000010/R000000008
M000000015/1.000000/0000/Sigma_BB-28140382
R000000014/1.111111/0104/M000000015
R000000014/1.111111/0104/M000000015
R000000013/1.234568/0040/R000000014
M000000017/1.000000/0000/Sigma_BB-28775976
R000000016/1.111111/0104/M000000017
R000000016/1.111111/0104/M000000017
R000000013/1.234568/0100/R000000016
R000000002/4.115227/0212/R000000003/R000000013
R000000002/4.115227/0212/R000000003/R000000013
R000000001/4.572474/0160/R000000002
R000000001/4.572474/0160/R000000002
Q000000002/Analysis Failed
Q000000003/Analysis Failed
<NEXT>