#
#  Reaction log file
#  Author: LigBuilder V3 User_Diana
#  Creation time: Fri Apr 10 15:54:23 2026
#  Format:
#  QueryMoleculeId/Cost/SynthesizeId/ReactantId1/ReactantId2/ReactantId3.....
#  Id prefix:
#  Q --- Query Molecule
#  M --- Material
#  R --- Reactant
#
Directory      result/synthesize_PfHDAC1/170/DATABASE/
#
Q000000001/4.572474/0000/R000000001
R000000005/1.000000/0000/Guesstimate
M000000006/1.000000/0000/Sigma_BB-244172298
R000000007/1.000000/0000/Guesstimate
R000000004/3.333333/0225/R000000005/M000000006/R000000007
R000000004/3.333333/0225/R000000005/M000000006/R000000007
R000000003/3.703704/0153/R000000004
R000000002/4.115227/0125/R000000003
R000000008/1.000000/0000/Guesstimate
R000000002/5.226338/0112/R000000003/R000000008
R000000001/4.572474/0040/R000000002
R000000012/1.000000/0000/Guesstimate
R000000013/1.000000/0000/Guesstimate
R000000011/2.222222/0174/R000000012/R000000013
R000000011/2.222222/0289/R000000012/R000000013
R000000010/2.469136/0197/R000000011
R000000014/7.400000/0000/Guesstimate
R000000010/8.222222/0091/R000000014
R000000009/6.858711/0112/R000000003/R000000010
R000000001/7.620790/0025/R000000009
Q000000002/Analysis Failed
Q000000003/Analysis Failed
<NEXT>