#
#  Reaction log file
#  Author: LigBuilder V3 User_Diana
#  Creation time: Fri Apr 10 15:51:45 2026
#  Format:
#  QueryMoleculeId/Cost/SynthesizeId/ReactantId1/ReactantId2/ReactantId3.....
#  Id prefix:
#  Q --- Query Molecule
#  M --- Material
#  R --- Reactant
#
Directory      result/synthesize_PfHDAC1/70/DATABASE/
#
Q000000001/9.331235/0000/R000000001
M000000005/1.000000/0000/Sigma_BB-28807285
R000000004/1.111111/0293/M000000005
M000000007/1.000000/0000/Sigma_BB-28762228
R000000006/1.111111/0293/M000000007
R000000004/1.234568/0090/R000000006
R000000008/1.000000/0000/Guesstimate
R000000003/2.345679/0170/R000000004/R000000008
R000000010/1.000000/0000/Guesstimate
R000000011/1.000000/0000/Guesstimate
R000000012/1.000000/0000/Guesstimate
R000000009/3.333333/0225/R000000010/R000000011/R000000012
R000000009/3.333333/0225/R000000010/R000000011/R000000012
R000000003/3.703704/0122/R000000009
R000000015/1.000000/0000/Guesstimate
R000000016/1.000000/0000/Guesstimate
R000000014/2.222222/0004/R000000015/R000000016
R000000017/1.000000/0000/Guesstimate
R000000018/1.000000/0000/Guesstimate
R000000014/3.333333/0225/R000000017/R000000016/R000000018
R000000021/1.000000/0000/Guesstimate
R000000022/1.000000/0000/Guesstimate
R000000020/2.222222/0274/R000000021/R000000022
R000000019/2.469136/0113/R000000020
R000000024/1.000000/0000/Guesstimate
R000000025/1.000000/0000/Guesstimate
R000000023/2.222222/0274/R000000024/R000000025
R000000019/2.469136/0141/R000000023
R000000013/5.212621/0212/R000000014/R000000019
M000000028/1.000000/0000/Sigma_BB-28247348
R000000027/2.222222/0004/M000000028/R000000016
R000000030/1.000000/0000/Guesstimate
R000000029/2.222222/0004/R000000030/R000000016
R000000031/1.000000/0000/Guesstimate
R000000029/3.333333/0225/R000000031/R000000016/R000000018
R000000032/1.000000/0000/Guesstimate
R000000027/3.580247/0004/R000000029/R000000032
R000000026/5.212621/0212/R000000027/R000000019
R000000026/5.212621/0212/R000000027/R000000019
R000000013/6.902912/0212/R000000025/R000000026
R000000002/8.398111/0122/R000000003/R000000013
R000000036/1.000000/0000/Guesstimate
R000000035/3.717421/0122/R000000003/R000000036
R000000037/1.000000/0000/Guesstimate
R000000034/5.241580/0285/R000000035/R000000037
R000000033/5.823977/0233/R000000034
R000000033/5.823977/0258/R000000034
R000000002/9.214571/0042/R000000033/R000000019
R000000001/9.331235/0099/R000000002
R000000043/1.000000/0000/Guesstimate
R000000042/3.717421/0122/R000000003/R000000043
R000000041/4.130468/0024/R000000042
R000000041/4.130468/0040/R000000035
R000000040/4.589409/0093/R000000041
R000000044/3.717421/0122/R000000003/R000000017
R000000044/4.589409/0197/R000000041
R000000040/5.241580/0004/R000000044/R000000030
R000000039/6.210455/0004/R000000040/R000000016
R000000039/6.599605/0004/R000000044/R000000029
R000000046/2.743484/0247/R000000019
R000000045/3.048316/0147/R000000046
R000000038/9.258771/0212/R000000039/R000000045
R000000038/9.258771/0212/R000000039/R000000045
R000000001/9.402739/0188/R000000038
Q000000002/9.331235/0000/R000000001
Q000000003/9.041644/0000/R000000047
M000000051/1.000000/0000/Sigma_BB-27936653
R000000050/1.111111/0257/M000000051
R000000052/1.000000/0000/Guesstimate
R000000050/1.111111/0283/R000000052
R000000049/2.345679/0226/R000000050/R000000008
R000000054/1.000000/0000/Guesstimate
R000000053/3.333333/0225/R000000054/R000000011/R000000012
R000000053/3.333333/0225/R000000054/R000000011/R000000012
R000000049/3.703704/0112/R000000053
R000000058/1.000000/0000/Guesstimate
R000000057/2.222222/0004/R000000015/R000000058
R000000057/3.333333/0225/R000000017/R000000058/R000000018
R000000056/5.212621/0212/R000000057/R000000019
R000000056/5.212621/0212/R000000057/R000000019
R000000055/5.791801/0099/R000000056
R000000059/5.856154/0212/R000000057/R000000045
R000000059/5.856154/0212/R000000057/R000000045
R000000055/6.506838/0188/R000000059
R000000048/9.041644/0122/R000000049/R000000055
R000000060/7.546446/0122/R000000008/R000000055
R000000062/1.000000/0000/Guesstimate
R000000061/1.111111/0040/R000000062
R000000063/1.000000/0000/Guesstimate
R000000061/2.222222/0004/R000000063/R000000030
R000000065/6.435335/0217/R000000055
R000000064/7.150372/0040/R000000065
R000000066/7.546446/0004/R000000055/R000000030
R000000066/8.657557/0225/R000000055/R000000018/R000000031
R000000064/8.384940/0073/R000000066
R000000060/9.179426/0212/R000000061/R000000064
R000000048/9.619508/0226/R000000050/R000000060
R000000047/9.041644/0099/R000000048
R000000047/9.041644/0122/R000000003/R000000055
Q000000004/9.041644/0000/R000000047
<NEXT>