#
#  Reaction log file
#  Author: LigBuilder V3 User_Diana
#  Creation time: Fri Apr 10 15:55:01 2026
#  Format:
#  QueryMoleculeId/Cost/SynthesizeId/ReactantId1/ReactantId2/ReactantId3.....
#  Id prefix:
#  Q --- Query Molecule
#  M --- Material
#  R --- Reactant
#
Directory      result/synthesize_PfHDAC1/225/DATABASE/
#
Q000000001/7.331201/0000/R000000001
R000000005/1.000000/0000/Guesstimate
R000000006/1.000000/0000/Guesstimate
R000000004/2.222222/0112/R000000005/R000000006
R000000008/1.000000/0000/Guesstimate
R000000009/1.000000/0000/Guesstimate
R000000007/2.222222/0279/R000000008/R000000009
R000000007/2.222222/0279/R000000008/R000000009
R000000003/4.938272/0159/R000000004/R000000007
R000000010/1.000000/0000/Guesstimate
R000000002/6.598080/0175/R000000003/R000000010
R000000002/6.598080/0290/R000000003/R000000010
R000000001/7.331201/0147/R000000002
R000000014/1.000000/0000/Guesstimate
R000000013/2.222222/0003/R000000005/R000000014
R000000012/4.938272/0159/R000000013/R000000007
R000000011/6.598080/0175/R000000012/R000000010
R000000011/6.598080/0290/R000000012/R000000010
R000000001/7.331201/0147/R000000011
Q000000002/4.282884/0000/R000000015
M000000019/1.000000/0000/Sigma_BB-247279222
M000000020/1.000000/0000/Sigma_BB-28926230
R000000018/2.222222/0231/M000000019/M000000020
R000000017/2.469136/0294/R000000018
M000000022/1.000000/0000/Sigma_BB-28780452
R000000021/1.111111/0257/M000000022
R000000023/1.000000/0000/Guesstimate
M000000024/1.000000/0000/Sigma_BB-28825169
R000000021/2.222222/0003/R000000023/M000000024
R000000026/1.000000/0000/Guesstimate
R000000025/2.222222/0279/R000000008/R000000026
R000000025/2.222222/0279/R000000008/R000000026
R000000017/3.703704/0159/R000000021/R000000025
R000000016/3.854596/0175/R000000017/R000000010
R000000016/3.854596/0290/R000000017/R000000010
R000000015/4.282884/0024/R000000016
R000000030/1.000000/0000/Guesstimate
R000000029/1.111111/0125/R000000030
R000000031/1.000000/0000/Guesstimate
R000000029/2.222222/0112/R000000031/R000000030
R000000028/2.469136/0159/R000000021/R000000029
R000000027/3.854596/0175/R000000028/R000000010
R000000027/3.854596/0290/R000000028/R000000010
R000000015/4.282884/0040/R000000027
Q000000003/4.282884/0000/R000000032
M000000036/1.000000/0000/Sigma_BB-27725905
R000000037/1.000000/0000/Guesstimate
R000000035/2.222222/0231/M000000036/R000000037
R000000034/2.469136/0294/R000000035
R000000039/1.000000/0000/Guesstimate
R000000038/2.222222/0231/M000000036/R000000039
R000000034/2.469136/0294/R000000038
R000000040/1.000000/0000/Guesstimate
R000000033/3.854596/0301/R000000034/R000000040
R000000033/3.854596/0301/R000000034/R000000040
R000000032/4.282884/0147/R000000033
R000000043/3.580247/0159/R000000005/R000000007
R000000042/5.089163/0175/R000000043/R000000010
R000000045/1.000000/0000/Guesstimate
R000000044/5.089163/0175/R000000043/R000000045
R000000044/5.089163/0290/R000000043/R000000045
R000000046/1.000000/0000/Guesstimate
R000000042/6.765737/0212/R000000044/R000000046
R000000047/1.000000/0000/Guesstimate
R000000041/6.765737/0003/R000000042/R000000047
R000000048/5.654626/0125/R000000042
R000000048/6.765737/0112/R000000042/R000000031
R000000050/1.000000/0000/Guesstimate
R000000051/1.000000/0000/Guesstimate
R000000049/2.222222/0004/R000000050/R000000051
R000000053/1.000000/0000/Guesstimate
R000000052/2.222222/0277/R000000053/R000000051
R000000054/1.000000/0000/Guesstimate
R000000052/2.222222/0301/R000000054/R000000051
R000000049/2.469136/0024/R000000052
R000000041/8.752054/0049/R000000048/R000000049
R000000032/7.517486/0147/R000000041
Q000000004/7.331201/0000/R000000001
<NEXT>