#
#  Reaction log file
#  Author: LigBuilder V3 User_Diana
#  Creation time: Fri Apr 10 15:50:34 2026
#  Format:
#  QueryMoleculeId/Cost/SynthesizeId/ReactantId1/ReactantId2/ReactantId3.....
#  Id prefix:
#  Q --- Query Molecule
#  M --- Material
#  R --- Reactant
#
Directory      result/synthesize_PfHDAC1/9/DATABASE/
#
Q000000001/1.371742/0000/R000000001
M000000004/1.000000/0000/Sigma_BB-70737316
R000000003/1.111111/0222/M000000004
M000000006/1.000000/0000/Sigma_BB-88360680
R000000005/1.111111/0222/M000000006
M000000007/1.000000/0000/Sigma_BB-28246511
R000000005/1.111111/0287/M000000007
R000000003/1.234568/0299/R000000005
R000000002/1.234568/0074/R000000003
R000000010/1.000000/0000/Guesstimate
R000000009/2.345679/0175/R000000003/R000000010
R000000009/2.345679/0290/R000000003/R000000010
R000000008/2.606310/0139/R000000009
R000000011/8.400000/0000/Guesstimate
R000000008/9.333333/0222/R000000011
R000000002/2.895900/0082/R000000008
R000000001/1.371742/0041/R000000002
R000000014/1.371742/0104/R000000002
R000000014/1.371742/0104/R000000002
R000000013/1.524158/0257/R000000014
M000000016/1.000000/0000/Sigma_BB-28952787
R000000017/1.000000/0000/Guesstimate
R000000015/2.222222/0285/M000000016/R000000017
R000000013/2.469136/0285/R000000015
R000000012/1.693509/0041/R000000013
R000000020/1.000000/0000/Guesstimate
R000000019/2.222222/0285/R000000020/R000000017
R000000018/2.469136/0285/R000000019
R000000021/2.222222/0285/R000000020/R000000017
R000000018/2.469136/0285/R000000021
R000000012/2.743484/0198/R000000018
R000000001/1.881677/0161/R000000012
Q000000002/2.743484/0000/R000000022
M000000025/1.000000/0000/Sigma_BB-27088078
R000000026/1.000000/0000/Guesstimate
R000000024/2.222222/0119/M000000025/R000000026
R000000027/8.400000/0000/Guesstimate
R000000024/9.333333/0260/R000000027
R000000023/2.469136/0222/R000000024
R000000029/1.111111/0091/M000000025
R000000028/1.234568/0222/R000000029
M000000031/1.000000/0000/Sigma_BB-187212536
R000000030/1.111111/0287/M000000031
R000000028/1.234568/0299/R000000030
R000000023/2.482853/0276/R000000028/R000000026
R000000022/2.743484/0024/R000000023
R000000034/1.000000/0000/Guesstimate
R000000033/1.111111/0287/R000000034
R000000035/7.400000/0000/Guesstimate
R000000033/8.222222/0197/R000000035
R000000032/2.606310/0112/R000000028/R000000033
M000000037/1.000000/0000/Sigma_BB-29038349
R000000036/1.111111/0222/M000000037
R000000036/1.111111/0287/M000000007
R000000040/1.000000/0000/Guesstimate
R000000039/2.222222/0174/R000000040/R000000034
R000000039/2.345679/0112/R000000040/R000000033
R000000038/2.469136/0197/R000000039
R000000038/8.222222/0091/R000000035
R000000032/3.978053/0112/R000000036/R000000038
R000000022/2.895900/0025/R000000032
Q000000003/1.371742/0000/R000000001
<NEXT>