#
#  Reaction log file
#  Author: LigBuilder V3 User_Diana
#  Creation time: Fri Apr 10 15:57:04 2026
#  Format:
#  QueryMoleculeId/Cost/SynthesizeId/ReactantId1/ReactantId2/ReactantId3.....
#  Id prefix:
#  Q --- Query Molecule
#  M --- Material
#  R --- Reactant
#
Directory      result/synthesize_PfHDAC1/296/DATABASE/
#
Q000000001/4.420059/0000/R000000001
M000000004/1.000000/0000/Sigma_BB-28151472
R000000003/1.111111/0114/M000000004
M000000005/1.000000/0000/Sigma_BB-292610067
R000000003/1.111111/0155/M000000005
R000000008/1.000000/0000/Guesstimate
M000000009/1.000000/0000/Sigma_BB-28830366
R000000007/2.222222/0004/R000000008/M000000009
R000000007/2.222222/0277/R000000008/M000000009
R000000006/2.469136/0197/R000000007
R000000011/1.000000/0000/Guesstimate
R000000012/1.000000/0000/Guesstimate
R000000010/2.222222/0004/R000000011/R000000012
R000000010/2.222222/0277/R000000011/R000000012
R000000013/1.111111/0085/M000000009
R000000006/3.703704/0212/R000000010/R000000013
R000000002/3.978053/0170/R000000003/R000000006
M000000015/1.000000/0000/Sigma_BB-30664943
R000000014/1.111111/0059/M000000015
M000000017/1.000000/0000/Sigma_BB-326697832
R000000016/1.111111/0092/M000000017
M000000018/1.000000/0000/Sigma_BB-28426400
R000000019/1.000000/0000/Guesstimate
R000000016/2.222222/0004/M000000018/R000000019
R000000014/1.234568/0153/R000000016
R000000022/1.000000/0000/Guesstimate
R000000021/2.222222/0004/R000000011/R000000022
R000000021/2.222222/0277/R000000011/R000000022
R000000020/3.703704/0212/R000000021/R000000013
R000000020/3.703704/0212/R000000021/R000000013
R000000002/5.349795/0170/R000000014/R000000020
R000000001/4.420059/0028/R000000002
M000000026/1.000000/0000/Sigma_BB-28764950
R000000025/1.111111/0197/M000000026
R000000024/3.703704/0212/R000000010/R000000025
R000000024/3.703704/0212/R000000010/R000000025
R000000023/5.349795/0170/R000000003/R000000024
R000000027/3.703704/0212/R000000021/R000000025
R000000027/3.703704/0212/R000000021/R000000025
R000000023/5.349795/0170/R000000014/R000000027
R000000001/5.944217/0028/R000000023
Q000000002/4.741825/0000/R000000028
M000000032/1.000000/0000/Sigma_BB-27951613
R000000031/1.111111/0287/M000000032
R000000031/1.234568/0114/R000000003
R000000030/1.234568/0239/R000000031
R000000033/1.111111/0239/M000000032
R000000030/1.234568/0287/R000000033
M000000036/1.000000/0000/Sigma_BB-28457967
R000000035/2.345679/0212/M000000036/R000000025
R000000035/2.345679/0212/M000000036/R000000025
R000000034/2.606310/0153/R000000035
R000000037/2.606310/0086/R000000035
R000000037/2.606310/0091/R000000035
R000000034/2.895900/0154/R000000037
R000000029/4.267642/0170/R000000030/R000000034
R000000038/1.371742/0156/R000000030
R000000039/1.371742/0217/R000000030
R000000038/1.524158/0059/R000000039
R000000042/1.000000/0000/Guesstimate
R000000041/2.222222/0212/R000000042/M000000026
R000000041/2.222222/0212/R000000042/M000000026
R000000040/2.469136/0197/R000000041
R000000040/2.606310/0197/R000000035
R000000029/4.267642/0170/R000000038/R000000040
R000000028/4.741825/0028/R000000029
R000000045/2.345679/0212/M000000036/R000000013
R000000045/2.345679/0212/M000000036/R000000013
R000000044/2.606310/0153/R000000045
R000000046/2.606310/0086/R000000045
R000000046/2.606310/0091/R000000045
R000000044/2.895900/0154/R000000046
R000000043/4.267642/0170/R000000030/R000000044
R000000049/1.000000/0000/Guesstimate
R000000048/2.222222/0004/R000000049/M000000009
R000000048/2.222222/0277/R000000049/M000000009
R000000047/2.469136/0197/R000000048
R000000047/2.606310/0197/R000000045
R000000043/4.267642/0170/R000000038/R000000047
R000000028/4.741825/0028/R000000043
Q000000003/4.741825/0000/R000000028
<NEXT>