#
#  Reaction log file
#  Author: LigBuilder V3 User_Diana
#  Creation time: Fri Apr 10 15:57:09 2026
#  Format:
#  QueryMoleculeId/Cost/SynthesizeId/ReactantId1/ReactantId2/ReactantId3.....
#  Id prefix:
#  Q --- Query Molecule
#  M --- Material
#  R --- Reactant
#
Directory      result/synthesize_PfHDAC1/290/DATABASE/
#
Q000000001/2.469136/0000/R000000001
R000000003/1.000000/0000/Guesstimate
M000000004/1.000000/0000/Sigma_BB-27739191
R000000002/2.222222/0274/R000000003/M000000004
R000000001/2.469136/0039/R000000002
R000000006/1.000000/0000/Guesstimate
R000000005/2.222222/0274/R000000006/M000000004
R000000009/1.000000/0000/Guesstimate
R000000008/2.222222/0274/R000000009/M000000004
R000000007/2.469136/0082/R000000008
R000000010/1.000000/0000/Guesstimate
R000000012/1.000000/0000/Guesstimate
R000000011/2.222222/0274/R000000012/M000000004
R000000007/3.580247/0112/R000000010/R000000011
R000000005/2.743484/0040/R000000007
R000000013/1.000000/0000/Guesstimate
R000000001/3.580247/0119/R000000005/R000000013
Q000000002/4.572474/0000/R000000014
R000000018/1.000000/0000/Guesstimate
R000000019/1.000000/0000/Guesstimate
R000000017/2.222222/0158/R000000018/R000000019
R000000017/2.222222/0158/R000000018/R000000019
R000000016/2.469136/0188/R000000017
R000000021/1.000000/0000/Guesstimate
R000000020/2.222222/0158/R000000018/R000000021
R000000020/2.222222/0158/R000000018/R000000021
R000000016/2.469136/0188/R000000020
R000000024/1.000000/0000/Guesstimate
R000000023/1.111111/0198/R000000024
R000000025/1.000000/0000/Guesstimate
R000000023/1.111111/0228/R000000025
R000000022/1.234568/0155/R000000023
R000000027/1.000000/0000/Guesstimate
R000000026/2.222222/0004/R000000006/R000000027
R000000026/2.222222/0277/R000000006/R000000027
R000000022/2.469136/0197/R000000026
R000000015/4.115227/0301/R000000016/R000000022
R000000015/4.115227/0301/R000000016/R000000022
R000000014/4.572474/0160/R000000015
R000000031/1.000000/0000/Guesstimate
R000000032/1.000000/0000/Guesstimate
R000000030/2.222222/0112/R000000031/R000000032
R000000033/1.000000/0000/Guesstimate
R000000029/3.580247/0225/R000000030/R000000033
R000000034/3.333333/0225/R000000031/R000000032/R000000033
R000000034/3.333333/0225/R000000031/R000000032/R000000033
R000000029/3.703704/0112/R000000034
R000000028/6.447188/0212/R000000029/R000000026
R000000028/6.447188/0212/R000000029/R000000026
R000000014/7.163543/0161/R000000028
Q000000003/2.482853/0000/R000000035
M000000038/1.000000/0000/Sigma_BB-113816967
R000000037/1.111111/0024/M000000038
M000000040/1.000000/0000/Sigma_BB-27152562
R000000039/1.111111/0168/M000000040
R000000037/1.234568/0040/R000000039
R000000036/1.234568/0091/R000000037
R000000041/1.000000/0000/Guesstimate
R000000035/2.482853/0112/R000000036/R000000041
R000000042/1.234568/0197/R000000037
R000000043/1.000000/0000/Guesstimate
R000000035/2.482853/0112/R000000042/R000000043
<NEXT>