#
#  Reaction log file
#  Author: LigBuilder V3 User_Diana
#  Creation time: Fri Apr 10 15:56:50 2026
#  Format:
#  QueryMoleculeId/Cost/SynthesizeId/ReactantId1/ReactantId2/ReactantId3.....
#  Id prefix:
#  Q --- Query Molecule
#  M --- Material
#  R --- Reactant
#
Directory      result/synthesize_PfHDAC1/275/DATABASE/
#
Q000000001/7.315958/0000/R000000001
R000000004/1.000000/0000/Guesstimate
M000000006/1.000000/0000/Sigma_BB-28764950
R000000005/1.111111/0085/M000000006
R000000003/2.345679/0212/R000000004/R000000005
R000000008/1.000000/0000/Guesstimate
R000000007/2.222222/0004/R000000008/M000000006
R000000007/2.222222/0277/R000000008/M000000006
R000000003/2.469136/0197/R000000007
R000000010/1.000000/0000/Guesstimate
R000000012/1.000000/0000/Guesstimate
M000000013/1.000000/0000/Sigma_BB-151011721
R000000011/2.222222/0232/R000000012/M000000013
R000000009/3.580247/0004/R000000010/R000000011
R000000015/1.000000/0000/Guesstimate
R000000014/3.580247/0277/R000000015/R000000011
R000000016/1.000000/0000/Guesstimate
R000000014/3.580247/0301/R000000016/R000000011
R000000009/3.978053/0024/R000000014
R000000002/6.584363/0212/R000000003/R000000009
R000000002/6.584363/0212/R000000003/R000000009
R000000001/7.315958/0028/R000000002
R000000019/2.345679/0212/R000000004/R000000005
R000000019/2.345679/0212/R000000004/R000000005
M000000020/1.000000/0000/Sigma_BB-28457967
R000000018/3.717421/0212/R000000019/M000000020
R000000021/2.345679/0212/R000000005/M000000020
R000000021/2.345679/0212/R000000005/M000000020
R000000018/3.717421/0212/R000000004/R000000021
R000000023/1.000000/0000/Guesstimate
M000000024/1.000000/0000/Sigma_BB-28798855
R000000022/2.222222/0004/R000000023/M000000024
M000000026/1.000000/0000/Sigma_BB-29208612
R000000025/1.111111/0093/M000000026
R000000025/2.222222/0004/R000000010/M000000024
R000000027/1.000000/0000/Guesstimate
R000000022/2.345679/0004/R000000025/R000000027
R000000017/6.599605/0212/R000000018/R000000022
R000000017/6.599605/0212/R000000018/R000000022
R000000001/7.332894/0028/R000000017
Q000000002/6.623502/0000/R000000028
M000000034/1.000000/0000/Sigma_BB-27556005
R000000033/1.111111/0280/M000000034
R000000035/1.000000/0000/Guesstimate
R000000033/1.111111/0283/R000000035
R000000036/1.000000/0000/Guesstimate
R000000032/2.345679/0276/R000000033/R000000036
R000000032/2.345679/0278/R000000033/R000000036
R000000037/1.000000/0000/Guesstimate
R000000031/3.717421/0280/R000000032/R000000037
R000000030/4.130468/0040/R000000031
R000000039/1.000000/0000/Guesstimate
R000000038/3.717421/0280/R000000032/R000000039
R000000030/4.130468/0198/R000000038
M000000042/1.000000/0000/Sigma_BB-72994536
R000000041/1.111111/0287/M000000042
R000000043/1.000000/0000/Guesstimate
M000000044/1.000000/0000/Sigma_BB-29038349
R000000041/2.222222/0223/R000000043/M000000044
R000000040/1.234568/0104/R000000041
R000000040/1.234568/0104/R000000041
R000000029/5.961152/0212/R000000030/R000000040
R000000029/5.961152/0212/R000000030/R000000040
R000000028/6.623502/0160/R000000029
R000000048/1.000000/0000/Guesstimate
R000000049/1.000000/0000/Guesstimate
R000000047/2.222222/0001/R000000048/R000000049
R000000050/1.000000/0000/Guesstimate
R000000047/2.222222/0004/R000000048/R000000050
R000000046/5.075447/0280/R000000032/R000000047
R000000051/3.580247/0276/R000000036/R000000047
R000000051/3.580247/0278/R000000036/R000000047
R000000046/5.212621/0280/R000000033/R000000051
M000000052/1.000000/0000/Sigma_BB-111667433
R000000045/6.750496/0212/R000000046/M000000052
R000000045/6.750496/0212/R000000046/M000000052
R000000028/7.500552/0041/R000000045
Q000000003/6.333912/0000/R000000053
R000000057/1.000000/0000/Guesstimate
R000000056/3.717421/0280/R000000032/R000000057
R000000055/4.130468/0024/R000000056
R000000059/1.000000/0000/Guesstimate
R000000058/3.717421/0280/R000000032/R000000059
R000000055/4.130468/0040/R000000058
R000000054/5.700521/0212/R000000055/M000000052
R000000054/5.700521/0212/R000000055/M000000052
R000000053/6.333912/0114/R000000054
R000000063/1.000000/0000/Guesstimate
M000000064/1.000000/0000/Sigma_BB-61880474
R000000062/2.222222/0223/R000000063/M000000064
R000000061/2.469136/0024/R000000062
R000000066/1.000000/0000/Guesstimate
R000000065/2.222222/0223/R000000066/M000000064
R000000061/2.469136/0040/R000000065
R000000060/7.332894/0212/R000000055/R000000061
R000000060/7.332894/0212/R000000055/R000000061
R000000053/8.147660/0155/R000000060
Q000000004/6.333912/0000/R000000053
<NEXT>