#
#  Reaction log file
#  Author: LigBuilder V3 User_Diana
#  Creation time: Fri Apr 10 15:57:00 2026
#  Format:
#  QueryMoleculeId/Cost/SynthesizeId/ReactantId1/ReactantId2/ReactantId3.....
#  Id prefix:
#  Q --- Query Molecule
#  M --- Material
#  R --- Reactant
#
Directory      result/synthesize_PfHDAC1/299/DATABASE/
#
Q000000001/4.115227/0000/R000000001
M000000004/1.000000/0000/Sigma_BB-28151472
M000000005/1.000000/0000/Sigma_BB-31286382
R000000003/2.222222/0004/M000000004/M000000005
M000000006/1.000000/0000/Sigma_BB-27738953
R000000007/1.000000/0000/Guesstimate
R000000003/2.222222/0004/M000000006/R000000007
M000000009/1.000000/0000/Sigma_BB-28764950
R000000008/1.111111/0197/M000000009
R000000002/3.703704/0212/R000000003/R000000008
R000000002/3.703704/0212/R000000003/R000000008
R000000001/4.115227/0028/R000000002
M000000012/1.000000/0000/Sigma_BB-28830366
R000000011/1.111111/0085/M000000012
M000000014/1.000000/0000/Sigma_BB-130314282
R000000013/1.111111/0228/M000000014
R000000013/1.111111/0286/M000000014
R000000011/1.234568/0100/R000000013
R000000010/3.703704/0212/R000000003/R000000011
R000000010/3.703704/0212/R000000003/R000000011
R000000001/4.115227/0028/R000000010
Q000000002/4.282884/0000/R000000015
M000000019/1.000000/0000/Sigma_BB-28775221
R000000020/1.000000/0000/Guesstimate
R000000018/2.222222/0231/M000000019/R000000020
R000000017/2.469136/0198/R000000018
M000000022/1.000000/0000/Sigma_BB-27190752
R000000023/1.000000/0000/Guesstimate
R000000021/2.222222/0004/M000000022/R000000023
R000000024/1.000000/0000/Guesstimate
R000000017/3.580247/0212/R000000021/R000000024
R000000025/1.000000/0000/Guesstimate
R000000016/3.854596/0175/R000000017/R000000025
R000000026/3.580247/0175/R000000018/R000000025
R000000028/1.000000/0000/Guesstimate
R000000027/3.580247/0175/R000000018/R000000028
R000000027/3.580247/0290/R000000018/R000000028
R000000026/3.978053/0082/R000000027
R000000016/3.978053/0198/R000000026
R000000015/4.282884/0041/R000000016
R000000031/2.469136/0086/R000000021
R000000031/2.469136/0091/R000000021
R000000030/2.743484/0079/R000000031
R000000032/1.000000/0000/Guesstimate
R000000030/3.854596/0112/R000000031/R000000032
R000000033/1.000000/0000/Guesstimate
R000000029/4.159427/0175/R000000030/R000000033
R000000035/1.000000/0000/Guesstimate
R000000034/4.159427/0175/R000000030/R000000035
R000000037/1.000000/0000/Guesstimate
R000000036/4.159427/0274/R000000030/R000000037
R000000034/4.621586/0144/R000000036
R000000029/4.621586/0198/R000000034
R000000015/4.621586/0041/R000000029
Q000000003/4.420059/0000/R000000038
R000000040/1.111111/0114/M000000004
M000000041/1.000000/0000/Sigma_BB-292610067
R000000040/1.111111/0155/M000000041
R000000044/1.000000/0000/Guesstimate
M000000045/1.000000/0000/Sigma_BB-34685430
R000000043/2.222222/0277/R000000044/M000000045
R000000042/2.469136/0150/R000000043
R000000047/1.000000/0000/Guesstimate
R000000048/1.000000/0000/Guesstimate
R000000046/2.222222/0004/R000000047/R000000048
R000000049/1.000000/0000/Guesstimate
R000000050/1.000000/0000/Guesstimate
R000000046/3.333333/0225/R000000049/R000000048/R000000050
R000000051/1.000000/0000/Guesstimate
R000000042/3.580247/0212/R000000046/R000000051
R000000039/3.978053/0170/R000000040/R000000042
M000000053/1.000000/0000/Sigma_BB-30664943
R000000052/1.111111/0059/M000000053
M000000055/1.000000/0000/Sigma_BB-326697832
R000000054/1.111111/0092/M000000055
M000000056/1.000000/0000/Sigma_BB-28426400
R000000057/1.000000/0000/Guesstimate
R000000054/2.222222/0004/M000000056/R000000057
R000000052/1.234568/0153/R000000054
R000000059/1.000000/0000/Guesstimate
R000000058/3.580247/0212/R000000046/R000000059
R000000060/3.580247/0212/R000000046/R000000024
R000000060/3.580247/0212/R000000046/R000000024
R000000058/3.978053/0155/R000000060
R000000039/5.212621/0170/R000000052/R000000058
R000000038/4.420059/0024/R000000039
R000000063/2.345679/0170/R000000052/R000000059
R000000063/2.345679/0170/R000000040/R000000051
R000000065/1.000000/0000/Guesstimate
R000000064/2.222222/0004/R000000047/R000000065
R000000064/3.333333/0225/R000000049/R000000065/R000000050
R000000062/5.075447/0212/R000000063/R000000064
R000000062/5.075447/0212/R000000063/R000000064
R000000068/1.000000/0000/Guesstimate
R000000069/1.000000/0000/Guesstimate
R000000067/2.222222/0174/R000000068/R000000069
R000000067/2.222222/0289/R000000068/R000000069
R000000066/2.469136/0197/R000000067
R000000070/7.400000/0000/Guesstimate
R000000066/8.222222/0091/R000000070
R000000061/8.382870/0112/R000000062/R000000066
R000000072/5.212621/0112/R000000064/R000000066
R000000071/6.902912/0212/R000000072/R000000051
R000000071/6.902912/0212/R000000072/R000000051
R000000061/8.904470/0170/R000000040/R000000071
R000000038/9.314300/0025/R000000061
<NEXT>