#
#  Reaction log file
#  Author: LigBuilder V3 User_Diana
#  Creation time: Fri Apr 10 15:52:35 2026
#  Format:
#  QueryMoleculeId/Cost/SynthesizeId/ReactantId1/ReactantId2/ReactantId3.....
#  Id prefix:
#  Q --- Query Molecule
#  M --- Material
#  R --- Reactant
#
Directory      result/synthesize_PfHDAC1/116/DATABASE/
#
Q000000001/7.807076/0000/R000000001
M000000005/1.000000/0000/Sigma_BB-28807285
R000000004/1.111111/0293/M000000005
M000000007/1.000000/0000/Sigma_BB-28762228
R000000006/1.111111/0293/M000000007
R000000004/1.234568/0090/R000000006
R000000008/1.000000/0000/Guesstimate
R000000003/2.345679/0170/R000000004/R000000008
R000000010/1.000000/0000/Guesstimate
R000000011/1.000000/0000/Guesstimate
R000000012/1.000000/0000/Guesstimate
R000000009/3.333333/0225/R000000010/R000000011/R000000012
R000000009/3.333333/0225/R000000010/R000000011/R000000012
R000000003/3.703704/0122/R000000009
R000000016/1.000000/0000/Guesstimate
R000000017/1.000000/0000/Guesstimate
R000000015/2.222222/0004/R000000016/R000000017
R000000018/1.000000/0000/Guesstimate
R000000019/1.000000/0000/Guesstimate
R000000015/3.333333/0225/R000000018/R000000017/R000000019
R000000014/2.469136/0197/R000000015
R000000021/1.000000/0000/Guesstimate
R000000020/1.111111/0283/R000000021
R000000013/3.978053/0277/R000000014/R000000020
R000000002/7.026369/0122/R000000003/R000000013
R000000023/3.717421/0122/R000000003/R000000016
R000000026/1.000000/0000/Guesstimate
R000000025/2.345679/0170/R000000004/R000000026
M000000029/1.000000/0000/Sigma_BB-70797331
R000000030/1.000000/0000/Guesstimate
R000000028/2.222222/0004/M000000029/R000000030
R000000027/2.469136/0009/R000000028
R000000031/9.000000/0000/Guesstimate
R000000027/10.000000/0082/R000000031
R000000025/3.854596/0224/R000000027/R000000026
R000000024/2.606310/0090/R000000025
R000000024/3.717421/0122/R000000003/R000000018
R000000032/1.000000/0000/Guesstimate
R000000023/5.241580/0004/R000000024/R000000032
R000000022/5.241580/0004/R000000023/R000000017
R000000033/2.222222/0004/R000000032/R000000017
R000000034/1.000000/0000/Guesstimate
R000000033/3.333333/0225/R000000034/R000000017/R000000019
R000000022/6.599605/0004/R000000024/R000000033
R000000036/2.345679/0277/R000000020/R000000016
R000000035/2.606310/0073/R000000036
R000000037/2.606310/0100/R000000036
R000000037/2.606310/0216/R000000036
R000000035/2.895900/0100/R000000037
R000000002/8.719878/0212/R000000022/R000000035
R000000001/7.807076/0099/R000000002
R000000040/2.895900/0247/R000000035
R000000039/3.217667/0147/R000000040
R000000038/9.399163/0212/R000000022/R000000039
R000000038/9.399163/0212/R000000022/R000000039
R000000001/9.399163/0188/R000000038
Q000000002/7.807076/0000/R000000001
Q000000003/Analysis Failed
<NEXT>