#
#  Reaction log file
#  Author: LigBuilder V3 User_Diana
#  Creation time: Fri Apr 10 15:53:21 2026
#  Format:
#  QueryMoleculeId/Cost/SynthesizeId/ReactantId1/ReactantId2/ReactantId3.....
#  Id prefix:
#  Q --- Query Molecule
#  M --- Material
#  R --- Reactant
#
Directory      result/synthesize_PfHDAC1/142/DATABASE/
#
Q000000001/6.435335/0000/R000000001
M000000006/1.000000/0000/Sigma_BB-28721388
R000000007/1.000000/0000/Guesstimate
R000000005/2.222222/0285/M000000006/R000000007
R000000004/2.469136/0280/R000000005
R000000008/2.222222/0280/M000000006/R000000007
R000000004/2.469136/0285/R000000008
R000000003/2.743484/0197/R000000004
R000000009/9.800000/0000/Guesstimate
R000000003/9.800000/0293/R000000009
R000000012/1.000000/0000/Guesstimate
R000000013/1.000000/0000/Guesstimate
R000000011/2.222222/0274/R000000012/R000000013
R000000010/2.469136/0112/R000000011
R000000014/9.300000/0000/Guesstimate
R000000010/9.300000/0082/R000000014
R000000002/5.791801/0277/R000000003/R000000010
R000000017/1.000000/0000/Guesstimate
R000000016/2.222222/0274/R000000012/R000000017
R000000015/2.469136/0112/R000000016
R000000018/2.222222/0112/R000000012/R000000017
R000000015/2.469136/0274/R000000018
R000000002/5.791801/0301/R000000003/R000000015
R000000001/6.435335/0099/R000000002
M000000024/1.000000/0000/Sigma_BB-28792337
R000000023/2.222222/0285/M000000024/R000000007
R000000022/2.469136/0276/R000000023
R000000022/3.048316/0260/R000000003
R000000021/2.743484/0228/R000000022
R000000021/2.743484/0286/R000000022
R000000020/3.048316/0154/R000000021
R000000028/1.000000/0000/Guesstimate
R000000029/1.000000/0000/Guesstimate
R000000027/2.222222/0279/R000000028/R000000029
R000000027/2.222222/0279/R000000028/R000000029
R000000026/2.469136/0276/R000000027
R000000030/8.700000/0000/Guesstimate
R000000026/9.666667/0260/R000000030
R000000025/2.743484/0228/R000000026
R000000025/2.743484/0286/R000000026
R000000020/3.048316/0156/R000000025
R000000033/1.000000/0000/Guesstimate
R000000032/3.854596/0277/R000000033/R000000010
R000000032/3.854596/0301/R000000033/R000000015
R000000031/4.282884/0099/R000000032
R000000034/4.282884/0233/R000000032
R000000034/4.282884/0258/R000000032
R000000031/4.758760/0295/R000000034
R000000019/8.145779/0301/R000000020/R000000031
R000000019/8.145779/0301/R000000020/R000000031
R000000001/9.050865/0188/R000000019
Q000000002/6.435335/0000/R000000001
Q000000003/6.435335/0000/R000000001
<NEXT>