#
#  Reaction log file
#  Author: LigBuilder V3 User_Diana
#  Creation time: Fri Apr 10 15:54:25 2026
#  Format:
#  QueryMoleculeId/Cost/SynthesizeId/ReactantId1/ReactantId2/ReactantId3.....
#  Id prefix:
#  Q --- Query Molecule
#  M --- Material
#  R --- Reactant
#
Directory      result/synthesize_PfHDAC1/179/DATABASE/
#
Q000000001/6.435334/0000/R000000001
R000000005/1.000000/0000/Guesstimate
R000000006/1.000000/0000/Guesstimate
R000000004/2.222222/0224/R000000005/R000000006
R000000003/2.469136/0125/R000000004
R000000007/1.000000/0000/Guesstimate
R000000003/3.580247/0112/R000000004/R000000007
R000000002/2.743484/0041/R000000003
R000000010/1.000000/0000/Guesstimate
R000000009/3.854596/0274/R000000003/R000000010
R000000008/4.282884/0041/R000000009
R000000008/4.282884/0233/R000000009
R000000002/4.758760/0155/R000000008
R000000015/1.000000/0000/Guesstimate
R000000016/1.000000/0000/Guesstimate
R000000014/2.222222/0004/R000000015/R000000016
R000000013/2.469136/0086/R000000014
R000000013/2.469136/0091/R000000014
R000000012/2.743484/0079/R000000013
R000000017/1.000000/0000/Guesstimate
R000000012/3.854596/0112/R000000013/R000000017
R000000011/3.048316/0059/R000000012
R000000019/1.000000/0000/Guesstimate
R000000020/2.469136/0197/R000000014
R000000018/3.854596/0004/R000000019/R000000020
M000000022/1.000000/0000/Sigma_BB-28524129
R000000021/3.580247/0212/M000000022/R000000014
R000000021/3.580247/0212/M000000022/R000000014
R000000018/3.978053/0024/R000000021
R000000011/4.282884/0153/R000000018
R000000001/6.435334/0170/R000000002/R000000011
R000000027/1.000000/0000/Guesstimate
R000000026/2.222222/0224/R000000005/R000000027
R000000026/2.469136/0156/R000000004
R000000028/1.000000/0000/Guesstimate
R000000025/3.580247/0170/R000000026/R000000028
R000000029/1.000000/0000/Guesstimate
R000000025/3.580247/0170/R000000004/R000000029
R000000024/6.447188/0212/R000000025/R000000014
R000000031/1.000000/0000/Guesstimate
R000000030/2.222222/0224/R000000005/R000000031
M000000033/1.000000/0000/Sigma_BB-28760789
R000000032/3.580247/0212/M000000033/R000000014
R000000032/3.580247/0212/M000000033/R000000014
R000000024/6.447188/0212/R000000030/R000000032
R000000023/7.163543/0125/R000000024
R000000023/8.274654/0112/R000000024/R000000007
R000000001/7.959492/0041/R000000023
Q000000002/6.435334/0000/R000000001
Q000000003/6.435334/0000/R000000001
<NEXT>