#
#  Reaction log file
#  Author: LigBuilder V3 User_Diana
#  Creation time: Fri Apr 10 15:51:42 2026
#  Format:
#  QueryMoleculeId/Cost/SynthesizeId/ReactantId1/ReactantId2/ReactantId3.....
#  Id prefix:
#  Q --- Query Molecule
#  M --- Material
#  R --- Reactant
#
Directory      result/synthesize_PfHDAC1/76/DATABASE/
#
Q000000001/5.496587/0000/R000000001
M000000008/1.000000/0000/Sigma_BB-28807285
R000000007/1.111111/0293/M000000008
M000000010/1.000000/0000/Sigma_BB-28762228
R000000009/1.111111/0293/M000000010
R000000007/1.234568/0090/R000000009
R000000011/1.000000/0000/Guesstimate
R000000006/2.345679/0170/R000000007/R000000011
M000000014/1.000000/0000/Sigma_BB-70797331
R000000015/1.000000/0000/Guesstimate
R000000013/2.222222/0004/M000000014/R000000015
R000000012/2.469136/0009/R000000013
R000000016/9.000000/0000/Guesstimate
R000000012/10.000000/0082/R000000016
R000000006/3.854596/0224/R000000012/R000000011
R000000005/2.606310/0090/R000000006
R000000018/1.000000/0000/Guesstimate
R000000017/2.345679/0170/R000000007/R000000018
R000000020/1.000000/0000/Guesstimate
R000000021/1.000000/0000/Guesstimate
R000000022/1.000000/0000/Guesstimate
R000000019/3.333333/0225/R000000020/R000000021/R000000022
R000000019/3.333333/0225/R000000020/R000000021/R000000022
R000000017/3.703704/0122/R000000019
R000000023/1.000000/0000/Guesstimate
R000000005/3.717421/0122/R000000017/R000000023
R000000004/2.895900/0217/R000000005
R000000024/1.000000/0000/Guesstimate
R000000004/3.854596/0224/R000000012/R000000024
R000000003/3.217667/0040/R000000004
R000000026/1.000000/0000/Guesstimate
R000000025/3.854596/0224/R000000012/R000000026
R000000029/1.000000/0000/Guesstimate
R000000028/2.345679/0170/R000000007/R000000029
R000000028/3.854596/0224/R000000012/R000000029
R000000027/2.606310/0219/R000000028
R000000031/1.000000/0000/Guesstimate
R000000030/3.333333/0225/R000000020/R000000021/R000000031
R000000030/3.333333/0225/R000000020/R000000021/R000000031
R000000027/3.703704/0122/R000000030
R000000032/1.000000/0000/Guesstimate
R000000025/4.007011/0279/R000000027/R000000032
R000000003/4.282884/0024/R000000025
R000000035/1.000000/0000/Guesstimate
R000000034/1.111111/0288/R000000035
R000000033/1.234568/0295/R000000034
R000000002/4.946928/0003/R000000003/R000000033
R000000038/1.000000/0000/Guesstimate
R000000037/3.717421/0122/R000000017/R000000038
R000000040/1.000000/0000/Guesstimate
R000000039/3.717421/0122/R000000017/R000000040
R000000037/4.130468/0293/R000000039
R000000036/4.130468/0024/R000000037
R000000042/1.000000/0000/Guesstimate
R000000041/3.717421/0122/R000000017/R000000042
R000000043/1.000000/0000/Guesstimate
R000000041/4.007011/0279/R000000027/R000000043
R000000036/4.130468/0040/R000000041
R000000044/2.482853/0112/R000000020/R000000033
R000000045/2.482853/0004/R000000015/R000000033
R000000044/2.758726/0009/R000000045
R000000002/7.348135/0049/R000000036/R000000044
R000000001/5.496587/0147/R000000002
R000000048/1.000000/0000/Guesstimate
R000000050/1.000000/0000/Guesstimate
R000000049/1.111111/0283/R000000050
R000000047/2.345679/0277/R000000048/R000000049
M000000052/1.000000/0000/Sigma_BB-28845121
R000000053/1.000000/0000/Guesstimate
R000000051/2.222222/0112/M000000052/R000000053
R000000047/2.469136/0274/R000000051
R000000046/5.212620/0122/R000000017/R000000047
R000000056/1.000000/0000/Guesstimate
R000000055/3.717421/0122/R000000017/R000000056
R000000057/1.000000/0000/Guesstimate
R000000055/5.241580/0277/R000000005/R000000057
R000000054/4.130468/0024/R000000055
R000000058/1.000000/0000/Guesstimate
R000000054/5.241580/0004/R000000005/R000000058
R000000061/1.000000/0000/Guesstimate
R000000062/1.000000/0000/Guesstimate
R000000060/2.222222/0274/R000000061/R000000062
R000000059/2.469136/0113/R000000060
R000000064/1.000000/0000/Guesstimate
R000000063/2.345679/0277/R000000049/R000000064
R000000059/2.606310/0073/R000000063
R000000046/7.332894/0212/R000000054/R000000059
R000000001/5.791800/0099/R000000046
Q000000002/5.496587/0000/R000000001
Q000000003/5.496587/0000/R000000001
Q000000004/7.654660/0000/R000000065
M000000070/1.000000/0000/Sigma_BB-27936653
R000000069/1.111111/0257/M000000070
R000000071/1.000000/0000/Guesstimate
R000000069/1.111111/0283/R000000071
R000000072/1.000000/0000/Guesstimate
R000000068/2.345679/0226/R000000069/R000000072
R000000073/1.000000/0000/Guesstimate
R000000068/2.345679/0277/R000000069/R000000073
R000000067/3.717421/0004/R000000068/R000000058
R000000075/2.345679/0226/R000000069/R000000018
R000000077/1.000000/0000/Guesstimate
R000000076/3.333333/0225/R000000077/R000000021/R000000022
R000000076/3.333333/0225/R000000077/R000000021/R000000022
R000000075/3.703704/0112/R000000076
R000000074/3.717421/0122/R000000075/R000000040
R000000067/4.130468/0024/R000000074
M000000079/1.000000/0000/Sigma_BB-28776791
R000000078/2.482853/0004/M000000079/R000000033
R000000080/2.482853/0004/R000000058/R000000033
R000000081/1.000000/0000/Guesstimate
R000000082/1.000000/0000/Guesstimate
R000000080/3.593965/0225/R000000081/R000000033/R000000082
R000000078/3.869837/0004/R000000080/R000000048
R000000066/6.889194/0212/R000000067/R000000078
R000000084/2.482853/0004/R000000064/R000000033
R000000084/3.593965/0225/R000000023/R000000033/R000000082
R000000083/3.869837/0212/R000000084/R000000064
R000000086/2.222222/0004/R000000064/R000000048
R000000086/2.222222/0004/R000000023/M000000079
R000000085/5.212621/0212/R000000086/R000000059
R000000085/5.212621/0212/R000000086/R000000059
R000000083/5.791801/0099/R000000085
R000000066/6.906129/0122/R000000075/R000000083
R000000065/7.654660/0099/R000000066
R000000088/4.007011/0004/R000000005/M000000079
R000000088/5.700521/0004/R000000054/R000000048
R000000087/7.195720/0212/R000000088/R000000059
R000000087/8.398111/0122/R000000017/R000000085
R000000065/7.995245/0099/R000000087
<NEXT>