#
#  Reaction log file
#  Author: LigBuilder V3 User_Diana
#  Creation time: Fri Apr 10 15:51:08 2026
#  Format:
#  QueryMoleculeId/Cost/SynthesizeId/ReactantId1/ReactantId2/ReactantId3.....
#  Id prefix:
#  Q --- Query Molecule
#  M --- Material
#  R --- Reactant
#
Directory      result/synthesize_PfHDAC1/38/DATABASE/
#
Q000000001/3.854596/0000/R000000001
M000000002/1.000000/0000/Sigma_BB-28666431
R000000005/1.000000/0000/Guesstimate
R000000006/1.000000/0000/Guesstimate
R000000004/2.222222/0004/R000000005/R000000006
R000000003/2.469136/0009/R000000004
R000000008/2.469136/0197/R000000004
R000000007/2.743484/0260/R000000008
R000000003/3.048316/0079/R000000007
R000000001/3.854596/0056/M000000002/R000000003
M000000009/1.000000/0000/Sigma_BB-150552076
R000000001/3.854596/0080/M000000009/R000000003
Q000000002/2.606310/0000/R000000010
R000000012/1.111111/0091/M000000009
M000000014/1.000000/0000/Sigma_BB-188062344
R000000015/1.000000/0000/Guesstimate
R000000013/2.222222/0112/M000000014/R000000015
R000000012/2.469136/0197/R000000013
R000000011/2.345679/0112/R000000012/R000000006
R000000011/4.159427/0112/M000000014/R000000007
R000000010/2.606310/0059/R000000011
M000000018/1.000000/0000/Sigma_BB-243862451
R000000017/4.159427/0112/M000000018/R000000007
M000000020/1.000000/0000/Sigma_BB-34690477
R000000019/4.159427/0112/M000000020/R000000007
R000000017/4.621586/0044/R000000019
R000000016/4.621586/0059/R000000017
R000000021/4.621586/0059/R000000019
R000000022/1.000000/0000/Guesstimate
R000000021/5.732697/0224/R000000019/R000000022
R000000016/5.135096/0044/R000000021
R000000010/5.135096/0152/R000000016
Q000000003/2.606310/0000/R000000010
Q000000004/2.606310/0000/R000000010
<NEXT>