#
#  Reaction log file
#  Author: LigBuilder V3 User_Diana
#  Creation time: Fri Apr 10 15:57:19 2026
#  Format:
#  QueryMoleculeId/Cost/SynthesizeId/ReactantId1/ReactantId2/ReactantId3.....
#  Id prefix:
#  Q --- Query Molecule
#  M --- Material
#  R --- Reactant
#
Directory      result/synthesize_PfHDAC1/295/DATABASE/
#
Q000000001/2.758726/0000/R000000001
M000000005/1.000000/0000/Sigma_BB-76854184
R000000004/1.111111/0287/M000000005
R000000003/1.234568/0222/R000000004
R000000006/1.111111/0222/M000000005
M000000007/1.000000/0000/Sigma_BB-184570616
R000000006/1.111111/0299/M000000007
R000000003/1.234568/0287/R000000006
R000000008/1.000000/0000/Guesstimate
R000000002/2.482853/0231/R000000003/R000000008
R000000009/2.345679/0231/R000000004/R000000008
R000000011/1.000000/0000/Guesstimate
R000000010/2.345679/0231/R000000004/R000000011
R000000009/2.606310/0260/R000000010
R000000002/2.606310/0222/R000000009
R000000001/2.758726/0024/R000000002
R000000015/1.000000/0000/Guesstimate
R000000014/2.345679/0231/R000000004/R000000015
R000000013/2.606310/0222/R000000014
R000000018/1.000000/0000/Guesstimate
R000000017/2.482853/0231/R000000003/R000000018
R000000019/2.345679/0231/R000000004/R000000018
R000000017/2.606310/0222/R000000019
R000000020/1.000000/0000/Guesstimate
R000000016/3.869837/0112/R000000017/R000000020
R000000013/4.299819/0197/R000000016
R000000022/1.000000/0000/Guesstimate
R000000021/1.111111/0287/R000000022
R000000023/7.400000/0000/Guesstimate
R000000021/8.222222/0197/R000000023
R000000012/4.130468/0112/R000000013/R000000021
R000000025/2.222222/0174/R000000020/R000000022
R000000025/2.222222/0289/R000000020/R000000022
R000000024/2.469136/0197/R000000025
R000000024/8.222222/0091/R000000023
R000000012/5.502210/0112/R000000017/R000000024
R000000001/4.589409/0025/R000000012
Q000000002/2.758726/0000/R000000001
Q000000003/4.420059/0000/R000000026
M000000029/1.000000/0000/Sigma_BB-28151472
R000000028/1.111111/0114/M000000029
M000000030/1.000000/0000/Sigma_BB-292610067
R000000028/1.111111/0155/M000000030
R000000033/1.000000/0000/Guesstimate
M000000034/1.000000/0000/Sigma_BB-28830366
R000000032/2.222222/0004/R000000033/M000000034
R000000032/2.222222/0277/R000000033/M000000034
R000000031/2.469136/0197/R000000032
R000000036/1.000000/0000/Guesstimate
R000000037/1.000000/0000/Guesstimate
R000000035/2.222222/0004/R000000036/R000000037
R000000035/2.222222/0277/R000000036/R000000037
R000000038/1.111111/0085/M000000034
R000000031/3.703704/0212/R000000035/R000000038
R000000027/3.978053/0170/R000000028/R000000031
M000000040/1.000000/0000/Sigma_BB-30664943
R000000039/1.111111/0059/M000000040
M000000042/1.000000/0000/Sigma_BB-326697832
R000000041/1.111111/0092/M000000042
M000000043/1.000000/0000/Sigma_BB-28426400
R000000044/1.000000/0000/Guesstimate
R000000041/2.222222/0004/M000000043/R000000044
R000000039/1.234568/0153/R000000041
R000000047/1.000000/0000/Guesstimate
R000000046/2.222222/0004/R000000036/R000000047
R000000046/2.222222/0277/R000000036/R000000047
R000000045/3.703704/0212/R000000046/R000000038
R000000045/3.703704/0212/R000000046/R000000038
R000000027/5.349795/0170/R000000039/R000000045
R000000026/4.420059/0028/R000000027
M000000051/1.000000/0000/Sigma_BB-28764950
R000000050/1.111111/0197/M000000051
R000000049/3.703704/0212/R000000035/R000000050
R000000049/3.703704/0212/R000000035/R000000050
R000000048/5.349795/0170/R000000028/R000000049
R000000052/3.703704/0212/R000000046/R000000050
R000000052/3.703704/0212/R000000046/R000000050
R000000048/5.349795/0170/R000000039/R000000052
R000000026/5.944217/0028/R000000048
<NEXT>