#
#  Reaction log file
#  Author: LigBuilder V3 User_Diana
#  Creation time: Fri Apr 10 15:50:38 2026
#  Format:
#  QueryMoleculeId/Cost/SynthesizeId/ReactantId1/ReactantId2/ReactantId3.....
#  Id prefix:
#  Q --- Query Molecule
#  M --- Material
#  R --- Reactant
#
Directory      result/synthesize_PfHDAC1/12/DATABASE/
#
Q000000001/1.524158/0000/R000000001
M000000005/1.000000/0000/Sigma_BB-29509312
R000000004/1.111111/0213/M000000005
R000000007/1.000000/0000/Guesstimate
R000000008/1.000000/0000/Guesstimate
R000000006/2.222222/0279/R000000007/R000000008
R000000006/2.222222/0279/R000000007/R000000008
R000000009/1.000000/0000/Guesstimate
R000000004/3.580247/0159/R000000006/R000000009
R000000003/1.234568/0153/R000000004
R000000010/1.234568/0091/R000000004
R000000003/1.371742/0154/R000000010
R000000002/1.371742/0222/R000000003
M000000013/1.000000/0000/Sigma_BB-243541309
R000000012/1.111111/0222/M000000013
R000000011/1.234568/0197/R000000012
R000000014/1.111111/0197/M000000013
M000000015/1.000000/0000/Sigma_BB-28823129
R000000014/1.111111/0287/M000000015
R000000011/1.234568/0222/R000000014
R000000002/1.371742/0299/R000000011
R000000001/1.524158/0222/R000000002
R000000019/1.000000/0000/Guesstimate
R000000020/1.000000/0000/Guesstimate
R000000018/2.222222/0279/R000000019/R000000020
R000000018/2.222222/0279/R000000019/R000000020
R000000021/1.000000/0000/Guesstimate
R000000017/3.580247/0159/R000000018/R000000021
R000000022/1.000000/0000/Guesstimate
R000000017/3.580247/0159/R000000006/R000000022
R000000016/3.978053/0153/R000000017
R000000025/1.000000/0000/Guesstimate
R000000024/2.222222/0279/R000000019/R000000025
R000000024/2.222222/0279/R000000019/R000000025
R000000023/3.580247/0159/R000000024/R000000021
R000000023/3.978053/0091/R000000017
R000000016/3.978053/0154/R000000023
R000000001/4.420059/0222/R000000016
Q000000002/1.524158/0000/R000000001
Q000000003/1.524158/0000/R000000001
<NEXT>