#
#  Reaction log file
#  Author: LigBuilder V3 User_Diana
#  Creation time: Fri Apr 10 15:56:42 2026
#  Format:
#  QueryMoleculeId/Cost/SynthesizeId/ReactantId1/ReactantId2/ReactantId3.....
#  Id prefix:
#  Q --- Query Molecule
#  M --- Material
#  R --- Reactant
#
Directory      result/synthesize_PfHDAC1/283/DATABASE/
#
Q000000001/4.572474/0000/R000000001
M000000005/1.000000/0000/Sigma_BB-27725905
R000000006/1.000000/0000/Guesstimate
R000000004/2.222222/0231/M000000005/R000000006
R000000003/2.469136/0294/R000000004
R000000008/1.000000/0000/Guesstimate
R000000007/2.222222/0231/M000000005/R000000008
R000000003/2.469136/0294/R000000007
R000000011/1.000000/0000/Guesstimate
R000000010/1.111111/0293/R000000011
R000000009/1.234568/0090/R000000010
R000000013/1.000000/0000/Guesstimate
R000000014/1.000000/0000/Guesstimate
R000000012/2.222222/0256/R000000013/R000000014
R000000009/2.469136/0155/R000000012
R000000002/4.115227/0301/R000000003/R000000009
R000000002/4.115227/0301/R000000003/R000000009
R000000001/4.572474/0147/R000000002
R000000017/1.000000/0000/Guesstimate
R000000019/1.000000/0000/Guesstimate
R000000018/2.482853/0301/R000000019/R000000009
R000000018/2.482853/0301/R000000019/R000000009
R000000016/3.869837/0003/R000000017/R000000018
R000000020/2.758726/0125/R000000018
R000000021/1.000000/0000/Guesstimate
R000000020/3.869837/0112/R000000021/R000000018
R000000022/1.000000/0000/Guesstimate
R000000016/4.176363/0049/R000000020/R000000022
R000000025/1.000000/0000/Guesstimate
R000000026/1.000000/0000/Guesstimate
R000000024/2.222222/0279/R000000025/R000000026
R000000024/2.222222/0279/R000000025/R000000026
R000000023/2.469136/0079/R000000024
R000000028/1.000000/0000/Guesstimate
R000000027/2.222222/0279/R000000028/R000000026
R000000027/2.222222/0279/R000000028/R000000026
R000000023/2.469136/0082/R000000027
R000000015/7.043303/0159/R000000016/R000000023
R000000031/1.000000/0000/Guesstimate
R000000032/1.000000/0000/Guesstimate
R000000030/2.222222/0279/R000000031/R000000032
R000000030/2.222222/0279/R000000031/R000000032
R000000029/6.768955/0159/R000000016/R000000030
R000000033/1.000000/0000/Guesstimate
R000000015/8.632173/0275/R000000029/R000000033
R000000034/1.000000/0000/Guesstimate
R000000001/8.937004/0175/R000000015/R000000034
Q000000002/4.572474/0000/R000000001
Q000000003/4.572474/0000/R000000001
<NEXT>