#
#  Reaction log file
#  Author: LigBuilder V3 User_Diana
#  Creation time: Fri Apr 10 15:53:32 2026
#  Format:
#  QueryMoleculeId/Cost/SynthesizeId/ReactantId1/ReactantId2/ReactantId3.....
#  Id prefix:
#  Q --- Query Molecule
#  M --- Material
#  R --- Reactant
#
Directory      result/synthesize_PfHDAC1/163/DATABASE/
#
Q000000001/6.435335/0000/R000000001
R000000006/1.000000/0000/Guesstimate
R000000007/1.000000/0000/Guesstimate
R000000005/2.222222/0279/R000000006/R000000007
R000000005/2.222222/0279/R000000006/R000000007
R000000008/1.000000/0000/Guesstimate
R000000004/3.580247/0274/R000000005/R000000008
R000000003/3.978053/0279/R000000004
R000000010/2.222222/0279/R000000006/R000000007
R000000010/2.222222/0279/R000000006/R000000007
R000000009/3.580247/0274/R000000010/R000000008
R000000003/3.978053/0279/R000000009
R000000013/1.000000/0000/Guesstimate
R000000012/1.111111/0125/R000000013
R000000014/1.000000/0000/Guesstimate
R000000012/2.222222/0112/R000000013/R000000014
R000000011/1.234568/0040/R000000012
R000000015/1.000000/0000/Guesstimate
R000000016/1.000000/0000/Guesstimate
R000000011/2.222222/0081/R000000015/R000000016
R000000002/5.791801/0274/R000000003/R000000011
R000000017/2.469136/0279/R000000010
R000000017/2.469136/0279/R000000005
M000000020/1.000000/0000/Sigma_BB-28769469
R000000021/1.000000/0000/Guesstimate
R000000019/2.222222/0001/M000000020/R000000021
M000000022/1.000000/0000/Sigma_BB-28778220
R000000019/2.222222/0003/M000000022/R000000021
R000000018/3.580247/0081/R000000019/R000000015
R000000023/1.000000/0000/Guesstimate
R000000018/3.580247/0210/R000000019/R000000023
R000000002/6.721537/0274/R000000017/R000000018
R000000001/6.435335/0140/R000000002
R000000024/2.743484/0140/R000000017
R000000024/9.500000/0140/R000000017
R000000001/7.026369/0274/R000000024/R000000018
Q000000002/Analysis Failed
Q000000003/Analysis Failed
<NEXT>