#
#  Reaction log file
#  Author: LigBuilder V3 User_Diana
#  Creation time: Fri Apr 10 15:55:00 2026
#  Format:
#  QueryMoleculeId/Cost/SynthesizeId/ReactantId1/ReactantId2/ReactantId3.....
#  Id prefix:
#  Q --- Query Molecule
#  M --- Material
#  R --- Reactant
#
Directory      result/synthesize_PfHDAC1/209/DATABASE/
#
Q000000001/4.572474/0000/R000000001
M000000005/1.000000/0000/Sigma_BB-390131557
R000000004/1.111111/0104/M000000005
R000000004/1.111111/0104/M000000005
R000000003/1.234568/0260/R000000004
R000000003/1.234568/0260/R000000004
R000000008/1.000000/0000/Guesstimate
R000000009/1.000000/0000/Guesstimate
R000000007/2.222222/0004/R000000008/R000000009
R000000006/2.469136/0197/R000000007
R000000002/4.115227/0301/R000000003/R000000006
R000000002/4.115227/0301/R000000003/R000000006
R000000001/4.572474/0161/R000000002
Q000000002/4.572474/0000/R000000001
Q000000003/4.572474/0000/R000000001
Q000000004/Analysis Failed
<NEXT>