#
#  Reaction log file
#  Author: LigBuilder V3 User_Diana
#  Creation time: Fri Apr 10 15:55:51 2026
#  Format:
#  QueryMoleculeId/Cost/SynthesizeId/ReactantId1/ReactantId2/ReactantId3.....
#  Id prefix:
#  Q --- Query Molecule
#  M --- Material
#  R --- Reactant
#
Directory      result/synthesize_PfHDAC1/242/DATABASE/
#
Q000000001/7.315958/0000/R000000001
R000000005/1.000000/0000/Guesstimate
R000000006/1.000000/0000/Guesstimate
R000000004/2.222222/0004/R000000005/R000000006
R000000008/1.000000/0000/Guesstimate
R000000007/1.111111/0293/R000000008
R000000009/1.000000/0000/Guesstimate
R000000010/1.000000/0000/Guesstimate
R000000007/2.222222/0069/R000000009/R000000010
R000000003/3.703704/0274/R000000004/R000000007
R000000013/1.000000/0000/Guesstimate
R000000012/3.580247/0274/R000000004/R000000013
R000000015/1.000000/0000/Guesstimate
R000000014/3.580247/0274/R000000004/R000000015
R000000016/1.000000/0000/Guesstimate
R000000012/5.089163/0122/R000000014/R000000016
R000000011/3.978053/0082/R000000012
R000000017/1.000000/0000/Guesstimate
R000000011/5.089163/0112/R000000014/R000000017
R000000003/5.531170/0069/R000000011/R000000010
R000000019/1.000000/0000/Guesstimate
R000000020/1.000000/0000/Guesstimate
R000000018/2.222222/0004/R000000019/R000000020
R000000021/1.000000/0000/Guesstimate
R000000022/1.000000/0000/Guesstimate
R000000018/3.333333/0225/R000000019/R000000021/R000000022
R000000002/6.584363/0212/R000000003/R000000018
R000000023/6.889194/0212/R000000011/R000000018
R000000023/6.889194/0212/R000000011/R000000018
R000000002/8.765772/0069/R000000023/R000000010
R000000001/7.315958/0147/R000000002
R000000027/1.000000/0000/Guesstimate
R000000026/1.111111/0040/R000000027
R000000028/1.000000/0000/Guesstimate
R000000026/2.222222/0004/R000000028/R000000020
R000000025/5.212621/0212/R000000012/R000000026
R000000029/5.212621/0212/R000000014/R000000026
R000000031/3.703704/0212/R000000004/R000000026
R000000031/3.703704/0212/R000000004/R000000026
R000000032/1.000000/0000/Guesstimate
R000000030/5.226338/0274/R000000031/R000000032
R000000029/5.807042/0155/R000000030
R000000025/6.902912/0122/R000000029/R000000016
R000000024/5.791801/0082/R000000025
R000000035/1.000000/0000/Guesstimate
R000000034/3.580247/0274/R000000004/R000000035
R000000033/5.212621/0212/R000000034/R000000026
R000000033/5.212621/0212/R000000034/R000000026
R000000024/6.902912/0112/R000000033/R000000021
R000000001/7.546446/0069/R000000024/R000000010
Q000000002/7.315958/0000/R000000001
Q000000003/6.315095/0000/R000000036
R000000038/4.115227/0086/R000000003
R000000039/4.420059/0086/R000000011
R000000039/4.420059/0091/R000000011
R000000038/6.022288/0069/R000000039/R000000010
R000000040/1.000000/0000/Guesstimate
R000000037/5.683586/0112/R000000038/R000000040
R000000041/6.022288/0112/R000000039/R000000040
R000000042/4.420059/0197/R000000011
M000000043/1.000000/0000/Sigma_BB-70573194
R000000041/6.022288/0112/R000000042/M000000043
R000000037/7.802542/0069/R000000041/R000000010
R000000036/6.315095/0147/R000000037
M000000045/1.000000/0000/Sigma_BB-28507894
R000000044/5.531170/0212/R000000011/M000000045
R000000044/5.531170/0212/R000000011/M000000045
R000000036/7.256855/0069/R000000044/R000000010
<NEXT>