#
#  Reaction log file
#  Author: LigBuilder V3 User_Diana
#  Creation time: Fri Apr 10 15:51:38 2026
#  Format:
#  QueryMoleculeId/Cost/SynthesizeId/ReactantId1/ReactantId2/ReactantId3.....
#  Id prefix:
#  Q --- Query Molecule
#  M --- Material
#  R --- Reactant
#
Directory      result/synthesize_PfHDAC1/85/DATABASE/
#
Q000000001/5.241580/0000/R000000001
M000000005/1.000000/0000/Sigma_BB-28130338
R000000004/1.111111/0197/M000000005
R000000006/1.000000/0000/Guesstimate
R000000003/2.345679/0285/R000000004/R000000006
M000000008/1.000000/0000/Sigma_BB-243993066
R000000009/1.000000/0000/Guesstimate
R000000007/2.222222/0224/M000000008/R000000009
R000000007/2.222222/0285/M000000005/R000000006
R000000003/2.469136/0197/R000000007
R000000010/1.000000/0000/Guesstimate
R000000002/3.717421/0122/R000000003/R000000010
R000000012/1.000000/0000/Guesstimate
R000000011/3.580247/0212/R000000007/R000000012
R000000014/1.000000/0000/Guesstimate
R000000013/3.580247/0212/R000000007/R000000014
R000000015/1.000000/0000/Guesstimate
R000000013/3.717421/0003/R000000003/R000000015
R000000011/3.978053/0041/R000000013
R000000002/3.978053/0139/R000000011
R000000016/1.000000/0000/Guesstimate
R000000001/5.241580/0004/R000000002/R000000016
R000000019/2.222222/0004/M000000008/R000000016
R000000020/1.000000/0000/Guesstimate
R000000018/3.580247/0119/R000000019/R000000020
R000000022/1.000000/0000/Guesstimate
R000000021/3.580247/0212/R000000019/R000000022
R000000021/3.580247/0212/R000000019/R000000022
R000000018/3.978053/0260/R000000021
R000000023/1.000000/0000/Guesstimate
R000000017/5.089163/0224/R000000018/R000000023
R000000025/3.717421/0004/R000000003/R000000016
R000000024/5.241580/0119/R000000025/R000000020
R000000026/5.241580/0212/R000000025/R000000022
R000000026/5.241580/0212/R000000025/R000000022
R000000024/5.823977/0260/R000000026
R000000017/6.935089/0122/R000000024/R000000010
R000000001/5.654626/0024/R000000017
Q000000002/2.606310/0000/R000000027
M000000030/1.000000/0000/Sigma_BB-150552076
R000000029/1.111111/0091/M000000030
M000000032/1.000000/0000/Sigma_BB-188062344
R000000033/1.000000/0000/Guesstimate
R000000031/2.222222/0112/M000000032/R000000033
R000000029/2.469136/0197/R000000031
R000000034/1.000000/0000/Guesstimate
R000000028/2.345679/0112/R000000029/R000000034
R000000036/2.222222/0112/R000000033/R000000034
R000000035/2.469136/0197/R000000036
R000000028/3.854596/0112/M000000032/R000000035
R000000027/2.606310/0059/R000000028
R000000039/1.000000/0000/Guesstimate
R000000038/2.222222/0004/M000000032/R000000039
R000000041/1.000000/0000/Guesstimate
R000000040/2.222222/0004/M000000032/R000000041
R000000042/1.000000/0000/Guesstimate
R000000043/1.000000/0000/Guesstimate
R000000040/3.333333/0225/M000000032/R000000042/R000000043
R000000038/2.469136/0045/R000000040
R000000046/1.000000/0000/Guesstimate
R000000047/1.000000/0000/Guesstimate
R000000045/2.222222/0113/R000000046/R000000047
R000000048/1.000000/0000/Guesstimate
R000000049/1.000000/0000/Guesstimate
R000000045/2.222222/0138/R000000048/R000000049
R000000044/2.469136/0004/R000000045
R000000051/1.000000/0000/Guesstimate
R000000052/1.000000/0000/Guesstimate
R000000050/2.222222/0277/R000000051/R000000052
R000000044/2.469136/0073/R000000050
R000000037/5.212621/0212/R000000038/R000000044
R000000037/5.212621/0212/R000000038/R000000044
R000000027/5.791801/0099/R000000037
Q000000003/2.606310/0000/R000000027
<NEXT>