#
#  Reaction log file
#  Author: LigBuilder V3 User_Diana
#  Creation time: Fri Apr 10 15:51:44 2026
#  Format:
#  QueryMoleculeId/Cost/SynthesizeId/ReactantId1/ReactantId2/ReactantId3.....
#  Id prefix:
#  Q --- Query Molecule
#  M --- Material
#  R --- Reactant
#
Directory      result/synthesize_PfHDAC1/84/DATABASE/
#
Q000000001/5.241580/0000/R000000001
M000000005/1.000000/0000/Sigma_BB-28130338
R000000004/1.111111/0197/M000000005
R000000006/1.000000/0000/Guesstimate
R000000003/2.345679/0285/R000000004/R000000006
M000000008/1.000000/0000/Sigma_BB-243993066
R000000009/1.000000/0000/Guesstimate
R000000007/2.222222/0224/M000000008/R000000009
R000000007/2.222222/0285/M000000005/R000000006
R000000003/2.469136/0197/R000000007
R000000010/1.000000/0000/Guesstimate
R000000002/3.717421/0122/R000000003/R000000010
R000000012/1.000000/0000/Guesstimate
R000000011/3.580247/0212/R000000007/R000000012
R000000014/1.000000/0000/Guesstimate
R000000013/3.580247/0212/R000000007/R000000014
R000000015/1.000000/0000/Guesstimate
R000000013/3.717421/0003/R000000003/R000000015
R000000011/3.978053/0041/R000000013
R000000002/3.978053/0139/R000000011
R000000016/1.000000/0000/Guesstimate
R000000001/5.241580/0004/R000000002/R000000016
R000000019/2.222222/0004/M000000008/R000000016
R000000020/1.000000/0000/Guesstimate
R000000018/3.580247/0119/R000000019/R000000020
R000000022/1.000000/0000/Guesstimate
R000000021/3.580247/0212/R000000019/R000000022
R000000021/3.580247/0212/R000000019/R000000022
R000000018/3.978053/0260/R000000021
R000000023/1.000000/0000/Guesstimate
R000000017/5.089163/0224/R000000018/R000000023
R000000025/3.717421/0004/R000000003/R000000016
R000000024/5.241580/0119/R000000025/R000000020
R000000026/5.241580/0212/R000000025/R000000022
R000000026/5.241580/0212/R000000025/R000000022
R000000024/5.823977/0260/R000000026
R000000017/6.935089/0122/R000000024/R000000010
R000000001/5.654626/0024/R000000017
Q000000002/5.241580/0000/R000000001
Q000000003/5.241580/0000/R000000001
<NEXT>