#
#  Reaction log file
#  Author: LigBuilder V3 User_Diana
#  Creation time: Fri Apr 10 15:57:08 2026
#  Format:
#  QueryMoleculeId/Cost/SynthesizeId/ReactantId1/ReactantId2/ReactantId3.....
#  Id prefix:
#  Q --- Query Molecule
#  M --- Material
#  R --- Reactant
#
Directory      result/synthesize_PfHDAC1/292/DATABASE/
#
Q000000001/8.108521/0000/R000000001
R000000005/1.000000/0000/Guesstimate
R000000004/1.111111/0283/R000000005
R000000006/1.000000/0000/Guesstimate
R000000003/2.345679/0112/R000000004/R000000006
R000000008/1.000000/0000/Guesstimate
R000000007/2.345679/0112/R000000004/R000000008
R000000009/1.000000/0000/Guesstimate
R000000003/3.717421/0112/R000000007/R000000009
R000000010/1.000000/0000/Guesstimate
R000000002/3.717421/0061/R000000003/R000000010
R000000012/2.606310/0040/R000000003
R000000011/4.007011/0063/R000000012/R000000010
R000000013/1.000000/0000/Guesstimate
R000000011/4.007011/0064/R000000012/R000000013
R000000002/4.452235/0204/R000000011
R000000015/1.000000/0000/Guesstimate
R000000017/1.000000/0000/Guesstimate
R000000018/1.000000/0000/Guesstimate
R000000016/2.222222/0004/R000000017/R000000018
R000000020/1.000000/0000/Guesstimate
R000000019/2.222222/0004/R000000020/R000000018
R000000016/2.469136/0187/R000000019
R000000014/3.580247/0119/R000000015/R000000016
R000000022/2.469136/0086/R000000016
R000000022/2.469136/0091/R000000016
R000000023/1.000000/0000/Guesstimate
R000000021/3.854596/0112/R000000022/R000000023
M000000025/1.000000/0000/Sigma_BB-28427694
R000000024/3.580247/0212/M000000025/R000000016
R000000024/3.580247/0212/M000000025/R000000016
R000000021/3.978053/0065/R000000024
R000000014/4.282884/0153/R000000021
R000000001/8.108521/0224/R000000002/R000000014
R000000029/1.000000/0000/Guesstimate
R000000028/5.241580/0224/R000000002/R000000029
R000000027/5.823977/0024/R000000028
R000000031/1.000000/0000/Guesstimate
R000000030/5.241580/0224/R000000002/R000000031
R000000027/5.823977/0040/R000000030
R000000026/8.940222/0212/R000000027/R000000016
R000000026/8.940222/0212/R000000027/R000000016
R000000001/9.933580/0260/R000000026
Q000000002/8.108521/0000/R000000001
Q000000003/8.108521/0000/R000000001
<NEXT>