#
#  Reaction log file
#  Author: LigBuilder V3 User_Diana
#  Creation time: Fri Apr 10 15:57:16 2026
#  Format:
#  QueryMoleculeId/Cost/SynthesizeId/ReactantId1/ReactantId2/ReactantId3.....
#  Id prefix:
#  Q --- Query Molecule
#  M --- Material
#  R --- Reactant
#
Directory      result/synthesize_PfHDAC1/287/DATABASE/
#
Q000000001/3.854596/0000/R000000001
M000000004/1.000000/0000/Sigma_BB-28758610
R000000005/1.000000/0000/Guesstimate
R000000003/2.222222/0231/M000000004/R000000005
R000000002/2.469136/0114/R000000003
R000000006/2.469136/0013/R000000003
M000000009/1.000000/0000/Sigma_BB-29205355
R000000008/2.222222/0231/M000000009/R000000005
R000000007/2.469136/0125/R000000008
R000000010/1.000000/0000/Guesstimate
R000000007/3.580247/0112/R000000008/R000000010
R000000006/2.743484/0041/R000000007
R000000002/2.743484/0155/R000000006
R000000011/1.000000/0000/Guesstimate
R000000001/3.854596/0170/R000000002/R000000011
R000000012/2.743484/0059/R000000007
R000000012/2.743484/0156/R000000002
R000000013/1.000000/0000/Guesstimate
R000000001/4.159427/0170/R000000012/R000000013
Q000000002/2.635269/0000/R000000014
M000000018/1.000000/0000/Sigma_BB-28774700
R000000017/1.111111/0287/M000000018
M000000019/1.000000/0000/Sigma_BB-28151472
R000000017/1.111111/0292/M000000019
R000000016/1.234568/0114/R000000017
M000000021/1.000000/0000/Sigma_BB-37599592
R000000020/1.111111/0292/M000000021
R000000016/1.234568/0155/R000000020
R000000015/1.371742/0239/R000000016
R000000023/1.111111/0114/M000000018
M000000024/1.000000/0000/Sigma_BB-30431413
R000000023/1.111111/0292/M000000024
R000000022/1.234568/0239/R000000023
R000000025/1.111111/0239/M000000024
R000000022/1.234568/0292/R000000025
R000000015/1.371742/0287/R000000022
R000000026/1.000000/0000/Guesstimate
R000000014/2.635269/0181/R000000015/R000000026
M000000030/1.000000/0000/Sigma_BB-28778312
R000000029/1.111111/0292/M000000030
R000000028/1.234568/0153/R000000029
R000000032/1.111111/0292/M000000004
M000000033/1.000000/0000/Sigma_BB-30381298
R000000032/1.111111/0299/M000000033
R000000031/1.234568/0164/R000000032
R000000031/2.345679/0174/R000000032/R000000010
R000000028/1.371742/0040/R000000031
R000000034/1.000000/0000/Guesstimate
R000000027/2.482853/0231/R000000028/R000000034
R000000035/2.345679/0231/R000000032/R000000034
R000000035/2.482853/0181/R000000022/R000000026
R000000027/2.606310/0213/R000000035
R000000014/2.758726/0197/R000000027
Q000000003/6.096632/0000/R000000036
M000000040/1.000000/0000/Sigma_BB-28760846
R000000041/1.000000/0000/Guesstimate
R000000039/2.222222/0285/M000000040/R000000041
R000000038/2.469136/0204/R000000039
R000000043/1.000000/0000/Guesstimate
R000000044/1.000000/0000/Guesstimate
R000000042/2.222222/0003/R000000043/R000000044
M000000045/1.000000/0000/Sigma_BB-28799125
R000000042/2.222222/0112/R000000010/M000000045
R000000038/3.580247/0012/R000000042/R000000041
R000000048/1.000000/0000/Guesstimate
R000000049/1.000000/0000/Guesstimate
R000000047/2.222222/0275/R000000048/R000000049
R000000046/2.469136/0041/R000000047
R000000046/2.469136/0233/R000000047
R000000037/5.486969/0159/R000000038/R000000046
R000000052/1.000000/0000/Guesstimate
R000000053/1.000000/0000/Guesstimate
R000000051/2.222222/0279/R000000052/R000000053
R000000051/2.222222/0279/R000000052/R000000053
R000000050/5.212621/0159/R000000051/R000000046
R000000054/1.000000/0000/Guesstimate
R000000037/6.902912/0231/R000000050/R000000054
R000000036/6.096632/0197/R000000037
<NEXT>