#
#  Reaction log file
#  Author: LigBuilder V3 User_Diana
#  Creation time: Thu Apr  9 21:17:46 2026
#  Format:
#  QueryMoleculeId/Cost/SynthesizeId/ReactantId1/ReactantId2/ReactantId3.....
#  Id prefix:
#  Q --- Query Molecule
#  M --- Material
#  R --- Reactant
#
Directory      result/synthesize_PfHDAC1/215/DATABASE/
#
Q000000001/4.420059/0000/R000000001
R000000004/1.000000/0000/Guesstimate
R000000006/1.000000/0000/Guesstimate
R000000007/1.000000/0000/Guesstimate
R000000005/2.222222/0003/R000000006/R000000007
R000000008/1.000000/0000/Guesstimate
R000000005/2.222222/0277/R000000008/R000000007
R000000003/3.580247/0261/R000000004/R000000005
R000000010/1.000000/0000/Guesstimate
R000000009/3.580247/0261/R000000010/R000000005
R000000003/3.978053/0283/R000000009
R000000002/3.978053/0099/R000000003
R000000012/2.469136/0059/R000000005
R000000013/1.000000/0000/Guesstimate
R000000012/3.580247/0224/R000000005/R000000013
R000000011/3.854596/0261/R000000004/R000000012
R000000014/3.854596/0261/R000000010/R000000012
R000000011/4.282884/0283/R000000014
R000000002/4.282884/0188/R000000011
R000000001/4.420059/0040/R000000002
R000000018/1.000000/0000/Guesstimate
R000000017/3.580247/0261/R000000018/R000000005
R000000016/3.978053/0099/R000000017
R000000019/4.420059/0041/R000000002
R000000019/4.420059/0233/R000000002
R000000016/4.911177/0155/R000000019
R000000020/1.000000/0000/Guesstimate
R000000015/5.531170/0004/R000000016/R000000020
R000000021/1.000000/0000/Guesstimate
R000000022/1.000000/0000/Guesstimate
R000000015/6.642281/0225/R000000016/R000000021/R000000022
R000000001/6.145744/0073/R000000015
Q000000002/4.420059/0000/R000000001
Q000000003/4.420059/0000/R000000001
<NEXT>