#
#  Reaction log file
#  Author: LigBuilder V3 User_Diana
#  Creation time: Thu Apr  9 21:13:14 2026
#  Format:
#  QueryMoleculeId/Cost/SynthesizeId/ReactantId1/ReactantId2/ReactantId3.....
#  Id prefix:
#  Q --- Query Molecule
#  M --- Material
#  R --- Reactant
#
Directory      result/synthesize_PfHDAC1/4/DATABASE/
#
Q000000001/7.163543/0000/R000000001
R000000005/1.000000/0000/Guesstimate
M000000006/1.000000/0000/Sigma_BB-234767090
R000000004/2.222222/0224/R000000005/M000000006
R000000008/1.000000/0000/Guesstimate
R000000007/2.222222/0224/R000000008/M000000006
R000000010/1.000000/0000/Guesstimate
R000000009/2.222222/0224/R000000010/M000000006
R000000011/1.000000/0000/Guesstimate
R000000007/3.580247/0018/R000000009/R000000011
R000000004/2.469136/0257/R000000007
R000000012/1.000000/0000/Guesstimate
R000000003/3.580247/0004/R000000004/R000000012
R000000014/1.000000/0000/Guesstimate
R000000013/3.580247/0003/R000000004/R000000014
M000000016/1.000000/0000/Sigma_BB-187206312
R000000015/2.222222/0224/R000000005/M000000016
R000000017/1.000000/0000/Guesstimate
R000000013/3.580247/0112/R000000015/R000000017
R000000003/3.978053/0040/R000000013
R000000019/1.000000/0000/Guesstimate
R000000018/2.222222/0004/R000000012/R000000019
R000000020/2.222222/0003/R000000019/R000000014
R000000018/2.469136/0040/R000000020
R000000002/6.447188/0212/R000000003/R000000018
R000000002/6.447188/0212/R000000003/R000000018
R000000001/7.163543/0041/R000000002
R000000022/3.580247/0004/R000000009/R000000012
R000000023/3.580247/0003/R000000009/R000000014
R000000022/3.978053/0040/R000000023
R000000021/6.447188/0212/R000000022/R000000018
R000000021/6.447188/0212/R000000022/R000000018
R000000001/8.274654/0018/R000000021/R000000011
Q000000002/4.420059/0000/R000000024
R000000027/1.000000/0000/Guesstimate
R000000029/1.000000/0000/Guesstimate
R000000028/2.222222/0301/M000000016/R000000029
R000000028/2.222222/0301/M000000016/R000000029
R000000026/3.580247/0224/R000000027/R000000028
R000000030/2.222222/0224/R000000027/M000000016
R000000026/3.580247/0301/R000000030/R000000029
R000000025/3.978053/0125/R000000026
R000000025/5.089163/0112/R000000026/R000000017
R000000024/4.420059/0041/R000000025
R000000033/1.000000/0000/Guesstimate
R000000032/3.580247/0112/R000000009/R000000033
R000000034/2.222222/0112/M000000006/R000000033
R000000032/3.580247/0224/R000000010/R000000034
R000000031/3.978053/0147/R000000032
R000000035/1.000000/0000/Guesstimate
R000000031/5.089163/0212/R000000022/R000000035
R000000024/5.531170/0018/R000000031/R000000011
Q000000003/4.420059/0000/R000000036
R000000040/1.000000/0000/Guesstimate
R000000039/2.222222/0301/M000000016/R000000040
R000000039/2.222222/0301/M000000016/R000000040
R000000038/3.580247/0224/R000000027/R000000039
R000000042/1.000000/0000/Guesstimate
R000000041/3.580247/0301/R000000030/R000000042
R000000041/3.580247/0301/R000000030/R000000042
R000000038/5.089163/0169/R000000041/R000000012
R000000037/3.978053/0125/R000000038
R000000037/5.089163/0112/R000000038/R000000017
R000000036/4.420059/0041/R000000037
M000000045/1.000000/0000/Sigma_BB-28806016
R000000044/3.580247/0112/R000000009/M000000045
R000000047/1.000000/0000/Guesstimate
R000000046/3.580247/0112/R000000009/R000000047
R000000044/5.089163/0169/R000000046/R000000012
R000000043/3.978053/0147/R000000044
R000000050/1.000000/0000/Guesstimate
R000000051/1.000000/0000/Guesstimate
R000000049/2.222222/0274/R000000050/R000000051
R000000052/1.000000/0000/Guesstimate
R000000053/1.000000/0000/Guesstimate
R000000049/2.222222/0275/R000000052/R000000053
R000000048/6.447188/0212/R000000022/R000000049
R000000048/6.447188/0212/R000000022/R000000049
R000000043/7.163543/0147/R000000048
R000000036/5.531170/0018/R000000043/R000000011
<NEXT>