#
#  Reaction log file
#  Author: LigBuilder V3 User_Diana
#  Creation time: Thu Apr  9 21:19:43 2026
#  Format:
#  QueryMoleculeId/Cost/SynthesizeId/ReactantId1/ReactantId2/ReactantId3.....
#  Id prefix:
#  Q --- Query Molecule
#  M --- Material
#  R --- Reactant
#
Directory      result/synthesize_PfHDAC1/297/DATABASE/
#
Q000000001/9.144949/0000/R000000001
R000000005/1.000000/0000/Guesstimate
R000000006/1.000000/0000/Guesstimate
R000000004/2.222222/0004/R000000005/R000000006
R000000003/2.469136/0085/R000000004
R000000003/2.469136/0085/R000000004
R000000009/1.000000/0000/Guesstimate
R000000010/1.000000/0000/Guesstimate
R000000008/2.222222/0004/R000000009/R000000010
R000000011/1.000000/0000/Guesstimate
R000000012/1.000000/0000/Guesstimate
R000000008/3.333333/0225/R000000011/R000000010/R000000012
R000000014/1.000000/0000/Guesstimate
R000000015/1.000000/0000/Guesstimate
R000000013/2.222222/0285/R000000014/R000000015
R000000007/4.938272/0279/R000000008/R000000013
R000000007/4.938272/0279/R000000008/R000000013
R000000002/8.230453/0212/R000000003/R000000007
R000000002/8.230453/0212/R000000003/R000000007
R000000001/9.144949/0051/R000000002
R000000017/5.212621/0212/R000000003/R000000008
R000000020/1.000000/0000/Guesstimate
R000000019/3.854596/0212/R000000003/R000000020
R000000019/3.854596/0212/R000000003/R000000020
R000000021/1.000000/0000/Guesstimate
R000000018/5.393995/0301/R000000019/R000000021
R000000018/5.393995/0301/R000000019/R000000021
R000000017/5.993328/0188/R000000018
R000000024/1.000000/0000/Guesstimate
R000000025/1.000000/0000/Guesstimate
R000000023/2.222222/0112/R000000024/R000000025
R000000022/2.469136/0099/R000000023
R000000027/1.000000/0000/Guesstimate
R000000026/2.222222/0003/R000000024/R000000027
R000000022/2.469136/0099/R000000026
R000000016/8.535286/0279/R000000017/R000000022
R000000016/8.535286/0279/R000000017/R000000022
R000000001/9.483651/0050/R000000016
Q000000002/Analysis Failed
Q000000003/4.282884/0000/R000000028
R000000032/1.000000/0000/Guesstimate
R000000033/1.000000/0000/Guesstimate
R000000031/2.222222/0081/R000000032/R000000033
R000000034/1.000000/0000/Guesstimate
R000000031/2.222222/0210/R000000032/R000000034
R000000030/2.469136/0204/R000000031
R000000037/1.000000/0000/Guesstimate
R000000036/2.222222/0081/R000000032/R000000037
R000000038/1.000000/0000/Guesstimate
R000000036/2.222222/0210/R000000032/R000000038
R000000035/2.469136/0204/R000000036
R000000040/8.200000/0000/Guesstimate
R000000039/9.111111/0293/R000000040
R000000039/9.111111/0293/R000000040
R000000035/9.111111/0217/R000000039
R000000030/2.743484/0257/R000000035
R000000041/1.000000/0000/Guesstimate
R000000029/3.854596/0224/R000000030/R000000041
R000000044/1.000000/0000/Guesstimate
R000000043/3.854596/0224/R000000030/R000000044
R000000042/4.282884/0147/R000000043
R000000046/1.000000/0000/Guesstimate
R000000045/3.854596/0224/R000000030/R000000046
R000000042/4.282884/0188/R000000045
R000000047/1.000000/0000/Guesstimate
R000000029/5.869872/0256/R000000042/R000000047
R000000028/4.282884/0041/R000000029
R000000050/1.000000/0000/Guesstimate
R000000049/3.854596/0224/R000000035/R000000050
R000000052/1.000000/0000/Guesstimate
R000000051/3.854596/0224/R000000035/R000000052
R000000053/1.000000/0000/Guesstimate
R000000049/5.393995/0279/R000000051/R000000053
R000000048/4.282884/0082/R000000049
R000000056/1.000000/0000/Guesstimate
R000000055/3.854596/0224/R000000035/R000000056
R000000054/4.282884/0082/R000000055
R000000058/1.000000/0000/Guesstimate
R000000057/3.854596/0224/R000000035/R000000058
R000000059/1.000000/0000/Guesstimate
R000000054/5.393995/0112/R000000057/R000000059
R000000060/1.000000/0000/Guesstimate
R000000048/5.869872/0095/R000000054/R000000060
R000000028/4.758760/0041/R000000048
<NEXT>