#
#  Reaction log file
#  Author: LigBuilder V3 User_Diana
#  Creation time: Thu Apr  9 21:13:06 2026
#  Format:
#  QueryMoleculeId/Cost/SynthesizeId/ReactantId1/ReactantId2/ReactantId3.....
#  Id prefix:
#  Q --- Query Molecule
#  M --- Material
#  R --- Reactant
#
Directory      result/synthesize_PfHDAC1/16/DATABASE/
#
Q000000001/5.531170/0000/R000000001
R000000004/1.000000/0000/Guesstimate
M000000006/1.000000/0000/Sigma_BB-187206312
R000000007/1.000000/0000/Guesstimate
R000000005/2.222222/0301/M000000006/R000000007
R000000009/1.000000/0000/Guesstimate
R000000008/2.222222/0301/M000000006/R000000009
R000000008/2.222222/0301/M000000006/R000000009
R000000010/1.000000/0000/Guesstimate
R000000005/3.580247/0301/R000000008/R000000010
R000000003/3.580247/0224/R000000004/R000000005
R000000011/3.580247/0224/R000000004/R000000008
R000000013/1.000000/0000/Guesstimate
R000000012/3.580247/0224/R000000013/R000000008
R000000011/3.978053/0294/R000000012
R000000003/5.089163/0301/R000000011/R000000010
R000000002/3.978053/0139/R000000003
R000000014/1.000000/0000/Guesstimate
R000000002/5.089163/0122/R000000011/R000000014
R000000015/1.000000/0000/Guesstimate
R000000001/5.531170/0018/R000000002/R000000015
R000000017/1.000000/0000/Guesstimate
R000000020/1.000000/0000/Guesstimate
R000000019/2.222222/0004/M000000006/R000000020
R000000021/1.000000/0000/Guesstimate
R000000022/1.000000/0000/Guesstimate
R000000019/3.333333/0225/M000000006/R000000021/R000000022
M000000024/1.000000/0000/Sigma_BB-28764950
R000000023/1.111111/0197/M000000024
R000000018/3.703704/0212/R000000019/R000000023
R000000018/3.703704/0212/R000000019/R000000023
R000000016/5.226338/0224/R000000017/R000000018
R000000027/1.000000/0000/Guesstimate
R000000026/3.580247/0224/R000000027/R000000008
R000000025/3.978053/0041/R000000026
R000000025/5.089163/0018/R000000011/R000000015
R000000028/1.234568/0197/R000000023
R000000029/9.200000/0000/Guesstimate
R000000028/9.200000/0155/R000000029
R000000016/5.791801/0301/R000000025/R000000028
R000000001/5.807042/0028/R000000016
Q000000002/5.531170/0000/R000000001
Q000000003/6.765737/0000/R000000030
R000000032/1.000000/0000/Guesstimate
R000000031/5.089163/0122/R000000011/R000000032
R000000034/1.000000/0000/Guesstimate
R000000033/5.089163/0003/R000000011/R000000034
R000000035/4.420059/0082/R000000002
R000000036/1.000000/0000/Guesstimate
R000000035/5.089163/0112/R000000011/R000000036
R000000037/1.000000/0000/Guesstimate
R000000033/6.022288/0049/R000000035/R000000037
R000000038/1.000000/0000/Guesstimate
R000000031/6.765737/0122/R000000033/R000000038
R000000030/6.765737/0018/R000000031/R000000015
R000000041/2.222222/0224/R000000017/M000000006
R000000040/3.580247/0004/R000000041/R000000020
R000000042/3.580247/0224/R000000004/R000000019
R000000042/4.911177/0040/R000000035
R000000040/5.089163/0018/R000000042/R000000015
R000000044/1.111111/0085/M000000024
R000000045/1.000000/0000/Guesstimate
R000000043/2.345679/0212/R000000044/R000000045
R000000046/2.222222/0004/M000000024/R000000038
R000000046/2.222222/0277/M000000024/R000000038
R000000043/2.469136/0197/R000000046
R000000039/6.584363/0212/R000000040/R000000043
R000000039/6.584363/0212/R000000040/R000000043
R000000030/7.315958/0028/R000000039
<NEXT>