#
#  Reaction log file
#  Author: LigBuilder V3 User_Diana
#  Creation time: Thu Apr  9 21:14:35 2026
#  Format:
#  QueryMoleculeId/Cost/SynthesizeId/ReactantId1/ReactantId2/ReactantId3.....
#  Id prefix:
#  Q --- Query Molecule
#  M --- Material
#  R --- Reactant
#
Directory      result/synthesize_PfHDAC1/100/DATABASE/
#
Q000000001/Analysis Failed
Q000000002/5.639385/0000/R000000001
R000000004/1.000000/0000/Guesstimate
R000000005/1.000000/0000/Guesstimate
R000000003/2.222222/0004/R000000004/R000000005
R000000007/1.000000/0000/Guesstimate
R000000006/2.222222/0004/R000000004/R000000007
R000000008/1.000000/0000/Guesstimate
R000000009/1.000000/0000/Guesstimate
R000000006/3.333333/0225/R000000004/R000000008/R000000009
R000000003/2.469136/0045/R000000006
M000000012/1.000000/0000/Sigma_BB-28764950
R000000011/1.111111/0085/M000000012
M000000013/1.000000/0000/Sigma_BB-28776399
R000000010/2.345679/0212/R000000011/M000000013
R000000015/1.000000/0000/Guesstimate
R000000014/2.222222/0004/M000000012/R000000015
R000000014/2.222222/0277/M000000012/R000000015
R000000010/2.469136/0197/R000000014
R000000002/5.075447/0212/R000000003/R000000010
R000000002/5.075447/0212/R000000003/R000000010
R000000001/5.639385/0028/R000000002
R000000018/2.222222/0212/M000000012/M000000013
R000000018/2.222222/0212/M000000012/M000000013
R000000017/2.469136/0085/R000000018
M000000020/1.000000/0000/Sigma_BB-28457967
R000000019/2.345679/0212/R000000011/M000000020
R000000019/2.345679/0212/R000000011/M000000020
R000000021/1.000000/0000/Guesstimate
R000000017/3.717421/0119/R000000019/R000000021
R000000016/5.212621/0212/R000000003/R000000017
R000000016/5.212621/0212/R000000003/R000000017
R000000001/5.791801/0028/R000000016
Q000000003/5.639385/0000/R000000022
R000000025/1.000000/0000/Guesstimate
R000000024/2.345679/0212/R000000011/R000000025
R000000027/1.000000/0000/Guesstimate
R000000026/2.222222/0004/M000000012/R000000027
R000000026/2.222222/0277/M000000012/R000000027
R000000024/2.469136/0197/R000000026
R000000023/5.075447/0212/R000000003/R000000024
R000000023/5.075447/0212/R000000003/R000000024
R000000022/5.639385/0028/R000000023
R000000030/2.222222/0212/M000000012/R000000025
R000000030/2.222222/0212/M000000012/R000000025
R000000029/2.469136/0085/R000000030
R000000032/1.000000/0000/Guesstimate
R000000031/2.345679/0003/R000000011/R000000032
R000000029/2.606310/0147/R000000031
R000000028/5.212621/0212/R000000003/R000000029
R000000028/5.212621/0212/R000000003/R000000029
R000000022/5.791801/0028/R000000028
Q000000004/3.869837/0000/R000000033
M000000037/1.000000/0000/Sigma_BB-31111345
R000000036/1.111111/0082/M000000037
R000000038/1.000000/0000/Guesstimate
R000000039/1.000000/0000/Guesstimate
R000000036/2.222222/0112/R000000038/R000000039
R000000035/1.234568/0059/R000000036
R000000041/1.000000/0000/Guesstimate
R000000040/2.222222/0004/R000000038/R000000041
R000000042/1.000000/0000/Guesstimate
R000000043/1.000000/0000/Guesstimate
R000000040/2.222222/0170/R000000042/R000000043
R000000035/2.469136/0153/R000000040
R000000044/1.000000/0000/Guesstimate
R000000034/2.482853/0170/R000000035/R000000044
R000000046/1.234568/0041/R000000036
R000000047/1.000000/0000/Guesstimate
R000000046/2.222222/0170/R000000042/R000000047
R000000045/1.371742/0155/R000000046
R000000048/1.000000/0000/Guesstimate
R000000045/2.222222/0170/R000000042/R000000048
R000000049/1.000000/0000/Guesstimate
R000000034/2.635269/0170/R000000045/R000000049
R000000050/1.000000/0000/Guesstimate
R000000033/3.869837/0018/R000000034/R000000050
R000000054/1.000000/0000/Guesstimate
R000000055/1.000000/0000/Guesstimate
R000000053/2.222222/0170/R000000054/R000000055
R000000056/1.000000/0000/Guesstimate
R000000053/2.222222/0170/R000000056/R000000048
R000000052/3.580247/0170/R000000053/R000000044
R000000057/2.222222/0170/R000000054/R000000048
R000000058/1.000000/0000/Guesstimate
R000000057/2.222222/0170/R000000056/R000000058
R000000052/3.580247/0170/R000000057/R000000049
R000000051/3.978053/0082/R000000052
R000000061/1.000000/0000/Guesstimate
R000000060/1.111111/0125/R000000061
R000000060/2.222222/0112/R000000061/R000000039
R000000062/2.222222/0170/R000000055/R000000044
R000000062/2.222222/0170/R000000048/R000000049
R000000059/3.703704/0224/R000000060/R000000062
R000000064/1.000000/0000/Guesstimate
R000000063/2.345679/0224/R000000060/R000000064
R000000065/1.000000/0000/Guesstimate
R000000059/3.717421/0301/R000000063/R000000065
R000000051/4.115227/0079/R000000059
R000000033/4.420059/0041/R000000051
<NEXT>