#
#  Reaction log file
#  Author: LigBuilder V3 User_Diana
#  Creation time: Thu Apr  9 21:14:56 2026
#  Format:
#  QueryMoleculeId/Cost/SynthesizeId/ReactantId1/ReactantId2/ReactantId3.....
#  Id prefix:
#  Q --- Query Molecule
#  M --- Material
#  R --- Reactant
#
Directory      result/synthesize_PfHDAC1/88/DATABASE/
#
Q000000001/4.267642/0000/R000000001
R000000004/1.000000/0000/Guesstimate
M000000006/1.000000/0000/Sigma_BB-29596179
R000000005/1.111111/0024/M000000006
R000000007/1.000000/0000/Guesstimate
R000000008/1.000000/0000/Guesstimate
R000000005/2.222222/0004/R000000007/R000000008
R000000003/2.345679/0004/R000000004/R000000005
R000000009/2.222222/0004/R000000004/R000000008
R000000010/1.000000/0000/Guesstimate
R000000011/1.000000/0000/Guesstimate
R000000009/3.333333/0225/R000000004/R000000010/R000000011
R000000003/3.580247/0004/R000000009/R000000007
M000000013/1.000000/0000/Sigma_BB-28764950
R000000012/1.111111/0197/M000000013
R000000002/3.840878/0212/R000000003/R000000012
R000000002/3.840878/0212/R000000003/R000000012
R000000001/4.267642/0028/R000000002
M000000016/1.000000/0000/Sigma_BB-28830366
R000000015/1.111111/0085/M000000016
M000000018/1.000000/0000/Sigma_BB-130314282
R000000017/1.111111/0228/M000000018
R000000017/1.111111/0286/M000000018
R000000015/1.234568/0100/R000000017
R000000014/3.840878/0212/R000000003/R000000015
R000000014/3.840878/0212/R000000003/R000000015
R000000001/4.267642/0028/R000000014
Q000000002/Analysis Failed
Q000000003/5.807042/0000/R000000019
R000000023/1.000000/0000/Guesstimate
R000000024/1.000000/0000/Guesstimate
R000000025/1.000000/0000/Guesstimate
R000000022/3.333333/0261/R000000023/R000000024/R000000025
R000000021/3.703704/0024/R000000022
R000000026/1.000000/0000/Guesstimate
R000000020/5.226338/0224/R000000021/R000000026
R000000019/5.807042/0212/R000000020
R000000019/5.807042/0212/R000000020
Q000000004/5.807042/0000/R000000019
<NEXT>