#
#  Reaction log file
#  Author: LigBuilder V3 User_Diana
#  Creation time: Thu Apr  9 21:15:39 2026
#  Format:
#  QueryMoleculeId/Cost/SynthesizeId/ReactantId1/ReactantId2/ReactantId3.....
#  Id prefix:
#  Q --- Query Molecule
#  M --- Material
#  R --- Reactant
#
Directory      result/synthesize_PfHDAC1/154/DATABASE/
#
Q000000001/6.522080/0000/R000000001
R000000007/1.000000/0000/Guesstimate
R000000008/1.000000/0000/Guesstimate
R000000006/2.222222/0276/R000000007/R000000008
R000000006/2.222222/0278/R000000007/R000000008
R000000005/2.469136/0276/R000000006
R000000009/2.222222/0276/R000000007/R000000008
R000000009/2.222222/0278/R000000007/R000000008
R000000005/2.469136/0276/R000000009
R000000010/1.000000/0000/Guesstimate
R000000004/3.854596/0301/R000000005/R000000010
R000000004/3.854596/0301/R000000005/R000000010
R000000003/4.282884/0155/R000000004
R000000012/1.000000/0000/Guesstimate
R000000011/3.854596/0004/R000000005/R000000012
R000000013/1.000000/0000/Guesstimate
R000000003/5.393995/0212/R000000011/R000000013
R000000014/1.000000/0000/Guesstimate
R000000002/5.869872/0122/R000000003/R000000014
R000000017/1.000000/0000/Guesstimate
R000000016/5.393995/0301/R000000004/R000000017
R000000016/5.393995/0301/R000000004/R000000017
R000000015/5.993328/0155/R000000016
R000000019/1.000000/0000/Guesstimate
R000000018/5.869872/0003/R000000003/R000000019
R000000018/5.869872/0277/R000000003/R000000014
R000000015/6.522080/0041/R000000018
R000000002/6.659254/0139/R000000015
R000000001/6.522080/0090/R000000002
M000000023/1.000000/0000/Sigma_BB-28764950
R000000024/1.000000/0000/Guesstimate
R000000022/2.222222/0212/M000000023/R000000024
R000000022/2.222222/0212/M000000023/R000000024
R000000021/2.469136/0085/R000000022
R000000026/1.000000/0000/Guesstimate
R000000025/3.580247/0004/R000000022/R000000026
R000000021/3.978053/0197/R000000025
R000000020/7.026369/0212/R000000011/R000000021
R000000020/7.026369/0212/R000000011/R000000021
R000000001/7.807076/0028/R000000020
Q000000002/Analysis Failed
Q000000003/Analysis Failed
<NEXT>