#
#  Reaction log file
#  Author: LigBuilder V3 User_Diana
#  Creation time: Thu Apr  9 21:19:13 2026
#  Format:
#  QueryMoleculeId/Cost/SynthesizeId/ReactantId1/ReactantId2/ReactantId3.....
#  Id prefix:
#  Q --- Query Molecule
#  M --- Material
#  R --- Reactant
#
Directory      result/synthesize_PfHDAC1/271/DATABASE/
#
Q000000001/Analysis Failed
Q000000002/6.918153/0000/R000000001
M000000003/1.000000/0000/Sigma_BB-28778212
R000000006/1.000000/0000/Guesstimate
M000000007/1.000000/0000/Sigma_BB-39046861
R000000008/1.000000/0000/Guesstimate
R000000005/3.333333/0225/R000000006/M000000007/R000000008
R000000005/3.333333/0225/R000000006/M000000007/R000000008
R000000004/3.703704/0197/R000000005
R000000010/1.000000/0000/Guesstimate
R000000009/2.222222/0004/R000000010/M000000007
R000000012/1.000000/0000/Guesstimate
R000000011/1.111111/0040/R000000012
R000000013/1.000000/0000/Guesstimate
R000000014/1.000000/0000/Guesstimate
R000000011/2.222222/0170/R000000013/R000000014
R000000004/3.703704/0212/R000000009/R000000011
R000000002/5.226338/0274/M000000003/R000000004
R000000015/1.000000/0000/Guesstimate
R000000001/6.918153/0119/R000000002/R000000015
R000000018/4.115227/0091/R000000004
R000000019/1.000000/0000/Guesstimate
R000000017/5.683586/0112/R000000018/R000000019
R000000020/5.226338/0003/R000000004/R000000010
R000000017/5.807042/0073/R000000020
R000000016/7.426207/0274/M000000003/R000000017
R000000001/8.251341/0153/R000000016
Q000000003/1.111111/0000/R000000021
M000000022/1.000000/0000/Sigma_BB-29509005
R000000021/1.111111/0114/M000000022
M000000024/1.000000/0000/Sigma_BB-28838111
R000000023/1.111111/0114/M000000024
M000000027/1.000000/0000/Sigma_BB-28945063
R000000026/1.111111/0114/M000000027
M000000028/1.000000/0000/Sigma_BB-28829169
R000000026/1.111111/0299/M000000028
R000000029/1.000000/0000/Guesstimate
R000000025/2.345679/0003/R000000026/R000000029
M000000031/1.000000/0000/Sigma_BB-28200223
R000000030/1.111111/0114/M000000031
R000000032/1.000000/0000/Guesstimate
R000000030/2.345679/0112/R000000026/R000000032
R000000025/2.345679/0049/R000000030/R000000010
R000000023/2.606310/0041/R000000025
R000000021/1.234568/0139/R000000023
<NEXT>