#
#  Reaction log file
#  Author: LigBuilder V3 User_Diana
#  Creation time: Thu Apr  9 21:18:56 2026
#  Format:
#  QueryMoleculeId/Cost/SynthesizeId/ReactantId1/ReactantId2/ReactantId3.....
#  Id prefix:
#  Q --- Query Molecule
#  M --- Material
#  R --- Reactant
#
Directory      result/synthesize_PfHDAC1/251/DATABASE/
#
Q000000001/4.130468/0000/R000000001
M000000004/1.000000/0000/Sigma_BB-370706449
R000000006/1.000000/0000/Guesstimate
R000000005/1.111111/0283/R000000006
R000000007/1.000000/0000/Guesstimate
R000000005/1.111111/0283/R000000007
R000000003/2.345679/0256/M000000004/R000000005
R000000008/2.222222/0256/M000000004/R000000006
R000000003/2.469136/0283/R000000008
R000000009/1.000000/0000/Guesstimate
R000000002/3.717421/0277/R000000003/R000000009
R000000001/4.130468/0099/R000000002
M000000012/1.000000/0000/Sigma_BB-28758560
R000000013/1.000000/0000/Guesstimate
R000000011/2.222222/0004/M000000012/R000000013
R000000015/1.000000/0000/Guesstimate
R000000016/1.000000/0000/Guesstimate
R000000014/3.333333/0261/M000000004/R000000015/R000000016
R000000011/3.703704/0024/R000000014
M000000019/1.000000/0000/Sigma_BB-28247348
R000000020/1.000000/0000/Guesstimate
R000000018/2.222222/0003/M000000019/R000000020
R000000017/2.469136/0004/R000000018
R000000022/1.000000/0000/Guesstimate
R000000023/1.000000/0000/Guesstimate
R000000021/3.333333/0225/R000000022/R000000023/R000000015
R000000021/3.333333/0225/R000000022/R000000023/R000000015
R000000017/3.703704/0122/R000000021
R000000010/5.212621/0212/R000000011/R000000017
R000000010/5.212621/0212/R000000011/R000000017
R000000001/5.791801/0099/R000000010
Q000000002/4.130468/0000/R000000001
Q000000003/2.606310/0000/R000000024
M000000027/1.000000/0000/Sigma_BB-243161916
R000000026/1.111111/0302/M000000027
M000000029/1.000000/0000/Sigma_BB-30170873
R000000028/1.111111/0287/M000000029
R000000028/1.111111/0287/M000000027
R000000026/1.234568/0239/R000000028
R000000030/1.000000/0000/Guesstimate
R000000025/2.345679/0174/R000000026/R000000030
R000000032/1.111111/0302/M000000029
R000000031/1.234568/0287/R000000032
R000000031/1.234568/0287/R000000026
R000000025/2.482853/0112/R000000031/R000000030
R000000024/2.606310/0147/R000000025
R000000034/1.000000/0000/Guesstimate
R000000033/2.345679/0175/R000000026/R000000034
R000000035/1.000000/0000/Guesstimate
R000000033/2.482853/0003/R000000031/R000000035
R000000024/2.606310/0147/R000000033
<NEXT>