#
#  Reaction log file
#  Author: LigBuilder V3 User_Diana
#  Creation time: Thu Apr  9 21:17:25 2026
#  Format:
#  QueryMoleculeId/Cost/SynthesizeId/ReactantId1/ReactantId2/ReactantId3.....
#  Id prefix:
#  Q --- Query Molecule
#  M --- Material
#  R --- Reactant
#
Directory      result/synthesize_PfHDAC1/207/DATABASE/
#
Q000000001/5.393995/0000/R000000001
R000000005/1.000000/0000/Guesstimate
R000000006/1.000000/0000/Guesstimate
R000000004/2.222222/0256/R000000005/R000000006
R000000003/2.469136/0155/R000000004
R000000007/1.000000/0000/Guesstimate
R000000002/3.854596/0122/R000000003/R000000007
R000000010/1.000000/0000/Guesstimate
R000000011/1.000000/0000/Guesstimate
R000000009/2.222222/0279/R000000010/R000000011
R000000009/2.222222/0279/R000000010/R000000011
M000000013/1.000000/0000/Sigma_BB-28775951
R000000012/1.111111/0001/M000000013
R000000008/3.703704/0042/R000000009/R000000012
R000000002/4.115227/0099/R000000008
R000000014/1.000000/0000/Guesstimate
R000000001/5.393995/0018/R000000002/R000000014
R000000016/3.854596/0018/R000000003/R000000014
R000000017/3.580247/0018/R000000004/R000000014
R000000016/3.978053/0155/R000000017
R000000018/1.000000/0000/Guesstimate
R000000015/5.393995/0095/R000000016/R000000018
R000000020/1.000000/0000/Guesstimate
R000000019/5.393995/0112/R000000016/R000000020
R000000022/1.000000/0000/Guesstimate
R000000021/5.393995/0122/R000000016/R000000022
R000000019/5.993328/0082/R000000021
R000000015/7.104439/0012/R000000019/R000000022
R000000001/5.993328/0041/R000000015
Q000000002/5.531170/0000/R000000023
R000000027/1.000000/0000/Guesstimate
R000000026/2.222222/0004/R000000027/R000000006
R000000028/1.000000/0000/Guesstimate
R000000029/1.000000/0000/Guesstimate
R000000026/3.333333/0225/R000000028/R000000006/R000000029
R000000030/1.000000/0000/Guesstimate
R000000025/3.580247/0003/R000000026/R000000030
R000000032/1.000000/0000/Guesstimate
R000000031/2.222222/0112/R000000032/R000000006
M000000034/1.000000/0000/Sigma_BB-31286382
R000000033/1.111111/0085/M000000034
R000000035/1.000000/0000/Guesstimate
R000000036/1.000000/0000/Guesstimate
R000000033/2.222222/0004/R000000035/R000000036
R000000025/3.703704/0049/R000000031/R000000033
R000000024/3.978053/0099/R000000025
R000000039/1.000000/0000/Guesstimate
R000000040/1.000000/0000/Guesstimate
R000000038/2.222222/0241/R000000039/R000000040
R000000037/3.580247/0122/R000000038/R000000030
R000000042/1.000000/0000/Guesstimate
R000000043/1.000000/0000/Guesstimate
R000000041/2.222222/0122/R000000042/R000000043
R000000041/2.222222/0122/R000000042/R000000043
R000000037/3.703704/0042/R000000041/R000000012
R000000024/3.978053/0099/R000000037
R000000023/5.531170/0018/R000000024/R000000014
R000000047/1.000000/0000/Guesstimate
R000000048/1.000000/0000/Guesstimate
R000000046/2.222222/0004/R000000047/R000000048
R000000046/2.222222/0018/R000000027/R000000014
R000000045/3.580247/0004/R000000046/R000000006
R000000049/2.222222/0004/R000000048/R000000006
R000000050/1.000000/0000/Guesstimate
R000000049/3.333333/0225/R000000050/R000000006/R000000029
R000000045/3.580247/0004/R000000047/R000000049
M000000053/1.000000/0000/Sigma_BB-28764950
R000000052/1.111111/0085/M000000053
R000000054/1.000000/0000/Guesstimate
R000000051/2.345679/0212/R000000052/R000000054
R000000055/2.222222/0004/M000000053/R000000030
R000000055/2.222222/0277/M000000053/R000000030
R000000051/2.469136/0197/R000000055
R000000044/6.584363/0212/R000000045/R000000051
R000000044/6.584363/0212/R000000045/R000000051
R000000023/7.315958/0028/R000000044
Q000000003/5.531170/0000/R000000023
Q000000004/Analysis Failed
<NEXT>