#
#  Reaction log file
#  Author: LigBuilder V3 User_Diana
#  Creation time: Thu Apr  9 21:15:26 2026
#  Format:
#  QueryMoleculeId/Cost/SynthesizeId/ReactantId1/ReactantId2/ReactantId3.....
#  Id prefix:
#  Q --- Query Molecule
#  M --- Material
#  R --- Reactant
#
Directory      result/synthesize_PfHDAC1/106/DATABASE/
#
Q000000001/3.065251/0000/R000000001
R000000004/1.000000/0000/Guesstimate
R000000007/1.000000/0000/Guesstimate
R000000006/1.111111/0118/R000000007
R000000008/1.000000/0000/Guesstimate
R000000006/2.222222/0112/R000000007/R000000008
R000000005/1.234568/0059/R000000006
R000000010/1.000000/0000/Guesstimate
R000000011/1.000000/0000/Guesstimate
R000000009/2.222222/0274/R000000010/R000000011
R000000005/2.469136/0147/R000000009
R000000003/2.482853/0170/R000000004/R000000005
R000000012/3.580247/0170/R000000004/R000000009
R000000013/1.000000/0000/Guesstimate
R000000012/3.580247/0224/R000000013/R000000009
R000000003/3.978053/0147/R000000012
R000000002/2.758726/0082/R000000003
R000000016/1.000000/0000/Guesstimate
R000000015/1.111111/0125/R000000016
R000000015/2.222222/0112/R000000016/R000000008
R000000014/2.606310/0224/R000000015/R000000005
R000000017/2.345679/0224/R000000015/R000000010
R000000018/1.000000/0000/Guesstimate
R000000014/3.717421/0274/R000000017/R000000018
R000000002/2.895900/0079/R000000014
R000000001/3.065251/0041/R000000002
R000000020/1.000000/0000/Guesstimate
R000000019/2.482853/0170/R000000020/R000000005
R000000023/1.000000/0000/Guesstimate
R000000024/1.000000/0000/Guesstimate
R000000022/2.222222/0301/R000000023/R000000024
R000000022/2.222222/0301/R000000023/R000000024
R000000021/2.469136/0118/R000000022
R000000021/3.580247/0112/R000000022/R000000008
R000000019/2.743484/0147/R000000021
R000000025/1.000000/0000/Guesstimate
R000000001/3.869837/0018/R000000019/R000000025
Q000000002/3.978053/0000/R000000026
R000000029/1.000000/0000/Guesstimate
R000000030/1.000000/0000/Guesstimate
R000000028/2.222222/0004/R000000029/R000000030
R000000032/2.469136/0197/R000000028
R000000032/2.469136/0197/R000000028
R000000031/3.854596/0112/R000000032/R000000008
R000000034/1.000000/0000/Guesstimate
R000000033/3.854596/0122/R000000032/R000000034
R000000036/1.000000/0000/Guesstimate
R000000035/3.580247/0212/R000000028/R000000036
R000000038/1.000000/0000/Guesstimate
R000000037/3.854596/0003/R000000032/R000000038
M000000040/1.000000/0000/Sigma_BB-28721388
R000000039/3.580247/0212/R000000028/M000000040
R000000039/3.580247/0212/R000000028/M000000040
R000000037/3.978053/0009/R000000039
R000000035/4.282884/0041/R000000037
R000000033/3.978053/0139/R000000035
R000000031/4.282884/0082/R000000033
R000000028/4.282884/0040/R000000031
R000000041/1.000000/0000/Guesstimate
R000000027/3.580247/0003/R000000028/R000000041
R000000043/1.000000/0000/Guesstimate
R000000042/3.854596/0004/R000000032/R000000043
R000000045/1.000000/0000/Guesstimate
R000000044/3.854596/0277/R000000032/R000000045
R000000046/1.000000/0000/Guesstimate
R000000044/3.854596/0301/R000000032/R000000046
R000000042/4.282884/0024/R000000044
R000000048/1.000000/0000/Guesstimate
R000000047/2.222222/0061/R000000048/R000000011
R000000050/1.000000/0000/Guesstimate
R000000049/2.222222/0004/R000000050/R000000041
R000000047/2.469136/0009/R000000049
R000000027/6.752020/0049/R000000042/R000000047
R000000026/3.978053/0099/R000000027
M000000054/1.000000/0000/Sigma_BB-28764950
R000000053/2.222222/0004/M000000054/R000000041
R000000052/2.469136/0197/R000000053
R000000051/5.212621/0212/R000000028/R000000052
R000000051/5.212621/0212/R000000028/R000000052
R000000026/5.791801/0028/R000000051
Q000000003/2.758726/0000/R000000055
M000000059/1.000000/0000/Sigma_BB-247132189
R000000058/1.111111/0197/M000000059
R000000057/1.234568/0239/R000000058
R000000060/1.000000/0000/Guesstimate
M000000062/1.000000/0000/Sigma_BB-28505812
R000000061/1.111111/0302/M000000062
R000000057/2.345679/0274/R000000060/R000000061
R000000063/1.000000/0000/Guesstimate
R000000056/2.482853/0112/R000000057/R000000063
R000000065/1.000000/0000/Guesstimate
R000000067/1.000000/0000/Guesstimate
R000000068/1.000000/0000/Guesstimate
R000000066/2.222222/0181/R000000067/R000000068
R000000066/2.222222/0285/R000000067/R000000068
R000000064/3.580247/0159/R000000065/R000000066
R000000070/1.000000/0000/Guesstimate
R000000069/2.222222/0012/R000000070/R000000068
R000000069/2.222222/0285/R000000070/R000000068
R000000071/1.000000/0000/Guesstimate
R000000064/3.580247/0159/R000000069/R000000071
R000000072/1.000000/0000/Guesstimate
R000000056/5.089163/0112/R000000064/R000000072
R000000055/2.758726/0153/R000000056
R000000076/1.000000/0000/Guesstimate
R000000075/2.222222/0181/R000000067/R000000076
R000000075/2.222222/0285/R000000067/R000000076
R000000074/3.580247/0159/R000000065/R000000075
R000000077/2.222222/0012/R000000070/R000000076
R000000077/2.222222/0285/R000000070/R000000076
R000000074/3.580247/0159/R000000077/R000000071
R000000073/3.978053/0040/R000000074
R000000079/1.000000/0000/Guesstimate
R000000081/1.000000/0000/Guesstimate
R000000080/2.222222/0181/R000000067/R000000081
R000000080/2.222222/0285/R000000067/R000000081
R000000078/3.580247/0159/R000000079/R000000080
R000000083/1.000000/0000/Guesstimate
R000000082/2.222222/0012/R000000083/R000000081
R000000082/2.222222/0285/R000000083/R000000081
R000000078/3.580247/0159/R000000082/R000000071
R000000073/3.978053/0155/R000000078
R000000084/1.000000/0000/Guesstimate
R000000055/5.531170/0119/R000000073/R000000084
<NEXT>