#
#  Reaction log file
#  Author: LigBuilder V3 User_Diana
#  Creation time: Thu Apr  9 21:17:39 2026
#  Format:
#  QueryMoleculeId/Cost/SynthesizeId/ReactantId1/ReactantId2/ReactantId3.....
#  Id prefix:
#  Q --- Query Molecule
#  M --- Material
#  R --- Reactant
#
Directory      result/synthesize_PfHDAC1/216/DATABASE/
#
Q000000001/4.420059/0000/R000000001
R000000004/1.000000/0000/Guesstimate
R000000006/1.000000/0000/Guesstimate
R000000007/1.000000/0000/Guesstimate
R000000005/2.222222/0003/R000000006/R000000007
R000000008/1.000000/0000/Guesstimate
R000000005/2.222222/0277/R000000008/R000000007
R000000003/3.580247/0261/R000000004/R000000005
R000000010/1.000000/0000/Guesstimate
R000000009/3.580247/0261/R000000010/R000000005
R000000003/3.978053/0283/R000000009
R000000002/3.978053/0099/R000000003
R000000012/2.469136/0059/R000000005
R000000013/1.000000/0000/Guesstimate
R000000012/3.580247/0224/R000000005/R000000013
R000000011/3.854596/0261/R000000004/R000000012
R000000014/3.854596/0261/R000000010/R000000012
R000000011/4.282884/0283/R000000014
R000000002/4.282884/0188/R000000011
R000000001/4.420059/0040/R000000002
R000000018/1.000000/0000/Guesstimate
R000000017/3.580247/0261/R000000018/R000000005
R000000016/3.978053/0099/R000000017
R000000019/4.420059/0041/R000000002
R000000019/4.420059/0233/R000000002
R000000016/4.911177/0155/R000000019
R000000020/1.000000/0000/Guesstimate
R000000015/5.531170/0004/R000000016/R000000020
R000000021/1.000000/0000/Guesstimate
R000000022/1.000000/0000/Guesstimate
R000000015/6.642281/0225/R000000016/R000000021/R000000022
R000000001/6.145744/0073/R000000015
Q000000002/5.807042/0000/R000000023
R000000027/1.000000/0000/Guesstimate
R000000028/1.000000/0000/Guesstimate
M000000029/1.000000/0000/Sigma_BB-28775613
R000000026/3.333333/0261/R000000027/R000000028/M000000029
R000000025/3.703704/0122/R000000026
R000000030/1.000000/0000/Guesstimate
R000000024/5.226338/0274/R000000025/R000000030
R000000023/5.807042/0024/R000000024
R000000033/4.911177/0082/R000000001
R000000032/5.456863/0041/R000000033
R000000032/5.456863/0233/R000000033
M000000035/1.000000/0000/Sigma_BB-28764950
R000000034/1.111111/0197/M000000035
R000000031/7.297749/0169/R000000032/R000000034
R000000036/5.456863/0040/R000000033
R000000038/1.000000/0000/Guesstimate
R000000037/2.345679/0169/R000000034/R000000038
R000000039/2.222222/0169/M000000035/R000000038
R000000040/1.000000/0000/Guesstimate
R000000039/2.222222/0274/M000000035/R000000040
R000000037/2.469136/0197/R000000039
R000000031/8.669491/0212/R000000036/R000000037
R000000023/8.108610/0028/R000000031
Q000000003/2.743484/0000/R000000041
M000000044/1.000000/0000/Sigma_BB-28778212
R000000045/1.000000/0000/Guesstimate
R000000043/2.222222/0274/M000000044/R000000045
R000000047/1.000000/0000/Guesstimate
R000000046/2.222222/0274/M000000044/R000000047
R000000049/1.000000/0000/Guesstimate
R000000048/2.222222/0274/M000000044/R000000049
R000000046/2.469136/0155/R000000048
R000000050/1.000000/0000/Guesstimate
R000000043/3.580247/0122/R000000046/R000000050
R000000042/2.469136/0082/R000000043
R000000051/1.000000/0000/Guesstimate
R000000042/3.580247/0112/R000000046/R000000051
R000000041/2.743484/0059/R000000042
R000000052/3.580247/0004/R000000046/R000000020
R000000052/4.691358/0225/R000000046/R000000022/R000000021
R000000041/3.978053/0153/R000000052
Q000000004/2.743484/0000/R000000041
<NEXT>