#
#  Reaction log file
#  Author: LigBuilder V3 User_Diana
#  Creation time: Thu Apr  9 21:18:20 2026
#  Format:
#  QueryMoleculeId/Cost/SynthesizeId/ReactantId1/ReactantId2/ReactantId3.....
#  Id prefix:
#  Q --- Query Molecule
#  M --- Material
#  R --- Reactant
#
Directory      result/synthesize_PfHDAC1/228/DATABASE/
#
Q000000001/7.468375/0000/R000000001
R000000005/1.000000/0000/Guesstimate
R000000006/1.000000/0000/Guesstimate
R000000004/2.222222/0277/R000000005/R000000006
R000000008/1.000000/0000/Guesstimate
R000000007/2.222222/0277/R000000005/R000000008
R000000009/1.000000/0000/Guesstimate
R000000004/3.580247/0212/R000000007/R000000009
R000000010/1.000000/0000/Guesstimate
R000000003/3.580247/0226/R000000004/R000000010
R000000011/2.222222/0226/R000000005/R000000010
R000000012/1.000000/0000/Guesstimate
R000000011/2.222222/0277/R000000005/R000000012
R000000003/3.580247/0277/R000000011/R000000006
R000000015/1.000000/0000/Guesstimate
R000000016/1.000000/0000/Guesstimate
R000000014/2.222222/0285/R000000015/R000000016
R000000013/2.469136/0285/R000000014
R000000013/2.469136/0285/R000000014
R000000002/6.721537/0224/R000000003/R000000013
R000000017/5.212621/0224/R000000011/R000000013
R000000018/3.854596/0224/R000000013/R000000012
R000000020/1.000000/0000/Guesstimate
R000000019/3.854596/0224/R000000013/R000000020
R000000018/4.282884/0155/R000000019
R000000017/5.393995/0277/R000000005/R000000018
R000000002/6.902912/0277/R000000017/R000000006
R000000001/7.468375/0099/R000000002
R000000022/3.978053/0059/R000000003
R000000022/5.089163/0224/R000000003/R000000010
R000000021/7.163543/0224/R000000022/R000000013
R000000027/1.000000/0000/Guesstimate
R000000026/3.580247/0277/R000000004/R000000027
R000000025/3.978053/0059/R000000026
R000000025/5.089163/0224/R000000026/R000000010
R000000024/4.420059/0260/R000000025
R000000023/4.911177/0197/R000000024
R000000021/9.739747/0301/R000000023/R000000018
R000000001/7.959492/0188/R000000021
Q000000002/Analysis Failed
Q000000003/Analysis Failed
<NEXT>