#
#  Reaction log file
#  Author: LigBuilder V3 User_Diana
#  Creation time: Thu Apr  9 21:15:50 2026
#  Format:
#  QueryMoleculeId/Cost/SynthesizeId/ReactantId1/ReactantId2/ReactantId3.....
#  Id prefix:
#  Q --- Query Molecule
#  M --- Material
#  R --- Reactant
#
Directory      result/synthesize_PfHDAC1/149/DATABASE/
#
Q000000001/9.500586/0000/R000000001
R000000006/1.000000/0000/Guesstimate
R000000007/1.000000/0000/Guesstimate
R000000008/1.000000/0000/Guesstimate
R000000005/3.333333/0225/R000000006/R000000007/R000000008
R000000005/3.333333/0225/R000000006/R000000007/R000000008
R000000004/3.703704/0197/R000000005
R000000009/1.000000/0000/Guesstimate
R000000003/5.226338/0112/R000000004/R000000009
R000000011/1.000000/0000/Guesstimate
R000000010/5.226338/0004/R000000004/R000000011
R000000003/5.807042/0009/R000000010
R000000014/1.000000/0000/Guesstimate
R000000015/1.000000/0000/Guesstimate
R000000013/2.222222/0276/R000000014/R000000015
R000000013/2.222222/0278/R000000014/R000000015
R000000012/2.469136/0276/R000000013
R000000016/2.222222/0276/R000000014/R000000015
R000000016/2.222222/0278/R000000014/R000000015
R000000012/2.469136/0276/R000000016
R000000002/8.550527/0301/R000000003/R000000012
R000000002/8.550527/0301/R000000003/R000000012
R000000001/9.500586/0059/R000000002
R000000019/1.000000/0000/Guesstimate
R000000018/5.226338/0004/R000000004/R000000019
R000000021/1.000000/0000/Guesstimate
R000000020/5.226338/0003/R000000004/R000000021
R000000022/1.000000/0000/Guesstimate
R000000020/6.918153/0049/R000000003/R000000022
R000000018/5.807042/0040/R000000020
R000000017/8.550527/0301/R000000018/R000000012
R000000017/8.550527/0301/R000000018/R000000012
R000000001/9.500586/0153/R000000017
Q000000002/9.500586/0000/R000000001
Q000000003/9.500586/0000/R000000001
<NEXT>