#
#  Reaction log file
#  Author: LigBuilder V3 User_Diana
#  Creation time: Thu Apr  9 21:14:49 2026
#  Format:
#  QueryMoleculeId/Cost/SynthesizeId/ReactantId1/ReactantId2/ReactantId3.....
#  Id prefix:
#  Q --- Query Molecule
#  M --- Material
#  R --- Reactant
#
Directory      result/synthesize_PfHDAC1/84/DATABASE/
#
Q000000001/3.978053/0000/R000000001
R000000004/1.000000/0000/Guesstimate
R000000005/1.000000/0000/Guesstimate
R000000003/2.222222/0004/R000000004/R000000005
R000000007/2.469136/0197/R000000003
R000000007/2.469136/0197/R000000003
R000000008/1.000000/0000/Guesstimate
R000000006/3.854596/0112/R000000007/R000000008
R000000010/1.000000/0000/Guesstimate
R000000009/3.854596/0122/R000000007/R000000010
R000000012/1.000000/0000/Guesstimate
R000000011/3.580247/0212/R000000003/R000000012
R000000014/1.000000/0000/Guesstimate
R000000013/3.854596/0003/R000000007/R000000014
M000000016/1.000000/0000/Sigma_BB-28721388
R000000015/3.580247/0212/R000000003/M000000016
R000000015/3.580247/0212/R000000003/M000000016
R000000013/3.978053/0009/R000000015
R000000011/4.282884/0041/R000000013
R000000009/3.978053/0139/R000000011
R000000006/4.282884/0082/R000000009
R000000003/4.282884/0040/R000000006
R000000017/1.000000/0000/Guesstimate
R000000002/3.580247/0003/R000000003/R000000017
R000000019/1.000000/0000/Guesstimate
R000000018/3.854596/0004/R000000007/R000000019
R000000021/1.000000/0000/Guesstimate
R000000020/3.854596/0277/R000000007/R000000021
R000000022/1.000000/0000/Guesstimate
R000000020/3.854596/0301/R000000007/R000000022
R000000018/4.282884/0024/R000000020
R000000025/1.000000/0000/Guesstimate
R000000024/2.222222/0004/R000000025/R000000017
R000000023/2.469136/0009/R000000024
R000000026/8.000000/0000/Guesstimate
R000000023/8.888889/0082/R000000026
R000000002/7.026369/0049/R000000018/R000000023
R000000001/3.978053/0099/R000000002
M000000030/1.000000/0000/Sigma_BB-28764950
R000000029/2.222222/0004/M000000030/R000000017
R000000028/2.469136/0197/R000000029
R000000027/5.212621/0212/R000000003/R000000028
R000000027/5.212621/0212/R000000003/R000000028
R000000001/5.791801/0028/R000000027
Q000000002/3.978053/0000/R000000001
Q000000003/3.978053/0000/R000000001
<NEXT>