#
#  Reaction log file
#  Author: LigBuilder V3 User_Diana
#  Creation time: Thu Apr  9 21:13:48 2026
#  Format:
#  QueryMoleculeId/Cost/SynthesizeId/ReactantId1/ReactantId2/ReactantId3.....
#  Id prefix:
#  Q --- Query Molecule
#  M --- Material
#  R --- Reactant
#
Directory      result/synthesize_PfHDAC1/45/DATABASE/
#
Q000000001/4.130468/0000/R000000001
R000000003/1.000000/0000/Guesstimate
R000000005/1.000000/0000/Guesstimate
R000000007/1.000000/0000/Guesstimate
R000000006/1.111111/0198/R000000007
R000000008/1.000000/0000/Guesstimate
R000000009/1.000000/0000/Guesstimate
R000000006/2.222222/0122/R000000008/R000000009
R000000004/2.345679/0003/R000000005/R000000006
M000000011/1.000000/0000/Sigma_BB-28778979
R000000010/2.345679/0003/M000000011/R000000006
M000000012/1.000000/0000/Sigma_BB-28779625
R000000010/2.345679/0277/M000000012/R000000006
R000000004/2.606310/0009/R000000010
R000000002/3.717421/0261/R000000003/R000000004
R000000015/1.000000/0000/Guesstimate
R000000014/2.222222/0003/R000000005/R000000015
R000000016/1.000000/0000/Guesstimate
R000000017/1.000000/0000/Guesstimate
R000000014/2.222222/0112/R000000016/R000000017
R000000013/3.580247/0261/R000000003/R000000014
R000000018/3.333333/0261/R000000003/R000000005/R000000015
R000000013/3.703704/0003/R000000018
R000000019/1.000000/0000/Guesstimate
R000000002/5.089163/0301/R000000013/R000000019
R000000001/4.130468/0099/R000000002
R000000023/1.000000/0000/Guesstimate
R000000024/1.000000/0000/Guesstimate
R000000022/2.222222/0001/R000000023/R000000024
R000000025/1.000000/0000/Guesstimate
R000000022/2.222222/0004/R000000023/R000000025
M000000027/1.000000/0000/Sigma_BB-28828989
R000000026/2.222222/0122/M000000027/R000000009
M000000028/1.000000/0000/Sigma_BB-34697964
R000000029/1.000000/0000/Guesstimate
R000000026/2.222222/0212/M000000028/R000000029
R000000021/4.938272/0274/R000000022/R000000026
R000000031/1.000000/0000/Guesstimate
R000000030/2.222222/0001/R000000031/R000000024
R000000030/2.222222/0004/R000000031/R000000025
M000000033/1.000000/0000/Sigma_BB-28775613
R000000032/2.222222/0122/M000000033/R000000009
R000000034/1.000000/0000/Guesstimate
M000000035/1.000000/0000/Sigma_BB-30582398
R000000032/2.222222/0212/R000000034/M000000035
R000000021/4.938272/0274/R000000030/R000000032
R000000020/6.598080/0119/R000000021/R000000003
R000000038/1.000000/0000/Guesstimate
R000000037/3.580247/0274/R000000038/R000000026
R000000039/1.000000/0000/Guesstimate
R000000037/3.580247/0274/R000000039/R000000032
R000000036/5.089163/0112/R000000037/R000000025
R000000041/1.000000/0000/Guesstimate
R000000040/4.691358/0261/R000000041/R000000016/R000000032
R000000042/1.000000/0000/Guesstimate
R000000036/6.323731/0112/R000000040/R000000042
R000000020/6.765737/0224/R000000036/R000000005
R000000001/7.331201/0122/R000000020
Q000000002/2.758726/0000/R000000043
M000000047/1.000000/0000/Sigma_BB-183933835
R000000046/1.111111/0155/M000000047
M000000048/1.000000/0000/Sigma_BB-30420120
R000000049/1.000000/0000/Guesstimate
R000000046/2.222222/0057/M000000048/R000000049
R000000045/1.234568/0239/R000000046
R000000050/1.111111/0239/M000000048
R000000045/2.345679/0057/R000000050/R000000049
R000000044/2.482853/0181/R000000045/R000000049
R000000051/2.345679/0181/R000000050/R000000049
R000000052/6.900000/0000/Guesstimate
R000000051/7.666667/0239/R000000052
R000000044/3.717421/0057/R000000051/R000000049
R000000043/2.758726/0044/R000000044
M000000055/1.000000/0000/Sigma_BB-48699270
R000000054/1.111111/0239/M000000055
R000000054/1.234568/0044/R000000050
R000000053/2.345679/0181/R000000054/R000000049
R000000053/2.606310/0044/R000000051
R000000043/3.717421/0057/R000000053/R000000049
Q000000003/2.758726/0000/R000000043
<NEXT>