#
#  Reaction log file
#  Author: LigBuilder V3 User_Diana
#  Creation time: Thu Apr  9 21:14:19 2026
#  Format:
#  QueryMoleculeId/Cost/SynthesizeId/ReactantId1/ReactantId2/ReactantId3.....
#  Id prefix:
#  Q --- Query Molecule
#  M --- Material
#  R --- Reactant
#
Directory      result/synthesize_PfHDAC1/64/DATABASE/
#
Q000000001/1.000000/0000/M000000001
M000000001/1.000000/0000/Sigma_BB-30474139
Q000000002/1.000000/0000/M000000001
Q000000003/6.181496/0000/R000000002
R000000008/1.000000/0000/Guesstimate
R000000007/1.111111/0228/R000000008
R000000007/1.111111/0286/R000000008
R000000009/1.000000/0000/Guesstimate
R000000006/2.345679/0224/R000000007/R000000009
R000000010/1.000000/0000/Guesstimate
R000000006/2.345679/0226/R000000007/R000000010
R000000005/2.606310/0147/R000000006
R000000012/1.000000/0000/Guesstimate
R000000011/2.345679/0224/R000000007/R000000012
R000000005/2.606310/0147/R000000011
R000000013/1.000000/0000/Guesstimate
R000000004/4.007011/0003/R000000005/R000000013
R000000015/1.000000/0000/Guesstimate
R000000014/4.007011/0277/R000000005/R000000015
R000000016/1.000000/0000/Guesstimate
R000000014/4.007011/0301/R000000005/R000000016
R000000004/4.452235/0079/R000000014
R000000017/1.000000/0000/Guesstimate
R000000003/5.563346/0012/R000000004/R000000017
R000000018/5.563346/0285/R000000014/R000000017
R000000003/6.181496/0079/R000000018
R000000002/6.181496/0059/R000000003
R000000021/3.717421/0003/R000000006/R000000013
R000000021/3.717421/0277/R000000006/R000000010
R000000020/5.241580/0012/R000000021/R000000017
R000000020/5.241580/0285/R000000021/R000000017
R000000019/5.823977/0059/R000000020
R000000023/5.823977/0147/R000000020
R000000022/6.471086/0293/R000000023
R000000019/7.190096/0156/R000000022
R000000002/6.471086/0147/R000000019
<NEXT>