#
#  Reaction log file
#  Author: LigBuilder V3 User_Diana
#  Creation time: Thu Apr  9 21:14:21 2026
#  Format:
#  QueryMoleculeId/Cost/SynthesizeId/ReactantId1/ReactantId2/ReactantId3.....
#  Id prefix:
#  Q --- Query Molecule
#  M --- Material
#  R --- Reactant
#
Directory      result/synthesize_PfHDAC1/57/DATABASE/
#
Q000000001/7.468375/0000/R000000001
R000000005/1.000000/0000/Guesstimate
M000000006/1.000000/0000/Sigma_BB-234767090
R000000004/2.222222/0224/R000000005/M000000006
R000000008/1.000000/0000/Guesstimate
R000000007/2.222222/0224/R000000008/M000000006
R000000010/1.000000/0000/Guesstimate
R000000009/2.222222/0224/R000000010/M000000006
R000000011/1.000000/0000/Guesstimate
R000000007/3.580247/0018/R000000009/R000000011
R000000004/2.469136/0257/R000000007
R000000012/1.000000/0000/Guesstimate
R000000003/3.580247/0004/R000000004/R000000012
R000000014/1.000000/0000/Guesstimate
R000000013/3.580247/0003/R000000004/R000000014
M000000016/1.000000/0000/Sigma_BB-187206312
R000000015/2.222222/0224/R000000005/M000000016
R000000017/1.000000/0000/Guesstimate
R000000013/3.580247/0112/R000000015/R000000017
R000000003/3.978053/0040/R000000013
R000000020/1.000000/0000/Guesstimate
R000000021/1.000000/0000/Guesstimate
R000000019/2.222222/0274/R000000020/R000000021
R000000022/1.000000/0000/Guesstimate
R000000019/3.333333/0261/R000000011/R000000021/R000000022
R000000018/2.469136/0024/R000000019
R000000024/1.000000/0000/Guesstimate
R000000023/2.222222/0274/R000000024/R000000021
R000000018/2.469136/0040/R000000023
R000000002/6.721537/0212/R000000003/R000000018
R000000002/6.721537/0212/R000000003/R000000018
R000000001/7.468375/0041/R000000002
R000000026/3.580247/0004/R000000009/R000000012
R000000027/3.580247/0003/R000000009/R000000014
R000000026/3.978053/0040/R000000027
R000000025/6.721537/0212/R000000026/R000000018
R000000025/6.721537/0212/R000000026/R000000018
R000000001/8.579486/0018/R000000025/R000000011
Q000000002/5.531170/0000/R000000028
R000000032/1.000000/0000/Guesstimate
R000000033/1.000000/0000/Guesstimate
R000000031/2.222222/0170/R000000032/R000000033
R000000034/1.000000/0000/Guesstimate
R000000035/1.000000/0000/Guesstimate
R000000031/2.222222/0170/R000000034/R000000035
R000000036/1.000000/0000/Guesstimate
R000000030/3.580247/0003/R000000031/R000000036
M000000038/1.000000/0000/Sigma_BB-28422292
R000000037/2.222222/0170/R000000034/M000000038
R000000039/1.000000/0000/Guesstimate
R000000030/3.580247/0049/R000000037/R000000039
R000000029/3.978053/0099/R000000030
R000000042/1.000000/0000/Guesstimate
R000000041/2.222222/0170/R000000032/R000000042
R000000043/1.000000/0000/Guesstimate
R000000041/2.222222/0170/R000000034/R000000043
R000000044/1.000000/0000/Guesstimate
R000000040/3.580247/0003/R000000041/R000000044
R000000045/2.469136/0118/R000000041
R000000045/3.580247/0112/R000000041/R000000017
R000000047/1.000000/0000/Guesstimate
R000000046/1.111111/0040/R000000047
R000000048/1.000000/0000/Guesstimate
R000000046/2.222222/0004/R000000048/R000000036
R000000040/3.978053/0049/R000000045/R000000046
R000000029/3.978053/0099/R000000040
R000000028/5.531170/0018/R000000029/R000000011
R000000052/1.000000/0000/Guesstimate
R000000053/1.000000/0000/Guesstimate
R000000051/2.222222/0170/R000000052/R000000053
R000000054/1.000000/0000/Guesstimate
R000000051/2.222222/0170/R000000054/R000000048
R000000055/1.000000/0000/Guesstimate
R000000050/3.580247/0004/R000000051/R000000055
R000000050/3.580247/0018/R000000031/R000000011
M000000058/1.000000/0000/Sigma_BB-28764950
R000000057/1.111111/0085/M000000058
R000000056/2.345679/0212/R000000057/R000000044
R000000056/2.345679/0212/R000000057/R000000044
R000000049/6.584363/0212/R000000050/R000000056
R000000049/6.584363/0212/R000000050/R000000056
R000000028/7.315958/0028/R000000049
Q000000003/5.531170/0000/R000000028
Q000000004/2.895900/0000/R000000059
M000000063/1.000000/0000/Sigma_BB-34690523
R000000062/1.111111/0044/M000000063
R000000064/1.000000/0000/Guesstimate
R000000061/2.345679/0274/R000000062/R000000064
R000000065/2.222222/0274/M000000063/R000000064
R000000061/2.469136/0044/R000000065
R000000060/2.606310/0039/R000000061
R000000066/2.469136/0039/R000000065
R000000067/2.222222/0274/M000000063/R000000048
R000000066/3.580247/0119/R000000067/R000000022
R000000060/2.743484/0044/R000000066
R000000059/2.895900/0024/R000000060
M000000071/1.000000/0000/Sigma_BB-28777622
R000000070/2.345679/0274/R000000062/M000000071
R000000074/1.000000/0000/Guesstimate
R000000073/2.222222/0274/M000000063/R000000074
R000000072/2.469136/0044/R000000073
R000000076/1.000000/0000/Guesstimate
R000000075/2.345679/0274/R000000062/R000000076
R000000072/2.606310/0155/R000000075
R000000077/1.000000/0000/Guesstimate
R000000070/3.854596/0112/R000000072/R000000077
R000000069/2.606310/0197/R000000070
R000000078/2.469136/0086/R000000067
R000000078/2.469136/0091/R000000067
R000000069/2.743484/0044/R000000078
R000000080/1.000000/0000/Guesstimate
R000000079/1.111111/0287/R000000080
R000000081/7.400000/0000/Guesstimate
R000000079/8.222222/0197/R000000081
R000000068/4.130468/0112/R000000069/R000000079
R000000083/2.222222/0174/R000000077/R000000080
R000000083/2.222222/0289/R000000077/R000000080
R000000082/2.469136/0197/R000000083
R000000082/8.222222/0091/R000000081
R000000068/5.486969/0112/R000000072/R000000082
R000000059/4.589409/0025/R000000068
<NEXT>