#
#  Reaction log file
#  Author: LigBuilder V3 User_Diana
#  Creation time: Thu Apr  9 21:19:48 2026
#  Format:
#  QueryMoleculeId/Cost/SynthesizeId/ReactantId1/ReactantId2/ReactantId3.....
#  Id prefix:
#  Q --- Query Molecule
#  M --- Material
#  R --- Reactant
#
Directory      result/synthesize_PfHDAC1/298/DATABASE/
#
Q000000001/7.620790/0000/R000000001
R000000005/1.000000/0000/Guesstimate
R000000006/1.000000/0000/Guesstimate
R000000004/2.222222/0003/R000000005/R000000006
R000000007/1.000000/0000/Guesstimate
R000000008/1.000000/0000/Guesstimate
R000000004/2.222222/0003/R000000007/R000000008
R000000010/1.000000/0000/Guesstimate
R000000009/1.111111/0125/R000000010
R000000009/2.222222/0112/R000000008/R000000010
R000000003/3.703704/0159/R000000004/R000000009
R000000012/1.000000/0000/Guesstimate
R000000011/2.345679/0159/R000000012/R000000009
R000000013/2.606310/0059/R000000011
R000000014/9.000000/0000/Guesstimate
R000000013/10.000000/0156/R000000014
R000000011/9.666667/0260/R000000013
R000000015/1.000000/0000/Guesstimate
R000000003/3.717421/0175/R000000011/R000000015
R000000018/1.000000/0000/Guesstimate
M000000019/1.000000/0000/Sigma_BB-187143765
R000000017/2.222222/0277/R000000018/M000000019
R000000016/2.469136/0188/R000000017
R000000016/9.300000/0090/R000000020
R000000002/6.858711/0122/R000000003/R000000016
R000000002/6.858711/0122/R000000003/R000000016
R000000001/7.620790/0059/R000000002
R000000023/1.000000/0000/Guesstimate
R000000022/4.007011/0174/R000000013/R000000023
R000000024/3.717421/0174/R000000011/R000000023
R000000024/3.717421/0289/R000000011/R000000023
R000000022/4.130468/0059/R000000024
R000000021/7.195720/0277/R000000022/R000000016
R000000027/1.000000/0000/Guesstimate
R000000026/3.854596/0004/R000000027/R000000016
R000000028/1.000000/0000/Guesstimate
R000000029/1.000000/0000/Guesstimate
R000000026/4.965707/0225/R000000016/R000000028/R000000029
R000000025/4.282884/0086/R000000026
R000000025/4.282884/0091/R000000026
R000000021/7.654661/0174/R000000013/R000000025
R000000001/7.995245/0099/R000000021
Q000000002/7.620790/0000/R000000001
Q000000003/7.620790/0000/R000000001
Q000000004/7.620790/0000/R000000001
<NEXT>