#
#  Reaction log file
#  Author: LigBuilder V3 User_Diana
#  Creation time: Thu Apr  9 21:17:47 2026
#  Format:
#  QueryMoleculeId/Cost/SynthesizeId/ReactantId1/ReactantId2/ReactantId3.....
#  Id prefix:
#  Q --- Query Molecule
#  M --- Material
#  R --- Reactant
#
Directory      result/synthesize_PfHDAC1/214/DATABASE/
#
Q000000001/5.807042/0000/R000000001
R000000005/1.000000/0000/Guesstimate
R000000006/1.000000/0000/Guesstimate
M000000007/1.000000/0000/Sigma_BB-28775613
R000000004/3.333333/0261/R000000005/R000000006/M000000007
R000000003/3.703704/0122/R000000004
R000000008/1.000000/0000/Guesstimate
R000000002/5.226338/0274/R000000003/R000000008
R000000001/5.807042/0024/R000000002
M000000012/1.000000/0000/Sigma_BB-28484450
R000000011/3.333333/0261/M000000012/R000000006/M000000007
R000000010/3.703704/0122/R000000011
R000000009/5.226338/0274/R000000010/R000000008
R000000001/5.807042/0073/R000000009
Q000000002/4.420059/0000/R000000013
R000000016/1.000000/0000/Guesstimate
R000000018/1.000000/0000/Guesstimate
R000000019/1.000000/0000/Guesstimate
R000000017/2.222222/0003/R000000018/R000000019
R000000020/1.000000/0000/Guesstimate
R000000017/2.222222/0277/R000000020/R000000019
R000000015/3.580247/0261/R000000016/R000000017
R000000022/1.000000/0000/Guesstimate
R000000021/3.580247/0261/R000000022/R000000017
R000000015/3.978053/0283/R000000021
R000000014/3.978053/0099/R000000015
R000000024/2.469136/0059/R000000017
R000000025/1.000000/0000/Guesstimate
R000000024/3.580247/0224/R000000017/R000000025
R000000023/3.854596/0261/R000000016/R000000024
R000000026/3.854596/0261/R000000022/R000000024
R000000023/4.282884/0283/R000000026
R000000014/4.282884/0188/R000000023
R000000013/4.420059/0040/R000000014
R000000030/1.000000/0000/Guesstimate
R000000029/3.580247/0261/R000000030/R000000017
R000000028/3.978053/0099/R000000029
R000000031/4.420059/0041/R000000014
R000000031/4.420059/0233/R000000014
R000000028/4.911177/0155/R000000031
R000000032/1.000000/0000/Guesstimate
R000000027/5.531170/0004/R000000028/R000000032
R000000033/1.000000/0000/Guesstimate
R000000034/1.000000/0000/Guesstimate
R000000027/6.642281/0225/R000000028/R000000033/R000000034
R000000013/6.145744/0073/R000000027
Q000000003/4.420059/0000/R000000013
<NEXT>