#
#  Reaction log file
#  Author: LigBuilder V3 User_Diana
#  Creation time: Thu Apr  9 21:16:04 2026
#  Format:
#  QueryMoleculeId/Cost/SynthesizeId/ReactantId1/ReactantId2/ReactantId3.....
#  Id prefix:
#  Q --- Query Molecule
#  M --- Material
#  R --- Reactant
#
Directory      result/synthesize_PfHDAC1/168/DATABASE/
#
Q000000001/5.791801/0000/R000000001
M000000004/1.000000/0000/Sigma_BB-150877455
R000000005/1.000000/0000/Guesstimate
R000000003/2.222222/0224/M000000004/R000000005
R000000007/1.000000/0000/Guesstimate
R000000006/2.222222/0224/M000000004/R000000007
R000000003/2.469136/0024/R000000006
M000000010/1.000000/0000/Sigma_BB-28800498
R000000011/1.000000/0000/Guesstimate
R000000009/2.222222/0274/M000000010/R000000011
R000000012/1.000000/0000/Guesstimate
R000000013/1.000000/0000/Guesstimate
R000000009/3.333333/0261/M000000010/R000000012/R000000013
R000000008/2.469136/0024/R000000009
R000000015/1.000000/0000/Guesstimate
R000000014/2.222222/0274/M000000010/R000000015
R000000016/1.000000/0000/Guesstimate
R000000014/2.222222/0282/M000000010/R000000016
R000000008/2.469136/0040/R000000014
R000000002/5.212621/0212/R000000003/R000000008
R000000018/2.222222/0224/M000000004/R000000015
R000000020/1.000000/0000/Guesstimate
R000000021/1.000000/0000/Guesstimate
R000000019/2.222222/0012/R000000020/R000000021
R000000022/1.000000/0000/Guesstimate
R000000023/1.000000/0000/Guesstimate
R000000019/2.222222/0112/R000000022/R000000023
R000000017/4.938272/0274/R000000018/R000000019
R000000025/1.000000/0000/Guesstimate
R000000024/3.580247/0274/R000000018/R000000025
R000000026/1.000000/0000/Guesstimate
R000000017/5.089163/0279/R000000024/R000000026
R000000027/1.000000/0000/Guesstimate
R000000002/6.598080/0159/R000000017/R000000027
R000000001/5.791801/0041/R000000002
M000000031/1.000000/0000/Sigma_BB-30668744
R000000030/2.222222/0224/M000000031/R000000005
R000000030/2.469136/0041/R000000003
R000000033/1.000000/0000/Guesstimate
R000000032/2.222222/0274/R000000020/R000000033
R000000029/4.938272/0212/R000000030/R000000032
R000000029/4.938272/0212/R000000030/R000000032
R000000028/6.598080/0012/R000000029/R000000021
R000000036/1.000000/0000/Guesstimate
R000000035/3.580247/0285/R000000032/R000000036
R000000034/6.447188/0212/R000000030/R000000035
R000000034/6.447188/0212/R000000030/R000000035
R000000037/1.000000/0000/Guesstimate
R000000028/8.274654/0112/R000000034/R000000037
R000000001/8.442311/0159/R000000028/R000000027
Q000000002/5.791801/0000/R000000001
Q000000003/5.791801/0000/R000000001
<NEXT>