#
#  Reaction log file
#  Author: LigBuilder V3 User_Diana
#  Creation time: Thu Apr  9 21:19:32 2026
#  Format:
#  QueryMoleculeId/Cost/SynthesizeId/ReactantId1/ReactantId2/ReactantId3.....
#  Id prefix:
#  Q --- Query Molecule
#  M --- Material
#  R --- Reactant
#
Directory      result/synthesize_PfHDAC1/295/DATABASE/
#
Q000000001/4.282884/0000/R000000001
M000000005/1.000000/0000/Sigma_BB-28758302
R000000006/1.000000/0000/Guesstimate
R000000004/2.222222/0231/M000000005/R000000006
M000000007/1.000000/0000/Sigma_BB-28839435
R000000004/2.222222/0279/M000000007/R000000006
R000000003/2.469136/0039/R000000004
M000000009/1.000000/0000/Sigma_BB-28760247
R000000010/1.000000/0000/Guesstimate
R000000008/2.222222/0003/M000000009/R000000010
M000000011/1.000000/0000/Sigma_BB-28766566
R000000012/1.000000/0000/Guesstimate
R000000008/2.222222/0138/M000000011/R000000012
R000000003/2.469136/0099/R000000008
R000000013/1.000000/0000/Guesstimate
R000000002/3.854596/0163/R000000003/R000000013
R000000016/1.000000/0000/Guesstimate
R000000015/1.111111/0054/R000000016
R000000017/1.000000/0000/Guesstimate
R000000018/1.000000/0000/Guesstimate
R000000015/2.222222/0004/R000000017/R000000018
R000000014/1.234568/0009/R000000015
R000000019/1.000000/0000/Guesstimate
R000000014/2.222222/0049/R000000016/R000000019
R000000002/4.115227/0148/R000000003/R000000014
R000000001/4.282884/0024/R000000002
M000000023/1.000000/0000/Sigma_BB-27187540
R000000022/1.111111/0197/M000000023
R000000024/1.000000/0000/Guesstimate
R000000022/2.222222/0231/M000000005/R000000024
R000000021/2.345679/0163/R000000022/R000000013
R000000021/2.606310/0148/R000000022/R000000014
R000000027/1.000000/0000/Guesstimate
R000000028/1.000000/0000/Guesstimate
R000000026/2.222222/0174/R000000027/R000000028
R000000026/2.222222/0289/R000000027/R000000028
R000000025/2.469136/0197/R000000026
R000000029/7.400000/0000/Guesstimate
R000000025/8.222222/0091/R000000029
R000000020/5.349795/0112/R000000021/R000000025
R000000031/2.222222/0163/M000000007/R000000013
R000000031/2.482853/0148/M000000007/R000000014
R000000030/2.469136/0082/R000000031
M000000033/1.000000/0000/Sigma_BB-187814628
R000000032/2.222222/0163/M000000033/R000000013
R000000032/2.482853/0148/M000000033/R000000014
R000000034/1.000000/0000/Guesstimate
R000000030/3.580247/0112/R000000032/R000000034
R000000035/6.888889/0082/R000000036
R000000037/1.000000/0000/Guesstimate
R000000035/9.888888/0112/R000000037/R000000025
R000000020/9.358025/0012/R000000030/R000000035
R000000001/5.944217/0025/R000000020
Q000000002/4.282884/0000/R000000001
Q000000003/4.282884/0000/R000000001
Q000000004/2.758726/0000/R000000038
M000000042/1.000000/0000/Sigma_BB-30447546
R000000041/1.111111/0299/M000000042
R000000040/1.234568/0299/R000000041
R000000043/1.111111/0299/M000000042
R000000040/1.234568/0299/R000000043
R000000044/1.000000/0000/Guesstimate
R000000039/2.482853/0263/R000000040/R000000044
R000000038/2.758726/0153/R000000039
R000000047/1.234568/0086/R000000043
R000000047/1.234568/0091/R000000043
R000000046/1.371742/0299/R000000047
R000000049/1.000000/0000/Guesstimate
R000000048/2.482853/0212/R000000040/R000000049
R000000048/2.482853/0212/R000000040/R000000049
R000000046/2.758726/0260/R000000048
R000000045/2.635269/0263/R000000046/R000000044
R000000038/2.928077/0154/R000000045
<NEXT>