#
#  Reaction log file
#  Author: LigBuilder V3 User_Diana
#  Creation time: Thu Apr  9 21:13:59 2026
#  Format:
#  QueryMoleculeId/Cost/SynthesizeId/ReactantId1/ReactantId2/ReactantId3.....
#  Id prefix:
#  Q --- Query Molecule
#  M --- Material
#  R --- Reactant
#
Directory      result/synthesize_PfHDAC1/76/DATABASE/
#
Q000000001/5.639385/0000/R000000001
R000000004/1.000000/0000/Guesstimate
R000000005/1.000000/0000/Guesstimate
R000000003/2.222222/0004/R000000004/R000000005
R000000007/1.000000/0000/Guesstimate
R000000006/2.222222/0004/R000000004/R000000007
R000000008/1.000000/0000/Guesstimate
R000000009/1.000000/0000/Guesstimate
R000000006/3.333333/0225/R000000004/R000000008/R000000009
R000000003/2.469136/0045/R000000006
M000000012/1.000000/0000/Sigma_BB-28764950
R000000011/1.111111/0085/M000000012
R000000013/1.000000/0000/Guesstimate
R000000010/2.345679/0212/R000000011/R000000013
R000000015/1.000000/0000/Guesstimate
R000000014/2.222222/0004/M000000012/R000000015
R000000014/2.222222/0277/M000000012/R000000015
R000000010/2.469136/0197/R000000014
R000000002/5.075447/0212/R000000003/R000000010
R000000002/5.075447/0212/R000000003/R000000010
R000000001/5.639385/0028/R000000002
R000000018/2.222222/0212/M000000012/R000000013
R000000018/2.222222/0212/M000000012/R000000013
R000000017/2.469136/0085/R000000018
R000000020/1.000000/0000/Guesstimate
R000000019/3.580247/0004/R000000018/R000000020
R000000017/3.978053/0197/R000000019
R000000016/5.212621/0212/R000000003/R000000017
R000000016/5.212621/0212/R000000003/R000000017
R000000001/5.791801/0028/R000000016
Q000000002/4.420059/0000/R000000021
R000000025/1.000000/0000/Guesstimate
R000000024/2.222222/0112/R000000004/R000000025
R000000026/1.000000/0000/Guesstimate
R000000023/3.580247/0012/R000000024/R000000026
R000000028/2.469136/0197/R000000003
R000000030/1.000000/0000/Guesstimate
R000000029/2.222222/0004/R000000004/R000000030
R000000028/2.469136/0153/R000000029
R000000027/2.743484/0260/R000000028
R000000031/1.000000/0000/Guesstimate
R000000023/4.159427/0112/R000000027/R000000031
R000000022/3.978053/0059/R000000023
R000000033/1.000000/0000/Guesstimate
R000000032/3.854596/0122/R000000028/R000000033
R000000035/1.000000/0000/Guesstimate
R000000034/3.580247/0003/R000000003/R000000035
R000000032/3.978053/0099/R000000034
R000000022/4.282884/0039/R000000032
R000000021/4.420059/0024/R000000022
R000000038/1.000000/0000/Guesstimate
R000000040/1.000000/0000/Guesstimate
R000000039/1.111111/0287/R000000040
R000000037/2.345679/0112/R000000038/R000000039
R000000037/9.600000/0082/R000000041
R000000036/5.349795/0095/R000000028/R000000037
R000000044/1.000000/0000/Guesstimate
R000000043/2.222222/0112/R000000004/R000000044
R000000045/1.000000/0000/Guesstimate
R000000043/4.159427/0112/R000000027/R000000045
R000000042/2.469136/0059/R000000043
R000000046/1.000000/0000/Guesstimate
R000000042/3.854596/0122/R000000028/R000000046
R000000049/1.000000/0000/Guesstimate
R000000048/2.222222/0174/R000000049/R000000040
R000000048/2.345679/0112/R000000049/R000000039
R000000047/2.469136/0197/R000000048
R000000050/7.400000/0000/Guesstimate
R000000047/8.222222/0091/R000000050
R000000036/5.486969/0112/R000000042/R000000047
R000000021/5.944217/0025/R000000036
Q000000003/4.420059/0000/R000000021
<NEXT>