#
#  Reaction log file
#  Author: LigBuilder V3 User_Diana
#  Creation time: Thu Apr  9 21:19:40 2026
#  Format:
#  QueryMoleculeId/Cost/SynthesizeId/ReactantId1/ReactantId2/ReactantId3.....
#  Id prefix:
#  Q --- Query Molecule
#  M --- Material
#  R --- Reactant
#
Directory      result/synthesize_PfHDAC1/285/DATABASE/
#
Q000000001/6.096632/0000/R000000001
R000000005/1.000000/0000/Guesstimate
R000000006/1.000000/0000/Guesstimate
R000000004/2.222222/0004/R000000005/R000000006
R000000003/2.469136/0087/R000000004
R000000009/1.000000/0000/Guesstimate
R000000010/1.000000/0000/Guesstimate
R000000008/2.222222/0301/R000000009/R000000010
R000000008/2.222222/0301/R000000009/R000000010
R000000007/2.469136/0274/R000000008
R000000011/2.222222/0274/R000000009/R000000010
R000000007/2.469136/0301/R000000011
R000000002/5.486969/0112/R000000003/R000000007
R000000001/6.096632/0147/R000000002
R000000015/1.000000/0000/Guesstimate
R000000014/3.580247/0001/R000000004/R000000015
R000000016/1.000000/0000/Guesstimate
R000000014/3.580247/0141/R000000004/R000000016
R000000013/3.978053/0040/R000000014
R000000018/1.000000/0000/Guesstimate
R000000017/3.854596/0004/R000000018/R000000007
R000000019/3.854596/0003/R000000007/R000000015
R000000017/4.282884/0040/R000000019
R000000012/8.702943/0212/R000000013/R000000017
R000000012/8.702943/0212/R000000013/R000000017
R000000001/9.669937/0197/R000000012
Q000000002/6.096632/0000/R000000001
Q000000003/6.096632/0000/R000000001
<NEXT>