#
#  Reaction log file
#  Author: LigBuilder V3 User_Diana
#  Creation time: Thu Apr  9 21:19:50 2026
#  Format:
#  QueryMoleculeId/Cost/SynthesizeId/ReactantId1/ReactantId2/ReactantId3.....
#  Id prefix:
#  Q --- Query Molecule
#  M --- Material
#  R --- Reactant
#
Directory      result/synthesize_PfHDAC1/293/DATABASE/
#
Q000000001/7.468375/0000/R000000001
R000000005/1.000000/0000/Guesstimate
R000000006/1.000000/0000/Guesstimate
R000000004/2.222222/0004/R000000005/R000000006
R000000003/2.469136/0085/R000000004
R000000003/2.469136/0085/R000000004
R000000009/1.000000/0000/Guesstimate
M000000010/1.000000/0000/Sigma_BB-28756674
R000000008/2.222222/0001/R000000009/M000000010
M000000011/1.000000/0000/Sigma_BB-28247348
R000000012/1.000000/0000/Guesstimate
R000000008/2.222222/0003/M000000011/R000000012
R000000013/1.000000/0000/Guesstimate
R000000007/3.580247/0061/R000000008/R000000013
R000000014/1.000000/0000/Guesstimate
R000000007/3.580247/0062/R000000008/R000000014
R000000002/6.721537/0212/R000000003/R000000007
R000000018/2.743484/0093/R000000003
R000000019/2.743484/0197/R000000003
R000000018/4.159427/0004/R000000019/R000000009
R000000017/4.159427/0001/R000000018/R000000009
R000000017/4.159427/0003/R000000019/M000000011
R000000016/5.732697/0063/R000000017/R000000013
R000000022/1.000000/0000/Guesstimate
R000000021/4.159427/0003/R000000019/R000000022
R000000023/1.000000/0000/Guesstimate
R000000021/4.159427/0003/R000000018/R000000023
R000000020/5.732697/0061/R000000021/R000000013
R000000020/5.732697/0062/R000000021/R000000014
R000000016/6.369664/0040/R000000020
R000000015/6.369664/0197/R000000016
R000000002/8.188516/0112/R000000015/R000000012
R000000001/7.468375/0153/R000000002
R000000024/1.000000/0000/Guesstimate
R000000001/7.480775/0119/R000000016/R000000024
Q000000002/4.130468/0000/R000000025
M000000029/1.000000/0000/Sigma_BB-35143599
R000000028/1.111111/0299/M000000029
M000000030/1.000000/0000/Sigma_BB-30431413
R000000031/1.000000/0000/Guesstimate
R000000028/2.222222/0274/M000000030/R000000031
R000000032/1.000000/0000/Guesstimate
R000000027/2.345679/0174/R000000028/R000000032
R000000033/1.000000/0000/Guesstimate
R000000035/1.000000/0000/Guesstimate
R000000036/1.000000/0000/Guesstimate
R000000034/2.222222/0012/R000000035/R000000036
R000000034/2.222222/0285/R000000035/R000000036
R000000027/3.580247/0159/R000000033/R000000034
R000000037/1.000000/0000/Guesstimate
R000000026/3.717421/0224/R000000027/R000000037
R000000039/2.222222/0174/M000000030/R000000032
R000000039/2.222222/0289/M000000030/R000000032
R000000038/3.580247/0224/R000000039/R000000037
R000000041/1.000000/0000/Guesstimate
R000000040/3.580247/0224/R000000039/R000000041
R000000038/3.978053/0300/R000000040
R000000026/5.089163/0274/R000000038/R000000031
R000000025/4.130468/0013/R000000026
R000000044/2.606310/0287/R000000027
R000000045/1.000000/0000/Guesstimate
R000000044/3.580247/0159/R000000045/R000000034
R000000043/4.007011/0224/R000000044/R000000037
R000000046/3.978053/0287/R000000038
R000000043/5.531170/0274/R000000046/R000000031
R000000042/4.452235/0125/R000000043
R000000042/5.563346/0112/R000000043/R000000023
R000000025/4.946928/0041/R000000042
Q000000003/4.420059/0000/R000000047
R000000050/2.222222/0174/M000000029/R000000032
R000000051/1.000000/0000/Guesstimate
R000000050/3.580247/0159/R000000051/R000000034
R000000049/3.580247/0224/R000000050/R000000037
R000000048/3.978053/0125/R000000049
R000000048/5.089163/0112/R000000049/R000000023
R000000047/4.420059/0041/R000000048
R000000054/2.469136/0125/R000000050
R000000054/3.580247/0112/R000000050/R000000023
R000000053/2.743484/0059/R000000054
R000000056/1.000000/0000/Guesstimate
R000000055/2.222222/0112/R000000051/R000000056
M000000057/1.000000/0000/Sigma_BB-28779625
R000000058/1.000000/0000/Guesstimate
R000000055/2.222222/0212/M000000057/R000000058
R000000060/1.000000/0000/Guesstimate
R000000059/2.222222/0012/R000000060/R000000036
R000000059/2.222222/0285/R000000060/R000000036
R000000053/4.938272/0159/R000000055/R000000059
R000000052/3.048316/0041/R000000053
R000000061/2.743484/0041/R000000054
R000000063/1.000000/0000/Guesstimate
R000000062/2.222222/0012/R000000035/R000000063
R000000064/1.000000/0000/Guesstimate
R000000065/1.000000/0000/Guesstimate
R000000062/2.222222/0279/R000000064/R000000065
R000000066/1.000000/0000/Guesstimate
R000000061/3.580247/0159/R000000062/R000000066
R000000052/3.048316/0059/R000000061
R000000067/1.000000/0000/Guesstimate
R000000047/4.498129/0170/R000000052/R000000067
<NEXT>