#
#  Reaction log file
#  Author: LigBuilder V3 User_Diana
#  Creation time: Thu Apr  9 21:14:27 2026
#  Format:
#  QueryMoleculeId/Cost/SynthesizeId/ReactantId1/ReactantId2/ReactantId3.....
#  Id prefix:
#  Q --- Query Molecule
#  M --- Material
#  R --- Reactant
#
Directory      result/synthesize_PfHDAC1/101/DATABASE/
#
Q000000001/3.869837/0000/R000000001
M000000005/1.000000/0000/Sigma_BB-31111345
R000000004/1.111111/0082/M000000005
R000000006/1.000000/0000/Guesstimate
R000000007/1.000000/0000/Guesstimate
R000000004/2.222222/0112/R000000006/R000000007
R000000003/1.234568/0059/R000000004
R000000009/1.000000/0000/Guesstimate
R000000008/2.222222/0004/R000000006/R000000009
R000000010/1.000000/0000/Guesstimate
R000000011/1.000000/0000/Guesstimate
R000000008/2.222222/0170/R000000010/R000000011
R000000003/2.469136/0153/R000000008
R000000012/1.000000/0000/Guesstimate
R000000002/2.482853/0170/R000000003/R000000012
R000000014/1.234568/0041/R000000004
R000000015/1.000000/0000/Guesstimate
R000000014/2.222222/0170/R000000010/R000000015
R000000013/1.371742/0155/R000000014
R000000016/1.000000/0000/Guesstimate
R000000013/2.222222/0170/R000000010/R000000016
R000000017/1.000000/0000/Guesstimate
R000000002/2.635269/0170/R000000013/R000000017
R000000018/1.000000/0000/Guesstimate
R000000001/3.869837/0018/R000000002/R000000018
R000000022/1.000000/0000/Guesstimate
R000000023/1.000000/0000/Guesstimate
R000000021/2.222222/0170/R000000022/R000000023
R000000024/1.000000/0000/Guesstimate
R000000021/2.222222/0170/R000000024/R000000016
R000000020/3.580247/0170/R000000021/R000000012
R000000025/2.222222/0170/R000000022/R000000016
R000000026/1.000000/0000/Guesstimate
R000000025/2.222222/0170/R000000024/R000000026
R000000020/3.580247/0170/R000000025/R000000017
R000000019/3.978053/0082/R000000020
R000000029/1.000000/0000/Guesstimate
R000000028/1.111111/0125/R000000029
R000000028/2.222222/0112/R000000029/R000000007
R000000030/2.222222/0170/R000000023/R000000012
R000000030/2.222222/0170/R000000016/R000000017
R000000027/3.703704/0224/R000000028/R000000030
R000000032/1.000000/0000/Guesstimate
R000000031/2.345679/0224/R000000028/R000000032
R000000033/1.000000/0000/Guesstimate
R000000027/3.717421/0301/R000000031/R000000033
R000000019/4.115227/0079/R000000027
R000000001/4.420059/0041/R000000019
Q000000002/Analysis Failed
Q000000003/4.115227/0000/R000000034
M000000037/1.000000/0000/Sigma_BB-28827072
R000000038/1.000000/0000/Guesstimate
R000000036/2.222222/0004/M000000037/R000000038
M000000040/1.000000/0000/Sigma_BB-238454252
R000000039/2.222222/0004/M000000040/R000000038
M000000041/1.000000/0000/Sigma_BB-30479921
R000000039/2.222222/0174/M000000041/R000000007
R000000036/2.469136/0059/R000000039
M000000043/1.000000/0000/Sigma_BB-28114709
R000000042/1.111111/0009/M000000043
R000000046/1.000000/0000/Guesstimate
R000000045/2.222222/0274/R000000038/R000000046
R000000044/2.469136/0086/R000000045
R000000044/2.469136/0091/R000000045
R000000042/2.743484/0079/R000000044
R000000035/3.703704/0049/R000000036/R000000042
M000000049/1.000000/0000/Sigma_BB-152436819
R000000048/1.111111/0287/M000000049
R000000047/1.234568/0024/R000000048
R000000050/1.111111/0125/M000000037
R000000050/2.222222/0112/M000000037/R000000007
R000000047/1.234568/0040/R000000050
R000000052/1.000000/0000/Guesstimate
R000000051/2.222222/0274/R000000052/R000000046
R000000054/1.000000/0000/Guesstimate
R000000053/2.222222/0274/R000000054/R000000046
R000000051/2.469136/0155/R000000053
R000000035/3.840878/0003/R000000047/R000000051
R000000034/4.115227/0099/R000000035
R000000057/1.000000/0000/Guesstimate
R000000056/2.222222/0003/M000000040/R000000057
M000000059/1.000000/0000/Sigma_BB-28395867
R000000058/2.222222/0003/M000000059/R000000057
M000000060/1.000000/0000/Sigma_BB-243423340
R000000061/1.000000/0000/Guesstimate
R000000058/2.222222/0004/M000000060/R000000061
R000000056/2.469136/0009/R000000058
R000000055/4.938272/0122/R000000056/R000000051
R000000062/3.580247/0122/M000000060/R000000051
R000000062/3.580247/0122/M000000060/R000000051
R000000055/5.089163/0112/R000000062/R000000007
R000000034/5.486969/0059/R000000055
<NEXT>