#
#  Reaction log file
#  Author: LigBuilder V3 User_Diana
#  Creation time: Thu Apr  9 21:16:52 2026
#  Format:
#  QueryMoleculeId/Cost/SynthesizeId/ReactantId1/ReactantId2/ReactantId3.....
#  Id prefix:
#  Q --- Query Molecule
#  M --- Material
#  R --- Reactant
#
Directory      result/synthesize_PfHDAC1/193/DATABASE/
#
Q000000001/Analysis Failed
Q000000002/Analysis Failed
Q000000003/7.959493/0000/R000000001
R000000005/1.000000/0000/Guesstimate
R000000006/1.000000/0000/Guesstimate
R000000004/2.222222/0122/R000000005/R000000006
R000000008/1.000000/0000/Guesstimate
R000000009/1.000000/0000/Guesstimate
R000000007/2.222222/0004/R000000008/R000000009
R000000011/1.000000/0000/Guesstimate
R000000010/1.111111/0040/R000000011
R000000010/1.111111/0085/R000000008
R000000007/2.345679/0122/R000000010/R000000006
R000000004/2.469136/0197/R000000007
M000000014/1.000000/0000/Sigma_BB-68216564
R000000015/1.000000/0000/Guesstimate
R000000013/2.222222/0224/M000000014/R000000015
R000000012/2.469136/0295/R000000013
R000000003/5.212621/0231/R000000004/R000000012
R000000016/1.000000/0000/Guesstimate
R000000019/1.000000/0000/Guesstimate
R000000018/3.580247/0231/R000000019/R000000013
R000000017/3.978053/0295/R000000018
R000000021/1.000000/0000/Guesstimate
R000000020/3.854596/0231/R000000021/R000000012
R000000017/4.282884/0197/R000000020
R000000003/5.531170/0279/R000000016/R000000017
R000000024/1.000000/0000/Guesstimate
R000000023/1.111111/0293/R000000024
R000000022/1.234568/0090/R000000023
R000000026/1.000000/0000/Guesstimate
R000000027/1.000000/0000/Guesstimate
R000000025/2.222222/0256/R000000026/R000000027
R000000022/2.469136/0155/R000000025
R000000002/7.163543/0301/R000000003/R000000022
R000000031/1.000000/0000/Guesstimate
R000000030/2.222222/0004/R000000031/R000000027
R000000032/1.000000/0000/Guesstimate
R000000033/1.000000/0000/Guesstimate
R000000030/3.333333/0225/R000000032/R000000027/R000000033
R000000029/3.703704/0212/R000000010/R000000030
R000000029/3.703704/0212/R000000010/R000000030
R000000028/5.226338/0122/R000000029/R000000006
R000000035/1.000000/0000/Guesstimate
R000000034/5.226338/0301/R000000029/R000000035
R000000034/5.226338/0301/R000000029/R000000035
R000000028/5.807042/0188/R000000034
R000000002/8.550527/0231/R000000028/R000000012
R000000001/7.959493/0294/R000000002
R000000039/1.000000/0000/Guesstimate
R000000038/2.222222/0004/R000000008/R000000039
R000000037/5.212621/0231/R000000038/R000000012
R000000040/3.854596/0231/R000000039/R000000012
R000000037/5.393995/0004/R000000008/R000000040
R000000036/8.260937/0212/R000000037/R000000030
R000000036/8.260937/0212/R000000037/R000000030
R000000001/9.178819/0294/R000000036
Q000000004/7.959492/0000/R000000041
M000000045/1.000000/0000/Sigma_BB-27089270
R000000044/3.580247/0231/R000000004/M000000045
R000000043/3.978053/0294/R000000044
R000000046/3.580247/0232/R000000004/M000000045
R000000043/3.978053/0296/R000000046
R000000049/1.000000/0000/Guesstimate
R000000048/2.222222/0112/R000000049/R000000027
R000000047/2.469136/0197/R000000048
R000000050/2.469136/0216/R000000030
R000000047/2.743484/0091/R000000050
R000000042/7.163543/0112/R000000043/R000000047
R000000041/7.959492/0147/R000000042
R000000053/1.000000/0000/Guesstimate
R000000052/5.531170/0301/R000000043/R000000053
R000000052/5.531170/0301/R000000043/R000000053
R000000056/1.000000/0000/Guesstimate
R000000055/1.111111/0245/R000000056
R000000055/1.111111/0245/R000000056
R000000054/1.234568/0155/R000000055
R000000057/2.743484/0245/R000000050
R000000057/2.743484/0245/R000000050
R000000054/3.048316/0197/R000000057
R000000051/7.517487/0301/R000000052/R000000054
R000000051/7.517487/0301/R000000052/R000000054
R000000041/8.352763/0219/R000000051
<NEXT>