#
#  Reaction log file
#  Author: LigBuilder V3 User_Diana
#  Creation time: Thu Apr  9 21:16:29 2026
#  Format:
#  QueryMoleculeId/Cost/SynthesizeId/ReactantId1/ReactantId2/ReactantId3.....
#  Id prefix:
#  Q --- Query Molecule
#  M --- Material
#  R --- Reactant
#
Directory      result/synthesize_PfHDAC1/186/DATABASE/
#
Q000000001/3.993294/0000/R000000001
R000000003/1.000000/0000/Guesstimate
R000000004/1.000000/0000/Guesstimate
R000000007/1.000000/0000/Guesstimate
R000000006/1.111111/0288/R000000007
R000000005/1.234568/0295/R000000006
R000000002/3.593965/0225/R000000003/R000000004/R000000005
R000000002/3.593965/0225/R000000003/R000000004/R000000005
R000000001/3.993294/0147/R000000002
R000000010/1.000000/0000/Guesstimate
R000000009/2.222222/0004/R000000003/R000000010
R000000011/1.000000/0000/Guesstimate
R000000012/1.000000/0000/Guesstimate
R000000009/3.333333/0225/R000000003/R000000011/R000000012
R000000008/3.840878/0004/R000000009/R000000005
R000000013/2.482853/0004/R000000010/R000000005
R000000015/1.000000/0000/Guesstimate
R000000014/2.482853/0003/R000000015/R000000005
R000000013/2.758726/0040/R000000014
R000000008/3.869837/0004/R000000003/R000000013
R000000016/1.000000/0000/Guesstimate
R000000001/5.378754/0169/R000000008/R000000016
Q000000002/3.993294/0000/R000000001
Q000000003/4.350812/0000/R000000017
R000000019/1.000000/0000/Guesstimate
R000000021/1.371742/0228/R000000005
R000000021/1.371742/0286/R000000005
R000000020/1.524158/0156/R000000021
R000000018/3.915731/0225/R000000003/R000000019/R000000020
R000000023/4.267643/0228/R000000008
R000000023/4.267643/0286/R000000008
R000000022/4.741826/0156/R000000023
R000000018/6.379807/0169/R000000022/R000000019
R000000017/4.350812/0188/R000000018
R000000017/5.378754/0169/R000000008/R000000019
<NEXT>