#
#  Reaction log file
#  Author: LigBuilder V3 User_Diana
#  Creation time: Thu Apr  9 21:18:08 2026
#  Format:
#  QueryMoleculeId/Cost/SynthesizeId/ReactantId1/ReactantId2/ReactantId3.....
#  Id prefix:
#  Q --- Query Molecule
#  M --- Material
#  R --- Reactant
#
Directory      result/synthesize_PfHDAC1/237/DATABASE/
#
Q000000001/Analysis Failed
Q000000002/Analysis Failed
Q000000003/2.482853/0000/R000000001
M000000004/1.000000/0000/Sigma_BB-68700039
R000000003/1.111111/0114/M000000004
M000000006/1.000000/0000/Sigma_BB-28775340
R000000007/1.000000/0000/Guesstimate
R000000005/2.222222/0175/M000000006/R000000007
R000000005/2.222222/0290/M000000006/R000000007
R000000003/2.469136/0039/R000000005
R000000002/1.234568/0024/R000000003
M000000008/1.000000/0000/Sigma_BB-28441476
R000000009/1.000000/0000/Guesstimate
R000000002/2.222222/0004/M000000008/R000000009
R000000010/1.000000/0000/Guesstimate
R000000001/2.482853/0004/R000000002/R000000010
R000000011/2.222222/0004/M000000008/R000000010
R000000012/1.000000/0000/Guesstimate
R000000011/2.482853/0004/R000000002/R000000012
R000000001/3.580247/0004/R000000011/R000000009
<NEXT>