#
#  Reaction log file
#  Author: LigBuilder V3 User_Diana
#  Creation time: Thu Apr  9 21:19:48 2026
#  Format:
#  QueryMoleculeId/Cost/SynthesizeId/ReactantId1/ReactantId2/ReactantId3.....
#  Id prefix:
#  Q --- Query Molecule
#  M --- Material
#  R --- Reactant
#
Directory      result/synthesize_PfHDAC1/286/DATABASE/
#
Q000000001/6.096632/0000/R000000001
R000000005/1.000000/0000/Guesstimate
R000000006/1.000000/0000/Guesstimate
R000000004/2.222222/0004/R000000005/R000000006
R000000003/2.469136/0087/R000000004
R000000009/1.000000/0000/Guesstimate
R000000010/1.000000/0000/Guesstimate
R000000008/2.222222/0301/R000000009/R000000010
R000000008/2.222222/0301/R000000009/R000000010
R000000007/2.469136/0274/R000000008
R000000011/2.222222/0274/R000000009/R000000010
R000000007/2.469136/0301/R000000011
R000000002/5.486969/0112/R000000003/R000000007
R000000001/6.096632/0147/R000000002
R000000015/1.000000/0000/Guesstimate
R000000014/3.580247/0001/R000000004/R000000015
R000000016/1.000000/0000/Guesstimate
R000000014/3.580247/0141/R000000004/R000000016
R000000013/3.978053/0040/R000000014
R000000018/1.000000/0000/Guesstimate
R000000017/3.854596/0004/R000000018/R000000007
R000000019/3.854596/0003/R000000007/R000000015
R000000017/4.282884/0040/R000000019
R000000012/8.702943/0212/R000000013/R000000017
R000000012/8.702943/0212/R000000013/R000000017
R000000001/9.669937/0197/R000000012
Q000000002/6.096632/0000/R000000001
Q000000003/5.944217/0000/R000000020
R000000024/1.000000/0000/Guesstimate
R000000023/1.111111/0239/R000000024
R000000025/1.000000/0000/Guesstimate
R000000026/1.000000/0000/Guesstimate
R000000023/2.222222/0301/R000000025/R000000026
R000000022/1.234568/0139/R000000023
R000000027/1.000000/0000/Guesstimate
R000000022/2.222222/0122/R000000027/R000000026
R000000030/1.000000/0000/Guesstimate
R000000031/1.000000/0000/Guesstimate
R000000029/2.222222/0002/R000000030/R000000031
R000000029/2.222222/0004/R000000030/R000000031
R000000032/1.000000/0000/Guesstimate
R000000028/3.580247/0002/R000000029/R000000032
R000000034/1.000000/0000/Guesstimate
R000000033/3.333333/0225/R000000031/R000000032/R000000034
R000000033/3.333333/0225/R000000031/R000000032/R000000034
R000000028/4.814815/0001/R000000033/R000000015
R000000021/5.349795/0042/R000000022/R000000028
R000000035/5.089163/0212/R000000030/R000000028
R000000035/5.089163/0212/R000000030/R000000028
R000000036/1.000000/0000/Guesstimate
R000000021/6.765737/0181/R000000035/R000000036
R000000020/5.944217/0059/R000000021
R000000039/1.000000/0000/Guesstimate
R000000040/3.703704/0087/R000000033
R000000038/5.226338/0301/R000000039/R000000040
R000000038/5.226338/0301/R000000039/R000000040
R000000041/1.000000/0000/Guesstimate
R000000037/6.918153/0112/R000000038/R000000041
R000000044/1.000000/0000/Guesstimate
R000000043/6.918153/0112/R000000038/R000000044
R000000042/7.686837/0079/R000000043
R000000046/1.000000/0000/Guesstimate
R000000045/6.918153/0112/R000000038/R000000046
R000000042/7.686837/0082/R000000045
R000000037/9.652041/0181/R000000042/R000000036
R000000020/7.686837/0147/R000000037
Q000000004/Analysis Failed
<NEXT>