#
#  Reaction log file
#  Author: LigBuilder V3 User_Diana
#  Creation time: Thu Apr  9 21:13:12 2026
#  Format:
#  QueryMoleculeId/Cost/SynthesizeId/ReactantId1/ReactantId2/ReactantId3.....
#  Id prefix:
#  Q --- Query Molecule
#  M --- Material
#  R --- Reactant
#
Directory      result/synthesize_PfHDAC1/14/DATABASE/
#
Q000000001/5.531170/0000/R000000001
R000000005/1.000000/0000/Guesstimate
M000000006/1.000000/0000/Sigma_BB-187206312
R000000004/2.222222/0224/R000000005/M000000006
R000000007/1.000000/0000/Guesstimate
R000000003/3.580247/0003/R000000004/R000000007
R000000009/1.000000/0000/Guesstimate
R000000008/3.580247/0004/R000000004/R000000009
R000000010/1.000000/0000/Guesstimate
R000000011/1.000000/0000/Guesstimate
R000000008/4.691358/0225/R000000004/R000000010/R000000011
R000000012/1.000000/0000/Guesstimate
R000000003/5.089163/0003/R000000008/R000000012
R000000002/3.978053/0099/R000000003
R000000015/1.000000/0000/Guesstimate
R000000014/3.580247/0301/R000000004/R000000015
R000000014/3.978053/0197/R000000008
R000000013/5.089163/0003/R000000014/R000000009
R000000017/1.000000/0000/Guesstimate
R000000016/3.580247/0003/R000000004/R000000017
R000000018/1.000000/0000/Guesstimate
R000000016/5.089163/0112/R000000014/R000000018
R000000019/1.000000/0000/Guesstimate
R000000013/5.089163/0049/R000000016/R000000019
R000000002/5.654626/0099/R000000013
R000000020/1.000000/0000/Guesstimate
R000000001/5.531170/0018/R000000002/R000000020
R000000024/1.000000/0000/Guesstimate
M000000025/1.000000/0000/Sigma_BB-234767090
R000000023/2.222222/0224/R000000024/M000000025
R000000022/3.580247/0004/R000000023/R000000009
R000000026/3.978053/0100/R000000008
R000000026/3.978053/0216/R000000008
R000000022/5.531170/0018/R000000026/R000000020
M000000029/1.000000/0000/Sigma_BB-28493762
R000000028/1.111111/0228/M000000029
R000000028/1.111111/0286/M000000029
R000000027/1.234568/0024/R000000028
R000000030/1.111111/0024/M000000029
R000000027/1.234568/0228/R000000030
R000000021/5.349795/0212/R000000022/R000000027
R000000021/5.349795/0212/R000000022/R000000027
R000000001/5.944217/0028/R000000021
Q000000002/5.807042/0000/R000000031
R000000034/2.222222/0004/M000000006/R000000009
R000000034/3.333333/0225/M000000006/R000000010/R000000011
M000000036/1.000000/0000/Sigma_BB-28764950
R000000035/1.111111/0197/M000000036
R000000033/3.703704/0212/R000000034/R000000035
R000000033/3.703704/0212/R000000034/R000000035
R000000032/5.226338/0224/R000000024/R000000033
R000000039/1.000000/0000/Guesstimate
R000000038/3.580247/0112/R000000023/R000000039
R000000037/3.978053/0147/R000000038
R000000037/5.089163/0018/R000000014/R000000020
R000000040/1.234568/0197/R000000035
R000000041/9.200000/0000/Guesstimate
R000000040/9.200000/0155/R000000041
R000000032/5.791801/0301/R000000037/R000000040
R000000031/5.807042/0028/R000000032
R000000043/1.000000/0000/Guesstimate
R000000042/5.089163/0122/R000000014/R000000043
M000000045/1.000000/0000/Sigma_BB-31286382
R000000044/5.531170/0212/R000000026/M000000045
R000000044/5.531170/0212/R000000026/M000000045
R000000042/6.145744/0139/R000000044
R000000031/6.765737/0018/R000000042/R000000020
Q000000003/5.531170/0000/R000000046
R000000046/5.531170/0003/R000000037/R000000009
R000000046/6.765737/0018/R000000013/R000000020
<NEXT>