#
#  Reaction log file
#  Author: LigBuilder V3 User_Diana
#  Creation time: Thu Apr  9 21:13:13 2026
#  Format:
#  QueryMoleculeId/Cost/SynthesizeId/ReactantId1/ReactantId2/ReactantId3.....
#  Id prefix:
#  Q --- Query Molecule
#  M --- Material
#  R --- Reactant
#
Directory      result/synthesize_PfHDAC1/12/DATABASE/
#
Q000000001/5.531170/0000/R000000001
R000000005/1.000000/0000/Guesstimate
M000000006/1.000000/0000/Sigma_BB-187206312
R000000004/2.222222/0224/R000000005/M000000006
R000000007/1.000000/0000/Guesstimate
R000000003/3.580247/0003/R000000004/R000000007
R000000009/1.000000/0000/Guesstimate
R000000008/3.580247/0004/R000000004/R000000009
R000000010/1.000000/0000/Guesstimate
R000000011/1.000000/0000/Guesstimate
R000000008/4.691358/0225/R000000004/R000000010/R000000011
R000000012/1.000000/0000/Guesstimate
R000000003/5.089163/0003/R000000008/R000000012
R000000002/3.978053/0099/R000000003
R000000015/1.000000/0000/Guesstimate
R000000014/3.580247/0301/R000000004/R000000015
R000000014/3.978053/0197/R000000008
R000000016/1.000000/0000/Guesstimate
R000000013/5.089163/0003/R000000014/R000000016
R000000018/1.000000/0000/Guesstimate
R000000017/3.580247/0003/R000000004/R000000018
R000000019/1.000000/0000/Guesstimate
R000000017/5.089163/0112/R000000014/R000000019
R000000021/1.000000/0000/Guesstimate
R000000020/1.111111/0040/R000000021
R000000022/1.000000/0000/Guesstimate
R000000020/2.222222/0004/R000000022/R000000012
R000000013/5.212621/0049/R000000017/R000000020
R000000002/5.654626/0099/R000000013
R000000023/1.000000/0000/Guesstimate
R000000001/5.531170/0018/R000000002/R000000023
R000000027/1.000000/0000/Guesstimate
R000000026/2.222222/0224/R000000027/M000000006
R000000026/3.580247/0018/R000000004/R000000023
R000000025/3.580247/0004/R000000026/R000000009
R000000025/5.089163/0018/R000000008/R000000023
M000000030/1.000000/0000/Sigma_BB-28764950
R000000029/1.111111/0085/M000000030
R000000028/2.345679/0212/R000000029/R000000016
R000000031/2.222222/0004/M000000030/R000000012
R000000031/2.222222/0277/M000000030/R000000012
R000000028/2.469136/0197/R000000031
R000000024/6.584363/0212/R000000025/R000000028
R000000024/6.584363/0212/R000000025/R000000028
R000000001/7.315958/0028/R000000024
Q000000002/5.807042/0000/R000000032
R000000035/2.222222/0004/M000000006/R000000009
R000000035/3.333333/0225/M000000006/R000000010/R000000011
R000000036/1.111111/0197/M000000030
R000000034/3.703704/0212/R000000035/R000000036
R000000034/3.703704/0212/R000000035/R000000036
R000000033/5.226338/0224/R000000027/R000000034
R000000039/1.000000/0000/Guesstimate
R000000038/3.580247/0301/R000000026/R000000039
R000000038/3.580247/0301/R000000026/R000000039
R000000037/3.978053/0155/R000000038
R000000037/5.089163/0018/R000000014/R000000023
R000000040/1.234568/0197/R000000036
R000000041/9.200000/0000/Guesstimate
R000000040/9.200000/0155/R000000041
R000000033/5.791801/0301/R000000037/R000000040
R000000032/5.807042/0028/R000000033
R000000043/1.000000/0000/Guesstimate
R000000042/5.089163/0122/R000000014/R000000043
R000000045/3.978053/0100/R000000008
R000000045/3.978053/0216/R000000008
M000000046/1.000000/0000/Sigma_BB-31286382
R000000044/5.531170/0212/R000000045/M000000046
R000000044/5.531170/0212/R000000045/M000000046
R000000042/6.145744/0139/R000000044
R000000032/6.765737/0018/R000000042/R000000023
Q000000003/2.743484/0000/R000000047
R000000050/1.000000/0000/Guesstimate
M000000051/1.000000/0000/Sigma_BB-244323518
R000000049/2.222222/0224/R000000050/M000000051
R000000052/2.222222/0224/R000000050/M000000006
R000000053/1.000000/0000/Guesstimate
R000000049/3.580247/0301/R000000052/R000000053
R000000048/2.469136/0082/R000000049
R000000055/1.000000/0000/Guesstimate
R000000054/2.222222/0224/R000000055/M000000051
R000000057/1.000000/0000/Guesstimate
R000000056/2.222222/0224/R000000057/M000000051
R000000054/2.469136/0294/R000000056
R000000048/3.580247/0112/R000000054/R000000019
R000000047/2.743484/0041/R000000048
M000000061/1.000000/0000/Sigma_BB-234767090
R000000060/2.222222/0224/R000000005/M000000061
R000000062/1.000000/0000/Guesstimate
R000000059/3.580247/0112/R000000060/R000000062
R000000063/4.420059/0216/R000000045
R000000064/1.000000/0000/Guesstimate
R000000059/6.022288/0003/R000000063/R000000064
R000000058/3.978053/0147/R000000059
R000000058/3.978053/0147/R000000017
R000000047/5.531170/0018/R000000058/R000000023
Q000000004/2.743484/0000/R000000047
<NEXT>