#
#  Reaction log file
#  Author: LigBuilder V3 User_Diana
#  Creation time: Thu Apr  9 21:17:46 2026
#  Format:
#  QueryMoleculeId/Cost/SynthesizeId/ReactantId1/ReactantId2/ReactantId3.....
#  Id prefix:
#  Q --- Query Molecule
#  M --- Material
#  R --- Reactant
#
Directory      result/synthesize_PfHDAC1/223/DATABASE/
#
Q000000001/7.163543/0000/R000000001
R000000004/1.000000/0000/Guesstimate
R000000003/1.111111/0125/R000000004
R000000005/1.000000/0000/Guesstimate
R000000003/2.222222/0112/R000000004/R000000005
R000000002/1.234568/0040/R000000003
R000000007/1.000000/0000/Guesstimate
R000000006/2.222222/0004/R000000004/R000000007
R000000008/1.000000/0000/Guesstimate
R000000009/1.000000/0000/Guesstimate
R000000006/3.333333/0225/R000000004/R000000008/R000000009
R000000002/2.469136/0216/R000000006
R000000013/1.000000/0000/Guesstimate
R000000014/1.000000/0000/Guesstimate
R000000012/2.222222/0112/R000000013/R000000014
R000000011/2.469136/0147/R000000012
R000000015/1.000000/0000/Guesstimate
R000000016/2.222222/0004/R000000007/R000000014
R000000016/3.333333/0225/R000000014/R000000008/R000000009
R000000011/3.580247/0119/R000000015/R000000016
R000000018/1.000000/0000/Guesstimate
R000000019/1.000000/0000/Guesstimate
R000000017/2.222222/0012/R000000018/R000000019
R000000021/1.000000/0000/Guesstimate
M000000022/1.000000/0000/Sigma_BB-30423282
R000000020/2.222222/0279/R000000021/M000000022
R000000020/2.222222/0279/R000000021/M000000022
R000000017/2.469136/0009/R000000020
R000000010/5.212621/0159/R000000011/R000000017
R000000001/7.163543/0119/R000000002/R000000010
R000000026/1.234568/0245/R000000003
R000000026/1.234568/0245/R000000003
R000000025/1.371742/0040/R000000026
R000000027/2.469136/0245/R000000006
R000000027/2.469136/0245/R000000006
R000000025/2.743484/0100/R000000027
R000000024/4.267642/0119/R000000025/R000000011
R000000024/4.267642/0280/R000000025/R000000011
R000000023/7.210961/0159/R000000024/R000000017
R000000023/7.315959/0119/R000000025/R000000010
R000000001/8.012179/0219/R000000023
Q000000002/7.163543/0000/R000000001
Q000000003/7.163543/0000/R000000001
<NEXT>