#
#  Reaction log file
#  Author: LigBuilder V3 User_Diana
#  Creation time: Thu Apr  9 21:19:30 2026
#  Format:
#  QueryMoleculeId/Cost/SynthesizeId/ReactantId1/ReactantId2/ReactantId3.....
#  Id prefix:
#  Q --- Query Molecule
#  M --- Material
#  R --- Reactant
#
Directory      result/synthesize_PfHDAC1/292/DATABASE/
#
Q000000001/8.046238/0000/R000000001
R000000007/1.000000/0000/Guesstimate
R000000008/1.000000/0000/Guesstimate
R000000006/2.222222/0004/R000000007/R000000008
R000000005/2.469136/0085/R000000006
R000000005/2.469136/0085/R000000006
R000000004/2.743484/0197/R000000005
R000000010/1.000000/0000/Guesstimate
R000000011/1.000000/0000/Guesstimate
R000000009/2.222222/0275/R000000010/R000000011
R000000003/5.517452/0301/R000000004/R000000009
R000000012/4.159427/0301/R000000004/R000000010
R000000012/4.159427/0301/R000000004/R000000010
R000000003/5.732697/0275/R000000012/R000000011
R000000013/1.000000/0000/Guesstimate
R000000002/7.241614/0285/R000000003/R000000013
R000000016/1.000000/0000/Guesstimate
R000000015/3.580247/0285/R000000009/R000000016
R000000014/3.978053/0091/R000000015
M000000018/1.000000/0000/Sigma_BB-28778841
R000000017/3.580247/0285/R000000009/M000000018
R000000014/3.978053/0197/R000000017
R000000002/7.468375/0301/R000000004/R000000014
R000000001/8.046238/0112/R000000002
R000000020/1.000000/0000/Guesstimate
R000000019/3.854596/0212/R000000005/R000000020
R000000019/3.854596/0212/R000000005/R000000020
R000000024/1.000000/0000/Guesstimate
R000000025/1.000000/0000/Guesstimate
R000000023/2.222222/0279/R000000024/R000000025
R000000023/2.222222/0279/R000000024/R000000025
R000000026/1.000000/0000/Guesstimate
R000000022/3.580247/0279/R000000023/R000000026
R000000022/3.580247/0279/R000000023/R000000026
R000000021/3.978053/0112/R000000022
R000000028/1.000000/0000/Guesstimate
R000000030/1.000000/0000/Guesstimate
R000000029/2.222222/0279/R000000025/R000000030
R000000029/2.222222/0279/R000000025/R000000030
R000000027/3.580247/0279/R000000028/R000000029
R000000027/3.580247/0279/R000000028/R000000029
R000000021/3.978053/0112/R000000027
R000000001/8.702943/0095/R000000019/R000000021
Q000000002/8.046238/0000/R000000001
Q000000003/8.046238/0000/R000000001
Q000000004/8.046238/0000/R000000001
<NEXT>