#
#  Reaction log file
#  Author: LigBuilder V3 User_Diana
#  Creation time: Thu Apr  9 21:15:33 2026
#  Format:
#  QueryMoleculeId/Cost/SynthesizeId/ReactantId1/ReactantId2/ReactantId3.....
#  Id prefix:
#  Q --- Query Molecule
#  M --- Material
#  R --- Reactant
#
Directory      result/synthesize_PfHDAC1/144/DATABASE/
#
Q000000001/5.486969/0000/R000000001
M000000004/1.000000/0000/Sigma_BB-27685196
R000000005/1.000000/0000/Guesstimate
R000000003/2.222222/0280/M000000004/R000000005
R000000006/1.111111/0091/M000000004
R000000003/2.345679/0276/R000000006/R000000005
R000000008/1.000000/0000/Guesstimate
R000000009/1.000000/0000/Guesstimate
R000000007/2.222222/0004/R000000008/R000000009
R000000010/1.000000/0000/Guesstimate
R000000011/1.000000/0000/Guesstimate
R000000007/2.222222/0004/R000000010/R000000011
R000000002/4.938272/0003/R000000003/R000000007
R000000012/2.469136/0125/R000000003
R000000013/1.000000/0000/Guesstimate
R000000012/3.580247/0112/R000000003/R000000013
R000000015/1.000000/0000/Guesstimate
R000000016/1.000000/0000/Guesstimate
R000000014/2.222222/0004/R000000015/R000000016
R000000018/1.000000/0000/Guesstimate
R000000017/2.222222/0277/R000000018/R000000016
R000000019/1.000000/0000/Guesstimate
R000000017/2.222222/0301/R000000019/R000000016
R000000014/2.469136/0024/R000000017
R000000002/5.212621/0049/R000000012/R000000014
R000000001/5.486969/0099/R000000002
R000000021/3.580247/0004/R000000003/R000000015
R000000023/1.000000/0000/Guesstimate
R000000022/3.580247/0004/R000000003/R000000023
R000000021/3.978053/0155/R000000022
R000000024/1.000000/0000/Guesstimate
R000000020/5.089163/0049/R000000021/R000000024
R000000027/1.000000/0000/Guesstimate
R000000026/2.222222/0004/R000000027/R000000016
R000000028/1.000000/0000/Guesstimate
R000000029/1.000000/0000/Guesstimate
R000000026/3.333333/0225/R000000016/R000000028/R000000029
R000000025/2.469136/0086/R000000026
R000000025/2.469136/0091/R000000026
R000000020/5.212621/0112/R000000003/R000000025
R000000001/5.654626/0099/R000000020
Q000000002/5.486969/0000/R000000001
Q000000003/5.486969/0000/R000000001
<NEXT>