#
#  Reaction log file
#  Author: LigBuilder V3 User_Diana
#  Creation time: Thu Apr  9 21:19:15 2026
#  Format:
#  QueryMoleculeId/Cost/SynthesizeId/ReactantId1/ReactantId2/ReactantId3.....
#  Id prefix:
#  Q --- Query Molecule
#  M --- Material
#  R --- Reactant
#
Directory      result/synthesize_PfHDAC1/282/DATABASE/
#
Q000000001/4.420059/0000/R000000001
M000000004/1.000000/0000/Sigma_BB-244164693
R000000003/1.111111/0104/M000000004
R000000003/1.111111/0104/M000000004
R000000007/1.000000/0000/Guesstimate
R000000008/1.000000/0000/Guesstimate
R000000006/2.222222/0256/R000000007/R000000008
R000000005/2.469136/0155/R000000006
R000000010/1.000000/0000/Guesstimate
R000000011/1.000000/0000/Guesstimate
R000000009/3.333333/0225/R000000010/R000000008/R000000011
R000000009/3.333333/0225/R000000010/R000000008/R000000011
R000000005/3.703704/0197/R000000009
R000000002/3.978053/0274/R000000003/R000000005
R000000001/4.420059/0160/R000000002
M000000015/1.000000/0000/Sigma_BB-161396501
R000000014/1.111111/0104/M000000015
R000000014/1.111111/0104/M000000015
R000000013/1.234568/0248/R000000014
M000000017/1.000000/0000/Sigma_BB-28778212
R000000016/1.111111/0104/M000000017
R000000016/1.111111/0104/M000000017
R000000013/1.234568/0257/R000000016
R000000012/4.115227/0274/R000000013/R000000005
R000000001/4.572474/0161/R000000012
Q000000002/4.420059/0000/R000000001
Q000000003/Analysis Failed
<NEXT>