#
#  Reaction log file
#  Author: LigBuilder V3 User_Diana
#  Creation time: Thu Apr  9 21:16:21 2026
#  Format:
#  QueryMoleculeId/Cost/SynthesizeId/ReactantId1/ReactantId2/ReactantId3.....
#  Id prefix:
#  Q --- Query Molecule
#  M --- Material
#  R --- Reactant
#
Directory      result/synthesize_PfHDAC1/177/DATABASE/
#
Q000000001/2.606310/0000/R000000001
M000000004/1.000000/0000/Sigma_BB-28441862
R000000003/1.111111/0059/M000000004
R000000006/1.000000/0000/Guesstimate
M000000007/1.000000/0000/Sigma_BB-27523000
R000000005/2.222222/0231/R000000006/M000000007
R000000003/2.469136/0153/R000000005
R000000008/1.000000/0000/Guesstimate
R000000002/2.345679/0175/R000000003/R000000008
R000000009/1.000000/0000/Guesstimate
M000000012/1.000000/0000/Sigma_BB-28457653
R000000011/2.222222/0112/M000000012/R000000008
R000000011/2.222222/0174/M000000007/R000000008
R000000010/2.469136/0147/R000000011
M000000014/1.000000/0000/Sigma_BB-27187535
R000000013/2.222222/0175/M000000014/R000000008
R000000013/2.222222/0290/M000000014/R000000008
R000000010/2.469136/0153/R000000013
R000000002/3.854596/0231/R000000009/R000000010
R000000001/2.606310/0082/R000000002
M000000017/1.000000/0000/Sigma_BB-28767380
R000000016/2.222222/0175/M000000017/R000000008
R000000016/2.469136/0091/R000000013
R000000018/1.000000/0000/Guesstimate
R000000015/3.580247/0112/R000000016/R000000018
R000000019/1.000000/0000/Guesstimate
M000000021/1.000000/0000/Sigma_BB-28766449
R000000020/2.222222/0175/M000000021/R000000008
M000000023/1.000000/0000/Sigma_BB-28426395
R000000022/2.222222/0112/M000000023/R000000008
R000000022/2.222222/0174/M000000021/R000000008
R000000020/2.469136/0147/R000000022
R000000015/3.580247/0112/R000000019/R000000020
R000000001/3.978053/0059/R000000015
Q000000002/2.928077/0000/R000000024
R000000027/1.234568/0287/R000000003
R000000027/2.222222/0231/R000000009/M000000012
R000000026/1.371742/0082/R000000027
M000000029/1.000000/0000/Sigma_BB-326673145
R000000028/2.222222/0112/M000000029/R000000018
R000000028/2.222222/0112/R000000019/M000000023
R000000026/2.469136/0059/R000000028
R000000030/1.000000/0000/Guesstimate
R000000025/2.635269/0003/R000000026/R000000030
R000000032/1.371742/0125/R000000027
R000000032/2.482853/0112/R000000027/R000000018
R000000031/1.524158/0082/R000000032
M000000034/1.000000/0000/Sigma_BB-28888941
R000000033/2.222222/0112/R000000019/M000000034
R000000033/3.580247/0112/R000000028/R000000018
R000000031/2.469136/0059/R000000033
R000000035/1.000000/0000/Guesstimate
R000000025/2.804620/0049/R000000031/R000000035
R000000024/2.928077/0041/R000000025
R000000038/2.222222/0003/M000000029/R000000030
R000000038/2.222222/0175/M000000017/R000000019
R000000037/2.469136/0041/R000000038
R000000040/1.000000/0000/Guesstimate
R000000039/2.222222/0175/M000000014/R000000040
R000000039/2.222222/0290/M000000014/R000000040
R000000037/2.469136/0091/R000000039
R000000036/3.854596/0112/R000000037/R000000018
R000000042/2.222222/0003/M000000023/R000000030
R000000042/2.222222/0049/M000000034/R000000035
R000000041/2.469136/0041/R000000042
R000000043/2.222222/0112/M000000023/R000000040
R000000043/2.222222/0174/M000000021/R000000040
R000000041/2.469136/0147/R000000043
R000000036/3.854596/0112/R000000019/R000000041
R000000024/4.282884/0059/R000000036
Q000000003/2.928077/0000/R000000024
<NEXT>