#
#  Reaction log file
#  Author: LigBuilder V3 User_Diana
#  Creation time: Thu Apr  9 21:14:24 2026
#  Format:
#  QueryMoleculeId/Cost/SynthesizeId/ReactantId1/ReactantId2/ReactantId3.....
#  Id prefix:
#  Q --- Query Molecule
#  M --- Material
#  R --- Reactant
#
Directory      result/synthesize_PfHDAC1/63/DATABASE/
#
Q000000001/3.217667/0000/R000000001
M000000006/1.000000/0000/Sigma_BB-28783489
R000000005/1.111111/0044/M000000006
R000000007/1.000000/0000/Guesstimate
R000000004/2.345679/0224/R000000005/R000000007
R000000003/2.606310/0086/R000000004
R000000003/2.606310/0091/R000000004
R000000002/2.895900/0079/R000000003
R000000009/1.000000/0000/Guesstimate
R000000008/2.345679/0224/R000000005/R000000009
R000000011/1.000000/0000/Guesstimate
R000000010/2.345679/0224/R000000005/R000000011
R000000010/9.800000/0239/R000000012
R000000008/2.606310/0248/R000000010
R000000013/1.000000/0000/Guesstimate
R000000002/3.717421/0049/R000000008/R000000013
R000000001/3.217667/0059/R000000002
R000000017/1.000000/0000/Guesstimate
R000000016/2.345679/0224/R000000005/R000000017
R000000018/1.000000/0000/Guesstimate
R000000016/4.328778/0012/R000000002/R000000018
R000000015/2.606310/0082/R000000016
R000000020/1.000000/0000/Guesstimate
R000000019/2.345679/0224/R000000005/R000000020
R000000015/2.606310/0082/R000000019
R000000014/2.895900/0059/R000000015
R000000021/2.606310/0059/R000000016
R000000023/1.000000/0000/Guesstimate
R000000022/2.345679/0224/R000000005/R000000023
R000000021/2.606310/0156/R000000022
R000000014/2.895900/0082/R000000021
R000000001/3.217667/0147/R000000014
Q000000002/4.130468/0000/R000000024
M000000028/1.000000/0000/Sigma_BB-332441958
R000000027/1.111111/0288/M000000028
R000000029/1.000000/0000/Guesstimate
R000000026/2.345679/0301/R000000027/R000000029
R000000030/2.222222/0301/M000000028/R000000029
R000000030/2.222222/0301/M000000028/R000000029
R000000026/2.469136/0288/R000000030
R000000025/3.717421/0122/R000000026/R000000011
R000000033/1.000000/0000/Guesstimate
R000000032/2.345679/0277/R000000027/R000000033
R000000034/1.000000/0000/Guesstimate
R000000032/2.345679/0301/R000000027/R000000034
R000000031/2.606310/0079/R000000032
R000000036/1.000000/0000/Guesstimate
R000000035/2.345679/0301/R000000027/R000000036
R000000037/1.000000/0000/Guesstimate
R000000035/3.717421/0122/R000000026/R000000037
R000000031/2.606310/0082/R000000035
R000000038/1.000000/0000/Guesstimate
R000000025/4.007011/0181/R000000031/R000000038
R000000024/4.130468/0028/R000000025
M000000042/1.000000/0000/Sigma_BB-28764950
R000000043/1.000000/0000/Guesstimate
R000000041/2.222222/0212/M000000042/R000000043
R000000041/2.222222/0212/M000000042/R000000043
R000000040/2.469136/0085/R000000041
R000000045/1.000000/0000/Guesstimate
R000000044/3.580247/0004/R000000041/R000000045
R000000040/3.978053/0197/R000000044
R000000048/1.000000/0000/Guesstimate
R000000049/1.000000/0000/Guesstimate
R000000047/2.222222/0256/R000000048/R000000049
R000000050/2.222222/0122/R000000029/R000000011
R000000051/1.000000/0000/Guesstimate
R000000050/2.222222/0181/R000000051/R000000038
R000000052/1.000000/0000/Guesstimate
R000000047/3.580247/0277/R000000050/R000000052
R000000046/2.469136/0024/R000000047
R000000053/1.000000/0000/Guesstimate
R000000046/3.580247/0004/R000000050/R000000053
R000000039/5.486969/0212/R000000040/R000000046
M000000056/1.000000/0000/Sigma_BB-28524129
R000000055/3.854596/0212/R000000040/M000000056
R000000055/3.854596/0212/R000000040/M000000056
R000000054/4.282884/0024/R000000055
R000000057/3.854596/0212/R000000040/R000000007
R000000057/3.854596/0212/R000000040/R000000007
R000000054/4.282884/0040/R000000057
R000000058/2.222222/0004/R000000043/R000000049
R000000060/1.000000/0000/Guesstimate
R000000059/2.222222/0122/R000000060/R000000011
R000000061/1.000000/0000/Guesstimate
R000000059/2.222222/0256/R000000061/R000000049
R000000058/2.469136/0024/R000000059
R000000039/7.227896/0212/R000000054/R000000058
R000000024/6.096632/0028/R000000039
Q000000003/4.130468/0000/R000000024
Q000000004/4.130468/0000/R000000024
<NEXT>