#
#  Reaction log file
#  Author: LigBuilder V3 User_Diana
#  Creation time: Thu Apr  9 21:14:36 2026
#  Format:
#  QueryMoleculeId/Cost/SynthesizeId/ReactantId1/ReactantId2/ReactantId3.....
#  Id prefix:
#  Q --- Query Molecule
#  M --- Material
#  R --- Reactant
#
Directory      result/synthesize_PfHDAC1/93/DATABASE/
#
Q000000001/4.420059/0000/R000000001
R000000004/1.000000/0000/Guesstimate
M000000006/1.000000/0000/Sigma_BB-187206312
R000000007/1.000000/0000/Guesstimate
R000000005/2.222222/0301/M000000006/R000000007
M000000009/1.000000/0000/Sigma_BB-234767090
R000000010/1.000000/0000/Guesstimate
R000000008/2.222222/0112/M000000009/R000000010
R000000005/2.469136/0147/R000000008
R000000003/3.580247/0224/R000000004/R000000005
R000000011/2.222222/0224/R000000004/M000000006
R000000003/3.580247/0301/R000000011/R000000007
R000000002/3.978053/0082/R000000003
R000000013/1.000000/0000/Guesstimate
R000000012/3.580247/0224/R000000013/R000000005
R000000014/3.580247/0224/R000000013/R000000008
R000000012/3.978053/0147/R000000014
R000000015/1.000000/0000/Guesstimate
R000000002/5.089163/0112/R000000012/R000000015
R000000001/4.420059/0041/R000000002
R000000019/1.000000/0000/Guesstimate
R000000018/2.222222/0224/R000000019/M000000009
R000000017/3.580247/0112/R000000018/R000000010
R000000017/3.580247/0224/R000000019/R000000008
R000000016/3.978053/0147/R000000017
R000000021/1.000000/0000/Guesstimate
R000000020/3.580247/0003/R000000018/R000000021
R000000022/2.469136/0125/R000000018
R000000022/3.580247/0112/R000000018/R000000015
R000000023/1.000000/0000/Guesstimate
R000000020/3.854596/0049/R000000022/R000000023
R000000016/3.978053/0147/R000000020
R000000024/1.000000/0000/Guesstimate
R000000001/5.531170/0018/R000000016/R000000024
Q000000002/5.654626/0000/R000000025
R000000028/1.000000/0000/Guesstimate
R000000030/1.000000/0000/Guesstimate
R000000029/2.222222/0301/M000000006/R000000030
R000000029/2.222222/0301/M000000006/R000000030
R000000027/3.580247/0224/R000000028/R000000029
R000000031/3.580247/0301/R000000011/R000000030
R000000031/3.580247/0301/R000000011/R000000030
R000000027/3.978053/0082/R000000031
R000000032/1.000000/0000/Guesstimate
R000000026/5.089163/0170/R000000027/R000000032
R000000035/1.000000/0000/Guesstimate
R000000034/3.580247/0301/R000000011/R000000035
R000000034/3.580247/0301/R000000011/R000000035
R000000033/3.978053/0082/R000000034
R000000033/3.978053/0156/R000000027
R000000036/1.000000/0000/Guesstimate
R000000026/5.531170/0170/R000000033/R000000036
R000000025/5.654626/0041/R000000026
R000000038/3.978053/0059/R000000020
R000000040/1.000000/0000/Guesstimate
R000000039/3.580247/0112/R000000018/R000000040
R000000039/3.978053/0247/R000000017
R000000038/3.978053/0147/R000000039
R000000041/1.000000/0000/Guesstimate
R000000037/5.531170/0170/R000000038/R000000041
R000000044/1.000000/0000/Guesstimate
R000000043/3.580247/0112/R000000018/R000000044
R000000042/3.978053/0147/R000000043
R000000045/3.978053/0041/R000000020
R000000045/3.978053/0233/R000000020
R000000042/4.420059/0155/R000000045
R000000046/1.000000/0000/Guesstimate
R000000037/5.531170/0170/R000000042/R000000046
R000000025/7.256855/0018/R000000037/R000000024
Q000000003/5.654626/0000/R000000025
<NEXT>