#
#  Reaction log file
#  Author: LigBuilder V3 User_Diana
#  Creation time: Thu Apr  9 21:14:45 2026
#  Format:
#  QueryMoleculeId/Cost/SynthesizeId/ReactantId1/ReactantId2/ReactantId3.....
#  Id prefix:
#  Q --- Query Molecule
#  M --- Material
#  R --- Reactant
#
Directory      result/synthesize_PfHDAC1/85/DATABASE/
#
Q000000001/6.096632/0000/R000000001
R000000005/1.000000/0000/Guesstimate
R000000006/1.000000/0000/Guesstimate
R000000004/2.222222/0279/R000000005/R000000006
R000000004/2.222222/0279/R000000005/R000000006
R000000003/2.469136/0274/R000000004
R000000009/8.900000/0000/Guesstimate
R000000008/9.888888/0219/R000000009
R000000008/9.888888/0219/R000000009
R000000010/1.000000/0000/Guesstimate
R000000007/9.444445/0004/R000000008/R000000010
R000000012/1.000000/0000/Guesstimate
R000000011/9.444445/0004/R000000008/R000000012
R000000013/1.000000/0000/Guesstimate
R000000014/1.000000/0000/Guesstimate
R000000011/9.500000/0225/R000000008/R000000013/R000000014
R000000007/9.444445/0045/R000000011
R000000003/9.444445/0197/R000000007
R000000017/1.000000/0000/Guesstimate
R000000018/1.000000/0000/Guesstimate
R000000016/2.222222/0112/R000000017/R000000018
R000000019/2.222222/0004/R000000010/R000000018
R000000016/2.469136/0009/R000000019
R000000015/2.469136/0040/R000000016
R000000022/1.000000/0000/Guesstimate
R000000021/2.222222/0004/R000000022/R000000018
R000000023/1.000000/0000/Guesstimate
R000000021/3.333333/0225/R000000018/R000000023/R000000014
R000000020/2.469136/0093/R000000021
R000000024/2.469136/0197/R000000021
R000000025/2.469136/0041/R000000016
R000000025/2.469136/0233/R000000016
R000000024/2.743484/0155/R000000025
R000000020/3.854596/0004/R000000022/R000000024
R000000015/2.743484/0073/R000000020
R000000002/5.486969/0003/R000000003/R000000015
R000000031/1.000000/0000/Guesstimate
R000000030/2.222222/0279/R000000005/R000000031
R000000030/2.469136/0260/R000000004
R000000029/2.469136/0274/R000000030
R000000029/2.743484/0260/R000000003
R000000032/1.000000/0000/Guesstimate
R000000028/3.854596/0112/R000000029/R000000032
R000000034/1.000000/0000/Guesstimate
R000000033/9.444445/0112/R000000008/R000000034
R000000028/9.444445/0091/R000000033
R000000027/4.282884/0079/R000000028
R000000036/1.000000/0000/Guesstimate
R000000035/3.854596/0112/R000000029/R000000036
R000000037/1.000000/0000/Guesstimate
R000000035/9.444445/0112/R000000008/R000000037
R000000027/4.282884/0082/R000000035
R000000026/4.758760/0059/R000000027
R000000038/4.282884/0059/R000000028
R000000039/1.000000/0000/Guesstimate
R000000038/5.393995/0224/R000000028/R000000039
R000000026/4.758760/0079/R000000038
R000000041/1.000000/0000/Guesstimate
R000000040/2.222222/0004/R000000041/R000000018
R000000040/2.469136/0085/R000000021
R000000002/7.756648/0049/R000000026/R000000040
R000000001/6.096632/0099/R000000002
R000000043/3.854596/0004/R000000003/R000000041
R000000045/1.000000/0000/Guesstimate
R000000044/3.854596/0277/R000000003/R000000045
R000000046/1.000000/0000/Guesstimate
R000000044/3.854596/0301/R000000003/R000000046
R000000043/4.282884/0024/R000000044
R000000042/6.752020/0049/R000000043/R000000016
R000000042/7.502244/0112/R000000038/R000000024
R000000001/7.502245/0099/R000000042
Q000000002/6.096632/0000/R000000001
Q000000003/6.096632/0000/R000000001
Q000000004/4.007011/0000/R000000047
R000000051/1.000000/0000/Guesstimate
R000000050/1.111111/0125/R000000051
R000000050/2.222222/0112/R000000051/R000000017
R000000052/1.000000/0000/Guesstimate
R000000049/2.345679/0011/R000000050/R000000052
R000000053/2.345679/0012/R000000050/R000000052
R000000053/2.345679/0285/R000000050/R000000052
R000000049/2.606310/0198/R000000053
R000000048/2.606310/0099/R000000049
R000000056/1.000000/0000/Guesstimate
R000000055/2.222222/0004/R000000051/R000000056
R000000057/2.222222/0112/R000000051/R000000034
R000000055/2.469136/0233/R000000057
R000000058/1.000000/0000/Guesstimate
R000000054/3.580247/0003/R000000055/R000000058
M000000060/1.000000/0000/Sigma_BB-28812336
R000000059/3.580247/0212/R000000055/M000000060
R000000059/3.580247/0212/R000000055/M000000060
R000000054/3.978053/0260/R000000059
R000000048/3.978053/0099/R000000054
R000000061/1.000000/0000/Guesstimate
R000000047/4.007011/0018/R000000048/R000000061
M000000065/1.000000/0000/Sigma_BB-28764950
R000000066/1.000000/0000/Guesstimate
R000000064/2.222222/0004/M000000065/R000000066
R000000063/2.469136/0197/R000000064
R000000062/5.212621/0212/R000000055/R000000063
R000000062/5.212621/0212/R000000055/R000000063
R000000047/5.791801/0028/R000000062
<NEXT>