#
#  Reaction log file
#  Author: LigBuilder V3 User_Diana
#  Creation time: Thu Apr  9 21:14:58 2026
#  Format:
#  QueryMoleculeId/Cost/SynthesizeId/ReactantId1/ReactantId2/ReactantId3.....
#  Id prefix:
#  Q --- Query Molecule
#  M --- Material
#  R --- Reactant
#
Directory      result/synthesize_PfHDAC1/112/DATABASE/
#
Q000000001/4.130468/0000/R000000001
R000000003/1.000000/0000/Guesstimate
R000000005/1.000000/0000/Guesstimate
R000000007/1.000000/0000/Guesstimate
R000000006/1.111111/0288/R000000007
R000000008/1.000000/0000/Guesstimate
R000000009/1.000000/0000/Guesstimate
R000000006/2.222222/0277/R000000008/R000000009
R000000004/2.345679/0081/R000000005/R000000006
R000000010/1.234568/0156/R000000006
R000000011/1.000000/0000/Guesstimate
R000000010/2.222222/0277/R000000011/R000000009
R000000004/2.482853/0210/R000000005/R000000010
R000000002/3.717421/0003/R000000003/R000000004
R000000012/1.000000/0000/Guesstimate
R000000013/2.606310/0091/R000000004
R000000002/4.007011/0112/R000000012/R000000013
R000000001/4.130468/0147/R000000002
R000000019/1.000000/0000/Guesstimate
R000000018/1.111111/0125/R000000019
R000000020/1.000000/0000/Guesstimate
R000000018/2.222222/0112/R000000019/R000000020
R000000017/1.234568/0041/R000000018
R000000021/1.000000/0000/Guesstimate
R000000022/1.000000/0000/Guesstimate
R000000017/2.222222/0018/R000000021/R000000022
M000000023/1.000000/0000/Sigma_BB-27733356
R000000016/2.482853/0003/R000000017/M000000023
R000000015/2.758726/0285/R000000016
R000000014/4.176363/0277/R000000015/R000000009
R000000001/4.640403/0099/R000000014
Q000000002/5.212621/0000/R000000024
R000000027/1.000000/0000/Guesstimate
R000000028/1.000000/0000/Guesstimate
R000000026/2.222222/0004/R000000027/R000000028
R000000025/2.469136/0009/R000000026
R000000030/2.469136/0197/R000000026
R000000029/2.743484/0260/R000000030
R000000025/3.048316/0079/R000000029
M000000032/1.000000/0000/Sigma_BB-28103347
R000000033/1.000000/0000/Guesstimate
R000000031/2.222222/0212/M000000032/R000000033
M000000035/1.000000/0000/Sigma_BB-28895691
R000000036/1.000000/0000/Guesstimate
R000000034/2.222222/0112/M000000035/R000000036
R000000037/8.600000/0000/Guesstimate
R000000034/9.555556/0082/R000000037
R000000031/2.469136/0147/R000000034
R000000024/5.212621/0056/R000000025/R000000031
M000000041/1.000000/0000/Sigma_BB-152433763
R000000040/1.111111/0093/M000000041
M000000042/1.000000/0000/Sigma_BB-34729380
R000000043/1.000000/0000/Guesstimate
R000000040/2.222222/0004/M000000042/R000000043
R000000039/2.345679/0212/R000000040/R000000033
R000000045/1.000000/0000/Guesstimate
R000000044/2.222222/0112/M000000042/R000000045
R000000039/2.469136/0147/R000000044
R000000038/2.606310/0024/R000000039
M000000048/1.000000/0000/Sigma_BB-35362979
R000000047/2.222222/0212/M000000048/R000000033
R000000047/2.222222/0212/M000000048/R000000033
R000000046/2.469136/0125/R000000047
R000000046/3.580247/0112/R000000020/R000000047
R000000038/2.743484/0040/R000000046
R000000024/5.639385/0080/R000000025/R000000038
Q000000003/5.212621/0000/R000000024
<NEXT>