#
#  Reaction log file
#  Author: LigBuilder V3 User_Diana
#  Creation time: Thu Apr  9 21:18:40 2026
#  Format:
#  QueryMoleculeId/Cost/SynthesizeId/ReactantId1/ReactantId2/ReactantId3.....
#  Id prefix:
#  Q --- Query Molecule
#  M --- Material
#  R --- Reactant
#
Directory      result/synthesize_PfHDAC1/253/DATABASE/
#
Q000000001/5.807042/0000/R000000001
M000000003/1.000000/0000/Sigma_BB-245488313
R000000006/1.000000/0000/Guesstimate
R000000005/1.111111/0125/R000000006
R000000007/1.000000/0000/Guesstimate
R000000005/2.222222/0112/R000000007/R000000006
R000000009/1.000000/0000/Guesstimate
R000000010/1.000000/0000/Guesstimate
R000000008/2.222222/0004/R000000009/R000000010
R000000011/1.000000/0000/Guesstimate
R000000012/1.000000/0000/Guesstimate
R000000008/3.333333/0225/R000000010/R000000011/R000000012
R000000004/3.703704/0285/R000000005/R000000008
R000000002/5.226338/0231/M000000003/R000000004
R000000001/5.807042/0153/R000000002
R000000015/2.469136/0086/R000000008
R000000015/2.469136/0091/R000000008
R000000014/3.978053/0285/R000000005/R000000015
R000000013/5.531170/0231/M000000003/R000000014
R000000001/6.145744/0154/R000000013
Q000000002/4.130468/0000/R000000016
M000000018/1.000000/0000/Sigma_BB-28781946
R000000020/1.000000/0000/Guesstimate
R000000022/1.000000/0000/Guesstimate
R000000021/1.111111/0283/R000000022
R000000019/2.345679/0277/R000000020/R000000021
R000000024/1.000000/0000/Guesstimate
R000000023/2.345679/0277/R000000024/R000000021
R000000025/1.000000/0000/Guesstimate
R000000019/3.717421/0301/R000000023/R000000025
R000000017/3.717421/0169/M000000018/R000000019
M000000026/1.000000/0000/Sigma_BB-28758428
R000000029/1.000000/0000/Guesstimate
R000000028/3.717421/0275/R000000029/R000000019
R000000030/1.000000/0000/Guesstimate
R000000028/3.717421/0282/R000000030/R000000019
R000000027/4.130468/0091/R000000028
R000000032/1.000000/0000/Guesstimate
R000000031/3.717421/0169/R000000032/R000000019
R000000033/1.000000/0000/Guesstimate
R000000031/3.717421/0275/R000000033/R000000019
R000000027/4.130468/0260/R000000031
R000000017/5.700521/0175/M000000026/R000000027
R000000016/4.130468/0099/R000000017
R000000037/1.000000/0000/Guesstimate
R000000036/2.345679/0277/R000000037/R000000021
R000000035/2.606310/0099/R000000036
R000000038/2.606310/0233/R000000036
R000000038/2.606310/0258/R000000036
R000000035/2.895900/0295/R000000038
R000000034/4.007011/0274/M000000018/R000000035
R000000039/1.000000/0000/Guesstimate
R000000016/5.563346/0122/R000000034/R000000039
Q000000003/4.130468/0000/R000000016
<NEXT>