#
#  Reaction log file
#  Author: LigBuilder V3 User_Diana
#  Creation time: Thu Apr  9 21:17:59 2026
#  Format:
#  QueryMoleculeId/Cost/SynthesizeId/ReactantId1/ReactantId2/ReactantId3.....
#  Id prefix:
#  Q --- Query Molecule
#  M --- Material
#  R --- Reactant
#
Directory      result/synthesize_PfHDAC1/244/DATABASE/
#
Q000000001/4.282884/0000/R000000001
R000000005/1.000000/0000/Guesstimate
R000000006/1.000000/0000/Guesstimate
R000000004/2.222222/0004/R000000005/R000000006
R000000003/2.469136/0085/R000000004
R000000007/1.000000/0000/Guesstimate
R000000002/3.854596/0212/R000000003/R000000007
R000000002/3.854596/0212/R000000003/R000000007
R000000001/4.282884/0041/R000000002
M000000010/1.000000/0000/Sigma_BB-28760650
R000000009/3.854596/0212/R000000003/M000000010
R000000009/3.854596/0212/R000000003/M000000010
R000000008/4.282884/0257/R000000009
M000000013/1.000000/0000/Sigma_BB-27718954
R000000012/3.854596/0212/R000000003/M000000013
R000000012/3.854596/0212/R000000003/M000000013
R000000011/4.282884/0188/R000000012
R000000011/4.282884/0188/R000000012
R000000008/4.758760/0082/R000000011
R000000001/4.758760/0147/R000000008
Q000000002/4.282884/0000/R000000001
Q000000003/Analysis Failed
Q000000004/Analysis Failed
<NEXT>