#
#  Reaction log file
#  Author: LigBuilder V3 User_Diana
#  Creation time: Thu Apr  9 21:13:14 2026
#  Format:
#  QueryMoleculeId/Cost/SynthesizeId/ReactantId1/ReactantId2/ReactantId3.....
#  Id prefix:
#  Q --- Query Molecule
#  M --- Material
#  R --- Reactant
#
Directory      result/synthesize_PfHDAC1/21/DATABASE/
#
Q000000001/7.163543/0000/R000000001
R000000005/1.000000/0000/Guesstimate
M000000006/1.000000/0000/Sigma_BB-234767090
R000000004/2.222222/0224/R000000005/M000000006
R000000008/1.000000/0000/Guesstimate
R000000007/2.222222/0224/R000000008/M000000006
R000000010/1.000000/0000/Guesstimate
R000000009/2.222222/0224/R000000010/M000000006
R000000011/1.000000/0000/Guesstimate
R000000007/3.580247/0018/R000000009/R000000011
R000000004/2.469136/0257/R000000007
R000000012/1.000000/0000/Guesstimate
R000000003/3.580247/0004/R000000004/R000000012
R000000014/1.000000/0000/Guesstimate
R000000013/3.580247/0003/R000000004/R000000014
M000000016/1.000000/0000/Sigma_BB-187206312
R000000015/2.222222/0224/R000000005/M000000016
R000000017/1.000000/0000/Guesstimate
R000000013/3.580247/0112/R000000015/R000000017
R000000003/3.978053/0040/R000000013
R000000019/1.000000/0000/Guesstimate
R000000018/2.222222/0004/R000000012/R000000019
R000000020/2.222222/0003/R000000019/R000000014
R000000018/2.469136/0040/R000000020
R000000002/6.447188/0212/R000000003/R000000018
R000000002/6.447188/0212/R000000003/R000000018
R000000001/7.163543/0041/R000000002
R000000022/3.580247/0004/R000000009/R000000012
R000000023/3.580247/0003/R000000009/R000000014
R000000022/3.978053/0040/R000000023
R000000021/6.447188/0212/R000000022/R000000018
R000000021/6.447188/0212/R000000022/R000000018
R000000001/8.274654/0018/R000000021/R000000011
Q000000002/8.840117/0000/R000000024
R000000026/3.580247/0004/R000000007/R000000012
R000000026/5.089163/0018/R000000022/R000000011
R000000029/1.000000/0000/Guesstimate
R000000030/1.000000/0000/Guesstimate
R000000028/2.222222/0277/R000000029/R000000030
R000000031/1.000000/0000/Guesstimate
R000000027/3.580247/0277/R000000028/R000000031
R000000032/2.222222/0277/R000000030/R000000031
R000000027/3.580247/0277/R000000029/R000000032
R000000025/7.956105/0212/R000000026/R000000027
R000000025/7.956105/0212/R000000026/R000000027
R000000024/8.840117/0099/R000000025
R000000035/2.469136/0293/R000000018
R000000034/3.854596/0301/R000000035/R000000031
R000000034/3.854596/0301/R000000035/R000000031
R000000033/8.260937/0212/R000000003/R000000034
R000000033/8.260937/0212/R000000003/R000000034
R000000024/9.178819/0041/R000000033
Q000000003/7.163543/0000/R000000001
<NEXT>