#
#  Reaction log file
#  Author: LigBuilder V3 User_Diana
#  Creation time: Thu Apr  9 21:19:11 2026
#  Format:
#  QueryMoleculeId/Cost/SynthesizeId/ReactantId1/ReactantId2/ReactantId3.....
#  Id prefix:
#  Q --- Query Molecule
#  M --- Material
#  R --- Reactant
#
Directory      result/synthesize_PfHDAC1/276/DATABASE/
#
Q000000001/4.282884/0000/R000000001
R000000005/1.000000/0000/Guesstimate
R000000006/1.000000/0000/Guesstimate
R000000004/2.222222/0004/R000000005/R000000006
R000000003/2.469136/0087/R000000004
R000000003/2.469136/0087/R000000004
M000000007/1.000000/0000/Sigma_BB-128362448
R000000002/3.854596/0112/R000000003/M000000007
R000000008/1.000000/0000/Guesstimate
R000000002/3.854596/0174/R000000003/R000000008
R000000001/4.282884/0147/R000000002
R000000010/2.469136/0085/R000000004
R000000011/1.000000/0000/Guesstimate
R000000010/3.854596/0275/R000000003/R000000011
M000000014/1.000000/0000/Sigma_BB-28711640
R000000013/1.111111/0104/M000000014
R000000013/1.111111/0104/M000000014
R000000012/1.234568/0024/R000000013
R000000015/1.000000/0000/Guesstimate
M000000017/1.000000/0000/Sigma_BB-28760249
R000000016/1.111111/0104/M000000017
R000000016/1.111111/0104/M000000017
R000000012/2.345679/0004/R000000015/R000000016
R000000009/4.115227/0212/R000000010/R000000012
R000000019/2.743484/0197/R000000010
R000000018/4.159427/0004/R000000019/R000000015
M000000021/1.000000/0000/Sigma_BB-28524129
R000000020/3.854596/0212/R000000010/M000000021
R000000020/3.854596/0212/R000000010/M000000021
R000000018/4.282884/0024/R000000020
M000000024/1.000000/0000/Sigma_BB-28766580
R000000023/1.111111/0104/M000000024
R000000023/1.111111/0104/M000000024
R000000022/1.234568/0024/R000000023
M000000026/1.000000/0000/Sigma_BB-28762337
R000000027/1.000000/0000/Guesstimate
R000000025/2.222222/0122/M000000026/R000000027
R000000025/2.222222/0122/M000000026/R000000027
R000000022/2.469136/0004/R000000025
R000000009/5.993328/0212/R000000018/R000000022
R000000001/4.572474/0160/R000000009
Q000000002/4.282884/0000/R000000028
M000000030/1.000000/0000/Sigma_BB-28778212
R000000029/3.854596/0112/R000000003/M000000030
M000000032/1.000000/0000/Sigma_BB-28760170
R000000031/1.111111/0091/M000000032
R000000034/1.000000/0000/Guesstimate
R000000033/2.222222/0112/R000000034/M000000030
M000000035/1.000000/0000/Sigma_BB-28757048
R000000033/2.222222/0174/R000000034/M000000035
R000000031/2.469136/0197/R000000033
R000000029/4.282884/0112/R000000019/R000000031
R000000028/4.282884/0147/R000000029
M000000039/1.000000/0000/Sigma_BB-27521434
R000000038/1.111111/0104/M000000039
R000000038/1.111111/0104/M000000039
R000000037/1.234568/0093/R000000038
M000000041/1.000000/0000/Sigma_BB-28457967
R000000040/2.345679/0212/M000000041/R000000038
R000000040/2.345679/0212/M000000041/R000000038
R000000037/2.606310/0100/R000000040
R000000036/4.115227/0212/R000000010/R000000037
R000000036/5.856154/0212/R000000018/R000000038
R000000028/4.572474/0160/R000000036
Q000000003/2.758726/0000/R000000042
M000000046/1.000000/0000/Sigma_BB-30170873
R000000045/1.111111/0302/M000000046
R000000044/1.234568/0125/R000000045
R000000047/1.000000/0000/Guesstimate
R000000044/2.345679/0112/R000000045/R000000047
R000000048/1.000000/0000/Guesstimate
R000000043/2.482853/0012/R000000044/R000000048
R000000043/2.482853/0146/R000000044/R000000048
R000000042/2.758726/0041/R000000043
R000000050/1.371742/0040/R000000044
R000000051/2.345679/0004/R000000045/R000000015
R000000052/1.000000/0000/Guesstimate
R000000051/3.456790/0225/R000000045/R000000052/R000000011
R000000050/2.606310/0216/R000000051
R000000053/1.000000/0000/Guesstimate
R000000049/2.635269/0003/R000000050/R000000053
R000000055/1.000000/0000/Guesstimate
R000000054/2.345679/0112/R000000045/R000000055
R000000057/1.000000/0000/Guesstimate
R000000056/2.345679/0112/R000000045/R000000057
R000000054/2.606310/0147/R000000056
R000000058/1.000000/0000/Guesstimate
R000000049/3.717421/0011/R000000054/R000000058
R000000042/2.928077/0099/R000000049
<NEXT>