#
#  Reaction log file
#  Author: LigBuilder V3 User_Diana
#  Creation time: Thu Apr  9 21:18:17 2026
#  Format:
#  QueryMoleculeId/Cost/SynthesizeId/ReactantId1/ReactantId2/ReactantId3.....
#  Id prefix:
#  Q --- Query Molecule
#  M --- Material
#  R --- Reactant
#
Directory      result/synthesize_PfHDAC1/236/DATABASE/
#
Q000000001/4.115227/0000/R000000001
M000000004/1.000000/0000/Sigma_BB-159431637
R000000003/1.111111/0125/M000000004
R000000005/1.000000/0000/Guesstimate
R000000003/2.222222/0112/M000000004/R000000005
M000000007/1.000000/0000/Sigma_BB-28764727
R000000008/1.000000/0000/Guesstimate
R000000006/2.222222/0004/M000000007/R000000008
R000000010/1.111111/0085/M000000007
R000000012/1.000000/0000/Guesstimate
R000000011/2.222222/0004/R000000012/M000000007
M000000013/1.000000/0000/Sigma_BB-28427694
R000000014/1.000000/0000/Guesstimate
R000000011/2.222222/0274/M000000013/R000000014
R000000010/2.469136/0197/R000000011
R000000015/1.000000/0000/Guesstimate
R000000009/2.345679/0277/R000000010/R000000015
R000000016/2.469136/0198/R000000006
R000000016/2.469136/0298/R000000006
R000000009/2.743484/0257/R000000016
R000000006/2.606310/0099/R000000009
R000000002/3.703704/0169/R000000003/R000000006
R000000019/1.234568/0155/R000000003
M000000020/1.000000/0000/Sigma_BB-150877455
R000000021/1.000000/0000/Guesstimate
R000000019/2.222222/0224/M000000020/R000000021
R000000018/1.371742/0217/R000000019
R000000022/1.000000/0000/Guesstimate
R000000018/2.222222/0224/M000000020/R000000022
R000000017/1.524158/0040/R000000018
R000000024/1.000000/0000/Guesstimate
R000000023/2.222222/0224/M000000020/R000000024
M000000026/1.000000/0000/Sigma_BB-30668744
R000000025/2.222222/0224/M000000026/R000000024
R000000023/2.469136/0257/R000000025
R000000017/2.469136/0024/R000000023
R000000029/1.000000/0000/Guesstimate
R000000028/3.580247/0169/R000000006/R000000029
R000000030/1.000000/0000/Guesstimate
R000000031/1.000000/0000/Guesstimate
R000000028/4.691358/0261/R000000006/R000000030/R000000031
R000000027/3.978053/0024/R000000028
R000000033/1.000000/0000/Guesstimate
R000000032/3.580247/0169/R000000006/R000000033
R000000032/3.580247/0274/R000000006/R000000021
R000000027/3.978053/0040/R000000032
R000000002/6.113567/0212/R000000017/R000000027
R000000001/4.115227/0041/R000000002
R000000035/1.234568/0041/R000000003
R000000036/2.222222/0224/M000000026/R000000022
R000000035/2.469136/0041/R000000036
R000000034/3.978052/0169/R000000035/R000000009
R000000037/2.469136/0024/R000000025
R000000037/2.469136/0040/R000000036
R000000039/3.717421/0169/R000000009/R000000029
R000000039/4.828533/0261/R000000009/R000000030/R000000031
R000000038/4.130468/0024/R000000039
R000000040/3.717421/0169/R000000009/R000000033
R000000040/3.717421/0274/R000000009/R000000021
R000000038/4.130468/0040/R000000040
R000000034/7.332894/0212/R000000037/R000000038
R000000001/4.420058/0099/R000000034
Q000000002/Analysis Failed
Q000000003/Analysis Failed
<NEXT>