#
#  Reaction log file
#  Author: LigBuilder V3 User_Diana
#  Creation time: Thu Apr  9 21:14:55 2026
#  Format:
#  QueryMoleculeId/Cost/SynthesizeId/ReactantId1/ReactantId2/ReactantId3.....
#  Id prefix:
#  Q --- Query Molecule
#  M --- Material
#  R --- Reactant
#
Directory      result/synthesize_PfHDAC1/80/DATABASE/
#
Q000000001/3.854596/0000/R000000001
R000000004/1.000000/0000/Guesstimate
R000000005/1.000000/0000/Guesstimate
R000000003/2.222222/0112/R000000004/R000000005
R000000007/1.000000/0000/Guesstimate
R000000006/2.222222/0112/R000000007/R000000005
R000000003/2.469136/0294/R000000006
R000000002/2.469136/0147/R000000003
R000000008/2.469136/0147/R000000006
R000000002/2.743484/0294/R000000008
R000000009/1.000000/0000/Guesstimate
R000000001/3.854596/0018/R000000002/R000000009
M000000013/1.000000/0000/Sigma_BB-28830366
R000000012/1.111111/0087/M000000013
R000000011/1.234568/0079/R000000012
M000000015/1.000000/0000/Sigma_BB-28783903
R000000014/1.111111/0293/M000000015
R000000011/1.234568/0082/R000000014
R000000010/4.115227/0018/R000000002/R000000011
R000000017/1.000000/0000/Guesstimate
R000000016/3.854596/0018/R000000002/R000000017
R000000019/1.000000/0000/Guesstimate
R000000018/3.854596/0018/R000000002/R000000019
R000000016/4.282884/0024/R000000018
R000000022/1.000000/0000/Guesstimate
R000000021/2.345679/0276/R000000012/R000000022
R000000021/2.345679/0278/R000000012/R000000022
R000000020/2.606310/0024/R000000021
R000000024/1.000000/0000/Guesstimate
R000000023/2.345679/0174/R000000012/R000000024
R000000023/2.345679/0289/R000000012/R000000024
R000000020/2.606310/0025/R000000023
R000000010/7.178785/0212/R000000016/R000000020
R000000001/4.572474/0028/R000000010
Q000000002/3.854596/0000/R000000001
Q000000003/3.854596/0000/R000000001
Q000000004/3.854596/0000/R000000001
<NEXT>