#
#  Reaction log file
#  Author: LigBuilder V3 User_Diana
#  Creation time: Thu Apr  9 21:13:14 2026
#  Format:
#  QueryMoleculeId/Cost/SynthesizeId/ReactantId1/ReactantId2/ReactantId3.....
#  Id prefix:
#  Q --- Query Molecule
#  M --- Material
#  R --- Reactant
#
Directory      result/synthesize_PfHDAC1/1/DATABASE/
#
Q000000001/4.007011/0000/R000000001
R000000005/1.000000/0000/Guesstimate
R000000004/1.111111/0288/R000000005
R000000006/1.000000/0000/Guesstimate
R000000003/2.345679/0301/R000000004/R000000006
R000000003/2.345679/0301/R000000004/R000000006
R000000002/2.606310/0295/R000000003
R000000007/1.000000/0000/Guesstimate
R000000001/4.007011/0224/R000000002/R000000007
R000000008/3.717421/0224/R000000003/R000000007
R000000009/2.345679/0224/R000000004/R000000007
R000000011/1.000000/0000/Guesstimate
R000000010/2.345679/0224/R000000004/R000000011
R000000009/2.606310/0147/R000000010
R000000008/3.717421/0301/R000000009/R000000006
R000000001/4.130468/0295/R000000008
Q000000002/4.452235/0000/R000000012
R000000014/1.000000/0000/Guesstimate
R000000013/4.007011/0224/R000000002/R000000014
R000000017/1.000000/0000/Guesstimate
R000000016/4.007011/0224/R000000002/R000000017
R000000015/4.452235/0079/R000000016
R000000019/1.000000/0000/Guesstimate
R000000018/4.007011/0224/R000000002/R000000019
R000000015/4.452235/0082/R000000018
R000000013/4.946928/0040/R000000015
R000000012/4.452235/0197/R000000013
Q000000003/5.531170/0000/R000000020
R000000023/1.000000/0000/Guesstimate
M000000025/1.000000/0000/Sigma_BB-187206312
R000000026/1.000000/0000/Guesstimate
R000000024/2.222222/0301/M000000025/R000000026
R000000028/1.000000/0000/Guesstimate
R000000027/2.222222/0301/M000000025/R000000028
R000000027/2.222222/0301/M000000025/R000000028
R000000029/1.000000/0000/Guesstimate
R000000024/3.580247/0301/R000000027/R000000029
R000000022/3.580247/0224/R000000023/R000000024
R000000030/3.580247/0224/R000000023/R000000027
R000000032/1.000000/0000/Guesstimate
R000000031/3.580247/0224/R000000032/R000000027
R000000030/3.978053/0294/R000000031
R000000022/5.089163/0301/R000000030/R000000029
R000000021/3.978053/0139/R000000022
R000000021/5.089163/0122/R000000030/R000000007
R000000033/1.000000/0000/Guesstimate
R000000020/5.531170/0018/R000000021/R000000033
R000000037/1.000000/0000/Guesstimate
M000000038/1.000000/0000/Sigma_BB-234767090
R000000036/2.222222/0224/R000000037/M000000038
R000000039/1.000000/0000/Guesstimate
R000000035/3.580247/0004/R000000036/R000000039
R000000041/1.000000/0000/Guesstimate
R000000040/3.580247/0003/R000000036/R000000041
R000000035/3.978053/0040/R000000040
M000000043/1.000000/0000/Sigma_BB-28427694
M000000045/1.000000/0000/Sigma_BB-28764950
R000000044/1.111111/0197/M000000045
R000000042/2.345679/0212/M000000043/R000000044
R000000046/2.222222/0212/M000000043/M000000045
R000000046/2.222222/0212/M000000043/M000000045
R000000042/2.469136/0197/R000000046
R000000034/6.584363/0212/R000000035/R000000042
R000000034/6.584363/0212/R000000035/R000000042
R000000020/7.315958/0028/R000000034
<NEXT>