#
#  Reaction log file
#  Author: LigBuilder V3 User_Diana
#  Creation time: Thu Apr  9 21:13:46 2026
#  Format:
#  QueryMoleculeId/Cost/SynthesizeId/ReactantId1/ReactantId2/ReactantId3.....
#  Id prefix:
#  Q --- Query Molecule
#  M --- Material
#  R --- Reactant
#
Directory      result/synthesize_PfHDAC1/38/DATABASE/
#
Q000000001/5.807042/0000/R000000001
R000000005/1.000000/0000/Guesstimate
R000000006/1.000000/0000/Guesstimate
R000000007/1.000000/0000/Guesstimate
R000000004/3.333333/0261/R000000005/R000000006/R000000007
R000000003/3.703704/0122/R000000004
R000000008/1.000000/0000/Guesstimate
R000000002/5.226338/0224/R000000003/R000000008
R000000010/1.000000/0000/Guesstimate
R000000009/5.226338/0224/R000000003/R000000010
R000000012/1.000000/0000/Guesstimate
R000000011/5.226338/0224/R000000003/R000000012
R000000009/5.807042/0156/R000000011
R000000002/5.807042/0260/R000000009
R000000001/5.807042/0024/R000000002
R000000016/1.000000/0000/Guesstimate
R000000015/3.333333/0261/R000000016/R000000006/R000000007
R000000017/1.000000/0000/Guesstimate
R000000015/4.814815/0224/R000000004/R000000017
R000000014/3.703704/0122/R000000015
R000000014/5.226338/0224/R000000003/R000000017
R000000019/1.000000/0000/Guesstimate
R000000018/1.111111/0287/R000000019
R000000020/7.400000/0000/Guesstimate
R000000018/8.222222/0197/R000000020
R000000013/5.349795/0112/R000000014/R000000018
R000000023/1.000000/0000/Guesstimate
R000000022/3.333333/0261/R000000023/R000000006/R000000007
R000000021/3.703704/0122/R000000022
R000000026/1.000000/0000/Guesstimate
R000000025/2.222222/0174/R000000026/R000000019
R000000025/2.222222/0289/R000000026/R000000019
R000000024/2.469136/0197/R000000025
R000000024/8.222222/0091/R000000020
R000000013/6.858711/0112/R000000021/R000000024
R000000001/5.944217/0025/R000000013
Q000000002/5.807042/0000/R000000001
Q000000003/5.807042/0000/R000000001
<NEXT>