#
#  Reaction log file
#  Author: LigBuilder V3 User_Diana
#  Creation time: Thu Apr  9 21:19:06 2026
#  Format:
#  QueryMoleculeId/Cost/SynthesizeId/ReactantId1/ReactantId2/ReactantId3.....
#  Id prefix:
#  Q --- Query Molecule
#  M --- Material
#  R --- Reactant
#
Directory      result/synthesize_PfHDAC1/265/DATABASE/
#
Q000000001/5.639385/0000/R000000001
R000000005/1.000000/0000/Guesstimate
R000000004/1.111111/0288/R000000005
M000000006/1.000000/0000/Sigma_BB-358949958
R000000004/1.111111/0293/M000000006
R000000007/1.000000/0000/Guesstimate
R000000003/2.345679/0064/R000000004/R000000007
R000000009/1.000000/0000/Guesstimate
R000000008/2.345679/0062/R000000004/R000000009
R000000003/2.606310/0040/R000000008
R000000011/1.000000/0000/Guesstimate
R000000012/1.000000/0000/Guesstimate
R000000010/2.222222/0274/R000000011/R000000012
R000000014/1.000000/0000/Guesstimate
R000000013/2.222222/0274/R000000014/R000000012
R000000010/2.469136/0082/R000000013
R000000002/5.075447/0122/R000000003/R000000010
R000000015/3.703704/0122/R000000004/R000000010
R000000016/3.580247/0122/R000000005/R000000010
R000000015/3.978053/0288/R000000016
R000000002/5.226338/0064/R000000015/R000000007
R000000001/5.639385/0279/R000000002
R000000018/3.703704/0279/R000000004/R000000010
R000000018/3.703704/0279/R000000004/R000000010
R000000017/5.226338/0064/R000000018/R000000007
R000000019/3.717421/0279/R000000003/R000000012
R000000019/3.717421/0279/R000000003/R000000012
R000000017/5.241580/0274/R000000019/R000000011
R000000001/5.807042/0122/R000000017
Q000000002/5.639385/0000/R000000001
Q000000003/5.639385/0000/R000000001
<NEXT>