#
#  Reaction log file
#  Author: LigBuilder V3 User_Diana
#  Creation time: Thu Apr  9 21:15:53 2026
#  Format:
#  QueryMoleculeId/Cost/SynthesizeId/ReactantId1/ReactantId2/ReactantId3.....
#  Id prefix:
#  Q --- Query Molecule
#  M --- Material
#  R --- Reactant
#
Directory      result/synthesize_PfHDAC1/136/DATABASE/
#
Q000000001/4.130468/0000/R000000001
R000000003/1.000000/0000/Guesstimate
R000000005/1.000000/0000/Guesstimate
M000000007/1.000000/0000/Sigma_BB-28767253
R000000006/1.111111/0217/M000000007
R000000008/1.000000/0000/Guesstimate
R000000009/1.000000/0000/Guesstimate
R000000006/2.222222/0274/R000000008/R000000009
R000000004/2.345679/0081/R000000005/R000000006
R000000010/1.234568/0156/R000000006
R000000011/1.000000/0000/Guesstimate
R000000010/2.222222/0274/R000000011/R000000009
R000000004/2.482853/0210/R000000005/R000000010
R000000002/3.717421/0003/R000000003/R000000004
R000000013/1.000000/0000/Guesstimate
R000000014/1.000000/0000/Guesstimate
R000000012/2.222222/0018/R000000013/R000000014
R000000017/1.000000/0000/Guesstimate
R000000018/1.000000/0000/Guesstimate
R000000016/2.222222/0004/R000000017/R000000018
R000000021/1.000000/0000/Guesstimate
R000000020/1.111111/0040/R000000021
R000000022/1.000000/0000/Guesstimate
R000000020/2.222222/0004/R000000022/R000000018
R000000023/1.000000/0000/Guesstimate
R000000019/2.345679/0004/R000000020/R000000023
R000000016/2.606310/0009/R000000019
R000000015/2.469136/0086/R000000016
R000000015/2.469136/0091/R000000016
R000000012/2.743484/0041/R000000015
R000000024/2.606310/0197/R000000004
R000000002/5.365036/0112/R000000012/R000000024
R000000001/4.130468/0147/R000000002
R000000030/1.000000/0000/Guesstimate
R000000029/1.111111/0125/R000000030
R000000031/1.000000/0000/Guesstimate
R000000029/2.222222/0112/R000000030/R000000031
R000000028/1.234568/0041/R000000029
R000000032/1.000000/0000/Guesstimate
R000000028/2.222222/0018/R000000032/R000000014
M000000033/1.000000/0000/Sigma_BB-27733356
R000000027/2.482853/0003/R000000028/M000000033
R000000026/2.758726/0285/R000000027
R000000036/1.000000/0000/Guesstimate
R000000037/1.000000/0000/Guesstimate
R000000035/2.222222/0169/R000000036/R000000037
R000000038/1.000000/0000/Guesstimate
R000000035/3.333333/0225/R000000037/R000000037/R000000038
R000000034/2.469136/0139/R000000035
M000000040/1.000000/0000/Sigma_BB-30441135
R000000039/2.222222/0169/M000000040/R000000037
R000000041/1.000000/0000/Guesstimate
R000000039/3.333333/0225/R000000041/R000000037/R000000038
R000000034/2.469136/0150/R000000039
R000000025/5.808736/0277/R000000026/R000000034
R000000001/6.454152/0099/R000000025
Q000000002/2.895900/0000/R000000042
R000000046/1.000000/0000/Guesstimate
R000000045/1.111111/0228/R000000046
R000000045/1.111111/0286/R000000046
R000000047/1.000000/0000/Guesstimate
R000000044/2.345679/0224/R000000045/R000000047
R000000048/2.222222/0224/R000000046/R000000047
R000000044/2.469136/0228/R000000048
R000000043/2.606310/0118/R000000044
R000000043/3.717421/0112/R000000044/R000000031
R000000042/2.895900/0059/R000000043
R000000051/1.234568/0118/R000000045
R000000051/2.345679/0112/R000000045/R000000031
R000000052/1.000000/0000/Guesstimate
R000000050/2.482853/0224/R000000051/R000000052
R000000054/1.000000/0000/Guesstimate
R000000053/2.482853/0224/R000000051/R000000054
R000000050/2.758726/0257/R000000053
R000000049/2.758726/0059/R000000050
R000000056/1.371742/0059/R000000051
R000000057/1.000000/0000/Guesstimate
R000000056/2.482853/0224/R000000051/R000000057
R000000058/1.000000/0000/Guesstimate
R000000055/2.635269/0224/R000000056/R000000058
R000000059/2.345679/0224/R000000045/R000000058
R000000060/1.000000/0000/Guesstimate
R000000055/3.717421/0301/R000000059/R000000060
R000000049/2.928077/0082/R000000055
R000000042/3.065251/0147/R000000049
Q000000003/2.895900/0000/R000000042
Q000000004/Analysis Failed
<NEXT>