#
#  Reaction log file
#  Author: LigBuilder V3 User_Diana
#  Creation time: Thu Apr  9 21:14:53 2026
#  Format:
#  QueryMoleculeId/Cost/SynthesizeId/ReactantId1/ReactantId2/ReactantId3.....
#  Id prefix:
#  Q --- Query Molecule
#  M --- Material
#  R --- Reactant
#
Directory      result/synthesize_PfHDAC1/90/DATABASE/
#
Q000000001/2.743484/0000/R000000001
R000000004/1.000000/0000/Guesstimate
R000000005/1.000000/0000/Guesstimate
R000000003/2.222222/0170/R000000004/R000000005
R000000006/1.000000/0000/Guesstimate
R000000007/1.000000/0000/Guesstimate
R000000003/2.222222/0170/R000000006/R000000007
R000000002/2.469136/0082/R000000003
R000000010/1.000000/0000/Guesstimate
R000000009/1.111111/0125/R000000010
R000000011/1.000000/0000/Guesstimate
R000000009/2.222222/0112/R000000010/R000000011
R000000008/2.345679/0224/R000000009/R000000005
R000000013/1.000000/0000/Guesstimate
R000000012/2.345679/0224/R000000009/R000000013
R000000014/1.000000/0000/Guesstimate
R000000008/3.717421/0301/R000000012/R000000014
R000000002/2.606310/0079/R000000008
R000000001/2.743484/0041/R000000002
R000000016/1.000000/0000/Guesstimate
R000000015/2.222222/0170/R000000016/R000000005
R000000017/1.000000/0000/Guesstimate
R000000015/2.222222/0170/R000000017/R000000007
R000000018/1.000000/0000/Guesstimate
R000000001/3.580247/0018/R000000015/R000000018
Q000000002/2.743484/0000/R000000019
R000000022/1.000000/0000/Guesstimate
R000000021/2.222222/0170/R000000004/R000000022
R000000023/1.000000/0000/Guesstimate
R000000021/2.222222/0170/R000000006/R000000023
R000000020/2.469136/0082/R000000021
R000000025/1.234568/0059/R000000009
R000000026/1.000000/0000/Guesstimate
R000000025/2.345679/0224/R000000009/R000000026
R000000024/2.482853/0170/R000000025/R000000023
R000000027/1.000000/0000/Guesstimate
R000000024/2.482853/0224/R000000025/R000000027
R000000020/2.758726/0079/R000000024
R000000019/2.743484/0041/R000000020
R000000028/2.222222/0170/R000000016/R000000022
R000000028/2.222222/0170/R000000017/R000000023
R000000019/3.580247/0018/R000000028/R000000018
Q000000003/2.606310/0000/R000000029
R000000031/1.000000/0000/Guesstimate
R000000030/1.111111/0125/R000000031
R000000030/2.222222/0112/R000000031/R000000011
R000000034/1.000000/0000/Guesstimate
R000000033/1.111111/0288/R000000034
R000000035/1.111111/0245/R000000034
R000000035/1.111111/0245/R000000034
R000000033/1.234568/0155/R000000035
R000000032/1.234568/0295/R000000033
R000000032/1.234568/0295/R000000033
R000000029/2.606310/0256/R000000030/R000000032
R000000038/1.234568/0040/R000000030
R000000037/1.371742/0091/R000000038
R000000040/1.000000/0000/Guesstimate
R000000039/2.222222/0112/R000000031/R000000040
R000000037/2.469136/0197/R000000039
R000000036/2.895900/0112/R000000037/R000000032
R000000042/2.482853/0112/R000000040/R000000032
R000000041/2.758726/0197/R000000042
R000000041/2.758726/0197/R000000042
R000000036/4.176363/0112/R000000031/R000000041
R000000029/3.217667/0233/R000000036
<NEXT>