#
#  Reaction log file
#  Author: LigBuilder V3 User_Diana
#  Creation time: Thu Apr  9 21:16:21 2026
#  Format:
#  QueryMoleculeId/Cost/SynthesizeId/ReactantId1/ReactantId2/ReactantId3.....
#  Id prefix:
#  Q --- Query Molecule
#  M --- Material
#  R --- Reactant
#
Directory      result/synthesize_PfHDAC1/175/DATABASE/
#
Q000000001/4.282884/0000/R000000001
M000000005/1.000000/0000/Sigma_BB-326673145
R000000006/1.000000/0000/Guesstimate
R000000004/2.222222/0112/M000000005/R000000006
R000000007/1.000000/0000/Guesstimate
M000000008/1.000000/0000/Sigma_BB-28426395
R000000004/2.222222/0112/R000000007/M000000008
R000000003/2.469136/0059/R000000004
R000000010/1.000000/0000/Guesstimate
M000000011/1.000000/0000/Sigma_BB-28457653
R000000009/2.222222/0231/R000000010/M000000011
R000000003/2.469136/0082/R000000009
R000000012/1.000000/0000/Guesstimate
R000000002/3.854596/0003/R000000003/R000000012
M000000015/1.000000/0000/Sigma_BB-28888941
R000000014/2.222222/0112/R000000007/M000000015
R000000014/3.580247/0112/R000000004/R000000006
R000000013/2.469136/0059/R000000014
R000000016/2.469136/0125/R000000009
R000000016/3.580247/0112/R000000009/R000000006
R000000013/2.743484/0082/R000000016
R000000017/1.000000/0000/Guesstimate
R000000002/3.854596/0049/R000000013/R000000017
R000000001/4.282884/0041/R000000002
R000000020/2.222222/0003/M000000005/R000000012
M000000021/1.000000/0000/Sigma_BB-28767380
R000000020/2.222222/0175/M000000021/R000000007
R000000019/2.469136/0041/R000000020
M000000023/1.000000/0000/Sigma_BB-27187535
R000000024/1.000000/0000/Guesstimate
R000000022/2.222222/0175/M000000023/R000000024
R000000022/2.222222/0290/M000000023/R000000024
R000000019/2.469136/0091/R000000022
R000000018/3.854596/0112/R000000019/R000000006
R000000026/2.222222/0003/M000000008/R000000012
R000000026/2.222222/0049/M000000015/R000000017
R000000025/2.469136/0041/R000000026
R000000027/2.222222/0112/M000000008/R000000024
M000000028/1.000000/0000/Sigma_BB-28766449
R000000027/2.222222/0174/M000000028/R000000024
R000000025/2.469136/0147/R000000027
R000000018/3.854596/0112/R000000007/R000000025
R000000001/4.282884/0059/R000000018
Q000000002/4.282884/0000/R000000001
Q000000003/4.282884/0000/R000000001
<NEXT>