#
#  Reaction log file
#  Author: LigBuilder V3 User_Diana
#  Creation time: Thu Apr  9 21:19:09 2026
#  Format:
#  QueryMoleculeId/Cost/SynthesizeId/ReactantId1/ReactantId2/ReactantId3.....
#  Id prefix:
#  Q --- Query Molecule
#  M --- Material
#  R --- Reactant
#
Directory      result/synthesize_PfHDAC1/281/DATABASE/
#
Q000000001/2.758726/0000/R000000001
M000000005/1.000000/0000/Sigma_BB-66456527
R000000004/1.111111/0287/M000000005
R000000003/1.234568/0299/R000000004
M000000007/1.000000/0000/Sigma_BB-66456526
R000000006/1.111111/0287/M000000007
R000000003/1.234568/0299/R000000006
R000000008/1.000000/0000/Guesstimate
R000000002/2.482853/0175/R000000003/R000000008
R000000002/2.482853/0290/R000000003/R000000008
R000000001/2.758726/0139/R000000002
M000000010/1.000000/0000/Sigma_BB-48767194
R000000009/2.482853/0175/R000000003/M000000010
R000000009/2.482853/0290/R000000003/M000000010
R000000001/2.758726/0150/R000000009
Q000000002/2.758726/0000/R000000001
Q000000003/Analysis Failed
Q000000004/4.420059/0000/R000000011
M000000014/1.000000/0000/Sigma_BB-244164693
R000000013/1.111111/0104/M000000014
R000000013/1.111111/0104/M000000014
R000000017/1.000000/0000/Guesstimate
R000000018/1.000000/0000/Guesstimate
R000000016/2.222222/0256/R000000017/R000000018
R000000015/2.469136/0155/R000000016
R000000020/1.000000/0000/Guesstimate
R000000021/1.000000/0000/Guesstimate
R000000019/3.333333/0225/R000000020/R000000018/R000000021
R000000019/3.333333/0225/R000000020/R000000018/R000000021
R000000015/3.703704/0197/R000000019
R000000012/3.978053/0274/R000000013/R000000015
R000000011/4.420059/0160/R000000012
M000000025/1.000000/0000/Sigma_BB-161396501
R000000024/1.111111/0104/M000000025
R000000024/1.111111/0104/M000000025
R000000023/1.234568/0248/R000000024
M000000027/1.000000/0000/Sigma_BB-28778212
R000000026/1.111111/0104/M000000027
R000000026/1.111111/0104/M000000027
R000000023/1.234568/0257/R000000026
R000000022/4.115227/0274/R000000023/R000000015
R000000011/4.572474/0161/R000000022
<NEXT>