#
#  Reaction log file
#  Author: LigBuilder V3 User_Diana
#  Creation time: Thu Apr  9 21:19:54 2026
#  Format:
#  QueryMoleculeId/Cost/SynthesizeId/ReactantId1/ReactantId2/ReactantId3.....
#  Id prefix:
#  Q --- Query Molecule
#  M --- Material
#  R --- Reactant
#
Directory      result/synthesize_PfHDAC1/299/DATABASE/
#
Q000000001/6.604685/0000/R000000001
R000000005/1.000000/0000/Guesstimate
R000000007/1.000000/0000/Guesstimate
R000000006/1.111111/0125/R000000007
R000000008/1.000000/0000/Guesstimate
R000000006/2.222222/0112/R000000008/R000000007
R000000004/2.345679/0159/R000000005/R000000006
R000000003/2.606310/0059/R000000004
R000000009/9.000000/0000/Guesstimate
R000000003/10.000000/0156/R000000009
R000000013/1.000000/0000/Guesstimate
M000000014/1.000000/0000/Sigma_BB-27928982
R000000012/2.222222/0274/R000000013/M000000014
R000000016/1.000000/0000/Guesstimate
R000000015/2.222222/0274/R000000016/M000000014
R000000017/1.000000/0000/Guesstimate
R000000018/1.000000/0000/Guesstimate
R000000015/3.333333/0261/R000000017/M000000014/R000000018
R000000012/2.469136/0024/R000000015
R000000011/2.469136/0093/R000000012
R000000019/1.000000/0000/Guesstimate
R000000022/1.000000/0000/Guesstimate
R000000021/2.222222/0274/R000000022/M000000014
R000000020/2.469136/0155/R000000021
R000000020/2.469136/0197/R000000012
R000000011/3.854596/0004/R000000019/R000000020
R000000010/2.743484/0086/R000000011
R000000010/2.743484/0091/R000000011
R000000002/5.944216/0174/R000000003/R000000010
R000000025/1.000000/0000/Guesstimate
R000000024/4.007011/0174/R000000003/R000000025
R000000024/4.007011/0289/R000000003/R000000025
R000000023/4.452235/0040/R000000024
R000000027/1.000000/0000/Guesstimate
R000000026/4.007011/0174/R000000003/R000000027
R000000026/4.007011/0289/R000000003/R000000027
R000000023/4.452235/0092/R000000026
R000000002/7.416064/0212/R000000023/R000000012
R000000001/6.604685/0099/R000000002
R000000031/1.000000/0000/Guesstimate
R000000032/1.000000/0000/Guesstimate
R000000030/2.222222/0003/R000000031/R000000032
R000000033/1.000000/0000/Guesstimate
R000000030/2.222222/0003/R000000033/R000000008
R000000029/3.703704/0159/R000000030/R000000006
R000000034/1.000000/0000/Guesstimate
R000000029/3.717421/0175/R000000004/R000000034
R000000028/6.858711/0122/R000000029/R000000020
R000000028/6.858711/0122/R000000029/R000000020
R000000001/7.620790/0059/R000000028
Q000000002/6.604685/0000/R000000001
Q000000003/3.854596/0000/R000000035
M000000038/1.000000/0000/Sigma_BB-28778184
R000000039/1.000000/0000/Guesstimate
R000000037/2.222222/0223/M000000038/R000000039
M000000041/1.000000/0000/Sigma_BB-29205355
R000000040/2.222222/0223/M000000041/R000000039
R000000037/2.469136/0287/R000000040
R000000036/2.469136/0155/R000000037
R000000044/1.000000/0000/Guesstimate
R000000045/1.000000/0000/Guesstimate
R000000043/2.222222/0285/R000000044/R000000045
R000000046/1.000000/0000/Guesstimate
R000000042/3.580247/0159/R000000043/R000000046
R000000048/1.000000/0000/Guesstimate
R000000049/1.000000/0000/Guesstimate
R000000047/2.222222/0279/R000000048/R000000049
R000000047/2.222222/0279/R000000048/R000000049
R000000050/1.000000/0000/Guesstimate
R000000042/3.580247/0159/R000000047/R000000050
R000000036/3.978053/0197/R000000042
R000000051/1.000000/0000/Guesstimate
R000000035/3.854596/0004/R000000036/R000000051
R000000055/1.000000/0000/Guesstimate
R000000054/2.222222/0223/M000000038/R000000055
R000000053/2.469136/0024/R000000054
R000000056/2.743484/0118/R000000036
R000000056/3.854596/0112/R000000036/R000000008
R000000053/3.048316/0040/R000000056
R000000058/1.000000/0000/Guesstimate
R000000057/2.222222/0004/R000000051/R000000058
R000000060/1.000000/0000/Guesstimate
R000000059/2.222222/0004/R000000051/R000000060
R000000057/2.469136/0039/R000000059
R000000052/5.212621/0212/R000000053/R000000057
R000000052/5.212621/0212/R000000053/R000000057
R000000035/5.791801/0024/R000000052
<NEXT>