#
#  Reaction log file
#  Author: LigBuilder V3 User_Diana
#  Creation time: Thu Apr  9 21:13:51 2026
#  Format:
#  QueryMoleculeId/Cost/SynthesizeId/ReactantId1/ReactantId2/ReactantId3.....
#  Id prefix:
#  Q --- Query Molecule
#  M --- Material
#  R --- Reactant
#
Directory      result/synthesize_PfHDAC1/33/DATABASE/
#
Q000000001/Analysis Failed
Q000000002/Analysis Failed
Q000000003/7.315958/0000/R000000001
R000000005/1.000000/0000/Guesstimate
M000000006/1.000000/0000/Sigma_BB-187206312
R000000004/2.222222/0224/R000000005/M000000006
R000000007/1.000000/0000/Guesstimate
R000000003/3.580247/0004/R000000004/R000000007
R000000009/1.000000/0000/Guesstimate
R000000008/3.580247/0277/R000000004/R000000009
R000000010/1.000000/0000/Guesstimate
R000000008/3.580247/0301/R000000004/R000000010
R000000003/3.978053/0024/R000000008
M000000013/1.000000/0000/Sigma_BB-28764950
R000000012/1.111111/0085/M000000013
M000000014/1.000000/0000/Sigma_BB-28702773
R000000011/2.345679/0212/R000000012/M000000014
R000000016/1.000000/0000/Guesstimate
R000000015/2.222222/0004/M000000013/R000000016
R000000015/2.222222/0277/M000000013/R000000016
R000000011/2.469136/0197/R000000015
R000000002/6.584363/0212/R000000003/R000000011
R000000002/6.584363/0212/R000000003/R000000011
R000000001/7.315958/0028/R000000002
R000000019/1.000000/0000/Guesstimate
R000000021/1.000000/0000/Guesstimate
R000000020/2.222222/0301/M000000006/R000000021
R000000020/2.222222/0301/M000000006/R000000021
R000000018/3.580247/0224/R000000019/R000000020
R000000023/1.000000/0000/Guesstimate
R000000022/3.580247/0224/R000000023/R000000020
R000000018/3.978053/0294/R000000022
R000000025/1.000000/0000/Guesstimate
R000000024/2.222222/0003/R000000025/R000000016
M000000027/1.000000/0000/Sigma_BB-28721388
R000000026/2.222222/0212/M000000027/M000000014
R000000026/2.222222/0212/M000000027/M000000014
R000000024/2.469136/0009/R000000026
R000000017/6.447188/0122/R000000018/R000000024
R000000028/5.089163/0003/R000000018/R000000025
R000000029/3.978053/0118/R000000018
R000000030/1.000000/0000/Guesstimate
R000000029/5.089163/0112/R000000018/R000000030
R000000031/1.000000/0000/Guesstimate
R000000028/5.531170/0049/R000000029/R000000031
R000000017/6.765737/0122/R000000028/R000000016
R000000032/1.000000/0000/Guesstimate
R000000001/8.274654/0018/R000000017/R000000032
<NEXT>