#
#  Reaction log file
#  Author: LigBuilder V3 User_Diana
#  Creation time: Thu Apr  9 21:17:54 2026
#  Format:
#  QueryMoleculeId/Cost/SynthesizeId/ReactantId1/ReactantId2/ReactantId3.....
#  Id prefix:
#  Q --- Query Molecule
#  M --- Material
#  R --- Reactant
#
Directory      result/synthesize_PfHDAC1/221/DATABASE/
#
Q000000001/Analysis Failed
Q000000002/Analysis Failed
Q000000003/7.468375/0000/R000000001
R000000004/1.000000/0000/Guesstimate
R000000006/1.000000/0000/Guesstimate
R000000007/1.000000/0000/Guesstimate
R000000005/2.222222/0279/R000000006/R000000007
R000000005/2.222222/0279/R000000006/R000000007
R000000003/3.580247/0042/R000000004/R000000005
M000000009/1.000000/0000/Sigma_BB-28762337
R000000010/1.000000/0000/Guesstimate
R000000008/2.222222/0004/M000000009/R000000010
R000000011/1.000000/0000/Guesstimate
R000000012/1.000000/0000/Guesstimate
R000000008/3.333333/0225/R000000011/R000000010/R000000012
M000000013/1.000000/0000/Sigma_BB-28769516
R000000003/3.580247/0212/R000000008/M000000013
R000000016/1.000000/0000/Guesstimate
R000000017/1.000000/0000/Guesstimate
R000000015/2.222222/0279/R000000016/R000000017
R000000015/2.222222/0279/R000000016/R000000017
R000000014/2.469136/0125/R000000015
R000000018/1.000000/0000/Guesstimate
R000000014/3.580247/0112/R000000018/R000000015
R000000002/6.721537/0159/R000000003/R000000014
R000000001/7.468375/0150/R000000002
R000000022/1.000000/0000/Guesstimate
R000000023/1.000000/0000/Guesstimate
R000000021/2.222222/0004/R000000022/R000000023
R000000024/1.000000/0000/Guesstimate
R000000021/3.333333/0225/R000000022/R000000024/R000000012
R000000020/3.580247/0212/R000000021/M000000013
R000000020/3.580247/0212/R000000021/M000000013
R000000019/6.721537/0159/R000000020/R000000014
R000000026/1.000000/0000/Guesstimate
R000000025/3.854596/0159/R000000026/R000000014
R000000029/1.000000/0000/Guesstimate
R000000028/1.111111/0058/R000000029
R000000030/1.000000/0000/Guesstimate
R000000031/1.000000/0000/Guesstimate
R000000028/2.222222/0224/R000000030/R000000031
R000000032/1.000000/0000/Guesstimate
R000000027/2.345679/0122/R000000028/R000000032
R000000033/2.222222/0122/R000000029/R000000032
R000000034/1.000000/0000/Guesstimate
R000000035/1.000000/0000/Guesstimate
R000000033/2.222222/0301/R000000034/R000000035
R000000027/2.469136/0058/R000000033
R000000019/6.889194/0231/R000000025/R000000027
R000000001/7.468375/0150/R000000019
Q000000004/5.944217/0000/R000000036
R000000040/1.000000/0000/Guesstimate
R000000041/1.000000/0000/Guesstimate
R000000039/2.222222/0224/R000000040/R000000041
R000000038/2.469136/0085/R000000039
R000000043/1.000000/0000/Guesstimate
R000000042/3.580247/0004/R000000039/R000000043
R000000038/3.978053/0197/R000000042
M000000046/1.000000/0000/Sigma_BB-28764950
R000000045/1.111111/0085/M000000046
M000000047/1.000000/0000/Sigma_BB-31058715
R000000044/2.345679/0212/R000000045/M000000047
R000000049/1.000000/0000/Guesstimate
R000000048/2.222222/0004/M000000046/R000000049
R000000048/2.222222/0277/M000000046/R000000049
R000000044/2.469136/0197/R000000048
R000000037/5.349795/0212/R000000038/R000000044
R000000037/5.349795/0212/R000000038/R000000044
R000000036/5.944217/0028/R000000037
R000000052/2.222222/0212/M000000046/M000000047
R000000052/2.222222/0212/M000000046/M000000047
R000000051/2.469136/0085/R000000052
R000000053/3.580247/0004/R000000052/R000000043
R000000051/3.978053/0197/R000000053
R000000050/5.486969/0212/R000000038/R000000051
R000000050/5.486969/0212/R000000038/R000000051
R000000036/6.096632/0028/R000000050
<NEXT>