#
#  Reaction log file
#  Author: LigBuilder V3 User_Diana
#  Creation time: Thu Apr  9 21:13:43 2026
#  Format:
#  QueryMoleculeId/Cost/SynthesizeId/ReactantId1/ReactantId2/ReactantId3.....
#  Id prefix:
#  Q --- Query Molecule
#  M --- Material
#  R --- Reactant
#
Directory      result/synthesize_PfHDAC1/44/DATABASE/
#
Q000000001/5.807042/0000/R000000001
R000000005/1.000000/0000/Guesstimate
R000000006/1.000000/0000/Guesstimate
R000000007/1.000000/0000/Guesstimate
R000000004/3.333333/0261/R000000005/R000000006/R000000007
R000000003/3.703704/0122/R000000004
R000000008/1.000000/0000/Guesstimate
R000000002/5.226338/0112/R000000003/R000000008
R000000010/1.000000/0000/Guesstimate
R000000009/5.226338/0301/R000000003/R000000010
R000000012/1.000000/0000/Guesstimate
R000000011/5.226338/0301/R000000003/R000000012
R000000011/5.226338/0301/R000000003/R000000012
R000000013/1.000000/0000/Guesstimate
R000000009/6.918153/0274/R000000011/R000000013
R000000002/5.807042/0257/R000000009
R000000001/5.807042/0040/R000000002
R000000015/4.115227/0040/R000000003
R000000016/1.000000/0000/Guesstimate
R000000014/5.683586/0004/R000000015/R000000016
R000000014/5.683586/0277/R000000015/R000000016
R000000017/1.000000/0000/Guesstimate
R000000001/7.426207/0049/R000000014/R000000017
Q000000002/5.807042/0000/R000000001
Q000000003/5.807042/0000/R000000001
<NEXT>