#
#  Reaction log file
#  Author: LigBuilder V3 User_Diana
#  Creation time: Thu Apr  9 21:16:05 2026
#  Format:
#  QueryMoleculeId/Cost/SynthesizeId/ReactantId1/ReactantId2/ReactantId3.....
#  Id prefix:
#  Q --- Query Molecule
#  M --- Material
#  R --- Reactant
#
Directory      result/synthesize_PfHDAC1/163/DATABASE/
#
Q000000001/5.791801/0000/R000000001
R000000005/1.000000/0000/Guesstimate
R000000006/1.000000/0000/Guesstimate
R000000004/2.222222/0274/R000000005/R000000006
R000000003/2.469136/0004/R000000004
M000000010/1.000000/0000/Sigma_BB-28799125
R000000011/1.000000/0000/Guesstimate
R000000009/2.222222/0279/M000000010/R000000011
R000000009/2.222222/0279/M000000010/R000000011
R000000008/2.469136/0274/R000000009
R000000012/2.222222/0274/M000000010/R000000011
R000000008/2.469136/0279/R000000012
R000000007/2.743484/0228/R000000008
R000000007/2.743484/0286/R000000008
R000000003/3.048316/0156/R000000007
R000000014/1.000000/0000/Guesstimate
M000000015/1.000000/0000/Sigma_BB-28491666
R000000013/2.222222/0012/R000000014/M000000015
R000000017/1.000000/0000/Guesstimate
R000000019/1.000000/0000/Guesstimate
R000000018/1.111111/0040/R000000019
R000000020/1.000000/0000/Guesstimate
R000000021/1.000000/0000/Guesstimate
R000000018/2.222222/0004/R000000020/R000000021
R000000016/2.345679/0279/R000000017/R000000018
R000000016/2.345679/0279/R000000017/R000000018
R000000022/1.000000/0000/Guesstimate
R000000013/3.717421/0049/R000000016/R000000022
R000000002/5.212621/0301/R000000003/R000000013
R000000002/5.212621/0301/R000000003/R000000013
R000000001/5.791801/0188/R000000002
R000000026/1.000000/0000/Guesstimate
R000000025/1.111111/0125/R000000026
R000000027/1.000000/0000/Guesstimate
R000000025/2.222222/0112/R000000026/R000000027
R000000024/2.345679/0012/R000000025/M000000015
R000000029/1.000000/0000/Guesstimate
R000000028/2.345679/0285/R000000025/R000000029
R000000030/1.000000/0000/Guesstimate
R000000024/3.717421/0112/R000000028/R000000030
R000000023/5.349795/0112/R000000008/R000000024
R000000033/1.000000/0000/Guesstimate
R000000032/3.854596/0256/R000000008/R000000033
R000000031/4.282884/0257/R000000032
R000000035/1.000000/0000/Guesstimate
R000000034/2.222222/0012/M000000015/R000000035
R000000034/2.345679/0049/R000000018/R000000022
R000000023/7.227896/0279/R000000031/R000000034
R000000001/5.944217/0147/R000000023
Q000000002/Analysis Failed
Q000000003/Analysis Failed
<NEXT>