#
#  Reaction log file
#  Author: LigBuilder V3 User_Diana
#  Creation time: Thu Apr  9 21:13:44 2026
#  Format:
#  QueryMoleculeId/Cost/SynthesizeId/ReactantId1/ReactantId2/ReactantId3.....
#  Id prefix:
#  Q --- Query Molecule
#  M --- Material
#  R --- Reactant
#
Directory      result/synthesize_PfHDAC1/42/DATABASE/
#
Q000000001/4.130468/0000/R000000001
R000000003/1.000000/0000/Guesstimate
R000000005/1.000000/0000/Guesstimate
R000000007/1.000000/0000/Guesstimate
R000000006/1.111111/0198/R000000007
R000000008/1.000000/0000/Guesstimate
R000000009/1.000000/0000/Guesstimate
R000000006/2.222222/0122/R000000008/R000000009
R000000004/2.345679/0003/R000000005/R000000006
M000000011/1.000000/0000/Sigma_BB-28778979
R000000010/2.345679/0003/M000000011/R000000006
M000000012/1.000000/0000/Sigma_BB-28779625
R000000010/2.345679/0277/M000000012/R000000006
R000000004/2.606310/0009/R000000010
R000000002/3.717421/0261/R000000003/R000000004
R000000015/1.000000/0000/Guesstimate
R000000014/2.222222/0003/R000000005/R000000015
R000000016/1.000000/0000/Guesstimate
R000000017/1.000000/0000/Guesstimate
R000000014/2.222222/0112/R000000016/R000000017
R000000013/3.580247/0261/R000000003/R000000014
R000000018/3.333333/0261/R000000003/R000000005/R000000015
R000000013/3.703704/0003/R000000018
R000000019/1.000000/0000/Guesstimate
R000000002/5.089163/0301/R000000013/R000000019
R000000001/4.130468/0099/R000000002
R000000023/1.000000/0000/Guesstimate
R000000024/1.000000/0000/Guesstimate
R000000022/2.222222/0001/R000000023/R000000024
R000000025/1.000000/0000/Guesstimate
R000000022/2.222222/0004/R000000023/R000000025
M000000027/1.000000/0000/Sigma_BB-28828989
R000000026/2.222222/0122/M000000027/R000000009
M000000028/1.000000/0000/Sigma_BB-34697964
R000000029/1.000000/0000/Guesstimate
R000000026/2.222222/0212/M000000028/R000000029
R000000021/4.938272/0274/R000000022/R000000026
R000000031/1.000000/0000/Guesstimate
R000000030/2.222222/0001/R000000031/R000000024
R000000030/2.222222/0004/R000000031/R000000025
M000000033/1.000000/0000/Sigma_BB-28775613
R000000032/2.222222/0122/M000000033/R000000009
R000000034/1.000000/0000/Guesstimate
M000000035/1.000000/0000/Sigma_BB-30582398
R000000032/2.222222/0212/R000000034/M000000035
R000000021/4.938272/0274/R000000030/R000000032
R000000020/6.598080/0119/R000000021/R000000003
R000000038/1.000000/0000/Guesstimate
R000000037/3.580247/0274/R000000038/R000000026
R000000039/1.000000/0000/Guesstimate
R000000037/3.580247/0274/R000000039/R000000032
R000000036/5.089163/0112/R000000037/R000000025
R000000041/1.000000/0000/Guesstimate
R000000040/4.691358/0261/R000000041/R000000016/R000000032
R000000042/1.000000/0000/Guesstimate
R000000036/6.323731/0112/R000000040/R000000042
R000000020/6.765737/0224/R000000036/R000000005
R000000001/7.331201/0122/R000000020
Q000000002/5.807042/0000/R000000043
R000000047/1.000000/0000/Guesstimate
R000000048/1.000000/0000/Guesstimate
R000000046/3.333333/0261/R000000047/R000000048/R000000017
R000000045/3.703704/0122/R000000046
R000000049/3.580247/0261/R000000047/R000000014
R000000045/3.978053/0099/R000000049
R000000050/1.000000/0000/Guesstimate
R000000044/5.226338/0301/R000000045/R000000050
R000000044/5.226338/0301/R000000045/R000000050
R000000043/5.807042/0040/R000000044
R000000054/1.000000/0000/Guesstimate
R000000053/3.580247/0261/R000000054/R000000014
R000000052/3.978053/0099/R000000053
R000000051/5.531170/0301/R000000052/R000000050
R000000051/5.531170/0301/R000000052/R000000050
R000000043/6.145744/0024/R000000051
Q000000003/6.145744/0000/R000000055
R000000058/3.580247/0274/R000000022/M000000027
R000000057/3.978053/0122/R000000058
R000000059/3.580247/0122/R000000022/M000000027
R000000057/3.978053/0274/R000000059
R000000056/5.531170/0119/R000000057/R000000054
R000000060/5.531170/0119/R000000057/R000000041
R000000061/5.089163/0119/R000000059/R000000041
R000000061/5.089163/0280/R000000059/R000000041
R000000060/5.654626/0274/R000000061
R000000062/1.000000/0000/Guesstimate
R000000056/7.256855/0224/R000000060/R000000062
R000000055/6.145744/0024/R000000056
R000000065/1.000000/0000/Guesstimate
R000000064/5.531170/0119/R000000057/R000000065
R000000066/5.089163/0119/R000000058/R000000065
R000000066/5.089163/0280/R000000058/R000000065
R000000064/5.654626/0122/R000000066
R000000068/1.000000/0000/Guesstimate
R000000067/1.111111/0287/R000000068
R000000069/7.400000/0000/Guesstimate
R000000067/8.222222/0197/R000000069
R000000063/7.380312/0112/R000000064/R000000067
R000000071/1.000000/0000/Guesstimate
R000000070/5.531170/0119/R000000057/R000000071
R000000072/5.089163/0119/R000000058/R000000071
R000000072/5.089163/0280/R000000058/R000000071
R000000070/5.654626/0122/R000000072
R000000075/1.000000/0000/Guesstimate
R000000074/2.222222/0174/R000000075/R000000068
R000000074/2.222222/0289/R000000075/R000000068
R000000073/2.469136/0197/R000000074
R000000073/8.222222/0091/R000000069
R000000063/8.889229/0112/R000000070/R000000073
R000000055/8.200347/0025/R000000063
<NEXT>