#
#  Reaction log file
#  Author: LigBuilder V3 User_Diana
#  Creation time: Thu Apr  9 21:15:01 2026
#  Format:
#  QueryMoleculeId/Cost/SynthesizeId/ReactantId1/ReactantId2/ReactantId3.....
#  Id prefix:
#  Q --- Query Molecule
#  M --- Material
#  R --- Reactant
#
Directory      result/synthesize_PfHDAC1/130/DATABASE/
#
Q000000001/Analysis Failed
Q000000002/3.048316/0000/R000000001
M000000005/1.000000/0000/Sigma_BB-159431637
R000000004/1.111111/0155/M000000005
M000000006/1.000000/0000/Sigma_BB-28646086
R000000004/1.111111/0197/M000000006
R000000003/1.234568/0125/R000000004
R000000007/1.000000/0000/Guesstimate
R000000003/2.345679/0112/R000000004/R000000007
R000000010/1.000000/0000/Guesstimate
R000000009/1.111111/0125/R000000010
R000000009/2.222222/0112/R000000007/R000000010
R000000008/1.234568/0040/R000000009
R000000012/1.000000/0000/Guesstimate
R000000011/2.222222/0004/R000000010/R000000012
R000000013/1.000000/0000/Guesstimate
R000000014/1.000000/0000/Guesstimate
R000000011/3.333333/0225/R000000010/R000000013/R000000014
R000000008/2.469136/0216/R000000011
R000000002/2.743484/0274/R000000003/R000000008
R000000017/1.000000/0000/Guesstimate
R000000016/2.222222/0004/M000000005/R000000017
R000000015/2.469136/0009/R000000016
M000000019/1.000000/0000/Sigma_BB-150877455
R000000020/1.000000/0000/Guesstimate
R000000018/2.222222/0224/M000000019/R000000020
R000000015/2.469136/0041/R000000018
R000000023/1.000000/0000/Guesstimate
R000000022/2.222222/0112/R000000023/R000000010
R000000021/2.469136/0197/R000000022
R000000002/5.486969/0275/R000000015/R000000021
R000000001/3.048316/0041/R000000002
M000000027/1.000000/0000/Sigma_BB-30668744
R000000028/1.000000/0000/Guesstimate
R000000026/2.222222/0224/M000000027/R000000028
R000000025/2.469136/0039/R000000026
R000000030/1.000000/0000/Guesstimate
R000000029/2.222222/0224/M000000019/R000000030
R000000025/2.469136/0041/R000000029
R000000024/2.743484/0024/R000000025
R000000031/2.469136/0041/R000000018
R000000033/1.000000/0000/Guesstimate
R000000032/2.222222/0224/M000000027/R000000033
R000000031/2.469136/0079/R000000032
R000000024/2.743484/0040/R000000031
R000000037/1.000000/0000/Guesstimate
R000000036/2.482853/0274/R000000008/R000000037
R000000038/1.000000/0000/Guesstimate
R000000036/3.854596/0275/R000000021/R000000038
R000000035/2.758726/0039/R000000036
R000000040/1.000000/0000/Guesstimate
R000000039/2.482853/0274/R000000008/R000000040
R000000041/1.000000/0000/Guesstimate
R000000039/3.854596/0275/R000000021/R000000041
R000000035/2.758726/0260/R000000039
R000000034/3.065251/0024/R000000035
R000000044/1.000000/0000/Guesstimate
R000000045/1.000000/0000/Guesstimate
R000000043/2.222222/0174/R000000044/R000000045
R000000043/2.222222/0289/R000000044/R000000045
R000000042/3.840878/0274/R000000008/R000000043
R000000047/1.000000/0000/Guesstimate
R000000046/2.222222/0174/R000000047/R000000045
R000000046/3.580247/0274/R000000043/R000000014
R000000042/5.212621/0275/R000000021/R000000046
R000000034/4.267643/0025/R000000042
R000000001/6.454151/0212/R000000024/R000000034
Q000000003/Analysis Failed
<NEXT>