#
#  Reaction log file
#  Author: LigBuilder V3 User_Diana
#  Creation time: Thu Apr  9 21:16:37 2026
#  Format:
#  QueryMoleculeId/Cost/SynthesizeId/ReactantId1/ReactantId2/ReactantId3.....
#  Id prefix:
#  Q --- Query Molecule
#  M --- Material
#  R --- Reactant
#
Directory      result/synthesize_PfHDAC1/180/DATABASE/
#
Q000000001/4.758760/0000/R000000001
R000000004/1.000000/0000/Guesstimate
R000000007/1.000000/0000/Guesstimate
R000000008/1.000000/0000/Guesstimate
R000000006/2.222222/0224/R000000007/R000000008
R000000005/2.469136/0079/R000000006
R000000010/1.000000/0000/Guesstimate
R000000009/2.222222/0224/R000000010/R000000008
R000000005/2.469136/0082/R000000009
R000000003/3.854596/0159/R000000004/R000000005
R000000011/8.700000/0000/Guesstimate
R000000003/9.666667/0165/R000000011
R000000002/4.282884/0287/R000000003
R000000014/1.000000/0000/Guesstimate
R000000015/1.000000/0000/Guesstimate
R000000013/2.222222/0004/R000000014/R000000015
R000000012/2.469136/0009/R000000013
R000000017/1.000000/0000/Guesstimate
R000000018/1.000000/0000/Guesstimate
R000000016/2.222222/0279/R000000017/R000000018
R000000016/2.222222/0279/R000000017/R000000018
R000000012/2.469136/0079/R000000016
R000000002/5.486969/0159/R000000012/R000000005
R000000001/4.758760/0040/R000000002
R000000022/1.000000/0000/Guesstimate
R000000021/2.222222/0279/R000000017/R000000022
R000000021/2.222222/0279/R000000017/R000000022
R000000020/2.469136/0079/R000000021
R000000024/1.000000/0000/Guesstimate
R000000023/2.222222/0279/R000000024/R000000022
R000000023/2.222222/0279/R000000024/R000000022
R000000020/2.469136/0082/R000000023
R000000019/5.486969/0159/R000000020/R000000005
R000000027/1.000000/0000/Guesstimate
R000000028/1.000000/0000/Guesstimate
R000000026/2.222222/0012/R000000027/R000000028
R000000029/1.000000/0000/Guesstimate
R000000030/1.000000/0000/Guesstimate
R000000026/2.222222/0112/R000000029/R000000030
R000000025/5.212621/0159/R000000026/R000000005
R000000019/5.791801/0287/R000000025
R000000001/6.096632/0024/R000000019
Q000000002/Analysis Failed
Q000000003/Analysis Failed
<NEXT>