#
#  Reaction log file
#  Author: LigBuilder V3 User_Diana
#  Creation time: Thu Apr  9 21:14:26 2026
#  Format:
#  QueryMoleculeId/Cost/SynthesizeId/ReactantId1/ReactantId2/ReactantId3.....
#  Id prefix:
#  Q --- Query Molecule
#  M --- Material
#  R --- Reactant
#
Directory      result/synthesize_PfHDAC1/62/DATABASE/
#
Q000000001/5.791801/0000/R000000001
R000000004/1.000000/0000/Guesstimate
R000000005/1.000000/0000/Guesstimate
R000000003/2.222222/0004/R000000004/R000000005
R000000007/1.000000/0000/Guesstimate
R000000006/2.222222/0004/R000000004/R000000007
R000000008/1.000000/0000/Guesstimate
R000000009/1.000000/0000/Guesstimate
R000000006/3.333333/0225/R000000004/R000000008/R000000009
R000000003/2.469136/0045/R000000006
M000000012/1.000000/0000/Sigma_BB-28764950
R000000013/1.000000/0000/Guesstimate
R000000011/2.222222/0004/M000000012/R000000013
R000000011/2.222222/0277/M000000012/R000000013
R000000010/2.469136/0197/R000000011
R000000014/1.111111/0085/M000000012
R000000016/1.000000/0000/Guesstimate
R000000015/1.111111/0040/R000000016
R000000017/1.000000/0000/Guesstimate
R000000018/1.000000/0000/Guesstimate
R000000015/2.222222/0004/R000000017/R000000018
R000000010/2.469136/0212/R000000014/R000000015
R000000002/5.212621/0212/R000000003/R000000010
R000000002/5.212621/0212/R000000003/R000000010
R000000001/5.791801/0028/R000000002
R000000021/2.345679/0212/M000000012/R000000015
R000000021/2.345679/0212/M000000012/R000000015
R000000020/2.606310/0085/R000000021
R000000023/1.000000/0000/Guesstimate
R000000022/3.717421/0004/R000000021/R000000023
R000000020/4.130468/0197/R000000022
R000000019/5.365036/0212/R000000003/R000000020
R000000019/5.365036/0212/R000000003/R000000020
R000000001/5.961151/0028/R000000019
Q000000002/2.606310/0000/R000000024
M000000027/1.000000/0000/Sigma_BB-28707890
R000000026/1.111111/0091/M000000027
R000000029/1.000000/0000/Guesstimate
M000000030/1.000000/0000/Sigma_BB-34690537
R000000028/2.222222/0112/R000000029/M000000030
R000000026/2.469136/0197/R000000028
R000000025/2.345679/0112/R000000004/R000000026
R000000032/2.222222/0112/R000000004/R000000029
R000000032/2.469136/0260/R000000003
R000000031/2.469136/0197/R000000032
R000000033/2.469136/0197/R000000003
R000000031/2.743484/0260/R000000033
R000000025/3.854596/0112/R000000031/M000000030
R000000024/2.606310/0059/R000000025
R000000035/2.222222/0004/R000000017/M000000030
R000000036/9.000000/0000/Guesstimate
R000000035/10.000000/0024/R000000036
R000000034/3.580247/0004/R000000004/R000000035
R000000037/2.222222/0004/R000000004/R000000017
R000000039/1.000000/0000/Guesstimate
R000000038/2.222222/0003/R000000004/R000000039
R000000037/2.469136/0040/R000000038
R000000034/3.580247/0004/R000000037/M000000030
R000000024/3.978053/0153/R000000034
Q000000003/7.976428/0000/R000000040
R000000045/1.000000/0000/Guesstimate
R000000044/1.111111/0228/R000000045
R000000044/1.111111/0286/R000000045
R000000046/1.000000/0000/Guesstimate
R000000043/2.345679/0112/R000000044/R000000046
R000000047/8.700000/0000/Guesstimate
R000000043/9.666667/0082/R000000047
R000000042/2.606310/0059/R000000043
R000000048/2.345679/0004/R000000044/R000000017
R000000049/1.000000/0000/Guesstimate
R000000048/3.456790/0225/R000000044/R000000049/R000000009
R000000042/2.606310/0153/R000000048
R000000053/1.000000/0000/Guesstimate
R000000054/1.000000/0000/Guesstimate
R000000052/2.222222/0285/R000000053/R000000054
R000000051/2.469136/0256/R000000052
R000000055/1.000000/0000/Guesstimate
R000000050/3.854596/0276/R000000051/R000000055
R000000050/3.854596/0278/R000000051/R000000055
R000000041/7.178785/0276/R000000042/R000000050
R000000056/4.007011/0276/R000000042/R000000055
R000000056/4.007011/0278/R000000042/R000000055
R000000041/7.195720/0276/R000000056/R000000051
R000000040/7.976428/0160/R000000041
R000000040/7.976428/0160/R000000041
<NEXT>