#
#  Reaction log file
#  Author: LigBuilder V3 User_Diana
#  Creation time: Thu Apr  9 21:19:11 2026
#  Format:
#  QueryMoleculeId/Cost/SynthesizeId/ReactantId1/ReactantId2/ReactantId3.....
#  Id prefix:
#  Q --- Query Molecule
#  M --- Material
#  R --- Reactant
#
Directory      result/synthesize_PfHDAC1/280/DATABASE/
#
Q000000001/5.944217/0000/R000000001
R000000005/1.000000/0000/Guesstimate
R000000006/1.000000/0000/Guesstimate
R000000004/2.222222/0277/R000000005/R000000006
R000000007/1.000000/0000/Guesstimate
R000000003/3.580247/0277/R000000004/R000000007
R000000009/2.222222/0277/R000000005/R000000007
R000000010/1.000000/0000/Guesstimate
R000000008/3.580247/0277/R000000009/R000000010
R000000003/3.978053/0155/R000000008
R000000013/1.000000/0000/Guesstimate
R000000012/1.111111/0125/R000000013
R000000014/1.000000/0000/Guesstimate
R000000012/2.222222/0112/R000000014/R000000013
R000000011/1.234568/0059/R000000012
R000000016/1.000000/0000/Guesstimate
R000000015/2.222222/0004/R000000016/R000000013
R000000017/1.000000/0000/Guesstimate
R000000018/1.000000/0000/Guesstimate
R000000015/3.333333/0225/R000000017/R000000013/R000000018
R000000011/2.469136/0153/R000000015
R000000002/5.349795/0170/R000000003/R000000011
R000000020/1.000000/0000/Guesstimate
R000000019/3.580247/0226/R000000009/R000000020
R000000021/2.222222/0226/R000000005/R000000020
R000000022/1.000000/0000/Guesstimate
R000000021/2.222222/0277/R000000005/R000000022
R000000019/3.580247/0277/R000000021/R000000007
R000000024/1.234568/0041/R000000012
R000000024/1.234568/0233/R000000012
R000000023/1.371742/0155/R000000024
R000000023/2.469136/0197/R000000015
R000000002/6.721537/0170/R000000019/R000000023
R000000001/5.944217/0099/R000000002
R000000025/3.978053/0099/R000000019
R000000027/3.978053/0099/R000000003
R000000026/4.420059/0217/R000000027
R000000028/4.420059/0239/R000000027
R000000026/4.911177/0248/R000000028
R000000025/4.911177/0059/R000000026
R000000001/5.944217/0170/R000000025/R000000023
Q000000002/Analysis Failed
Q000000003/2.758726/0000/R000000029
M000000033/1.000000/0000/Sigma_BB-66456527
R000000032/1.111111/0287/M000000033
R000000031/1.234568/0299/R000000032
M000000035/1.000000/0000/Sigma_BB-66456526
R000000034/1.111111/0287/M000000035
R000000031/1.234568/0299/R000000034
R000000036/1.000000/0000/Guesstimate
R000000030/2.482853/0175/R000000031/R000000036
R000000030/2.482853/0290/R000000031/R000000036
R000000029/2.758726/0139/R000000030
M000000038/1.000000/0000/Sigma_BB-48767194
R000000037/2.482853/0175/R000000031/M000000038
R000000037/2.482853/0290/R000000031/M000000038
R000000029/2.758726/0150/R000000037
<NEXT>