#
#  Reaction log file
#  Author: LigBuilder V3 User_Diana
#  Creation time: Thu Apr  9 21:15:22 2026
#  Format:
#  QueryMoleculeId/Cost/SynthesizeId/ReactantId1/ReactantId2/ReactantId3.....
#  Id prefix:
#  Q --- Query Molecule
#  M --- Material
#  R --- Reactant
#
Directory      result/synthesize_PfHDAC1/110/DATABASE/
#
Q000000001/4.130468/0000/R000000001
R000000004/1.000000/0000/Guesstimate
M000000006/1.000000/0000/Sigma_BB-29596179
R000000005/1.111111/0024/M000000006
R000000007/1.000000/0000/Guesstimate
R000000008/1.000000/0000/Guesstimate
R000000005/2.222222/0004/R000000007/R000000008
R000000003/2.345679/0004/R000000004/R000000005
R000000009/2.222222/0004/R000000004/R000000008
R000000010/1.000000/0000/Guesstimate
R000000011/1.000000/0000/Guesstimate
R000000009/3.333333/0225/R000000004/R000000010/R000000011
R000000003/3.580247/0004/R000000009/R000000007
R000000012/1.000000/0000/Guesstimate
R000000002/3.717421/0003/R000000003/R000000012
R000000015/1.000000/0000/Guesstimate
R000000016/1.000000/0000/Guesstimate
R000000014/2.222222/0276/R000000015/R000000016
R000000014/2.222222/0278/R000000015/R000000016
R000000013/3.580247/0112/R000000004/R000000014
R000000017/2.222222/0112/R000000004/R000000015
R000000013/3.580247/0276/R000000017/R000000016
R000000019/1.000000/0000/Guesstimate
R000000020/1.000000/0000/Guesstimate
R000000018/2.222222/0004/R000000019/R000000020
R000000022/1.000000/0000/Guesstimate
R000000021/2.222222/0277/R000000022/R000000020
R000000023/1.000000/0000/Guesstimate
R000000021/2.222222/0301/R000000023/R000000020
R000000018/2.469136/0024/R000000021
R000000002/6.447188/0049/R000000013/R000000018
R000000001/4.130468/0147/R000000002
R000000025/2.606310/0197/R000000003
R000000026/2.469136/0087/R000000009
R000000025/3.854596/0276/R000000026/R000000016
M000000027/1.000000/0000/Sigma_BB-28764727
R000000024/4.007011/0003/R000000025/M000000027
R000000029/3.978053/0054/R000000013
R000000030/1.000000/0000/Guesstimate
R000000029/4.007011/0004/R000000025/R000000030
R000000028/4.420059/0009/R000000029
R000000028/5.089163/0049/R000000013/R000000019
R000000031/2.222222/0004/R000000012/R000000019
R000000033/1.000000/0000/Guesstimate
M000000034/1.000000/0000/Sigma_BB-28516749
R000000032/2.222222/0274/R000000033/M000000034
R000000032/2.222222/0277/R000000012/R000000022
R000000031/2.469136/0024/R000000032
R000000024/7.380312/0049/R000000028/R000000031
R000000001/4.452235/0147/R000000024
Q000000002/4.130468/0000/R000000001
Q000000003/4.130468/0000/R000000001
<NEXT>