#
#  Reaction log file
#  Author: LigBuilder V3 User_Diana
#  Creation time: Thu Apr  9 21:18:22 2026
#  Format:
#  QueryMoleculeId/Cost/SynthesizeId/ReactantId1/ReactantId2/ReactantId3.....
#  Id prefix:
#  Q --- Query Molecule
#  M --- Material
#  R --- Reactant
#
Directory      result/synthesize_PfHDAC1/229/DATABASE/
#
Q000000001/Analysis Failed
Q000000002/Analysis Failed
Q000000003/6.096632/0000/R000000001
R000000005/1.000000/0000/Guesstimate
R000000006/1.000000/0000/Guesstimate
R000000004/2.222222/0003/R000000005/R000000006
R000000007/1.000000/0000/Guesstimate
R000000008/1.000000/0000/Guesstimate
R000000004/2.222222/0049/R000000007/R000000008
R000000010/1.000000/0000/Guesstimate
R000000011/1.000000/0000/Guesstimate
R000000009/2.222222/0274/R000000010/R000000011
R000000003/4.938272/0112/R000000004/R000000009
R000000013/1.000000/0000/Guesstimate
R000000014/1.000000/0000/Guesstimate
R000000012/2.222222/0279/R000000013/R000000014
R000000012/2.222222/0279/R000000013/R000000014
R000000016/1.000000/0000/Guesstimate
R000000015/2.222222/0274/R000000016/R000000011
R000000003/4.938272/0112/R000000012/R000000015
R000000002/5.486969/0285/R000000003
R000000019/1.000000/0000/Guesstimate
R000000018/3.580247/0285/R000000019/R000000009
R000000017/5.089163/0112/R000000018/R000000016
R000000021/1.000000/0000/Guesstimate
R000000020/5.089163/0112/R000000018/R000000021
R000000017/5.654626/0155/R000000020
R000000002/5.654626/0285/R000000017
R000000001/6.096632/0161/R000000002
R000000001/6.096632/0161/R000000002
<NEXT>