#
#  Reaction log file
#  Author: LigBuilder V3 User_Diana
#  Creation time: Thu Apr  9 21:15:55 2026
#  Format:
#  QueryMoleculeId/Cost/SynthesizeId/ReactantId1/ReactantId2/ReactantId3.....
#  Id prefix:
#  Q --- Query Molecule
#  M --- Material
#  R --- Reactant
#
Directory      result/synthesize_PfHDAC1/134/DATABASE/
#
Q000000001/Analysis Failed
Q000000002/Analysis Failed
Q000000003/Analysis Failed
Q000000004/6.096632/0000/R000000001
R000000005/1.000000/0000/Guesstimate
R000000006/1.000000/0000/Guesstimate
R000000004/2.222222/0279/R000000005/R000000006
R000000004/2.222222/0279/R000000005/R000000006
R000000003/2.469136/0279/R000000004
R000000007/2.222222/0279/R000000005/R000000006
R000000007/2.222222/0279/R000000005/R000000006
R000000003/2.469136/0279/R000000007
M000000010/1.000000/0000/Sigma_BB-27090565
R000000011/1.000000/0000/Guesstimate
R000000009/2.222222/0274/M000000010/R000000011
R000000008/2.469136/0174/R000000009
R000000012/2.222222/0174/M000000010/R000000011
R000000012/2.222222/0289/M000000010/R000000011
R000000008/2.469136/0274/R000000012
R000000002/5.486969/0224/R000000003/R000000008
R000000014/2.469136/0059/R000000004
R000000015/1.000000/0000/Guesstimate
R000000014/3.580247/0224/R000000004/R000000015
R000000013/2.743484/0279/R000000014
R000000016/2.469136/0059/R000000007
R000000016/3.580247/0224/R000000007/R000000015
R000000013/2.743484/0279/R000000016
R000000018/1.000000/0000/Guesstimate
M000000020/1.000000/0000/Sigma_BB-326965693
R000000019/1.111111/0153/M000000020
R000000017/2.345679/0276/R000000018/R000000019
R000000017/2.345679/0278/R000000018/R000000019
R000000002/5.654626/0276/R000000013/R000000017
R000000001/6.096632/0147/R000000002
R000000024/1.000000/0000/Guesstimate
R000000023/3.854596/0224/R000000003/R000000024
R000000025/1.000000/0000/Guesstimate
R000000023/4.159427/0276/R000000013/R000000025
R000000022/4.282884/0091/R000000023
R000000027/1.000000/0000/Guesstimate
R000000026/3.854596/0224/R000000003/R000000027
R000000028/1.000000/0000/Guesstimate
R000000026/4.159427/0119/R000000013/R000000028
R000000022/4.282884/0197/R000000026
M000000031/1.000000/0000/Sigma_BB-28821587
R000000030/1.111111/0287/M000000031
M000000032/1.000000/0000/Sigma_BB-136290300
R000000033/1.000000/0000/Guesstimate
R000000030/2.222222/0274/M000000032/R000000033
R000000029/1.234568/0003/R000000030
R000000034/8.800000/0000/Guesstimate
R000000029/9.777779/0082/R000000034
R000000021/6.130503/0276/R000000022/R000000029
R000000021/6.130503/0278/R000000022/R000000029
R000000001/6.811670/0147/R000000021
<NEXT>