#
#  Reaction log file
#  Author: LigBuilder V3 User_Diana
#  Creation time: Thu Apr  9 21:18:36 2026
#  Format:
#  QueryMoleculeId/Cost/SynthesizeId/ReactantId1/ReactantId2/ReactantId3.....
#  Id prefix:
#  Q --- Query Molecule
#  M --- Material
#  R --- Reactant
#
Directory      result/synthesize_PfHDAC1/262/DATABASE/
#
Q000000001/Analysis Failed
Q000000002/Analysis Failed
Q000000003/4.282884/0000/R000000001
M000000005/1.000000/0000/Sigma_BB-249437761
M000000006/1.000000/0000/Sigma_BB-28524129
R000000004/2.222222/0004/M000000005/M000000006
R000000007/1.000000/0000/Guesstimate
R000000008/1.000000/0000/Guesstimate
R000000004/3.333333/0225/M000000005/R000000007/R000000008
R000000003/2.469136/0085/R000000004
R000000009/2.469136/0087/R000000004
R000000003/3.854596/0275/R000000009/R000000007
R000000010/1.000000/0000/Guesstimate
R000000002/3.854596/0122/R000000003/R000000010
R000000001/4.282884/0024/R000000002
R000000013/1.000000/0000/Guesstimate
R000000012/2.222222/0004/M000000005/R000000013
M000000015/1.000000/0000/Sigma_BB-30474059
R000000014/1.111111/0093/M000000015
R000000016/1.000000/0000/Guesstimate
R000000014/2.222222/0004/M000000005/R000000016
R000000017/1.000000/0000/Guesstimate
R000000012/2.345679/0004/R000000014/R000000017
R000000020/1.000000/0000/Guesstimate
R000000021/1.000000/0000/Guesstimate
R000000019/2.222222/0174/R000000020/R000000021
R000000019/2.222222/0289/R000000020/R000000021
R000000018/2.469136/0040/R000000019
R000000022/7.600000/0000/Guesstimate
R000000018/8.444445/0024/R000000022
R000000011/5.212621/0001/R000000012/R000000018
R000000023/3.854596/0001/R000000013/R000000018
R000000024/3.854596/0001/R000000016/R000000018
R000000025/1.000000/0000/Guesstimate
R000000024/3.854596/0003/R000000025/R000000018
R000000023/5.393995/0002/R000000017/R000000024
R000000011/5.393995/0002/M000000005/R000000023
R000000001/5.791801/0025/R000000011
<NEXT>