#
#  Reaction log file
#  Author: LigBuilder V3 User_Diana
#  Creation time: Thu Apr  9 21:16:03 2026
#  Format:
#  QueryMoleculeId/Cost/SynthesizeId/ReactantId1/ReactantId2/ReactantId3.....
#  Id prefix:
#  Q --- Query Molecule
#  M --- Material
#  R --- Reactant
#
Directory      result/synthesize_PfHDAC1/167/DATABASE/
#
Q000000001/Analysis Failed
Q000000002/Analysis Failed
Q000000003/7.207744/0000/R000000001
R000000005/1.000000/0000/Guesstimate
R000000006/1.000000/0000/Guesstimate
R000000004/2.222222/0170/R000000005/R000000006
R000000007/1.000000/0000/Guesstimate
R000000008/1.000000/0000/Guesstimate
R000000004/2.222222/0170/R000000007/R000000008
R000000010/1.000000/0000/Guesstimate
R000000011/1.000000/0000/Guesstimate
R000000009/2.222222/0301/R000000010/R000000011
R000000009/2.222222/0301/R000000010/R000000011
R000000003/4.938272/0003/R000000004/R000000009
R000000013/1.000000/0000/Guesstimate
R000000012/2.222222/0004/R000000013/R000000008
R000000015/1.000000/0000/Guesstimate
R000000014/2.222222/0004/R000000013/R000000015
R000000014/2.469136/0093/R000000004
R000000012/2.469136/0085/R000000014
R000000016/2.469136/0125/R000000009
R000000017/1.000000/0000/Guesstimate
R000000016/3.580247/0112/R000000009/R000000017
R000000003/5.212621/0049/R000000012/R000000016
R000000002/5.486969/0147/R000000003
R000000019/2.469136/0086/R000000014
R000000019/2.469136/0091/R000000014
R000000018/5.212621/0112/R000000019/R000000009
R000000021/1.000000/0000/Guesstimate
R000000020/2.222222/0170/R000000005/R000000021
R000000022/1.000000/0000/Guesstimate
R000000020/2.222222/0170/R000000007/R000000022
R000000018/5.212621/0138/R000000020/R000000016
R000000002/5.791801/0147/R000000018
R000000023/1.000000/0000/Guesstimate
R000000001/7.207744/0018/R000000002/R000000023
R000000027/1.000000/0000/Guesstimate
R000000026/2.222222/0170/R000000010/R000000027
R000000028/2.222222/0170/R000000010/R000000006
R000000029/1.000000/0000/Guesstimate
R000000028/2.222222/0170/R000000029/R000000008
R000000026/2.469136/0093/R000000028
R000000030/3.580247/0004/R000000009/R000000015
R000000031/1.000000/0000/Guesstimate
R000000032/1.000000/0000/Guesstimate
R000000030/4.691358/0225/R000000009/R000000031/R000000032
R000000025/6.447188/0212/R000000026/R000000030
R000000025/6.447188/0212/R000000026/R000000030
R000000024/7.163543/0125/R000000025
R000000024/8.274654/0112/R000000025/R000000017
R000000001/7.959492/0041/R000000024
Q000000004/7.207744/0000/R000000001
<NEXT>