#
#  Reaction log file
#  Author: LigBuilder V3 User_Diana
#  Creation time: Thu Apr  9 21:15:18 2026
#  Format:
#  QueryMoleculeId/Cost/SynthesizeId/ReactantId1/ReactantId2/ReactantId3.....
#  Id prefix:
#  Q --- Query Molecule
#  M --- Material
#  R --- Reactant
#
Directory      result/synthesize_PfHDAC1/111/DATABASE/
#
Q000000001/4.130468/0000/R000000001
R000000003/1.000000/0000/Guesstimate
R000000005/1.000000/0000/Guesstimate
R000000007/1.000000/0000/Guesstimate
R000000006/1.111111/0288/R000000007
R000000008/1.000000/0000/Guesstimate
R000000009/1.000000/0000/Guesstimate
R000000006/2.222222/0277/R000000008/R000000009
R000000004/2.345679/0081/R000000005/R000000006
R000000010/1.234568/0156/R000000006
R000000011/1.000000/0000/Guesstimate
R000000010/2.222222/0277/R000000011/R000000009
R000000004/2.482853/0210/R000000005/R000000010
R000000002/3.717421/0003/R000000003/R000000004
R000000012/1.000000/0000/Guesstimate
R000000013/2.606310/0091/R000000004
R000000002/4.007011/0112/R000000012/R000000013
R000000001/4.130468/0147/R000000002
R000000019/1.000000/0000/Guesstimate
R000000018/1.111111/0125/R000000019
R000000020/1.000000/0000/Guesstimate
R000000018/2.222222/0112/R000000019/R000000020
R000000017/1.234568/0041/R000000018
R000000021/1.000000/0000/Guesstimate
R000000022/1.000000/0000/Guesstimate
R000000017/2.222222/0018/R000000021/R000000022
M000000023/1.000000/0000/Sigma_BB-27733356
R000000016/2.482853/0003/R000000017/M000000023
R000000015/2.758726/0285/R000000016
R000000014/4.176363/0277/R000000015/R000000009
R000000001/4.640403/0099/R000000014
Q000000002/4.130468/0000/R000000001
Q000000003/4.130468/0000/R000000001
Q000000004/4.130468/0000/R000000001
<NEXT>