#
#  Reaction log file
#  Author: LigBuilder V3 User_Diana
#  Creation time: Thu Apr  9 21:19:55 2026
#  Format:
#  QueryMoleculeId/Cost/SynthesizeId/ReactantId1/ReactantId2/ReactantId3.....
#  Id prefix:
#  Q --- Query Molecule
#  M --- Material
#  R --- Reactant
#
Directory      result/synthesize_PfHDAC1/296/DATABASE/
#
Q000000001/4.267643/0000/R000000001
M000000005/1.000000/0000/Sigma_BB-28769173
R000000004/1.111111/0302/M000000005
R000000003/1.234568/0153/R000000004
M000000007/1.000000/0000/Sigma_BB-30432580
R000000006/1.111111/0302/M000000007
R000000003/1.234568/0193/R000000006
R000000009/1.000000/0000/Guesstimate
R000000010/1.000000/0000/Guesstimate
R000000008/2.222222/0122/R000000009/R000000010
R000000012/1.000000/0000/Guesstimate
R000000013/1.000000/0000/Guesstimate
R000000011/2.222222/0003/R000000012/R000000013
R000000014/1.000000/0000/Guesstimate
R000000015/1.000000/0000/Guesstimate
R000000011/2.222222/0042/R000000014/R000000015
R000000008/2.469136/0059/R000000011
R000000002/3.840878/0231/R000000003/R000000008
M000000017/1.000000/0000/Sigma_BB-117836543
R000000016/3.580247/0231/M000000017/R000000008
R000000019/1.000000/0000/Guesstimate
R000000018/2.222222/0231/M000000017/R000000019
R000000021/1.000000/0000/Guesstimate
R000000020/2.222222/0122/R000000021/R000000010
R000000022/1.000000/0000/Guesstimate
R000000023/1.000000/0000/Guesstimate
R000000020/2.222222/0301/R000000022/R000000023
R000000016/4.938272/0279/R000000018/R000000020
R000000002/3.978053/0239/R000000016
R000000001/4.267643/0294/R000000002
R000000027/1.000000/0000/Guesstimate
R000000026/2.222222/0003/R000000027/R000000013
R000000028/1.000000/0000/Guesstimate
R000000026/2.222222/0042/R000000028/R000000015
R000000025/2.469136/0059/R000000026
R000000030/1.000000/0000/Guesstimate
R000000029/2.222222/0112/R000000027/R000000030
R000000025/2.469136/0147/R000000029
R000000024/4.115227/0231/R000000003/R000000025
R000000031/3.854596/0231/M000000017/R000000025
R000000033/1.000000/0000/Guesstimate
R000000032/2.222222/0231/M000000017/R000000033
R000000031/5.212621/0279/R000000032/R000000025
R000000024/4.282884/0239/R000000031
R000000001/4.572474/0294/R000000024
Q000000002/7.885148/0000/R000000034
R000000039/1.000000/0000/Guesstimate
R000000038/2.222222/0003/R000000013/R000000039
R000000041/1.000000/0000/Guesstimate
R000000042/1.000000/0000/Guesstimate
R000000040/2.222222/0279/R000000041/R000000042
R000000040/2.222222/0279/R000000041/R000000042
R000000037/4.938272/0159/R000000038/R000000040
R000000037/4.938272/0159/R000000038/R000000040
R000000036/5.486969/0114/R000000037
R000000035/6.096632/0197/R000000036
R000000043/1.000000/0000/Guesstimate
R000000034/7.885148/0301/R000000035/R000000043
R000000044/7.207744/0301/R000000036/R000000043
R000000044/7.207744/0301/R000000036/R000000043
R000000034/8.008604/0197/R000000044
Q000000003/7.315958/0000/R000000045
M000000049/1.000000/0000/Sigma_BB-151011721
R000000048/1.111111/0213/M000000049
M000000050/1.000000/0000/Sigma_BB-27725171
R000000048/1.111111/0287/M000000050
R000000051/1.000000/0000/Guesstimate
R000000047/2.345679/0119/R000000048/R000000051
M000000053/1.000000/0000/Sigma_BB-27581870
R000000054/1.000000/0000/Guesstimate
R000000052/2.222222/0112/M000000053/R000000054
R000000052/2.222222/0174/M000000049/R000000054
R000000047/2.469136/0153/R000000052
R000000056/1.000000/0000/Guesstimate
R000000058/1.000000/0000/Guesstimate
R000000057/2.222222/0003/R000000013/R000000058
R000000055/3.580247/0012/R000000056/R000000057
R000000060/1.000000/0000/Guesstimate
R000000059/3.580247/0285/R000000060/R000000057
R000000061/1.000000/0000/Guesstimate
R000000055/5.089163/0095/R000000059/R000000061
R000000046/6.584363/0224/R000000047/R000000055
R000000045/7.315958/0024/R000000046
R000000064/1.234568/0091/R000000048
R000000064/2.469136/0197/R000000052
R000000066/1.000000/0000/Guesstimate
R000000065/1.111111/0287/R000000066
R000000063/2.606310/0112/R000000064/R000000065
R000000068/2.222222/0174/R000000054/R000000066
R000000068/2.222222/0289/R000000054/R000000066
R000000067/2.469136/0197/R000000068
R000000069/7.400000/0000/Guesstimate
R000000067/8.222222/0091/R000000069
R000000063/3.854596/0112/M000000053/R000000067
R000000062/6.873953/0224/R000000063/R000000055
R000000071/3.580247/0226/M000000049/R000000057
R000000070/5.089163/0122/R000000071/R000000061
R000000070/5.089163/0122/R000000071/R000000061
R000000062/8.398110/0174/R000000070/R000000067
R000000045/7.637726/0025/R000000062
<NEXT>