#
#  Reaction log file
#  Author: LigBuilder V3 User_Diana
#  Creation time: Thu Apr  9 21:16:49 2026
#  Format:
#  QueryMoleculeId/Cost/SynthesizeId/ReactantId1/ReactantId2/ReactantId3.....
#  Id prefix:
#  Q --- Query Molecule
#  M --- Material
#  R --- Reactant
#
Directory      result/synthesize_PfHDAC1/181/DATABASE/
#
Q000000001/6.918153/0000/R000000001
M000000005/1.000000/0000/Sigma_BB-28770044
R000000006/1.000000/0000/Guesstimate
R000000004/2.222222/0174/M000000005/R000000006
R000000004/2.222222/0289/M000000005/R000000006
R000000008/1.000000/0000/Guesstimate
R000000007/1.111111/0040/R000000008
R000000009/1.000000/0000/Guesstimate
R000000010/1.000000/0000/Guesstimate
R000000007/2.222222/0004/R000000009/R000000010
R000000003/3.703704/0169/R000000004/R000000007
R000000011/2.345679/0169/M000000005/R000000007
R000000012/1.000000/0000/Guesstimate
R000000011/3.333333/0225/M000000005/R000000010/R000000012
R000000003/3.717421/0174/R000000011/R000000006
R000000002/5.226338/0142/R000000003/R000000009
R000000015/1.000000/0000/Guesstimate
R000000014/3.580247/0285/R000000004/R000000015
R000000013/3.978053/0024/R000000014
R000000017/1.000000/0000/Guesstimate
R000000016/3.580247/0012/R000000004/R000000017
R000000016/3.580247/0146/R000000004/R000000017
R000000013/3.978053/0040/R000000016
R000000002/5.654626/0169/R000000013/R000000007
R000000018/1.000000/0000/Guesstimate
R000000001/6.918153/0003/R000000002/R000000018
R000000020/1.000000/0000/Guesstimate
R000000019/5.226338/0012/R000000003/R000000020
R000000022/4.420059/0197/R000000013
R000000021/6.145744/0169/R000000022/R000000007
R000000021/7.133399/0225/R000000022/R000000010/R000000012
R000000023/1.000000/0000/Guesstimate
R000000019/7.939716/0112/R000000021/R000000023
R000000024/1.000000/0000/Guesstimate
R000000001/6.918153/0011/R000000019/R000000024
Q000000002/Analysis Failed
Q000000003/Analysis Failed
<NEXT>