#
#  Reaction log file
#  Author: LigBuilder V3 User_Diana
#  Creation time: Thu Apr  9 21:17:56 2026
#  Format:
#  QueryMoleculeId/Cost/SynthesizeId/ReactantId1/ReactantId2/ReactantId3.....
#  Id prefix:
#  Q --- Query Molecule
#  M --- Material
#  R --- Reactant
#
Directory      result/synthesize_PfHDAC1/213/DATABASE/
#
Q000000001/5.791801/0000/R000000001
M000000004/1.000000/0000/Sigma_BB-159431637
R000000003/1.111111/0125/M000000004
R000000005/1.000000/0000/Guesstimate
R000000003/2.222222/0112/M000000004/R000000005
M000000008/1.000000/0000/Sigma_BB-27468255
R000000009/1.000000/0000/Guesstimate
R000000007/2.222222/0004/M000000008/R000000009
R000000010/1.000000/0000/Guesstimate
R000000006/3.580247/0212/R000000007/R000000010
R000000006/3.580247/0212/R000000007/R000000010
R000000002/5.212621/0169/R000000003/R000000006
R000000013/1.234568/0155/R000000003
M000000014/1.000000/0000/Sigma_BB-150877455
R000000015/1.000000/0000/Guesstimate
R000000013/2.222222/0224/M000000014/R000000015
R000000012/1.371742/0217/R000000013
R000000016/1.000000/0000/Guesstimate
R000000012/2.222222/0224/M000000014/R000000016
R000000011/1.524158/0040/R000000012
R000000018/1.000000/0000/Guesstimate
R000000017/2.222222/0224/M000000014/R000000018
M000000020/1.000000/0000/Sigma_BB-30668744
R000000019/2.222222/0224/M000000020/R000000018
R000000017/2.469136/0257/R000000019
R000000011/2.469136/0024/R000000017
R000000023/1.000000/0000/Guesstimate
R000000022/5.089163/0169/R000000006/R000000023
R000000024/1.000000/0000/Guesstimate
R000000025/1.000000/0000/Guesstimate
R000000022/6.200274/0261/R000000006/R000000024/R000000025
R000000021/5.654626/0024/R000000022
R000000027/1.000000/0000/Guesstimate
R000000026/5.089163/0169/R000000006/R000000027
R000000026/5.089163/0274/R000000006/R000000015
R000000021/5.654626/0040/R000000026
R000000002/7.976427/0212/R000000011/R000000021
R000000001/5.791801/0041/R000000002
R000000029/1.234568/0041/R000000003
R000000030/2.222222/0224/M000000020/R000000016
R000000029/2.469136/0041/R000000030
R000000032/2.469136/0086/R000000007
R000000032/2.469136/0091/R000000007
R000000033/1.000000/0000/Guesstimate
R000000031/3.854596/0112/R000000032/R000000033
R000000034/2.469136/0197/R000000007
R000000031/3.854596/0112/R000000034/R000000005
R000000028/5.654626/0169/R000000029/R000000031
R000000035/2.469136/0024/R000000019
R000000035/2.469136/0040/R000000030
R000000037/5.393995/0169/R000000031/R000000023
R000000037/6.505106/0261/R000000031/R000000024/R000000025
R000000036/5.993328/0024/R000000037
R000000038/5.393995/0169/R000000031/R000000027
R000000038/5.393995/0274/R000000031/R000000015
R000000036/5.993328/0040/R000000038
R000000028/9.402739/0212/R000000035/R000000036
R000000001/6.282918/0147/R000000028
Q000000002/5.791801/0000/R000000001
Q000000003/5.791801/0000/R000000001
Q000000004/Analysis Failed
<NEXT>