#
#  Reaction log file
#  Author: LigBuilder V3 User_Diana
#  Creation time: Thu Apr  9 21:13:45 2026
#  Format:
#  QueryMoleculeId/Cost/SynthesizeId/ReactantId1/ReactantId2/ReactantId3.....
#  Id prefix:
#  Q --- Query Molecule
#  M --- Material
#  R --- Reactant
#
Directory      result/synthesize_PfHDAC1/52/DATABASE/
#
Q000000001/7.620790/0000/R000000001
R000000005/1.000000/0000/Guesstimate
R000000006/1.000000/0000/Guesstimate
R000000004/2.222222/0224/R000000005/R000000006
M000000008/1.000000/0000/Sigma_BB-28764950
R000000007/1.111111/0197/M000000008
R000000003/3.703704/0212/R000000004/R000000007
R000000003/3.703704/0212/R000000004/R000000007
R000000011/1.000000/0000/Guesstimate
M000000012/1.000000/0000/Sigma_BB-28806532
R000000010/2.222222/0158/R000000011/M000000012
R000000010/2.222222/0158/R000000011/M000000012
R000000009/2.469136/0188/R000000010
R000000014/1.000000/0000/Guesstimate
R000000013/2.222222/0158/R000000014/M000000012
R000000013/2.222222/0158/R000000014/M000000012
R000000009/2.469136/0295/R000000013
R000000002/6.858711/0274/R000000003/R000000009
R000000017/1.000000/0000/Guesstimate
R000000016/2.222222/0224/R000000017/R000000006
R000000015/3.703704/0212/R000000016/R000000007
R000000015/3.703704/0212/R000000016/R000000007
R000000020/1.000000/0000/Guesstimate
R000000019/2.222222/0158/R000000020/M000000012
R000000019/2.222222/0158/R000000020/M000000012
R000000018/2.469136/0188/R000000019
R000000022/1.000000/0000/Guesstimate
R000000021/2.222222/0158/R000000022/M000000012
R000000021/2.222222/0158/R000000022/M000000012
R000000018/2.469136/0295/R000000021
R000000002/6.858711/0275/R000000015/R000000018
R000000001/7.620790/0028/R000000002
M000000026/1.000000/0000/Sigma_BB-28830366
R000000025/1.111111/0085/M000000026
R000000024/3.703704/0212/R000000004/R000000025
R000000024/3.703704/0212/R000000004/R000000025
R000000023/6.858711/0274/R000000024/R000000009
R000000027/3.703704/0212/R000000016/R000000025
R000000027/3.703704/0212/R000000016/R000000025
R000000023/6.858711/0275/R000000027/R000000018
R000000001/7.620790/0028/R000000023
Q000000002/5.531170/0000/R000000028
R000000032/1.000000/0000/Guesstimate
R000000033/1.000000/0000/Guesstimate
R000000031/2.222222/0277/R000000032/R000000033
R000000034/1.000000/0000/Guesstimate
R000000030/3.580247/0259/R000000031/R000000034
R000000030/3.580247/0259/R000000031/R000000034
R000000029/3.978053/0024/R000000030
R000000037/1.000000/0000/Guesstimate
R000000036/3.580247/0259/R000000031/R000000037
R000000036/3.580247/0259/R000000031/R000000037
R000000035/3.978053/0079/R000000036
R000000039/1.000000/0000/Guesstimate
R000000038/3.580247/0259/R000000031/R000000039
R000000038/3.580247/0259/R000000031/R000000039
R000000035/3.978053/0082/R000000038
R000000029/4.420059/0040/R000000035
R000000040/1.000000/0000/Guesstimate
R000000028/5.531170/0018/R000000029/R000000040
R000000041/5.089163/0018/R000000030/R000000040
R000000043/3.580247/0018/R000000031/R000000040
R000000044/1.000000/0000/Guesstimate
R000000042/5.089163/0259/R000000043/R000000044
R000000042/5.089163/0259/R000000043/R000000044
R000000041/5.654626/0039/R000000042
R000000028/5.654626/0024/R000000041
Q000000003/5.531170/0000/R000000028
<NEXT>