#
#  Reaction log file
#  Author: LigBuilder V3 User_Diana
#  Creation time: Thu Apr  9 21:14:30 2026
#  Format:
#  QueryMoleculeId/Cost/SynthesizeId/ReactantId1/ReactantId2/ReactantId3.....
#  Id prefix:
#  Q --- Query Molecule
#  M --- Material
#  R --- Reactant
#
Directory      result/synthesize_PfHDAC1/99/DATABASE/
#
Q000000001/2.895900/0000/R000000001
R000000005/1.000000/0000/Guesstimate
R000000004/1.111111/0228/R000000005
R000000004/1.111111/0286/R000000005
R000000006/1.000000/0000/Guesstimate
R000000003/2.345679/0170/R000000004/R000000006
R000000008/1.000000/0000/Guesstimate
R000000007/2.345679/0170/R000000004/R000000008
R000000009/8.400000/0000/Guesstimate
R000000010/1.000000/0000/Guesstimate
R000000007/9.400000/0170/R000000009/R000000010
R000000011/1.000000/0000/Guesstimate
R000000003/3.717421/0212/R000000007/R000000011
R000000002/2.606310/0082/R000000003
R000000014/1.000000/0000/Guesstimate
R000000015/1.000000/0000/Guesstimate
R000000013/2.222222/0112/R000000014/R000000015
R000000012/3.580247/0224/R000000013/R000000006
R000000017/1.000000/0000/Guesstimate
R000000016/3.580247/0224/R000000013/R000000017
R000000018/1.000000/0000/Guesstimate
R000000012/5.089163/0301/R000000016/R000000018
R000000002/3.978053/0079/R000000012
R000000001/2.895900/0041/R000000002
R000000020/1.000000/0000/Guesstimate
R000000021/1.000000/0000/Guesstimate
R000000019/2.222222/0170/R000000020/R000000021
R000000024/1.000000/0000/Guesstimate
R000000023/2.222222/0170/R000000024/R000000021
R000000025/1.000000/0000/Guesstimate
R000000023/2.222222/0170/R000000025/R000000006
R000000022/2.469136/0082/R000000023
R000000027/1.000000/0000/Guesstimate
R000000026/2.222222/0170/R000000027/R000000006
R000000028/1.000000/0000/Guesstimate
R000000026/2.222222/0170/R000000028/R000000021
R000000029/1.000000/0000/Guesstimate
R000000022/3.580247/0112/R000000026/R000000029
R000000019/2.743484/0147/R000000022
R000000030/1.000000/0000/Guesstimate
R000000001/3.580247/0018/R000000019/R000000030
Q000000002/2.895900/0000/R000000001
Q000000003/Analysis Failed
<NEXT>