#
#  Reaction log file
#  Author: LigBuilder V3 User_Diana
#  Creation time: Thu Apr  9 21:18:49 2026
#  Format:
#  QueryMoleculeId/Cost/SynthesizeId/ReactantId1/ReactantId2/ReactantId3.....
#  Id prefix:
#  Q --- Query Molecule
#  M --- Material
#  R --- Reactant
#
Directory      result/synthesize_PfHDAC1/246/DATABASE/
#
Q000000001/Analysis Failed
Q000000002/5.639385/0000/R000000001
R000000004/1.000000/0000/Guesstimate
M000000006/1.000000/0000/Sigma_BB-183987852
R000000005/1.111111/0233/M000000006
R000000008/7.400000/0000/Guesstimate
R000000007/8.222222/0139/R000000008
R000000009/8.800000/0000/Guesstimate
R000000007/9.777779/0150/R000000009
R000000005/9.135803/0198/R000000007
R000000003/2.345679/0224/R000000004/R000000005
R000000010/2.222222/0224/R000000004/M000000006
R000000003/2.469136/0233/R000000010
R000000002/2.606310/0295/R000000003
R000000002/9.222222/0224/R000000004/R000000007
R000000013/1.000000/0000/Guesstimate
R000000014/1.000000/0000/Guesstimate
R000000012/2.222222/0279/R000000013/R000000014
R000000012/2.222222/0279/R000000013/R000000014
R000000011/2.469136/0079/R000000012
R000000016/1.000000/0000/Guesstimate
R000000015/2.222222/0279/R000000016/R000000014
R000000015/2.222222/0279/R000000016/R000000014
R000000011/2.469136/0082/R000000015
R000000001/5.639385/0159/R000000002/R000000011
R000000019/1.000000/0000/Guesstimate
R000000018/3.580247/0224/R000000010/R000000019
R000000020/2.222222/0224/M000000006/R000000019
R000000018/3.580247/0224/R000000004/R000000020
R000000017/6.721537/0159/R000000018/R000000011
R000000001/7.468375/0150/R000000017
Q000000003/5.944217/0000/R000000021
M000000025/1.000000/0000/Sigma_BB-244358707
R000000024/1.111111/0204/M000000025
M000000026/1.000000/0000/Sigma_BB-187148319
R000000024/2.222222/0224/R000000004/M000000026
R000000027/1.000000/0000/Guesstimate
R000000023/2.345679/0003/R000000024/R000000027
R000000028/1.234568/0125/R000000024
R000000029/1.000000/0000/Guesstimate
R000000028/2.345679/0112/R000000024/R000000029
R000000030/1.000000/0000/Guesstimate
R000000023/2.482853/0049/R000000028/R000000030
R000000022/5.349795/0159/R000000023/R000000011
R000000031/3.978053/0159/R000000024/R000000011
R000000022/5.531170/0003/R000000031/R000000027
R000000021/5.944217/0059/R000000022
R000000034/1.000000/0000/Guesstimate
R000000033/2.345679/0112/R000000024/R000000034
R000000036/1.000000/0000/Guesstimate
R000000035/2.345679/0112/R000000024/R000000036
R000000033/2.606310/0059/R000000035
R000000032/5.349795/0159/R000000033/R000000011
R000000032/5.531170/0112/R000000031/R000000034
R000000021/5.944217/0147/R000000032
<NEXT>