#
#  Reaction log file
#  Author: LigBuilder V3 User_Diana
#  Creation time: Thu Apr  9 21:13:19 2026
#  Format:
#  QueryMoleculeId/Cost/SynthesizeId/ReactantId1/ReactantId2/ReactantId3.....
#  Id prefix:
#  Q --- Query Molecule
#  M --- Material
#  R --- Reactant
#
Directory      result/synthesize_PfHDAC1/17/DATABASE/
#
Q000000001/5.791801/0000/R000000001
R000000005/1.000000/0000/Guesstimate
M000000006/1.000000/0000/Sigma_BB-187206312
R000000004/2.222222/0224/R000000005/M000000006
R000000007/1.000000/0000/Guesstimate
R000000003/3.580247/0004/R000000004/R000000007
R000000009/1.000000/0000/Guesstimate
R000000008/3.580247/0277/R000000004/R000000009
R000000010/1.000000/0000/Guesstimate
R000000008/3.580247/0301/R000000004/R000000010
R000000003/3.978053/0024/R000000008
M000000012/1.000000/0000/Sigma_BB-30748208
R000000011/1.111111/0085/M000000012
R000000014/1.000000/0000/Guesstimate
R000000013/2.222222/0004/M000000012/R000000014
R000000011/2.469136/0197/R000000013
R000000002/5.212621/0212/R000000003/R000000011
R000000002/5.212621/0212/R000000003/R000000011
R000000001/5.791801/0028/R000000002
R000000017/1.000000/0000/Guesstimate
R000000019/1.000000/0000/Guesstimate
R000000018/2.222222/0301/M000000006/R000000019
R000000018/2.222222/0301/M000000006/R000000019
R000000016/3.580247/0224/R000000017/R000000018
R000000021/1.000000/0000/Guesstimate
R000000020/3.580247/0224/R000000021/R000000018
R000000016/3.978053/0294/R000000020
M000000024/1.000000/0000/Sigma_BB-28792186
R000000023/1.111111/0054/M000000024
M000000025/1.000000/0000/Sigma_BB-28698316
R000000026/1.000000/0000/Guesstimate
R000000023/2.222222/0004/M000000025/R000000026
R000000022/1.234568/0009/R000000023
R000000027/1.000000/0000/Guesstimate
R000000028/1.000000/0000/Guesstimate
R000000022/2.222222/0003/R000000027/R000000028
R000000015/5.349795/0122/R000000016/R000000022
R000000029/5.089163/0003/R000000016/R000000027
R000000030/3.978053/0118/R000000016
R000000031/1.000000/0000/Guesstimate
R000000030/5.089163/0112/R000000016/R000000031
R000000032/1.000000/0000/Guesstimate
R000000029/5.531170/0049/R000000030/R000000032
R000000015/6.765737/0122/R000000029/R000000028
R000000033/1.000000/0000/Guesstimate
R000000001/7.055328/0018/R000000015/R000000033
Q000000002/5.531170/0000/R000000034
R000000038/1.000000/0000/Guesstimate
R000000037/2.222222/0301/M000000006/R000000038
R000000039/1.000000/0000/Guesstimate
R000000037/3.580247/0301/R000000018/R000000039
R000000036/3.580247/0224/R000000017/R000000037
R000000036/5.089163/0301/R000000016/R000000039
R000000035/3.978053/0139/R000000036
R000000040/1.000000/0000/Guesstimate
R000000035/5.089163/0122/R000000016/R000000040
R000000034/5.531170/0018/R000000035/R000000033
R000000043/2.222222/0004/M000000006/R000000007
R000000044/1.000000/0000/Guesstimate
R000000045/1.000000/0000/Guesstimate
R000000043/3.333333/0225/M000000006/R000000044/R000000045
M000000047/1.000000/0000/Sigma_BB-28764950
R000000046/1.111111/0197/M000000047
R000000042/3.703704/0212/R000000043/R000000046
R000000042/3.703704/0212/R000000043/R000000046
R000000041/5.226338/0224/R000000005/R000000042
R000000050/1.000000/0000/Guesstimate
R000000049/3.580247/0224/R000000050/R000000018
R000000048/3.978053/0041/R000000049
R000000048/5.089163/0018/R000000016/R000000033
R000000051/1.234568/0197/R000000046
R000000052/9.200000/0000/Guesstimate
R000000051/9.200000/0155/R000000052
R000000041/5.791801/0301/R000000048/R000000051
R000000034/5.807042/0028/R000000041
Q000000003/5.531170/0000/R000000053
R000000053/5.531170/0004/R000000048/R000000007
R000000054/5.089163/0004/R000000016/R000000007
R000000056/3.580247/0224/R000000017/R000000043
R000000056/4.420059/0040/R000000030
M000000057/1.000000/0000/Sigma_BB-28524129
R000000055/5.089163/0212/R000000056/M000000057
R000000055/5.089163/0212/R000000056/M000000057
R000000054/5.654626/0024/R000000055
R000000053/6.765737/0018/R000000054/R000000033
Q000000004/5.531170/0000/R000000034
<NEXT>