#
#  Reaction log file
#  Author: LigBuilder V3 User_Diana
#  Creation time: Thu Apr  9 21:15:28 2026
#  Format:
#  QueryMoleculeId/Cost/SynthesizeId/ReactantId1/ReactantId2/ReactantId3.....
#  Id prefix:
#  Q --- Query Molecule
#  M --- Material
#  R --- Reactant
#
Directory      result/synthesize_PfHDAC1/142/DATABASE/
#
Q000000001/4.159427/0000/R000000001
M000000002/1.000000/0000/Sigma_BB-88360680
R000000006/1.000000/0000/Guesstimate
R000000007/1.000000/0000/Guesstimate
R000000005/2.222222/0285/R000000006/R000000007
R000000004/2.469136/0122/R000000005
R000000008/2.222222/0122/R000000006/R000000007
R000000004/2.469136/0285/R000000008
R000000003/2.743484/0024/R000000004
R000000009/2.469136/0024/R000000005
R000000011/1.000000/0000/Guesstimate
R000000012/1.000000/0000/Guesstimate
R000000010/2.222222/0279/R000000011/R000000012
R000000010/2.222222/0279/R000000011/R000000012
R000000009/2.469136/0040/R000000010
R000000003/2.743484/0122/R000000009
R000000001/4.159427/0119/M000000002/R000000003
R000000013/3.854596/0119/M000000002/R000000009
M000000016/1.000000/0000/Sigma_BB-28799125
R000000017/1.000000/0000/Guesstimate
R000000015/2.222222/0279/M000000016/R000000017
R000000015/2.222222/0279/M000000016/R000000017
R000000014/3.580247/0119/M000000002/R000000015
R000000019/1.000000/0000/Guesstimate
R000000020/1.000000/0000/Guesstimate
R000000018/2.222222/0285/R000000019/R000000020
R000000018/2.469136/0091/R000000015
R000000014/3.580247/0276/M000000002/R000000018
R000000021/1.000000/0000/Guesstimate
R000000013/5.089163/0274/R000000014/R000000021
R000000001/4.282884/0122/R000000013
Q000000002/4.159427/0000/R000000001
Q000000003/5.531170/0000/R000000022
R000000026/1.000000/0000/Guesstimate
R000000027/1.000000/0000/Guesstimate
R000000025/2.222222/0224/R000000026/R000000027
R000000028/1.000000/0000/Guesstimate
R000000024/3.580247/0003/R000000025/R000000028
R000000030/1.000000/0000/Guesstimate
R000000029/2.222222/0224/R000000026/R000000030
R000000031/1.000000/0000/Guesstimate
R000000024/3.580247/0112/R000000029/R000000031
R000000023/3.978053/0147/R000000024
R000000033/2.222222/0224/R000000026/R000000021
R000000034/1.000000/0000/Guesstimate
R000000032/3.580247/0003/R000000033/R000000034
R000000035/2.469136/0118/R000000033
R000000036/1.000000/0000/Guesstimate
R000000035/3.580247/0112/R000000033/R000000036
M000000037/1.000000/0000/Sigma_BB-28775620
R000000032/3.854596/0049/R000000035/M000000037
R000000023/3.978053/0147/R000000032
R000000038/1.000000/0000/Guesstimate
R000000022/5.531170/0004/R000000023/R000000038
M000000042/1.000000/0000/Sigma_BB-28762337
R000000041/2.222222/0224/R000000026/M000000042
R000000043/1.000000/0000/Guesstimate
R000000041/3.580247/0004/R000000033/R000000043
M000000044/1.000000/0000/Sigma_BB-70700816
R000000040/3.580247/0212/R000000041/M000000044
R000000046/1.000000/0000/Guesstimate
R000000045/5.531170/0301/R000000023/R000000046
R000000045/5.531170/0301/R000000023/R000000046
R000000040/6.145744/0039/R000000045
R000000039/3.978053/0024/R000000040
R000000039/5.531170/0004/R000000023/R000000043
R000000047/1.000000/0000/Guesstimate
R000000022/5.531170/0004/R000000039/R000000047
Q000000004/Analysis Failed
<NEXT>