#
#  Reaction log file
#  Author: LigBuilder V3 User_Diana
#  Creation time: Thu Apr  9 21:14:18 2026
#  Format:
#  QueryMoleculeId/Cost/SynthesizeId/ReactantId1/ReactantId2/ReactantId3.....
#  Id prefix:
#  Q --- Query Molecule
#  M --- Material
#  R --- Reactant
#
Directory      result/synthesize_PfHDAC1/59/DATABASE/
#
Q000000001/5.791801/0000/R000000001
R000000004/1.000000/0000/Guesstimate
R000000003/1.111111/0125/R000000004
R000000005/1.000000/0000/Guesstimate
R000000003/2.222222/0112/R000000004/R000000005
R000000008/1.000000/0000/Guesstimate
R000000009/1.000000/0000/Guesstimate
R000000007/2.222222/0112/R000000008/R000000009
R000000010/1.000000/0000/Guesstimate
R000000006/3.580247/0011/R000000007/R000000010
R000000012/2.222222/0112/R000000005/R000000009
R000000014/1.000000/0000/Guesstimate
R000000013/2.222222/0004/R000000014/R000000009
R000000012/2.469136/0009/R000000013
R000000011/2.469136/0040/R000000012
R000000015/1.000000/0000/Guesstimate
R000000006/3.854596/0003/R000000011/R000000015
R000000002/5.212621/0011/R000000003/R000000006
R000000016/3.703704/0011/R000000003/R000000007
R000000019/1.000000/0000/Guesstimate
R000000018/2.222222/0004/R000000004/R000000019
R000000017/2.469136/0197/R000000018
R000000017/2.469136/0197/R000000018
R000000016/5.486969/0003/R000000017/R000000011
R000000002/5.226338/0011/R000000016/R000000010
R000000001/5.791801/0099/R000000002
R000000023/1.000000/0000/Guesstimate
R000000022/3.580247/0285/R000000023/R000000012
R000000021/3.978053/0079/R000000022
R000000024/1.000000/0000/Guesstimate
R000000021/5.089163/0112/R000000022/R000000024
R000000020/5.654626/0256/R000000003/R000000021
R000000026/1.000000/0000/Guesstimate
R000000025/3.854596/0003/R000000017/R000000026
M000000028/1.000000/0000/Sigma_BB-28721388
R000000027/3.580247/0212/R000000018/M000000028
R000000027/3.580247/0212/R000000018/M000000028
R000000025/3.978053/0009/R000000027
R000000020/6.752020/0012/R000000025/R000000012
R000000001/6.282918/0041/R000000020
Q000000002/5.791801/0000/R000000001
Q000000003/3.854596/0000/R000000029
R000000032/1.000000/0000/Guesstimate
M000000033/1.000000/0000/Sigma_BB-48711127
R000000031/2.222222/0003/R000000032/M000000033
R000000035/1.000000/0000/Guesstimate
R000000034/2.222222/0004/R000000032/R000000035
R000000036/2.222222/0003/R000000032/R000000026
R000000038/1.000000/0000/Guesstimate
R000000039/1.000000/0000/Guesstimate
R000000037/2.222222/0170/R000000038/R000000039
R000000040/1.000000/0000/Guesstimate
R000000041/1.000000/0000/Guesstimate
R000000037/2.222222/0170/R000000040/R000000041
R000000036/3.580247/0112/R000000037/R000000005
R000000034/2.469136/0040/R000000036
R000000042/1.000000/0000/Guesstimate
R000000031/3.580247/0003/R000000034/R000000042
R000000030/2.469136/0099/R000000031
M000000044/1.000000/0000/Sigma_BB-28806472
R000000043/3.580247/0003/R000000037/M000000044
R000000045/1.111111/0085/M000000033
R000000046/1.000000/0000/Guesstimate
R000000045/2.222222/0004/R000000046/R000000042
R000000043/3.703704/0049/R000000036/R000000045
R000000030/3.978053/0099/R000000043
R000000029/3.854596/0018/R000000030/R000000010
R000000049/2.222222/0018/R000000032/R000000010
R000000050/1.000000/0000/Guesstimate
R000000051/1.000000/0000/Guesstimate
R000000049/2.222222/0170/R000000050/R000000051
R000000048/3.580247/0004/R000000049/R000000035
R000000048/3.580247/0018/R000000034/R000000010
M000000054/1.000000/0000/Sigma_BB-28764950
R000000053/1.111111/0085/M000000054
R000000052/2.345679/0212/R000000053/M000000044
R000000055/2.222222/0212/M000000054/M000000044
R000000055/2.222222/0212/M000000054/M000000044
R000000052/2.469136/0085/R000000055
R000000047/6.584363/0212/R000000048/R000000052
R000000047/6.584363/0212/R000000048/R000000052
R000000029/7.315958/0028/R000000047
<NEXT>