#
#  Reaction log file
#  Author: LigBuilder V3 User_Diana
#  Creation time: Thu Apr  9 21:14:22 2026
#  Format:
#  QueryMoleculeId/Cost/SynthesizeId/ReactantId1/ReactantId2/ReactantId3.....
#  Id prefix:
#  Q --- Query Molecule
#  M --- Material
#  R --- Reactant
#
Directory      result/synthesize_PfHDAC1/55/DATABASE/
#
Q000000001/5.531170/0000/R000000001
R000000005/1.000000/0000/Guesstimate
R000000006/1.000000/0000/Guesstimate
R000000004/2.222222/0277/R000000005/R000000006
R000000007/1.000000/0000/Guesstimate
R000000003/3.580247/0259/R000000004/R000000007
R000000003/3.580247/0259/R000000004/R000000007
R000000002/3.978053/0041/R000000003
R000000009/1.000000/0000/Guesstimate
R000000011/1.000000/0000/Guesstimate
R000000012/1.000000/0000/Guesstimate
R000000010/2.222222/0224/R000000011/R000000012
R000000008/3.580247/0003/R000000009/R000000010
R000000014/1.000000/0000/Guesstimate
R000000013/1.111111/0040/R000000014
R000000015/1.000000/0000/Guesstimate
R000000016/1.000000/0000/Guesstimate
R000000013/2.222222/0004/R000000015/R000000016
R000000017/2.469136/0125/R000000010
R000000018/1.000000/0000/Guesstimate
R000000017/3.580247/0112/R000000018/R000000010
R000000008/3.978053/0049/R000000013/R000000017
R000000002/3.978053/0147/R000000008
R000000019/1.000000/0000/Guesstimate
R000000001/5.531170/0018/R000000002/R000000019
R000000020/5.089163/0018/R000000003/R000000019
R000000022/3.580247/0018/R000000004/R000000019
R000000023/2.222222/0018/R000000005/R000000019
R000000025/1.000000/0000/Guesstimate
R000000026/1.000000/0000/Guesstimate
R000000024/2.222222/0004/R000000025/R000000026
M000000027/1.000000/0000/Sigma_BB-28776642
R000000024/2.222222/0018/M000000027/R000000019
R000000023/2.469136/0197/R000000024
R000000022/3.580247/0277/R000000023/R000000006
R000000028/1.000000/0000/Guesstimate
R000000021/5.089163/0259/R000000022/R000000028
R000000021/5.089163/0259/R000000022/R000000028
R000000020/6.765737/0112/R000000021/R000000018
R000000001/5.654626/0041/R000000020
Q000000002/Analysis Failed
Q000000003/Analysis Failed
<NEXT>