#
#  Reaction log file
#  Author: LigBuilder V3 User_Diana
#  Creation time: Thu Apr  9 21:19:19 2026
#  Format:
#  QueryMoleculeId/Cost/SynthesizeId/ReactantId1/ReactantId2/ReactantId3.....
#  Id prefix:
#  Q --- Query Molecule
#  M --- Material
#  R --- Reactant
#
Directory      result/synthesize_PfHDAC1/269/DATABASE/
#
Q000000001/Analysis Failed
Q000000002/Analysis Failed
Q000000003/5.944217/0000/R000000001
R000000005/1.000000/0000/Guesstimate
R000000006/1.000000/0000/Guesstimate
R000000004/2.222222/0226/R000000005/R000000006
R000000003/2.469136/0040/R000000004
M000000008/1.000000/0000/Sigma_BB-30407107
R000000009/1.000000/0000/Guesstimate
R000000007/2.222222/0001/M000000008/R000000009
R000000010/1.000000/0000/Guesstimate
R000000007/2.222222/0141/M000000008/R000000010
R000000003/2.469136/0059/R000000007
M000000013/1.000000/0000/Sigma_BB-28764950
R000000012/1.111111/0085/M000000013
R000000014/1.000000/0000/Guesstimate
R000000011/2.345679/0212/R000000012/R000000014
R000000016/1.000000/0000/Guesstimate
R000000015/2.222222/0004/M000000013/R000000016
R000000015/2.222222/0277/M000000013/R000000016
R000000011/2.469136/0197/R000000015
R000000002/5.349795/0212/R000000003/R000000011
R000000002/5.349795/0212/R000000003/R000000011
R000000001/5.944217/0028/R000000002
R000000019/2.222222/0212/M000000013/R000000014
R000000019/2.222222/0212/M000000013/R000000014
R000000018/2.469136/0085/R000000019
R000000021/1.000000/0000/Guesstimate
R000000020/2.345679/0212/R000000012/R000000021
R000000020/2.345679/0212/R000000012/R000000021
R000000018/2.606310/0155/R000000020
R000000017/5.486969/0212/R000000003/R000000018
R000000017/5.486969/0212/R000000003/R000000018
R000000001/6.096632/0028/R000000017
Q000000004/Analysis Failed
<NEXT>