#
#  Reaction log file
#  Author: LigBuilder V3 User_Diana
#  Creation time: Thu Apr  9 21:15:11 2026
#  Format:
#  QueryMoleculeId/Cost/SynthesizeId/ReactantId1/ReactantId2/ReactantId3.....
#  Id prefix:
#  Q --- Query Molecule
#  M --- Material
#  R --- Reactant
#
Directory      result/synthesize_PfHDAC1/128/DATABASE/
#
Q000000001/Analysis Failed
Q000000002/Analysis Failed
Q000000003/3.048316/0000/R000000001
R000000005/1.000000/0000/Guesstimate
R000000006/1.000000/0000/Guesstimate
R000000004/2.222222/0224/R000000005/R000000006
R000000003/2.469136/0087/R000000004
R000000002/2.743484/0079/R000000003
R000000009/1.000000/0000/Guesstimate
R000000008/2.222222/0224/R000000005/R000000009
R000000007/2.469136/0293/R000000008
R000000011/1.000000/0000/Guesstimate
R000000010/3.580247/0004/R000000004/R000000011
R000000007/3.978053/0197/R000000010
R000000002/2.743484/0082/R000000007
R000000001/3.048316/0059/R000000002
R000000014/1.000000/0000/Guesstimate
R000000013/4.159427/0049/R000000002/R000000014
R000000016/1.000000/0000/Guesstimate
R000000015/3.854596/0112/R000000003/R000000016
R000000015/3.854596/0112/R000000003/R000000016
R000000013/4.282884/0147/R000000015
R000000012/4.621586/0040/R000000013
R000000019/1.000000/0000/Guesstimate
R000000018/3.854596/0112/R000000003/R000000019
R000000017/4.282884/0147/R000000018
R000000012/4.758760/0024/R000000017
R000000001/5.135096/0153/R000000012
Q000000004/3.048316/0000/R000000001
<NEXT>