#
#  Reaction log file
#  Author: LigBuilder V3 User_Diana
#  Creation time: Thu Apr  9 21:13:15 2026
#  Format:
#  QueryMoleculeId/Cost/SynthesizeId/ReactantId1/ReactantId2/ReactantId3.....
#  Id prefix:
#  Q --- Query Molecule
#  M --- Material
#  R --- Reactant
#
Directory      result/synthesize_PfHDAC1/23/DATABASE/
#
Q000000001/7.315958/0000/R000000001
R000000004/1.000000/0000/Guesstimate
M000000005/1.000000/0000/Sigma_BB-187206312
R000000003/2.222222/0224/R000000004/M000000005
R000000007/1.000000/0000/Guesstimate
R000000006/2.222222/0224/R000000007/M000000005
R000000009/1.000000/0000/Guesstimate
R000000008/2.222222/0224/R000000009/M000000005
R000000006/2.469136/0294/R000000008
R000000010/1.000000/0000/Guesstimate
R000000003/3.580247/0018/R000000006/R000000010
R000000013/1.000000/0000/Guesstimate
R000000012/1.111111/0288/R000000013
R000000015/1.000000/0000/Guesstimate
R000000014/2.222222/0001/R000000015/R000000015
R000000016/1.000000/0000/Guesstimate
R000000014/2.222222/0003/R000000015/R000000016
R000000011/3.703704/0042/R000000012/R000000014
R000000018/1.000000/0000/Guesstimate
R000000020/1.000000/0000/Guesstimate
R000000021/1.000000/0000/Guesstimate
R000000019/2.222222/0277/R000000020/R000000021
R000000017/3.580247/0277/R000000018/R000000019
R000000011/3.978053/0099/R000000017
R000000002/6.584363/0301/R000000003/R000000011
R000000002/6.584363/0301/R000000003/R000000011
R000000001/7.315958/0099/R000000002
R000000023/3.978053/0099/R000000017
R000000025/1.000000/0000/Guesstimate
R000000026/2.469136/0099/R000000019
R000000027/9.000000/0000/Guesstimate
R000000026/10.000000/0082/R000000027
R000000024/3.854596/0277/R000000025/R000000026
R000000023/4.282884/0155/R000000024
R000000022/6.889194/0301/R000000003/R000000023
M000000031/1.000000/0000/Sigma_BB-234767090
R000000030/2.222222/0224/R000000004/M000000031
R000000032/2.222222/0224/R000000007/M000000031
R000000030/3.580247/0018/R000000032/R000000010
R000000033/1.000000/0000/Guesstimate
R000000029/3.580247/0112/R000000030/R000000033
R000000028/3.978053/0147/R000000029
R000000035/3.580247/0004/R000000006/R000000015
R000000036/3.580247/0004/R000000032/R000000015
R000000038/1.000000/0000/Guesstimate
R000000037/3.580247/0003/R000000032/R000000038
R000000039/1.000000/0000/Guesstimate
R000000037/3.580247/0112/R000000006/R000000039
R000000036/3.978053/0040/R000000037
R000000035/3.978053/0093/R000000036
R000000034/3.978053/0197/R000000035
R000000040/1.000000/0000/Guesstimate
R000000034/5.089163/0212/R000000036/R000000040
R000000028/5.531170/0018/R000000034/R000000010
R000000022/7.163543/0277/R000000028/R000000026
R000000001/7.654661/0099/R000000022
Q000000002/6.282918/0000/R000000041
R000000044/2.469136/0125/R000000030
R000000044/3.580247/0112/R000000030/R000000039
R000000043/2.743484/0040/R000000044
R000000045/3.978053/0073/R000000035
R000000045/3.978053/0216/R000000036
R000000043/5.531170/0018/R000000045/R000000010
R000000048/1.000000/0000/Guesstimate
R000000047/1.111111/0293/R000000048
M000000049/1.000000/0000/Sigma_BB-28769469
R000000046/2.345679/0301/R000000047/M000000049
R000000046/2.345679/0301/R000000047/M000000049
R000000042/5.654626/0003/R000000043/R000000046
R000000050/3.580247/0004/R000000030/R000000040
R000000051/3.580247/0004/R000000032/R000000040
R000000051/3.978053/0085/R000000036
R000000050/5.089163/0018/R000000051/R000000010
R000000052/3.717421/0112/R000000039/R000000046
R000000054/1.000000/0000/Guesstimate
R000000053/3.717421/0004/R000000054/R000000046
R000000052/4.130468/0009/R000000053
R000000042/8.108521/0049/R000000050/R000000052
R000000041/6.282918/0147/R000000042
R000000056/3.580247/0004/R000000030/R000000015
R000000056/5.089163/0018/R000000036/R000000010
R000000058/2.222222/0277/R000000040/R000000020
R000000057/3.580247/0277/R000000058/M000000049
M000000060/1.000000/0000/Sigma_BB-28783818
R000000059/3.580247/0212/R000000058/M000000060
R000000059/3.580247/0212/R000000058/M000000060
R000000057/5.089163/0277/R000000040/R000000059
R000000055/7.956105/0212/R000000056/R000000057
R000000055/7.956105/0212/R000000056/R000000057
R000000041/8.840117/0099/R000000055
Q000000003/7.315958/0000/R000000001
Q000000004/7.315958/0000/R000000001
<NEXT>