#
#  Reaction log file
#  Author: LigBuilder V3 User_Diana
#  Creation time: Thu Apr  9 21:18:00 2026
#  Format:
#  QueryMoleculeId/Cost/SynthesizeId/ReactantId1/ReactantId2/ReactantId3.....
#  Id prefix:
#  Q --- Query Molecule
#  M --- Material
#  R --- Reactant
#
Directory      result/synthesize_PfHDAC1/230/DATABASE/
#
Q000000001/5.531170/0000/R000000001
M000000004/1.000000/0000/Sigma_BB-27468255
M000000006/1.000000/0000/Sigma_BB-28762337
M000000007/1.000000/0000/Sigma_BB-30393577
R000000005/2.222222/0004/M000000006/M000000007
R000000008/1.000000/0000/Guesstimate
R000000010/1.000000/0000/Guesstimate
R000000009/2.222222/0004/R000000010/M000000007
R000000011/1.000000/0000/Guesstimate
R000000012/1.000000/0000/Guesstimate
R000000009/3.333333/0225/R000000011/M000000007/R000000012
R000000005/3.580247/0112/R000000008/R000000009
R000000003/3.580247/0212/M000000004/R000000005
R000000003/3.580247/0212/M000000004/R000000005
R000000002/3.978053/0285/R000000003
R000000015/1.000000/0000/Guesstimate
R000000016/1.000000/0000/Guesstimate
R000000014/2.222222/0279/R000000015/R000000016
R000000018/1.000000/0000/Guesstimate
R000000019/1.000000/0000/Guesstimate
R000000017/2.222222/0001/R000000018/R000000019
R000000017/2.222222/0004/R000000018/R000000008
R000000020/1.000000/0000/Guesstimate
R000000014/3.580247/0122/R000000017/R000000020
R000000013/4.938272/0212/R000000014/R000000009
M000000022/1.000000/0000/Sigma_BB-28436097
R000000024/1.000000/0000/Guesstimate
M000000025/1.000000/0000/Sigma_BB-244172176
R000000023/2.222222/0004/R000000024/M000000025
R000000026/2.222222/0003/M000000025/R000000019
M000000027/1.000000/0000/Sigma_BB-30393574
R000000026/2.222222/0049/M000000027/R000000020
R000000023/2.469136/0040/R000000026
R000000021/3.580247/0212/M000000022/R000000023
R000000021/3.580247/0212/M000000022/R000000023
R000000013/6.447188/0122/R000000017/R000000021
R000000002/5.486969/0274/R000000013
R000000028/1.000000/0000/Guesstimate
R000000001/5.531170/0119/R000000002/R000000028
R000000032/1.000000/0000/Guesstimate
R000000033/1.000000/0000/Guesstimate
R000000031/3.333333/0261/R000000028/R000000032/R000000033
R000000030/3.703704/0004/R000000031
R000000035/1.000000/0000/Guesstimate
R000000034/3.333333/0261/R000000028/R000000032/R000000035
R000000030/4.814815/0225/R000000034/R000000012
R000000029/6.584363/0212/R000000030/R000000023
R000000029/6.584363/0212/R000000030/R000000023
R000000001/7.315958/0099/R000000029
Q000000002/Analysis Failed
Q000000003/7.959492/0000/R000000036
R000000041/1.000000/0000/Guesstimate
R000000042/1.000000/0000/Guesstimate
R000000040/2.222222/0112/R000000041/R000000042
R000000043/1.000000/0000/Guesstimate
R000000039/3.580247/0112/R000000040/R000000043
R000000044/2.222222/0112/R000000042/R000000043
R000000039/3.580247/0112/R000000041/R000000044
R000000038/3.978053/0059/R000000039
R000000047/1.000000/0000/Guesstimate
R000000046/2.222222/0274/R000000047/R000000020
R000000045/2.469136/0001/R000000046
R000000049/1.000000/0000/Guesstimate
R000000048/2.222222/0274/R000000049/R000000020
R000000048/2.469136/0091/R000000046
R000000045/2.469136/0004/R000000048
R000000037/7.163543/0119/R000000038/R000000045
R000000054/1.000000/0000/Guesstimate
R000000055/1.000000/0000/Guesstimate
R000000053/2.222222/0112/R000000054/R000000055
R000000052/2.469136/0153/R000000053
R000000056/2.222222/0112/R000000054/R000000042
R000000056/2.469136/0091/R000000053
R000000052/2.469136/0154/R000000056
R000000051/2.743484/0198/R000000052
R000000051/2.743484/0298/R000000052
R000000050/3.048316/0257/R000000051
R000000057/1.000000/0000/Guesstimate
R000000050/3.854596/0119/R000000045/R000000057
R000000037/7.365071/0224/R000000039/R000000050
R000000036/7.959492/0099/R000000037
R000000060/3.978053/0147/R000000039
R000000061/1.000000/0000/Guesstimate
R000000059/5.531170/0012/R000000060/R000000061
R000000059/5.531170/0285/R000000060/R000000061
R000000058/8.889229/0224/R000000059/R000000052
R000000036/9.876921/0082/R000000058
Q000000004/4.130468/0000/R000000062
M000000066/1.000000/0000/Sigma_BB-28928256
R000000065/1.111111/0114/M000000066
R000000067/1.000000/0000/Guesstimate
R000000064/2.345679/0175/R000000065/R000000067
R000000068/2.222222/0175/M000000066/R000000067
R000000068/2.222222/0290/M000000066/R000000067
R000000064/2.469136/0114/R000000068
R000000069/1.000000/0000/Guesstimate
R000000063/3.717421/0170/R000000064/R000000069
R000000071/1.234568/0156/R000000065
R000000070/2.482853/0175/R000000071/R000000067
R000000070/2.482853/0290/R000000071/R000000067
R000000072/1.000000/0000/Guesstimate
R000000063/3.869837/0170/R000000070/R000000072
R000000062/4.130468/0139/R000000063
R000000076/1.000000/0000/Guesstimate
R000000077/1.000000/0000/Guesstimate
R000000075/2.222222/0279/R000000076/R000000077
R000000075/2.222222/0279/R000000076/R000000077
R000000079/1.000000/0000/Guesstimate
R000000078/1.111111/0239/R000000079
R000000080/1.000000/0000/Guesstimate
R000000078/1.111111/0283/R000000080
R000000074/3.703704/0159/R000000075/R000000078
M000000082/1.000000/0000/Sigma_BB-27647986
R000000081/3.580247/0159/R000000075/M000000082
R000000074/3.978053/0222/R000000081
R000000083/1.000000/0000/Guesstimate
R000000073/5.226338/0224/R000000074/R000000083
R000000085/3.580247/0159/R000000075/R000000079
R000000084/5.089163/0224/R000000085/R000000083
R000000087/1.000000/0000/Guesstimate
R000000086/5.089163/0224/R000000085/R000000087
R000000084/5.654626/0257/R000000086
R000000073/5.654626/0239/R000000084
R000000062/5.807042/0059/R000000073
<NEXT>