#
#  Reaction log file
#  Author: LigBuilder V3 User_Diana
#  Creation time: Thu Apr  9 21:15:03 2026
#  Format:
#  QueryMoleculeId/Cost/SynthesizeId/ReactantId1/ReactantId2/ReactantId3.....
#  Id prefix:
#  Q --- Query Molecule
#  M --- Material
#  R --- Reactant
#
Directory      result/synthesize_PfHDAC1/124/DATABASE/
#
Q000000001/4.572474/0000/R000000001
R000000005/1.000000/0000/Guesstimate
R000000006/1.000000/0000/Guesstimate
R000000004/2.222222/0276/R000000005/R000000006
R000000004/2.222222/0278/R000000005/R000000006
R000000008/1.000000/0000/Guesstimate
R000000007/1.111111/0125/R000000008
R000000009/1.000000/0000/Guesstimate
R000000007/2.222222/0112/R000000008/R000000009
R000000003/3.703704/0301/R000000004/R000000007
R000000011/1.000000/0000/Guesstimate
R000000010/3.580247/0301/R000000004/R000000011
R000000010/3.580247/0301/R000000004/R000000011
R000000012/1.000000/0000/Guesstimate
R000000003/5.089163/0301/R000000010/R000000012
R000000002/4.115227/0276/R000000003
R000000014/2.222222/0276/R000000005/R000000006
R000000014/2.222222/0278/R000000005/R000000006
R000000013/3.703704/0301/R000000014/R000000007
R000000015/3.580247/0301/R000000014/R000000011
R000000015/3.580247/0301/R000000014/R000000011
R000000013/5.089163/0301/R000000015/R000000012
R000000002/4.115227/0276/R000000013
R000000001/4.572474/0059/R000000002
R000000017/2.469136/0276/R000000004
R000000017/2.469136/0276/R000000014
R000000019/1.000000/0000/Guesstimate
R000000018/2.222222/0004/R000000008/R000000019
R000000021/1.000000/0000/Guesstimate
R000000020/2.222222/0003/R000000008/R000000021
R000000022/1.000000/0000/Guesstimate
R000000020/2.345679/0049/R000000007/R000000022
R000000018/2.469136/0040/R000000020
R000000016/5.212621/0301/R000000017/R000000018
R000000023/5.683586/0049/R000000002/R000000022
R000000024/5.226338/0049/R000000003/R000000022
R000000023/5.807042/0276/R000000024
R000000016/6.315095/0040/R000000023
R000000001/5.791801/0153/R000000016
Q000000002/4.572474/0000/R000000001
Q000000003/4.572474/0000/R000000001
<NEXT>