#
#  Reaction log file
#  Author: LigBuilder V3 User_Diana
#  Creation time: Thu Apr  9 21:18:56 2026
#  Format:
#  QueryMoleculeId/Cost/SynthesizeId/ReactantId1/ReactantId2/ReactantId3.....
#  Id prefix:
#  Q --- Query Molecule
#  M --- Material
#  R --- Reactant
#
Directory      result/synthesize_PfHDAC1/259/DATABASE/
#
Q000000001/Analysis Failed
Q000000002/10.000000/0000/R000000001
R000000006/9.200000/0000/Guesstimate
R000000005/9.200000/0155/R000000006
R000000004/9.700000/0300/R000000005
R000000004/9.700000/0300/R000000005
R000000007/1.000000/0000/Guesstimate
R000000003/10.000000/0224/R000000004/R000000007
R000000002/10.000000/0218/R000000003
R000000009/1.000000/0000/Guesstimate
R000000008/10.000000/0224/R000000004/R000000009
R000000002/10.000000/0218/R000000008
R000000001/10.000000/0099/R000000002
R000000010/1.000000/0000/Guesstimate
R000000001/10.000000/0224/R000000004/R000000010
Q000000003/4.282884/0000/R000000011
R000000015/1.000000/0000/Guesstimate
R000000016/1.000000/0000/Guesstimate
R000000014/2.222222/0004/R000000015/R000000016
R000000017/1.000000/0000/Guesstimate
R000000018/1.000000/0000/Guesstimate
R000000014/3.333333/0225/R000000017/R000000016/R000000018
R000000013/2.469136/0093/R000000014
M000000020/1.000000/0000/Sigma_BB-28457967
R000000019/3.580247/0212/R000000014/M000000020
R000000019/3.580247/0212/R000000014/M000000020
R000000013/3.978053/0100/R000000019
R000000021/1.000000/0000/Guesstimate
R000000012/3.854596/0003/R000000013/R000000021
R000000022/2.469136/0197/R000000014
M000000023/1.000000/0000/Sigma_BB-30388717
R000000012/3.854596/0003/R000000022/M000000023
R000000011/4.282884/0059/R000000012
M000000027/1.000000/0000/Sigma_BB-28832833
R000000026/3.580247/0212/M000000027/R000000014
R000000026/3.580247/0212/M000000027/R000000014
R000000025/3.978053/0024/R000000026
R000000028/1.000000/0000/Guesstimate
R000000029/2.743484/0197/R000000013
R000000030/1.000000/0000/Guesstimate
R000000029/3.580247/0212/R000000014/R000000030
R000000025/4.159427/0004/R000000028/R000000029
R000000031/1.000000/0000/Guesstimate
R000000024/5.531170/0003/R000000025/R000000031
R000000034/1.000000/0000/Guesstimate
R000000033/3.854596/0212/R000000034/R000000013
R000000033/4.420059/0197/R000000025
R000000032/5.393995/0004/R000000033/R000000030
R000000036/1.000000/0000/Guesstimate
R000000035/5.393995/0277/R000000033/R000000036
R000000037/1.000000/0000/Guesstimate
R000000035/5.393995/0301/R000000033/R000000037
R000000032/5.993328/0024/R000000035
R000000038/1.000000/0000/Guesstimate
R000000024/7.104439/0049/R000000032/R000000038
R000000011/6.145744/0147/R000000024
<NEXT>