#
#  Reaction log file
#  Author: LigBuilder V3 User_Diana
#  Creation time: Thu Apr  9 21:13:37 2026
#  Format:
#  QueryMoleculeId/Cost/SynthesizeId/ReactantId1/ReactantId2/ReactantId3.....
#  Id prefix:
#  Q --- Query Molecule
#  M --- Material
#  R --- Reactant
#
Directory      result/synthesize_PfHDAC1/46/DATABASE/
#
Q000000001/Analysis Failed
Q000000002/Analysis Failed
Q000000003/Analysis Failed
Q000000004/5.683586/0000/R000000001
R000000005/1.000000/0000/Guesstimate
M000000006/1.000000/0000/Sigma_BB-28792542
R000000004/2.222222/0170/R000000005/M000000006
R000000008/1.000000/0000/Guesstimate
R000000009/1.000000/0000/Guesstimate
R000000007/2.222222/0170/R000000008/R000000009
R000000010/1.000000/0000/Guesstimate
R000000007/2.222222/0170/R000000005/R000000010
R000000011/1.000000/0000/Guesstimate
R000000004/3.580247/0277/R000000007/R000000011
R000000013/1.000000/0000/Guesstimate
R000000012/1.111111/0228/R000000013
R000000012/1.111111/0286/R000000013
R000000003/3.703704/0112/R000000004/R000000012
R000000015/1.000000/0000/Guesstimate
R000000014/2.222222/0170/R000000008/R000000015
R000000016/1.000000/0000/Guesstimate
R000000014/2.222222/0170/R000000005/R000000016
R000000017/1.234568/0118/R000000012
R000000018/1.000000/0000/Guesstimate
R000000017/2.345679/0112/R000000018/R000000012
R000000003/3.840878/0138/R000000014/R000000017
R000000002/4.115227/0099/R000000003
R000000021/1.000000/0000/Guesstimate
R000000022/1.000000/0000/Guesstimate
R000000020/2.222222/0004/R000000021/R000000022
R000000024/1.000000/0000/Guesstimate
R000000023/2.222222/0003/R000000021/R000000024
R000000023/3.580247/0112/R000000007/R000000018
R000000020/2.469136/0040/R000000023
R000000019/3.703704/0003/R000000020/R000000012
R000000025/2.345679/0004/R000000022/R000000012
R000000026/1.000000/0000/Guesstimate
R000000027/1.000000/0000/Guesstimate
R000000025/3.456790/0225/R000000026/R000000012/R000000027
R000000019/3.717421/0003/R000000021/R000000025
R000000002/4.115227/0099/R000000019
R000000028/1.000000/0000/Guesstimate
R000000001/5.683586/0018/R000000002/R000000028
R000000033/2.222222/0018/R000000021/R000000028
R000000034/1.000000/0000/Guesstimate
R000000035/1.000000/0000/Guesstimate
R000000033/2.222222/0170/R000000034/R000000035
R000000032/3.580247/0004/R000000033/R000000022
R000000032/3.580247/0018/R000000020/R000000028
M000000037/1.000000/0000/Sigma_BB-28764950
R000000036/1.111111/0085/M000000037
R000000031/5.212621/0212/R000000032/R000000036
R000000031/5.212621/0212/R000000032/R000000036
R000000030/5.791801/0197/R000000031
R000000029/7.669903/0301/R000000030/R000000012
R000000029/7.669903/0301/R000000030/R000000012
R000000001/8.522115/0028/R000000029
<NEXT>