#
#  Reaction log file
#  Author: LigBuilder V3 User_Diana
#  Creation time: Thu Apr  9 21:13:11 2026
#  Format:
#  QueryMoleculeId/Cost/SynthesizeId/ReactantId1/ReactantId2/ReactantId3.....
#  Id prefix:
#  Q --- Query Molecule
#  M --- Material
#  R --- Reactant
#
Directory      result/synthesize_PfHDAC1/24/DATABASE/
#
Q000000001/7.485310/0000/R000000001
R000000004/1.000000/0000/Guesstimate
M000000005/1.000000/0000/Sigma_BB-187206312
R000000003/2.222222/0224/R000000004/M000000005
R000000007/1.000000/0000/Guesstimate
R000000006/2.222222/0224/R000000007/M000000005
R000000009/1.000000/0000/Guesstimate
R000000008/2.222222/0224/R000000009/M000000005
R000000006/2.469136/0294/R000000008
R000000010/1.000000/0000/Guesstimate
R000000003/3.580247/0018/R000000006/R000000010
R000000013/1.000000/0000/Guesstimate
R000000012/1.111111/0288/R000000013
R000000014/1.000000/0000/Guesstimate
R000000016/1.000000/0000/Guesstimate
R000000015/1.111111/0293/R000000016
R000000012/2.345679/0301/R000000014/R000000015
R000000018/1.000000/0000/Guesstimate
R000000020/1.000000/0000/Guesstimate
R000000019/1.111111/0040/R000000020
M000000021/1.000000/0000/Sigma_BB-28760789
R000000019/1.111111/0153/M000000021
R000000017/2.345679/0001/R000000018/R000000019
R000000022/1.000000/0000/Guesstimate
R000000017/2.345679/0003/R000000019/R000000022
R000000011/3.840878/0042/R000000012/R000000017
R000000002/6.736778/0301/R000000003/R000000011
M000000027/1.000000/0000/Sigma_BB-234767090
R000000026/2.222222/0224/R000000004/M000000027
R000000028/2.222222/0224/R000000007/M000000027
R000000026/3.580247/0018/R000000028/R000000010
R000000029/1.000000/0000/Guesstimate
R000000025/3.580247/0112/R000000026/R000000029
R000000024/3.978053/0147/R000000025
R000000031/3.580247/0004/R000000006/R000000018
R000000032/3.580247/0004/R000000028/R000000018
R000000034/1.000000/0000/Guesstimate
R000000033/3.580247/0003/R000000028/R000000034
R000000035/1.000000/0000/Guesstimate
R000000033/3.580247/0112/R000000006/R000000035
R000000032/3.978053/0040/R000000033
R000000031/3.978053/0093/R000000032
R000000030/3.978053/0197/R000000031
R000000036/1.000000/0000/Guesstimate
R000000030/5.089163/0212/R000000032/R000000036
R000000024/5.531170/0018/R000000030/R000000010
R000000023/5.654626/0301/R000000024/R000000015
R000000023/5.654626/0301/R000000024/R000000015
R000000002/8.889228/0042/R000000023/R000000017
R000000001/7.485310/0147/R000000002
R000000039/2.469136/0125/R000000026
R000000039/3.580247/0112/R000000026/R000000035
R000000038/2.743484/0040/R000000039
R000000040/3.978053/0073/R000000031
R000000040/3.978053/0216/R000000032
R000000038/5.531170/0018/R000000040/R000000010
R000000043/1.000000/0000/Guesstimate
R000000042/1.111111/0293/R000000043
R000000045/1.000000/0000/Guesstimate
R000000046/1.000000/0000/Guesstimate
R000000044/2.222222/0170/R000000045/R000000046
R000000047/1.000000/0000/Guesstimate
R000000048/1.000000/0000/Guesstimate
R000000044/2.222222/0170/R000000047/R000000048
R000000041/3.703704/0301/R000000042/R000000044
R000000041/3.703704/0301/R000000042/R000000044
R000000037/7.163543/0003/R000000038/R000000041
R000000049/3.580247/0004/R000000026/R000000036
R000000050/3.580247/0004/R000000028/R000000036
R000000050/3.978053/0085/R000000032
R000000049/5.089163/0018/R000000050/R000000010
R000000051/5.226338/0112/R000000035/R000000041
R000000053/1.000000/0000/Guesstimate
R000000052/5.226338/0004/R000000053/R000000041
R000000051/5.807042/0009/R000000052
R000000037/9.785095/0049/R000000049/R000000051
R000000001/7.959492/0147/R000000037
Q000000002/9.009467/0000/R000000054
R000000056/3.580247/0004/R000000026/R000000018
R000000056/5.089163/0018/R000000032/R000000010
R000000059/1.000000/0000/Guesstimate
R000000058/2.345679/0301/R000000042/R000000059
R000000058/2.345679/0301/R000000042/R000000059
R000000057/3.717421/0004/R000000018/R000000058
R000000060/3.717421/0003/R000000058/R000000034
R000000057/4.130468/0040/R000000060
R000000055/8.108521/0212/R000000056/R000000057
R000000055/8.108521/0212/R000000056/R000000057
R000000054/9.009467/0039/R000000055
R000000064/1.000000/0000/Guesstimate
R000000063/2.222222/0224/R000000064/M000000027
R000000063/2.469136/0257/R000000026
R000000062/3.580247/0004/R000000063/R000000018
R000000065/3.580247/0003/R000000063/R000000034
R000000062/3.978053/0040/R000000065
R000000068/1.000000/0000/Guesstimate
R000000067/2.345679/0301/R000000042/R000000068
R000000067/2.345679/0301/R000000042/R000000068
R000000066/3.717421/0004/R000000018/R000000067
R000000069/3.717421/0003/R000000067/R000000034
R000000066/4.130468/0040/R000000069
R000000061/8.108521/0212/R000000062/R000000066
R000000061/8.108521/0212/R000000062/R000000066
R000000054/9.009467/0041/R000000061
Q000000003/7.163543/0000/R000000070
R000000072/2.222222/0004/R000000018/R000000043
R000000073/2.222222/0003/R000000043/R000000034
R000000072/2.469136/0040/R000000073
R000000071/6.447188/0212/R000000062/R000000072
R000000071/6.447188/0212/R000000062/R000000072
R000000070/7.163543/0041/R000000071
R000000074/6.447188/0212/R000000032/R000000072
R000000074/6.447188/0212/R000000032/R000000072
R000000070/8.274654/0018/R000000074/R000000010
<NEXT>