#
#  Reaction log file
#  Author: LigBuilder V3 User_Diana
#  Creation time: Thu Apr  9 21:15:07 2026
#  Format:
#  QueryMoleculeId/Cost/SynthesizeId/ReactantId1/ReactantId2/ReactantId3.....
#  Id prefix:
#  Q --- Query Molecule
#  M --- Material
#  R --- Reactant
#
Directory      result/synthesize_PfHDAC1/127/DATABASE/
#
Q000000001/4.572474/0000/R000000001
R000000005/1.000000/0000/Guesstimate
R000000006/1.000000/0000/Guesstimate
R000000004/2.222222/0276/R000000005/R000000006
R000000004/2.222222/0278/R000000005/R000000006
R000000008/1.000000/0000/Guesstimate
R000000007/1.111111/0125/R000000008
R000000009/1.000000/0000/Guesstimate
R000000007/2.222222/0112/R000000008/R000000009
R000000003/3.703704/0301/R000000004/R000000007
R000000011/1.000000/0000/Guesstimate
R000000010/3.580247/0301/R000000004/R000000011
R000000010/3.580247/0301/R000000004/R000000011
R000000012/1.000000/0000/Guesstimate
R000000003/5.089163/0301/R000000010/R000000012
R000000002/4.115227/0276/R000000003
R000000014/2.222222/0276/R000000005/R000000006
R000000014/2.222222/0278/R000000005/R000000006
R000000013/3.703704/0301/R000000014/R000000007
R000000015/3.580247/0301/R000000014/R000000011
R000000015/3.580247/0301/R000000014/R000000011
R000000013/5.089163/0301/R000000015/R000000012
R000000002/4.115227/0276/R000000013
R000000001/4.572474/0059/R000000002
R000000017/2.469136/0276/R000000004
R000000017/2.469136/0276/R000000014
R000000019/1.000000/0000/Guesstimate
R000000018/2.222222/0004/R000000008/R000000019
R000000021/1.000000/0000/Guesstimate
R000000020/2.222222/0003/R000000008/R000000021
R000000022/1.000000/0000/Guesstimate
R000000020/2.345679/0049/R000000007/R000000022
R000000018/2.469136/0040/R000000020
R000000016/5.212621/0301/R000000017/R000000018
R000000023/5.683586/0049/R000000002/R000000022
R000000024/5.226338/0049/R000000003/R000000022
R000000023/5.807042/0276/R000000024
R000000016/6.315095/0040/R000000023
R000000001/5.791801/0153/R000000016
Q000000002/4.572474/0000/R000000001
Q000000003/5.287512/0000/R000000025
R000000028/2.743484/0217/R000000017
R000000027/3.048316/0040/R000000028
R000000029/3.854596/0004/R000000017/R000000019
R000000030/1.000000/0000/Guesstimate
R000000031/1.000000/0000/Guesstimate
R000000029/4.965707/0225/R000000017/R000000030/R000000031
R000000027/4.282884/0073/R000000029
R000000034/1.000000/0000/Guesstimate
R000000033/1.111111/0125/R000000034
R000000033/2.222222/0112/R000000034/R000000009
R000000032/1.234568/0059/R000000033
R000000035/2.222222/0004/R000000034/R000000019
R000000035/3.333333/0225/R000000034/R000000030/R000000031
R000000032/2.469136/0153/R000000035
R000000026/4.758760/0003/R000000027/R000000032
R000000037/3.387018/0197/R000000027
R000000036/4.874465/0004/R000000037/R000000022
R000000039/1.000000/0000/Guesstimate
R000000038/4.874465/0004/R000000037/R000000039
R000000036/5.416072/0155/R000000038
R000000041/1.234568/0118/R000000033
R000000041/2.345679/0112/R000000009/R000000033
R000000040/1.371742/0059/R000000041
R000000043/1.000000/0000/Guesstimate
R000000042/2.482853/0004/R000000043/R000000032
R000000042/2.482853/0277/R000000043/R000000032
R000000040/2.758726/0009/R000000042
R000000026/6.940230/0049/R000000036/R000000040
R000000025/5.287512/0147/R000000026
R000000047/1.000000/0000/Guesstimate
R000000048/1.000000/0000/Guesstimate
R000000046/2.222222/0004/R000000047/R000000048
R000000045/6.752020/0212/R000000029/R000000046
R000000045/6.752020/0212/R000000029/R000000046
R000000044/7.502245/0082/R000000045
R000000051/1.000000/0000/Guesstimate
R000000050/2.222222/0004/R000000051/R000000048
R000000049/6.752020/0212/R000000029/R000000050
R000000049/6.752020/0212/R000000029/R000000050
R000000044/8.613357/0112/R000000049/R000000009
R000000025/8.335828/0059/R000000044
<NEXT>