#
#  Reaction log file
#  Author: LigBuilder V3 User_Diana
#  Creation time: Thu Apr  9 21:13:51 2026
#  Format:
#  QueryMoleculeId/Cost/SynthesizeId/ReactantId1/ReactantId2/ReactantId3.....
#  Id prefix:
#  Q --- Query Molecule
#  M --- Material
#  R --- Reactant
#
Directory      result/synthesize_PfHDAC1/50/DATABASE/
#
Q000000001/Analysis Failed
Q000000002/Analysis Failed
Q000000003/5.791801/0000/R000000001
R000000004/1.000000/0000/Guesstimate
R000000003/1.111111/0125/R000000004
R000000005/1.000000/0000/Guesstimate
R000000003/2.222222/0112/R000000004/R000000005
R000000008/1.000000/0000/Guesstimate
R000000009/1.000000/0000/Guesstimate
R000000007/2.222222/0112/R000000008/R000000009
R000000010/1.000000/0000/Guesstimate
R000000006/3.580247/0011/R000000007/R000000010
R000000014/1.000000/0000/Guesstimate
R000000013/2.222222/0004/R000000014/R000000009
R000000012/2.469136/0009/R000000013
R000000015/9.000000/0000/Guesstimate
R000000012/10.000000/0082/R000000015
R000000011/2.743484/0040/R000000012
R000000016/1.000000/0000/Guesstimate
R000000006/4.159427/0003/R000000011/R000000016
R000000002/5.212621/0011/R000000003/R000000006
R000000017/3.703704/0011/R000000003/R000000007
R000000020/1.000000/0000/Guesstimate
R000000019/2.222222/0004/R000000004/R000000020
R000000018/2.469136/0197/R000000019
R000000018/2.469136/0197/R000000019
R000000017/5.791801/0003/R000000018/R000000011
R000000002/5.226338/0011/R000000017/R000000010
R000000001/5.791801/0099/R000000002
R000000024/1.000000/0000/Guesstimate
R000000023/3.854596/0285/R000000024/R000000012
R000000025/1.000000/0000/Guesstimate
R000000023/10.000000/0279/R000000025/R000000015
R000000022/4.282884/0079/R000000023
R000000026/1.000000/0000/Guesstimate
R000000022/5.393995/0112/R000000023/R000000026
R000000021/5.993328/0256/R000000003/R000000022
R000000028/1.000000/0000/Guesstimate
R000000027/3.854596/0003/R000000018/R000000028
M000000030/1.000000/0000/Sigma_BB-28721388
R000000029/3.580247/0212/R000000019/M000000030
R000000029/3.580247/0212/R000000019/M000000030
R000000027/3.978053/0009/R000000029
R000000021/7.026369/0012/R000000027/R000000012
R000000001/6.659254/0041/R000000021
<NEXT>