#
#  Reaction log file
#  Author: LigBuilder V3 User_Diana
#  Creation time: Thu Apr  9 21:13:56 2026
#  Format:
#  QueryMoleculeId/Cost/SynthesizeId/ReactantId1/ReactantId2/ReactantId3.....
#  Id prefix:
#  Q --- Query Molecule
#  M --- Material
#  R --- Reactant
#
Directory      result/synthesize_PfHDAC1/51/DATABASE/
#
Q000000001/5.791801/0000/R000000001
R000000004/1.000000/0000/Guesstimate
R000000003/1.111111/0125/R000000004
R000000005/1.000000/0000/Guesstimate
R000000003/2.222222/0112/R000000004/R000000005
R000000008/1.000000/0000/Guesstimate
R000000009/1.000000/0000/Guesstimate
R000000007/2.222222/0112/R000000008/R000000009
R000000010/1.000000/0000/Guesstimate
R000000006/3.580247/0011/R000000007/R000000010
R000000014/1.000000/0000/Guesstimate
R000000013/2.222222/0004/R000000014/R000000009
R000000012/2.469136/0009/R000000013
R000000015/9.000000/0000/Guesstimate
R000000012/10.000000/0082/R000000015
R000000011/2.743484/0040/R000000012
R000000016/1.000000/0000/Guesstimate
R000000006/4.159427/0003/R000000011/R000000016
R000000002/5.212621/0011/R000000003/R000000006
R000000017/3.703704/0011/R000000003/R000000007
R000000020/1.000000/0000/Guesstimate
R000000019/2.222222/0004/R000000004/R000000020
R000000018/2.469136/0197/R000000019
R000000018/2.469136/0197/R000000019
R000000017/5.791801/0003/R000000018/R000000011
R000000002/5.226338/0011/R000000017/R000000010
R000000001/5.791801/0099/R000000002
R000000024/1.000000/0000/Guesstimate
R000000023/3.854596/0285/R000000024/R000000012
R000000025/1.000000/0000/Guesstimate
R000000023/10.000000/0279/R000000025/R000000015
R000000022/4.282884/0079/R000000023
R000000026/1.000000/0000/Guesstimate
R000000022/5.393995/0112/R000000023/R000000026
R000000021/5.993328/0256/R000000003/R000000022
R000000028/1.000000/0000/Guesstimate
R000000027/3.854596/0003/R000000018/R000000028
M000000030/1.000000/0000/Sigma_BB-28721388
R000000029/3.580247/0212/R000000019/M000000030
R000000029/3.580247/0212/R000000019/M000000030
R000000027/3.978053/0009/R000000029
R000000021/7.026369/0012/R000000027/R000000012
R000000001/6.659254/0041/R000000021
Q000000002/7.620790/0000/R000000031
R000000035/1.000000/0000/Guesstimate
R000000036/1.000000/0000/Guesstimate
R000000034/2.222222/0224/R000000035/R000000036
M000000038/1.000000/0000/Sigma_BB-28764950
R000000037/1.111111/0197/M000000038
R000000033/3.703704/0212/R000000034/R000000037
R000000033/3.703704/0212/R000000034/R000000037
R000000041/1.000000/0000/Guesstimate
M000000042/1.000000/0000/Sigma_BB-28806532
R000000040/2.222222/0158/R000000041/M000000042
R000000040/2.222222/0158/R000000041/M000000042
R000000039/2.469136/0188/R000000040
R000000044/1.000000/0000/Guesstimate
R000000043/2.222222/0158/R000000044/M000000042
R000000043/2.222222/0158/R000000044/M000000042
R000000039/2.469136/0295/R000000043
R000000032/6.858711/0274/R000000033/R000000039
R000000047/1.000000/0000/Guesstimate
R000000046/2.222222/0224/R000000047/R000000036
R000000045/3.703704/0212/R000000046/R000000037
R000000045/3.703704/0212/R000000046/R000000037
R000000050/1.000000/0000/Guesstimate
R000000049/2.222222/0158/R000000050/M000000042
R000000049/2.222222/0158/R000000050/M000000042
R000000048/2.469136/0188/R000000049
R000000052/1.000000/0000/Guesstimate
R000000051/2.222222/0158/R000000052/M000000042
R000000051/2.222222/0158/R000000052/M000000042
R000000048/2.469136/0295/R000000051
R000000032/6.858711/0275/R000000045/R000000048
R000000031/7.620790/0028/R000000032
M000000056/1.000000/0000/Sigma_BB-28830366
R000000055/1.111111/0085/M000000056
R000000054/3.703704/0212/R000000034/R000000055
R000000054/3.703704/0212/R000000034/R000000055
R000000053/6.858711/0274/R000000054/R000000039
R000000057/3.703704/0212/R000000046/R000000055
R000000057/3.703704/0212/R000000046/R000000055
R000000053/6.858711/0275/R000000057/R000000048
R000000031/7.620790/0028/R000000053
Q000000003/7.620790/0000/R000000031
Q000000004/7.620790/0000/R000000031
<NEXT>