#
#  Reaction log file
#  Author: LigBuilder V3 User_Diana
#  Creation time: Thu Apr  9 21:14:25 2026
#  Format:
#  QueryMoleculeId/Cost/SynthesizeId/ReactantId1/ReactantId2/ReactantId3.....
#  Id prefix:
#  Q --- Query Molecule
#  M --- Material
#  R --- Reactant
#
Directory      result/synthesize_PfHDAC1/69/DATABASE/
#
Q000000001/7.468375/0000/R000000001
R000000005/1.000000/0000/Guesstimate
M000000006/1.000000/0000/Sigma_BB-187206312
R000000004/2.222222/0224/R000000005/M000000006
M000000009/1.000000/0000/Sigma_BB-234767090
R000000008/2.222222/0224/R000000005/M000000009
R000000010/1.000000/0000/Guesstimate
R000000007/3.580247/0004/R000000008/R000000010
R000000012/1.000000/0000/Guesstimate
R000000011/3.580247/0112/R000000008/R000000012
R000000007/3.978053/0147/R000000011
R000000004/3.978053/0197/R000000007
R000000003/3.580247/0004/R000000004/R000000010
R000000013/2.222222/0004/M000000006/R000000010
R000000014/1.000000/0000/Guesstimate
R000000015/1.000000/0000/Guesstimate
R000000013/3.333333/0225/M000000006/R000000014/R000000015
R000000003/3.580247/0224/R000000005/R000000013
R000000018/1.000000/0000/Guesstimate
R000000019/1.000000/0000/Guesstimate
R000000017/2.222222/0274/R000000018/R000000019
R000000016/2.469136/0024/R000000017
R000000022/1.000000/0000/Guesstimate
R000000021/2.222222/0274/R000000022/R000000019
R000000023/1.000000/0000/Guesstimate
R000000024/1.000000/0000/Guesstimate
R000000021/2.222222/0301/R000000023/R000000024
R000000020/2.469136/0118/R000000021
R000000025/1.000000/0000/Guesstimate
R000000020/3.580247/0112/R000000021/R000000025
R000000016/2.743484/0040/R000000020
R000000002/6.721537/0212/R000000003/R000000016
R000000026/3.580247/0004/R000000010/R000000021
R000000028/1.000000/0000/Guesstimate
R000000027/3.580247/0277/R000000028/R000000021
R000000029/1.000000/0000/Guesstimate
R000000027/3.580247/0301/R000000029/R000000021
R000000026/3.978053/0024/R000000027
R000000002/7.956105/0212/R000000007/R000000026
R000000001/7.468375/0041/R000000002
R000000033/1.000000/0000/Guesstimate
R000000032/2.222222/0224/R000000033/M000000006
R000000035/2.222222/0224/R000000033/M000000009
R000000034/3.580247/0004/R000000035/R000000010
R000000037/1.000000/0000/Guesstimate
R000000036/3.580247/0003/R000000035/R000000037
R000000034/3.978053/0040/R000000036
R000000032/3.978053/0197/R000000034
R000000031/3.580247/0004/R000000032/R000000010
M000000039/1.000000/0000/Sigma_BB-28524129
R000000038/5.089163/0212/R000000034/M000000039
R000000038/5.089163/0212/R000000034/M000000039
R000000031/5.654626/0024/R000000038
R000000030/6.721537/0212/R000000031/R000000016
R000000030/7.956105/0212/R000000034/R000000026
R000000040/1.000000/0000/Guesstimate
R000000001/8.579486/0018/R000000030/R000000040
Q000000002/7.468375/0000/R000000041
M000000045/1.000000/0000/Sigma_BB-187827536
R000000044/2.222222/0274/R000000018/M000000045
R000000043/2.469136/0024/R000000044
R000000047/2.222222/0274/R000000022/M000000045
R000000048/1.000000/0000/Guesstimate
R000000047/2.222222/0301/R000000023/R000000048
R000000046/2.469136/0118/R000000047
R000000046/3.580247/0112/R000000047/R000000025
R000000043/2.743484/0040/R000000046
R000000042/6.721537/0212/R000000003/R000000043
R000000049/3.580247/0004/R000000010/R000000047
R000000050/3.580247/0277/R000000028/R000000047
R000000050/3.580247/0301/R000000029/R000000047
R000000049/3.978053/0024/R000000050
R000000042/7.956105/0212/R000000007/R000000049
R000000041/7.468375/0041/R000000042
R000000051/7.956105/0212/R000000034/R000000049
R000000054/1.000000/0000/Guesstimate
R000000055/1.000000/0000/Guesstimate
R000000053/2.222222/0274/R000000054/R000000055
R000000052/6.447188/0212/R000000031/R000000053
R000000052/6.447188/0212/R000000031/R000000053
M000000056/1.000000/0000/Sigma_BB-156333787
R000000051/8.274654/0212/R000000052/M000000056
R000000041/9.951228/0018/R000000051/R000000040
Q000000003/8.145779/0000/R000000057
R000000060/2.469136/0041/R000000004
R000000060/3.580247/0018/R000000032/R000000040
R000000059/3.854596/0004/R000000060/R000000010
R000000059/5.089163/0018/R000000031/R000000040
R000000064/1.000000/0000/Guesstimate
R000000063/2.222222/0301/R000000023/R000000064
R000000063/2.222222/0301/R000000023/R000000064
R000000062/2.469136/0118/R000000063
R000000062/3.580247/0112/R000000063/R000000025
R000000061/2.743484/0040/R000000062
R000000066/3.580247/0004/R000000010/R000000063
R000000067/3.580247/0277/R000000028/R000000063
R000000067/3.580247/0301/R000000029/R000000063
R000000066/3.978053/0024/R000000067
R000000065/3.978053/0093/R000000066
M000000068/1.000000/0000/Sigma_BB-28247348
R000000065/5.089163/0212/R000000066/M000000068
R000000061/4.420059/0073/R000000065
R000000058/7.331201/0212/R000000059/R000000061
R000000071/1.000000/0000/Guesstimate
R000000070/2.222222/0224/R000000071/M000000009
R000000070/3.580247/0018/R000000035/R000000040
R000000069/3.580247/0004/R000000070/R000000010
R000000069/5.089163/0018/R000000034/R000000040
R000000058/7.956105/0212/R000000069/R000000066
R000000057/8.145779/0039/R000000058
M000000075/1.000000/0000/Sigma_BB-29658746
R000000074/2.222222/0274/R000000022/M000000075
R000000076/1.000000/0000/Guesstimate
R000000074/2.222222/0277/R000000023/R000000076
R000000073/3.580247/0004/R000000010/R000000074
R000000077/3.580247/0277/R000000028/R000000074
R000000077/3.580247/0301/R000000029/R000000074
R000000073/3.978053/0024/R000000077
R000000072/7.956105/0212/R000000034/R000000073
R000000079/2.469136/0093/R000000053
R000000079/3.580247/0212/R000000053/M000000068
R000000078/6.721537/0212/R000000031/R000000079
R000000078/7.163543/0093/R000000052
R000000080/1.000000/0000/Guesstimate
R000000072/8.579486/0119/R000000078/R000000080
R000000057/9.951228/0018/R000000072/R000000040
<NEXT>