#
#  Reaction log file
#  Author: LigBuilder V3 User_Diana
#  Creation time: Thu Apr  9 21:18:15 2026
#  Format:
#  QueryMoleculeId/Cost/SynthesizeId/ReactantId1/ReactantId2/ReactantId3.....
#  Id prefix:
#  Q --- Query Molecule
#  M --- Material
#  R --- Reactant
#
Directory      result/synthesize_PfHDAC1/243/DATABASE/
#
Q000000001/7.807076/0000/R000000001
R000000006/1.000000/0000/Guesstimate
R000000007/1.000000/0000/Guesstimate
R000000005/2.222222/0276/R000000006/R000000007
R000000005/2.222222/0278/R000000006/R000000007
R000000004/2.469136/0275/R000000005
R000000008/2.222222/0275/R000000006/R000000007
R000000004/2.469136/0276/R000000008
R000000009/1.000000/0000/Guesstimate
R000000003/3.854596/0004/R000000004/R000000009
R000000011/1.000000/0000/Guesstimate
R000000010/3.854596/0277/R000000004/R000000011
R000000012/1.000000/0000/Guesstimate
R000000010/3.854596/0301/R000000004/R000000012
R000000003/4.282884/0024/R000000010
R000000015/1.000000/0000/Guesstimate
R000000014/2.222222/0276/R000000015/R000000007
R000000014/2.222222/0278/R000000015/R000000007
R000000013/2.469136/0275/R000000014
R000000016/2.222222/0275/R000000015/R000000007
R000000013/2.469136/0276/R000000016
R000000002/7.026369/0004/R000000003/R000000013
R000000018/2.743484/0118/R000000004
R000000019/1.000000/0000/Guesstimate
R000000018/3.854596/0112/R000000004/R000000019
R000000017/3.048316/0040/R000000018
R000000020/4.282884/0093/R000000003
M000000021/1.000000/0000/Sigma_BB-28247348
R000000020/5.393995/0212/R000000003/M000000021
R000000017/4.758760/0073/R000000020
R000000024/1.000000/0000/Guesstimate
R000000023/3.854596/0002/R000000024/R000000013
R000000023/3.854596/0004/R000000024/R000000013
R000000022/4.282884/0040/R000000023
R000000002/8.145779/0212/R000000017/R000000022
R000000001/7.807076/0153/R000000002
R000000028/1.000000/0000/Guesstimate
R000000027/1.111111/0040/R000000028
R000000027/2.222222/0004/R000000009/R000000007
R000000026/3.978053/0004/R000000027/R000000013
R000000029/4.282884/0086/R000000023
R000000029/4.282884/0091/R000000023
R000000026/4.758760/0040/R000000029
R000000025/7.807077/0212/R000000017/R000000026
R000000025/7.807077/0212/R000000017/R000000026
R000000001/8.674530/0154/R000000025
Q000000002/5.791801/0000/R000000030
R000000034/1.000000/0000/Guesstimate
R000000035/1.000000/0000/Guesstimate
R000000033/2.222222/0279/R000000034/R000000035
R000000033/2.222222/0279/R000000034/R000000035
R000000032/2.469136/0079/R000000033
R000000037/1.000000/0000/Guesstimate
R000000036/2.222222/0279/R000000037/R000000035
R000000036/2.222222/0279/R000000037/R000000035
R000000032/2.469136/0082/R000000036
R000000039/1.000000/0000/Guesstimate
M000000040/1.000000/0000/Sigma_BB-34690537
R000000038/2.222222/0112/R000000039/M000000040
M000000042/1.000000/0000/Sigma_BB-28707890
R000000041/1.111111/0091/M000000042
R000000043/1.000000/0000/Guesstimate
R000000038/2.345679/0112/R000000041/R000000043
R000000031/5.212621/0159/R000000032/R000000038
R000000030/5.791801/0197/R000000031
Q000000003/4.282884/0000/R000000044
R000000048/1.000000/0000/Guesstimate
R000000049/1.000000/0000/Guesstimate
R000000047/2.222222/0004/R000000048/R000000049
R000000046/2.469136/0085/R000000047
R000000045/3.854596/0212/R000000046/R000000024
R000000045/3.854596/0212/R000000046/R000000024
R000000044/4.282884/0041/R000000045
M000000052/1.000000/0000/Sigma_BB-28760650
R000000051/3.854596/0212/R000000046/M000000052
R000000051/3.854596/0212/R000000046/M000000052
R000000050/4.282884/0257/R000000051
M000000055/1.000000/0000/Sigma_BB-27718954
R000000054/3.854596/0212/R000000046/M000000055
R000000054/3.854596/0212/R000000046/M000000055
R000000053/4.282884/0188/R000000054
R000000053/4.282884/0188/R000000054
R000000050/4.758760/0082/R000000053
R000000044/4.758760/0147/R000000050
<NEXT>