#
#  Reaction log file
#  Author: LigBuilder V3 User_Diana
#  Creation time: Thu Apr  9 21:15:15 2026
#  Format:
#  QueryMoleculeId/Cost/SynthesizeId/ReactantId1/ReactantId2/ReactantId3.....
#  Id prefix:
#  Q --- Query Molecule
#  M --- Material
#  R --- Reactant
#
Directory      result/synthesize_PfHDAC1/122/DATABASE/
#
Q000000001/3.048316/0000/R000000001
R000000005/1.000000/0000/Guesstimate
R000000006/1.000000/0000/Guesstimate
R000000004/2.222222/0004/R000000005/R000000006
R000000003/2.469136/0087/R000000004
R000000002/2.743484/0079/R000000003
R000000007/1.000000/0000/Guesstimate
R000000002/3.854596/0112/R000000003/R000000007
R000000001/3.048316/0147/R000000002
R000000011/1.000000/0000/Guesstimate
R000000010/3.854596/0301/R000000003/R000000011
R000000010/3.854596/0301/R000000003/R000000011
R000000009/4.282884/0079/R000000010
R000000009/5.393995/0112/R000000010/R000000007
R000000008/4.758760/0040/R000000009
R000000013/1.000000/0000/Guesstimate
R000000012/5.393995/0276/R000000010/R000000013
R000000012/5.393995/0278/R000000010/R000000013
R000000008/5.993328/0024/R000000012
R000000001/5.287512/0197/R000000008
Q000000002/3.048316/0000/R000000001
Q000000003/Analysis Failed
Q000000004/Analysis Failed
<NEXT>