#
#  Reaction log file
#  Author: LigBuilder V3 User_Diana
#  Creation time: Thu Apr  9 21:15:21 2026
#  Format:
#  QueryMoleculeId/Cost/SynthesizeId/ReactantId1/ReactantId2/ReactantId3.....
#  Id prefix:
#  Q --- Query Molecule
#  M --- Material
#  R --- Reactant
#
Directory      result/synthesize_PfHDAC1/104/DATABASE/
#
Q000000001/4.007011/0000/R000000001
R000000005/1.000000/0000/Guesstimate
R000000004/1.111111/0125/R000000005
R000000006/1.000000/0000/Guesstimate
R000000004/2.222222/0112/R000000005/R000000006
R000000007/1.000000/0000/Guesstimate
R000000003/2.345679/0011/R000000004/R000000007
R000000011/1.000000/0000/Guesstimate
R000000010/2.222222/0004/R000000005/R000000011
R000000009/2.469136/0086/R000000010
R000000009/2.469136/0091/R000000010
R000000008/2.743484/0079/R000000009
R000000012/1.000000/0000/Guesstimate
R000000008/3.854596/0112/R000000009/R000000012
R000000013/1.000000/0000/Guesstimate
R000000003/4.159427/0049/R000000008/R000000013
R000000002/2.606310/0059/R000000003
R000000015/1.000000/0000/Guesstimate
R000000014/3.854596/0112/R000000009/R000000015
R000000016/3.854596/0112/R000000009/R000000006
R000000016/3.854596/0112/R000000009/R000000006
R000000014/4.282884/0059/R000000016
R000000002/4.282884/0147/R000000014
R000000017/1.000000/0000/Guesstimate
R000000001/4.007011/0170/R000000002/R000000017
R000000019/1.000000/0000/Guesstimate
R000000018/3.854596/0112/R000000009/R000000019
R000000022/1.000000/0000/Guesstimate
R000000021/2.222222/0170/R000000022/R000000017
R000000023/1.000000/0000/Guesstimate
R000000024/1.000000/0000/Guesstimate
R000000021/2.222222/0170/R000000023/R000000024
R000000020/3.703704/0256/R000000004/R000000021
R000000018/4.115227/0082/R000000020
R000000001/4.282884/0147/R000000018
Q000000002/4.007011/0000/R000000001
Q000000003/3.978053/0000/R000000025
R000000027/1.000000/0000/Guesstimate
R000000026/3.580247/0003/R000000010/R000000027
R000000029/2.469136/0197/R000000010
R000000030/9.800000/0000/Guesstimate
R000000029/9.800000/0155/R000000030
R000000028/3.854596/0004/R000000029/R000000013
R000000032/1.000000/0000/Guesstimate
R000000031/3.854596/0277/R000000029/R000000032
R000000033/1.000000/0000/Guesstimate
R000000031/3.854596/0301/R000000029/R000000033
R000000028/4.282884/0024/R000000031
R000000034/2.222222/0112/R000000006/R000000027
R000000036/1.000000/0000/Guesstimate
R000000035/2.222222/0004/R000000036/R000000027
R000000034/2.469136/0009/R000000035
R000000026/6.752020/0049/R000000028/R000000034
R000000025/3.978053/0099/R000000026
M000000040/1.000000/0000/Sigma_BB-28764950
R000000039/2.222222/0004/M000000040/R000000027
R000000038/2.469136/0197/R000000039
R000000037/5.212621/0212/R000000010/R000000038
R000000037/5.212621/0212/R000000010/R000000038
R000000025/5.791801/0028/R000000037
<NEXT>