#
#  Reaction log file
#  Author: LigBuilder V3 User_Diana
#  Creation time: Thu Apr  9 21:19:52 2026
#  Format:
#  QueryMoleculeId/Cost/SynthesizeId/ReactantId1/ReactantId2/ReactantId3.....
#  Id prefix:
#  Q --- Query Molecule
#  M --- Material
#  R --- Reactant
#
Directory      result/synthesize_PfHDAC1/289/DATABASE/
#
Q000000001/5.654626/0000/R000000001
M000000005/1.000000/0000/Sigma_BB-28792542
R000000006/1.000000/0000/Guesstimate
R000000004/2.222222/0301/M000000005/R000000006
R000000004/2.222222/0301/M000000005/R000000006
R000000007/1.000000/0000/Guesstimate
R000000003/3.580247/0112/R000000004/R000000007
M000000009/1.000000/0000/Sigma_BB-27591305
R000000008/1.111111/0009/M000000009
M000000010/1.000000/0000/Sigma_BB-28779040
R000000008/1.111111/0204/M000000010
R000000012/1.000000/0000/Guesstimate
R000000011/2.222222/0004/R000000012/R000000007
R000000003/3.703704/0049/R000000008/R000000011
R000000002/5.089163/0049/R000000003/R000000012
R000000014/2.469136/0093/R000000011
M000000015/1.000000/0000/Sigma_BB-28247348
R000000014/3.580247/0212/M000000015/R000000011
R000000013/3.854596/0212/R000000014/M000000010
R000000016/3.978053/0233/R000000003
R000000016/3.978053/0258/R000000003
R000000013/4.420059/0155/R000000016
R000000017/1.000000/0000/Guesstimate
R000000002/5.393995/0112/R000000013/R000000017
R000000001/5.654626/0059/R000000002
R000000020/1.000000/0000/Guesstimate
R000000019/2.222222/0004/R000000020/R000000007
R000000021/1.000000/0000/Guesstimate
R000000023/1.000000/0000/Guesstimate
R000000022/2.222222/0004/R000000023/R000000007
R000000024/1.000000/0000/Guesstimate
R000000025/1.000000/0000/Guesstimate
R000000022/3.333333/0225/R000000024/R000000007/R000000025
R000000019/3.580247/0004/R000000021/R000000022
R000000028/1.000000/0000/Guesstimate
R000000029/1.000000/0000/Guesstimate
R000000027/2.222222/0224/R000000028/R000000029
R000000026/2.469136/0153/R000000027
R000000031/1.000000/0000/Guesstimate
R000000030/2.222222/0224/R000000031/R000000029
R000000030/2.469136/0091/R000000027
R000000026/2.469136/0154/R000000030
R000000018/5.212621/0003/R000000019/R000000026
R000000033/2.469136/0197/R000000019
R000000033/2.743484/0153/R000000014
R000000032/3.854596/0004/R000000033/R000000012
R000000035/1.000000/0000/Guesstimate
R000000034/3.854596/0277/R000000033/R000000035
R000000036/1.000000/0000/Guesstimate
R000000034/3.854596/0301/R000000033/R000000036
R000000032/4.282884/0024/R000000034
R000000038/1.000000/0000/Guesstimate
R000000037/2.222222/0003/R000000006/R000000038
M000000040/1.000000/0000/Sigma_BB-28779572
M000000041/1.000000/0000/Sigma_BB-28778979
R000000039/2.222222/0212/M000000040/M000000041
R000000042/1.000000/0000/Guesstimate
R000000039/3.854596/0004/R000000026/R000000042
R000000037/2.469136/0009/R000000039
R000000018/6.752020/0049/R000000032/R000000037
R000000001/5.791801/0147/R000000018
Q000000002/7.315958/0000/R000000043
M000000047/1.000000/0000/Sigma_BB-151011721
R000000046/1.111111/0213/M000000047
M000000048/1.000000/0000/Sigma_BB-27725171
R000000046/1.111111/0287/M000000048
R000000049/1.000000/0000/Guesstimate
R000000045/2.345679/0119/R000000046/R000000049
M000000051/1.000000/0000/Sigma_BB-27581870
R000000052/1.000000/0000/Guesstimate
R000000050/2.222222/0112/M000000051/R000000052
R000000050/2.222222/0174/M000000047/R000000052
R000000045/2.469136/0153/R000000050
R000000054/1.000000/0000/Guesstimate
R000000056/1.000000/0000/Guesstimate
R000000055/2.222222/0003/R000000038/R000000056
R000000053/3.580247/0012/R000000054/R000000055
R000000058/1.000000/0000/Guesstimate
R000000057/3.580247/0226/R000000055/R000000058
R000000059/1.000000/0000/Guesstimate
R000000057/3.580247/0277/R000000059/R000000055
R000000053/3.978053/0150/R000000057
R000000044/6.584363/0224/R000000045/R000000053
R000000043/7.315958/0024/R000000044
R000000061/5.089163/0224/M000000051/R000000053
R000000062/5.089163/0224/M000000051/R000000057
R000000061/5.654626/0150/R000000062
R000000065/1.000000/0000/Guesstimate
R000000064/2.222222/0174/R000000052/R000000065
R000000064/2.222222/0289/R000000052/R000000065
R000000063/2.469136/0197/R000000064
R000000066/7.400000/0000/Guesstimate
R000000063/8.222222/0091/R000000066
R000000060/8.398110/0112/R000000061/R000000063
R000000068/5.089163/0224/M000000047/R000000057
R000000067/5.654626/0150/R000000068
M000000070/1.000000/0000/Sigma_BB-27736991
R000000069/5.089163/0224/M000000070/R000000053
R000000067/5.654626/0197/R000000069
R000000060/9.026402/0174/R000000067/R000000063
R000000043/9.331234/0025/R000000060
Q000000003/5.791801/0000/R000000071
R000000075/1.000000/0000/Guesstimate
R000000076/1.000000/0000/Guesstimate
R000000074/2.222222/0004/R000000075/R000000076
R000000073/2.469136/0197/R000000074
R000000073/2.469136/0197/R000000074
M000000078/1.000000/0000/Sigma_BB-243714696
R000000077/2.222222/0003/M000000078/R000000038
M000000080/1.000000/0000/Sigma_BB-30627465
R000000079/2.222222/0003/R000000038/M000000080
M000000081/1.000000/0000/Sigma_BB-27737369
R000000079/2.222222/0049/R000000012/M000000081
R000000077/3.580247/0049/R000000079/R000000012
R000000072/5.212621/0122/R000000073/R000000077
R000000082/3.854596/0122/R000000073/M000000078
R000000082/3.854596/0122/R000000073/M000000078
R000000072/5.393995/0003/R000000082/R000000038
R000000071/5.791801/0041/R000000072
M000000086/1.000000/0000/Sigma_BB-243714695
R000000085/2.222222/0112/R000000017/M000000086
R000000085/2.469136/0041/R000000079
R000000084/2.469136/0040/R000000085
R000000087/3.854596/0112/R000000063/M000000086
R000000084/4.282884/0025/R000000087
R000000083/5.486969/0003/R000000073/R000000084
R000000089/2.469136/0086/R000000074
R000000089/2.469136/0091/R000000074
R000000088/2.743484/0079/R000000089
R000000090/3.580247/0212/R000000074/M000000041
R000000090/3.854596/0004/R000000073/R000000042
R000000088/3.978053/0009/R000000090
R000000091/2.222222/0004/R000000012/M000000086
R000000092/2.222222/0004/R000000012/M000000078
R000000091/2.469136/0041/R000000092
R000000083/5.517452/0049/R000000088/R000000091
R000000071/6.096632/0099/R000000083
Q000000004/Analysis Failed
<NEXT>