#
#  Reaction log file
#  Author: LigBuilder V3 User_Diana
#  Creation time: Thu Apr  9 21:16:08 2026
#  Format:
#  QueryMoleculeId/Cost/SynthesizeId/ReactantId1/ReactantId2/ReactantId3.....
#  Id prefix:
#  Q --- Query Molecule
#  M --- Material
#  R --- Reactant
#
Directory      result/synthesize_PfHDAC1/161/DATABASE/
#
Q000000001/Analysis Failed
Q000000002/2.758726/0000/R000000001
M000000005/1.000000/0000/Sigma_BB-298903747
R000000004/1.111111/0187/M000000005
M000000006/1.000000/0000/Sigma_BB-28438497
R000000007/1.000000/0000/Guesstimate
R000000004/2.222222/0004/M000000006/R000000007
R000000003/1.234568/0086/R000000004
R000000003/1.234568/0091/R000000004
M000000008/1.000000/0000/Sigma_BB-27122908
R000000002/2.482853/0276/R000000003/M000000008
R000000011/1.000000/0000/Guesstimate
R000000012/1.000000/0000/Guesstimate
R000000010/2.222222/0012/R000000011/R000000012
R000000013/1.000000/0000/Guesstimate
R000000014/1.000000/0000/Guesstimate
R000000010/2.222222/0279/R000000013/R000000014
R000000009/3.703704/0280/R000000004/R000000010
R000000002/5.226338/0159/R000000009/R000000011
R000000001/2.758726/0044/R000000002
M000000018/1.000000/0000/Sigma_BB-28835574
R000000017/2.222222/0004/M000000018/R000000007
R000000016/2.469136/0086/R000000017
R000000016/2.469136/0091/R000000017
R000000015/3.854596/0276/R000000016/M000000008
R000000020/1.000000/0000/Guesstimate
R000000019/3.854596/0276/R000000016/R000000020
R000000019/3.854596/0278/R000000016/R000000020
M000000021/1.000000/0000/Sigma_BB-28775296
R000000015/5.393995/0276/R000000019/M000000021
R000000001/4.282884/0153/R000000015
Q000000003/2.758726/0000/R000000001
<NEXT>