#
#  Reaction log file
#  Author: LigBuilder V3 User_Diana
#  Creation time: Thu Apr  9 21:14:45 2026
#  Format:
#  QueryMoleculeId/Cost/SynthesizeId/ReactantId1/ReactantId2/ReactantId3.....
#  Id prefix:
#  Q --- Query Molecule
#  M --- Material
#  R --- Reactant
#
Directory      result/synthesize_PfHDAC1/94/DATABASE/
#
Q000000001/2.222222/0000/R000000001
M000000002/1.000000/0000/Sigma_BB-88360680
M000000003/1.000000/0000/Sigma_BB-28913755
R000000001/2.222222/0119/M000000002/M000000003
M000000005/1.000000/0000/Sigma_BB-28907289
R000000004/2.222222/0119/M000000002/M000000005
R000000008/1.000000/0000/Guesstimate
R000000007/2.222222/0119/M000000002/R000000008
R000000009/1.000000/0000/Guesstimate
R000000007/2.222222/0276/M000000002/R000000009
R000000006/2.469136/0082/R000000007
R000000011/1.000000/0000/Guesstimate
R000000010/2.222222/0276/M000000002/R000000011
R000000010/2.222222/0278/M000000002/R000000011
R000000012/1.000000/0000/Guesstimate
R000000006/3.580247/0112/R000000010/R000000012
R000000015/1.000000/0000/Guesstimate
M000000016/1.000000/0000/Sigma_BB-30423282
R000000014/2.222222/0279/R000000015/M000000016
R000000014/2.222222/0279/R000000015/M000000016
R000000013/2.469136/0009/R000000014
R000000018/1.000000/0000/Guesstimate
R000000017/2.222222/0279/R000000015/R000000018
R000000017/2.222222/0279/R000000015/R000000018
R000000013/2.469136/0079/R000000017
R000000004/5.486969/0159/R000000006/R000000013
R000000001/2.469136/0147/R000000004
Q000000002/3.048316/0000/R000000019
R000000023/1.000000/0000/Guesstimate
R000000024/1.000000/0000/Guesstimate
R000000022/2.222222/0224/R000000023/R000000024
R000000021/2.469136/0274/R000000022
R000000020/2.743484/0082/R000000021
R000000027/1.000000/0000/Guesstimate
R000000026/2.222222/0224/R000000027/R000000024
R000000025/2.469136/0274/R000000026
R000000028/1.000000/0000/Guesstimate
R000000020/3.854596/0112/R000000025/R000000028
R000000019/3.048316/0059/R000000020
R000000030/1.000000/0000/Guesstimate
R000000029/3.854596/0004/R000000025/R000000030
R000000033/1.000000/0000/Guesstimate
R000000032/3.854596/0301/R000000025/R000000033
R000000032/3.854596/0301/R000000025/R000000033
R000000031/4.282884/0039/R000000032
R000000035/1.000000/0000/Guesstimate
R000000034/3.854596/0112/R000000025/R000000035
R000000031/4.282884/0147/R000000034
R000000029/4.758760/0024/R000000031
R000000019/4.282884/0153/R000000029
Q000000003/3.048316/0000/R000000019
Q000000004/3.048316/0000/R000000019
<NEXT>