#
#  Reaction log file
#  Author: LigBuilder V3 User_Diana
#  Creation time: Thu Apr  9 21:19:09 2026
#  Format:
#  QueryMoleculeId/Cost/SynthesizeId/ReactantId1/ReactantId2/ReactantId3.....
#  Id prefix:
#  Q --- Query Molecule
#  M --- Material
#  R --- Reactant
#
Directory      result/synthesize_PfHDAC1/284/DATABASE/
#
Q000000001/4.130468/0000/R000000001
M000000005/1.000000/0000/Sigma_BB-28777057
R000000004/1.111111/0300/M000000005
R000000006/1.000000/0000/Guesstimate
R000000003/2.345679/0301/R000000004/R000000006
R000000007/2.222222/0301/M000000005/R000000006
R000000007/2.222222/0301/M000000005/R000000006
R000000003/2.469136/0300/R000000007
R000000008/1.000000/0000/Guesstimate
R000000002/3.717421/0169/R000000003/R000000008
M000000011/1.000000/0000/Sigma_BB-27949023
R000000012/1.000000/0000/Guesstimate
R000000010/2.222222/0049/M000000011/R000000012
R000000013/1.000000/0000/Guesstimate
R000000010/2.345679/0112/R000000004/R000000013
R000000015/1.000000/0000/Guesstimate
R000000014/2.222222/0169/R000000008/R000000015
R000000016/1.000000/0000/Guesstimate
R000000014/2.222222/0274/R000000008/R000000016
R000000009/4.938272/0122/R000000010/R000000014
R000000017/3.580247/0122/R000000010/R000000016
R000000009/5.089163/0274/R000000017/R000000008
R000000002/5.486969/0198/R000000009
R000000001/4.130468/0161/R000000002
M000000022/1.000000/0000/Sigma_BB-28758560
R000000021/1.111111/0104/M000000022
R000000021/1.111111/0104/M000000022
R000000023/1.000000/0000/Guesstimate
R000000020/2.345679/0256/R000000021/R000000023
R000000019/2.606310/0257/R000000020
M000000027/1.000000/0000/Sigma_BB-244167164
R000000026/1.111111/0104/M000000027
R000000026/1.111111/0104/M000000027
R000000025/1.234568/0248/R000000026
R000000025/1.234568/0257/R000000021
R000000028/1.000000/0000/Guesstimate
R000000024/2.482853/0112/R000000025/R000000028
R000000019/2.758726/0233/R000000024
R000000018/4.007011/0274/R000000019/R000000008
M000000031/1.000000/0000/Sigma_BB-28782701
R000000030/2.222222/0169/M000000031/R000000008
R000000032/1.000000/0000/Guesstimate
R000000030/3.580247/0004/R000000032/R000000014
R000000029/2.469136/0009/R000000030
R000000034/1.000000/0000/Guesstimate
R000000033/2.222222/0169/R000000034/R000000008
R000000033/2.222222/0274/R000000028/R000000008
R000000029/2.469136/0079/R000000033
R000000018/4.115227/0256/R000000025/R000000029
R000000001/4.452235/0161/R000000018
Q000000002/Analysis Failed
Q000000003/6.096632/0000/R000000035
R000000039/1.000000/0000/Guesstimate
R000000040/1.000000/0000/Guesstimate
R000000038/2.222222/0004/R000000039/R000000040
R000000037/2.469136/0087/R000000038
R000000043/1.000000/0000/Guesstimate
R000000044/1.000000/0000/Guesstimate
R000000042/2.222222/0301/R000000043/R000000044
R000000042/2.222222/0301/R000000043/R000000044
R000000041/2.469136/0274/R000000042
R000000045/2.222222/0274/R000000043/R000000044
R000000041/2.469136/0301/R000000045
R000000036/5.486969/0112/R000000037/R000000041
R000000035/6.096632/0147/R000000036
R000000049/1.000000/0000/Guesstimate
R000000048/3.580247/0001/R000000038/R000000049
R000000050/1.000000/0000/Guesstimate
R000000048/3.580247/0141/R000000038/R000000050
R000000047/3.978053/0040/R000000048
R000000052/1.000000/0000/Guesstimate
R000000051/3.854596/0004/R000000052/R000000041
R000000053/3.854596/0003/R000000041/R000000049
R000000051/4.282884/0040/R000000053
R000000046/8.702943/0212/R000000047/R000000051
R000000046/8.702943/0212/R000000047/R000000051
R000000035/9.669937/0197/R000000046
Q000000004/6.096632/0000/R000000035
<NEXT>