#
#  Reaction log file
#  Author: LigBuilder V3 User_Diana
#  Creation time: Thu Apr  9 21:18:05 2026
#  Format:
#  QueryMoleculeId/Cost/SynthesizeId/ReactantId1/ReactantId2/ReactantId3.....
#  Id prefix:
#  Q --- Query Molecule
#  M --- Material
#  R --- Reactant
#
Directory      result/synthesize_PfHDAC1/238/DATABASE/
#
Q000000001/2.482853/0000/R000000001
M000000004/1.000000/0000/Sigma_BB-68700039
R000000003/1.111111/0114/M000000004
M000000006/1.000000/0000/Sigma_BB-28775340
R000000007/1.000000/0000/Guesstimate
R000000005/2.222222/0175/M000000006/R000000007
R000000005/2.222222/0290/M000000006/R000000007
R000000003/2.469136/0039/R000000005
R000000002/1.234568/0024/R000000003
M000000008/1.000000/0000/Sigma_BB-28441476
R000000009/1.000000/0000/Guesstimate
R000000002/2.222222/0004/M000000008/R000000009
R000000010/1.000000/0000/Guesstimate
R000000001/2.482853/0004/R000000002/R000000010
R000000011/2.222222/0004/M000000008/R000000010
R000000012/1.000000/0000/Guesstimate
R000000011/2.482853/0004/R000000002/R000000012
R000000001/3.580247/0004/R000000011/R000000009
Q000000002/Analysis Failed
Q000000003/4.282884/0000/R000000013
M000000015/1.000000/0000/Sigma_BB-245488313
R000000018/1.000000/0000/Guesstimate
R000000017/1.111111/0125/R000000018
R000000019/1.000000/0000/Guesstimate
R000000017/2.222222/0112/R000000019/R000000018
M000000021/1.000000/0000/Sigma_BB-30394950
R000000020/1.111111/0093/M000000021
M000000022/1.000000/0000/Sigma_BB-187148319
R000000020/2.222222/0004/R000000009/M000000022
R000000016/2.469136/0285/R000000017/R000000020
R000000014/3.854596/0231/M000000015/R000000016
R000000013/4.282884/0153/R000000014
R000000025/1.234568/0086/R000000020
R000000025/1.234568/0091/R000000020
R000000024/2.606310/0285/R000000017/R000000025
R000000023/4.007011/0231/M000000015/R000000024
R000000013/4.452235/0154/R000000023
Q000000004/4.282884/0000/R000000013
<NEXT>