#
#  Reaction log file
#  Author: LigBuilder V3 User_Diana
#  Creation time: Thu Apr  9 21:14:13 2026
#  Format:
#  QueryMoleculeId/Cost/SynthesizeId/ReactantId1/ReactantId2/ReactantId3.....
#  Id prefix:
#  Q --- Query Molecule
#  M --- Material
#  R --- Reactant
#
Directory      result/synthesize_PfHDAC1/66/DATABASE/
#
Q000000001/6.181496/0000/R000000001
R000000007/1.000000/0000/Guesstimate
R000000006/1.111111/0228/R000000007
R000000006/1.111111/0286/R000000007
R000000008/1.000000/0000/Guesstimate
R000000005/2.345679/0224/R000000006/R000000008
R000000009/1.000000/0000/Guesstimate
R000000005/2.345679/0226/R000000006/R000000009
R000000004/2.606310/0147/R000000005
R000000011/1.000000/0000/Guesstimate
R000000010/2.345679/0224/R000000006/R000000011
R000000004/2.606310/0147/R000000010
R000000012/1.000000/0000/Guesstimate
R000000003/4.007011/0003/R000000004/R000000012
R000000014/1.000000/0000/Guesstimate
R000000013/4.007011/0277/R000000004/R000000014
R000000015/1.000000/0000/Guesstimate
R000000013/4.007011/0301/R000000004/R000000015
R000000003/4.452235/0079/R000000013
R000000016/1.000000/0000/Guesstimate
R000000002/5.563346/0012/R000000003/R000000016
R000000017/5.563346/0285/R000000013/R000000016
R000000002/6.181496/0079/R000000017
R000000001/6.181496/0059/R000000002
R000000020/3.717421/0003/R000000005/R000000012
R000000020/3.717421/0277/R000000005/R000000009
R000000019/5.241580/0012/R000000020/R000000016
R000000019/5.241580/0285/R000000020/R000000016
R000000018/5.823977/0059/R000000019
R000000022/5.823977/0147/R000000019
R000000021/6.471086/0293/R000000022
R000000018/7.190096/0156/R000000021
R000000001/6.471086/0147/R000000018
Q000000002/6.181496/0000/R000000001
Q000000003/Analysis Failed
Q000000004/2.222222/0000/R000000023
M000000024/1.000000/0000/Sigma_BB-88360680
M000000025/1.000000/0000/Sigma_BB-27102977
R000000023/2.222222/0119/M000000024/M000000025
M000000029/1.000000/0000/Sigma_BB-28721388
R000000028/2.222222/0001/M000000029/R000000012
R000000030/1.000000/0000/Guesstimate
R000000031/1.000000/0000/Guesstimate
R000000028/2.222222/0002/R000000030/R000000031
R000000027/3.580247/0119/M000000024/R000000028
R000000032/2.469136/0086/R000000028
R000000032/2.469136/0091/R000000028
R000000027/3.854596/0276/M000000024/R000000032
R000000026/3.978053/0009/R000000027
R000000035/1.000000/0000/Guesstimate
R000000034/2.222222/0119/M000000024/R000000035
R000000036/1.000000/0000/Guesstimate
R000000034/2.222222/0276/M000000024/R000000036
R000000037/1.000000/0000/Guesstimate
R000000033/3.580247/0112/R000000034/R000000037
R000000039/1.000000/0000/Guesstimate
R000000038/2.222222/0276/M000000024/R000000039
R000000038/2.222222/0278/M000000024/R000000039
R000000040/1.000000/0000/Guesstimate
R000000033/3.580247/0112/R000000038/R000000040
R000000041/1.000000/0000/Guesstimate
R000000026/5.089163/0049/R000000033/R000000041
M000000042/1.000000/0000/Sigma_BB-34437027
R000000023/5.531170/0148/R000000026/M000000042
<NEXT>