#
#  Reaction log file
#  Author: LigBuilder V3 User_Diana
#  Creation time: Thu Apr  9 21:14:35 2026
#  Format:
#  QueryMoleculeId/Cost/SynthesizeId/ReactantId1/ReactantId2/ReactantId3.....
#  Id prefix:
#  Q --- Query Molecule
#  M --- Material
#  R --- Reactant
#
Directory      result/synthesize_PfHDAC1/95/DATABASE/
#
Q000000001/2.469136/0000/R000000001
M000000003/1.000000/0000/Sigma_BB-28667339
R000000004/1.000000/0000/Guesstimate
R000000002/2.222222/0003/M000000003/R000000004
M000000006/1.000000/0000/Sigma_BB-28247887
R000000005/2.222222/0003/M000000006/R000000004
M000000007/1.000000/0000/Sigma_BB-298903747
R000000008/1.111111/0118/R000000004
R000000009/1.000000/0000/Guesstimate
R000000008/2.222222/0112/R000000004/R000000009
R000000005/2.345679/0049/M000000007/R000000008
R000000002/2.469136/0044/R000000005
R000000001/2.469136/0099/R000000002
R000000010/2.469136/0099/R000000005
M000000012/1.000000/0000/Sigma_BB-28438497
R000000013/1.234568/0040/R000000008
M000000014/1.000000/0000/Sigma_BB-28774749
R000000015/1.000000/0000/Guesstimate
R000000013/2.222222/0212/M000000014/R000000015
R000000011/2.482853/0003/M000000012/R000000013
M000000016/1.000000/0000/Sigma_BB-27338516
R000000018/1.000000/0000/Guesstimate
R000000017/2.222222/0004/R000000004/R000000018
R000000017/2.222222/0277/R000000004/R000000018
R000000011/3.580247/0049/M000000016/R000000017
R000000010/2.758726/0099/R000000011
R000000001/2.743484/0044/R000000010
Q000000002/2.469136/0000/R000000001
Q000000003/2.469136/0000/R000000001
<NEXT>