#
#  Reaction log file
#  Author: LigBuilder V3 User_Diana
#  Creation time: Thu Apr  9 21:14:28 2026
#  Format:
#  QueryMoleculeId/Cost/SynthesizeId/ReactantId1/ReactantId2/ReactantId3.....
#  Id prefix:
#  Q --- Query Molecule
#  M --- Material
#  R --- Reactant
#
Directory      result/synthesize_PfHDAC1/102/DATABASE/
#
Q000000001/4.115227/0000/R000000001
M000000004/1.000000/0000/Sigma_BB-28827072
R000000005/1.000000/0000/Guesstimate
R000000003/2.222222/0004/M000000004/R000000005
M000000007/1.000000/0000/Sigma_BB-238454252
R000000006/2.222222/0004/M000000007/R000000005
M000000008/1.000000/0000/Sigma_BB-30479921
R000000009/1.000000/0000/Guesstimate
R000000006/2.222222/0174/M000000008/R000000009
R000000003/2.469136/0059/R000000006
M000000011/1.000000/0000/Sigma_BB-28114709
R000000010/1.111111/0009/M000000011
R000000014/1.000000/0000/Guesstimate
R000000013/2.222222/0274/R000000005/R000000014
R000000012/2.469136/0086/R000000013
R000000012/2.469136/0091/R000000013
R000000010/2.743484/0079/R000000012
R000000002/3.703704/0049/R000000003/R000000010
M000000017/1.000000/0000/Sigma_BB-152436819
R000000016/1.111111/0287/M000000017
R000000015/1.234568/0024/R000000016
R000000018/1.111111/0125/M000000004
R000000018/2.222222/0112/M000000004/R000000009
R000000015/1.234568/0040/R000000018
R000000020/1.000000/0000/Guesstimate
R000000019/2.222222/0274/R000000020/R000000014
R000000022/1.000000/0000/Guesstimate
R000000021/2.222222/0274/R000000022/R000000014
R000000019/2.469136/0155/R000000021
R000000002/3.840878/0003/R000000015/R000000019
R000000001/4.115227/0099/R000000002
R000000025/1.000000/0000/Guesstimate
R000000024/2.222222/0003/M000000007/R000000025
M000000027/1.000000/0000/Sigma_BB-28395867
R000000026/2.222222/0003/M000000027/R000000025
M000000028/1.000000/0000/Sigma_BB-243423340
R000000029/1.000000/0000/Guesstimate
R000000026/2.222222/0004/M000000028/R000000029
R000000024/2.469136/0009/R000000026
R000000023/4.938272/0122/R000000024/R000000019
R000000030/3.580247/0122/M000000028/R000000019
R000000030/3.580247/0122/M000000028/R000000019
R000000023/5.089163/0112/R000000030/R000000009
R000000001/5.486969/0059/R000000023
Q000000002/4.282884/0000/R000000031
R000000035/1.000000/0000/Guesstimate
R000000036/1.000000/0000/Guesstimate
R000000034/2.222222/0158/R000000035/R000000036
R000000034/2.222222/0158/R000000035/R000000036
R000000033/2.469136/0188/R000000034
R000000038/1.000000/0000/Guesstimate
R000000037/2.222222/0158/R000000035/R000000038
R000000037/2.222222/0158/R000000035/R000000038
R000000033/2.469136/0188/R000000037
R000000039/1.000000/0000/Guesstimate
R000000032/3.854596/0301/R000000033/R000000039
R000000032/3.854596/0301/R000000033/R000000039
R000000031/4.282884/0160/R000000032
R000000043/1.000000/0000/Guesstimate
R000000044/1.000000/0000/Guesstimate
R000000042/2.222222/0012/R000000043/R000000044
R000000045/1.000000/0000/Guesstimate
R000000042/2.222222/0112/R000000045/R000000009
R000000046/1.000000/0000/Guesstimate
R000000041/3.580247/0159/R000000042/R000000046
R000000047/1.000000/0000/Guesstimate
R000000040/5.089163/0112/R000000041/R000000047
R000000050/1.000000/0000/Guesstimate
R000000051/1.000000/0000/Guesstimate
R000000049/2.222222/0170/R000000050/R000000051
R000000052/1.000000/0000/Guesstimate
R000000053/1.000000/0000/Guesstimate
R000000049/2.222222/0170/R000000052/R000000053
R000000048/3.580247/0012/R000000049/R000000044
R000000055/1.000000/0000/Guesstimate
R000000054/3.580247/0285/R000000049/R000000055
R000000048/3.978053/0079/R000000054
R000000040/5.089163/0159/R000000048/R000000046
R000000031/5.654626/0147/R000000040
Q000000003/2.469136/0000/R000000056
R000000058/1.000000/0000/Guesstimate
M000000059/1.000000/0000/Sigma_BB-31124353
R000000057/2.222222/0004/R000000058/M000000059
R000000062/1.000000/0000/Guesstimate
M000000063/1.000000/0000/Sigma_BB-30436180
R000000061/2.222222/0232/R000000062/M000000063
R000000060/2.469136/0217/R000000061
R000000065/1.000000/0000/Guesstimate
R000000064/3.580247/0274/R000000061/R000000065
R000000060/3.978053/0257/R000000064
R000000057/2.743484/0040/R000000060
R000000056/2.469136/0153/R000000057
M000000069/1.000000/0000/Sigma_BB-28769352
R000000068/2.222222/0004/R000000058/M000000069
R000000067/2.469136/0086/R000000068
R000000067/2.469136/0091/R000000068
R000000066/2.743484/0239/R000000067
M000000072/1.000000/0000/Sigma_BB-28151472
R000000071/2.222222/0004/R000000058/M000000072
R000000070/2.469136/0086/R000000071
R000000070/2.469136/0091/R000000071
R000000066/2.743484/0302/R000000070
R000000056/3.048316/0154/R000000066
Q000000004/2.469136/0000/R000000056
<NEXT>