#
#  Reaction log file
#  Author: LigBuilder V3 User_Diana
#  Creation time: Thu Apr  9 21:19:57 2026
#  Format:
#  QueryMoleculeId/Cost/SynthesizeId/ReactantId1/ReactantId2/ReactantId3.....
#  Id prefix:
#  Q --- Query Molecule
#  M --- Material
#  R --- Reactant
#
Directory      result/synthesize_PfHDAC1/300/DATABASE/
#
Q000000001/Analysis Failed
Q000000002/7.331201/0000/R000000001
R000000005/1.000000/0000/Guesstimate
R000000006/1.000000/0000/Guesstimate
R000000004/2.222222/0285/R000000005/R000000006
R000000003/2.469136/0279/R000000004
R000000009/1.000000/0000/Guesstimate
R000000008/1.111111/0040/R000000009
R000000010/1.000000/0000/Guesstimate
R000000011/1.000000/0000/Guesstimate
R000000008/2.222222/0004/R000000010/R000000011
R000000012/1.000000/0000/Guesstimate
R000000007/2.345679/0064/R000000008/R000000012
R000000014/1.000000/0000/Guesstimate
R000000013/2.222222/0001/R000000014/R000000011
R000000015/1.000000/0000/Guesstimate
R000000013/2.222222/0004/R000000015/R000000011
R000000007/3.580247/0063/R000000013/R000000012
R000000003/2.606310/0197/R000000007
R000000002/3.854596/0003/R000000003/R000000014
R000000018/1.000000/0000/Guesstimate
R000000017/2.222222/0003/R000000018/R000000014
R000000019/1.000000/0000/Guesstimate
R000000017/2.222222/0049/R000000019/R000000011
R000000020/1.000000/0000/Guesstimate
R000000016/3.580247/0061/R000000017/R000000020
R000000022/1.000000/0000/Guesstimate
R000000021/2.222222/0003/R000000022/R000000014
R000000021/2.469136/0041/R000000017
R000000016/3.580247/0062/R000000021/R000000020
R000000002/3.978053/0040/R000000016
R000000026/1.000000/0000/Guesstimate
R000000027/1.000000/0000/Guesstimate
R000000025/2.222222/0158/R000000026/R000000027
R000000025/2.222222/0158/R000000026/R000000027
R000000024/2.469136/0188/R000000025
R000000028/2.222222/0158/R000000026/R000000027
R000000028/2.222222/0158/R000000026/R000000027
R000000024/2.469136/0188/R000000028
R000000023/2.743484/0160/R000000024
R000000030/6.900000/0000/Guesstimate
R000000029/7.666667/0287/R000000030
R000000023/8.518519/0299/R000000029
R000000001/7.331201/0224/R000000002/R000000023
R000000031/7.026369/0224/R000000002/R000000024
R000000001/7.807076/0160/R000000031
Q000000003/4.572474/0000/R000000032
M000000036/1.000000/0000/Sigma_BB-370706449
R000000035/1.111111/0040/M000000036
M000000037/1.000000/0000/Sigma_BB-243755193
R000000035/1.111111/0287/M000000037
R000000034/1.234568/0091/R000000035
M000000039/1.000000/0000/Sigma_BB-326697832
R000000038/1.111111/0213/M000000039
R000000034/1.234568/0197/R000000038
R000000042/1.000000/0000/Guesstimate
R000000043/1.000000/0000/Guesstimate
R000000041/2.222222/0274/R000000042/R000000043
R000000044/1.000000/0000/Guesstimate
R000000045/1.000000/0000/Guesstimate
R000000041/2.222222/0274/R000000044/R000000045
R000000040/2.469136/0155/R000000041
R000000047/1.000000/0000/Guesstimate
R000000046/2.222222/0274/R000000047/R000000045
R000000048/1.000000/0000/Guesstimate
R000000046/2.222222/0274/R000000048/R000000043
R000000049/1.000000/0000/Guesstimate
R000000040/3.580247/0212/R000000046/R000000049
R000000033/4.115227/0112/R000000034/R000000040
M000000050/1.000000/0000/Sigma_BB-28758560
R000000053/1.000000/0000/Guesstimate
R000000052/3.854596/0112/R000000040/R000000053
R000000051/4.282884/0197/R000000052
R000000055/1.000000/0000/Guesstimate
R000000054/3.854596/0301/R000000040/R000000055
R000000054/3.854596/0301/R000000040/R000000055
R000000051/4.282884/0260/R000000054
R000000033/5.869872/0112/M000000050/R000000051
R000000032/4.572474/0147/R000000033
M000000059/1.000000/0000/Sigma_BB-28777057
R000000058/1.111111/0300/M000000059
R000000060/1.000000/0000/Guesstimate
R000000057/2.345679/0004/R000000058/R000000060
R000000062/1.000000/0000/Guesstimate
R000000061/2.345679/0277/R000000058/R000000062
R000000063/1.000000/0000/Guesstimate
R000000061/2.345679/0301/R000000058/R000000063
R000000057/2.606310/0024/R000000061
R000000066/1.000000/0000/Guesstimate
R000000065/2.222222/0274/R000000066/R000000045
R000000065/2.222222/0274/R000000011/R000000043
R000000067/1.000000/0000/Guesstimate
R000000064/3.580247/0004/R000000065/R000000067
R000000069/1.000000/0000/Guesstimate
R000000070/1.000000/0000/Guesstimate
R000000068/3.333333/0261/R000000069/R000000043/R000000070
R000000068/5.869872/0276/R000000051/R000000070
R000000064/3.703704/0024/R000000068
R000000056/6.584363/0212/R000000057/R000000064
M000000073/1.000000/0000/Sigma_BB-27949023
R000000072/2.222222/0049/M000000073/R000000011
R000000072/2.345679/0112/R000000058/R000000015
R000000071/2.469136/0040/R000000072
R000000074/2.606310/0093/R000000057
M000000075/1.000000/0000/Sigma_BB-28247348
R000000074/3.717421/0212/R000000057/M000000075
R000000071/2.895900/0073/R000000074
R000000076/3.854596/0004/R000000040/R000000060
M000000078/1.000000/0000/Sigma_BB-28524129
R000000077/5.089163/0212/R000000064/M000000078
R000000077/5.089163/0212/R000000064/M000000078
R000000076/5.654626/0024/R000000077
R000000056/7.026369/0212/R000000071/R000000076
R000000032/7.315958/0161/R000000056
Q000000004/7.517486/0000/R000000079
M000000083/1.000000/0000/Sigma_BB-35143599
R000000082/3.580247/0002/M000000083/R000000013
R000000084/1.000000/0000/Guesstimate
R000000081/5.089163/0212/R000000082/R000000084
R000000081/5.089163/0212/R000000082/R000000084
R000000085/1.000000/0000/Guesstimate
R000000080/6.765737/0301/R000000081/R000000085
M000000087/1.000000/0000/Sigma_BB-28829658
R000000086/5.089163/0212/R000000082/M000000087
R000000086/5.089163/0212/R000000082/M000000087
R000000088/1.000000/0000/Guesstimate
R000000080/6.765737/0301/R000000086/R000000088
R000000079/7.517486/0041/R000000080
R000000090/5.654626/0041/R000000081
R000000090/5.654626/0233/R000000081
R000000091/1.000000/0000/Guesstimate
R000000089/7.394029/0112/R000000090/R000000091
R000000079/8.215589/0147/R000000089
<END>