#
#  Reaction log file
#  Author: LigBuilder V3 User_Diana
#  Creation time: Thu Apr  9 21:14:17 2026
#  Format:
#  QueryMoleculeId/Cost/SynthesizeId/ReactantId1/ReactantId2/ReactantId3.....
#  Id prefix:
#  Q --- Query Molecule
#  M --- Material
#  R --- Reactant
#
Directory      result/synthesize_PfHDAC1/56/DATABASE/
#
Q000000001/Analysis Failed
Q000000002/5.791801/0000/R000000001
R000000004/1.000000/0000/Guesstimate
R000000005/1.000000/0000/Guesstimate
R000000003/2.222222/0004/R000000004/R000000005
R000000007/2.469136/0197/R000000003
R000000007/2.469136/0197/R000000003
R000000008/1.000000/0000/Guesstimate
R000000006/3.854596/0112/R000000007/R000000008
R000000010/1.000000/0000/Guesstimate
R000000009/3.854596/0122/R000000007/R000000010
R000000012/1.000000/0000/Guesstimate
R000000011/3.580247/0212/R000000003/R000000012
R000000014/1.000000/0000/Guesstimate
R000000013/3.854596/0003/R000000007/R000000014
M000000016/1.000000/0000/Sigma_BB-28721388
R000000015/3.580247/0212/R000000003/M000000016
R000000015/3.580247/0212/R000000003/M000000016
R000000013/3.978053/0009/R000000015
R000000011/4.282884/0041/R000000013
R000000009/3.978053/0139/R000000011
R000000006/4.282884/0082/R000000009
R000000003/4.282884/0040/R000000006
R000000019/1.000000/0000/Guesstimate
R000000020/1.000000/0000/Guesstimate
R000000018/2.222222/0279/R000000019/R000000020
R000000018/2.222222/0279/R000000019/R000000020
R000000017/2.469136/0224/R000000018
R000000021/9.300000/0000/Guesstimate
R000000017/9.300000/0099/R000000021
R000000002/5.212621/0003/R000000003/R000000017
R000000023/1.000000/0000/Guesstimate
R000000022/3.854596/0004/R000000007/R000000023
R000000025/1.000000/0000/Guesstimate
R000000024/3.854596/0277/R000000007/R000000025
R000000026/1.000000/0000/Guesstimate
R000000024/3.854596/0301/R000000007/R000000026
R000000022/4.282884/0024/R000000024
R000000029/1.000000/0000/Guesstimate
R000000030/1.000000/0000/Guesstimate
R000000028/2.222222/0224/R000000029/R000000030
R000000028/2.222222/0226/R000000010/R000000030
R000000027/2.469136/0012/R000000028
R000000032/1.000000/0000/Guesstimate
R000000031/3.854596/0004/R000000032/R000000017
R000000027/4.282884/0009/R000000031
R000000002/7.026369/0049/R000000022/R000000027
R000000001/5.791801/0099/R000000002
R000000035/2.222222/0004/R000000004/R000000032
R000000034/2.469136/0009/R000000035
R000000036/9.000000/0000/Guesstimate
R000000034/10.000000/0082/R000000036
R000000039/1.000000/0000/Guesstimate
R000000038/2.222222/0224/R000000039/R000000030
R000000040/1.000000/0000/Guesstimate
R000000038/2.222222/0226/R000000040/R000000030
R000000037/2.469136/0012/R000000038
R000000041/1.000000/0000/Guesstimate
R000000042/3.854596/0004/R000000023/R000000017
R000000037/5.393995/0049/R000000041/R000000042
R000000033/5.486969/0011/R000000034/R000000037
R000000043/2.743484/0040/R000000027
R000000044/9.600000/0000/Guesstimate
R000000043/9.600000/0260/R000000044
R000000033/5.791801/0003/R000000007/R000000043
R000000001/6.096632/0099/R000000033
Q000000003/5.791801/0000/R000000001
<NEXT>