#
#  Reaction log file
#  Author: LigBuilder V3 User_Diana
#  Creation time: Thu Apr  9 21:13:18 2026
#  Format:
#  QueryMoleculeId/Cost/SynthesizeId/ReactantId1/ReactantId2/ReactantId3.....
#  Id prefix:
#  Q --- Query Molecule
#  M --- Material
#  R --- Reactant
#
Directory      result/synthesize_PfHDAC1/3/DATABASE/
#
Q000000001/6.765737/0000/R000000001
R000000004/1.000000/0000/Guesstimate
M000000006/1.000000/0000/Sigma_BB-187206312
R000000007/1.000000/0000/Guesstimate
R000000005/2.222222/0301/M000000006/R000000007
R000000005/2.222222/0301/M000000006/R000000007
R000000003/3.580247/0224/R000000004/R000000005
R000000009/1.000000/0000/Guesstimate
R000000008/3.580247/0224/R000000009/R000000005
R000000003/3.978053/0294/R000000008
R000000010/1.000000/0000/Guesstimate
R000000002/5.089163/0122/R000000003/R000000010
R000000012/1.000000/0000/Guesstimate
R000000011/5.089163/0003/R000000003/R000000012
R000000013/3.978053/0118/R000000003
R000000014/1.000000/0000/Guesstimate
R000000013/5.089163/0112/R000000003/R000000014
R000000015/1.000000/0000/Guesstimate
R000000011/5.531170/0049/R000000013/R000000015
R000000016/1.000000/0000/Guesstimate
R000000002/6.765737/0122/R000000011/R000000016
R000000017/1.000000/0000/Guesstimate
R000000001/6.765737/0018/R000000002/R000000017
R000000021/1.000000/0000/Guesstimate
R000000020/2.222222/0224/R000000021/M000000006
R000000022/1.000000/0000/Guesstimate
R000000019/3.580247/0004/R000000020/R000000022
R000000024/1.000000/0000/Guesstimate
R000000023/3.580247/0277/R000000020/R000000024
R000000025/1.000000/0000/Guesstimate
R000000023/3.580247/0301/R000000020/R000000025
R000000019/3.978053/0024/R000000023
M000000028/1.000000/0000/Sigma_BB-28764950
R000000029/1.000000/0000/Guesstimate
R000000027/2.222222/0212/M000000028/R000000029
R000000027/2.222222/0212/M000000028/R000000029
R000000026/2.469136/0085/R000000027
R000000031/1.000000/0000/Guesstimate
R000000030/3.580247/0004/R000000027/R000000031
R000000026/3.978053/0197/R000000030
R000000018/6.721537/0212/R000000019/R000000026
R000000018/6.721537/0212/R000000019/R000000026
R000000001/7.468375/0028/R000000018
Q000000002/4.420059/0000/R000000032
R000000035/1.000000/0000/Guesstimate
R000000037/1.000000/0000/Guesstimate
R000000036/2.222222/0301/M000000006/R000000037
R000000036/3.580247/0274/R000000005/R000000022
R000000034/3.580247/0224/R000000035/R000000036
R000000038/3.580247/0224/R000000035/R000000005
R000000034/5.089163/0274/R000000038/R000000022
R000000033/3.978053/0125/R000000034
R000000033/5.089163/0112/R000000034/R000000014
R000000032/4.420059/0041/R000000033
M000000042/1.000000/0000/Sigma_BB-234767090
R000000041/2.222222/0224/R000000004/M000000042
M000000043/1.000000/0000/Sigma_BB-28806016
R000000040/3.580247/0112/R000000041/M000000043
R000000045/1.000000/0000/Guesstimate
R000000044/3.580247/0112/R000000041/R000000045
R000000040/5.089163/0169/R000000044/R000000022
R000000039/3.978053/0147/R000000040
R000000047/3.580247/0004/R000000041/R000000022
R000000048/1.000000/0000/Guesstimate
R000000049/1.000000/0000/Guesstimate
R000000047/4.691358/0225/R000000041/R000000048/R000000049
R000000051/1.000000/0000/Guesstimate
R000000050/2.222222/0274/R000000015/R000000051
R000000052/1.000000/0000/Guesstimate
R000000053/1.000000/0000/Guesstimate
R000000050/2.222222/0275/R000000052/R000000053
R000000046/6.447188/0212/R000000047/R000000050
R000000046/6.447188/0212/R000000047/R000000050
R000000039/7.163543/0147/R000000046
R000000032/5.531170/0018/R000000039/R000000017
Q000000003/5.531170/0000/R000000054
R000000057/2.222222/0224/R000000004/M000000006
R000000057/3.978053/0197/R000000047
R000000058/1.000000/0000/Guesstimate
R000000056/3.580247/0003/R000000057/R000000058
R000000059/3.580247/0004/R000000057/R000000022
R000000059/4.420059/0040/R000000013
R000000060/1.000000/0000/Guesstimate
R000000056/5.089163/0003/R000000059/R000000060
R000000055/3.978053/0059/R000000056
R000000062/3.580247/0004/R000000041/R000000015
R000000062/3.978053/0085/R000000047
R000000063/1.000000/0000/Guesstimate
R000000061/5.089163/0049/R000000062/R000000063
R000000064/3.978053/0073/R000000059
R000000064/3.978053/0216/R000000047
R000000065/1.000000/0000/Guesstimate
R000000061/5.531170/0003/R000000064/R000000065
R000000055/5.654626/0147/R000000061
R000000054/5.531170/0018/R000000055/R000000017
R000000069/1.000000/0000/Guesstimate
R000000068/5.089163/0112/R000000038/R000000069
R000000067/5.654626/0059/R000000068
R000000071/1.000000/0000/Guesstimate
R000000070/5.089163/0301/R000000038/R000000071
R000000070/5.089163/0301/R000000038/R000000071
R000000067/5.654626/0156/R000000070
R000000066/6.282918/0125/R000000067
R000000066/7.394029/0112/R000000067/R000000014
R000000054/6.981020/0041/R000000066
Q000000004/7.394029/0000/R000000072
R000000075/1.000000/0000/Guesstimate
R000000074/5.089163/0122/R000000003/R000000075
R000000074/5.089163/0122/R000000003/R000000075
R000000073/5.654626/0198/R000000074
R000000076/5.089163/0003/R000000003/R000000022
R000000077/1.000000/0000/Guesstimate
R000000076/5.531170/0049/R000000013/R000000077
R000000078/1.000000/0000/Guesstimate
R000000073/6.765737/0018/R000000076/R000000078
R000000072/7.394029/0018/R000000073/R000000017
R000000081/3.978053/0125/R000000038
R000000081/5.089163/0112/R000000038/R000000014
R000000080/4.420059/0041/R000000081
R000000080/5.089163/0018/R000000003/R000000017
R000000079/6.022288/0003/R000000080/R000000022
R000000079/6.765737/0018/R000000076/R000000017
R000000072/7.802542/0018/R000000079/R000000078
<NEXT>