#
#  Reaction log file
#  Author: LigBuilder V3 User_Diana
#  Creation time: Thu Apr  9 21:15:37 2026
#  Format:
#  QueryMoleculeId/Cost/SynthesizeId/ReactantId1/ReactantId2/ReactantId3.....
#  Id prefix:
#  Q --- Query Molecule
#  M --- Material
#  R --- Reactant
#
Directory      result/synthesize_PfHDAC1/139/DATABASE/
#
Q000000001/Analysis Failed
Q000000002/Analysis Failed
Q000000003/Analysis Failed
Q000000004/5.961151/0000/R000000001
M000000006/1.000000/0000/Sigma_BB-70348869
R000000005/1.111111/0228/M000000006
R000000005/1.111111/0286/M000000006
R000000004/1.234568/0090/R000000005
R000000008/1.000000/0000/Guesstimate
R000000009/1.000000/0000/Guesstimate
R000000007/2.222222/0224/R000000008/R000000009
R000000010/1.000000/0000/Guesstimate
R000000011/1.000000/0000/Guesstimate
R000000007/2.222222/0276/R000000010/R000000011
R000000004/2.469136/0122/R000000007
R000000012/1.000000/0000/Guesstimate
R000000003/2.482853/0004/R000000004/R000000012
R000000014/1.000000/0000/Guesstimate
R000000013/2.482853/0277/R000000004/R000000014
R000000015/1.000000/0000/Guesstimate
R000000013/2.482853/0301/R000000004/R000000015
R000000003/2.758726/0040/R000000013
R000000002/2.758726/0009/R000000003
R000000018/1.000000/0000/Guesstimate
R000000019/1.000000/0000/Guesstimate
R000000017/2.222222/0276/R000000018/R000000019
R000000017/2.222222/0278/R000000018/R000000019
R000000016/2.469136/0224/R000000017
R000000021/1.000000/0000/Guesstimate
R000000022/1.000000/0000/Guesstimate
R000000020/2.222222/0276/R000000021/R000000022
R000000020/2.222222/0278/R000000021/R000000022
R000000016/2.469136/0276/R000000020
R000000023/1.000000/0000/Guesstimate
R000000002/3.854596/0003/R000000016/R000000023
R000000026/1.000000/0000/Guesstimate
R000000028/1.000000/0000/Guesstimate
R000000027/1.111111/0228/R000000028
R000000027/1.111111/0286/R000000028
R000000025/2.345679/0301/R000000026/R000000027
R000000025/2.345679/0301/R000000026/R000000027
R000000024/2.606310/0188/R000000025
R000000031/1.000000/0000/Guesstimate
R000000032/1.000000/0000/Guesstimate
R000000030/2.222222/0256/R000000031/R000000032
R000000029/2.469136/0039/R000000030
R000000034/1.000000/0000/Guesstimate
R000000033/2.222222/0004/R000000034/R000000032
R000000035/1.000000/0000/Guesstimate
R000000033/2.222222/0256/R000000035/R000000032
R000000036/1.000000/0000/Guesstimate
R000000029/3.580247/0119/R000000033/R000000036
R000000024/2.743484/0126/R000000029
R000000001/5.961151/0069/R000000002/R000000024
M000000042/1.000000/0000/Sigma_BB-28508137
R000000041/2.222222/0224/M000000042/R000000035
R000000040/2.469136/0001/R000000041
R000000043/2.469136/0086/R000000041
R000000043/2.469136/0091/R000000041
R000000040/2.743484/0004/R000000043
R000000039/2.743484/0197/R000000040
R000000038/4.159427/0003/R000000039/R000000023
R000000044/2.743484/0204/R000000040
R000000045/1.000000/0000/Guesstimate
R000000038/4.159427/0049/R000000044/R000000045
R000000037/7.517487/0069/R000000038/R000000024
R000000048/1.000000/0000/Guesstimate
R000000047/4.007011/0069/R000000048/R000000024
R000000046/4.452235/0024/R000000047
R000000050/1.000000/0000/Guesstimate
R000000049/4.007011/0069/R000000050/R000000024
R000000046/4.452235/0040/R000000049
R000000037/7.690413/0212/R000000040/R000000046
R000000001/8.352763/0099/R000000037
<NEXT>