#
#  Reaction log file
#  Author: LigBuilder V3 User_Diana
#  Creation time: Thu Apr  9 21:15:24 2026
#  Format:
#  QueryMoleculeId/Cost/SynthesizeId/ReactantId1/ReactantId2/ReactantId3.....
#  Id prefix:
#  Q --- Query Molecule
#  M --- Material
#  R --- Reactant
#
Directory      result/synthesize_PfHDAC1/107/DATABASE/
#
Q000000001/2.758726/0000/R000000001
M000000005/1.000000/0000/Sigma_BB-247132189
R000000004/1.111111/0197/M000000005
R000000003/1.234568/0239/R000000004
R000000006/1.000000/0000/Guesstimate
M000000008/1.000000/0000/Sigma_BB-28505812
R000000007/1.111111/0302/M000000008
R000000003/2.345679/0274/R000000006/R000000007
R000000009/1.000000/0000/Guesstimate
R000000002/2.482853/0112/R000000003/R000000009
R000000011/1.000000/0000/Guesstimate
R000000013/1.000000/0000/Guesstimate
R000000014/1.000000/0000/Guesstimate
R000000012/2.222222/0181/R000000013/R000000014
R000000012/2.222222/0285/R000000013/R000000014
R000000010/3.580247/0159/R000000011/R000000012
R000000016/1.000000/0000/Guesstimate
R000000015/2.222222/0012/R000000016/R000000014
R000000015/2.222222/0285/R000000016/R000000014
R000000017/1.000000/0000/Guesstimate
R000000010/3.580247/0159/R000000015/R000000017
R000000018/1.000000/0000/Guesstimate
R000000002/5.089163/0112/R000000010/R000000018
R000000001/2.758726/0153/R000000002
R000000022/1.000000/0000/Guesstimate
R000000021/2.222222/0181/R000000013/R000000022
R000000021/2.222222/0285/R000000013/R000000022
R000000020/3.580247/0159/R000000011/R000000021
R000000023/2.222222/0012/R000000016/R000000022
R000000023/2.222222/0285/R000000016/R000000022
R000000020/3.580247/0159/R000000023/R000000017
R000000019/3.978053/0040/R000000020
R000000025/1.000000/0000/Guesstimate
R000000027/1.000000/0000/Guesstimate
R000000026/2.222222/0181/R000000013/R000000027
R000000026/2.222222/0285/R000000013/R000000027
R000000024/3.580247/0159/R000000025/R000000026
R000000029/1.000000/0000/Guesstimate
R000000028/2.222222/0012/R000000029/R000000027
R000000028/2.222222/0285/R000000029/R000000027
R000000024/3.580247/0159/R000000028/R000000017
R000000019/3.978053/0155/R000000024
R000000030/1.000000/0000/Guesstimate
R000000001/5.531170/0119/R000000019/R000000030
Q000000002/2.758726/0000/R000000001
Q000000003/2.758726/0000/R000000001
<NEXT>