#
#  Reaction log file
#  Author: LigBuilder V3 User_Diana
#  Creation time: Thu Apr  9 21:16:07 2026
#  Format:
#  QueryMoleculeId/Cost/SynthesizeId/ReactantId1/ReactantId2/ReactantId3.....
#  Id prefix:
#  Q --- Query Molecule
#  M --- Material
#  R --- Reactant
#
Directory      result/synthesize_PfHDAC1/173/DATABASE/
#
Q000000001/5.683586/0000/R000000001
R000000005/1.000000/0000/Guesstimate
R000000006/1.000000/0000/Guesstimate
R000000004/2.222222/0122/R000000005/R000000006
R000000008/1.000000/0000/Guesstimate
R000000007/1.111111/0288/R000000008
R000000003/3.703704/0301/R000000004/R000000007
R000000003/3.703704/0301/R000000004/R000000007
R000000002/4.115227/0295/R000000003
R000000011/1.000000/0000/Guesstimate
R000000010/2.345679/0301/R000000011/R000000007
R000000010/2.345679/0301/R000000011/R000000007
R000000009/2.606310/0295/R000000010
R000000014/1.000000/0000/Guesstimate
R000000013/1.111111/0228/R000000014
R000000015/1.000000/0000/Guesstimate
R000000016/1.000000/0000/Guesstimate
R000000013/2.222222/0122/R000000015/R000000016
R000000012/1.234568/0090/R000000013
M000000018/1.000000/0000/Sigma_BB-28896057
R000000017/1.111111/0255/M000000018
R000000019/1.000000/0000/Guesstimate
R000000020/1.000000/0000/Guesstimate
R000000017/2.222222/0112/R000000019/R000000020
R000000012/1.234568/0099/R000000017
R000000002/4.267642/0301/R000000009/R000000012
R000000021/1.000000/0000/Guesstimate
R000000001/5.683586/0018/R000000002/R000000021
R000000026/2.222222/0018/R000000011/R000000021
R000000028/1.000000/0000/Guesstimate
R000000029/1.000000/0000/Guesstimate
R000000027/2.222222/0004/R000000028/R000000029
R000000031/1.000000/0000/Guesstimate
R000000030/2.222222/0004/R000000028/R000000031
R000000032/1.000000/0000/Guesstimate
R000000030/2.222222/0018/R000000032/R000000021
R000000027/2.469136/0085/R000000030
R000000026/2.469136/0197/R000000027
R000000025/3.703704/0301/R000000026/R000000007
R000000025/3.717421/0018/R000000010/R000000021
R000000024/4.115227/0257/R000000025
R000000023/4.572474/0295/R000000024
R000000022/6.452270/0301/R000000023/R000000012
R000000038/1.000000/0000/Guesstimate
R000000037/3.456790/0225/R000000028/R000000007/R000000038
R000000037/3.703704/0004/R000000030/R000000007
R000000036/3.840878/0295/R000000037
R000000039/1.000000/0000/Guesstimate
R000000035/5.378754/0212/R000000036/R000000039
R000000035/5.378754/0212/R000000036/R000000039
R000000034/5.976393/0257/R000000035
R000000033/6.640437/0155/R000000034
R000000041/5.976393/0155/R000000035
R000000043/4.007011/0018/R000000009/R000000021
R000000043/4.115227/0295/R000000025
R000000042/5.563346/0004/R000000043/R000000031
R000000044/1.000000/0000/Guesstimate
R000000042/6.674457/0225/R000000043/R000000044/R000000038
R000000041/6.181496/0197/R000000042
R000000040/6.640437/0155/R000000041
R000000033/7.378263/0217/R000000040
R000000022/8.489375/0122/R000000033/R000000006
R000000001/7.169188/0041/R000000022
Q000000002/6.058039/0000/R000000045
R000000048/1.000000/0000/Guesstimate
R000000047/4.007011/0112/R000000009/R000000048
R000000050/1.000000/0000/Guesstimate
R000000049/4.007011/0301/R000000009/R000000050
R000000049/4.007011/0301/R000000009/R000000050
R000000047/4.452235/0257/R000000049
R000000046/4.452235/0147/R000000047
R000000053/1.000000/0000/Guesstimate
R000000052/4.007011/0301/R000000009/R000000053
R000000052/4.007011/0301/R000000009/R000000053
R000000051/4.452235/0155/R000000052
R000000054/4.007011/0004/R000000009/R000000031
R000000054/5.118122/0225/R000000009/R000000044/R000000038
R000000051/4.452235/0197/R000000054
R000000055/1.000000/0000/Guesstimate
R000000046/6.058039/0122/R000000051/R000000055
R000000045/6.058039/0018/R000000046/R000000021
M000000059/1.000000/0000/Sigma_BB-28764950
R000000058/1.111111/0085/M000000059
R000000057/1.234568/0153/R000000058
R000000060/1.111111/0087/M000000059
R000000060/1.234568/0086/R000000058
R000000057/1.234568/0154/R000000060
R000000056/7.553238/0212/R000000042/R000000057
R000000056/7.553238/0212/R000000042/R000000057
R000000045/8.392488/0028/R000000056
Q000000003/5.683586/0000/R000000001
Q000000004/4.282884/0000/R000000061
M000000065/1.000000/0000/Sigma_BB-326673145
R000000066/1.000000/0000/Guesstimate
R000000064/2.222222/0112/M000000065/R000000066
R000000067/1.000000/0000/Guesstimate
M000000068/1.000000/0000/Sigma_BB-28426395
R000000064/2.222222/0112/R000000067/M000000068
R000000063/2.469136/0059/R000000064
R000000070/1.000000/0000/Guesstimate
M000000071/1.000000/0000/Sigma_BB-28457653
R000000069/2.222222/0231/R000000070/M000000071
R000000063/2.469136/0082/R000000069
R000000072/1.000000/0000/Guesstimate
R000000062/3.854596/0003/R000000063/R000000072
M000000075/1.000000/0000/Sigma_BB-28888941
R000000074/2.222222/0112/R000000067/M000000075
R000000074/3.580247/0112/R000000064/R000000066
R000000073/2.469136/0059/R000000074
R000000076/2.469136/0125/R000000069
R000000076/3.580247/0112/R000000069/R000000066
R000000073/2.743484/0082/R000000076
R000000062/3.854596/0049/R000000073/R000000029
R000000061/4.282884/0041/R000000062
R000000079/2.222222/0003/M000000065/R000000072
M000000080/1.000000/0000/Sigma_BB-28767380
R000000079/2.222222/0175/M000000080/R000000067
R000000078/2.469136/0041/R000000079
M000000082/1.000000/0000/Sigma_BB-27187535
R000000083/1.000000/0000/Guesstimate
R000000081/2.222222/0175/M000000082/R000000083
R000000081/2.222222/0290/M000000082/R000000083
R000000078/2.469136/0091/R000000081
R000000077/3.854596/0112/R000000078/R000000066
R000000085/2.222222/0003/M000000068/R000000072
R000000085/2.222222/0049/M000000075/R000000029
R000000084/2.469136/0041/R000000085
R000000086/2.222222/0112/M000000068/R000000083
M000000087/1.000000/0000/Sigma_BB-28766449
R000000086/2.222222/0174/M000000087/R000000083
R000000084/2.469136/0147/R000000086
R000000077/3.854596/0112/R000000067/R000000084
R000000061/4.282884/0059/R000000077
<NEXT>