#
#  Reaction log file
#  Author: LigBuilder V3 User_Diana
#  Creation time: Thu Apr  9 21:14:01 2026
#  Format:
#  QueryMoleculeId/Cost/SynthesizeId/ReactantId1/ReactantId2/ReactantId3.....
#  Id prefix:
#  Q --- Query Molecule
#  M --- Material
#  R --- Reactant
#
Directory      result/synthesize_PfHDAC1/70/DATABASE/
#
Q000000001/4.420059/0000/R000000001
R000000004/1.000000/0000/Guesstimate
M000000006/1.000000/0000/Sigma_BB-187206312
R000000007/1.000000/0000/Guesstimate
R000000005/2.222222/0301/M000000006/R000000007
R000000005/2.222222/0301/M000000006/R000000007
R000000003/3.580247/0224/R000000004/R000000005
R000000008/2.222222/0224/R000000004/M000000006
R000000003/3.580247/0301/R000000008/R000000007
R000000002/3.978053/0125/R000000003
R000000009/1.000000/0000/Guesstimate
R000000002/5.089163/0112/R000000003/R000000009
R000000001/4.420059/0041/R000000002
R000000013/1.000000/0000/Guesstimate
M000000014/1.000000/0000/Sigma_BB-234767090
R000000012/2.222222/0224/R000000013/M000000014
R000000016/1.000000/0000/Guesstimate
R000000015/1.111111/0040/R000000016
R000000017/1.000000/0000/Guesstimate
R000000018/1.000000/0000/Guesstimate
R000000015/2.222222/0274/R000000017/R000000018
R000000011/3.703704/0003/R000000012/R000000015
R000000019/2.469136/0125/R000000012
R000000019/3.580247/0112/R000000012/R000000009
R000000021/1.000000/0000/Guesstimate
R000000022/1.000000/0000/Guesstimate
R000000020/2.222222/0004/R000000021/R000000022
R000000020/2.222222/0277/R000000021/R000000022
R000000011/5.212621/0049/R000000019/R000000020
R000000010/4.115227/0147/R000000011
R000000025/1.000000/0000/Guesstimate
R000000024/2.222222/0277/R000000025/R000000022
R000000026/1.000000/0000/Guesstimate
R000000024/2.222222/0301/R000000026/R000000022
R000000023/4.938272/0112/R000000012/R000000024
R000000028/1.000000/0000/Guesstimate
R000000027/2.222222/0274/R000000028/R000000018
R000000029/1.000000/0000/Guesstimate
R000000027/2.222222/0301/R000000029/R000000022
R000000023/5.212621/0138/R000000019/R000000027
R000000010/5.486969/0147/R000000023
R000000030/1.000000/0000/Guesstimate
R000000001/5.683586/0018/R000000010/R000000030
Q000000002/8.505178/0000/R000000031
R000000037/1.000000/0000/Guesstimate
R000000036/2.222222/0224/R000000037/M000000014
R000000036/3.580247/0018/R000000012/R000000030
R000000035/3.580247/0003/R000000036/R000000017
R000000039/2.222222/0224/R000000013/M000000006
R000000041/1.000000/0000/Guesstimate
R000000040/3.580247/0004/R000000012/R000000041
R000000043/1.000000/0000/Guesstimate
R000000042/3.580247/0003/R000000012/R000000043
R000000042/3.854596/0049/R000000019/R000000021
R000000040/3.978053/0040/R000000042
R000000039/3.978053/0197/R000000040
R000000038/3.580247/0018/R000000039/R000000030
R000000044/3.580247/0004/R000000036/R000000041
R000000044/5.089163/0018/R000000040/R000000030
R000000038/3.978053/0197/R000000044
R000000045/1.000000/0000/Guesstimate
R000000035/5.089163/0112/R000000038/R000000045
R000000046/1.000000/0000/Guesstimate
R000000034/5.089163/0274/R000000035/R000000046
R000000050/1.000000/0000/Guesstimate
R000000049/1.111111/0040/R000000050
R000000051/1.000000/0000/Guesstimate
R000000049/2.222222/0004/R000000041/R000000051
R000000048/2.345679/0274/R000000049/R000000046
R000000047/2.606310/0100/R000000048
R000000052/2.222222/0274/R000000017/R000000021
R000000047/3.580247/0212/R000000052/R000000021
R000000034/5.365036/0003/R000000036/R000000047
R000000033/5.654626/0147/R000000034
R000000053/6.584363/0212/R000000040/R000000048
R000000054/3.580247/0004/R000000039/R000000041
M000000056/1.000000/0000/Sigma_BB-28524129
R000000055/5.089163/0212/R000000040/M000000056
R000000055/5.089163/0212/R000000040/M000000056
R000000054/5.654626/0024/R000000055
R000000053/6.873953/0212/R000000054/R000000047
R000000033/8.427070/0018/R000000053/R000000030
M000000059/1.000000/0000/Sigma_BB-28246243
R000000058/1.111111/0228/M000000059
R000000058/1.111111/0286/M000000059
R000000057/1.234568/0228/R000000058
R000000057/1.234568/0286/R000000058
R000000032/7.654660/0301/R000000033/R000000057
R000000032/7.654660/0301/R000000033/R000000057
R000000031/8.505178/0028/R000000032
R000000064/1.000000/0000/Guesstimate
R000000065/1.000000/0000/Guesstimate
R000000063/2.222222/0301/R000000064/R000000065
R000000063/2.222222/0301/R000000064/R000000065
R000000062/2.469136/0118/R000000063
R000000062/3.580247/0112/R000000063/R000000009
R000000061/2.743484/0040/R000000062
R000000067/3.580247/0004/R000000041/R000000063
R000000069/1.000000/0000/Guesstimate
R000000068/3.580247/0277/R000000069/R000000063
R000000070/1.000000/0000/Guesstimate
R000000068/3.580247/0301/R000000070/R000000063
R000000067/3.978053/0024/R000000068
R000000066/3.978053/0093/R000000067
M000000071/1.000000/0000/Sigma_BB-28247348
R000000066/5.089163/0212/R000000067/M000000071
R000000061/4.420059/0073/R000000066
R000000060/7.026369/0212/R000000054/R000000061
R000000060/7.956105/0212/R000000040/R000000067
R000000031/8.918188/0018/R000000060/R000000030
Q000000003/8.674530/0000/R000000072
R000000076/1.000000/0000/Guesstimate
R000000075/3.580247/0301/R000000008/R000000076
R000000075/3.580247/0301/R000000008/R000000076
R000000074/3.978053/0125/R000000075
R000000074/5.089163/0112/R000000075/R000000009
R000000081/1.000000/0000/Guesstimate
M000000082/1.000000/0000/Sigma_BB-28762337
R000000080/2.222222/0224/R000000081/M000000082
R000000083/1.000000/0000/Guesstimate
R000000084/1.000000/0000/Guesstimate
R000000080/2.222222/0301/R000000083/R000000084
R000000079/2.469136/0004/R000000080
R000000085/8.700000/0000/Guesstimate
R000000079/9.666667/0040/R000000085
R000000078/2.743484/0093/R000000079
R000000078/3.854596/0212/M000000071/R000000079
R000000077/3.048316/0197/R000000078
R000000087/1.000000/0000/Guesstimate
R000000086/3.854596/0212/R000000087/R000000079
R000000086/3.854596/0212/R000000087/R000000079
R000000077/4.282884/0155/R000000086
R000000073/7.807077/0274/R000000074/R000000077
R000000089/2.469136/0125/R000000008
R000000089/3.580247/0112/R000000008/R000000009
R000000088/3.854596/0004/R000000089/R000000041
R000000093/1.000000/0000/Guesstimate
R000000092/2.222222/0224/R000000093/M000000014
R000000092/2.469136/0257/R000000036
R000000091/3.580247/0004/R000000092/R000000041
R000000094/3.580247/0003/R000000092/R000000043
R000000091/3.978053/0040/R000000094
R000000090/5.089163/0212/R000000091/M000000056
R000000090/5.089163/0212/R000000091/M000000056
R000000088/5.654626/0024/R000000090
R000000095/5.212621/0212/R000000052/R000000079
R000000095/5.212621/0212/R000000052/R000000079
R000000073/9.067217/0212/R000000088/R000000095
R000000072/8.674530/0041/R000000073
R000000098/2.222222/0004/R000000041/R000000064
R000000099/2.469136/0093/R000000052
R000000099/3.580247/0212/M000000071/R000000052
R000000098/2.743484/0197/R000000099
R000000101/1.000000/0000/Guesstimate
R000000100/1.111111/0283/R000000101
R000000102/1.000000/0000/Guesstimate
R000000100/1.111111/0283/R000000102
R000000097/3.703704/0277/R000000098/R000000100
R000000096/8.093279/0212/R000000044/R000000097
R000000096/8.093279/0212/R000000044/R000000097
R000000072/8.992533/0147/R000000096
<NEXT>