#
#  Reaction log file
#  Author: LigBuilder V3 User_Diana
#  Creation time: Thu Apr  9 21:15:29 2026
#  Format:
#  QueryMoleculeId/Cost/SynthesizeId/ReactantId1/ReactantId2/ReactantId3.....
#  Id prefix:
#  Q --- Query Molecule
#  M --- Material
#  R --- Reactant
#
Directory      result/synthesize_PfHDAC1/146/DATABASE/
#
Q000000001/5.486969/0000/R000000001
M000000004/1.000000/0000/Sigma_BB-27685196
R000000005/1.000000/0000/Guesstimate
R000000003/2.222222/0280/M000000004/R000000005
R000000006/1.111111/0091/M000000004
R000000003/2.345679/0276/R000000006/R000000005
R000000008/1.000000/0000/Guesstimate
R000000009/1.000000/0000/Guesstimate
R000000007/2.222222/0004/R000000008/R000000009
R000000010/1.000000/0000/Guesstimate
R000000011/1.000000/0000/Guesstimate
R000000007/2.222222/0004/R000000010/R000000011
R000000002/4.938272/0003/R000000003/R000000007
R000000012/2.469136/0125/R000000003
R000000013/1.000000/0000/Guesstimate
R000000012/3.580247/0112/R000000003/R000000013
R000000015/1.000000/0000/Guesstimate
R000000016/1.000000/0000/Guesstimate
R000000014/2.222222/0004/R000000015/R000000016
R000000018/1.000000/0000/Guesstimate
R000000017/2.222222/0277/R000000018/R000000016
R000000019/1.000000/0000/Guesstimate
R000000017/2.222222/0301/R000000019/R000000016
R000000014/2.469136/0024/R000000017
R000000002/5.212621/0049/R000000012/R000000014
R000000001/5.486969/0099/R000000002
R000000021/3.580247/0004/R000000003/R000000015
R000000023/1.000000/0000/Guesstimate
R000000022/3.580247/0004/R000000003/R000000023
R000000021/3.978053/0155/R000000022
R000000024/1.000000/0000/Guesstimate
R000000020/5.089163/0049/R000000021/R000000024
R000000027/1.000000/0000/Guesstimate
R000000026/2.222222/0004/R000000027/R000000016
R000000028/1.000000/0000/Guesstimate
R000000029/1.000000/0000/Guesstimate
R000000026/3.333333/0225/R000000016/R000000028/R000000029
R000000025/2.469136/0086/R000000026
R000000025/2.469136/0091/R000000026
R000000020/5.212621/0112/R000000003/R000000025
R000000001/5.654626/0099/R000000020
Q000000002/4.130468/0000/R000000030
R000000034/1.000000/0000/Guesstimate
R000000033/1.111111/0125/R000000034
R000000033/2.222222/0112/R000000034/R000000013
R000000035/1.000000/0000/Guesstimate
R000000032/2.345679/0011/R000000033/R000000035
R000000037/2.222222/0004/R000000034/R000000023
R000000039/1.000000/0000/Guesstimate
R000000038/2.222222/0112/R000000034/R000000039
R000000037/2.469136/0233/R000000038
R000000036/2.469136/0197/R000000037
R000000040/9.800000/0000/Guesstimate
R000000036/9.800000/0155/R000000040
R000000041/1.000000/0000/Guesstimate
R000000032/3.854596/0003/R000000036/R000000041
R000000042/1.000000/0000/Guesstimate
R000000031/3.717421/0011/R000000032/R000000042
R000000044/1.000000/0000/Guesstimate
R000000043/3.854596/0004/R000000036/R000000044
R000000046/1.000000/0000/Guesstimate
R000000045/3.854596/0277/R000000036/R000000046
R000000043/4.282884/0024/R000000045
R000000047/1.000000/0000/Guesstimate
R000000031/5.393995/0003/R000000043/R000000047
R000000030/4.130468/0099/R000000031
R000000050/1.000000/0000/Guesstimate
R000000049/3.854596/0003/R000000036/R000000050
M000000052/1.000000/0000/Sigma_BB-28721388
R000000051/3.580247/0212/R000000037/M000000052
R000000051/3.580247/0212/R000000037/M000000052
R000000049/3.978053/0009/R000000051
R000000053/1.000000/0000/Guesstimate
R000000048/5.393995/0012/R000000049/R000000053
R000000056/1.000000/0000/Guesstimate
R000000055/3.854596/0277/R000000036/R000000056
R000000057/1.000000/0000/Guesstimate
R000000055/3.854596/0301/R000000036/R000000057
R000000058/1.000000/0000/Guesstimate
R000000054/5.393995/0122/R000000055/R000000058
R000000054/5.393995/0122/R000000055/R000000058
R000000048/5.993328/0082/R000000054
R000000030/5.993328/0041/R000000048
Q000000003/4.572474/0000/R000000059
R000000063/1.000000/0000/Guesstimate
R000000064/1.000000/0000/Guesstimate
R000000062/2.222222/0279/R000000063/R000000064
R000000062/2.222222/0279/R000000063/R000000064
R000000061/3.703704/0256/R000000033/R000000062
R000000065/2.345679/0256/R000000033/R000000063
R000000061/3.717421/0279/R000000065/R000000064
R000000060/4.115227/0079/R000000061
R000000066/1.000000/0000/Guesstimate
R000000060/5.393995/0012/R000000049/R000000066
R000000059/4.572474/0041/R000000060
R000000068/5.393995/0011/R000000049/R000000042
M000000070/1.000000/0000/Sigma_BB-28778979
R000000069/5.393995/0212/R000000043/M000000070
R000000069/5.393995/0212/R000000043/M000000070
R000000068/5.993328/0009/R000000069
M000000073/1.000000/0000/Sigma_BB-28830366
R000000072/1.111111/0085/M000000073
R000000071/1.234568/0197/R000000072
R000000074/9.200000/0000/Guesstimate
R000000071/9.200000/0155/R000000074
R000000067/7.365071/0122/R000000068/R000000071
R000000067/7.365071/0122/R000000068/R000000071
R000000059/8.183413/0028/R000000067
<NEXT>