#
#  Reaction log file
#  Author: LigBuilder V3 User_Diana
#  Creation time: Thu Apr  9 21:18:47 2026
#  Format:
#  QueryMoleculeId/Cost/SynthesizeId/ReactantId1/ReactantId2/ReactantId3.....
#  Id prefix:
#  Q --- Query Molecule
#  M --- Material
#  R --- Reactant
#
Directory      result/synthesize_PfHDAC1/261/DATABASE/
#
Q000000001/Analysis Failed
Q000000002/4.007011/0000/R000000001
R000000005/1.000000/0000/Guesstimate
R000000004/1.111111/0125/R000000005
R000000006/1.000000/0000/Guesstimate
R000000004/2.222222/0112/R000000005/R000000006
R000000003/1.234568/0040/R000000004
R000000008/1.000000/0000/Guesstimate
R000000007/2.222222/0004/R000000005/R000000008
R000000009/1.000000/0000/Guesstimate
R000000010/1.000000/0000/Guesstimate
R000000007/3.333333/0225/R000000005/R000000009/R000000010
R000000003/2.469136/0216/R000000007
M000000012/1.000000/0000/Sigma_BB-27661391
R000000011/1.111111/0091/M000000012
M000000014/1.000000/0000/Sigma_BB-128642270
R000000013/1.111111/0302/M000000014
R000000011/1.234568/0153/R000000013
R000000002/2.606310/0119/R000000003/R000000011
M000000016/1.000000/0000/Sigma_BB-27647986
R000000015/2.482853/0119/R000000003/M000000016
R000000018/1.000000/0000/Guesstimate
R000000017/2.482853/0119/R000000003/R000000018
R000000019/1.371742/0091/R000000003
R000000017/2.635269/0276/R000000019/R000000018
R000000015/2.758726/0239/R000000017
R000000021/1.000000/0000/Guesstimate
R000000022/1.000000/0000/Guesstimate
R000000020/2.222222/0012/R000000021/R000000022
R000000024/1.000000/0000/Guesstimate
R000000025/1.000000/0000/Guesstimate
R000000023/2.222222/0004/R000000024/R000000025
R000000026/1.000000/0000/Guesstimate
R000000027/1.000000/0000/Guesstimate
R000000023/2.222222/0122/R000000026/R000000027
R000000020/2.469136/0009/R000000023
R000000002/5.227862/0159/R000000015/R000000020
R000000028/1.000000/0000/Guesstimate
R000000001/4.007011/0112/R000000002/R000000028
R000000031/1.111111/0153/M000000012
M000000032/1.000000/0000/Sigma_BB-326691668
R000000031/1.111111/0193/M000000032
R000000030/2.606310/0119/R000000003/R000000031
R000000030/2.758726/0276/R000000019/R000000031
R000000033/1.000000/0000/Guesstimate
R000000029/4.007011/0231/R000000030/R000000033
R000000035/2.222222/0231/M000000012/R000000033
R000000034/2.469136/0153/R000000035
R000000036/2.222222/0231/M000000032/R000000033
R000000034/2.469136/0193/R000000036
R000000029/4.115227/0119/R000000003/R000000034
R000000001/4.452235/0082/R000000029
Q000000003/Analysis Failed
Q000000004/Analysis Failed
<NEXT>