#
#  Reaction log file
#  Author: LigBuilder V3 User_Diana
#  Creation time: Thu Apr  9 21:19:12 2026
#  Format:
#  QueryMoleculeId/Cost/SynthesizeId/ReactantId1/ReactantId2/ReactantId3.....
#  Id prefix:
#  Q --- Query Molecule
#  M --- Material
#  R --- Reactant
#
Directory      result/synthesize_PfHDAC1/267/DATABASE/
#
Q000000001/5.654626/0000/R000000001
R000000003/1.000000/0000/Guesstimate
R000000006/1.000000/0000/Guesstimate
R000000007/1.000000/0000/Guesstimate
R000000005/2.222222/0003/R000000006/R000000007
R000000008/1.000000/0000/Guesstimate
R000000004/3.580247/0012/R000000005/R000000008
R000000010/1.000000/0000/Guesstimate
R000000009/3.580247/0012/R000000005/R000000010
R000000009/3.580247/0285/R000000005/R000000010
R000000011/1.000000/0000/Guesstimate
R000000004/5.089163/0279/R000000009/R000000011
R000000002/5.089163/0159/R000000003/R000000004
R000000014/1.000000/0000/Guesstimate
R000000015/1.000000/0000/Guesstimate
R000000013/2.222222/0279/R000000014/R000000015
R000000013/2.222222/0279/R000000014/R000000015
R000000012/2.469136/0079/R000000013
R000000017/1.000000/0000/Guesstimate
R000000016/2.222222/0279/R000000014/R000000017
R000000016/2.222222/0279/R000000014/R000000017
R000000012/2.469136/0082/R000000016
R000000020/1.000000/0000/Guesstimate
R000000019/2.222222/0004/R000000020/R000000007
R000000018/3.580247/0049/R000000019/R000000010
R000000021/3.978053/0147/R000000009
R000000018/4.420059/0082/R000000021
R000000002/6.721537/0159/R000000012/R000000018
R000000001/5.654626/0197/R000000002
Q000000002/Analysis Failed
Q000000003/Analysis Failed
Q000000004/Analysis Failed
<NEXT>