#
#  Reaction log file
#  Author: LigBuilder V3 User_Diana
#  Creation time: Thu Apr  9 21:14:49 2026
#  Format:
#  QueryMoleculeId/Cost/SynthesizeId/ReactantId1/ReactantId2/ReactantId3.....
#  Id prefix:
#  Q --- Query Molecule
#  M --- Material
#  R --- Reactant
#
Directory      result/synthesize_PfHDAC1/92/DATABASE/
#
Q000000001/4.420059/0000/R000000001
R000000004/1.000000/0000/Guesstimate
M000000006/1.000000/0000/Sigma_BB-187206312
R000000007/1.000000/0000/Guesstimate
R000000005/2.222222/0301/M000000006/R000000007
R000000005/2.222222/0301/M000000006/R000000007
R000000003/3.580247/0224/R000000004/R000000005
R000000008/2.222222/0224/R000000004/M000000006
R000000003/3.580247/0301/R000000008/R000000007
R000000002/3.978053/0125/R000000003
R000000009/1.000000/0000/Guesstimate
R000000002/5.089163/0112/R000000003/R000000009
R000000001/4.420059/0041/R000000002
R000000013/1.000000/0000/Guesstimate
M000000014/1.000000/0000/Sigma_BB-234767090
R000000012/2.222222/0224/R000000013/M000000014
R000000015/1.000000/0000/Guesstimate
R000000011/3.580247/0112/R000000012/R000000015
R000000016/2.222222/0112/M000000014/R000000015
R000000011/3.580247/0224/R000000013/R000000016
R000000010/3.978053/0147/R000000011
R000000018/1.000000/0000/Guesstimate
R000000017/3.580247/0004/R000000012/R000000018
R000000020/1.000000/0000/Guesstimate
R000000019/3.580247/0003/R000000012/R000000020
R000000017/3.978053/0040/R000000019
R000000021/1.000000/0000/Guesstimate
R000000010/5.089163/0212/R000000017/R000000021
R000000022/1.000000/0000/Guesstimate
R000000001/5.531170/0018/R000000010/R000000022
Q000000002/4.420059/0000/R000000023
R000000026/1.000000/0000/Guesstimate
R000000028/1.000000/0000/Guesstimate
R000000027/2.222222/0301/M000000006/R000000028
R000000030/1.000000/0000/Guesstimate
R000000029/2.222222/0112/M000000014/R000000030
R000000027/2.469136/0147/R000000029
R000000025/3.580247/0224/R000000026/R000000027
R000000031/2.222222/0224/R000000026/M000000006
R000000025/3.580247/0301/R000000031/R000000028
R000000024/3.978053/0082/R000000025
R000000033/2.469136/0118/R000000008
R000000033/3.580247/0112/R000000008/R000000009
R000000032/2.743484/0147/R000000033
R000000034/3.580247/0224/R000000004/R000000029
R000000032/3.978053/0147/R000000034
R000000024/4.159427/0112/R000000032/R000000009
R000000023/4.420059/0041/R000000024
R000000036/3.580247/0112/R000000012/R000000030
R000000036/3.580247/0224/R000000013/R000000029
R000000035/3.978053/0147/R000000036
R000000035/3.978053/0147/R000000019
R000000023/5.531170/0018/R000000035/R000000022
Q000000003/4.420059/0000/R000000023
<NEXT>