#
#  Reaction log file
#  Author: LigBuilder V3 User_Diana
#  Creation time: Thu Apr  9 21:13:59 2026
#  Format:
#  QueryMoleculeId/Cost/SynthesizeId/ReactantId1/ReactantId2/ReactantId3.....
#  Id prefix:
#  Q --- Query Molecule
#  M --- Material
#  R --- Reactant
#
Directory      result/synthesize_PfHDAC1/73/DATABASE/
#
Q000000001/8.505178/0000/R000000001
R000000007/1.000000/0000/Guesstimate
M000000008/1.000000/0000/Sigma_BB-234767090
R000000006/2.222222/0224/R000000007/M000000008
R000000010/1.000000/0000/Guesstimate
R000000009/2.222222/0224/R000000010/M000000008
R000000011/1.000000/0000/Guesstimate
R000000006/3.580247/0018/R000000009/R000000011
R000000012/1.000000/0000/Guesstimate
R000000005/3.580247/0003/R000000006/R000000012
M000000015/1.000000/0000/Sigma_BB-187206312
R000000014/2.222222/0224/R000000010/M000000015
R000000017/1.000000/0000/Guesstimate
R000000016/3.580247/0004/R000000009/R000000017
R000000019/1.000000/0000/Guesstimate
R000000018/3.580247/0003/R000000009/R000000019
R000000016/3.978053/0040/R000000018
R000000014/3.978053/0197/R000000016
R000000013/3.580247/0018/R000000014/R000000011
R000000020/3.580247/0004/R000000006/R000000017
R000000020/5.089163/0018/R000000016/R000000011
R000000013/3.978053/0197/R000000020
R000000021/1.000000/0000/Guesstimate
R000000005/5.089163/0112/R000000013/R000000021
R000000022/1.000000/0000/Guesstimate
R000000004/5.089163/0274/R000000005/R000000022
R000000026/1.000000/0000/Guesstimate
R000000025/1.111111/0040/R000000026
R000000027/1.000000/0000/Guesstimate
R000000025/2.222222/0004/R000000017/R000000027
R000000024/2.345679/0274/R000000025/R000000022
R000000023/2.606310/0100/R000000024
R000000029/1.000000/0000/Guesstimate
R000000028/2.222222/0274/R000000012/R000000029
R000000023/3.580247/0212/R000000028/R000000029
R000000004/5.365036/0003/R000000006/R000000023
R000000003/5.654626/0147/R000000004
R000000030/6.584363/0212/R000000016/R000000024
R000000031/3.580247/0004/R000000014/R000000017
M000000033/1.000000/0000/Sigma_BB-28524129
R000000032/5.089163/0212/R000000016/M000000033
R000000032/5.089163/0212/R000000016/M000000033
R000000031/5.654626/0024/R000000032
R000000030/6.873953/0212/R000000031/R000000023
R000000003/8.427070/0018/R000000030/R000000011
M000000036/1.000000/0000/Sigma_BB-28246243
R000000035/1.111111/0228/M000000036
R000000035/1.111111/0286/M000000036
R000000034/1.234568/0228/R000000035
R000000034/1.234568/0286/R000000035
R000000002/7.654660/0301/R000000003/R000000034
R000000002/7.654660/0301/R000000003/R000000034
R000000001/8.505178/0028/R000000002
R000000041/1.000000/0000/Guesstimate
R000000042/1.000000/0000/Guesstimate
R000000040/2.222222/0301/R000000041/R000000042
R000000040/2.222222/0301/R000000041/R000000042
R000000039/2.469136/0118/R000000040
R000000043/1.000000/0000/Guesstimate
R000000039/3.580247/0112/R000000040/R000000043
R000000038/2.743484/0040/R000000039
R000000045/3.580247/0004/R000000017/R000000040
R000000047/1.000000/0000/Guesstimate
R000000046/3.580247/0277/R000000047/R000000040
R000000048/1.000000/0000/Guesstimate
R000000046/3.580247/0301/R000000048/R000000040
R000000045/3.978053/0024/R000000046
R000000044/3.978053/0093/R000000045
M000000049/1.000000/0000/Sigma_BB-28247348
R000000044/5.089163/0212/R000000045/M000000049
R000000038/4.420059/0073/R000000044
R000000037/7.026369/0212/R000000031/R000000038
R000000037/7.956105/0212/R000000016/R000000045
R000000001/8.918188/0018/R000000037/R000000011
Q000000002/7.468375/0000/R000000050
R000000054/1.000000/0000/Guesstimate
R000000053/2.222222/0224/R000000054/M000000015
R000000056/2.222222/0224/R000000054/M000000008
R000000056/2.469136/0257/R000000006
R000000055/3.580247/0004/R000000056/R000000017
R000000057/3.580247/0003/R000000056/R000000019
R000000055/3.978053/0040/R000000057
R000000053/3.978053/0197/R000000055
R000000052/3.580247/0004/R000000053/R000000017
R000000058/5.089163/0212/R000000055/M000000033
R000000058/5.089163/0212/R000000055/M000000033
R000000052/5.654626/0024/R000000058
R000000061/1.000000/0000/Guesstimate
M000000062/1.000000/0000/Sigma_BB-30415298
R000000060/2.222222/0274/R000000061/M000000062
R000000059/2.469136/0024/R000000060
R000000064/1.000000/0000/Guesstimate
R000000063/2.222222/0274/R000000064/M000000062
R000000059/2.469136/0040/R000000063
R000000051/6.721537/0212/R000000052/R000000059
R000000066/2.222222/0274/R000000027/M000000062
R000000065/3.580247/0004/R000000017/R000000066
R000000067/3.580247/0277/R000000047/R000000066
R000000067/3.580247/0301/R000000048/R000000066
R000000065/3.978053/0024/R000000067
R000000051/7.956105/0212/R000000055/R000000065
R000000050/7.468375/0041/R000000051
R000000068/7.956105/0212/R000000016/R000000065
R000000069/6.447188/0212/R000000031/R000000028
R000000070/2.469136/0093/R000000028
R000000070/3.580247/0212/M000000049/R000000028
R000000069/6.721537/0212/R000000016/R000000070
M000000071/1.000000/0000/Sigma_BB-28777079
R000000068/8.274654/0212/R000000069/M000000071
R000000050/9.951228/0018/R000000068/R000000011
Q000000003/5.639385/0000/R000000072
R000000075/1.000000/0000/Guesstimate
R000000076/1.000000/0000/Guesstimate
R000000074/2.222222/0004/R000000075/R000000076
R000000078/1.000000/0000/Guesstimate
R000000077/2.222222/0004/R000000075/R000000078
R000000079/1.000000/0000/Guesstimate
R000000080/1.000000/0000/Guesstimate
R000000077/3.333333/0225/R000000075/R000000079/R000000080
R000000074/2.469136/0045/R000000077
M000000083/1.000000/0000/Sigma_BB-28764950
R000000082/1.111111/0085/M000000083
R000000084/1.000000/0000/Guesstimate
R000000081/2.345679/0212/R000000082/R000000084
R000000086/1.000000/0000/Guesstimate
R000000085/2.222222/0004/M000000083/R000000086
R000000085/2.222222/0277/M000000083/R000000086
R000000081/2.469136/0197/R000000085
R000000073/5.075447/0212/R000000074/R000000081
R000000073/5.075447/0212/R000000074/R000000081
R000000072/5.639385/0028/R000000073
R000000089/2.222222/0212/M000000083/R000000084
R000000089/2.222222/0212/M000000083/R000000084
R000000088/2.469136/0085/R000000089
R000000091/1.000000/0000/Guesstimate
R000000090/3.580247/0004/R000000089/R000000091
R000000088/3.978053/0197/R000000090
R000000087/5.212621/0212/R000000074/R000000088
R000000087/5.212621/0212/R000000074/R000000088
R000000072/5.791801/0028/R000000087
<NEXT>