#
#  Reaction log file
#  Author: LigBuilder V3 User_Diana
#  Creation time: Thu Apr  9 21:14:18 2026
#  Format:
#  QueryMoleculeId/Cost/SynthesizeId/ReactantId1/ReactantId2/ReactantId3.....
#  Id prefix:
#  Q --- Query Molecule
#  M --- Material
#  R --- Reactant
#
Directory      result/synthesize_PfHDAC1/60/DATABASE/
#
Q000000001/5.791801/0000/R000000001
R000000004/1.000000/0000/Guesstimate
R000000005/1.000000/0000/Guesstimate
R000000003/2.222222/0004/R000000004/R000000005
R000000007/1.000000/0000/Guesstimate
R000000006/2.222222/0004/R000000004/R000000007
R000000008/1.000000/0000/Guesstimate
R000000009/1.000000/0000/Guesstimate
R000000006/3.333333/0225/R000000004/R000000008/R000000009
R000000003/2.469136/0045/R000000006
M000000012/1.000000/0000/Sigma_BB-28764950
R000000013/1.000000/0000/Guesstimate
R000000011/2.222222/0004/M000000012/R000000013
R000000011/2.222222/0277/M000000012/R000000013
R000000010/2.469136/0197/R000000011
R000000014/1.111111/0085/M000000012
R000000016/1.000000/0000/Guesstimate
R000000015/1.111111/0040/R000000016
R000000017/1.000000/0000/Guesstimate
R000000018/1.000000/0000/Guesstimate
R000000015/2.222222/0004/R000000017/R000000018
R000000010/2.469136/0212/R000000014/R000000015
R000000002/5.212621/0212/R000000003/R000000010
R000000002/5.212621/0212/R000000003/R000000010
R000000001/5.791801/0028/R000000002
R000000021/2.345679/0212/M000000012/R000000015
R000000021/2.345679/0212/M000000012/R000000015
R000000020/2.606310/0085/R000000021
R000000023/1.000000/0000/Guesstimate
R000000022/3.717421/0004/R000000021/R000000023
R000000020/4.130468/0197/R000000022
R000000019/5.365036/0212/R000000003/R000000020
R000000019/5.365036/0212/R000000003/R000000020
R000000001/5.961151/0028/R000000019
Q000000002/5.791801/0000/R000000024
R000000028/1.000000/0000/Guesstimate
R000000027/2.222222/0212/M000000012/R000000028
R000000027/2.222222/0212/M000000012/R000000028
R000000026/2.469136/0085/R000000027
M000000030/1.000000/0000/Sigma_BB-28457967
R000000029/2.345679/0212/R000000014/M000000030
R000000029/2.345679/0212/R000000014/M000000030
R000000026/2.606310/0153/R000000029
R000000025/5.212621/0212/R000000003/R000000026
R000000025/5.212621/0212/R000000003/R000000026
R000000024/5.791801/0028/R000000025
R000000033/2.345679/0212/R000000014/M000000030
R000000033/2.345679/0212/R000000014/M000000030
R000000032/2.606310/0153/R000000033
M000000035/1.000000/0000/Sigma_BB-28776399
R000000034/2.345679/0212/R000000014/M000000035
R000000034/2.345679/0212/R000000014/M000000035
R000000032/2.606310/0193/R000000034
R000000031/5.365036/0212/R000000003/R000000032
R000000031/5.365036/0212/R000000003/R000000032
R000000024/5.961151/0028/R000000031
Q000000003/5.791801/0000/R000000024
Q000000004/5.791801/0000/R000000024
<NEXT>