#
#  Reaction log file
#  Author: LigBuilder V3 User_Diana
#  Creation time: Thu Apr  9 21:16:36 2026
#  Format:
#  QueryMoleculeId/Cost/SynthesizeId/ReactantId1/ReactantId2/ReactantId3.....
#  Id prefix:
#  Q --- Query Molecule
#  M --- Material
#  R --- Reactant
#
Directory      result/synthesize_PfHDAC1/190/DATABASE/
#
Q000000001/Analysis Failed
Q000000002/4.420059/0000/R000000001
R000000004/1.000000/0000/Guesstimate
R000000006/1.000000/0000/Guesstimate
M000000007/1.000000/0000/Sigma_BB-30554403
R000000005/2.222222/0301/R000000006/M000000007
R000000009/1.000000/0000/Guesstimate
R000000008/2.222222/0112/R000000009/M000000007
R000000005/2.469136/0147/R000000008
R000000003/3.580247/0170/R000000004/R000000005
R000000010/1.000000/0000/Guesstimate
R000000012/1.000000/0000/Guesstimate
R000000011/2.222222/0301/R000000012/M000000007
R000000011/2.222222/0301/R000000012/M000000007
R000000003/3.580247/0170/R000000010/R000000011
R000000002/3.978053/0082/R000000003
R000000014/1.000000/0000/Guesstimate
R000000013/3.580247/0170/R000000014/R000000005
R000000015/3.580247/0170/R000000014/R000000008
R000000016/1.000000/0000/Guesstimate
R000000015/3.580247/0224/R000000016/R000000008
R000000013/3.978053/0147/R000000015
R000000017/1.000000/0000/Guesstimate
R000000002/5.089163/0112/R000000013/R000000017
R000000001/4.420059/0041/R000000002
R000000021/1.000000/0000/Guesstimate
M000000022/1.000000/0000/Sigma_BB-30398471
R000000020/2.222222/0301/R000000021/M000000022
R000000020/2.222222/0301/R000000021/M000000022
R000000023/1.000000/0000/Guesstimate
R000000019/3.580247/0001/R000000020/R000000023
R000000024/1.000000/0000/Guesstimate
R000000019/3.580247/0141/R000000020/R000000024
R000000018/3.978053/0122/R000000019
R000000027/1.000000/0000/Guesstimate
R000000026/2.222222/0170/R000000027/R000000009
R000000028/1.000000/0000/Guesstimate
R000000029/1.000000/0000/Guesstimate
R000000026/2.222222/0170/R000000028/R000000029
R000000025/3.580247/0112/R000000026/M000000007
R000000025/3.580247/0170/R000000027/R000000008
R000000018/3.978053/0147/R000000025
R000000001/5.531170/0018/R000000018/R000000024
Q000000003/Analysis Failed
Q000000004/Analysis Failed
<NEXT>