#
#  Reaction log file
#  Author: LigBuilder V3 User_Diana
#  Creation time: Thu Apr  9 21:14:23 2026
#  Format:
#  QueryMoleculeId/Cost/SynthesizeId/ReactantId1/ReactantId2/ReactantId3.....
#  Id prefix:
#  Q --- Query Molecule
#  M --- Material
#  R --- Reactant
#
Directory      result/synthesize_PfHDAC1/67/DATABASE/
#
Q000000001/4.420059/0000/R000000001
R000000005/1.000000/0000/Guesstimate
R000000006/1.000000/0000/Guesstimate
R000000004/2.222222/0274/R000000005/R000000006
R000000007/1.000000/0000/Guesstimate
R000000008/1.000000/0000/Guesstimate
R000000004/2.222222/0279/R000000007/R000000008
R000000009/1.000000/0000/Guesstimate
R000000003/3.580247/0274/R000000004/R000000009
R000000011/1.000000/0000/Guesstimate
R000000010/2.222222/0274/R000000005/R000000011
R000000012/1.000000/0000/Guesstimate
R000000010/3.580247/0274/R000000004/R000000012
R000000013/1.000000/0000/Guesstimate
R000000003/3.580247/0274/R000000010/R000000013
R000000002/3.978053/0274/R000000003
R000000016/8.000000/0000/Guesstimate
R000000015/8.888889/0188/R000000016
R000000017/9.382716/0217/R000000014
R000000015/9.382716/0041/R000000017
R000000014/8.444445/0155/R000000015
R000000018/8.100000/0000/Guesstimate
R000000014/9.000001/0090/R000000018
R000000002/9.444445/0274/R000000014/R000000009
R000000001/4.420059/0059/R000000002
R000000022/1.000000/0000/Guesstimate
R000000021/3.580247/0274/R000000010/R000000022
R000000023/1.000000/0000/Guesstimate
R000000021/3.580247/0274/R000000004/R000000023
R000000020/3.978053/0274/R000000021
R000000020/9.444445/0274/R000000014/R000000023
R000000024/1.000000/0000/Guesstimate
R000000019/5.531170/0004/R000000020/R000000024
R000000026/1.000000/0000/Guesstimate
R000000025/5.531170/0049/R000000002/R000000026
R000000028/1.000000/0000/Guesstimate
R000000027/5.531170/0001/R000000020/R000000028
R000000029/1.000000/0000/Guesstimate
R000000027/5.531170/0004/R000000020/R000000029
R000000030/1.000000/0000/Guesstimate
R000000025/7.256855/0212/R000000027/R000000030
R000000019/6.145744/0040/R000000025
R000000001/6.145744/0153/R000000019
Q000000002/6.113567/0000/R000000031
R000000035/1.000000/0000/Guesstimate
M000000036/1.000000/0000/Sigma_BB-187206312
R000000034/2.222222/0224/R000000035/M000000036
M000000039/1.000000/0000/Sigma_BB-234767090
R000000038/2.222222/0224/R000000035/M000000039
R000000040/1.000000/0000/Guesstimate
R000000037/3.580247/0004/R000000038/R000000040
R000000042/1.000000/0000/Guesstimate
R000000041/3.580247/0112/R000000038/R000000042
R000000037/3.978053/0147/R000000041
R000000034/3.978053/0197/R000000037
R000000033/3.580247/0004/R000000034/R000000040
R000000043/2.222222/0004/M000000036/R000000040
R000000044/1.000000/0000/Guesstimate
R000000043/3.333333/0225/M000000036/R000000044/R000000012
R000000033/3.580247/0224/R000000035/R000000043
R000000048/1.000000/0000/Guesstimate
R000000047/1.111111/0228/R000000048
R000000049/1.111111/0198/R000000048
R000000050/1.000000/0000/Guesstimate
R000000051/1.000000/0000/Guesstimate
R000000049/2.222222/0274/R000000050/R000000051
R000000047/1.234568/0155/R000000049
R000000046/1.234568/0118/R000000047
R000000046/2.345679/0112/R000000047/R000000029
R000000045/1.371742/0040/R000000046
R000000053/1.000000/0000/Guesstimate
R000000052/2.222222/0274/R000000053/R000000005
R000000045/2.469136/0024/R000000052
R000000032/5.502210/0212/R000000033/R000000045
R000000054/2.345679/0004/R000000040/R000000047
R000000056/1.000000/0000/Guesstimate
R000000055/2.345679/0277/R000000056/R000000047
R000000057/1.000000/0000/Guesstimate
R000000055/2.345679/0301/R000000057/R000000047
R000000054/2.606310/0024/R000000055
R000000032/6.584363/0212/R000000037/R000000054
R000000031/6.113567/0041/R000000032
R000000061/1.000000/0000/Guesstimate
R000000060/2.222222/0224/R000000061/M000000036
R000000063/1.000000/0000/Guesstimate
R000000062/2.222222/0274/R000000063/R000000051
R000000059/4.938272/0301/R000000060/R000000062
R000000065/1.000000/0000/Guesstimate
R000000064/3.580247/0301/R000000060/R000000065
R000000064/3.580247/0301/R000000060/R000000065
R000000059/5.212621/0301/R000000064/R000000049
R000000058/5.486969/0155/R000000059
R000000067/2.222222/0224/R000000061/M000000039
R000000066/3.580247/0004/R000000067/R000000040
R000000068/3.580247/0003/R000000067/R000000028
R000000068/3.580247/0112/R000000060/R000000029
R000000066/3.978053/0040/R000000068
R000000058/6.584363/0212/R000000066/R000000054
R000000069/1.000000/0000/Guesstimate
R000000031/7.207744/0018/R000000058/R000000069
Q000000003/7.468375/0000/R000000070
R000000074/1.000000/0000/Guesstimate
R000000073/2.222222/0274/R000000053/R000000074
R000000075/1.000000/0000/Guesstimate
R000000073/3.580247/0301/R000000052/R000000075
R000000072/2.469136/0024/R000000073
R000000077/2.222222/0274/R000000050/R000000074
R000000078/1.000000/0000/Guesstimate
R000000079/1.000000/0000/Guesstimate
R000000077/2.222222/0301/R000000078/R000000079
R000000076/2.469136/0118/R000000077
R000000076/3.580247/0112/R000000077/R000000029
R000000072/2.743484/0040/R000000076
R000000071/6.721537/0212/R000000033/R000000072
R000000080/3.580247/0004/R000000040/R000000077
R000000081/3.580247/0277/R000000056/R000000077
R000000081/3.717421/0301/R000000055/R000000075
R000000080/3.978053/0024/R000000081
R000000071/7.956105/0212/R000000037/R000000080
R000000070/7.468375/0041/R000000071
R000000083/3.580247/0004/R000000060/R000000040
M000000085/1.000000/0000/Sigma_BB-28524129
R000000084/5.089163/0212/R000000066/M000000085
R000000084/5.089163/0212/R000000066/M000000085
R000000083/5.654626/0024/R000000084
R000000082/6.721537/0212/R000000083/R000000072
R000000082/7.956105/0212/R000000066/R000000080
R000000070/8.579486/0018/R000000082/R000000069
<NEXT>