#
#  Reaction log file
#  Author: LigBuilder V3 User_Diana
#  Creation time: Thu Apr  9 21:18:20 2026
#  Format:
#  QueryMoleculeId/Cost/SynthesizeId/ReactantId1/ReactantId2/ReactantId3.....
#  Id prefix:
#  Q --- Query Molecule
#  M --- Material
#  R --- Reactant
#
Directory      result/synthesize_PfHDAC1/231/DATABASE/
#
Q000000001/4.130468/0000/R000000001
M000000005/1.000000/0000/Sigma_BB-28928256
R000000004/1.111111/0114/M000000005
R000000006/1.000000/0000/Guesstimate
R000000003/2.345679/0175/R000000004/R000000006
R000000007/2.222222/0175/M000000005/R000000006
R000000007/2.222222/0290/M000000005/R000000006
R000000003/2.469136/0114/R000000007
R000000008/1.000000/0000/Guesstimate
R000000002/3.717421/0170/R000000003/R000000008
R000000010/1.234568/0156/R000000004
R000000009/2.482853/0175/R000000010/R000000006
R000000009/2.482853/0290/R000000010/R000000006
R000000011/1.000000/0000/Guesstimate
R000000002/3.869837/0170/R000000009/R000000011
R000000001/4.130468/0139/R000000002
R000000015/1.000000/0000/Guesstimate
R000000016/1.000000/0000/Guesstimate
R000000014/2.222222/0279/R000000015/R000000016
R000000014/2.222222/0279/R000000015/R000000016
R000000018/1.000000/0000/Guesstimate
R000000017/1.111111/0239/R000000018
R000000019/1.000000/0000/Guesstimate
R000000017/1.111111/0283/R000000019
R000000013/3.703704/0159/R000000014/R000000017
M000000021/1.000000/0000/Sigma_BB-27647986
R000000020/3.580247/0159/R000000014/M000000021
R000000013/3.978053/0222/R000000020
R000000022/1.000000/0000/Guesstimate
R000000012/5.226338/0224/R000000013/R000000022
R000000024/3.580247/0159/R000000014/R000000018
R000000023/5.089163/0224/R000000024/R000000022
R000000026/1.000000/0000/Guesstimate
R000000025/5.089163/0224/R000000024/R000000026
R000000023/5.654626/0257/R000000025
R000000012/5.654626/0239/R000000023
R000000001/5.807042/0059/R000000012
Q000000002/2.895900/0000/R000000027
M000000030/1.000000/0000/Sigma_BB-370706449
R000000032/1.000000/0000/Guesstimate
R000000031/1.111111/0297/R000000032
R000000031/1.111111/0297/R000000032
R000000029/2.345679/0256/M000000030/R000000031
M000000034/1.000000/0000/Sigma_BB-28824595
R000000033/2.345679/0256/M000000034/R000000031
R000000029/2.606310/0287/R000000033
R000000028/2.606310/0125/R000000029
R000000035/1.000000/0000/Guesstimate
R000000028/3.717421/0112/R000000029/R000000035
R000000027/2.895900/0040/R000000028
R000000039/1.000000/0000/Guesstimate
R000000040/1.000000/0000/Guesstimate
R000000038/2.222222/0174/R000000039/R000000040
R000000038/2.222222/0289/R000000039/R000000040
R000000037/2.469136/0197/R000000038
R000000041/7.400000/0000/Guesstimate
R000000037/8.222222/0091/R000000041
R000000036/5.349795/0112/R000000029/R000000037
R000000042/3.978053/0112/R000000031/R000000037
R000000036/5.531170/0256/M000000030/R000000042
R000000027/5.944217/0025/R000000036
Q000000003/2.895900/0000/R000000027
<NEXT>