#
#  Reaction log file
#  Author: LigBuilder V3 User_Diana
#  Creation time: Thu Apr  9 21:14:15 2026
#  Format:
#  QueryMoleculeId/Cost/SynthesizeId/ReactantId1/ReactantId2/ReactantId3.....
#  Id prefix:
#  Q --- Query Molecule
#  M --- Material
#  R --- Reactant
#
Directory      result/synthesize_PfHDAC1/54/DATABASE/
#
Q000000001/5.531170/0000/R000000001
R000000005/1.000000/0000/Guesstimate
R000000006/1.000000/0000/Guesstimate
R000000004/2.222222/0277/R000000005/R000000006
R000000007/1.000000/0000/Guesstimate
R000000003/3.580247/0259/R000000004/R000000007
R000000003/3.580247/0259/R000000004/R000000007
R000000002/3.978053/0041/R000000003
R000000009/1.000000/0000/Guesstimate
R000000011/1.000000/0000/Guesstimate
R000000012/1.000000/0000/Guesstimate
R000000010/2.222222/0224/R000000011/R000000012
R000000008/3.580247/0003/R000000009/R000000010
R000000014/1.000000/0000/Guesstimate
R000000013/1.111111/0040/R000000014
R000000015/1.000000/0000/Guesstimate
R000000016/1.000000/0000/Guesstimate
R000000013/2.222222/0004/R000000015/R000000016
R000000017/2.469136/0125/R000000010
R000000018/1.000000/0000/Guesstimate
R000000017/3.580247/0112/R000000018/R000000010
R000000008/3.978053/0049/R000000013/R000000017
R000000002/3.978053/0147/R000000008
R000000019/1.000000/0000/Guesstimate
R000000001/5.531170/0018/R000000002/R000000019
R000000020/5.089163/0018/R000000003/R000000019
R000000022/3.580247/0018/R000000004/R000000019
R000000023/2.222222/0018/R000000005/R000000019
R000000025/1.000000/0000/Guesstimate
R000000026/1.000000/0000/Guesstimate
R000000024/2.222222/0004/R000000025/R000000026
M000000027/1.000000/0000/Sigma_BB-28776642
R000000024/2.222222/0018/M000000027/R000000019
R000000023/2.469136/0197/R000000024
R000000022/3.580247/0277/R000000023/R000000006
R000000028/1.000000/0000/Guesstimate
R000000021/5.089163/0259/R000000022/R000000028
R000000021/5.089163/0259/R000000022/R000000028
R000000020/6.765737/0112/R000000021/R000000018
R000000001/5.654626/0041/R000000020
Q000000002/5.531170/0000/R000000029
R000000030/3.978053/0059/R000000003
R000000033/1.000000/0000/Guesstimate
R000000032/2.222222/0224/R000000011/R000000033
R000000031/3.580247/0003/R000000009/R000000032
R000000034/2.469136/0125/R000000032
R000000034/3.580247/0112/R000000018/R000000032
R000000031/3.978053/0049/R000000013/R000000034
R000000030/3.978053/0147/R000000031
R000000029/5.531170/0018/R000000030/R000000019
R000000038/1.000000/0000/Guesstimate
R000000037/1.111111/0040/R000000038
R000000039/1.000000/0000/Guesstimate
R000000037/2.222222/0004/R000000039/R000000026
R000000040/3.580247/0004/R000000026/R000000032
R000000041/1.000000/0000/Guesstimate
R000000042/1.000000/0000/Guesstimate
R000000040/4.691358/0225/R000000041/R000000032/R000000042
R000000036/5.212621/0212/R000000037/R000000040
R000000036/5.212621/0212/R000000037/R000000040
R000000035/5.791801/0125/R000000036
R000000035/6.902912/0112/R000000036/R000000018
R000000029/6.435335/0041/R000000035
Q000000003/5.531170/0000/R000000043
R000000046/1.000000/0000/Guesstimate
R000000045/3.580247/0259/R000000004/R000000046
R000000048/1.000000/0000/Guesstimate
R000000047/3.580247/0259/R000000004/R000000048
R000000047/3.580247/0259/R000000004/R000000048
R000000045/3.978053/0039/R000000047
R000000044/3.978053/0024/R000000045
R000000051/1.000000/0000/Guesstimate
R000000050/3.580247/0259/R000000004/R000000051
R000000050/3.580247/0259/R000000004/R000000051
R000000049/3.978053/0079/R000000050
R000000053/1.000000/0000/Guesstimate
R000000052/3.580247/0259/R000000004/R000000053
R000000052/3.580247/0259/R000000004/R000000053
R000000049/3.978053/0082/R000000052
R000000044/4.420059/0040/R000000049
R000000043/5.531170/0018/R000000044/R000000019
R000000054/5.089163/0018/R000000045/R000000019
R000000055/5.089163/0018/R000000047/R000000019
R000000055/5.089163/0259/R000000022/R000000048
R000000054/5.654626/0039/R000000055
R000000043/5.654626/0024/R000000054
Q000000004/5.531170/0000/R000000043
<NEXT>