#
#  Reaction log file
#  Author: LigBuilder V3 User_Diana
#  Creation time: Thu Apr  9 21:14:23 2026
#  Format:
#  QueryMoleculeId/Cost/SynthesizeId/ReactantId1/ReactantId2/ReactantId3.....
#  Id prefix:
#  Q --- Query Molecule
#  M --- Material
#  R --- Reactant
#
Directory      result/synthesize_PfHDAC1/71/DATABASE/
#
Q000000001/4.420059/0000/R000000001
R000000004/1.000000/0000/Guesstimate
M000000006/1.000000/0000/Sigma_BB-187206312
R000000007/1.000000/0000/Guesstimate
R000000005/2.222222/0301/M000000006/R000000007
R000000005/2.222222/0301/M000000006/R000000007
R000000003/3.580247/0224/R000000004/R000000005
R000000008/2.222222/0224/R000000004/M000000006
R000000003/3.580247/0301/R000000008/R000000007
R000000002/3.978053/0125/R000000003
R000000009/1.000000/0000/Guesstimate
R000000002/5.089163/0112/R000000003/R000000009
R000000001/4.420059/0041/R000000002
R000000013/1.000000/0000/Guesstimate
M000000014/1.000000/0000/Sigma_BB-234767090
R000000012/2.222222/0224/R000000013/M000000014
R000000016/1.000000/0000/Guesstimate
R000000015/1.111111/0040/R000000016
R000000017/1.000000/0000/Guesstimate
R000000018/1.000000/0000/Guesstimate
R000000015/2.222222/0274/R000000017/R000000018
R000000011/3.703704/0003/R000000012/R000000015
R000000019/2.469136/0125/R000000012
R000000019/3.580247/0112/R000000012/R000000009
R000000021/1.000000/0000/Guesstimate
R000000022/1.000000/0000/Guesstimate
R000000020/2.222222/0004/R000000021/R000000022
R000000020/2.222222/0277/R000000021/R000000022
R000000011/5.212621/0049/R000000019/R000000020
R000000010/4.115227/0147/R000000011
R000000025/1.000000/0000/Guesstimate
R000000024/2.222222/0277/R000000025/R000000022
R000000026/1.000000/0000/Guesstimate
R000000024/2.222222/0301/R000000026/R000000022
R000000023/4.938272/0112/R000000012/R000000024
R000000028/1.000000/0000/Guesstimate
R000000027/2.222222/0274/R000000028/R000000018
R000000029/1.000000/0000/Guesstimate
R000000027/2.222222/0301/R000000029/R000000022
R000000023/5.212621/0138/R000000019/R000000027
R000000010/5.486969/0147/R000000023
R000000030/1.000000/0000/Guesstimate
R000000001/5.683586/0018/R000000010/R000000030
Q000000002/7.807076/0000/R000000031
R000000035/1.000000/0000/Guesstimate
R000000034/2.222222/0224/R000000035/M000000006
R000000037/2.222222/0224/R000000035/M000000014
R000000037/3.580247/0018/R000000012/R000000030
R000000038/1.000000/0000/Guesstimate
R000000036/3.580247/0004/R000000037/R000000038
R000000039/3.580247/0004/R000000012/R000000038
R000000040/1.000000/0000/Guesstimate
R000000041/1.000000/0000/Guesstimate
R000000039/4.691358/0225/R000000012/R000000040/R000000041
R000000036/5.089163/0018/R000000039/R000000030
R000000034/3.978053/0197/R000000036
R000000033/3.580247/0004/R000000034/R000000038
R000000042/3.978053/0093/R000000039
M000000043/1.000000/0000/Sigma_BB-28247348
R000000042/5.089163/0212/R000000039/M000000043
R000000033/5.531170/0018/R000000042/R000000030
R000000047/1.000000/0000/Guesstimate
R000000048/1.000000/0000/Guesstimate
R000000046/2.222222/0301/R000000047/R000000048
R000000046/2.222222/0301/R000000047/R000000048
R000000045/2.469136/0118/R000000046
R000000045/3.580247/0112/R000000046/R000000009
R000000044/2.743484/0040/R000000045
R000000050/3.580247/0004/R000000038/R000000046
R000000052/1.000000/0000/Guesstimate
R000000051/3.580247/0277/R000000052/R000000046
R000000053/1.000000/0000/Guesstimate
R000000051/3.580247/0301/R000000053/R000000046
R000000050/3.978053/0024/R000000051
R000000049/3.978053/0093/R000000050
R000000049/5.089163/0212/R000000050/M000000043
R000000044/4.420059/0073/R000000049
R000000032/7.026369/0212/R000000033/R000000044
R000000032/7.956105/0212/R000000036/R000000050
R000000031/7.807076/0039/R000000032
R000000057/1.000000/0000/Guesstimate
M000000058/1.000000/0000/Sigma_BB-29658746
R000000056/2.222222/0274/R000000057/M000000058
R000000059/1.000000/0000/Guesstimate
R000000056/2.222222/0277/R000000047/R000000059
R000000055/3.580247/0004/R000000038/R000000056
R000000060/3.580247/0277/R000000052/R000000056
R000000060/3.580247/0301/R000000053/R000000056
R000000055/3.978053/0024/R000000060
R000000054/7.956105/0212/R000000039/R000000055
R000000063/1.000000/0000/Guesstimate
R000000062/2.222222/0274/R000000017/R000000063
R000000061/6.889194/0212/R000000042/R000000062
R000000061/6.889194/0212/R000000042/R000000062
R000000064/1.000000/0000/Guesstimate
R000000054/8.765772/0119/R000000061/R000000064
R000000031/9.951228/0018/R000000054/R000000030
Q000000003/8.505178/0000/R000000065
R000000069/3.580247/0003/R000000037/R000000017
R000000070/1.000000/0000/Guesstimate
R000000069/3.580247/0112/R000000034/R000000070
R000000071/1.000000/0000/Guesstimate
R000000068/5.089163/0274/R000000069/R000000071
R000000072/2.469136/0197/R000000062
R000000074/2.469136/0093/R000000062
R000000074/3.580247/0212/M000000043/R000000062
R000000073/2.743484/0197/R000000074
R000000075/2.743484/0100/R000000074
R000000075/2.743484/0216/R000000074
R000000073/4.159427/0212/R000000075/R000000021
R000000072/3.048316/0100/R000000073
R000000068/5.212621/0003/R000000037/R000000072
R000000067/5.654626/0147/R000000068
R000000076/7.026369/0212/R000000039/R000000073
R000000076/7.163543/0212/R000000042/R000000072
R000000067/8.918188/0018/R000000076/R000000030
M000000079/1.000000/0000/Sigma_BB-28246243
R000000078/1.111111/0228/M000000079
R000000078/1.111111/0286/M000000079
R000000077/1.234568/0228/R000000078
R000000077/1.234568/0286/R000000078
R000000066/7.654660/0301/R000000067/R000000077
R000000066/7.654660/0301/R000000067/R000000077
R000000065/8.505178/0028/R000000066
R000000084/1.000000/0000/Guesstimate
R000000083/2.222222/0301/R000000047/R000000084
R000000083/2.222222/0301/R000000047/R000000084
R000000082/2.469136/0118/R000000083
R000000082/3.580247/0112/R000000083/R000000009
R000000081/2.743484/0040/R000000082
R000000086/3.580247/0004/R000000038/R000000083
R000000087/3.580247/0277/R000000052/R000000083
R000000087/3.580247/0301/R000000053/R000000083
R000000086/3.978053/0024/R000000087
R000000085/3.978053/0093/R000000086
R000000085/5.089163/0212/R000000086/M000000043
R000000081/4.420059/0073/R000000085
R000000080/7.468375/0212/R000000042/R000000081
R000000080/7.956105/0212/R000000039/R000000086
R000000065/9.409305/0018/R000000080/R000000030
Q000000004/7.807076/0000/R000000088
R000000091/2.469136/0125/R000000008
R000000091/3.580247/0112/R000000008/R000000009
R000000090/3.854596/0004/R000000091/R000000038
R000000095/1.000000/0000/Guesstimate
R000000094/2.222222/0224/R000000095/M000000014
R000000094/2.469136/0257/R000000037
R000000093/3.580247/0004/R000000094/R000000038
R000000097/1.000000/0000/Guesstimate
R000000096/3.580247/0003/R000000094/R000000097
R000000093/3.978053/0040/R000000096
M000000098/1.000000/0000/Sigma_BB-28524129
R000000092/5.089163/0212/R000000093/M000000098
R000000092/5.089163/0212/R000000093/M000000098
R000000090/5.654626/0024/R000000092
R000000101/1.000000/0000/Guesstimate
R000000102/1.000000/0000/Guesstimate
R000000100/2.222222/0274/R000000101/R000000102
R000000099/2.469136/0024/R000000100
R000000104/2.222222/0274/R000000057/R000000102
R000000105/1.000000/0000/Guesstimate
R000000104/2.222222/0301/R000000047/R000000105
R000000103/2.469136/0118/R000000104
R000000103/3.580247/0112/R000000104/R000000009
R000000099/2.743484/0040/R000000103
R000000089/7.026369/0212/R000000090/R000000099
R000000106/3.580247/0004/R000000038/R000000104
R000000107/3.580247/0277/R000000052/R000000104
R000000107/3.580247/0301/R000000053/R000000104
R000000106/3.978053/0024/R000000107
R000000089/7.956105/0212/R000000093/R000000106
R000000088/7.807076/0041/R000000089
R000000108/7.956105/0212/R000000039/R000000106
R000000109/7.026369/0212/R000000039/R000000075
R000000110/2.469136/0100/R000000062
R000000110/3.048316/0100/R000000075
R000000109/7.163543/0212/R000000042/R000000110
M000000111/1.000000/0000/Sigma_BB-28769755
R000000108/8.918188/0212/R000000109/M000000111
R000000088/9.951228/0018/R000000108/R000000030
<NEXT>