#
#  Reaction log file
#  Author: LigBuilder V3 User_Diana
#  Creation time: Thu Apr  9 21:15:54 2026
#  Format:
#  QueryMoleculeId/Cost/SynthesizeId/ReactantId1/ReactantId2/ReactantId3.....
#  Id prefix:
#  Q --- Query Molecule
#  M --- Material
#  R --- Reactant
#
Directory      result/synthesize_PfHDAC1/143/DATABASE/
#
Q000000001/Analysis Failed
Q000000002/4.621586/0000/R000000001
M000000006/1.000000/0000/Sigma_BB-27685196
R000000007/1.000000/0000/Guesstimate
R000000005/2.222222/0280/M000000006/R000000007
R000000008/1.111111/0091/M000000006
R000000005/2.345679/0276/R000000008/R000000007
R000000004/2.469136/0125/R000000005
R000000009/1.000000/0000/Guesstimate
R000000004/3.580247/0112/R000000005/R000000009
R000000003/2.743484/0040/R000000004
R000000011/1.000000/0000/Guesstimate
R000000010/3.580247/0004/R000000005/R000000011
R000000013/1.000000/0000/Guesstimate
R000000012/3.580247/0003/R000000005/R000000013
R000000014/1.000000/0000/Guesstimate
R000000012/3.854596/0049/R000000004/R000000014
R000000010/3.978053/0040/R000000012
R000000003/3.978053/0216/R000000010
R000000015/1.000000/0000/Guesstimate
R000000002/4.159427/0003/R000000003/R000000015
R000000016/3.580247/0004/R000000005/R000000014
R000000016/3.978053/0085/R000000010
R000000019/1.000000/0000/Guesstimate
R000000018/2.222222/0004/R000000019/R000000015
R000000018/2.222222/0277/R000000019/R000000015
R000000017/2.469136/0009/R000000018
R000000021/1.000000/0000/Guesstimate
R000000020/2.222222/0122/R000000021/R000000015
R000000017/2.469136/0082/R000000020
R000000002/6.721537/0049/R000000016/R000000017
R000000001/4.621586/0099/R000000002
R000000025/1.000000/0000/Guesstimate
R000000024/2.222222/0301/R000000025/R000000015
R000000024/2.222222/0301/R000000025/R000000015
R000000023/2.469136/0073/R000000024
R000000023/2.743484/0040/R000000017
R000000022/5.212621/0003/R000000005/R000000023
R000000026/2.222222/0004/R000000014/R000000015
R000000028/1.000000/0000/Guesstimate
R000000027/2.222222/0277/R000000028/R000000015
R000000029/1.000000/0000/Guesstimate
R000000027/2.222222/0301/R000000029/R000000015
R000000026/2.469136/0024/R000000027
R000000022/5.212621/0049/R000000004/R000000026
R000000001/5.791801/0099/R000000022
Q000000003/4.621586/0000/R000000030
R000000032/1.000000/0000/Guesstimate
R000000031/4.159427/0003/R000000003/R000000032
R000000033/1.000000/0000/Guesstimate
R000000031/5.089163/0049/R000000016/R000000033
R000000030/4.621586/0099/R000000031
R000000036/1.000000/0000/Guesstimate
R000000037/1.000000/0000/Guesstimate
R000000035/2.222222/0004/R000000036/R000000037
R000000038/1.000000/0000/Guesstimate
R000000039/1.000000/0000/Guesstimate
R000000035/2.222222/0004/R000000038/R000000039
R000000034/4.938272/0003/R000000005/R000000035
R000000040/2.222222/0004/R000000014/R000000032
R000000041/2.222222/0277/R000000028/R000000032
R000000041/2.222222/0301/R000000029/R000000032
R000000040/2.469136/0024/R000000041
R000000034/5.212621/0049/R000000004/R000000040
R000000030/5.486969/0099/R000000034
<NEXT>