#
#  Reaction log file
#  Author: LigBuilder V3 User_Diana
#  Creation time: Thu Apr  9 21:14:56 2026
#  Format:
#  QueryMoleculeId/Cost/SynthesizeId/ReactantId1/ReactantId2/ReactantId3.....
#  Id prefix:
#  Q --- Query Molecule
#  M --- Material
#  R --- Reactant
#
Directory      result/synthesize_PfHDAC1/91/DATABASE/
#
Q000000001/2.606310/0000/R000000001
R000000003/1.000000/0000/Guesstimate
R000000002/1.111111/0125/R000000003
R000000004/1.000000/0000/Guesstimate
R000000002/2.222222/0112/R000000003/R000000004
R000000007/1.000000/0000/Guesstimate
R000000006/1.111111/0288/R000000007
R000000008/1.111111/0245/R000000007
R000000008/1.111111/0245/R000000007
R000000006/1.234568/0155/R000000008
R000000005/1.234568/0295/R000000006
R000000005/1.234568/0295/R000000006
R000000001/2.606310/0256/R000000002/R000000005
R000000011/1.234568/0040/R000000002
R000000010/1.371742/0091/R000000011
R000000013/1.000000/0000/Guesstimate
R000000012/2.222222/0112/R000000003/R000000013
R000000010/2.469136/0197/R000000012
R000000009/2.895900/0112/R000000010/R000000005
R000000015/2.482853/0112/R000000013/R000000005
R000000014/2.758726/0197/R000000015
R000000014/2.758726/0197/R000000015
R000000009/4.176363/0112/R000000003/R000000014
R000000001/3.217667/0233/R000000009
Q000000002/2.606310/0000/R000000001
Q000000003/6.765737/0000/R000000016
R000000019/1.000000/0000/Guesstimate
M000000021/1.000000/0000/Sigma_BB-187206312
R000000022/1.000000/0000/Guesstimate
R000000020/2.222222/0301/M000000021/R000000022
R000000020/2.222222/0301/M000000021/R000000022
R000000018/3.580247/0224/R000000019/R000000020
R000000024/1.000000/0000/Guesstimate
R000000023/3.580247/0224/R000000024/R000000020
R000000018/3.978053/0294/R000000023
R000000025/1.000000/0000/Guesstimate
R000000017/5.089163/0170/R000000018/R000000025
R000000028/1.000000/0000/Guesstimate
R000000027/2.222222/0301/M000000021/R000000028
R000000027/2.222222/0301/M000000021/R000000028
R000000026/3.580247/0224/R000000019/R000000027
R000000029/3.580247/0224/R000000024/R000000027
R000000026/3.978053/0294/R000000029
R000000030/1.000000/0000/Guesstimate
R000000017/5.089163/0170/R000000026/R000000030
R000000031/1.000000/0000/Guesstimate
R000000016/6.765737/0018/R000000017/R000000031
R000000035/1.000000/0000/Guesstimate
R000000034/3.580247/0224/R000000035/R000000020
R000000033/5.089163/0170/R000000034/R000000028
R000000036/3.580247/0224/R000000035/R000000027
R000000033/5.089163/0170/R000000036/R000000022
R000000037/1.000000/0000/Guesstimate
R000000032/6.765737/0170/R000000033/R000000037
R000000038/5.089163/0170/R000000034/R000000022
R000000038/5.654626/0156/R000000033
R000000039/1.000000/0000/Guesstimate
R000000032/6.765737/0170/R000000038/R000000039
R000000016/7.517486/0041/R000000032
Q000000004/4.420059/0000/R000000040
R000000043/1.000000/0000/Guesstimate
R000000045/1.000000/0000/Guesstimate
R000000044/2.222222/0301/M000000021/R000000045
R000000044/2.222222/0301/M000000021/R000000045
R000000042/3.580247/0224/R000000043/R000000044
R000000046/2.222222/0224/R000000043/M000000021
R000000042/3.580247/0301/R000000046/R000000045
R000000041/3.978053/0125/R000000042
R000000041/5.089163/0112/R000000042/R000000004
R000000040/4.420059/0041/R000000041
M000000050/1.000000/0000/Sigma_BB-234767090
R000000049/2.222222/0224/R000000019/M000000050
R000000051/1.000000/0000/Guesstimate
R000000048/3.580247/0112/R000000049/R000000051
R000000052/2.222222/0112/M000000050/R000000051
R000000048/3.580247/0224/R000000019/R000000052
R000000047/3.978053/0147/R000000048
R000000054/1.000000/0000/Guesstimate
R000000053/3.580247/0004/R000000049/R000000054
R000000056/1.000000/0000/Guesstimate
R000000055/3.580247/0003/R000000049/R000000056
R000000055/3.978053/0217/R000000026
R000000053/3.978053/0040/R000000055
R000000057/1.000000/0000/Guesstimate
R000000047/5.089163/0212/R000000053/R000000057
R000000040/5.531170/0018/R000000047/R000000031
<NEXT>