#
#  Reaction log file
#  Author: LigBuilder V3 User_Diana
#  Creation time: Thu Apr  9 21:13:46 2026
#  Format:
#  QueryMoleculeId/Cost/SynthesizeId/ReactantId1/ReactantId2/ReactantId3.....
#  Id prefix:
#  Q --- Query Molecule
#  M --- Material
#  R --- Reactant
#
Directory      result/synthesize_PfHDAC1/40/DATABASE/
#
Q000000001/4.282884/0000/R000000001
M000000005/1.000000/0000/Sigma_BB-137827595
R000000006/1.000000/0000/Guesstimate
R000000004/2.222222/0277/M000000005/R000000006
R000000007/1.000000/0000/Guesstimate
R000000004/2.222222/0301/M000000005/R000000007
R000000003/2.469136/0285/R000000004
R000000008/2.222222/0285/M000000005/R000000007
R000000003/2.469136/0301/R000000008
R000000009/1.000000/0000/Guesstimate
R000000002/3.854596/0119/R000000003/R000000009
R000000011/1.000000/0000/Guesstimate
R000000010/3.854596/0119/R000000003/R000000011
R000000010/3.854596/0280/R000000003/R000000011
R000000012/1.000000/0000/Guesstimate
R000000002/5.393995/0224/R000000010/R000000012
R000000001/4.282884/0024/R000000002
R000000015/1.000000/0000/Guesstimate
R000000014/3.854596/0119/R000000003/R000000015
R000000018/1.000000/0000/Guesstimate
R000000017/3.854596/0119/R000000003/R000000018
R000000020/1.000000/0000/Guesstimate
R000000019/3.854596/0119/R000000003/R000000020
R000000019/3.854596/0280/R000000003/R000000020
R000000017/4.282884/0155/R000000019
R000000021/1.000000/0000/Guesstimate
R000000016/5.393995/0112/R000000017/R000000021
R000000014/5.993328/0197/R000000016
R000000023/1.000000/0000/Guesstimate
R000000022/1.111111/0287/R000000023
R000000024/7.400000/0000/Guesstimate
R000000022/8.222222/0197/R000000024
R000000013/5.517452/0112/R000000014/R000000022
R000000026/2.222222/0174/R000000021/R000000023
R000000026/2.222222/0289/R000000021/R000000023
R000000025/2.469136/0197/R000000026
R000000025/8.222222/0091/R000000024
R000000013/7.026369/0112/R000000017/R000000025
R000000001/6.130503/0025/R000000013
Q000000002/5.807042/0000/R000000027
R000000031/1.000000/0000/Guesstimate
R000000032/1.000000/0000/Guesstimate
R000000030/3.333333/0261/R000000011/R000000031/R000000032
R000000029/3.703704/0122/R000000030
R000000028/5.226338/0224/R000000029/R000000012
R000000034/1.000000/0000/Guesstimate
R000000033/5.226338/0224/R000000029/R000000034
R000000036/1.000000/0000/Guesstimate
R000000035/5.226338/0224/R000000029/R000000036
R000000033/5.807042/0156/R000000035
R000000028/5.807042/0260/R000000033
R000000027/5.807042/0024/R000000028
R000000039/3.333333/0261/R000000015/R000000031/R000000032
R000000040/1.000000/0000/Guesstimate
R000000039/4.814815/0224/R000000030/R000000040
R000000038/3.703704/0122/R000000039
R000000038/5.226338/0224/R000000029/R000000040
R000000037/5.349795/0112/R000000038/R000000022
R000000042/3.333333/0261/R000000018/R000000031/R000000032
R000000041/3.703704/0122/R000000042
R000000037/6.858711/0112/R000000041/R000000025
R000000027/5.944217/0025/R000000037
Q000000003/5.807042/0000/R000000027
Q000000004/4.130468/0000/R000000043
R000000045/1.000000/0000/Guesstimate
R000000047/1.000000/0000/Guesstimate
R000000049/1.000000/0000/Guesstimate
R000000048/1.111111/0198/R000000049
R000000050/1.000000/0000/Guesstimate
R000000051/1.000000/0000/Guesstimate
R000000048/2.222222/0122/R000000050/R000000051
R000000046/2.345679/0003/R000000047/R000000048
M000000053/1.000000/0000/Sigma_BB-28778979
R000000052/2.345679/0003/M000000053/R000000048
M000000054/1.000000/0000/Sigma_BB-28779625
R000000052/2.345679/0277/M000000054/R000000048
R000000046/2.606310/0009/R000000052
R000000044/3.717421/0261/R000000045/R000000046
R000000057/1.000000/0000/Guesstimate
R000000056/2.222222/0003/R000000047/R000000057
R000000058/1.000000/0000/Guesstimate
R000000056/2.222222/0112/R000000040/R000000058
R000000055/3.580247/0261/R000000045/R000000056
R000000059/3.333333/0261/R000000045/R000000047/R000000057
R000000055/3.703704/0003/R000000059
R000000060/1.000000/0000/Guesstimate
R000000044/5.089163/0301/R000000055/R000000060
R000000043/4.130468/0099/R000000044
R000000064/1.000000/0000/Guesstimate
R000000065/1.000000/0000/Guesstimate
R000000063/2.222222/0001/R000000064/R000000065
R000000066/1.000000/0000/Guesstimate
R000000063/2.222222/0004/R000000064/R000000066
M000000068/1.000000/0000/Sigma_BB-28828989
R000000067/2.222222/0122/M000000068/R000000051
M000000069/1.000000/0000/Sigma_BB-34697964
R000000070/1.000000/0000/Guesstimate
R000000067/2.222222/0212/M000000069/R000000070
R000000062/4.938272/0274/R000000063/R000000067
R000000072/1.000000/0000/Guesstimate
R000000071/2.222222/0001/R000000072/R000000065
R000000071/2.222222/0004/R000000072/R000000066
M000000074/1.000000/0000/Sigma_BB-28775613
R000000073/2.222222/0122/M000000074/R000000051
R000000075/1.000000/0000/Guesstimate
M000000076/1.000000/0000/Sigma_BB-30582398
R000000073/2.222222/0212/R000000075/M000000076
R000000062/4.938272/0274/R000000071/R000000073
R000000061/6.598080/0119/R000000062/R000000045
R000000079/1.000000/0000/Guesstimate
R000000078/3.580247/0274/R000000079/R000000067
R000000080/1.000000/0000/Guesstimate
R000000078/3.580247/0274/R000000080/R000000073
R000000077/5.089163/0112/R000000078/R000000066
R000000081/4.691358/0261/R000000011/R000000040/R000000073
R000000082/1.000000/0000/Guesstimate
R000000077/6.323731/0112/R000000081/R000000082
R000000061/6.765737/0224/R000000077/R000000047
R000000043/7.331201/0122/R000000061
<NEXT>