#
#  Reaction log file
#  Author: LigBuilder V3 User_Diana
#  Creation time: Thu Apr  9 21:15:33 2026
#  Format:
#  QueryMoleculeId/Cost/SynthesizeId/ReactantId1/ReactantId2/ReactantId3.....
#  Id prefix:
#  Q --- Query Molecule
#  M --- Material
#  R --- Reactant
#
Directory      result/synthesize_PfHDAC1/137/DATABASE/
#
Q000000001/2.469136/0000/R000000001
R000000003/1.000000/0000/Guesstimate
M000000004/1.000000/0000/Sigma_BB-28800312
R000000002/2.222222/0112/R000000003/M000000004
R000000007/1.000000/0000/Guesstimate
R000000006/2.222222/0112/R000000003/R000000007
R000000005/2.469136/0197/R000000006
M000000008/1.000000/0000/Sigma_BB-28484043
R000000002/3.854596/0112/R000000005/M000000008
R000000001/2.469136/0059/R000000002
M000000010/1.000000/0000/Sigma_BB-28711646
R000000009/2.222222/0004/R000000003/M000000010
R000000012/1.000000/0000/Guesstimate
R000000011/2.222222/0004/R000000003/R000000012
R000000014/1.000000/0000/Guesstimate
R000000013/2.222222/0003/R000000003/R000000014
R000000011/2.469136/0040/R000000013
R000000009/3.580247/0004/R000000011/M000000008
R000000001/2.469136/0153/R000000009
Q000000002/Analysis Failed
Q000000003/Analysis Failed
<NEXT>