#
#  Reaction log file
#  Author: LigBuilder V3 User_Diana
#  Creation time: Thu Apr  9 21:12:57 2026
#  Format:
#  QueryMoleculeId/Cost/SynthesizeId/ReactantId1/ReactantId2/ReactantId3.....
#  Id prefix:
#  Q --- Query Molecule
#  M --- Material
#  R --- Reactant
#
Directory      result/synthesize_PfHDAC1/28/DATABASE/
#
Q000000001/6.282918/0000/R000000001
R000000006/1.000000/0000/Guesstimate
M000000007/1.000000/0000/Sigma_BB-234767090
R000000005/2.222222/0224/R000000006/M000000007
R000000009/1.000000/0000/Guesstimate
R000000008/2.222222/0224/R000000009/M000000007
R000000010/1.000000/0000/Guesstimate
R000000005/3.580247/0018/R000000008/R000000010
R000000004/2.469136/0125/R000000005
R000000011/1.000000/0000/Guesstimate
R000000004/3.580247/0112/R000000005/R000000011
R000000003/2.743484/0040/R000000004
M000000015/1.000000/0000/Sigma_BB-187206312
R000000014/2.222222/0224/R000000009/M000000015
R000000017/1.000000/0000/Guesstimate
R000000016/2.222222/0224/R000000017/M000000015
R000000014/2.469136/0294/R000000016
R000000018/1.000000/0000/Guesstimate
R000000013/3.580247/0004/R000000014/R000000018
R000000019/3.580247/0004/R000000008/R000000018
R000000021/1.000000/0000/Guesstimate
R000000020/3.580247/0003/R000000008/R000000021
R000000020/3.580247/0112/R000000014/R000000011
R000000019/3.978053/0040/R000000020
R000000013/3.978053/0093/R000000019
R000000012/3.978053/0073/R000000013
R000000012/3.978053/0216/R000000019
R000000003/5.531170/0018/R000000012/R000000010
R000000024/1.000000/0000/Guesstimate
R000000023/1.111111/0293/R000000024
M000000025/1.000000/0000/Sigma_BB-28769469
R000000022/2.345679/0301/R000000023/M000000025
R000000022/2.345679/0301/R000000023/M000000025
R000000002/5.654626/0003/R000000003/R000000022
R000000027/1.000000/0000/Guesstimate
R000000026/3.580247/0004/R000000005/R000000027
R000000028/3.580247/0004/R000000008/R000000027
R000000028/3.978053/0085/R000000019
R000000026/5.089163/0018/R000000028/R000000010
R000000029/3.717421/0112/R000000011/R000000022
R000000031/1.000000/0000/Guesstimate
R000000030/3.717421/0004/R000000031/R000000022
R000000029/4.130468/0009/R000000030
R000000002/8.108521/0049/R000000026/R000000029
R000000001/6.282918/0147/R000000002
R000000033/3.580247/0004/R000000005/R000000018
R000000033/5.089163/0018/R000000019/R000000010
R000000036/1.000000/0000/Guesstimate
R000000035/2.222222/0277/R000000027/R000000036
R000000034/3.580247/0277/R000000035/M000000025
M000000038/1.000000/0000/Sigma_BB-28783818
R000000037/3.580247/0212/R000000035/M000000038
R000000037/3.580247/0212/R000000035/M000000038
R000000034/5.089163/0277/R000000027/R000000037
R000000032/7.956105/0212/R000000033/R000000034
R000000032/7.956105/0212/R000000033/R000000034
R000000001/8.840117/0099/R000000032
Q000000002/9.009467/0000/R000000039
R000000043/1.000000/0000/Guesstimate
R000000042/2.222222/0224/R000000043/M000000007
R000000042/2.469136/0257/R000000005
R000000041/3.580247/0004/R000000042/R000000018
R000000044/3.580247/0003/R000000042/R000000021
R000000041/3.978053/0040/R000000044
R000000047/1.000000/0000/Guesstimate
R000000046/2.345679/0301/R000000023/R000000047
R000000046/2.345679/0301/R000000023/R000000047
R000000045/3.717421/0004/R000000018/R000000046
R000000048/3.717421/0003/R000000046/R000000021
R000000045/4.130468/0040/R000000048
R000000040/8.108521/0212/R000000041/R000000045
R000000040/8.108521/0212/R000000041/R000000045
R000000039/9.009467/0041/R000000040
R000000049/8.108521/0212/R000000019/R000000045
R000000049/8.108521/0212/R000000019/R000000045
R000000039/9.108521/0018/R000000049/R000000010
Q000000003/8.467546/0000/R000000050
R000000055/1.000000/0000/Guesstimate
R000000056/1.000000/0000/Guesstimate
R000000054/2.222222/0112/R000000055/R000000056
R000000057/1.000000/0000/Guesstimate
R000000058/1.000000/0000/Guesstimate
R000000054/2.222222/0170/R000000057/R000000058
R000000053/3.703704/0301/R000000023/R000000054
R000000053/3.703704/0301/R000000023/R000000054
R000000052/4.115227/0147/R000000053
R000000061/1.000000/0000/Guesstimate
R000000060/2.222222/0170/R000000061/R000000027
R000000062/1.000000/0000/Guesstimate
R000000060/2.222222/0170/R000000062/R000000031
R000000059/3.703704/0301/R000000023/R000000060
R000000059/3.703704/0301/R000000023/R000000060
R000000052/4.115227/0153/R000000059
R000000051/7.620790/0003/R000000003/R000000052
R000000063/3.048316/0091/R000000003
R000000064/4.420059/0091/R000000012
R000000063/6.022288/0018/R000000064/R000000010
R000000067/4.130468/0228/R000000045
R000000067/4.130468/0286/R000000045
R000000066/4.589409/0197/R000000067
R000000068/1.000000/0000/Guesstimate
R000000065/6.210455/0170/R000000066/R000000068
R000000070/1.000000/0000/Guesstimate
R000000069/6.210455/0170/R000000066/R000000070
R000000065/6.900506/0193/R000000069
R000000051/9.258771/0112/R000000063/R000000065
R000000050/8.467546/0147/R000000051
R000000073/3.048316/0255/R000000003
R000000073/3.580247/0112/R000000005/R000000055
R000000072/3.387018/0147/R000000073
R000000074/3.978053/0197/R000000013
R000000074/5.089163/0212/R000000019/R000000027
R000000072/5.531170/0018/R000000074/R000000010
R000000076/3.580247/0277/R000000036/R000000054
R000000075/3.978053/0147/R000000076
R000000078/2.469136/0100/R000000035
R000000078/2.469136/0216/R000000035
R000000077/3.854596/0003/R000000078/R000000056
R000000075/4.282884/0147/R000000077
R000000071/8.183413/0277/R000000072/R000000075
R000000080/6.447188/0212/R000000041/R000000035
R000000080/6.447188/0212/R000000041/R000000035
R000000079/7.163543/0041/R000000080
R000000081/6.721537/0212/R000000013/R000000078
R000000081/6.721537/0212/R000000013/R000000078
R000000079/8.579486/0018/R000000081/R000000010
R000000082/2.469136/0147/R000000054
R000000082/2.469136/0153/R000000060
R000000071/9.632679/0277/R000000079/R000000082
R000000050/9.092681/0099/R000000071
<NEXT>