#
#  Reaction log file
#  Author: LigBuilder V3 User_Diana
#  Creation time: Thu Apr  9 21:19:23 2026
#  Format:
#  QueryMoleculeId/Cost/SynthesizeId/ReactantId1/ReactantId2/ReactantId3.....
#  Id prefix:
#  Q --- Query Molecule
#  M --- Material
#  R --- Reactant
#
Directory      result/synthesize_PfHDAC1/275/DATABASE/
#
Q000000001/5.807042/0000/R000000001
R000000005/1.000000/0000/Guesstimate
R000000006/1.000000/0000/Guesstimate
R000000004/2.222222/0112/R000000005/R000000006
R000000008/1.000000/0000/Guesstimate
R000000007/1.111111/0125/R000000008
R000000009/1.000000/0000/Guesstimate
R000000007/2.222222/0112/R000000009/R000000008
R000000003/3.703704/0159/R000000004/R000000007
R000000011/1.000000/0000/Guesstimate
R000000010/3.580247/0159/R000000004/R000000011
R000000003/3.978053/0287/R000000010
R000000012/1.000000/0000/Guesstimate
R000000002/5.226338/0122/R000000003/R000000012
R000000002/5.226338/0122/R000000003/R000000012
R000000001/5.807042/0059/R000000002
R000000014/3.978053/0059/R000000010
R000000015/1.000000/0000/Guesstimate
R000000014/5.089163/0224/R000000010/R000000015
R000000013/4.420059/0287/R000000014
R000000001/6.022288/0122/R000000013/R000000012
Q000000002/5.807042/0000/R000000001
Q000000003/5.807042/0000/R000000001
Q000000004/4.282884/0000/R000000016
R000000020/1.000000/0000/Guesstimate
R000000021/1.000000/0000/Guesstimate
R000000019/2.222222/0004/R000000020/R000000021
R000000018/2.469136/0087/R000000019
R000000018/2.469136/0087/R000000019
M000000022/1.000000/0000/Sigma_BB-128362448
R000000017/3.854596/0112/R000000018/M000000022
R000000023/1.000000/0000/Guesstimate
R000000017/3.854596/0174/R000000018/R000000023
R000000016/4.282884/0147/R000000017
R000000025/2.469136/0085/R000000019
R000000026/1.000000/0000/Guesstimate
R000000025/3.854596/0275/R000000018/R000000026
M000000029/1.000000/0000/Sigma_BB-28711640
R000000028/1.111111/0104/M000000029
R000000028/1.111111/0104/M000000029
R000000027/1.234568/0024/R000000028
R000000030/1.000000/0000/Guesstimate
M000000032/1.000000/0000/Sigma_BB-28760249
R000000031/1.111111/0104/M000000032
R000000031/1.111111/0104/M000000032
R000000027/2.345679/0004/R000000030/R000000031
R000000024/4.115227/0212/R000000025/R000000027
R000000034/2.743484/0197/R000000025
R000000033/4.159427/0004/R000000034/R000000030
M000000036/1.000000/0000/Sigma_BB-28524129
R000000035/3.854596/0212/R000000025/M000000036
R000000035/3.854596/0212/R000000025/M000000036
R000000033/4.282884/0024/R000000035
M000000039/1.000000/0000/Sigma_BB-28766580
R000000038/1.111111/0104/M000000039
R000000038/1.111111/0104/M000000039
R000000037/1.234568/0024/R000000038
M000000041/1.000000/0000/Sigma_BB-28762337
R000000042/1.000000/0000/Guesstimate
R000000040/2.222222/0122/M000000041/R000000042
R000000040/2.222222/0122/M000000041/R000000042
R000000037/2.469136/0004/R000000040
R000000024/5.993328/0212/R000000033/R000000037
R000000016/4.572474/0160/R000000024
<NEXT>