#
#  Reaction log file
#  Author: LigBuilder V3 User_Diana
#  Creation time: Thu Apr  9 21:19:48 2026
#  Format:
#  QueryMoleculeId/Cost/SynthesizeId/ReactantId1/ReactantId2/ReactantId3.....
#  Id prefix:
#  Q --- Query Molecule
#  M --- Material
#  R --- Reactant
#
Directory      result/synthesize_PfHDAC1/287/DATABASE/
#
Q000000001/Analysis Failed
Q000000002/3.580247/0000/R000000001
R000000002/1.000000/0000/Guesstimate
R000000004/1.000000/0000/Guesstimate
R000000005/1.000000/0000/Guesstimate
R000000003/2.222222/0122/R000000004/R000000005
R000000007/1.000000/0000/Guesstimate
R000000008/1.000000/0000/Guesstimate
R000000006/2.222222/0003/R000000007/R000000008
R000000010/1.000000/0000/Guesstimate
R000000011/1.000000/0000/Guesstimate
R000000009/2.222222/0004/R000000010/R000000011
R000000012/1.000000/0000/Guesstimate
R000000009/2.222222/0122/R000000004/R000000012
R000000013/1.000000/0000/Guesstimate
R000000006/3.580247/0049/R000000009/R000000013
R000000003/2.469136/0147/R000000006
R000000001/3.580247/0003/R000000002/R000000003
R000000015/1.000000/0000/Guesstimate
M000000018/1.000000/0000/Sigma_BB-332441958
R000000019/1.000000/0000/Guesstimate
R000000017/2.222222/0301/M000000018/R000000019
R000000017/2.222222/0301/M000000018/R000000019
R000000016/2.469136/0291/R000000017
R000000016/2.469136/0291/R000000017
R000000014/3.854596/0112/R000000015/R000000016
R000000001/4.282884/0028/R000000014
Q000000003/7.468375/0000/R000000020
R000000024/1.000000/0000/Guesstimate
R000000025/1.000000/0000/Guesstimate
R000000023/2.222222/0003/R000000024/R000000025
R000000026/1.000000/0000/Guesstimate
R000000027/1.000000/0000/Guesstimate
R000000023/2.222222/0003/R000000026/R000000027
R000000029/1.000000/0000/Guesstimate
R000000028/1.111111/0125/R000000029
R000000028/2.222222/0112/R000000027/R000000029
R000000022/3.703704/0159/R000000023/R000000028
R000000031/1.000000/0000/Guesstimate
R000000030/2.345679/0159/R000000031/R000000028
R000000032/1.000000/0000/Guesstimate
R000000022/3.717421/0175/R000000030/R000000032
R000000035/1.000000/0000/Guesstimate
R000000034/1.111111/0040/R000000035
R000000036/1.000000/0000/Guesstimate
R000000037/1.000000/0000/Guesstimate
R000000034/2.222222/0004/R000000036/R000000037
R000000038/1.000000/0000/Guesstimate
R000000033/2.345679/0169/R000000034/R000000038
R000000040/1.000000/0000/Guesstimate
R000000041/1.000000/0000/Guesstimate
R000000039/2.222222/0277/R000000040/R000000041
R000000033/2.469136/0155/R000000039
R000000021/6.721537/0122/R000000022/R000000033
R000000021/6.721537/0122/R000000022/R000000033
R000000020/7.468375/0059/R000000021
R000000043/2.606310/0059/R000000030
R000000044/9.000000/0000/Guesstimate
R000000043/10.000000/0156/R000000044
R000000047/1.000000/0000/Guesstimate
R000000046/3.717421/0004/R000000047/R000000033
R000000048/1.000000/0000/Guesstimate
R000000049/1.000000/0000/Guesstimate
R000000046/4.828533/0225/R000000033/R000000048/R000000049
R000000045/4.130468/0086/R000000046
R000000045/4.130468/0091/R000000046
R000000042/7.485310/0174/R000000043/R000000045
R000000052/1.000000/0000/Guesstimate
R000000051/4.007011/0174/R000000043/R000000052
R000000051/4.007011/0289/R000000043/R000000052
R000000050/5.563346/0004/R000000051/R000000047
R000000054/1.000000/0000/Guesstimate
R000000053/5.563346/0277/R000000051/R000000054
R000000055/1.000000/0000/Guesstimate
R000000053/5.563346/0301/R000000051/R000000055
R000000050/6.181496/0024/R000000053
R000000057/1.000000/0000/Guesstimate
R000000056/2.222222/0004/R000000057/R000000037
R000000058/2.222222/0001/R000000041/R000000025
R000000059/1.000000/0000/Guesstimate
R000000058/2.222222/0141/R000000041/R000000059
R000000056/2.469136/0040/R000000058
R000000042/8.650632/0212/R000000050/R000000056
R000000020/8.317011/0099/R000000042
<NEXT>