#
#  Reaction log file
#  Author: LigBuilder V3 User_Diana
#  Creation time: Thu Apr  9 21:18:31 2026
#  Format:
#  QueryMoleculeId/Cost/SynthesizeId/ReactantId1/ReactantId2/ReactantId3.....
#  Id prefix:
#  Q --- Query Molecule
#  M --- Material
#  R --- Reactant
#
Directory      result/synthesize_PfHDAC1/255/DATABASE/
#
Q000000001/Analysis Failed
Q000000002/8.992533/0000/R000000001
R000000004/1.000000/0000/Guesstimate
R000000006/1.000000/0000/Guesstimate
R000000007/1.000000/0000/Guesstimate
R000000005/2.222222/0003/R000000006/R000000007
R000000008/1.000000/0000/Guesstimate
R000000009/1.000000/0000/Guesstimate
R000000005/2.222222/0003/R000000008/R000000009
R000000003/3.580247/0061/R000000004/R000000005
R000000010/1.000000/0000/Guesstimate
R000000003/3.580247/0062/R000000010/R000000005
R000000002/3.978053/0040/R000000003
R000000013/1.000000/0000/Guesstimate
R000000012/2.222222/0001/R000000006/R000000013
R000000014/1.000000/0000/Guesstimate
R000000012/2.222222/0003/R000000006/R000000014
R000000011/3.580247/0063/R000000004/R000000012
R000000011/3.580247/0064/R000000010/R000000012
R000000002/3.978053/0041/R000000011
R000000018/1.000000/0000/Guesstimate
R000000017/1.111111/0118/R000000018
R000000019/1.000000/0000/Guesstimate
R000000017/2.222222/0112/R000000019/R000000018
R000000021/1.000000/0000/Guesstimate
R000000022/1.000000/0000/Guesstimate
R000000020/2.222222/0012/R000000021/R000000022
R000000023/1.000000/0000/Guesstimate
R000000020/2.222222/0112/R000000019/R000000023
R000000016/3.703704/0159/R000000017/R000000020
R000000015/4.115227/0153/R000000016
R000000026/1.000000/0000/Guesstimate
R000000025/2.222222/0012/R000000021/R000000026
R000000027/1.000000/0000/Guesstimate
R000000025/2.222222/0112/R000000019/R000000027
R000000024/3.703704/0159/R000000017/R000000025
R000000015/4.115227/0154/R000000024
R000000001/8.992533/0231/R000000002/R000000015
R000000030/3.978053/0198/R000000003
R000000030/3.978053/0298/R000000003
R000000029/4.420059/0040/R000000030
R000000031/3.978053/0198/R000000011
R000000031/3.978053/0298/R000000011
R000000029/4.420059/0041/R000000031
R000000028/9.483651/0231/R000000029/R000000015
R000000001/9.483651/0295/R000000028
Q000000003/Analysis Failed
Q000000004/Analysis Failed
<NEXT>