#
#  Reaction log file
#  Author: LigBuilder V3 User_Diana
#  Creation time: Thu Apr  9 21:17:09 2026
#  Format:
#  QueryMoleculeId/Cost/SynthesizeId/ReactantId1/ReactantId2/ReactantId3.....
#  Id prefix:
#  Q --- Query Molecule
#  M --- Material
#  R --- Reactant
#
Directory      result/synthesize_PfHDAC1/203/DATABASE/
#
Q000000001/8.147660/0000/R000000001
M000000007/1.000000/0000/Sigma_BB-34739626
R000000006/1.111111/0085/M000000007
R000000008/9.800000/0000/Guesstimate
R000000006/9.800000/0228/R000000008
M000000009/1.000000/0000/Sigma_BB-28845589
R000000005/2.345679/0212/R000000006/M000000009
R000000005/2.345679/0212/R000000006/M000000009
R000000010/1.000000/0000/Guesstimate
R000000004/3.717421/0274/R000000005/R000000010
M000000012/1.000000/0000/Sigma_BB-28760650
R000000011/2.345679/0212/R000000006/M000000012
R000000011/2.345679/0212/R000000006/M000000012
R000000013/1.000000/0000/Guesstimate
R000000004/3.717421/0274/R000000011/R000000013
R000000003/4.130468/0156/R000000004
R000000016/1.234568/0156/R000000006
R000000017/9.000000/0000/Guesstimate
R000000016/10.000000/0040/R000000017
R000000015/2.482853/0212/R000000016/M000000009
R000000015/2.606310/0156/R000000005
R000000018/1.000000/0000/Guesstimate
R000000014/3.869837/0274/R000000015/R000000018
R000000019/2.606310/0156/R000000011
R000000020/2.758726/0217/R000000015
R000000022/1.234568/0153/R000000006
R000000023/1.111111/0087/M000000007
R000000023/1.234568/0086/R000000006
R000000022/1.234568/0154/R000000023
R000000024/1.000000/0000/Guesstimate
R000000021/2.635269/0004/R000000022/R000000024
R000000026/1.000000/0000/Guesstimate
R000000025/2.635269/0301/R000000022/R000000026
R000000025/2.635269/0301/R000000022/R000000026
R000000021/2.928077/0024/R000000025
R000000020/2.928077/0204/R000000021
R000000019/3.065251/0041/R000000020
R000000014/4.007011/0274/R000000019/R000000010
R000000003/4.299819/0155/R000000014
R000000029/1.000000/0000/Guesstimate
R000000030/1.000000/0000/Guesstimate
R000000028/2.222222/0276/R000000029/R000000030
R000000028/2.222222/0278/R000000029/R000000030
R000000027/2.469136/0275/R000000028
R000000031/2.222222/0275/R000000029/R000000030
R000000027/2.469136/0276/R000000031
R000000002/7.332894/0301/R000000003/R000000027
R000000002/7.332894/0301/R000000003/R000000027
R000000001/8.147660/0188/R000000002
R000000037/1.000000/0000/Guesstimate
R000000038/1.000000/0000/Guesstimate
R000000036/2.222222/0279/R000000037/R000000038
R000000036/2.222222/0279/R000000037/R000000038
R000000035/2.469136/0274/R000000036
R000000039/9.300000/0000/Guesstimate
R000000035/9.300000/0090/R000000039
R000000040/1.000000/0000/Guesstimate
R000000034/3.854596/0301/R000000035/R000000040
R000000034/3.854596/0301/R000000035/R000000040
R000000033/4.282884/0082/R000000034
R000000043/1.000000/0000/Guesstimate
R000000042/2.222222/0274/R000000043/R000000010
R000000044/1.000000/0000/Guesstimate
R000000042/2.222222/0274/R000000044/R000000013
R000000041/5.212621/0301/R000000035/R000000042
R000000041/5.212621/0301/R000000035/R000000042
R000000033/5.791801/0079/R000000041
R000000032/4.758760/0040/R000000033
R000000046/1.000000/0000/Guesstimate
R000000045/6.902912/0276/R000000041/R000000046
R000000047/9.800000/0197/R000000008
R000000048/8.900000/0000/Guesstimate
R000000047/9.888888/0219/R000000048
M000000050/1.000000/0000/Sigma_BB-28710871
R000000049/1.111111/0204/M000000050
M000000051/1.000000/0000/Sigma_BB-114773652
R000000049/1.111111/0217/M000000051
R000000045/9.567901/0256/R000000047/R000000049
R000000032/7.669903/0024/R000000045
R000000055/2.743484/0217/R000000027
R000000054/3.048316/0054/R000000055
R000000056/1.000000/0000/Guesstimate
R000000054/3.854596/0004/R000000027/R000000056
R000000053/3.387018/0009/R000000054
R000000057/1.000000/0000/Guesstimate
R000000053/4.159427/0049/R000000055/R000000057
R000000052/3.763354/0040/R000000053
R000000060/1.000000/0000/Guesstimate
R000000059/3.854596/0112/R000000027/R000000060
R000000058/4.282884/0153/R000000059
R000000062/1.000000/0000/Guesstimate
R000000061/3.854596/0112/R000000027/R000000062
R000000061/4.282884/0091/R000000059
R000000058/4.282884/0154/R000000061
R000000052/4.758760/0024/R000000058
R000000001/9.469015/0212/R000000032/R000000052
Q000000002/8.147660/0000/R000000001
Q000000003/Analysis Failed
<NEXT>