#
#  Reaction log file
#  Author: LigBuilder V3 User_Diana
#  Creation time: Thu Apr  9 21:15:01 2026
#  Format:
#  QueryMoleculeId/Cost/SynthesizeId/ReactantId1/ReactantId2/ReactantId3.....
#  Id prefix:
#  Q --- Query Molecule
#  M --- Material
#  R --- Reactant
#
Directory      result/synthesize_PfHDAC1/114/DATABASE/
#
Q000000001/Analysis Failed
Q000000002/Analysis Failed
Q000000003/5.852937/0000/R000000001
M000000006/1.000000/0000/Sigma_BB-31111345
R000000005/1.111111/0082/M000000006
R000000007/1.000000/0000/Guesstimate
R000000008/1.000000/0000/Guesstimate
R000000005/2.222222/0112/R000000007/R000000008
R000000004/1.234568/0040/R000000005
R000000009/1.000000/0000/Guesstimate
R000000010/1.000000/0000/Guesstimate
R000000004/2.222222/0170/R000000009/R000000010
R000000012/1.000000/0000/Guesstimate
R000000013/1.000000/0000/Guesstimate
R000000011/2.222222/0224/R000000012/R000000013
R000000003/3.840878/0003/R000000004/R000000011
R000000015/1.000000/0000/Guesstimate
R000000014/2.222222/0004/R000000007/R000000015
R000000016/1.000000/0000/Guesstimate
M000000017/1.000000/0000/Sigma_BB-28775620
R000000014/2.222222/0170/R000000016/M000000017
R000000018/2.469136/0125/R000000011
R000000018/3.580247/0112/R000000011/R000000008
R000000003/5.212621/0049/R000000014/R000000018
R000000002/4.267643/0147/R000000003
R000000021/1.000000/0000/Guesstimate
R000000020/2.222222/0170/R000000009/R000000021
R000000022/1.000000/0000/Guesstimate
R000000020/2.222222/0170/R000000016/R000000022
R000000019/4.938272/0112/R000000020/R000000011
R000000024/1.000000/0000/Guesstimate
R000000023/2.222222/0170/R000000009/R000000024
R000000025/1.000000/0000/Guesstimate
R000000023/2.222222/0170/R000000016/R000000025
R000000019/5.212621/0138/R000000023/R000000018
R000000002/5.486969/0147/R000000019
R000000026/1.000000/0000/Guesstimate
R000000001/5.852937/0018/R000000002/R000000026
R000000030/1.000000/0000/Guesstimate
R000000031/1.000000/0000/Guesstimate
R000000029/2.222222/0170/R000000030/R000000031
R000000032/2.222222/0170/R000000030/R000000010
R000000033/1.000000/0000/Guesstimate
R000000032/2.222222/0170/R000000033/R000000015
R000000029/2.469136/0093/R000000032
R000000035/1.000000/0000/Guesstimate
R000000034/3.580247/0004/R000000011/R000000035
R000000036/1.000000/0000/Guesstimate
R000000037/1.000000/0000/Guesstimate
R000000034/4.691358/0225/R000000011/R000000036/R000000037
R000000028/6.447188/0212/R000000029/R000000034
R000000028/6.447188/0212/R000000029/R000000034
R000000027/7.163543/0125/R000000028
R000000027/8.274654/0112/R000000028/R000000008
R000000001/7.959492/0041/R000000027
Q000000004/5.852937/0000/R000000001
<NEXT>