#
#  Reaction log file
#  Author: LigBuilder V3 User_Diana
#  Creation time: Thu Apr  9 21:13:12 2026
#  Format:
#  QueryMoleculeId/Cost/SynthesizeId/ReactantId1/ReactantId2/ReactantId3.....
#  Id prefix:
#  Q --- Query Molecule
#  M --- Material
#  R --- Reactant
#
Directory      result/synthesize_PfHDAC1/9/DATABASE/
#
Q000000001/7.163543/0000/R000000001
R000000005/1.000000/0000/Guesstimate
M000000006/1.000000/0000/Sigma_BB-234767090
R000000004/2.222222/0224/R000000005/M000000006
R000000008/1.000000/0000/Guesstimate
R000000007/2.222222/0224/R000000008/M000000006
R000000010/1.000000/0000/Guesstimate
R000000009/2.222222/0224/R000000010/M000000006
R000000011/1.000000/0000/Guesstimate
R000000007/3.580247/0018/R000000009/R000000011
R000000004/2.469136/0257/R000000007
R000000012/1.000000/0000/Guesstimate
R000000003/3.580247/0004/R000000004/R000000012
R000000014/1.000000/0000/Guesstimate
R000000013/3.580247/0003/R000000004/R000000014
M000000016/1.000000/0000/Sigma_BB-187206312
R000000015/2.222222/0224/R000000005/M000000016
R000000017/1.000000/0000/Guesstimate
R000000013/3.580247/0112/R000000015/R000000017
R000000003/3.978053/0040/R000000013
R000000019/1.000000/0000/Guesstimate
R000000018/2.222222/0004/R000000012/R000000019
R000000020/2.222222/0003/R000000019/R000000014
R000000018/2.469136/0040/R000000020
R000000002/6.447188/0212/R000000003/R000000018
R000000002/6.447188/0212/R000000003/R000000018
R000000001/7.163543/0041/R000000002
R000000022/3.580247/0004/R000000009/R000000012
R000000023/3.580247/0003/R000000009/R000000014
R000000022/3.978053/0040/R000000023
R000000021/6.447188/0212/R000000022/R000000018
R000000021/6.447188/0212/R000000022/R000000018
R000000001/8.274654/0018/R000000021/R000000011
Q000000002/4.420059/0000/R000000024
R000000027/1.000000/0000/Guesstimate
R000000029/1.000000/0000/Guesstimate
R000000028/2.222222/0301/M000000016/R000000029
R000000031/1.000000/0000/Guesstimate
R000000030/2.222222/0112/M000000006/R000000031
R000000028/2.469136/0147/R000000030
R000000026/3.580247/0224/R000000027/R000000028
R000000032/2.222222/0224/R000000027/M000000016
R000000026/3.580247/0301/R000000032/R000000029
R000000025/3.978053/0082/R000000026
R000000034/1.000000/0000/Guesstimate
R000000033/3.580247/0224/R000000034/R000000028
R000000035/3.580247/0224/R000000034/R000000030
R000000033/3.978053/0147/R000000035
R000000025/5.089163/0112/R000000033/R000000017
R000000024/4.420059/0041/R000000025
R000000037/3.580247/0112/R000000009/R000000031
R000000037/3.580247/0224/R000000010/R000000030
R000000036/3.978053/0147/R000000037
R000000036/3.978053/0147/R000000023
R000000024/5.531170/0018/R000000036/R000000011
Q000000003/6.022288/0000/R000000038
R000000042/1.000000/0000/Guesstimate
R000000041/3.580247/0301/R000000032/R000000042
R000000041/3.580247/0301/R000000032/R000000042
R000000040/3.978053/0082/R000000041
R000000043/3.978053/0041/R000000013
R000000043/3.978053/0233/R000000013
R000000040/4.420059/0155/R000000043
R000000039/4.420059/0041/R000000040
R000000046/1.000000/0000/Guesstimate
R000000045/3.580247/0112/R000000009/R000000046
R000000044/3.978053/0147/R000000045
R000000047/3.978053/0041/R000000023
R000000048/1.000000/0000/Guesstimate
R000000047/5.089163/0212/R000000022/R000000048
R000000044/4.420059/0155/R000000047
R000000039/5.531170/0018/R000000044/R000000011
R000000038/6.022288/0004/R000000039/R000000012
R000000049/5.531170/0004/R000000044/R000000012
M000000051/1.000000/0000/Sigma_BB-28776399
R000000050/5.089163/0212/R000000022/M000000051
R000000052/3.978053/0093/R000000022
M000000053/1.000000/0000/Sigma_BB-28247348
R000000052/5.089163/0212/R000000022/M000000053
M000000054/1.000000/0000/Sigma_BB-28524129
R000000050/5.531170/0212/R000000052/M000000054
R000000049/5.654626/0024/R000000050
R000000038/7.256855/0018/R000000049/R000000011
Q000000004/7.802542/0000/R000000055
R000000056/6.022288/0003/R000000039/R000000012
R000000057/5.531170/0003/R000000044/R000000012
R000000059/1.000000/0000/Guesstimate
R000000058/5.089163/0049/R000000023/R000000059
R000000058/5.531170/0112/R000000044/R000000017
R000000060/1.000000/0000/Guesstimate
R000000057/6.765737/0049/R000000058/R000000060
R000000056/7.256855/0018/R000000057/R000000011
R000000061/1.000000/0000/Guesstimate
R000000055/7.802542/0018/R000000056/R000000061
R000000064/1.000000/0000/Guesstimate
R000000063/5.531170/0122/R000000044/R000000064
R000000063/5.531170/0122/R000000044/R000000064
R000000062/6.145744/0198/R000000063
R000000062/7.256855/0018/R000000057/R000000061
R000000055/7.939716/0018/R000000062/R000000011
<NEXT>