#
#  Reaction log file
#  Author: LigBuilder V3 User_Diana
#  Creation time: Thu Apr  9 21:19:12 2026
#  Format:
#  QueryMoleculeId/Cost/SynthesizeId/ReactantId1/ReactantId2/ReactantId3.....
#  Id prefix:
#  Q --- Query Molecule
#  M --- Material
#  R --- Reactant
#
Directory      result/synthesize_PfHDAC1/264/DATABASE/
#
Q000000001/Analysis Failed
Q000000002/6.022288/0000/R000000001
M000000006/1.000000/0000/Sigma_BB-27468255
R000000007/1.000000/0000/Guesstimate
R000000005/2.222222/0119/M000000006/R000000007
R000000008/1.000000/0000/Guesstimate
R000000009/1.000000/0000/Guesstimate
R000000005/3.333333/0261/R000000008/R000000007/R000000009
R000000010/1.000000/0000/Guesstimate
R000000004/3.580247/0159/R000000005/R000000010
R000000003/3.978053/0287/R000000004
R000000013/1.000000/0000/Guesstimate
R000000014/1.000000/0000/Guesstimate
R000000012/2.222222/0004/R000000013/R000000014
R000000015/1.000000/0000/Guesstimate
R000000016/1.000000/0000/Guesstimate
R000000012/2.222222/0122/R000000015/R000000016
R000000011/2.469136/0009/R000000012
R000000018/1.000000/0000/Guesstimate
R000000019/1.000000/0000/Guesstimate
R000000017/2.222222/0279/R000000018/R000000019
R000000017/2.222222/0279/R000000018/R000000019
R000000011/2.469136/0079/R000000017
R000000003/5.212621/0159/R000000005/R000000011
R000000002/4.420059/0041/R000000003
R000000002/4.420059/0233/R000000003
R000000020/1.000000/0000/Guesstimate
R000000001/6.022288/0169/R000000002/R000000020
R000000021/5.531170/0169/R000000003/R000000020
R000000023/2.222222/0169/M000000006/R000000020
R000000024/1.000000/0000/Guesstimate
M000000025/1.000000/0000/Sigma_BB-27943573
R000000023/2.222222/0274/R000000024/M000000025
R000000022/3.580247/0119/R000000023/R000000007
R000000027/1.000000/0000/Guesstimate
R000000026/3.333333/0261/R000000008/R000000027/M000000025
R000000026/3.580247/0119/R000000023/R000000027
R000000022/3.703704/0153/R000000026
R000000021/6.721537/0159/R000000022/R000000011
R000000001/6.145744/0041/R000000021
Q000000003/6.022288/0000/R000000001
Q000000004/Analysis Failed
<NEXT>