#
#  Reaction log file
#  Author: LigBuilder V3 User_Diana
#  Creation time: Thu Apr  9 21:18:46 2026
#  Format:
#  QueryMoleculeId/Cost/SynthesizeId/ReactantId1/ReactantId2/ReactantId3.....
#  Id prefix:
#  Q --- Query Molecule
#  M --- Material
#  R --- Reactant
#
Directory      result/synthesize_PfHDAC1/250/DATABASE/
#
Q000000001/4.267642/0000/R000000001
M000000005/1.000000/0000/Sigma_BB-117837595
R000000004/1.111111/0222/M000000005
M000000006/1.000000/0000/Sigma_BB-28246511
R000000004/1.111111/0287/M000000006
R000000007/1.000000/0000/Guesstimate
R000000008/1.000000/0000/Guesstimate
R000000003/3.456790/0242/R000000004/R000000007/R000000008
R000000009/3.333333/0242/M000000005/R000000007/R000000008
R000000009/3.333333/0242/M000000005/R000000007/R000000008
R000000003/3.703704/0222/R000000009
R000000002/3.840878/0118/R000000003
R000000010/1.000000/0000/Guesstimate
R000000002/4.951989/0112/R000000003/R000000010
R000000001/4.267642/0059/R000000002
R000000012/1.000000/0000/Guesstimate
R000000011/4.951989/0004/R000000003/R000000012
R000000013/1.000000/0000/Guesstimate
R000000011/6.063100/0225/R000000003/R000000013/R000000008
R000000001/5.502210/0153/R000000011
Q000000002/4.267642/0000/R000000001
Q000000003/Analysis Failed
Q000000004/Analysis Failed
<NEXT>