#
#  Reaction log file
#  Author: LigBuilder V3 User_Diana
#  Creation time: Thu Apr  9 21:13:17 2026
#  Format:
#  QueryMoleculeId/Cost/SynthesizeId/ReactantId1/ReactantId2/ReactantId3.....
#  Id prefix:
#  Q --- Query Molecule
#  M --- Material
#  R --- Reactant
#
Directory      result/synthesize_PfHDAC1/26/DATABASE/
#
Q000000001/6.282918/0000/R000000001
R000000006/1.000000/0000/Guesstimate
M000000007/1.000000/0000/Sigma_BB-234767090
R000000005/2.222222/0224/R000000006/M000000007
R000000009/1.000000/0000/Guesstimate
R000000008/2.222222/0224/R000000009/M000000007
R000000010/1.000000/0000/Guesstimate
R000000005/3.580247/0018/R000000008/R000000010
R000000004/2.469136/0125/R000000005
R000000011/1.000000/0000/Guesstimate
R000000004/3.580247/0112/R000000005/R000000011
R000000003/2.743484/0040/R000000004
M000000015/1.000000/0000/Sigma_BB-187206312
R000000014/2.222222/0224/R000000009/M000000015
R000000017/1.000000/0000/Guesstimate
R000000016/2.222222/0224/R000000017/M000000015
R000000014/2.469136/0294/R000000016
R000000018/1.000000/0000/Guesstimate
R000000013/3.580247/0004/R000000014/R000000018
R000000019/3.580247/0004/R000000008/R000000018
R000000021/1.000000/0000/Guesstimate
R000000020/3.580247/0003/R000000008/R000000021
R000000020/3.580247/0112/R000000014/R000000011
R000000019/3.978053/0040/R000000020
R000000013/3.978053/0093/R000000019
R000000012/3.978053/0073/R000000013
R000000012/3.978053/0216/R000000019
R000000003/5.531170/0018/R000000012/R000000010
R000000024/1.000000/0000/Guesstimate
R000000023/1.111111/0293/R000000024
R000000025/1.000000/0000/Guesstimate
R000000022/2.345679/0301/R000000023/R000000025
R000000022/2.345679/0301/R000000023/R000000025
R000000002/5.654626/0003/R000000003/R000000022
R000000027/1.000000/0000/Guesstimate
R000000026/3.580247/0004/R000000005/R000000027
R000000028/3.580247/0004/R000000008/R000000027
R000000028/3.978053/0085/R000000019
R000000026/5.089163/0018/R000000028/R000000010
R000000029/3.717421/0112/R000000011/R000000022
R000000031/1.000000/0000/Guesstimate
R000000030/3.717421/0004/R000000031/R000000022
R000000029/4.130468/0009/R000000030
R000000002/8.108521/0049/R000000026/R000000029
R000000001/6.282918/0147/R000000002
R000000033/3.580247/0004/R000000005/R000000018
R000000033/5.089163/0018/R000000019/R000000010
R000000036/1.000000/0000/Guesstimate
R000000035/2.222222/0277/R000000027/R000000036
R000000037/1.000000/0000/Guesstimate
R000000034/3.580247/0226/R000000035/R000000037
R000000034/3.580247/0277/R000000035/R000000025
R000000032/7.956105/0212/R000000033/R000000034
R000000032/7.956105/0212/R000000033/R000000034
R000000001/8.840117/0099/R000000032
Q000000002/8.840117/0000/R000000038
M000000041/1.000000/0000/Sigma_BB-28769469
R000000040/3.580247/0277/R000000035/M000000041
R000000043/3.978053/0100/R000000040
R000000043/3.978053/0216/R000000040
R000000042/4.420059/0197/R000000043
R000000040/6.022288/0004/R000000018/R000000042
R000000039/7.956105/0212/R000000033/R000000040
R000000039/7.956105/0212/R000000033/R000000040
R000000038/8.840117/0099/R000000039
R000000047/1.000000/0000/Guesstimate
R000000046/2.222222/0224/R000000047/M000000007
R000000046/2.469136/0257/R000000005
R000000045/3.580247/0004/R000000046/R000000018
R000000048/3.580247/0003/R000000046/R000000021
R000000045/3.978053/0040/R000000048
R000000050/2.345679/0301/R000000023/M000000041
R000000050/2.345679/0301/R000000023/M000000041
R000000049/3.717421/0004/R000000018/R000000050
R000000051/3.717421/0003/R000000050/R000000021
R000000049/4.130468/0040/R000000051
R000000044/8.108521/0212/R000000045/R000000049
R000000044/8.108521/0212/R000000045/R000000049
R000000038/9.009467/0041/R000000044
Q000000003/6.282918/0000/R000000001
Q000000004/9.009467/0000/R000000052
R000000056/1.000000/0000/Guesstimate
R000000055/2.345679/0301/R000000023/R000000056
R000000055/2.345679/0301/R000000023/R000000056
R000000054/3.717421/0004/R000000018/R000000055
R000000057/3.717421/0003/R000000055/R000000021
R000000054/4.130468/0040/R000000057
R000000053/8.108521/0212/R000000045/R000000054
R000000053/8.108521/0212/R000000045/R000000054
R000000052/9.009467/0041/R000000053
R000000058/8.108521/0212/R000000019/R000000054
R000000058/8.108521/0212/R000000019/R000000054
R000000052/9.108521/0018/R000000058/R000000010
<NEXT>