#
#  Reaction log file
#  Author: LigBuilder V3 User_Diana
#  Creation time: Thu Apr  9 21:13:16 2026
#  Format:
#  QueryMoleculeId/Cost/SynthesizeId/ReactantId1/ReactantId2/ReactantId3.....
#  Id prefix:
#  Q --- Query Molecule
#  M --- Material
#  R --- Reactant
#
Directory      result/synthesize_PfHDAC1/15/DATABASE/
#
Q000000001/6.022288/0000/R000000001
R000000005/1.000000/0000/Guesstimate
M000000007/1.000000/0000/Sigma_BB-187206312
R000000008/1.000000/0000/Guesstimate
R000000006/2.222222/0301/M000000007/R000000008
R000000006/2.222222/0301/M000000007/R000000008
R000000004/3.580247/0224/R000000005/R000000006
R000000003/3.978053/0082/R000000004
R000000010/1.000000/0000/Guesstimate
R000000009/3.580247/0224/R000000010/R000000006
R000000011/1.000000/0000/Guesstimate
R000000003/5.089163/0112/R000000009/R000000011
R000000002/4.420059/0041/R000000003
R000000013/1.000000/0000/Guesstimate
R000000012/3.580247/0224/R000000013/R000000006
R000000015/1.000000/0000/Guesstimate
R000000014/3.580247/0224/R000000015/R000000006
R000000012/3.978053/0294/R000000014
R000000016/1.000000/0000/Guesstimate
R000000002/5.089163/0018/R000000012/R000000016
R000000017/1.000000/0000/Guesstimate
R000000001/6.022288/0003/R000000002/R000000017
R000000018/5.089163/0003/R000000012/R000000017
R000000020/2.222222/0224/R000000013/M000000007
R000000021/1.000000/0000/Guesstimate
R000000019/3.580247/0003/R000000020/R000000021
R000000022/2.469136/0118/R000000020
R000000022/3.580247/0112/R000000020/R000000011
R000000023/1.000000/0000/Guesstimate
R000000019/3.854596/0049/R000000022/R000000023
R000000024/1.000000/0000/Guesstimate
R000000018/5.089163/0049/R000000019/R000000024
R000000001/6.765737/0018/R000000018/R000000016
Q000000002/6.765737/0000/R000000025
R000000027/1.000000/0000/Guesstimate
R000000026/5.089163/0122/R000000012/R000000027
R000000028/5.089163/0003/R000000012/R000000021
R000000028/5.089163/0049/R000000019/R000000023
R000000029/1.000000/0000/Guesstimate
R000000026/6.765737/0122/R000000028/R000000029
R000000025/6.765737/0018/R000000026/R000000016
R000000033/1.000000/0000/Guesstimate
R000000032/2.222222/0224/R000000033/M000000007
R000000032/3.580247/0018/R000000020/R000000016
R000000031/3.580247/0004/R000000032/R000000017
R000000034/3.580247/0004/R000000020/R000000017
R000000034/3.978053/0040/R000000019
R000000031/5.089163/0018/R000000034/R000000016
M000000037/1.000000/0000/Sigma_BB-28764950
R000000036/1.111111/0085/M000000037
R000000038/1.000000/0000/Guesstimate
R000000035/2.345679/0212/R000000036/R000000038
R000000039/2.222222/0004/M000000037/R000000029
R000000039/2.222222/0277/M000000037/R000000029
R000000035/2.469136/0197/R000000039
R000000030/6.584363/0212/R000000031/R000000035
R000000030/6.584363/0212/R000000031/R000000035
R000000025/7.315958/0028/R000000030
Q000000003/8.274654/0000/R000000040
R000000043/1.000000/0000/Guesstimate
R000000042/2.222222/0003/R000000021/R000000043
M000000045/1.000000/0000/Sigma_BB-30407107
R000000046/1.000000/0000/Guesstimate
R000000044/2.222222/0277/M000000045/R000000046
R000000044/2.222222/0301/M000000045/R000000043
R000000042/2.469136/0009/R000000044
R000000041/6.447188/0122/R000000012/R000000042
R000000041/6.765737/0122/R000000028/R000000043
R000000040/8.274654/0018/R000000041/R000000016
R000000050/1.000000/0000/Guesstimate
R000000051/1.000000/0000/Guesstimate
R000000049/2.222222/0225/R000000050/R000000051
R000000049/2.222222/0225/R000000050/R000000051
R000000048/3.703704/0212/R000000036/R000000049
R000000048/3.703704/0212/R000000036/R000000049
R000000047/8.093279/0212/R000000031/R000000048
R000000047/8.093279/0212/R000000031/R000000048
R000000040/8.992533/0028/R000000047
Q000000004/6.765737/0000/R000000025
<NEXT>