#
#  Reaction log file
#  Author: LigBuilder V3 User_Diana
#  Creation time: Thu Apr  9 21:17:06 2026
#  Format:
#  QueryMoleculeId/Cost/SynthesizeId/ReactantId1/ReactantId2/ReactantId3.....
#  Id prefix:
#  Q --- Query Molecule
#  M --- Material
#  R --- Reactant
#
Directory      result/synthesize_PfHDAC1/202/DATABASE/
#
Q000000001/5.654626/0000/R000000001
R000000003/1.000000/0000/Guesstimate
R000000005/1.000000/0000/Guesstimate
R000000007/1.000000/0000/Guesstimate
R000000008/1.000000/0000/Guesstimate
R000000006/2.222222/0301/R000000007/R000000008
R000000006/2.222222/0301/R000000007/R000000008
R000000004/3.580247/0003/R000000005/R000000006
R000000010/1.000000/0000/Guesstimate
R000000011/1.000000/0000/Guesstimate
R000000009/2.222222/0001/R000000010/R000000011
R000000012/1.000000/0000/Guesstimate
R000000009/2.222222/0004/R000000010/R000000012
R000000013/2.469136/0118/R000000006
R000000013/3.580247/0112/R000000012/R000000006
R000000004/5.212621/0049/R000000009/R000000013
R000000002/5.089163/0261/R000000003/R000000004
R000000015/2.222222/0003/R000000005/R000000007
R000000016/1.000000/0000/Guesstimate
R000000015/2.222222/0301/R000000016/R000000007
R000000014/3.580247/0261/R000000003/R000000015
R000000017/3.333333/0261/R000000003/R000000005/R000000007
R000000014/3.703704/0003/R000000017
R000000002/5.089163/0301/R000000014/R000000008
R000000001/5.654626/0099/R000000002
R000000020/3.978053/0099/R000000014
R000000019/4.420059/0024/R000000020
R000000018/6.022288/0301/R000000019/R000000008
R000000018/6.022288/0301/R000000019/R000000008
R000000001/7.802542/0119/R000000018/R000000003
Q000000002/Analysis Failed
Q000000003/Analysis Failed
<NEXT>