#
#  Reaction log file
#  Author: LigBuilder V3 User_Diana
#  Creation time: Thu Apr  9 21:13:51 2026
#  Format:
#  QueryMoleculeId/Cost/SynthesizeId/ReactantId1/ReactantId2/ReactantId3.....
#  Id prefix:
#  Q --- Query Molecule
#  M --- Material
#  R --- Reactant
#
Directory      result/synthesize_PfHDAC1/31/DATABASE/
#
Q000000001/7.959492/0000/R000000001
R000000006/1.000000/0000/Guesstimate
M000000007/1.000000/0000/Sigma_BB-187206312
R000000005/2.222222/0224/R000000006/M000000007
R000000009/1.000000/0000/Guesstimate
R000000008/2.222222/0224/R000000009/M000000007
R000000005/2.469136/0082/R000000008
R000000010/1.000000/0000/Guesstimate
R000000004/3.580247/0301/R000000005/R000000010
R000000004/3.580247/0301/R000000005/R000000010
R000000003/3.978053/0041/R000000004
R000000014/1.000000/0000/Guesstimate
R000000013/2.222222/0224/R000000014/M000000007
M000000017/1.000000/0000/Sigma_BB-234767090
R000000016/2.222222/0224/R000000014/M000000017
R000000018/1.000000/0000/Guesstimate
R000000015/3.580247/0004/R000000016/R000000018
R000000020/1.000000/0000/Guesstimate
R000000019/3.580247/0003/R000000016/R000000020
R000000015/3.978053/0040/R000000019
R000000013/3.978053/0197/R000000015
R000000012/3.580247/0004/R000000013/R000000018
R000000012/3.978053/0093/R000000015
R000000011/3.978053/0197/R000000012
R000000021/1.000000/0000/Guesstimate
R000000011/5.089163/0212/R000000015/R000000021
R000000022/1.000000/0000/Guesstimate
R000000003/5.531170/0018/R000000011/R000000022
R000000025/1.000000/0000/Guesstimate
M000000026/1.000000/0000/Sigma_BB-28893117
R000000024/2.222222/0277/R000000025/M000000026
R000000023/2.469136/0150/R000000024
R000000027/9.000000/0000/Guesstimate
R000000023/10.000000/0082/R000000027
R000000002/7.163543/0277/R000000003/R000000023
R000000028/2.469136/0041/R000000005
R000000028/3.580247/0018/R000000013/R000000022
R000000031/1.000000/0000/Guesstimate
R000000030/3.854596/0277/R000000031/R000000023
R000000029/4.282884/0155/R000000030
R000000032/3.854596/0285/R000000022/R000000023
R000000029/4.282884/0228/R000000032
R000000002/7.502244/0301/R000000028/R000000029
R000000001/7.959492/0099/R000000002
R000000036/1.000000/0000/Guesstimate
R000000035/2.222222/0224/R000000036/M000000017
R000000035/3.580247/0018/R000000016/R000000022
R000000034/2.469136/0125/R000000035
R000000037/1.000000/0000/Guesstimate
R000000034/3.580247/0112/R000000035/R000000037
R000000040/1.000000/0000/Guesstimate
R000000039/3.854596/0277/R000000040/R000000023
R000000038/4.282884/0099/R000000039
R000000041/4.282884/0059/R000000039
R000000042/1.000000/0000/Guesstimate
R000000041/5.393995/0224/R000000039/R000000042
R000000038/4.758760/0188/R000000041
R000000033/7.502244/0138/R000000034/R000000038
R000000047/2.222222/0004/M000000007/R000000018
R000000048/2.222222/0004/M000000017/R000000018
R000000049/1.000000/0000/Guesstimate
R000000050/1.000000/0000/Guesstimate
R000000048/3.333333/0225/M000000017/R000000049/R000000050
R000000047/2.469136/0093/R000000048
R000000046/2.469136/0073/R000000047
R000000046/2.469136/0216/R000000048
R000000045/2.743484/0091/R000000046
R000000044/3.048316/0079/R000000045
R000000044/4.159427/0112/R000000045/R000000049
R000000043/8.145779/0138/R000000044/R000000038
R000000033/9.145779/0224/R000000036/R000000043
R000000001/8.335828/0147/R000000033
Q000000002/6.282918/0000/R000000051
R000000053/2.743484/0040/R000000034
R000000054/3.978053/0073/R000000012
R000000054/3.978053/0216/R000000015
R000000053/5.531170/0018/R000000054/R000000022
R000000057/1.000000/0000/Guesstimate
R000000056/1.111111/0293/R000000057
R000000058/1.000000/0000/Guesstimate
R000000055/2.345679/0301/R000000056/R000000058
R000000055/2.345679/0301/R000000056/R000000058
R000000052/5.654626/0003/R000000053/R000000055
R000000059/3.580247/0004/R000000035/R000000021
R000000060/3.580247/0004/R000000016/R000000021
R000000060/3.978053/0085/R000000015
R000000059/5.089163/0018/R000000060/R000000022
R000000061/3.717421/0112/R000000037/R000000055
R000000063/1.000000/0000/Guesstimate
R000000062/3.717421/0004/R000000063/R000000055
R000000061/4.130468/0009/R000000062
R000000052/8.108521/0049/R000000059/R000000061
R000000051/6.282918/0147/R000000052
R000000065/3.580247/0004/R000000035/R000000018
R000000065/5.089163/0018/R000000015/R000000022
R000000067/2.222222/0277/R000000021/R000000025
R000000068/1.000000/0000/Guesstimate
R000000066/3.580247/0226/R000000067/R000000068
R000000066/3.580247/0277/R000000067/R000000058
R000000064/7.956105/0212/R000000065/R000000066
R000000064/7.956105/0212/R000000065/R000000066
R000000051/8.840117/0099/R000000064
Q000000003/7.976428/0000/R000000069
R000000073/1.000000/0000/Guesstimate
R000000072/2.345679/0301/R000000056/R000000073
R000000072/2.345679/0301/R000000056/R000000073
R000000074/1.000000/0000/Guesstimate
R000000071/3.717421/0170/R000000072/R000000074
R000000076/1.000000/0000/Guesstimate
R000000075/2.345679/0301/R000000056/R000000076
R000000075/2.345679/0301/R000000056/R000000076
R000000077/1.000000/0000/Guesstimate
R000000071/3.717421/0170/R000000075/R000000077
R000000070/7.178785/0003/R000000053/R000000071
R000000078/5.241580/0112/R000000037/R000000071
R000000079/5.241580/0004/R000000063/R000000071
R000000078/5.823977/0009/R000000079
R000000070/9.802031/0049/R000000059/R000000078
R000000069/7.976428/0147/R000000070
R000000082/2.222222/0224/R000000006/M000000017
R000000082/2.469136/0257/R000000035
R000000081/3.580247/0004/R000000082/R000000018
R000000083/3.580247/0003/R000000082/R000000020
R000000083/3.580247/0112/R000000005/R000000037
R000000081/3.978053/0040/R000000083
R000000085/2.345679/0004/R000000018/R000000056
R000000085/3.456790/0225/R000000049/R000000056/R000000050
R000000086/2.222222/0170/R000000073/R000000074
R000000086/2.222222/0170/R000000076/R000000077
R000000084/5.075447/0301/R000000085/R000000086
R000000084/5.075447/0301/R000000085/R000000086
R000000080/9.617438/0212/R000000081/R000000084
R000000080/9.617438/0212/R000000081/R000000084
R000000069/9.617438/0041/R000000080
<NEXT>