#
#  Reaction log file
#  Author: LigBuilder V3 User_Diana
#  Creation time: Thu Apr  9 21:18:35 2026
#  Format:
#  QueryMoleculeId/Cost/SynthesizeId/ReactantId1/ReactantId2/ReactantId3.....
#  Id prefix:
#  Q --- Query Molecule
#  M --- Material
#  R --- Reactant
#
Directory      result/synthesize_PfHDAC1/260/DATABASE/
#
Q000000001/4.282884/0000/R000000001
R000000005/1.000000/0000/Guesstimate
M000000006/1.000000/0000/Sigma_BB-28796191
R000000004/2.222222/0002/R000000005/M000000006
R000000004/2.222222/0004/R000000005/M000000006
R000000003/2.469136/0197/R000000004
R000000008/1.000000/0000/Guesstimate
R000000007/2.222222/0004/R000000008/M000000006
R000000003/2.469136/0204/R000000007
R000000009/1.000000/0000/Guesstimate
R000000002/3.854596/0122/R000000003/R000000009
R000000010/1.000000/0000/Guesstimate
R000000012/2.743484/0041/R000000003
R000000012/2.743484/0233/R000000003
R000000011/3.048316/0295/R000000012
R000000002/4.498129/0279/R000000010/R000000011
R000000001/4.282884/0294/R000000002
R000000016/1.000000/0000/Guesstimate
R000000017/1.000000/0000/Guesstimate
R000000015/2.222222/0003/R000000016/R000000017
R000000018/1.000000/0000/Guesstimate
R000000015/2.222222/0042/R000000018/R000000005
R000000014/2.469136/0059/R000000015
R000000020/1.000000/0000/Guesstimate
R000000021/1.000000/0000/Guesstimate
R000000019/2.222222/0003/R000000020/R000000021
R000000022/1.000000/0000/Guesstimate
R000000023/1.000000/0000/Guesstimate
R000000019/2.222222/0112/R000000022/R000000023
R000000014/2.469136/0147/R000000019
M000000026/1.000000/0000/Sigma_BB-61607680
R000000027/1.000000/0000/Guesstimate
R000000025/2.222222/0224/M000000026/R000000027
R000000024/2.469136/0150/R000000025
R000000028/3.048316/0300/R000000012
R000000024/3.387018/0139/R000000028
R000000013/5.486969/0279/R000000014/R000000024
R000000013/5.486969/0279/R000000014/R000000024
R000000001/6.096632/0294/R000000013
Q000000002/Analysis Failed
Q000000003/Analysis Failed
<NEXT>