#
#  Reaction log file
#  Author: LigBuilder V3 User_Diana
#  Creation time: Thu Apr  9 21:13:46 2026
#  Format:
#  QueryMoleculeId/Cost/SynthesizeId/ReactantId1/ReactantId2/ReactantId3.....
#  Id prefix:
#  Q --- Query Molecule
#  M --- Material
#  R --- Reactant
#
Directory      result/synthesize_PfHDAC1/48/DATABASE/
#
Q000000001/3.978053/0000/R000000001
R000000004/1.000000/0000/Guesstimate
M000000005/1.000000/0000/Sigma_BB-187206312
R000000003/2.222222/0224/R000000004/M000000005
R000000007/1.000000/0000/Guesstimate
R000000006/2.222222/0224/R000000007/M000000005
R000000003/2.469136/0082/R000000006
R000000008/1.000000/0000/Guesstimate
R000000002/3.580247/0170/R000000003/R000000008
M000000010/1.000000/0000/Sigma_BB-242067034
R000000009/2.222222/0224/R000000004/M000000010
R000000009/2.469136/0156/R000000003
R000000011/1.000000/0000/Guesstimate
R000000002/3.580247/0170/R000000009/R000000011
R000000001/3.978053/0041/R000000002
R000000014/1.000000/0000/Guesstimate
R000000013/2.222222/0224/R000000014/M000000005
R000000016/1.000000/0000/Guesstimate
R000000015/2.222222/0224/R000000016/M000000005
R000000013/2.469136/0294/R000000015
R000000012/3.580247/0170/R000000013/R000000008
R000000017/2.469136/0156/R000000013
R000000018/2.469136/0217/R000000013
R000000017/2.743484/0059/R000000018
R000000012/3.854596/0170/R000000017/R000000011
R000000019/1.000000/0000/Guesstimate
R000000001/5.089163/0018/R000000012/R000000019
Q000000002/4.420059/0000/R000000020
R000000024/1.000000/0000/Guesstimate
R000000023/2.222222/0224/R000000024/M000000005
R000000025/1.000000/0000/Guesstimate
R000000022/3.580247/0170/R000000023/R000000025
R000000026/2.222222/0224/R000000024/M000000010
R000000026/2.469136/0156/R000000023
R000000027/1.000000/0000/Guesstimate
R000000022/3.580247/0170/R000000026/R000000027
R000000021/3.978053/0125/R000000022
R000000028/1.000000/0000/Guesstimate
R000000021/5.089163/0112/R000000022/R000000028
R000000020/4.420059/0041/R000000021
R000000029/3.580247/0170/R000000013/R000000025
R000000032/1.000000/0000/Guesstimate
R000000031/3.580247/0170/R000000013/R000000032
R000000033/1.000000/0000/Guesstimate
R000000031/3.854596/0170/R000000017/R000000033
R000000030/3.978053/0118/R000000031
R000000030/5.089163/0112/R000000031/R000000028
R000000029/4.420059/0147/R000000030
R000000020/5.089163/0018/R000000029/R000000019
Q000000003/8.183412/0000/R000000034
R000000037/2.743484/0040/R000000018
R000000039/1.000000/0000/Guesstimate
R000000038/3.580247/0004/R000000013/R000000039
R000000040/1.000000/0000/Guesstimate
R000000041/1.000000/0000/Guesstimate
R000000038/4.691358/0225/R000000013/R000000040/R000000041
R000000037/3.978053/0073/R000000038
R000000036/4.159427/0018/R000000037/R000000019
R000000042/3.854596/0018/R000000018/R000000019
R000000036/4.282884/0040/R000000042
R000000045/1.000000/0000/Guesstimate
M000000046/1.000000/0000/Sigma_BB-28783729
R000000044/2.222222/0277/R000000045/M000000046
R000000043/2.469136/0147/R000000044
R000000049/1.000000/0000/Guesstimate
R000000050/1.000000/0000/Guesstimate
R000000048/2.222222/0274/R000000049/R000000050
M000000051/1.000000/0000/Sigma_BB-187158819
R000000047/3.580247/0212/R000000048/M000000051
R000000047/3.580247/0212/R000000048/M000000051
R000000043/3.978053/0197/R000000047
R000000035/7.365070/0003/R000000036/R000000043
M000000055/1.000000/0000/Sigma_BB-234767090
R000000054/2.222222/0224/R000000014/M000000055
R000000053/3.580247/0018/R000000054/R000000019
R000000053/4.621586/0197/R000000036
R000000052/5.089163/0004/R000000053/R000000050
R000000056/3.580247/0004/R000000054/R000000050
R000000057/3.580247/0004/R000000054/R000000039
R000000059/1.000000/0000/Guesstimate
R000000058/3.580247/0003/R000000054/R000000059
R000000058/3.854596/0049/R000000018/R000000050
R000000057/3.978053/0040/R000000058
R000000056/3.978053/0085/R000000057
R000000052/5.089163/0018/R000000056/R000000019
R000000062/1.000000/0000/Guesstimate
R000000061/3.854596/0004/R000000062/R000000043
M000000063/1.000000/0000/Sigma_BB-28778979
R000000061/5.089163/0212/M000000063/R000000047
R000000060/4.282884/0009/R000000061
R000000065/1.000000/0000/Guesstimate
R000000064/3.854596/0122/R000000065/R000000043
R000000060/4.282884/0082/R000000064
R000000035/9.372047/0049/R000000052/R000000060
R000000034/8.183412/0147/R000000035
R000000068/2.469136/0118/R000000003
R000000068/3.580247/0112/R000000003/R000000028
R000000067/2.743484/0040/R000000068
R000000069/2.222222/0224/R000000004/M000000055
R000000067/3.580247/0004/R000000069/R000000039
R000000070/3.978053/0093/R000000047
M000000072/1.000000/0000/Sigma_BB-28457967
R000000071/5.089163/0212/M000000072/R000000047
R000000071/5.089163/0212/M000000072/R000000047
R000000070/5.654626/0100/R000000071
R000000066/7.468375/0212/R000000067/R000000070
R000000073/3.580247/0004/R000000003/R000000039
M000000075/1.000000/0000/Sigma_BB-28524129
R000000074/4.159427/0212/R000000067/M000000075
R000000074/4.159427/0212/R000000067/M000000075
R000000073/4.621586/0024/R000000074
R000000066/7.956105/0212/R000000073/R000000047
R000000034/8.298194/0041/R000000066
<NEXT>