#
#  Reaction log file
#  Author: LigBuilder V3 User_Diana
#  Creation time: Thu Apr  9 21:19:14 2026
#  Format:
#  QueryMoleculeId/Cost/SynthesizeId/ReactantId1/ReactantId2/ReactantId3.....
#  Id prefix:
#  Q --- Query Molecule
#  M --- Material
#  R --- Reactant
#
Directory      result/synthesize_PfHDAC1/274/DATABASE/
#
Q000000001/6.435335/0000/R000000001
R000000006/1.000000/0000/Guesstimate
R000000007/1.000000/0000/Guesstimate
R000000005/2.222222/0004/R000000006/R000000007
R000000004/2.469136/0087/R000000005
R000000003/2.743484/0300/R000000004
R000000009/1.000000/0000/Guesstimate
R000000008/3.580247/0212/R000000005/R000000009
R000000008/3.580247/0212/R000000005/R000000009
R000000003/3.978053/0260/R000000008
R000000012/1.000000/0000/Guesstimate
M000000013/1.000000/0000/Sigma_BB-28494060
R000000011/2.222222/0277/R000000012/M000000013
R000000015/1.000000/0000/Guesstimate
R000000016/6.900000/0000/Guesstimate
R000000014/8.777778/0112/R000000015/R000000016
R000000017/8.600000/0000/Guesstimate
R000000014/9.555556/0082/R000000017
R000000011/9.753086/0228/R000000014
R000000010/2.469136/0099/R000000011
R000000010/9.666667/0090/R000000018
R000000002/5.791801/0112/R000000003/R000000010
R000000001/6.435335/0099/R000000002
R000000001/6.435335/0099/R000000002
Q000000002/6.435335/0000/R000000001
Q000000003/Analysis Failed
<NEXT>