#
#  Reaction log file
#  Author: LigBuilder V3 User_Diana
#  Creation time: Thu Apr  9 21:14:00 2026
#  Format:
#  QueryMoleculeId/Cost/SynthesizeId/ReactantId1/ReactantId2/ReactantId3.....
#  Id prefix:
#  Q --- Query Molecule
#  M --- Material
#  R --- Reactant
#
Directory      result/synthesize_PfHDAC1/75/DATABASE/
#
Q000000001/5.639385/0000/R000000001
R000000004/1.000000/0000/Guesstimate
R000000005/1.000000/0000/Guesstimate
R000000003/2.222222/0004/R000000004/R000000005
R000000007/1.000000/0000/Guesstimate
R000000006/2.222222/0004/R000000004/R000000007
R000000008/1.000000/0000/Guesstimate
R000000009/1.000000/0000/Guesstimate
R000000006/3.333333/0225/R000000004/R000000008/R000000009
R000000003/2.469136/0045/R000000006
M000000012/1.000000/0000/Sigma_BB-28764950
R000000011/1.111111/0085/M000000012
R000000013/1.000000/0000/Guesstimate
R000000010/2.345679/0212/R000000011/R000000013
R000000015/1.000000/0000/Guesstimate
R000000014/2.222222/0004/M000000012/R000000015
R000000014/2.222222/0277/M000000012/R000000015
R000000010/2.469136/0197/R000000014
R000000002/5.075447/0212/R000000003/R000000010
R000000002/5.075447/0212/R000000003/R000000010
R000000001/5.639385/0028/R000000002
R000000018/2.222222/0212/M000000012/R000000013
R000000018/2.222222/0212/M000000012/R000000013
R000000017/2.469136/0085/R000000018
R000000020/1.000000/0000/Guesstimate
R000000019/3.580247/0004/R000000018/R000000020
R000000017/3.978053/0197/R000000019
R000000016/5.212621/0212/R000000003/R000000017
R000000016/5.212621/0212/R000000003/R000000017
R000000001/5.791801/0028/R000000016
Q000000002/5.639385/0000/R000000001
Q000000003/5.791801/0000/R000000021
R000000025/1.000000/0000/Guesstimate
R000000024/2.222222/0004/M000000012/R000000025
R000000024/2.222222/0277/M000000012/R000000025
R000000023/2.469136/0197/R000000024
R000000027/1.000000/0000/Guesstimate
R000000026/1.111111/0040/R000000027
R000000028/1.000000/0000/Guesstimate
R000000026/1.111111/0283/R000000028
R000000023/2.469136/0212/R000000011/R000000026
R000000022/5.212621/0212/R000000003/R000000023
R000000022/5.212621/0212/R000000003/R000000023
R000000021/5.791801/0028/R000000022
R000000031/2.345679/0212/M000000012/R000000026
R000000031/2.345679/0212/M000000012/R000000026
R000000030/2.606310/0085/R000000031
R000000032/3.717421/0004/R000000031/R000000020
R000000030/4.130468/0197/R000000032
R000000029/5.365036/0212/R000000003/R000000030
R000000029/5.365036/0212/R000000003/R000000030
R000000021/5.961151/0028/R000000029
<NEXT>