#
#  Reaction log file
#  Author: LigBuilder V3 User_Diana
#  Creation time: Thu Apr  9 21:18:48 2026
#  Format:
#  QueryMoleculeId/Cost/SynthesizeId/ReactantId1/ReactantId2/ReactantId3.....
#  Id prefix:
#  Q --- Query Molecule
#  M --- Material
#  R --- Reactant
#
Directory      result/synthesize_PfHDAC1/247/DATABASE/
#
Q000000001/5.639385/0000/R000000001
M000000005/1.000000/0000/Sigma_BB-244358707
R000000004/1.111111/0204/M000000005
R000000006/1.000000/0000/Guesstimate
M000000007/1.000000/0000/Sigma_BB-187148319
R000000004/2.222222/0224/R000000006/M000000007
R000000008/1.000000/0000/Guesstimate
R000000003/2.345679/0003/R000000004/R000000008
R000000009/1.234568/0125/R000000004
R000000010/1.000000/0000/Guesstimate
R000000009/2.345679/0112/R000000004/R000000010
R000000011/1.000000/0000/Guesstimate
R000000003/2.482853/0049/R000000009/R000000011
R000000013/1.000000/0000/Guesstimate
R000000014/1.000000/0000/Guesstimate
R000000012/2.222222/0279/R000000013/R000000014
R000000012/2.222222/0279/R000000013/R000000014
R000000002/5.075447/0159/R000000003/R000000012
R000000015/3.703704/0159/R000000004/R000000012
R000000002/5.226338/0003/R000000015/R000000008
R000000001/5.639385/0059/R000000002
R000000018/1.000000/0000/Guesstimate
R000000017/2.345679/0112/R000000004/R000000018
R000000020/1.000000/0000/Guesstimate
R000000019/2.345679/0112/R000000004/R000000020
R000000017/2.606310/0059/R000000019
R000000016/5.075447/0159/R000000017/R000000012
R000000016/5.226338/0112/R000000015/R000000018
R000000001/5.639385/0147/R000000016
Q000000002/5.961151/0000/R000000021
M000000025/1.000000/0000/Sigma_BB-28830366
R000000024/2.345679/0004/R000000004/M000000025
R000000023/2.606310/0197/R000000024
R000000022/5.365036/0159/R000000023/R000000012
R000000021/5.961151/0028/R000000022
R000000027/2.606310/0041/R000000003
R000000029/1.000000/0000/Guesstimate
R000000028/2.345679/0112/R000000004/R000000029
R000000028/2.606310/0041/R000000019
R000000027/2.606310/0147/R000000028
R000000026/5.365036/0159/R000000027/R000000012
R000000021/5.961151/0139/R000000026
Q000000003/5.961151/0000/R000000021
Q000000004/5.961151/0000/R000000021
<NEXT>