#
#  Reaction log file
#  Author: LigBuilder V3 User_Diana
#  Creation time: Thu Apr  9 21:19:17 2026
#  Format:
#  QueryMoleculeId/Cost/SynthesizeId/ReactantId1/ReactantId2/ReactantId3.....
#  Id prefix:
#  Q --- Query Molecule
#  M --- Material
#  R --- Reactant
#
Directory      result/synthesize_PfHDAC1/277/DATABASE/
#
Q000000001/7.468375/0000/R000000001
R000000004/1.000000/0000/Guesstimate
R000000006/1.000000/0000/Guesstimate
R000000005/2.222222/0003/R000000004/R000000006
R000000007/1.000000/0000/Guesstimate
R000000005/2.222222/0277/R000000007/R000000006
R000000003/3.580247/0003/R000000004/R000000005
M000000009/1.000000/0000/Sigma_BB-30407107
R000000008/3.580247/0301/M000000009/R000000005
R000000008/3.580247/0301/M000000009/R000000005
R000000003/3.978053/0009/R000000008
R000000012/1.000000/0000/Guesstimate
R000000013/1.000000/0000/Guesstimate
R000000011/2.222222/0279/R000000012/R000000013
R000000011/2.222222/0279/R000000012/R000000013
R000000010/2.469136/0125/R000000011
R000000014/1.000000/0000/Guesstimate
R000000010/3.580247/0112/R000000014/R000000011
R000000002/6.721537/0159/R000000003/R000000010
R000000001/7.468375/0059/R000000002
R000000018/1.000000/0000/Guesstimate
R000000017/2.222222/0112/R000000018/R000000006
R000000016/3.580247/0003/R000000004/R000000017
R000000019/3.580247/0301/M000000009/R000000017
R000000019/3.580247/0301/M000000009/R000000017
R000000016/3.978053/0009/R000000019
R000000015/6.721537/0159/R000000016/R000000010
R000000001/7.468375/0147/R000000015
Q000000002/7.468375/0000/R000000001
Q000000003/7.468375/0000/R000000001
<NEXT>