#
#  Reaction log file
#  Author: LigBuilder V3 User_Diana
#  Creation time: Thu Apr  9 21:18:11 2026
#  Format:
#  QueryMoleculeId/Cost/SynthesizeId/ReactantId1/ReactantId2/ReactantId3.....
#  Id prefix:
#  Q --- Query Molecule
#  M --- Material
#  R --- Reactant
#
Directory      result/synthesize_PfHDAC1/226/DATABASE/
#
Q000000001/4.267642/0000/R000000001
M000000005/1.000000/0000/Sigma_BB-326691663
R000000004/1.111111/0041/M000000005
R000000004/1.111111/0233/M000000005
R000000006/1.000000/0000/Guesstimate
R000000003/2.345679/0169/R000000004/R000000006
R000000008/1.000000/0000/Guesstimate
R000000007/2.345679/0274/R000000004/R000000008
R000000003/2.606310/0260/R000000007
M000000010/1.000000/0000/Sigma_BB-29509005
R000000009/1.111111/0104/M000000010
R000000009/1.111111/0104/M000000010
R000000002/3.840878/0231/R000000003/R000000009
R000000001/4.267642/0160/R000000002
M000000015/1.000000/0000/Sigma_BB-161396501
R000000014/1.111111/0104/M000000015
R000000014/1.111111/0104/M000000015
M000000016/1.000000/0000/Sigma_BB-28823129
R000000013/2.345679/0231/R000000014/M000000016
R000000017/1.000000/0000/Guesstimate
R000000012/3.717421/0231/R000000013/R000000017
M000000020/1.000000/0000/Sigma_BB-28758567
R000000021/1.000000/0000/Guesstimate
R000000019/2.222222/0175/M000000020/R000000021
M000000022/1.000000/0000/Sigma_BB-35299811
R000000019/2.222222/0212/M000000022/R000000006
R000000018/2.469136/0139/R000000019
M000000024/1.000000/0000/Sigma_BB-48767194
R000000023/2.222222/0175/M000000020/M000000024
M000000025/1.000000/0000/Sigma_BB-28769516
R000000023/2.222222/0212/M000000022/M000000025
R000000018/2.469136/0150/R000000023
R000000012/3.978053/0231/R000000014/R000000018
R000000028/1.000000/0000/Guesstimate
R000000027/1.111111/0125/R000000028
R000000029/1.000000/0000/Guesstimate
R000000027/2.222222/0112/R000000028/R000000029
R000000026/1.234568/0041/R000000027
R000000031/1.000000/0000/Guesstimate
R000000030/2.222222/0169/R000000006/R000000031
R000000032/1.000000/0000/Guesstimate
R000000030/2.222222/0274/R000000006/R000000032
R000000026/2.469136/0155/R000000030
R000000011/5.502210/0301/R000000012/R000000026
M000000035/1.000000/0000/Sigma_BB-28473113
R000000034/1.111111/0104/M000000035
R000000034/1.111111/0104/M000000035
R000000036/2.222222/0169/R000000006/R000000006
R000000037/1.000000/0000/Guesstimate
R000000036/2.222222/0274/R000000006/R000000037
R000000033/3.703704/0212/R000000034/R000000036
R000000033/3.703704/0212/R000000034/R000000036
R000000011/6.858711/0231/R000000033/R000000018
R000000001/6.113567/0160/R000000011
Q000000002/Analysis Failed
Q000000003/Analysis Failed
<NEXT>