#
#  Reaction log file
#  Author: LigBuilder V3 User_Diana
#  Creation time: Thu Apr  9 21:17:18 2026
#  Format:
#  QueryMoleculeId/Cost/SynthesizeId/ReactantId1/ReactantId2/ReactantId3.....
#  Id prefix:
#  Q --- Query Molecule
#  M --- Material
#  R --- Reactant
#
Directory      result/synthesize_PfHDAC1/205/DATABASE/
#
Q000000001/4.572474/0000/R000000001
R000000005/1.000000/0000/Guesstimate
R000000004/1.111111/0118/R000000005
R000000006/1.000000/0000/Guesstimate
R000000004/2.222222/0112/R000000006/R000000005
R000000008/1.000000/0000/Guesstimate
R000000009/1.000000/0000/Guesstimate
R000000007/2.222222/0279/R000000008/R000000009
R000000007/2.222222/0279/R000000008/R000000009
R000000003/3.703704/0159/R000000004/R000000007
R000000002/4.115227/0079/R000000003
R000000010/1.000000/0000/Guesstimate
R000000002/5.226338/0112/R000000003/R000000010
R000000001/4.572474/0059/R000000002
R000000011/4.115227/0092/R000000003
R000000013/1.000000/0000/Guesstimate
R000000012/5.683586/0049/R000000002/R000000013
R000000014/5.226338/0112/R000000003/R000000006
R000000014/5.226338/0112/R000000003/R000000006
R000000012/5.807042/0147/R000000014
R000000011/6.315095/0040/R000000012
R000000001/4.572474/0153/R000000011
Q000000002/5.807042/0000/R000000015
R000000019/1.000000/0000/Guesstimate
R000000020/1.000000/0000/Guesstimate
R000000018/2.222222/0274/R000000019/R000000020
R000000022/1.000000/0000/Guesstimate
R000000021/1.111111/0125/R000000022
R000000021/2.222222/0112/R000000006/R000000022
R000000017/3.703704/0159/R000000018/R000000021
R000000024/1.000000/0000/Guesstimate
R000000023/3.580247/0159/R000000018/R000000024
R000000017/3.978053/0287/R000000023
R000000025/1.000000/0000/Guesstimate
R000000016/5.226338/0122/R000000017/R000000025
R000000016/5.226338/0122/R000000017/R000000025
R000000015/5.807042/0059/R000000016
R000000028/4.572474/0118/R000000002
R000000028/5.683586/0112/R000000002/R000000006
R000000027/5.080527/0059/R000000028
R000000030/1.000000/0000/Guesstimate
R000000029/6.191638/0122/R000000001/R000000030
R000000027/6.879599/0082/R000000029
R000000031/1.000000/0000/Guesstimate
R000000026/6.756142/0122/R000000027/R000000031
R000000033/5.645030/0041/R000000027
R000000033/5.645030/0233/R000000027
R000000032/6.272256/0295/R000000033
R000000034/9.200000/0000/Guesstimate
R000000032/9.200000/0287/R000000034
R000000035/1.000000/0000/Guesstimate
R000000026/8.080285/0279/R000000032/R000000035
R000000015/7.506824/0090/R000000026
Q000000003/4.572474/0000/R000000001
<NEXT>