#
#  Reaction log file
#  Author: LigBuilder V3 User_Diana
#  Creation time: Thu Apr  9 21:19:28 2026
#  Format:
#  QueryMoleculeId/Cost/SynthesizeId/ReactantId1/ReactantId2/ReactantId3.....
#  Id prefix:
#  Q --- Query Molecule
#  M --- Material
#  R --- Reactant
#
Directory      result/synthesize_PfHDAC1/288/DATABASE/
#
Q000000001/7.468375/0000/R000000001
R000000005/1.000000/0000/Guesstimate
R000000006/1.000000/0000/Guesstimate
R000000004/2.222222/0003/R000000005/R000000006
R000000007/1.000000/0000/Guesstimate
R000000008/1.000000/0000/Guesstimate
R000000004/2.222222/0003/R000000007/R000000008
R000000010/1.000000/0000/Guesstimate
R000000009/1.111111/0125/R000000010
R000000009/2.222222/0112/R000000008/R000000010
R000000003/3.703704/0159/R000000004/R000000009
R000000012/1.000000/0000/Guesstimate
R000000011/2.345679/0159/R000000012/R000000009
R000000013/1.000000/0000/Guesstimate
R000000003/3.717421/0175/R000000011/R000000013
R000000016/1.000000/0000/Guesstimate
R000000015/1.111111/0040/R000000016
R000000017/1.000000/0000/Guesstimate
R000000018/1.000000/0000/Guesstimate
R000000015/2.222222/0004/R000000017/R000000018
R000000019/1.000000/0000/Guesstimate
R000000014/2.345679/0169/R000000015/R000000019
R000000021/1.000000/0000/Guesstimate
R000000022/1.000000/0000/Guesstimate
R000000020/2.222222/0277/R000000021/R000000022
R000000014/2.469136/0155/R000000020
R000000002/6.721537/0122/R000000003/R000000014
R000000002/6.721537/0122/R000000003/R000000014
R000000001/7.468375/0059/R000000002
R000000024/2.606310/0059/R000000011
R000000025/9.000000/0000/Guesstimate
R000000024/10.000000/0156/R000000025
R000000028/1.000000/0000/Guesstimate
R000000027/3.717421/0004/R000000028/R000000014
R000000029/1.000000/0000/Guesstimate
R000000030/1.000000/0000/Guesstimate
R000000027/4.828533/0225/R000000014/R000000029/R000000030
R000000026/4.130468/0086/R000000027
R000000026/4.130468/0091/R000000027
R000000023/7.485310/0174/R000000024/R000000026
R000000033/1.000000/0000/Guesstimate
R000000032/4.007011/0174/R000000024/R000000033
R000000032/4.007011/0289/R000000024/R000000033
R000000031/5.563346/0004/R000000032/R000000028
R000000035/1.000000/0000/Guesstimate
R000000034/5.563346/0277/R000000032/R000000035
R000000036/1.000000/0000/Guesstimate
R000000034/5.563346/0301/R000000032/R000000036
R000000031/6.181496/0024/R000000034
R000000038/1.000000/0000/Guesstimate
R000000037/2.222222/0004/R000000038/R000000018
R000000039/2.222222/0001/R000000022/R000000006
R000000040/1.000000/0000/Guesstimate
R000000039/2.222222/0141/R000000022/R000000040
R000000037/2.469136/0040/R000000039
R000000023/8.650632/0212/R000000031/R000000037
R000000001/8.317011/0099/R000000023
Q000000002/7.462126/0000/R000000041
R000000045/2.895900/0287/R000000024
R000000044/3.217667/0125/R000000045
R000000044/4.328778/0112/R000000045/R000000008
R000000043/3.575186/0040/R000000044
R000000046/4.328778/0004/R000000045/R000000028
R000000047/4.328778/0003/R000000045/R000000006
R000000048/1.000000/0000/Guesstimate
R000000047/4.686297/0049/R000000044/R000000048
R000000046/4.809754/0040/R000000047
R000000043/4.809754/0216/R000000046
M000000051/1.000000/0000/Sigma_BB-28436097
M000000052/1.000000/0000/Sigma_BB-28762337
R000000050/2.222222/0212/M000000051/M000000052
R000000050/2.222222/0212/M000000051/M000000052
R000000049/2.469136/0122/R000000050
R000000054/1.000000/0000/Guesstimate
R000000053/2.222222/0277/R000000017/R000000054
R000000049/2.469136/0147/R000000053
R000000042/6.715913/0003/R000000043/R000000049
R000000055/4.328778/0004/R000000045/R000000048
R000000055/4.809754/0085/R000000046
R000000057/1.000000/0000/Guesstimate
R000000056/2.222222/0003/R000000006/R000000057
M000000059/1.000000/0000/Sigma_BB-28721388
M000000060/1.000000/0000/Sigma_BB-28843588
R000000058/2.222222/0212/M000000059/M000000060
R000000061/1.000000/0000/Guesstimate
R000000058/3.854596/0004/R000000061/R000000049
R000000056/2.469136/0009/R000000058
R000000042/7.278890/0049/R000000055/R000000056
R000000041/7.462126/0099/R000000042
R000000062/6.858711/0122/R000000003/R000000049
R000000062/6.858711/0122/R000000003/R000000049
R000000041/7.620790/0059/R000000062
Q000000003/7.462126/0000/R000000041
<NEXT>