#
#  Reaction log file
#  Author: LigBuilder V3 User_Diana
#  Creation time: Thu Apr  9 21:15:01 2026
#  Format:
#  QueryMoleculeId/Cost/SynthesizeId/ReactantId1/ReactantId2/ReactantId3.....
#  Id prefix:
#  Q --- Query Molecule
#  M --- Material
#  R --- Reactant
#
Directory      result/synthesize_PfHDAC1/105/DATABASE/
#
Q000000001/3.978053/0000/R000000001
R000000004/1.000000/0000/Guesstimate
R000000005/1.000000/0000/Guesstimate
R000000003/2.222222/0004/R000000004/R000000005
R000000007/1.000000/0000/Guesstimate
R000000006/2.222222/0112/R000000004/R000000007
R000000003/2.469136/0233/R000000006
R000000008/1.000000/0000/Guesstimate
R000000002/3.580247/0003/R000000003/R000000008
R000000010/2.469136/0197/R000000003
R000000011/9.800000/0000/Guesstimate
R000000010/9.800000/0155/R000000011
R000000012/1.000000/0000/Guesstimate
R000000009/3.854596/0004/R000000010/R000000012
R000000014/1.000000/0000/Guesstimate
R000000013/3.854596/0277/R000000010/R000000014
R000000015/1.000000/0000/Guesstimate
R000000013/3.854596/0301/R000000010/R000000015
R000000009/4.282884/0024/R000000013
R000000017/1.000000/0000/Guesstimate
R000000016/2.222222/0112/R000000017/R000000008
R000000019/1.000000/0000/Guesstimate
R000000018/2.222222/0004/R000000019/R000000008
R000000016/2.469136/0009/R000000018
R000000002/6.752020/0049/R000000009/R000000016
R000000001/3.978053/0099/R000000002
M000000023/1.000000/0000/Sigma_BB-28764950
R000000022/2.222222/0004/M000000023/R000000008
R000000021/2.469136/0197/R000000022
R000000020/5.212621/0212/R000000003/R000000021
R000000020/5.212621/0212/R000000003/R000000021
R000000001/5.791801/0028/R000000020
Q000000002/3.065251/0000/R000000024
R000000027/1.000000/0000/Guesstimate
R000000030/1.000000/0000/Guesstimate
R000000029/1.111111/0118/R000000030
R000000029/2.222222/0112/R000000030/R000000017
R000000028/1.234568/0059/R000000029
R000000032/1.000000/0000/Guesstimate
R000000033/1.000000/0000/Guesstimate
R000000031/2.222222/0274/R000000032/R000000033
R000000028/2.469136/0147/R000000031
R000000026/2.482853/0170/R000000027/R000000028
R000000034/3.580247/0170/R000000027/R000000031
R000000035/1.000000/0000/Guesstimate
R000000034/3.580247/0224/R000000035/R000000031
R000000026/3.978053/0147/R000000034
R000000025/2.758726/0082/R000000026
R000000038/1.000000/0000/Guesstimate
R000000037/1.111111/0125/R000000038
R000000037/2.222222/0112/R000000038/R000000017
R000000036/2.606310/0224/R000000037/R000000028
R000000039/2.345679/0224/R000000037/R000000032
R000000040/1.000000/0000/Guesstimate
R000000036/3.717421/0274/R000000039/R000000040
R000000025/2.895900/0079/R000000036
R000000024/3.065251/0041/R000000025
R000000042/1.000000/0000/Guesstimate
R000000041/2.482853/0170/R000000042/R000000028
R000000045/1.000000/0000/Guesstimate
R000000046/1.000000/0000/Guesstimate
R000000044/2.222222/0301/R000000045/R000000046
R000000044/2.222222/0301/R000000045/R000000046
R000000043/2.469136/0118/R000000044
R000000043/3.580247/0112/R000000044/R000000017
R000000041/2.743484/0147/R000000043
R000000047/1.000000/0000/Guesstimate
R000000024/3.869837/0018/R000000041/R000000047
Q000000003/3.065251/0000/R000000024
Q000000004/3.065251/0000/R000000024
<NEXT>