#
#  Reaction log file
#  Author: LigBuilder V3 User_Diana
#  Creation time: Thu Apr  9 21:16:01 2026
#  Format:
#  QueryMoleculeId/Cost/SynthesizeId/ReactantId1/ReactantId2/ReactantId3.....
#  Id prefix:
#  Q --- Query Molecule
#  M --- Material
#  R --- Reactant
#
Directory      result/synthesize_PfHDAC1/166/DATABASE/
#
Q000000001/4.159427/0000/R000000001
M000000002/1.000000/0000/Sigma_BB-31122901
R000000006/1.000000/0000/Guesstimate
R000000007/1.000000/0000/Guesstimate
R000000005/2.222222/0112/R000000006/R000000007
R000000004/2.469136/0153/R000000005
R000000009/1.000000/0000/Guesstimate
R000000008/2.222222/0112/R000000006/R000000009
R000000008/2.469136/0091/R000000005
R000000004/2.469136/0154/R000000008
R000000003/2.743484/0024/R000000004
R000000011/2.469136/0197/R000000005
R000000015/1.000000/0000/Guesstimate
R000000016/1.000000/0000/Guesstimate
R000000014/2.222222/0277/R000000015/R000000016
R000000013/2.469136/0073/R000000014
R000000017/2.469136/0100/R000000014
R000000017/2.469136/0216/R000000014
R000000013/2.743484/0100/R000000017
R000000012/2.743484/0086/R000000013
R000000012/2.743484/0091/R000000013
R000000011/3.048316/0099/R000000012
R000000019/1.000000/0000/Guesstimate
R000000018/1.111111/0287/R000000019
R000000010/3.978053/0112/R000000011/R000000018
R000000020/7.900000/0000/Guesstimate
R000000010/9.888888/0112/R000000006/R000000020
R000000003/4.420059/0025/R000000010
R000000001/4.159427/0119/M000000002/R000000003
R000000021/3.854596/0119/M000000002/R000000013
R000000021/4.159427/0276/M000000002/R000000012
R000000001/4.282884/0099/R000000021
Q000000002/Analysis Failed
Q000000003/Analysis Failed
<NEXT>