#
#  Reaction log file
#  Author: LigBuilder V3 User_Diana
#  Creation time: Thu Apr  9 21:13:44 2026
#  Format:
#  QueryMoleculeId/Cost/SynthesizeId/ReactantId1/ReactantId2/ReactantId3.....
#  Id prefix:
#  Q --- Query Molecule
#  M --- Material
#  R --- Reactant
#
Directory      result/synthesize_PfHDAC1/32/DATABASE/
#
Q000000001/4.159427/0000/R000000001
R000000005/1.000000/0000/Guesstimate
R000000006/1.000000/0000/Guesstimate
R000000004/2.222222/0279/R000000005/R000000006
R000000004/2.222222/0279/R000000005/R000000006
R000000003/2.469136/0274/R000000004
R000000007/2.222222/0274/R000000005/R000000006
R000000003/2.469136/0279/R000000007
R000000002/2.743484/0092/R000000003
R000000010/1.000000/0000/Guesstimate
R000000009/3.854596/0276/R000000003/R000000010
R000000009/3.854596/0278/R000000003/R000000010
R000000008/4.282884/0024/R000000009
R000000011/9.800000/0204/R000000008
R000000012/9.800000/0197/R000000008
R000000013/8.900000/0000/Guesstimate
R000000012/9.888888/0219/R000000013
R000000011/9.888888/0125/R000000012
R000000008/9.555556/0040/R000000011
R000000002/4.758760/0093/R000000008
R000000014/1.000000/0000/Guesstimate
R000000001/4.159427/0004/R000000002/R000000014
R000000016/3.854596/0112/R000000003/R000000014
R000000017/3.580247/0112/R000000004/R000000014
R000000016/3.978053/0274/R000000017
R000000019/1.000000/0000/Guesstimate
R000000021/1.000000/0000/Guesstimate
R000000020/1.111111/0287/R000000021
R000000018/2.345679/0004/R000000019/R000000020
R000000022/8.500000/0000/Guesstimate
R000000018/9.444445/0040/R000000022
R000000015/6.889194/0049/R000000016/R000000018
R000000024/4.282884/0147/R000000016
R000000023/4.758760/0293/R000000024
R000000023/4.758760/0293/R000000024
R000000027/1.000000/0000/Guesstimate
R000000026/2.222222/0174/R000000027/R000000021
R000000026/2.345679/0112/R000000027/R000000020
R000000025/2.469136/0197/R000000026
R000000028/7.400000/0000/Guesstimate
R000000025/8.222222/0091/R000000028
R000000015/8.030996/0112/R000000023/R000000025
R000000001/7.654660/0025/R000000015
Q000000002/4.159427/0000/R000000001
Q000000003/4.159427/0000/R000000001
Q000000004/Analysis Failed
<NEXT>