#
#  Reaction log file
#  Author: LigBuilder V3 User_Diana
#  Creation time: Thu Apr  9 21:19:49 2026
#  Format:
#  QueryMoleculeId/Cost/SynthesizeId/ReactantId1/ReactantId2/ReactantId3.....
#  Id prefix:
#  Q --- Query Molecule
#  M --- Material
#  R --- Reactant
#
Directory      result/synthesize_PfHDAC1/290/DATABASE/
#
Q000000001/6.435335/0000/R000000001
R000000006/1.000000/0000/Guesstimate
R000000007/1.000000/0000/Guesstimate
R000000005/2.222222/0004/R000000006/R000000007
R000000008/1.000000/0000/Guesstimate
R000000009/1.000000/0000/Guesstimate
R000000005/3.333333/0225/R000000008/R000000007/R000000009
R000000004/2.469136/0093/R000000005
M000000011/1.000000/0000/Sigma_BB-28457967
R000000010/3.580247/0212/R000000005/M000000011
R000000010/3.580247/0212/R000000005/M000000011
R000000004/3.978053/0100/R000000010
R000000003/2.743484/0197/R000000004
R000000013/1.000000/0000/Guesstimate
R000000012/3.580247/0212/R000000005/R000000013
R000000012/3.580247/0212/R000000005/R000000013
R000000003/3.978053/0155/R000000012
R000000016/1.000000/0000/Guesstimate
R000000015/1.111111/0118/R000000016
R000000017/1.000000/0000/Guesstimate
R000000015/2.222222/0112/R000000017/R000000016
R000000019/1.000000/0000/Guesstimate
R000000018/1.111111/0283/R000000019
R000000014/2.469136/0277/R000000015/R000000018
R000000002/5.791801/0122/R000000003/R000000014
R000000021/2.743484/0086/R000000004
R000000021/2.743484/0091/R000000004
R000000020/3.048316/0079/R000000021
R000000023/2.469136/0197/R000000005
R000000024/1.000000/0000/Guesstimate
R000000026/1.000000/0000/Guesstimate
R000000025/2.222222/0004/R000000026/R000000007
R000000023/3.580247/0212/R000000024/R000000025
R000000022/2.743484/0118/R000000023
R000000022/3.854596/0112/R000000023/R000000017
R000000020/4.159427/0049/R000000022/R000000026
R000000028/1.000000/0000/Guesstimate
R000000027/2.345679/0277/R000000028/R000000018
R000000030/1.000000/0000/Guesstimate
R000000029/2.345679/0277/R000000030/R000000018
R000000027/2.606310/0239/R000000029
R000000002/5.993328/0181/R000000020/R000000027
R000000001/6.435335/0099/R000000002
R000000034/1.000000/0000/Guesstimate
R000000033/3.717421/0181/R000000034/R000000027
R000000032/4.130468/0099/R000000033
R000000031/7.332894/0112/R000000023/R000000032
R000000001/8.147660/0147/R000000031
Q000000002/6.435335/0000/R000000001
Q000000003/6.435335/0000/R000000001
<NEXT>