#
#  Reaction log file
#  Author: LigBuilder V3 User_Diana
#  Creation time: Thu Apr  9 21:14:18 2026
#  Format:
#  QueryMoleculeId/Cost/SynthesizeId/ReactantId1/ReactantId2/ReactantId3.....
#  Id prefix:
#  Q --- Query Molecule
#  M --- Material
#  R --- Reactant
#
Directory      result/synthesize_PfHDAC1/68/DATABASE/
#
Q000000001/6.113567/0000/R000000001
R000000005/1.000000/0000/Guesstimate
M000000006/1.000000/0000/Sigma_BB-187206312
R000000004/2.222222/0224/R000000005/M000000006
M000000009/1.000000/0000/Sigma_BB-234767090
R000000008/2.222222/0224/R000000005/M000000009
R000000010/1.000000/0000/Guesstimate
R000000007/3.580247/0004/R000000008/R000000010
R000000012/1.000000/0000/Guesstimate
R000000011/3.580247/0112/R000000008/R000000012
R000000007/3.978053/0147/R000000011
R000000004/3.978053/0197/R000000007
R000000003/3.580247/0004/R000000004/R000000010
R000000013/2.222222/0004/M000000006/R000000010
R000000014/1.000000/0000/Guesstimate
R000000015/1.000000/0000/Guesstimate
R000000013/3.333333/0225/M000000006/R000000014/R000000015
R000000003/3.580247/0224/R000000005/R000000013
R000000019/1.000000/0000/Guesstimate
R000000018/1.111111/0228/R000000019
R000000020/1.111111/0198/R000000019
R000000021/1.000000/0000/Guesstimate
R000000022/1.000000/0000/Guesstimate
R000000020/2.222222/0274/R000000021/R000000022
R000000018/1.234568/0155/R000000020
R000000017/1.234568/0118/R000000018
R000000023/1.000000/0000/Guesstimate
R000000017/2.345679/0112/R000000018/R000000023
R000000016/1.371742/0040/R000000017
R000000025/1.000000/0000/Guesstimate
R000000026/1.000000/0000/Guesstimate
R000000024/2.222222/0274/R000000025/R000000026
R000000016/2.469136/0024/R000000024
R000000002/5.502210/0212/R000000003/R000000016
R000000027/2.345679/0004/R000000010/R000000018
R000000029/1.000000/0000/Guesstimate
R000000028/2.345679/0277/R000000029/R000000018
R000000030/1.000000/0000/Guesstimate
R000000028/2.345679/0301/R000000030/R000000018
R000000027/2.606310/0024/R000000028
R000000002/6.584363/0212/R000000007/R000000027
R000000001/6.113567/0041/R000000002
R000000034/1.000000/0000/Guesstimate
R000000033/2.222222/0224/R000000034/M000000006
R000000036/1.000000/0000/Guesstimate
R000000035/2.222222/0274/R000000036/R000000022
R000000032/4.938272/0301/R000000033/R000000035
R000000038/1.000000/0000/Guesstimate
R000000037/3.580247/0301/R000000033/R000000038
R000000037/3.580247/0301/R000000033/R000000038
R000000032/5.212621/0301/R000000037/R000000020
R000000031/5.486969/0155/R000000032
R000000040/2.222222/0224/R000000034/M000000009
R000000039/3.580247/0004/R000000040/R000000010
R000000042/1.000000/0000/Guesstimate
R000000041/3.580247/0003/R000000040/R000000042
R000000041/3.580247/0112/R000000033/R000000023
R000000039/3.978053/0040/R000000041
R000000031/6.584363/0212/R000000039/R000000027
R000000043/1.000000/0000/Guesstimate
R000000001/7.207744/0018/R000000031/R000000043
Q000000002/7.468375/0000/R000000044
R000000048/1.000000/0000/Guesstimate
R000000047/2.222222/0274/R000000025/R000000048
R000000049/1.000000/0000/Guesstimate
R000000047/3.580247/0301/R000000024/R000000049
R000000046/2.469136/0024/R000000047
R000000051/2.222222/0274/R000000021/R000000048
R000000052/1.000000/0000/Guesstimate
R000000053/1.000000/0000/Guesstimate
R000000051/2.222222/0301/R000000052/R000000053
R000000050/2.469136/0118/R000000051
R000000050/3.580247/0112/R000000051/R000000023
R000000046/2.743484/0040/R000000050
R000000045/6.721537/0212/R000000003/R000000046
R000000054/3.580247/0004/R000000010/R000000051
R000000055/3.580247/0277/R000000029/R000000051
R000000055/3.717421/0301/R000000028/R000000049
R000000054/3.978053/0024/R000000055
R000000045/7.956105/0212/R000000007/R000000054
R000000044/7.468375/0041/R000000045
R000000057/3.580247/0004/R000000033/R000000010
M000000059/1.000000/0000/Sigma_BB-28524129
R000000058/5.089163/0212/R000000039/M000000059
R000000058/5.089163/0212/R000000039/M000000059
R000000057/5.654626/0024/R000000058
R000000056/6.721537/0212/R000000057/R000000046
R000000056/7.956105/0212/R000000039/R000000054
R000000044/8.579486/0018/R000000056/R000000043
Q000000003/5.683586/0000/R000000060
R000000064/1.000000/0000/Guesstimate
R000000063/1.111111/0040/R000000064
R000000065/1.000000/0000/Guesstimate
R000000063/2.222222/0274/R000000065/R000000049
R000000062/3.703704/0003/R000000040/R000000063
R000000066/2.469136/0125/R000000040
R000000066/3.580247/0112/R000000040/R000000023
R000000068/1.000000/0000/Guesstimate
R000000069/1.000000/0000/Guesstimate
R000000067/2.222222/0004/R000000068/R000000069
R000000067/2.222222/0277/R000000068/R000000069
R000000062/5.212621/0049/R000000066/R000000067
R000000061/4.115227/0147/R000000062
R000000071/3.580247/0004/R000000040/R000000068
R000000071/3.978053/0085/R000000039
R000000070/5.089163/0049/R000000071/R000000064
R000000072/3.978053/0073/R000000057
R000000072/3.978053/0216/R000000039
R000000070/5.531170/0003/R000000072/R000000069
R000000061/5.654626/0147/R000000070
R000000060/5.683586/0018/R000000061/R000000043
R000000076/1.000000/0000/Guesstimate
R000000075/3.580247/0224/R000000076/R000000013
R000000074/5.212621/0212/R000000075/R000000063
R000000074/5.212621/0212/R000000075/R000000063
R000000073/5.791801/0125/R000000074
R000000073/6.902912/0112/R000000074/R000000023
R000000060/6.435335/0041/R000000073
Q000000004/7.468375/0000/R000000044
<NEXT>