#
#  Reaction log file
#  Author: LigBuilder V3 User_Diana
#  Creation time: Thu Apr  9 21:15:52 2026
#  Format:
#  QueryMoleculeId/Cost/SynthesizeId/ReactantId1/ReactantId2/ReactantId3.....
#  Id prefix:
#  Q --- Query Molecule
#  M --- Material
#  R --- Reactant
#
Directory      result/synthesize_PfHDAC1/135/DATABASE/
#
Q000000001/6.828605/0000/R000000001
R000000004/1.000000/0000/Guesstimate
R000000007/1.000000/0000/Guesstimate
R000000009/1.000000/0000/Guesstimate
R000000010/1.000000/0000/Guesstimate
R000000008/2.222222/0112/R000000009/R000000010
R000000006/3.580247/0285/R000000007/R000000008
R000000005/3.978053/0279/R000000006
R000000005/3.978053/0279/R000000006
R000000003/5.531170/0301/R000000004/R000000005
R000000003/5.531170/0301/R000000004/R000000005
R000000002/6.145744/0125/R000000003
R000000011/1.000000/0000/Guesstimate
R000000002/7.256855/0112/R000000003/R000000011
R000000001/6.828605/0041/R000000002
R000000015/1.000000/0000/Guesstimate
R000000014/2.222222/0301/R000000015/R000000007
R000000014/2.222222/0301/R000000015/R000000007
R000000013/4.938272/0279/R000000014/R000000008
R000000013/4.938272/0279/R000000014/R000000008
R000000012/5.486969/0285/R000000013
R000000012/5.531170/0301/R000000015/R000000005
R000000016/1.000000/0000/Guesstimate
R000000001/7.207744/0018/R000000012/R000000016
Q000000002/6.828605/0000/R000000001
Q000000003/4.130468/0000/R000000017
R000000019/1.000000/0000/Guesstimate
R000000021/1.000000/0000/Guesstimate
M000000023/1.000000/0000/Sigma_BB-28767253
R000000022/1.111111/0217/M000000023
R000000024/1.000000/0000/Guesstimate
R000000025/1.000000/0000/Guesstimate
R000000022/2.222222/0274/R000000024/R000000025
R000000020/2.345679/0081/R000000021/R000000022
R000000026/1.234568/0156/R000000022
R000000027/1.000000/0000/Guesstimate
R000000026/2.222222/0274/R000000027/R000000025
R000000020/2.482853/0210/R000000021/R000000026
R000000018/3.717421/0003/R000000019/R000000020
R000000029/1.000000/0000/Guesstimate
R000000028/2.222222/0018/R000000029/R000000016
R000000032/1.000000/0000/Guesstimate
R000000033/1.000000/0000/Guesstimate
R000000031/2.222222/0004/R000000032/R000000033
R000000036/1.000000/0000/Guesstimate
R000000035/1.111111/0040/R000000036
R000000037/1.000000/0000/Guesstimate
R000000035/2.222222/0004/R000000037/R000000033
R000000038/1.000000/0000/Guesstimate
R000000034/2.345679/0004/R000000035/R000000038
R000000031/2.606310/0009/R000000034
R000000030/2.469136/0086/R000000031
R000000030/2.469136/0091/R000000031
R000000028/2.743484/0041/R000000030
R000000039/2.606310/0197/R000000020
R000000018/5.365036/0112/R000000028/R000000039
R000000017/4.130468/0147/R000000018
R000000045/1.000000/0000/Guesstimate
R000000044/1.111111/0125/R000000045
R000000044/2.222222/0112/R000000045/R000000011
R000000043/1.234568/0041/R000000044
R000000046/1.000000/0000/Guesstimate
R000000043/2.222222/0018/R000000046/R000000016
M000000047/1.000000/0000/Sigma_BB-27733356
R000000042/2.482853/0003/R000000043/M000000047
R000000041/2.758726/0285/R000000042
R000000050/1.000000/0000/Guesstimate
R000000051/1.000000/0000/Guesstimate
R000000049/2.222222/0169/R000000050/R000000051
R000000052/1.000000/0000/Guesstimate
R000000049/3.333333/0225/R000000051/R000000051/R000000052
R000000048/2.469136/0139/R000000049
M000000054/1.000000/0000/Sigma_BB-30441135
R000000053/2.222222/0169/M000000054/R000000051
R000000055/1.000000/0000/Guesstimate
R000000053/3.333333/0225/R000000055/R000000051/R000000052
R000000048/2.469136/0150/R000000053
R000000040/5.808736/0277/R000000041/R000000048
R000000017/6.454152/0099/R000000040
<NEXT>