#
#  Reaction log file
#  Author: LigBuilder V3 User_Diana
#  Creation time: Thu Apr  9 21:13:19 2026
#  Format:
#  QueryMoleculeId/Cost/SynthesizeId/ReactantId1/ReactantId2/ReactantId3.....
#  Id prefix:
#  Q --- Query Molecule
#  M --- Material
#  R --- Reactant
#
Directory      result/synthesize_PfHDAC1/30/DATABASE/
#
Q000000001/7.163543/0000/R000000001
R000000005/1.000000/0000/Guesstimate
M000000006/1.000000/0000/Sigma_BB-234767090
R000000004/2.222222/0224/R000000005/M000000006
R000000008/1.000000/0000/Guesstimate
R000000007/2.222222/0224/R000000008/M000000006
R000000010/1.000000/0000/Guesstimate
R000000009/2.222222/0224/R000000010/M000000006
R000000011/1.000000/0000/Guesstimate
R000000007/3.580247/0018/R000000009/R000000011
R000000004/2.469136/0257/R000000007
R000000012/1.000000/0000/Guesstimate
R000000003/3.580247/0004/R000000004/R000000012
R000000014/1.000000/0000/Guesstimate
R000000013/3.580247/0003/R000000004/R000000014
M000000016/1.000000/0000/Sigma_BB-187206312
R000000015/2.222222/0224/R000000005/M000000016
R000000017/1.000000/0000/Guesstimate
R000000013/3.580247/0112/R000000015/R000000017
R000000003/3.978053/0040/R000000013
R000000019/1.000000/0000/Guesstimate
R000000018/2.222222/0004/R000000012/R000000019
R000000020/2.222222/0003/R000000019/R000000014
R000000018/2.469136/0040/R000000020
R000000002/6.447188/0212/R000000003/R000000018
R000000002/6.447188/0212/R000000003/R000000018
R000000001/7.163543/0041/R000000002
R000000022/3.580247/0004/R000000009/R000000012
R000000023/3.580247/0003/R000000009/R000000014
R000000022/3.978053/0040/R000000023
R000000021/6.447188/0212/R000000022/R000000018
R000000021/6.447188/0212/R000000022/R000000018
R000000001/8.274654/0018/R000000021/R000000011
Q000000002/7.959492/0000/R000000024
R000000028/1.000000/0000/Guesstimate
R000000027/3.580247/0301/R000000015/R000000028
R000000027/3.580247/0301/R000000015/R000000028
R000000026/3.978053/0041/R000000027
R000000031/2.222222/0224/R000000010/M000000016
R000000031/3.978053/0197/R000000022
R000000030/3.580247/0004/R000000031/R000000012
R000000030/3.978053/0093/R000000022
R000000029/3.978053/0197/R000000030
R000000032/1.000000/0000/Guesstimate
R000000029/5.089163/0212/R000000022/R000000032
R000000026/5.531170/0018/R000000029/R000000011
R000000035/1.000000/0000/Guesstimate
M000000036/1.000000/0000/Sigma_BB-28893117
R000000034/2.222222/0277/R000000035/M000000036
R000000033/2.469136/0150/R000000034
R000000037/9.000000/0000/Guesstimate
R000000033/10.000000/0082/R000000037
R000000025/7.163543/0277/R000000026/R000000033
R000000038/2.469136/0041/R000000015
R000000038/3.580247/0018/R000000031/R000000011
R000000041/1.000000/0000/Guesstimate
R000000040/3.854596/0277/R000000041/R000000033
R000000039/4.282884/0155/R000000040
R000000042/3.854596/0285/R000000011/R000000033
R000000039/4.282884/0228/R000000042
R000000025/7.502244/0301/R000000038/R000000039
R000000024/7.959492/0099/R000000025
R000000044/2.469136/0125/R000000007
R000000044/3.580247/0112/R000000007/R000000017
R000000047/1.000000/0000/Guesstimate
R000000046/3.854596/0277/R000000047/R000000033
R000000045/4.282884/0099/R000000046
R000000048/4.282884/0059/R000000046
R000000049/1.000000/0000/Guesstimate
R000000048/5.393995/0224/R000000046/R000000049
R000000045/4.758760/0188/R000000048
R000000043/7.502244/0138/R000000044/R000000045
R000000054/2.222222/0004/M000000016/R000000012
R000000055/2.222222/0004/M000000006/R000000012
R000000056/1.000000/0000/Guesstimate
R000000057/1.000000/0000/Guesstimate
R000000055/3.333333/0225/M000000006/R000000056/R000000057
R000000054/2.469136/0093/R000000055
R000000053/2.469136/0073/R000000054
R000000053/2.469136/0216/R000000055
R000000052/2.743484/0091/R000000053
R000000051/3.048316/0079/R000000052
R000000051/4.159427/0112/R000000052/R000000056
R000000050/8.145779/0138/R000000051/R000000045
R000000043/9.145779/0224/R000000008/R000000050
R000000024/8.335828/0147/R000000043
Q000000003/7.959492/0000/R000000024
<NEXT>