#
#  Reaction log file
#  Author: LigBuilder V3 User_Diana
#  Creation time: Thu Apr  9 21:16:53 2026
#  Format:
#  QueryMoleculeId/Cost/SynthesizeId/ReactantId1/ReactantId2/ReactantId3.....
#  Id prefix:
#  Q --- Query Molecule
#  M --- Material
#  R --- Reactant
#
Directory      result/synthesize_PfHDAC1/195/DATABASE/
#
Q000000001/7.620790/0000/R000000001
R000000005/1.000000/0000/Guesstimate
R000000004/1.111111/0040/R000000005
R000000006/1.000000/0000/Guesstimate
R000000004/1.111111/0085/R000000006
R000000008/1.000000/0000/Guesstimate
R000000009/1.000000/0000/Guesstimate
R000000007/2.222222/0004/R000000008/R000000009
R000000010/1.000000/0000/Guesstimate
R000000011/1.000000/0000/Guesstimate
R000000007/3.333333/0225/R000000010/R000000009/R000000011
R000000003/3.703704/0212/R000000004/R000000007
R000000003/3.703704/0212/R000000004/R000000007
R000000014/1.000000/0000/Guesstimate
M000000015/1.000000/0000/Sigma_BB-339151339
R000000013/2.222222/0002/R000000014/M000000015
R000000013/2.222222/0004/R000000014/M000000015
R000000012/2.469136/0197/R000000013
R000000017/1.000000/0000/Guesstimate
R000000016/2.222222/0004/R000000017/M000000015
R000000012/2.469136/0204/R000000016
R000000002/6.858711/0122/R000000003/R000000012
R000000019/3.580247/0001/R000000006/R000000016
R000000019/3.854596/0141/R000000006/R000000012
R000000018/3.978053/0099/R000000019
R000000020/3.854596/0122/R000000005/R000000012
R000000018/4.282884/0040/R000000020
R000000002/6.889194/0212/R000000018/R000000007
R000000001/7.620790/0294/R000000002
R000000024/1.000000/0000/Guesstimate
R000000023/2.222222/0004/R000000006/R000000024
R000000022/4.938272/0212/R000000023/R000000007
R000000022/4.938272/0212/R000000023/R000000007
R000000027/1.000000/0000/Guesstimate
R000000028/1.000000/0000/Guesstimate
R000000026/2.222222/0012/R000000027/R000000028
R000000026/2.222222/0285/R000000027/R000000028
R000000025/2.469136/0279/R000000026
R000000025/2.469136/0279/R000000026
R000000021/8.230453/0018/R000000022/R000000025
R000000029/5.212621/0018/R000000023/R000000025
R000000021/8.260937/0212/R000000029/R000000007
R000000001/9.144949/0160/R000000021
Q000000002/4.874465/0000/R000000030
R000000031/1.000000/0000/Guesstimate
R000000037/1.000000/0000/Guesstimate
R000000038/1.000000/0000/Guesstimate
R000000036/2.222222/0224/R000000037/R000000038
R000000035/2.469136/0041/R000000036
R000000040/1.000000/0000/Guesstimate
R000000039/2.222222/0224/R000000037/R000000040
R000000041/1.000000/0000/Guesstimate
R000000035/3.580247/0018/R000000039/R000000041
R000000034/2.743484/0125/R000000035
R000000042/1.000000/0000/Guesstimate
R000000034/3.854596/0112/R000000042/R000000035
R000000033/3.048316/0054/R000000034
M000000043/1.000000/0000/Sigma_BB-28778979
R000000044/3.854596/0004/R000000008/R000000035
R000000044/4.965707/0225/R000000010/R000000035/R000000011
R000000033/5.393995/0212/M000000043/R000000044
R000000032/3.387018/0009/R000000033
R000000045/1.000000/0000/Guesstimate
R000000032/3.854596/0003/R000000045/R000000035
R000000030/4.874465/0018/R000000031/R000000032
R000000047/1.000000/0000/Guesstimate
R000000046/4.874465/0018/R000000047/R000000032
R000000049/3.580247/0003/R000000045/R000000039
R000000048/5.089163/0018/R000000047/R000000049
M000000050/1.000000/0000/Sigma_BB-28829557
R000000051/3.580247/0004/R000000008/R000000039
R000000051/4.691358/0225/R000000010/R000000039/R000000011
R000000048/5.089163/0212/M000000050/R000000051
R000000046/6.765737/0018/R000000048/R000000041
R000000030/6.527184/0018/R000000046/R000000041
Q000000003/4.874465/0000/R000000030
<NEXT>