#
#  Reaction log file
#  Author: LigBuilder V3 User_Diana
#  Creation time: Thu Apr  9 21:14:18 2026
#  Format:
#  QueryMoleculeId/Cost/SynthesizeId/ReactantId1/ReactantId2/ReactantId3.....
#  Id prefix:
#  Q --- Query Molecule
#  M --- Material
#  R --- Reactant
#
Directory      result/synthesize_PfHDAC1/58/DATABASE/
#
Q000000001/2.895900/0000/R000000001
M000000005/1.000000/0000/Sigma_BB-34690523
R000000004/1.111111/0044/M000000005
R000000006/1.000000/0000/Guesstimate
R000000003/2.345679/0274/R000000004/R000000006
R000000007/2.222222/0274/M000000005/R000000006
R000000003/2.469136/0044/R000000007
R000000002/2.606310/0039/R000000003
R000000008/2.469136/0039/R000000007
R000000010/1.000000/0000/Guesstimate
R000000009/2.222222/0274/M000000005/R000000010
R000000011/1.000000/0000/Guesstimate
R000000008/3.580247/0119/R000000009/R000000011
R000000002/2.743484/0044/R000000008
R000000001/2.895900/0024/R000000002
M000000015/1.000000/0000/Sigma_BB-28777622
R000000014/2.345679/0274/R000000004/M000000015
R000000018/1.000000/0000/Guesstimate
R000000017/2.222222/0274/M000000005/R000000018
R000000016/2.469136/0044/R000000017
R000000020/1.000000/0000/Guesstimate
R000000019/2.345679/0274/R000000004/R000000020
R000000016/2.606310/0155/R000000019
R000000021/1.000000/0000/Guesstimate
R000000014/3.854596/0112/R000000016/R000000021
R000000013/2.606310/0197/R000000014
R000000022/2.469136/0086/R000000009
R000000022/2.469136/0091/R000000009
R000000013/2.743484/0044/R000000022
R000000024/1.000000/0000/Guesstimate
R000000023/1.111111/0287/R000000024
R000000025/7.400000/0000/Guesstimate
R000000023/8.222222/0197/R000000025
R000000012/4.130468/0112/R000000013/R000000023
R000000027/2.222222/0174/R000000021/R000000024
R000000027/2.222222/0289/R000000021/R000000024
R000000026/2.469136/0197/R000000027
R000000026/8.222222/0091/R000000025
R000000012/5.486969/0112/R000000016/R000000026
R000000001/4.589409/0025/R000000012
Q000000002/5.791801/0000/R000000028
R000000031/1.000000/0000/Guesstimate
R000000030/1.111111/0125/R000000031
R000000032/1.000000/0000/Guesstimate
R000000030/2.222222/0112/R000000031/R000000032
R000000035/1.000000/0000/Guesstimate
R000000036/1.000000/0000/Guesstimate
R000000034/2.222222/0112/R000000035/R000000036
R000000037/1.000000/0000/Guesstimate
R000000033/3.580247/0011/R000000034/R000000037
R000000039/2.222222/0112/R000000032/R000000036
R000000041/1.000000/0000/Guesstimate
R000000040/2.222222/0004/R000000041/R000000036
R000000039/2.469136/0009/R000000040
R000000038/2.469136/0040/R000000039
R000000033/3.854596/0003/R000000038/R000000020
R000000029/5.212621/0011/R000000030/R000000033
R000000042/3.703704/0011/R000000030/R000000034
R000000045/1.000000/0000/Guesstimate
R000000044/2.222222/0004/R000000031/R000000045
R000000043/2.469136/0197/R000000044
R000000043/2.469136/0197/R000000044
R000000042/5.486969/0003/R000000043/R000000038
R000000029/5.226338/0011/R000000042/R000000037
R000000028/5.791801/0099/R000000029
R000000049/1.000000/0000/Guesstimate
R000000048/3.580247/0285/R000000049/R000000039
R000000047/3.978053/0079/R000000048
R000000050/1.000000/0000/Guesstimate
R000000047/5.089163/0112/R000000048/R000000050
R000000046/5.654626/0256/R000000030/R000000047
R000000052/1.000000/0000/Guesstimate
R000000051/3.854596/0003/R000000043/R000000052
M000000054/1.000000/0000/Sigma_BB-28721388
R000000053/3.580247/0212/R000000044/M000000054
R000000053/3.580247/0212/R000000044/M000000054
R000000051/3.978053/0009/R000000053
R000000046/6.752020/0012/R000000051/R000000039
R000000028/6.282918/0041/R000000046
Q000000003/5.791801/0000/R000000028
<NEXT>