#
#  Reaction log file
#  Author: LigBuilder V3 User_Diana
#  Creation time: Thu Apr  9 21:15:49 2026
#  Format:
#  QueryMoleculeId/Cost/SynthesizeId/ReactantId1/ReactantId2/ReactantId3.....
#  Id prefix:
#  Q --- Query Molecule
#  M --- Material
#  R --- Reactant
#
Directory      result/synthesize_PfHDAC1/152/DATABASE/
#
Q000000001/6.096632/0000/R000000001
R000000005/1.000000/0000/Guesstimate
R000000006/1.000000/0000/Guesstimate
R000000004/2.222222/0274/R000000005/R000000006
R000000003/2.469136/0285/R000000004
R000000003/2.469136/0285/R000000004
R000000009/1.000000/0000/Guesstimate
R000000010/1.000000/0000/Guesstimate
R000000008/2.222222/0274/R000000009/R000000010
R000000007/2.469136/0138/R000000008
R000000007/9.777779/0082/R000000011
R000000002/5.486969/0224/R000000003/R000000007
R000000013/1.000000/0000/Guesstimate
R000000012/3.854596/0224/R000000003/R000000013
R000000015/1.000000/0000/Guesstimate
R000000014/3.854596/0224/R000000003/R000000015
R000000012/4.282884/0300/R000000014
R000000018/1.000000/0000/Guesstimate
R000000019/1.000000/0000/Guesstimate
R000000017/2.222222/0274/R000000018/R000000019
R000000016/2.469136/0003/R000000017
R000000021/1.000000/0000/Guesstimate
M000000022/1.000000/0000/Sigma_BB-28775620
R000000020/2.222222/0274/R000000021/M000000022
R000000016/2.469136/0049/R000000020
R000000002/7.026369/0277/R000000012/R000000016
R000000001/6.096632/0099/R000000002
R000000027/1.000000/0000/Guesstimate
R000000026/1.111111/0283/R000000027
R000000028/1.000000/0000/Guesstimate
R000000025/2.345679/0277/R000000026/R000000028
R000000024/2.606310/0155/R000000025
R000000030/1.000000/0000/Guesstimate
R000000029/2.345679/0285/R000000026/R000000030
R000000024/2.606310/0228/R000000029
R000000031/2.743484/0099/R000000007
R000000035/1.000000/0000/Guesstimate
R000000034/3.854596/0277/R000000035/R000000016
R000000033/4.282884/0099/R000000034
R000000033/9.444445/0090/R000000036
R000000032/4.758760/0217/R000000033
R000000031/5.287512/0059/R000000032
R000000023/5.944216/0170/R000000024/R000000031
R000000038/1.000000/0000/Guesstimate
R000000037/2.345679/0226/R000000026/R000000038
R000000037/2.345679/0277/R000000026/R000000013
R000000023/7.365070/0170/R000000037/R000000033
R000000001/6.604685/0099/R000000023
Q000000002/6.096632/0000/R000000001
Q000000003/6.096632/0000/R000000001
<NEXT>