#
#  Reaction log file
#  Author: LigBuilder V3 User_Diana
#  Creation time: Thu Apr  9 21:13:14 2026
#  Format:
#  QueryMoleculeId/Cost/SynthesizeId/ReactantId1/ReactantId2/ReactantId3.....
#  Id prefix:
#  Q --- Query Molecule
#  M --- Material
#  R --- Reactant
#
Directory      result/synthesize_PfHDAC1/18/DATABASE/
#
Q000000001/4.420059/0000/R000000001
R000000004/1.000000/0000/Guesstimate
M000000006/1.000000/0000/Sigma_BB-187206312
R000000007/1.000000/0000/Guesstimate
R000000005/2.222222/0301/M000000006/R000000007
R000000005/2.222222/0301/M000000006/R000000007
R000000003/3.580247/0224/R000000004/R000000005
R000000008/2.222222/0224/R000000004/M000000006
R000000003/3.580247/0301/R000000008/R000000007
R000000002/3.978053/0125/R000000003
R000000009/1.000000/0000/Guesstimate
R000000002/5.089163/0112/R000000003/R000000009
R000000001/4.420059/0041/R000000002
R000000013/1.000000/0000/Guesstimate
M000000014/1.000000/0000/Sigma_BB-234767090
R000000012/2.222222/0224/R000000013/M000000014
R000000015/1.000000/0000/Guesstimate
R000000011/3.580247/0003/R000000012/R000000015
R000000016/2.469136/0125/R000000012
R000000016/3.580247/0112/R000000012/R000000009
R000000018/1.000000/0000/Guesstimate
R000000019/1.000000/0000/Guesstimate
R000000017/2.222222/0004/R000000018/R000000019
R000000017/2.222222/0277/R000000018/R000000019
R000000011/5.212621/0049/R000000016/R000000017
R000000010/3.978053/0147/R000000011
R000000022/1.000000/0000/Guesstimate
R000000021/1.111111/0283/R000000022
R000000023/1.000000/0000/Guesstimate
R000000021/2.222222/0277/R000000023/R000000019
R000000020/3.703704/0112/R000000012/R000000021
R000000024/1.000000/0000/Guesstimate
R000000020/3.854596/0138/R000000016/R000000024
R000000010/4.115227/0147/R000000020
R000000025/1.000000/0000/Guesstimate
R000000001/5.531170/0018/R000000010/R000000025
Q000000002/6.022288/0000/R000000026
R000000030/1.000000/0000/Guesstimate
R000000029/3.580247/0301/R000000008/R000000030
R000000029/3.580247/0301/R000000008/R000000030
R000000028/3.978053/0125/R000000029
R000000028/5.089163/0112/R000000029/R000000009
R000000027/4.420059/0041/R000000028
R000000033/1.000000/0000/Guesstimate
R000000032/3.580247/0112/R000000012/R000000033
R000000031/3.978053/0147/R000000032
R000000035/1.000000/0000/Guesstimate
R000000034/3.580247/0004/R000000012/R000000035
R000000036/1.000000/0000/Guesstimate
R000000037/1.000000/0000/Guesstimate
R000000034/4.691358/0225/R000000012/R000000036/R000000037
R000000031/5.089163/0212/R000000034/R000000018
R000000027/5.531170/0018/R000000031/R000000025
R000000026/6.022288/0003/R000000027/R000000035
R000000040/2.222222/0224/R000000013/M000000006
R000000040/3.978053/0197/R000000034
R000000041/1.000000/0000/Guesstimate
R000000039/3.580247/0003/R000000040/R000000041
R000000042/3.580247/0003/R000000012/R000000041
R000000042/3.854596/0049/R000000016/R000000018
R000000039/5.089163/0049/R000000042/R000000018
R000000043/1.000000/0000/Guesstimate
R000000038/5.089163/0049/R000000039/R000000043
R000000038/5.531170/0003/R000000031/R000000035
R000000026/6.765737/0018/R000000038/R000000025
Q000000003/5.807042/0000/R000000044
R000000046/1.000000/0000/Guesstimate
R000000048/2.222222/0004/M000000006/R000000035
R000000048/3.333333/0225/M000000006/R000000036/R000000037
M000000050/1.000000/0000/Sigma_BB-28764950
R000000049/1.111111/0197/M000000050
R000000047/3.703704/0212/R000000048/R000000049
R000000047/3.703704/0212/R000000048/R000000049
R000000045/5.226338/0224/R000000046/R000000047
R000000051/1.234568/0197/R000000049
R000000052/9.200000/0000/Guesstimate
R000000051/9.200000/0155/R000000052
R000000045/6.282919/0301/R000000027/R000000051
R000000044/5.807042/0028/R000000045
R000000054/1.000000/0000/Guesstimate
R000000053/5.531170/0122/R000000031/R000000054
M000000056/1.000000/0000/Sigma_BB-31286382
R000000055/5.089163/0212/R000000034/M000000056
R000000055/5.089163/0212/R000000034/M000000056
R000000053/5.654626/0139/R000000055
R000000044/7.256855/0018/R000000053/R000000025
<NEXT>