#
#  Reaction log file
#  Author: LigBuilder V3 User_Diana
#  Creation time: Thu Apr  9 21:17:00 2026
#  Format:
#  QueryMoleculeId/Cost/SynthesizeId/ReactantId1/ReactantId2/ReactantId3.....
#  Id prefix:
#  Q --- Query Molecule
#  M --- Material
#  R --- Reactant
#
Directory      result/synthesize_PfHDAC1/196/DATABASE/
#
Q000000001/2.606310/0000/R000000001
R000000003/1.000000/0000/Guesstimate
M000000005/1.000000/0000/Sigma_BB-30454229
R000000004/1.111111/0086/M000000005
R000000004/1.111111/0091/M000000005
R000000002/2.345679/0112/R000000003/R000000004
R000000008/1.000000/0000/Guesstimate
R000000007/2.222222/0112/R000000003/R000000008
R000000006/2.469136/0197/R000000007
R000000009/1.000000/0000/Guesstimate
R000000002/3.854596/0112/R000000006/R000000009
R000000001/2.606310/0059/R000000002
R000000013/1.000000/0000/Guesstimate
R000000014/1.000000/0000/Guesstimate
R000000012/3.333333/0225/R000000003/R000000013/R000000014
R000000012/3.333333/0225/R000000003/R000000013/R000000014
R000000011/3.703704/0153/R000000012
R000000016/1.000000/0000/Guesstimate
R000000015/2.222222/0004/R000000003/R000000016
R000000015/2.469136/0059/R000000007
R000000018/1.000000/0000/Guesstimate
R000000017/1.111111/0040/R000000018
R000000019/1.000000/0000/Guesstimate
R000000017/2.222222/0170/R000000016/R000000019
R000000011/3.703704/0212/R000000015/R000000017
R000000020/1.000000/0000/Guesstimate
R000000010/5.226338/0003/R000000011/R000000020
M000000023/1.000000/0000/Sigma_BB-28838980
R000000022/3.580247/0212/R000000015/M000000023
R000000024/1.000000/0000/Guesstimate
R000000022/5.226338/0122/R000000011/R000000024
R000000021/3.978053/0082/R000000022
R000000025/3.854596/0112/R000000006/R000000018
R000000021/4.282884/0059/R000000025
R000000026/1.000000/0000/Guesstimate
R000000010/5.531170/0049/R000000021/R000000026
R000000001/5.807042/0147/R000000010
Q000000002/2.606310/0000/R000000001
Q000000003/5.807042/0000/R000000027
R000000031/1.000000/0000/Guesstimate
R000000030/3.333333/0225/R000000003/R000000031/R000000014
R000000030/3.333333/0225/R000000003/R000000031/R000000014
R000000029/3.703704/0153/R000000030
R000000032/3.854596/0112/R000000006/R000000031
R000000029/4.282884/0059/R000000032
R000000028/5.226338/0003/R000000029/R000000020
R000000028/6.918153/0049/R000000010/R000000026
R000000027/5.807042/0041/R000000028
R000000035/2.222222/0003/R000000031/R000000020
R000000036/1.000000/0000/Guesstimate
R000000035/2.222222/0170/R000000019/R000000036
R000000034/2.469136/0041/R000000035
R000000038/1.000000/0000/Guesstimate
R000000037/2.222222/0003/R000000013/R000000038
R000000039/1.000000/0000/Guesstimate
R000000037/2.222222/0112/R000000031/R000000039
R000000034/2.469136/0147/R000000037
R000000033/5.486969/0112/R000000006/R000000034
R000000040/5.393995/0003/R000000032/R000000020
R000000041/5.393995/0049/R000000025/R000000026
R000000042/1.000000/0000/Guesstimate
R000000041/5.393995/0112/R000000032/R000000042
R000000040/7.104439/0049/R000000041/R000000026
R000000033/5.993328/0041/R000000040
R000000027/6.096632/0059/R000000033
Q000000004/2.635269/0000/R000000043
R000000046/1.111111/0125/R000000003
R000000046/2.222222/0112/R000000003/R000000042
R000000045/1.234568/0041/R000000046
R000000045/1.234568/0233/R000000046
R000000044/1.371742/0155/R000000045
R000000048/1.000000/0000/Guesstimate
R000000047/2.222222/0004/R000000003/R000000048
R000000049/2.222222/0003/R000000003/R000000020
R000000049/2.345679/0049/R000000046/R000000026
R000000047/2.469136/0040/R000000049
R000000044/2.469136/0197/R000000047
M000000050/1.000000/0000/Sigma_BB-28709473
R000000043/2.635269/0003/R000000044/M000000050
M000000052/1.000000/0000/Sigma_BB-28787542
R000000051/2.222222/0004/R000000026/M000000052
M000000055/1.000000/0000/Sigma_BB-28781947
R000000054/1.111111/0087/M000000055
R000000056/1.000000/0000/Guesstimate
R000000053/2.345679/0276/R000000054/R000000056
R000000053/2.345679/0278/R000000054/R000000056
R000000051/2.606310/0024/R000000053
R000000043/4.938272/0049/R000000049/R000000051
<NEXT>