#
#  Reaction log file
#  Author: LigBuilder V3 User_Diana
#  Creation time: Thu Apr  9 21:14:31 2026
#  Format:
#  QueryMoleculeId/Cost/SynthesizeId/ReactantId1/ReactantId2/ReactantId3.....
#  Id prefix:
#  Q --- Query Molecule
#  M --- Material
#  R --- Reactant
#
Directory      result/synthesize_PfHDAC1/98/DATABASE/
#
Q000000001/5.531170/0000/R000000001
R000000004/1.000000/0000/Guesstimate
R000000006/1.000000/0000/Guesstimate
R000000007/1.000000/0000/Guesstimate
R000000005/2.222222/0210/R000000006/R000000007
R000000003/3.580247/0003/R000000004/R000000005
R000000008/1.000000/0000/Guesstimate
R000000009/2.469136/0091/R000000005
R000000003/3.854596/0112/R000000008/R000000009
R000000002/3.978053/0147/R000000003
R000000011/1.000000/0000/Guesstimate
R000000010/2.222222/0004/R000000004/R000000011
R000000012/1.000000/0000/Guesstimate
R000000013/1.000000/0000/Guesstimate
R000000010/2.222222/0018/R000000012/R000000013
R000000014/2.469136/0093/R000000005
R000000014/2.743484/0092/R000000009
R000000002/5.212621/0212/R000000010/R000000014
R000000001/5.531170/0004/R000000002/R000000011
R000000018/1.000000/0000/Guesstimate
R000000017/3.854596/0003/R000000014/R000000018
R000000016/5.393995/0212/R000000012/R000000017
R000000016/5.393995/0212/R000000012/R000000017
R000000015/5.993328/0040/R000000016
R000000021/1.000000/0000/Guesstimate
R000000020/7.104439/0049/R000000016/R000000021
R000000019/7.893822/0040/R000000020
R000000015/8.770913/0100/R000000019
R000000001/7.770365/0018/R000000015/R000000013
Q000000002/5.531170/0000/R000000001
Q000000003/5.531170/0000/R000000001
<NEXT>