#
#  Reaction log file
#  Author: LigBuilder V3 User_Diana
#  Creation time: Thu Apr  9 21:19:30 2026
#  Format:
#  QueryMoleculeId/Cost/SynthesizeId/ReactantId1/ReactantId2/ReactantId3.....
#  Id prefix:
#  Q --- Query Molecule
#  M --- Material
#  R --- Reactant
#
Directory      result/synthesize_PfHDAC1/291/DATABASE/
#
Q000000001/5.639385/0000/R000000001
M000000005/1.000000/0000/Sigma_BB-151011721
R000000004/1.111111/0213/M000000005
M000000006/1.000000/0000/Sigma_BB-27725171
R000000004/1.111111/0287/M000000006
R000000007/1.000000/0000/Guesstimate
R000000003/2.345679/0119/R000000004/R000000007
M000000009/1.000000/0000/Sigma_BB-27581870
R000000010/1.000000/0000/Guesstimate
R000000008/2.222222/0112/M000000009/R000000010
R000000008/2.222222/0174/M000000005/R000000010
R000000003/2.469136/0153/R000000008
R000000012/1.000000/0000/Guesstimate
R000000013/1.000000/0000/Guesstimate
R000000011/2.222222/0012/R000000012/R000000013
R000000015/1.000000/0000/Guesstimate
R000000014/2.222222/0012/R000000012/R000000015
M000000016/1.000000/0000/Sigma_BB-28952787
R000000017/1.000000/0000/Guesstimate
R000000014/2.222222/0122/M000000016/R000000017
R000000011/2.469136/0059/R000000014
R000000002/5.075447/0224/R000000003/R000000011
R000000020/1.000000/0000/Guesstimate
R000000019/2.345679/0224/R000000004/R000000020
R000000018/3.717421/0119/R000000019/R000000007
R000000022/1.000000/0000/Guesstimate
R000000021/3.717421/0224/R000000003/R000000022
R000000018/4.130468/0059/R000000021
R000000023/1.000000/0000/Guesstimate
R000000002/5.241580/0279/R000000018/R000000023
R000000001/5.639385/0024/R000000002
R000000026/2.222222/0226/M000000009/R000000013
R000000025/3.580247/0122/R000000026/R000000017
R000000027/3.580247/0224/M000000009/R000000014
R000000025/3.978053/0059/R000000027
R000000030/1.000000/0000/Guesstimate
R000000029/2.222222/0174/R000000010/R000000030
R000000029/2.222222/0289/R000000010/R000000030
R000000028/2.469136/0197/R000000029
R000000031/7.400000/0000/Guesstimate
R000000028/8.222222/0091/R000000031
R000000024/6.721537/0112/R000000025/R000000028
R000000033/2.222222/0226/M000000005/R000000013
R000000032/3.580247/0122/R000000033/R000000017
R000000034/3.580247/0224/M000000005/R000000014
R000000032/3.978053/0059/R000000034
R000000024/6.721537/0174/R000000032/R000000028
R000000001/7.468375/0025/R000000024
Q000000002/7.500552/0000/R000000035
R000000037/1.000000/0000/Guesstimate
R000000036/6.750496/0170/R000000002/R000000037
R000000040/1.000000/0000/Guesstimate
R000000039/3.717421/0226/R000000003/R000000040
R000000039/4.130468/0228/R000000021
R000000038/5.241580/0122/R000000039/R000000017
R000000038/5.241580/0122/R000000039/R000000017
R000000041/1.000000/0000/Guesstimate
R000000036/6.935089/0170/R000000038/R000000041
R000000035/7.500552/0024/R000000036
R000000044/3.580247/0170/R000000026/R000000037
R000000043/5.089163/0122/R000000044/R000000017
R000000043/5.089163/0122/R000000044/R000000017
R000000042/8.398110/0112/R000000043/R000000028
R000000046/3.580247/0170/R000000033/R000000037
R000000045/5.089163/0122/R000000046/R000000017
R000000045/5.089163/0122/R000000046/R000000017
R000000042/8.398110/0174/R000000045/R000000028
R000000035/9.331234/0025/R000000042
Q000000003/5.791801/0000/R000000047
R000000051/1.000000/0000/Guesstimate
R000000052/1.000000/0000/Guesstimate
R000000050/2.222222/0003/R000000051/R000000052
R000000054/1.000000/0000/Guesstimate
R000000053/2.222222/0003/R000000051/R000000054
M000000055/1.000000/0000/Sigma_BB-28799125
R000000056/1.000000/0000/Guesstimate
R000000053/2.222222/0112/M000000055/R000000056
R000000050/3.580247/0119/R000000053/R000000007
R000000049/3.580247/0012/R000000012/R000000050
R000000058/1.000000/0000/Guesstimate
R000000057/3.580247/0285/R000000058/R000000050
R000000049/5.089163/0095/R000000057/R000000017
R000000048/5.212621/0224/R000000004/R000000049
R000000061/3.580247/0012/R000000012/R000000053
R000000062/3.580247/0285/R000000058/R000000053
R000000061/5.089163/0095/R000000062/R000000017
R000000060/5.089163/0224/M000000005/R000000061
R000000059/6.765737/0119/R000000060/R000000007
R000000059/6.765737/0280/R000000060/R000000007
R000000048/7.517486/0213/R000000059
R000000047/5.791801/0024/R000000048
R000000063/6.584363/0224/R000000003/R000000061
R000000047/7.315958/0024/R000000063
<NEXT>