#
#  Reaction log file
#  Author: LigBuilder V3 User_Diana
#  Creation time: Thu Apr  9 21:14:52 2026
#  Format:
#  QueryMoleculeId/Cost/SynthesizeId/ReactantId1/ReactantId2/ReactantId3.....
#  Id prefix:
#  Q --- Query Molecule
#  M --- Material
#  R --- Reactant
#
Directory      result/synthesize_PfHDAC1/89/DATABASE/
#
Q000000001/5.807042/0000/R000000001
R000000005/1.000000/0000/Guesstimate
R000000006/1.000000/0000/Guesstimate
R000000007/1.000000/0000/Guesstimate
R000000004/3.333333/0261/R000000005/R000000006/R000000007
R000000003/3.703704/0024/R000000004
R000000008/1.000000/0000/Guesstimate
R000000002/5.226338/0224/R000000003/R000000008
R000000001/5.807042/0212/R000000002
R000000001/5.807042/0212/R000000002
Q000000002/2.743484/0000/R000000009
R000000012/1.000000/0000/Guesstimate
R000000013/1.000000/0000/Guesstimate
R000000011/2.222222/0170/R000000012/R000000013
R000000014/1.000000/0000/Guesstimate
R000000015/1.000000/0000/Guesstimate
R000000011/2.222222/0170/R000000014/R000000015
R000000010/2.469136/0082/R000000011
R000000018/1.000000/0000/Guesstimate
R000000017/1.111111/0125/R000000018
R000000019/1.000000/0000/Guesstimate
R000000017/2.222222/0112/R000000018/R000000019
R000000016/2.345679/0224/R000000017/R000000013
R000000021/1.000000/0000/Guesstimate
R000000020/2.345679/0224/R000000017/R000000021
R000000022/1.000000/0000/Guesstimate
R000000016/3.717421/0301/R000000020/R000000022
R000000010/2.606310/0079/R000000016
R000000009/2.743484/0041/R000000010
R000000024/1.000000/0000/Guesstimate
R000000023/2.222222/0170/R000000024/R000000013
R000000025/1.000000/0000/Guesstimate
R000000023/2.222222/0170/R000000025/R000000015
R000000026/1.000000/0000/Guesstimate
R000000009/3.580247/0018/R000000023/R000000026
Q000000003/2.743484/0000/R000000027
R000000030/1.000000/0000/Guesstimate
R000000029/2.222222/0170/R000000012/R000000030
R000000031/1.000000/0000/Guesstimate
R000000029/2.222222/0170/R000000014/R000000031
R000000028/2.469136/0082/R000000029
R000000033/1.234568/0059/R000000017
R000000033/2.345679/0224/R000000017/R000000007
R000000032/2.482853/0170/R000000033/R000000031
R000000034/1.000000/0000/Guesstimate
R000000032/2.482853/0224/R000000033/R000000034
R000000028/2.758726/0079/R000000032
R000000027/2.743484/0041/R000000028
R000000035/2.222222/0170/R000000024/R000000030
R000000035/2.222222/0170/R000000025/R000000031
R000000027/3.580247/0018/R000000035/R000000026
<NEXT>