#
#  Reaction log file
#  Author: LigBuilder V3 User_Diana
#  Creation time: Thu Apr  9 17:07:13 2026
#  Format:
#  QueryMoleculeId/Cost/SynthesizeId/ReactantId1/ReactantId2/ReactantId3.....
#  Id prefix:
#  Q --- Query Molecule
#  M --- Material
#  R --- Reactant
#
Directory      result/synthesize_PfHDAC1/162/DATABASE/
#
Q000000001/5.226338/0000/R000000001
R000000004/1.000000/0000/Guesstimate
R000000005/1.000000/0000/Guesstimate
R000000003/2.222222/0004/R000000004/R000000005
R000000007/1.000000/0000/Guesstimate
R000000006/2.222222/0277/R000000007/R000000005
R000000008/1.000000/0000/Guesstimate
R000000009/1.000000/0000/Guesstimate
R000000010/1.000000/0000/Guesstimate
R000000006/3.333333/0261/R000000008/R000000009/R000000010
R000000003/2.469136/0024/R000000006
M000000012/1.000000/0000/Sigma_BB-156061060
R000000011/1.111111/0152/M000000012
R000000002/3.703704/0003/R000000003/R000000011
R000000014/1.000000/0000/Guesstimate
R000000015/1.000000/0000/Guesstimate
R000000013/2.222222/0004/R000000014/R000000015
R000000017/1.000000/0000/Guesstimate
R000000016/2.222222/0277/R000000017/R000000015
R000000018/1.000000/0000/Guesstimate
R000000016/2.222222/0301/R000000018/R000000015
R000000013/2.469136/0024/R000000016
R000000020/1.000000/0000/Guesstimate
R000000019/2.345679/0112/R000000020/R000000011
R000000022/1.000000/0000/Guesstimate
R000000021/2.345679/0004/R000000022/R000000011
R000000019/2.606310/0009/R000000021
R000000002/5.075447/0049/R000000013/R000000019
R000000023/1.000000/0000/Guesstimate
R000000001/5.226338/0012/R000000002/R000000023
R000000027/1.000000/0000/Guesstimate
R000000026/2.345679/0003/R000000027/R000000011
R000000025/3.717421/0012/R000000026/R000000023
R000000025/3.717421/0285/R000000026/R000000023
R000000028/1.000000/0000/Guesstimate
R000000024/5.241580/0011/R000000025/R000000028
R000000001/5.823977/0041/R000000024
Q000000002/5.226338/0000/R000000001
Q000000003/Analysis Failed
Q000000004/Analysis Failed
<NEXT>