#
#  Reaction log file
#  Author: LigBuilder V3 User_Diana
#  Creation time: Thu Apr  9 17:04:41 2026
#  Format:
#  QueryMoleculeId/Cost/SynthesizeId/ReactantId1/ReactantId2/ReactantId3.....
#  Id prefix:
#  Q --- Query Molecule
#  M --- Material
#  R --- Reactant
#
Directory      result/synthesize_PfHDAC1/79/DATABASE/
#
Q000000001/6.096632/0000/R000000001
M000000005/1.000000/0000/Sigma_BB-187814628
R000000006/1.000000/0000/Guesstimate
R000000004/2.222222/0231/M000000005/R000000006
R000000008/1.000000/0000/Guesstimate
R000000009/1.000000/0000/Guesstimate
R000000007/2.222222/0276/R000000008/R000000009
R000000007/2.222222/0278/R000000008/R000000009
R000000003/4.938272/0175/R000000004/R000000007
R000000010/3.580247/0175/M000000005/R000000007
R000000010/3.580247/0290/M000000005/R000000007
R000000003/5.089163/0231/R000000010/R000000006
R000000002/5.486969/0125/R000000003
R000000011/1.000000/0000/Guesstimate
R000000002/6.598080/0112/R000000003/R000000011
R000000001/6.096632/0059/R000000002
R000000015/1.000000/0000/Guesstimate
R000000016/1.000000/0000/Guesstimate
R000000014/2.222222/0112/R000000015/R000000016
R000000018/1.000000/0000/Guesstimate
R000000019/1.000000/0000/Guesstimate
R000000017/2.222222/0012/R000000018/R000000019
R000000020/1.000000/0000/Guesstimate
R000000021/1.000000/0000/Guesstimate
R000000017/2.222222/0279/R000000020/R000000021
R000000013/4.938272/0159/R000000014/R000000017
R000000023/1.000000/0000/Guesstimate
R000000022/3.580247/0159/R000000023/R000000017
R000000013/5.089163/0231/R000000022/R000000006
R000000024/1.000000/0000/Guesstimate
R000000012/6.598080/0112/R000000013/R000000024
R000000026/3.580247/0174/R000000004/R000000011
R000000026/3.580247/0289/R000000004/R000000011
R000000025/3.978053/0059/R000000026
R000000028/1.000000/0000/Guesstimate
R000000027/3.580247/0175/R000000004/R000000028
R000000027/3.580247/0290/R000000004/R000000028
R000000025/3.978053/0153/R000000027
R000000012/6.889194/0112/R000000025/R000000007
R000000001/7.331201/0147/R000000012
Q000000002/6.096632/0000/R000000001
Q000000003/4.282884/0000/R000000029
M000000033/1.000000/0000/Sigma_BB-27646625
R000000032/2.222222/0231/M000000033/R000000006
R000000031/2.469136/0091/R000000032
R000000035/1.000000/0000/Guesstimate
R000000034/2.222222/0181/R000000018/R000000035
R000000034/2.222222/0285/R000000018/R000000035
R000000031/4.938272/0159/R000000014/R000000034
R000000030/3.854596/0112/R000000031/R000000024
M000000037/1.000000/0000/Sigma_BB-30444268
R000000036/2.222222/0231/M000000037/R000000006
R000000036/2.469136/0197/R000000032
R000000030/4.938272/0112/R000000036/R000000007
R000000029/4.282884/0147/R000000030
M000000041/1.000000/0000/Sigma_BB-37395141
R000000040/2.222222/0231/M000000041/R000000006
R000000039/2.469136/0104/R000000040
R000000039/2.469136/0104/R000000040
R000000042/1.000000/0000/Guesstimate
R000000038/3.854596/0277/R000000039/R000000042
R000000043/1.000000/0000/Guesstimate
R000000038/3.854596/0301/R000000039/R000000043
R000000029/4.282884/0160/R000000038
<NEXT>