#
#  Reaction log file
#  Author: LigBuilder V3 User_Diana
#  Creation time: Thu Apr  9 17:06:54 2026
#  Format:
#  QueryMoleculeId/Cost/SynthesizeId/ReactantId1/ReactantId2/ReactantId3.....
#  Id prefix:
#  Q --- Query Molecule
#  M --- Material
#  R --- Reactant
#
Directory      result/synthesize_PfHDAC1/176/DATABASE/
#
Q000000001/2.895900/0000/R000000001
R000000004/1.000000/0000/Guesstimate
R000000006/1.000000/0000/Guesstimate
R000000005/1.111111/0228/R000000006
R000000005/1.111111/0286/R000000006
R000000003/2.345679/0122/R000000004/R000000005
R000000008/1.000000/0000/Guesstimate
R000000007/2.345679/0301/R000000008/R000000005
R000000007/2.345679/0301/R000000008/R000000005
R000000003/2.606310/0188/R000000007
R000000002/2.606310/0198/R000000003
R000000011/1.000000/0000/Guesstimate
R000000012/1.000000/0000/Guesstimate
R000000010/2.222222/0279/R000000011/R000000012
R000000010/2.222222/0279/R000000011/R000000012
R000000009/2.469136/0228/R000000010
R000000009/2.469136/0286/R000000010
R000000002/2.743484/0156/R000000009
R000000001/2.895900/0188/R000000002
R000000016/1.000000/0000/Guesstimate
R000000015/1.111111/0245/R000000016
R000000015/1.111111/0245/R000000016
R000000014/2.345679/0122/R000000004/R000000015
R000000018/1.000000/0000/Guesstimate
R000000017/2.345679/0122/R000000018/R000000015
R000000019/1.000000/0000/Guesstimate
R000000014/3.717421/0279/R000000017/R000000019
R000000013/2.606310/0219/R000000014
R000000022/1.000000/0000/Guesstimate
R000000021/2.222222/0004/R000000022/R000000016
R000000023/1.000000/0000/Guesstimate
R000000021/2.222222/0256/R000000023/R000000016
R000000024/1.000000/0000/Guesstimate
R000000020/3.580247/0212/R000000021/R000000024
R000000020/3.580247/0212/R000000021/R000000024
R000000013/3.978053/0219/R000000020
R000000001/2.895900/0198/R000000013
Q000000002/2.895900/0000/R000000001
Q000000003/Analysis Failed
<NEXT>