#
#  Reaction log file
#  Author: LigBuilder V3 User_Diana
#  Creation time: Thu Apr  9 17:05:25 2026
#  Format:
#  QueryMoleculeId/Cost/SynthesizeId/ReactantId1/ReactantId2/ReactantId3.....
#  Id prefix:
#  Q --- Query Molecule
#  M --- Material
#  R --- Reactant
#
Directory      result/synthesize_PfHDAC1/104/DATABASE/
#
Q000000001/Analysis Failed
Q000000002/Analysis Failed
Q000000003/4.572474/0000/R000000001
R000000005/1.000000/0000/Guesstimate
R000000004/1.111111/0118/R000000005
R000000006/1.000000/0000/Guesstimate
R000000004/2.222222/0112/R000000006/R000000005
R000000003/1.234568/0040/R000000004
R000000010/1.000000/0000/Guesstimate
R000000011/1.000000/0000/Guesstimate
R000000009/2.222222/0174/R000000010/R000000011
R000000009/2.222222/0289/R000000010/R000000011
R000000008/2.469136/0197/R000000009
R000000012/7.400000/0000/Guesstimate
R000000008/8.222222/0091/R000000012
R000000007/3.854596/0112/R000000008/R000000005
R000000003/4.282884/0025/R000000007
R000000015/1.000000/0000/Guesstimate
R000000016/1.000000/0000/Guesstimate
R000000014/2.222222/0002/R000000015/R000000016
R000000014/2.222222/0004/R000000015/R000000016
R000000013/2.469136/0197/R000000014
R000000018/1.000000/0000/Guesstimate
R000000017/2.222222/0004/R000000018/R000000016
R000000013/2.469136/0204/R000000017
R000000002/4.115227/0122/R000000003/R000000013
R000000020/1.000000/0000/Guesstimate
R000000019/2.482853/0122/R000000003/R000000020
R000000021/2.345679/0122/R000000004/R000000020
R000000019/2.606310/0040/R000000021
R000000023/2.743484/0041/R000000013
R000000024/1.000000/0000/Guesstimate
R000000023/3.580247/0212/R000000017/R000000024
R000000022/3.048316/0295/R000000023
R000000002/6.145744/0279/R000000019/R000000022
R000000001/4.572474/0294/R000000002
R000000028/1.000000/0000/Guesstimate
R000000027/2.482853/0301/R000000003/R000000028
R000000027/2.482853/0301/R000000003/R000000028
R000000026/2.758726/0188/R000000027
R000000030/1.000000/0000/Guesstimate
R000000029/2.482853/0301/R000000003/R000000030
R000000029/2.482853/0301/R000000003/R000000030
R000000026/2.758726/0219/R000000029
R000000032/3.048316/0300/R000000023
R000000031/3.387018/0139/R000000032
R000000034/1.000000/0000/Guesstimate
R000000033/4.159427/0274/R000000023/R000000034
R000000031/4.621586/0219/R000000033
R000000025/6.828605/0279/R000000026/R000000031
R000000025/6.828605/0279/R000000026/R000000031
R000000001/7.587339/0294/R000000025
<NEXT>