#
#  Reaction log file
#  Author: LigBuilder V3 User_Diana
#  Creation time: Thu Apr  9 17:09:53 2026
#  Format:
#  QueryMoleculeId/Cost/SynthesizeId/ReactantId1/ReactantId2/ReactantId3.....
#  Id prefix:
#  Q --- Query Molecule
#  M --- Material
#  R --- Reactant
#
Directory      result/synthesize_PfHDAC1/252/DATABASE/
#
Q000000001/5.531170/0000/R000000001
M000000002/1.000000/0000/Sigma_BB-28838980
R000000006/1.000000/0000/Guesstimate
R000000007/1.000000/0000/Guesstimate
R000000005/2.222222/0004/R000000006/R000000007
R000000008/1.000000/0000/Guesstimate
R000000004/3.580247/0212/R000000005/R000000008
R000000004/3.580247/0212/R000000005/R000000008
R000000003/3.978053/0296/R000000004
R000000003/3.978053/0296/R000000004
R000000001/5.531170/0004/M000000002/R000000003
R000000012/1.000000/0000/Guesstimate
R000000011/5.531170/0112/R000000012/R000000003
R000000013/1.000000/0000/Guesstimate
R000000010/7.256855/0224/R000000011/R000000013
R000000009/8.063173/0039/R000000010
R000000016/1.000000/0000/Guesstimate
R000000015/5.531170/0112/R000000016/R000000003
R000000017/1.000000/0000/Guesstimate
R000000014/7.256855/0224/R000000015/R000000017
R000000019/1.000000/0000/Guesstimate
R000000018/7.256855/0224/R000000015/R000000019
R000000014/8.063173/0300/R000000018
R000000020/1.000000/0000/Guesstimate
R000000009/9.174284/0122/R000000014/R000000020
R000000001/8.959082/0024/R000000009
Q000000002/2.635269/0000/R000000021
M000000025/1.000000/0000/Sigma_BB-386044321
R000000024/1.111111/0299/M000000025
M000000026/1.000000/0000/Sigma_BB-28426400
R000000024/2.222222/0004/M000000026/R000000006
R000000023/1.234568/0239/R000000024
M000000027/1.000000/0000/Sigma_BB-31058715
R000000023/2.222222/0004/M000000026/M000000027
R000000022/1.371742/0085/R000000023
R000000028/1.234568/0085/R000000024
R000000029/1.234568/0087/R000000024
R000000030/1.000000/0000/Guesstimate
R000000028/2.482853/0275/R000000029/R000000030
R000000022/1.371742/0239/R000000028
R000000031/1.000000/0000/Guesstimate
R000000021/2.635269/0119/R000000022/R000000031
M000000035/1.000000/0000/Sigma_BB-28505834
R000000034/1.111111/0299/M000000035
R000000034/1.371742/0197/R000000028
R000000033/1.234568/0239/R000000034
R000000036/1.111111/0239/M000000035
R000000033/1.234568/0299/R000000036
R000000037/1.000000/0000/Guesstimate
R000000032/2.482853/0112/R000000033/R000000037
R000000021/2.758726/0153/R000000032
Q000000003/Analysis Failed
Q000000004/4.159427/0000/R000000038
M000000042/1.000000/0000/Sigma_BB-326451478
R000000041/1.111111/0082/M000000042
M000000043/1.000000/0000/Sigma_BB-27581790
R000000041/1.111111/0204/M000000043
M000000045/1.000000/0000/Sigma_BB-30746069
R000000044/1.111111/0086/M000000045
R000000044/1.111111/0091/M000000045
R000000040/2.469136/0175/R000000041/R000000044
R000000046/2.345679/0175/R000000041/R000000037
R000000046/2.345679/0290/R000000041/R000000037
R000000040/3.717421/0212/R000000046/M000000045
R000000039/2.743484/0059/R000000040
M000000049/1.000000/0000/Sigma_BB-117837564
R000000048/2.222222/0212/M000000049/M000000045
R000000048/2.222222/0212/M000000049/M000000045
R000000050/1.000000/0000/Guesstimate
R000000047/3.580247/0112/R000000048/R000000050
R000000051/2.469136/0125/R000000048
R000000052/1.000000/0000/Guesstimate
R000000051/3.580247/0112/R000000048/R000000052
R000000053/1.000000/0000/Guesstimate
R000000047/3.854596/0138/R000000051/R000000053
R000000039/3.978053/0059/R000000047
R000000054/1.000000/0000/Guesstimate
R000000038/4.159427/0004/R000000039/R000000054
M000000058/1.000000/0000/Sigma_BB-70121114
R000000057/2.222222/0174/M000000058/R000000050
M000000059/1.000000/0000/Sigma_BB-30464613
R000000057/2.345679/0175/M000000059/R000000044
R000000056/2.469136/0059/R000000057
R000000060/1.111111/0059/M000000059
M000000061/1.000000/0000/Sigma_BB-30380619
R000000060/1.111111/0153/M000000061
R000000056/2.469136/0175/R000000060/R000000044
R000000055/3.854596/0175/R000000056/R000000016
M000000064/1.000000/0000/Sigma_BB-68700039
R000000063/2.222222/0112/M000000064/R000000050
M000000065/1.000000/0000/Sigma_BB-27260481
R000000063/2.222222/0174/M000000065/R000000050
R000000062/2.469136/0059/R000000063
M000000067/1.000000/0000/Sigma_BB-28484450
R000000066/2.222222/0004/M000000064/M000000067
R000000066/2.222222/0175/M000000061/R000000016
R000000062/2.469136/0153/R000000066
R000000055/3.978053/0175/R000000062/R000000044
R000000038/4.282884/0024/R000000055
<NEXT>