#
#  Reaction log file
#  Author: LigBuilder V3 User_Diana
#  Creation time: Thu Apr  9 17:10:54 2026
#  Format:
#  QueryMoleculeId/Cost/SynthesizeId/ReactantId1/ReactantId2/ReactantId3.....
#  Id prefix:
#  Q --- Query Molecule
#  M --- Material
#  R --- Reactant
#
Directory      result/synthesize_PfHDAC1/300/DATABASE/
#
Q000000001/2.758726/0000/R000000001
M000000005/1.000000/0000/Sigma_BB-28791762
R000000004/1.111111/0074/M000000005
R000000008/1.000000/0000/Guesstimate
R000000007/2.222222/0175/M000000005/R000000008
R000000010/1.111111/0287/M000000005
M000000011/1.000000/0000/Sigma_BB-28945063
R000000012/1.000000/0000/Guesstimate
R000000010/2.222222/0175/M000000011/R000000012
R000000013/1.000000/0000/Guesstimate
R000000009/2.345679/0003/R000000010/R000000013
M000000015/1.000000/0000/Sigma_BB-27092316
R000000014/2.222222/0175/M000000015/R000000012
R000000014/2.222222/0290/M000000015/R000000012
R000000009/2.469136/0009/R000000014
R000000007/2.606310/0041/R000000009
R000000006/2.469136/0139/R000000007
M000000017/1.000000/0000/Sigma_BB-29509005
R000000016/2.222222/0174/M000000017/R000000012
M000000019/1.000000/0000/Sigma_BB-29509312
R000000018/2.222222/0174/M000000019/R000000012
R000000018/2.222222/0289/M000000019/R000000012
R000000020/1.000000/0000/Guesstimate
R000000016/3.580247/0231/R000000018/R000000020
R000000006/2.469136/0147/R000000016
R000000004/2.743484/0082/R000000006
R000000003/1.234568/0040/R000000004
M000000022/1.000000/0000/Sigma_BB-28798618
R000000021/2.222222/0175/M000000022/R000000012
R000000021/2.222222/0290/M000000022/R000000012
R000000003/2.469136/0073/R000000021
R000000023/1.000000/0000/Guesstimate
R000000002/2.482853/0003/R000000003/R000000023
R000000025/1.000000/0000/Guesstimate
R000000024/2.345679/0004/R000000010/R000000025
R000000027/1.000000/0000/Guesstimate
R000000026/2.345679/0004/R000000010/R000000027
R000000026/2.606310/0040/R000000009
R000000024/2.606310/0085/R000000026
R000000029/1.000000/0000/Guesstimate
R000000030/1.000000/0000/Guesstimate
R000000028/2.222222/0012/R000000029/R000000030
R000000032/1.000000/0000/Guesstimate
R000000031/2.222222/0004/R000000032/R000000023
R000000033/1.000000/0000/Guesstimate
R000000034/1.000000/0000/Guesstimate
R000000031/2.222222/0122/R000000033/R000000034
R000000028/2.469136/0009/R000000031
R000000002/5.075447/0049/R000000024/R000000028
R000000001/2.758726/0099/R000000002
R000000038/1.000000/0000/Guesstimate
R000000037/2.345679/0003/R000000010/R000000038
R000000036/2.606310/0099/R000000037
R000000040/1.000000/0000/Guesstimate
R000000039/3.580247/0231/R000000018/R000000040
R000000039/3.580247/0279/R000000016/R000000040
R000000036/3.978053/0147/R000000039
R000000035/4.007011/0003/R000000036/R000000013
R000000043/2.469136/0147/R000000018
R000000045/1.000000/0000/Guesstimate
R000000044/2.222222/0175/M000000019/R000000045
R000000044/2.222222/0290/M000000019/R000000045
R000000043/2.469136/0147/R000000044
R000000046/1.000000/0000/Guesstimate
R000000042/3.854596/0231/R000000043/R000000046
R000000042/3.854596/0279/R000000006/R000000046
R000000041/4.282884/0082/R000000042
R000000048/1.000000/0000/Guesstimate
R000000047/3.854596/0231/R000000043/R000000048
R000000047/3.854596/0279/R000000006/R000000048
R000000041/5.393995/0012/R000000047/R000000029
R000000035/5.869872/0049/R000000041/R000000025
R000000001/4.452235/0059/R000000035
Q000000002/7.331201/0000/R000000049
M000000051/1.000000/0000/Sigma_BB-128841808
R000000054/1.000000/0000/Guesstimate
R000000053/2.222222/0003/R000000013/R000000054
R000000056/1.000000/0000/Guesstimate
R000000057/1.000000/0000/Guesstimate
R000000055/2.222222/0112/R000000056/R000000057
R000000052/4.938272/0122/R000000053/R000000055
R000000058/3.580247/0122/R000000053/R000000057
R000000058/3.580247/0122/R000000053/R000000057
R000000052/5.089163/0112/R000000058/R000000056
R000000050/6.598080/0231/M000000051/R000000052
R000000060/3.580247/0122/R000000029/R000000055
R000000059/5.089163/0231/M000000051/R000000060
R000000062/2.469136/0041/R000000053
R000000062/2.469136/0233/R000000053
R000000061/2.743484/0139/R000000062
R000000064/1.000000/0000/Guesstimate
R000000063/3.580247/0224/R000000053/R000000064
R000000061/3.978053/0150/R000000063
R000000050/8.702942/0279/R000000059/R000000061
R000000049/7.331201/0099/R000000050
R000000068/1.000000/0000/Guesstimate
R000000067/3.580247/0122/R000000053/R000000068
R000000067/3.580247/0122/R000000053/R000000068
R000000069/1.000000/0000/Guesstimate
R000000066/5.089163/0285/R000000067/R000000069
R000000071/1.000000/0000/Guesstimate
R000000070/5.089163/0277/R000000067/R000000071
R000000066/5.654626/0295/R000000070
R000000065/6.765737/0231/M000000051/R000000066
R000000074/1.000000/0000/Guesstimate
R000000073/2.222222/0231/M000000051/R000000074
R000000072/3.580247/0285/R000000073/R000000069
R000000077/1.000000/0000/Guesstimate
R000000076/2.222222/0285/R000000074/R000000077
R000000075/2.469136/0260/R000000076
R000000075/2.469136/0260/R000000076
R000000072/3.854596/0231/M000000051/R000000075
R000000065/7.026369/0279/R000000072/R000000061
R000000049/7.517486/0059/R000000065
Q000000003/3.978053/0000/R000000078
M000000081/1.000000/0000/Sigma_BB-370175114
R000000082/1.000000/0000/Guesstimate
R000000080/2.222222/0231/M000000081/R000000082
M000000084/1.000000/0000/Sigma_BB-76854184
R000000083/2.222222/0231/M000000084/R000000082
R000000080/2.469136/0287/R000000083
R000000085/1.000000/0000/Guesstimate
R000000079/3.580247/0231/R000000080/R000000085
R000000088/1.000000/0000/Guesstimate
R000000087/2.222222/0231/M000000081/R000000088
R000000086/2.469136/0059/R000000087
R000000090/1.000000/0000/Guesstimate
R000000089/2.222222/0231/M000000081/R000000090
R000000086/2.469136/0156/R000000089
R000000079/3.854596/0231/R000000086/R000000082
R000000078/3.978053/0082/R000000079
M000000093/1.000000/0000/Sigma_BB-135659881
R000000092/2.222222/0231/M000000093/R000000082
M000000095/1.000000/0000/Sigma_BB-156517685
R000000094/2.222222/0231/M000000095/R000000082
R000000092/2.469136/0287/R000000094
R000000098/1.000000/0000/Guesstimate
R000000097/1.111111/0040/R000000098
R000000099/1.000000/0000/Guesstimate
R000000100/1.000000/0000/Guesstimate
R000000097/2.222222/0112/R000000099/R000000100
R000000096/1.234568/0091/R000000097
R000000102/1.000000/0000/Guesstimate
R000000101/2.222222/0004/R000000102/R000000032
R000000096/2.469136/0009/R000000101
R000000091/3.840878/0112/R000000092/R000000096
M000000104/1.000000/0000/Sigma_BB-29205355
R000000103/2.222222/0231/M000000104/R000000082
M000000106/1.000000/0000/Sigma_BB-27291979
R000000105/2.222222/0231/M000000106/R000000082
R000000103/2.469136/0197/R000000105
R000000091/3.840878/0174/R000000103/R000000096
R000000078/4.267643/0059/R000000091
Q000000004/5.654626/0000/R000000107
M000000111/1.000000/0000/Sigma_BB-27581870
R000000112/1.000000/0000/Guesstimate
R000000110/2.222222/0232/M000000111/R000000112
R000000113/1.000000/0000/Guesstimate
R000000109/3.580247/0301/R000000110/R000000113
R000000109/3.580247/0301/R000000110/R000000113
R000000108/5.089163/0112/R000000109/R000000100
R000000114/5.089163/0122/R000000109/R000000029
R000000108/5.654626/0082/R000000114
R000000107/5.654626/0040/R000000108
R000000118/1.000000/0000/Guesstimate
R000000119/1.000000/0000/Guesstimate
R000000117/2.222222/0174/R000000118/R000000119
R000000117/2.222222/0289/R000000118/R000000119
R000000116/2.469136/0197/R000000117
R000000120/7.400000/0000/Guesstimate
R000000116/8.222222/0091/R000000120
R000000115/6.721537/0112/R000000109/R000000116
R000000107/7.468375/0025/R000000115
<END>