#
#  Reaction log file
#  Author: LigBuilder V3 User_Diana
#  Creation time: Thu Apr  9 17:09:59 2026
#  Format:
#  QueryMoleculeId/Cost/SynthesizeId/ReactantId1/ReactantId2/ReactantId3.....
#  Id prefix:
#  Q --- Query Molecule
#  M --- Material
#  R --- Reactant
#
Directory      result/synthesize_PfHDAC1/263/DATABASE/
#
Q000000001/6.096632/0000/R000000001
M000000005/1.000000/0000/Sigma_BB-101357011
R000000006/1.000000/0000/Guesstimate
R000000004/2.222222/0224/M000000005/R000000006
M000000007/1.000000/0000/Sigma_BB-76849874
R000000008/1.000000/0000/Guesstimate
R000000004/2.222222/0285/M000000007/R000000008
R000000003/2.469136/0059/R000000004
R000000010/1.000000/0000/Guesstimate
R000000009/2.222222/0224/M000000005/R000000010
R000000003/2.469136/0156/R000000009
M000000013/1.000000/0000/Sigma_BB-28764950
M000000014/1.000000/0000/Sigma_BB-27941182
R000000012/2.222222/0212/M000000013/M000000014
R000000012/2.222222/0212/M000000013/M000000014
R000000011/2.469136/0087/R000000012
R000000016/1.000000/0000/Guesstimate
R000000015/3.580247/0004/R000000016/R000000012
R000000011/3.978053/0197/R000000015
R000000002/5.486969/0175/R000000003/R000000011
M000000019/1.000000/0000/Sigma_BB-27355816
R000000020/1.000000/0000/Guesstimate
R000000018/2.222222/0224/M000000019/R000000020
R000000018/2.743484/0287/R000000003
R000000021/1.000000/0000/Guesstimate
R000000017/3.580247/0004/R000000018/R000000021
R000000023/1.000000/0000/Guesstimate
R000000022/3.854596/0175/R000000003/R000000023
R000000022/3.854596/0290/R000000003/R000000023
R000000017/4.282884/0024/R000000022
R000000025/2.743484/0079/R000000011
R000000026/1.000000/0000/Guesstimate
R000000025/3.854596/0112/R000000011/R000000026
R000000024/3.048316/0040/R000000025
R000000028/1.000000/0000/Guesstimate
R000000027/3.854596/0276/R000000011/R000000028
R000000027/3.854596/0278/R000000011/R000000028
R000000024/4.282884/0024/R000000027
R000000002/7.365071/0212/R000000017/R000000024
R000000001/6.096632/0028/R000000002
R000000031/1.111111/0085/M000000013
R000000030/2.345679/0212/R000000031/M000000014
M000000033/1.000000/0000/Sigma_BB-28778979
R000000032/2.345679/0212/R000000031/M000000033
R000000032/2.345679/0212/R000000031/M000000033
R000000034/1.000000/0000/Guesstimate
R000000030/3.717421/0212/R000000032/R000000034
R000000029/6.584363/0212/R000000017/R000000030
R000000029/6.584363/0212/R000000017/R000000030
R000000001/7.315958/0028/R000000029
Q000000002/3.854596/0000/R000000035
R000000038/1.000000/0000/Guesstimate
R000000039/1.000000/0000/Guesstimate
R000000037/2.222222/0279/R000000038/R000000039
R000000041/1.000000/0000/Guesstimate
R000000042/1.000000/0000/Guesstimate
R000000040/2.222222/0301/R000000041/R000000042
R000000040/2.222222/0301/R000000041/R000000042
R000000037/2.469136/0188/R000000040
R000000036/2.469136/0294/R000000037
R000000045/1.000000/0000/Guesstimate
R000000044/2.222222/0301/R000000045/R000000042
R000000044/2.222222/0301/R000000045/R000000042
R000000043/2.469136/0188/R000000044
R000000047/1.000000/0000/Guesstimate
R000000046/2.222222/0301/R000000047/R000000042
R000000046/2.222222/0301/R000000047/R000000042
R000000043/2.469136/0295/R000000046
R000000036/2.743484/0294/R000000043
R000000035/3.854596/0004/R000000034/R000000036
R000000049/3.854596/0112/R000000023/R000000036
R000000051/1.000000/0000/Guesstimate
R000000050/3.854596/0112/R000000051/R000000036
R000000049/4.282884/0039/R000000050
R000000048/4.282884/0059/R000000049
R000000052/4.282884/0059/R000000050
R000000052/5.393995/0224/R000000050/R000000028
R000000048/4.758760/0039/R000000052
R000000035/4.758760/0024/R000000048
Q000000003/5.683586/0000/R000000053
R000000057/1.000000/0000/Guesstimate
R000000058/1.000000/0000/Guesstimate
R000000056/2.222222/0004/R000000057/R000000058
R000000060/1.000000/0000/Guesstimate
R000000059/2.222222/0112/R000000060/R000000058
R000000056/2.469136/0233/R000000059
M000000062/1.000000/0000/Sigma_BB-137359658
R000000061/1.111111/0093/M000000062
R000000063/1.000000/0000/Guesstimate
M000000064/1.000000/0000/Sigma_BB-28247348
R000000061/2.222222/0280/R000000063/M000000064
R000000055/3.703704/0212/R000000056/R000000061
R000000067/1.000000/0000/Guesstimate
R000000066/3.580247/0212/R000000056/R000000067
R000000068/3.580247/0212/R000000056/R000000057
R000000068/3.580247/0212/R000000056/R000000057
R000000066/3.978053/0155/R000000068
R000000069/1.000000/0000/Guesstimate
R000000065/5.089163/0274/R000000066/R000000069
R000000070/3.580247/0212/R000000056/R000000063
R000000070/3.580247/0212/R000000056/R000000063
R000000065/5.089163/0276/R000000070/R000000016
R000000055/6.765737/0004/R000000065/R000000021
R000000054/4.115227/0153/R000000055
R000000073/1.000000/0000/Guesstimate
R000000072/5.089163/0274/R000000066/R000000073
R000000074/1.000000/0000/Guesstimate
R000000072/5.089163/0276/R000000070/R000000074
R000000071/5.654626/0082/R000000072
R000000075/1.000000/0000/Guesstimate
R000000071/6.765737/0112/R000000065/R000000075
R000000054/6.282918/0059/R000000071
M000000076/1.000000/0000/Sigma_BB-34437028
R000000053/5.683586/0119/R000000054/M000000076
R000000080/1.000000/0000/Guesstimate
R000000081/1.000000/0000/Guesstimate
R000000079/2.222222/0224/R000000080/R000000081
R000000078/6.447188/0274/R000000066/R000000079
R000000078/7.394029/0224/R000000071/R000000081
R000000077/7.163543/0125/R000000078
R000000077/8.274654/0112/R000000078/R000000075
R000000082/1.000000/0000/Guesstimate
R000000053/9.070603/0159/R000000077/R000000082
<NEXT>