#
#  Reaction log file
#  Author: LigBuilder V3 User_Diana
#  Creation time: Thu Apr  9 17:10:26 2026
#  Format:
#  QueryMoleculeId/Cost/SynthesizeId/ReactantId1/ReactantId2/ReactantId3.....
#  Id prefix:
#  Q --- Query Molecule
#  M --- Material
#  R --- Reactant
#
Directory      result/synthesize_PfHDAC1/281/DATABASE/
#
Q000000001/2.895900/0000/R000000001
M000000004/1.000000/0000/Sigma_BB-28426400
R000000003/1.111111/0114/M000000004
M000000006/1.000000/0000/Sigma_BB-113017175
R000000005/1.111111/0287/M000000006
M000000007/1.000000/0000/Sigma_BB-292610067
R000000005/1.111111/0287/M000000007
R000000003/1.234568/0155/R000000005
M000000010/1.000000/0000/Sigma_BB-186689213
R000000009/1.111111/0125/M000000010
R000000011/1.000000/0000/Guesstimate
R000000009/2.222222/0112/R000000011/M000000010
R000000008/1.234568/0040/R000000009
M000000013/1.000000/0000/Sigma_BB-30381638
R000000014/1.000000/0000/Guesstimate
R000000012/2.222222/0224/M000000013/R000000014
R000000008/2.469136/0024/R000000012
R000000002/2.606310/0003/R000000003/R000000008
M000000016/1.000000/0000/Sigma_BB-30391580
R000000017/1.000000/0000/Guesstimate
R000000015/2.222222/0003/M000000016/R000000017
R000000019/1.000000/0000/Guesstimate
R000000018/2.345679/0004/R000000003/R000000019
R000000021/1.000000/0000/Guesstimate
R000000020/2.222222/0004/M000000016/R000000021
R000000023/1.000000/0000/Guesstimate
R000000022/2.222222/0175/M000000004/R000000023
R000000022/2.222222/0290/M000000004/R000000023
R000000020/2.469136/0024/R000000022
M000000024/1.000000/0000/Sigma_BB-28778979
R000000018/3.580247/0212/R000000020/M000000024
R000000015/2.606310/0009/R000000018
R000000026/1.371742/0093/R000000008
R000000026/2.222222/0004/R000000021/M000000010
R000000025/1.524158/0085/R000000026
R000000027/1.000000/0000/Guesstimate
R000000025/2.222222/0004/R000000027/M000000010
R000000002/4.162645/0049/R000000015/R000000025
R000000001/2.895900/0099/R000000002
R000000028/2.635269/0003/M000000016/R000000026
R000000028/3.580247/0003/R000000020/M000000010
R000000001/2.928077/0099/R000000028
Q000000002/2.895900/0000/R000000001
Q000000003/2.222222/0000/R000000029
M000000030/1.000000/0000/Sigma_BB-27521173
M000000031/1.000000/0000/Sigma_BB-28835820
R000000029/2.222222/0003/M000000030/M000000031
R000000033/2.222222/0004/M000000030/R000000019
M000000034/1.000000/0000/Sigma_BB-27556430
R000000036/1.000000/0000/Guesstimate
R000000037/1.000000/0000/Guesstimate
R000000035/2.222222/0276/R000000036/R000000037
R000000035/2.222222/0278/R000000036/R000000037
R000000033/3.580247/0175/M000000034/R000000035
R000000032/2.469136/0009/R000000033
M000000040/1.000000/0000/Sigma_BB-34437028
R000000039/3.580247/0175/M000000040/R000000035
R000000039/3.580247/0290/M000000040/R000000035
R000000038/3.978053/0091/R000000039
R000000042/1.000000/0000/Guesstimate
R000000041/2.222222/0003/R000000021/R000000042
R000000043/1.000000/0000/Guesstimate
R000000044/1.000000/0000/Guesstimate
R000000041/2.222222/0049/R000000043/R000000044
R000000046/1.000000/0000/Guesstimate
R000000047/1.000000/0000/Guesstimate
R000000045/2.222222/0012/R000000046/R000000047
R000000048/1.000000/0000/Guesstimate
R000000045/2.222222/0112/R000000011/R000000048
R000000038/4.938272/0159/R000000041/R000000045
R000000032/4.420059/0079/R000000038
M000000050/1.000000/0000/Sigma_BB-28799352
R000000049/2.222222/0004/R000000027/M000000050
M000000053/1.000000/0000/Sigma_BB-31123030
R000000052/1.111111/0087/M000000053
M000000054/1.000000/0000/Sigma_BB-183232070
R000000052/1.111111/0287/M000000054
R000000055/1.000000/0000/Guesstimate
R000000051/2.345679/0276/R000000052/R000000055
M000000057/1.000000/0000/Sigma_BB-35362787
R000000056/2.222222/0119/M000000057/R000000055
M000000058/1.000000/0000/Sigma_BB-28835815
R000000059/1.000000/0000/Guesstimate
R000000056/3.333333/0261/M000000058/R000000055/R000000059
R000000051/2.469136/0155/R000000056
R000000049/2.606310/0024/R000000051
R000000029/5.212621/0049/R000000032/R000000049
<NEXT>