#
#  Reaction log file
#  Author: LigBuilder V3 User_Diana
#  Creation time: Thu Apr  9 17:08:11 2026
#  Format:
#  QueryMoleculeId/Cost/SynthesizeId/ReactantId1/ReactantId2/ReactantId3.....
#  Id prefix:
#  Q --- Query Molecule
#  M --- Material
#  R --- Reactant
#
Directory      result/synthesize_PfHDAC1/199/DATABASE/
#
Q000000001/5.944217/0000/R000000001
M000000005/1.000000/0000/Sigma_BB-28784017
R000000004/1.111111/0114/M000000005
M000000007/1.000000/0000/Sigma_BB-117228992
R000000008/1.000000/0000/Guesstimate
R000000006/2.222222/0004/M000000007/R000000008
R000000009/1.000000/0000/Guesstimate
R000000006/2.222222/0175/M000000005/R000000009
R000000004/2.469136/0197/R000000006
R000000010/1.000000/0000/Guesstimate
R000000003/2.345679/0095/R000000004/R000000010
R000000003/2.345679/0095/R000000004/R000000010
R000000013/1.000000/0000/Guesstimate
R000000012/2.222222/0112/R000000009/R000000013
R000000011/2.469136/0197/R000000012
R000000015/1.000000/0000/Guesstimate
R000000016/1.000000/0000/Guesstimate
R000000014/2.222222/0274/R000000015/R000000016
R000000011/2.469136/0285/R000000014
R000000002/5.349795/0175/R000000003/R000000011
R000000019/1.000000/0000/Guesstimate
R000000018/2.222222/0175/M000000005/R000000019
R000000018/2.222222/0290/M000000005/R000000019
R000000017/5.212621/0175/R000000018/R000000011
R000000017/5.212621/0290/R000000018/R000000011
R000000020/1.000000/0000/Guesstimate
R000000002/6.902912/0279/R000000017/R000000020
R000000001/5.944217/0041/R000000002
R000000024/1.000000/0000/Guesstimate
R000000023/2.222222/0175/M000000005/R000000024
R000000025/1.000000/0000/Guesstimate
R000000023/3.580247/0212/R000000006/R000000025
R000000022/5.212621/0175/R000000023/R000000011
R000000022/5.212621/0290/R000000023/R000000011
R000000026/1.000000/0000/Guesstimate
R000000021/6.902912/0112/R000000022/R000000026
R000000028/2.222222/0003/M000000007/R000000008
R000000028/2.469136/0082/R000000018
R000000027/5.212621/0175/R000000028/R000000011
R000000027/5.791801/0082/R000000017
R000000031/1.000000/0000/Guesstimate
R000000030/1.111111/0198/R000000031
R000000032/1.000000/0000/Guesstimate
R000000030/1.111111/0228/R000000032
R000000029/1.234568/0024/R000000030
R000000033/1.000000/0000/Guesstimate
R000000034/1.000000/0000/Guesstimate
R000000029/2.222222/0004/R000000033/R000000034
R000000021/7.163543/0049/R000000027/R000000029
R000000001/7.669903/0099/R000000021
Q000000002/5.944217/0000/R000000001
Q000000003/Analysis Failed
<NEXT>