#
#  Reaction log file
#  Author: LigBuilder V3 User_Diana
#  Creation time: Thu Apr  9 17:06:32 2026
#  Format:
#  QueryMoleculeId/Cost/SynthesizeId/ReactantId1/ReactantId2/ReactantId3.....
#  Id prefix:
#  Q --- Query Molecule
#  M --- Material
#  R --- Reactant
#
Directory      result/synthesize_PfHDAC1/142/DATABASE/
#
Q000000001/5.852936/0000/R000000001
R000000005/1.000000/0000/Guesstimate
R000000004/1.111111/0125/R000000005
R000000006/1.000000/0000/Guesstimate
R000000004/2.222222/0112/R000000005/R000000006
R000000009/1.000000/0000/Guesstimate
R000000008/1.111111/0283/R000000009
R000000010/1.000000/0000/Guesstimate
R000000007/2.345679/0285/R000000008/R000000010
R000000012/1.000000/0000/Guesstimate
R000000011/2.345679/0277/R000000008/R000000012
R000000007/2.606310/0295/R000000011
R000000003/3.840878/0224/R000000004/R000000007
R000000013/2.469136/0224/R000000004/R000000008
R000000003/3.854596/0285/R000000013/R000000010
R000000002/4.267642/0228/R000000003
R000000016/1.000000/0000/Guesstimate
R000000017/1.000000/0000/Guesstimate
R000000015/2.222222/0274/R000000016/R000000017
R000000014/2.469136/0095/R000000015
R000000021/1.000000/0000/Guesstimate
R000000022/1.000000/0000/Guesstimate
R000000020/2.222222/0274/R000000021/R000000022
R000000019/2.469136/0122/R000000020
R000000023/7.800000/0000/Guesstimate
R000000019/8.666667/0155/R000000023
R000000018/9.222222/0260/R000000019
R000000018/9.222222/0260/R000000019
R000000014/9.222222/0090/R000000018
R000000002/5.349795/0224/R000000014/R000000007
R000000024/1.000000/0000/Guesstimate
R000000001/5.852936/0159/R000000002/R000000024
M000000031/1.000000/0000/Sigma_BB-28775620
R000000032/1.000000/0000/Guesstimate
R000000030/2.222222/0274/M000000031/R000000032
R000000029/2.469136/0001/R000000030
R000000033/2.469136/0086/R000000030
R000000033/2.469136/0091/R000000030
R000000029/2.743484/0004/R000000033
R000000028/2.743484/0059/R000000029
R000000034/1.000000/0000/Guesstimate
R000000028/3.854596/0224/R000000029/R000000034
R000000027/3.048316/0204/R000000028
R000000036/2.743484/0086/R000000029
R000000036/2.743484/0091/R000000029
R000000035/3.048316/0079/R000000036
R000000037/1.000000/0000/Guesstimate
R000000035/4.159427/0112/R000000036/R000000037
R000000027/3.387018/0059/R000000035
R000000026/5.993328/0224/R000000027/R000000007
R000000038/4.621586/0224/R000000027/R000000008
R000000026/6.246207/0285/R000000038/R000000010
R000000025/7.770365/0159/R000000026/R000000024
R000000001/8.633739/0188/R000000025
Q000000002/4.420058/0000/R000000039
M000000043/1.000000/0000/Sigma_BB-28801839
R000000042/1.111111/0287/M000000043
M000000044/1.000000/0000/Sigma_BB-156517685
R000000045/1.000000/0000/Guesstimate
R000000042/2.222222/0231/M000000044/R000000045
R000000046/1.000000/0000/Guesstimate
R000000041/2.345679/0174/R000000042/R000000046
M000000048/1.000000/0000/Sigma_BB-135809836
R000000047/2.222222/0231/M000000048/R000000045
R000000041/3.580247/0112/R000000047/R000000046
R000000051/1.000000/0000/Guesstimate
R000000050/1.111111/0228/R000000051
R000000052/1.000000/0000/Guesstimate
R000000053/1.000000/0000/Guesstimate
R000000050/2.222222/0277/R000000052/R000000053
R000000049/1.234568/0024/R000000050
R000000054/1.000000/0000/Guesstimate
R000000049/2.222222/0004/R000000054/R000000053
R000000040/3.978052/0049/R000000041/R000000049
R000000056/2.606310/0233/R000000041
R000000056/2.606310/0258/R000000041
R000000055/2.895900/0155/R000000056
R000000058/1.000000/0000/Guesstimate
R000000059/1.000000/0000/Guesstimate
R000000057/4.691358/0225/R000000047/R000000058/R000000059
R000000057/4.691358/0225/R000000047/R000000058/R000000059
R000000055/5.212620/0197/R000000057
R000000060/1.000000/0000/Guesstimate
R000000040/4.328778/0112/R000000055/R000000060
R000000039/4.420058/0147/R000000040
M000000064/1.000000/0000/Sigma_BB-88360669
M000000065/1.000000/0000/Sigma_BB-28827589
R000000063/2.222222/0004/M000000064/M000000065
R000000066/1.000000/0000/Guesstimate
R000000063/3.333333/0225/M000000064/R000000066/R000000059
R000000067/1.000000/0000/Guesstimate
R000000062/3.580247/0212/R000000063/R000000067
R000000068/3.333333/0225/M000000064/R000000058/R000000059
R000000068/3.333333/0225/M000000064/R000000058/R000000059
R000000069/1.000000/0000/Guesstimate
R000000062/4.814815/0212/R000000068/R000000069
R000000070/1.000000/0000/Guesstimate
R000000061/5.089163/0175/R000000062/R000000070
R000000061/5.089163/0290/R000000062/R000000070
R000000039/5.654626/0139/R000000061
Q000000003/3.978053/0000/R000000071
M000000074/1.000000/0000/Sigma_BB-28760249
R000000073/2.222222/0175/M000000074/R000000046
R000000075/2.222222/0112/M000000064/R000000046
R000000075/2.222222/0174/M000000074/R000000046
R000000073/2.469136/0147/R000000075
R000000072/3.580247/0175/R000000073/R000000070
M000000078/1.000000/0000/Sigma_BB-28798855
R000000079/1.000000/0000/Guesstimate
R000000077/2.222222/0003/M000000078/R000000079
M000000080/1.000000/0000/Sigma_BB-128344305
R000000077/2.222222/0049/M000000080/R000000054
R000000076/2.469136/0041/R000000077
R000000081/2.222222/0112/M000000078/R000000070
R000000081/2.222222/0174/M000000074/R000000070
R000000076/2.469136/0147/R000000081
R000000072/3.854596/0175/R000000076/R000000046
R000000071/3.978053/0139/R000000072
M000000085/1.000000/0000/Sigma_BB-28830366
R000000084/2.222222/0004/M000000078/M000000085
R000000083/2.469136/0197/R000000084
R000000082/3.854596/0175/R000000083/R000000046
R000000082/3.854596/0290/R000000083/R000000046
R000000071/4.282884/0028/R000000082
<NEXT>