#
#  Reaction log file
#  Author: LigBuilder V3 User_Diana
#  Creation time: Thu Apr  9 17:05:36 2026
#  Format:
#  QueryMoleculeId/Cost/SynthesizeId/ReactantId1/ReactantId2/ReactantId3.....
#  Id prefix:
#  Q --- Query Molecule
#  M --- Material
#  R --- Reactant
#
Directory      result/synthesize_PfHDAC1/112/DATABASE/
#
Q000000001/5.531170/0000/R000000001
R000000002/1.000000/0000/Guesstimate
R000000006/1.000000/0000/Guesstimate
R000000007/1.000000/0000/Guesstimate
R000000005/2.222222/0004/R000000006/R000000007
R000000008/1.000000/0000/Guesstimate
R000000004/3.580247/0212/R000000005/R000000008
R000000004/3.580247/0212/R000000005/R000000008
R000000003/3.978053/0296/R000000004
R000000003/3.978053/0296/R000000004
R000000001/5.531170/0004/R000000002/R000000003
R000000011/1.000000/0000/Guesstimate
R000000010/5.531170/0112/R000000011/R000000003
R000000013/1.000000/0000/Guesstimate
R000000012/5.531170/0112/R000000013/R000000003
R000000010/6.145744/0039/R000000012
R000000009/6.145744/0059/R000000010
R000000014/6.145744/0059/R000000012
R000000015/1.000000/0000/Guesstimate
R000000014/7.256855/0224/R000000012/R000000015
R000000009/6.828605/0039/R000000014
R000000001/6.828605/0024/R000000009
Q000000002/5.531170/0000/R000000001
Q000000003/2.895900/0000/R000000016
R000000020/1.000000/0000/Guesstimate
R000000019/1.111111/0040/R000000020
R000000021/1.000000/0000/Guesstimate
R000000022/1.000000/0000/Guesstimate
R000000019/2.222222/0004/R000000021/R000000022
M000000023/1.000000/0000/Sigma_BB-28778184
R000000018/2.345679/0119/R000000019/M000000023
R000000025/1.000000/0000/Guesstimate
M000000026/1.000000/0000/Sigma_BB-31676617
R000000024/2.222222/0301/R000000025/M000000026
R000000024/2.222222/0301/R000000025/M000000026
R000000018/2.469136/0155/R000000024
R000000017/2.606310/0118/R000000018
R000000027/1.000000/0000/Guesstimate
R000000017/3.717421/0112/R000000027/R000000018
R000000016/2.895900/0041/R000000017
R000000029/1.000000/0000/Guesstimate
R000000032/1.000000/0000/Guesstimate
R000000031/2.222222/0276/M000000023/R000000032
R000000031/2.222222/0278/M000000023/R000000032
R000000030/2.469136/0091/R000000031
R000000034/1.000000/0000/Guesstimate
R000000033/2.222222/0119/M000000023/R000000034
R000000035/1.000000/0000/Guesstimate
R000000033/2.222222/0276/M000000023/R000000035
R000000030/2.469136/0197/R000000033
R000000028/3.854596/0003/R000000029/R000000030
R000000038/1.000000/0000/Guesstimate
R000000037/1.111111/0198/R000000038
R000000039/1.000000/0000/Guesstimate
R000000037/1.111111/0228/R000000039
R000000036/1.234568/0024/R000000037
R000000040/1.000000/0000/Guesstimate
R000000036/2.222222/0004/R000000040/R000000006
R000000042/2.222222/0119/M000000023/R000000035
R000000043/1.000000/0000/Guesstimate
R000000042/2.222222/0276/M000000023/R000000043
R000000041/2.469136/0079/R000000042
R000000045/1.000000/0000/Guesstimate
R000000044/2.222222/0119/M000000023/R000000045
R000000046/1.000000/0000/Guesstimate
R000000044/2.222222/0276/M000000023/R000000046
R000000041/2.469136/0082/R000000044
R000000028/4.115227/0049/R000000036/R000000041
R000000016/4.282884/0059/R000000028
<NEXT>