#
#  Reaction log file
#  Author: LigBuilder V3 User_Diana
#  Creation time: Thu Apr  9 17:09:58 2026
#  Format:
#  QueryMoleculeId/Cost/SynthesizeId/ReactantId1/ReactantId2/ReactantId3.....
#  Id prefix:
#  Q --- Query Molecule
#  M --- Material
#  R --- Reactant
#
Directory      result/synthesize_PfHDAC1/250/DATABASE/
#
Q000000001/Analysis Failed
Q000000002/4.282884/0000/R000000001
M000000005/1.000000/0000/Sigma_BB-359080244
R000000006/1.000000/0000/Guesstimate
R000000004/2.222222/0231/M000000005/R000000006
R000000003/2.469136/0294/R000000004
R000000008/1.000000/0000/Guesstimate
R000000007/2.222222/0231/M000000005/R000000008
R000000003/2.469136/0294/R000000007
R000000009/1.000000/0000/Guesstimate
R000000002/3.854596/0231/R000000003/R000000009
R000000001/4.282884/0041/R000000002
M000000013/1.000000/0000/Sigma_BB-117837595
R000000014/1.000000/0000/Guesstimate
R000000012/2.222222/0231/M000000013/R000000014
R000000011/2.469136/0294/R000000012
R000000016/1.000000/0000/Guesstimate
R000000015/2.222222/0231/M000000013/R000000016
R000000011/2.469136/0294/R000000015
R000000017/1.000000/0000/Guesstimate
R000000010/3.854596/0175/R000000011/R000000017
R000000010/3.854596/0290/R000000011/R000000017
R000000001/4.282884/0139/R000000010
Q000000003/Analysis Failed
<NEXT>