#
#  Reaction log file
#  Author: LigBuilder V3 User_Diana
#  Creation time: Thu Apr  9 17:09:52 2026
#  Format:
#  QueryMoleculeId/Cost/SynthesizeId/ReactantId1/ReactantId2/ReactantId3.....
#  Id prefix:
#  Q --- Query Molecule
#  M --- Material
#  R --- Reactant
#
Directory      result/synthesize_PfHDAC1/265/DATABASE/
#
Q000000001/5.639385/0000/R000000001
R000000004/1.000000/0000/Guesstimate
R000000005/1.000000/0000/Guesstimate
R000000003/2.222222/0112/R000000004/R000000005
R000000006/1.000000/0000/Guesstimate
R000000007/1.000000/0000/Guesstimate
R000000003/2.222222/0170/R000000006/R000000007
M000000010/1.000000/0000/Sigma_BB-370175114
R000000009/1.111111/0299/M000000010
R000000011/1.000000/0000/Guesstimate
R000000008/2.345679/0231/R000000009/R000000011
R000000012/2.222222/0231/M000000010/R000000011
R000000008/2.469136/0299/R000000012
R000000002/5.075447/0231/R000000003/R000000008
R000000013/3.703704/0231/R000000003/R000000009
R000000014/3.580247/0231/R000000003/M000000010
R000000013/3.978053/0299/R000000014
R000000002/5.226338/0231/R000000013/R000000011
R000000001/5.639385/0147/R000000002
R000000018/1.000000/0000/Guesstimate
R000000017/3.717421/0231/R000000018/R000000008
R000000016/4.130468/0059/R000000017
R000000019/3.717421/0231/R000000006/R000000008
R000000016/4.130468/0147/R000000019
R000000020/1.000000/0000/Guesstimate
R000000015/5.700521/0170/R000000016/R000000020
R000000023/1.000000/0000/Guesstimate
R000000022/3.717421/0231/R000000023/R000000008
R000000021/4.130468/0147/R000000022
R000000025/1.000000/0000/Guesstimate
R000000024/3.717421/0231/R000000025/R000000008
R000000021/4.130468/0155/R000000024
R000000026/1.000000/0000/Guesstimate
R000000015/5.700521/0170/R000000021/R000000026
R000000001/6.333912/0153/R000000015
Q000000002/Analysis Failed
Q000000003/Analysis Failed
<NEXT>