#
#  Reaction log file
#  Author: LigBuilder V3 User_Diana
#  Creation time: Thu Apr  9 17:08:57 2026
#  Format:
#  QueryMoleculeId/Cost/SynthesizeId/ReactantId1/ReactantId2/ReactantId3.....
#  Id prefix:
#  Q --- Query Molecule
#  M --- Material
#  R --- Reactant
#
Directory      result/synthesize_PfHDAC1/221/DATABASE/
#
Q000000001/4.282884/0000/R000000001
R000000005/1.000000/0000/Guesstimate
R000000004/1.111111/0283/R000000005
M000000007/1.000000/0000/Sigma_BB-28447183
R000000006/1.111111/0114/M000000007
M000000008/1.000000/0000/Sigma_BB-189487178
R000000006/1.111111/0155/M000000008
R000000003/2.469136/0277/R000000004/R000000006
R000000009/1.000000/0000/Guesstimate
R000000002/3.854596/0122/R000000003/R000000009
R000000002/3.854596/0122/R000000003/R000000009
R000000001/4.282884/0099/R000000002
R000000013/1.000000/0000/Guesstimate
R000000012/1.111111/0293/R000000013
R000000011/2.469136/0301/R000000012/R000000006
R000000011/2.469136/0301/R000000012/R000000006
R000000015/1.000000/0000/Guesstimate
R000000016/1.000000/0000/Guesstimate
R000000014/2.222222/0001/R000000015/R000000016
R000000017/1.000000/0000/Guesstimate
R000000014/2.222222/0003/R000000015/R000000017
R000000010/5.212621/0042/R000000011/R000000014
R000000001/5.791801/0099/R000000010
Q000000002/Analysis Failed
Q000000003/Analysis Failed
<NEXT>