#
#  Reaction log file
#  Author: LigBuilder V3 User_Diana
#  Creation time: Thu Apr  9 17:07:37 2026
#  Format:
#  QueryMoleculeId/Cost/SynthesizeId/ReactantId1/ReactantId2/ReactantId3.....
#  Id prefix:
#  Q --- Query Molecule
#  M --- Material
#  R --- Reactant
#
Directory      result/synthesize_PfHDAC1/177/DATABASE/
#
Q000000001/Analysis Failed
Q000000002/Analysis Failed
Q000000003/Analysis Failed
Q000000004/5.791801/0000/R000000001
M000000005/1.000000/0000/Sigma_BB-27721832
R000000006/1.000000/0000/Guesstimate
R000000004/2.222222/0004/M000000005/R000000006
R000000007/1.000000/0000/Guesstimate
R000000003/3.580247/0212/R000000004/R000000007
R000000008/8.100000/0000/Guesstimate
R000000003/9.000001/0044/R000000008
M000000010/1.000000/0000/Sigma_BB-28764950
R000000009/1.111111/0197/M000000010
R000000002/5.212621/0119/R000000003/R000000009
R000000012/1.111111/0086/M000000010
R000000012/1.111111/0091/M000000010
R000000011/1.234568/0197/R000000012
R000000002/5.349795/0276/R000000003/R000000011
R000000001/5.791801/0028/R000000002
M000000015/1.000000/0000/Sigma_BB-28830366
R000000014/1.111111/0085/M000000015
M000000017/1.000000/0000/Sigma_BB-130314282
R000000016/1.111111/0228/M000000017
R000000016/1.111111/0286/M000000017
R000000014/1.234568/0100/R000000016
R000000013/5.212621/0119/R000000003/R000000014
R000000018/1.111111/0087/M000000015
R000000018/1.234568/0086/R000000014
R000000013/5.212621/0276/R000000003/R000000018
R000000001/5.791801/0028/R000000013
<NEXT>