#
#  Reaction log file
#  Author: LigBuilder V3 User_Diana
#  Creation time: Thu Apr  9 17:02:43 2026
#  Format:
#  QueryMoleculeId/Cost/SynthesizeId/ReactantId1/ReactantId2/ReactantId3.....
#  Id prefix:
#  Q --- Query Molecule
#  M --- Material
#  R --- Reactant
#
Directory      result/synthesize_PfHDAC1/5/DATABASE/
#
Q000000001/4.572474/0000/R000000001
R000000005/1.000000/0000/Guesstimate
R000000006/1.000000/0000/Guesstimate
R000000004/2.222222/0004/R000000005/R000000006
R000000004/2.222222/0277/R000000005/R000000006
R000000003/2.469136/0119/R000000004
R000000007/2.469136/0086/R000000004
R000000007/2.469136/0091/R000000004
R000000003/2.743484/0276/R000000007
R000000010/1.000000/0000/Guesstimate
R000000009/1.111111/0228/R000000010
R000000009/1.111111/0286/R000000010
R000000008/1.234568/0118/R000000009
R000000011/1.000000/0000/Guesstimate
R000000008/2.345679/0112/R000000011/R000000009
R000000002/4.115227/0224/R000000003/R000000008
R000000014/1.000000/0000/Guesstimate
R000000013/3.854596/0224/R000000003/R000000014
R000000012/4.282884/0197/R000000013
R000000012/4.282884/0197/R000000013
R000000002/5.993328/0301/R000000012/R000000009
R000000001/4.572474/0188/R000000002
M000000018/1.000000/0000/Sigma_BB-28701636
M000000019/1.000000/0000/Sigma_BB-28508137
R000000017/2.222222/0119/M000000018/M000000019
R000000017/2.222222/0280/M000000018/M000000019
R000000016/2.469136/0100/R000000017
R000000021/1.000000/0000/Guesstimate
R000000020/2.222222/0276/R000000021/M000000019
R000000020/2.222222/0278/R000000021/M000000019
R000000016/3.580247/0004/R000000020/R000000005
R000000023/1.000000/0000/Guesstimate
R000000022/2.222222/0112/R000000011/R000000023
R000000025/1.000000/0000/Guesstimate
R000000024/2.222222/0004/R000000025/R000000023
R000000022/2.469136/0009/R000000024
R000000015/5.212621/0224/R000000016/R000000022
R000000028/1.000000/0000/Guesstimate
R000000027/1.111111/0118/R000000028
R000000027/2.222222/0112/R000000028/R000000011
R000000026/1.234568/0040/R000000027
R000000026/2.222222/0004/R000000021/R000000005
M000000031/1.000000/0000/Sigma_BB-28855678
R000000030/3.580247/0224/M000000031/R000000022
R000000029/3.978053/0073/R000000030
M000000033/1.000000/0000/Sigma_BB-28779434
R000000032/3.580247/0224/M000000033/R000000022
R000000029/3.978053/0100/R000000032
R000000015/5.791801/0276/R000000026/R000000029
R000000001/5.791801/0212/R000000015
Q000000002/4.572474/0000/R000000001
Q000000003/5.791801/0000/R000000034
R000000037/1.000000/0000/Guesstimate
R000000038/1.000000/0000/Guesstimate
R000000036/2.222222/0004/R000000037/R000000038
R000000040/1.000000/0000/Guesstimate
R000000039/2.222222/0256/R000000037/R000000040
R000000036/2.469136/0024/R000000039
M000000043/1.000000/0000/Sigma_BB-28764950
R000000044/1.000000/0000/Guesstimate
R000000042/2.222222/0004/M000000043/R000000044
R000000042/2.222222/0277/M000000043/R000000044
R000000041/2.469136/0197/R000000042
R000000045/1.111111/0085/M000000043
R000000047/1.000000/0000/Guesstimate
R000000046/1.111111/0040/R000000047
M000000048/1.000000/0000/Sigma_BB-27468255
R000000046/1.111111/0153/M000000048
R000000041/2.469136/0212/R000000045/R000000046
R000000035/5.212621/0212/R000000036/R000000041
R000000035/5.212621/0212/R000000036/R000000041
R000000034/5.791801/0028/R000000035
R000000051/2.345679/0212/M000000043/R000000046
R000000051/2.345679/0212/M000000043/R000000046
R000000050/2.606310/0085/R000000051
R000000052/2.345679/0212/R000000045/M000000048
R000000052/2.345679/0212/R000000045/M000000048
R000000050/2.606310/0153/R000000052
R000000049/5.365036/0212/R000000036/R000000050
R000000049/5.365036/0212/R000000036/R000000050
R000000034/5.961151/0028/R000000049
<NEXT>