#
#  Reaction log file
#  Author: LigBuilder V3 User_Diana
#  Creation time: Thu Apr  9 17:07:22 2026
#  Format:
#  QueryMoleculeId/Cost/SynthesizeId/ReactantId1/ReactantId2/ReactantId3.....
#  Id prefix:
#  Q --- Query Molecule
#  M --- Material
#  R --- Reactant
#
Directory      result/synthesize_PfHDAC1/182/DATABASE/
#
Q000000001/7.163543/0000/R000000001
R000000004/1.000000/0000/Guesstimate
R000000005/1.000000/0000/Guesstimate
R000000003/2.222222/0003/R000000004/R000000005
R000000006/1.000000/0000/Guesstimate
R000000007/1.000000/0000/Guesstimate
R000000003/2.222222/0049/R000000006/R000000007
R000000009/1.000000/0000/Guesstimate
R000000011/1.000000/0000/Guesstimate
R000000012/1.000000/0000/Guesstimate
R000000010/2.222222/0003/R000000011/R000000012
R000000008/3.580247/0012/R000000009/R000000010
R000000013/1.000000/0000/Guesstimate
R000000015/1.000000/0000/Guesstimate
R000000014/3.580247/0012/R000000010/R000000015
R000000014/3.580247/0285/R000000010/R000000015
R000000008/5.089163/0279/R000000013/R000000014
R000000002/6.447188/0159/R000000003/R000000008
M000000018/1.000000/0000/Sigma_BB-137806813
R000000017/2.222222/0285/R000000009/M000000018
R000000016/2.469136/0204/R000000017
R000000020/1.000000/0000/Guesstimate
R000000019/2.222222/0003/R000000011/R000000020
R000000021/1.000000/0000/Guesstimate
R000000022/1.000000/0000/Guesstimate
R000000019/2.222222/0049/R000000021/R000000022
R000000016/3.580247/0012/R000000009/R000000019
R000000024/2.222222/0004/R000000022/R000000012
R000000023/3.580247/0049/R000000015/R000000024
R000000025/3.978053/0147/R000000014
R000000023/4.420059/0082/R000000025
R000000002/6.721537/0159/R000000016/R000000023
R000000001/7.163543/0092/R000000002
R000000028/1.000000/0000/Guesstimate
R000000027/3.580247/0012/R000000028/R000000010
R000000029/1.000000/0000/Guesstimate
R000000027/5.089163/0279/R000000029/R000000014
R000000026/6.447188/0159/R000000003/R000000027
R000000031/2.222222/0285/R000000028/M000000018
R000000030/2.469136/0204/R000000031
R000000030/3.580247/0012/R000000028/R000000019
R000000026/6.721537/0159/R000000030/R000000023
R000000001/7.163543/0093/R000000026
Q000000002/7.163543/0000/R000000001
Q000000003/7.163543/0000/R000000001
<NEXT>