#
#  Reaction log file
#  Author: LigBuilder V3 User_Diana
#  Creation time: Thu Apr  9 17:08:32 2026
#  Format:
#  QueryMoleculeId/Cost/SynthesizeId/ReactantId1/ReactantId2/ReactantId3.....
#  Id prefix:
#  Q --- Query Molecule
#  M --- Material
#  R --- Reactant
#
Directory      result/synthesize_PfHDAC1/209/DATABASE/
#
Q000000001/4.282884/0000/R000000001
M000000005/1.000000/0000/Sigma_BB-234767103
R000000006/1.000000/0000/Guesstimate
R000000004/2.222222/0112/M000000005/R000000006
R000000003/2.469136/0153/R000000004
R000000008/1.000000/0000/Guesstimate
R000000007/2.222222/0112/M000000005/R000000008
R000000003/2.469136/0154/R000000007
R000000009/1.000000/0000/Guesstimate
R000000002/3.854596/0224/R000000003/R000000009
R000000001/4.282884/0024/R000000002
R000000013/1.000000/0000/Guesstimate
R000000012/2.222222/0224/M000000005/R000000013
M000000015/1.000000/0000/Sigma_BB-28115362
R000000014/1.111111/0024/M000000015
R000000016/1.000000/0000/Guesstimate
R000000017/1.000000/0000/Guesstimate
R000000014/2.222222/0004/R000000016/R000000017
R000000011/3.703704/0212/R000000012/R000000014
R000000011/3.703704/0212/R000000012/R000000014
R000000020/1.000000/0000/Guesstimate
R000000019/2.222222/0174/R000000006/R000000020
R000000019/2.222222/0289/R000000006/R000000020
R000000018/2.469136/0197/R000000019
R000000021/7.400000/0000/Guesstimate
R000000018/8.222222/0091/R000000021
R000000010/6.858711/0112/R000000011/R000000018
R000000001/7.620790/0025/R000000010
Q000000002/4.282884/0000/R000000022
R000000024/1.000000/0000/Guesstimate
R000000023/3.854596/0224/R000000003/R000000024
R000000026/1.000000/0000/Guesstimate
R000000025/3.854596/0224/R000000003/R000000026
R000000028/1.000000/0000/Guesstimate
R000000027/3.854596/0224/R000000003/R000000028
R000000025/4.282884/0155/R000000027
R000000029/1.000000/0000/Guesstimate
R000000023/5.393995/0301/R000000025/R000000029
R000000022/4.282884/0024/R000000023
R000000033/1.000000/0000/Guesstimate
R000000032/2.222222/0226/M000000005/R000000033
R000000031/2.469136/0147/R000000032
M000000035/1.000000/0000/Sigma_BB-28762337
R000000034/3.580247/0212/R000000012/M000000035
R000000034/3.580247/0212/R000000012/M000000035
R000000031/3.978053/0059/R000000034
R000000030/5.486969/0112/R000000031/R000000018
R000000022/6.096632/0025/R000000030
Q000000003/Analysis Failed
<NEXT>