#
#  Reaction log file
#  Author: LigBuilder V3 User_Diana
#  Creation time: Thu Apr  9 17:04:21 2026
#  Format:
#  QueryMoleculeId/Cost/SynthesizeId/ReactantId1/ReactantId2/ReactantId3.....
#  Id prefix:
#  Q --- Query Molecule
#  M --- Material
#  R --- Reactant
#
Directory      result/synthesize_PfHDAC1/77/DATABASE/
#
Q000000001/Analysis Failed
Q000000002/Analysis Failed
Q000000003/3.854596/0000/R000000001
R000000004/1.000000/0000/Guesstimate
R000000005/1.000000/0000/Guesstimate
R000000003/2.222222/0112/R000000004/R000000005
R000000007/1.000000/0000/Guesstimate
R000000006/2.222222/0256/R000000004/R000000007
R000000009/1.000000/0000/Guesstimate
R000000008/2.222222/0004/R000000004/R000000009
R000000010/1.000000/0000/Guesstimate
R000000008/2.222222/0256/R000000004/R000000010
R000000011/1.000000/0000/Guesstimate
R000000006/3.580247/0212/R000000008/R000000011
R000000003/2.469136/0257/R000000006
R000000002/2.469136/0059/R000000003
R000000013/1.000000/0000/Guesstimate
R000000012/2.222222/0004/R000000004/R000000013
R000000015/1.000000/0000/Guesstimate
R000000014/2.222222/0004/R000000004/R000000015
R000000016/1.000000/0000/Guesstimate
R000000017/1.000000/0000/Guesstimate
R000000014/3.333333/0225/R000000004/R000000016/R000000017
R000000018/1.000000/0000/Guesstimate
R000000012/3.580247/0004/R000000014/R000000018
R000000002/2.469136/0153/R000000012
R000000019/1.000000/0000/Guesstimate
R000000001/3.854596/0170/R000000002/R000000019
R000000020/2.469136/0155/R000000006
R000000022/2.469136/0228/R000000003
R000000022/2.469136/0286/R000000003
R000000021/2.743484/0099/R000000022
R000000021/2.743484/0099/R000000022
R000000020/3.048316/0090/R000000021
R000000023/1.000000/0000/Guesstimate
R000000001/3.854596/0170/R000000020/R000000023
<NEXT>