#
#  Reaction log file
#  Author: LigBuilder V3 User_Diana
#  Creation time: Thu Apr  9 17:08:22 2026
#  Format:
#  QueryMoleculeId/Cost/SynthesizeId/ReactantId1/ReactantId2/ReactantId3.....
#  Id prefix:
#  Q --- Query Molecule
#  M --- Material
#  R --- Reactant
#
Directory      result/synthesize_PfHDAC1/216/DATABASE/
#
Q000000001/2.469136/0000/R000000001
M000000003/1.000000/0000/Sigma_BB-27948280
R000000004/1.000000/0000/Guesstimate
R000000002/2.222222/0003/M000000003/R000000004
R000000006/1.111111/0093/M000000003
M000000007/1.000000/0000/Sigma_BB-28465307
R000000008/1.000000/0000/Guesstimate
R000000006/2.222222/0004/M000000007/R000000008
R000000005/1.234568/0085/R000000006
R000000009/1.000000/0000/Guesstimate
R000000005/2.222222/0004/M000000007/R000000009
M000000010/1.000000/0000/Sigma_BB-28792186
R000000002/2.482853/0049/R000000005/M000000010
R000000001/2.469136/0099/R000000002
M000000012/1.000000/0000/Sigma_BB-28698315
R000000011/2.222222/0003/M000000007/M000000012
M000000013/1.000000/0000/Sigma_BB-28836051
R000000014/2.222222/0004/R000000009/R000000004
R000000016/1.000000/0000/Guesstimate
R000000015/2.222222/0277/R000000016/R000000004
R000000017/1.000000/0000/Guesstimate
R000000015/2.222222/0301/R000000017/R000000004
R000000014/2.469136/0024/R000000015
R000000011/3.580247/0049/M000000013/R000000014
R000000001/2.469136/0099/R000000011
Q000000002/2.469136/0000/R000000001
Q000000003/2.469136/0000/R000000001
Q000000004/4.572474/0000/R000000018
R000000022/1.000000/0000/Guesstimate
R000000021/1.111111/0118/R000000022
R000000023/1.000000/0000/Guesstimate
R000000021/2.222222/0112/R000000023/R000000022
R000000020/1.234568/0040/R000000021
R000000027/1.000000/0000/Guesstimate
R000000028/1.000000/0000/Guesstimate
R000000026/2.222222/0174/R000000027/R000000028
R000000026/2.222222/0289/R000000027/R000000028
R000000025/2.469136/0197/R000000026
R000000029/7.400000/0000/Guesstimate
R000000025/8.222222/0091/R000000029
R000000024/3.854596/0112/R000000025/R000000022
R000000020/4.282884/0025/R000000024
R000000032/1.000000/0000/Guesstimate
R000000033/1.000000/0000/Guesstimate
R000000031/2.222222/0256/R000000032/R000000033
R000000030/2.469136/0155/R000000031
R000000035/1.000000/0000/Guesstimate
R000000034/2.222222/0002/R000000035/R000000033
R000000034/2.222222/0004/R000000035/R000000033
R000000030/2.469136/0197/R000000034
R000000019/4.115227/0122/R000000020/R000000030
R000000037/1.000000/0000/Guesstimate
R000000036/2.482853/0122/R000000020/R000000037
R000000038/2.345679/0122/R000000021/R000000037
R000000036/2.606310/0040/R000000038
R000000040/2.743484/0041/R000000030
R000000040/2.743484/0233/R000000030
R000000039/3.048316/0295/R000000040
R000000019/6.145744/0279/R000000036/R000000039
R000000018/4.572474/0294/R000000019
R000000044/1.000000/0000/Guesstimate
R000000043/2.482853/0301/R000000020/R000000044
R000000043/2.482853/0301/R000000020/R000000044
R000000042/2.758726/0188/R000000043
R000000046/1.000000/0000/Guesstimate
R000000045/2.482853/0301/R000000020/R000000046
R000000045/2.482853/0301/R000000020/R000000046
R000000042/2.758726/0219/R000000045
R000000048/2.469136/0041/R000000031
R000000048/2.469136/0233/R000000031
R000000047/2.743484/0219/R000000048
R000000049/3.048316/0300/R000000040
R000000047/3.387018/0139/R000000049
R000000041/6.113567/0279/R000000042/R000000047
R000000041/6.113567/0279/R000000042/R000000047
R000000018/6.792853/0294/R000000041
<NEXT>