#
#  Reaction log file
#  Author: LigBuilder V3 User_Diana
#  Creation time: Thu Apr  9 17:10:00 2026
#  Format:
#  QueryMoleculeId/Cost/SynthesizeId/ReactantId1/ReactantId2/ReactantId3.....
#  Id prefix:
#  Q --- Query Molecule
#  M --- Material
#  R --- Reactant
#
Directory      result/synthesize_PfHDAC1/264/DATABASE/
#
Q000000001/4.130468/0000/R000000001
M000000003/1.000000/0000/Sigma_BB-27945544
M000000006/1.000000/0000/Sigma_BB-28764950
R000000005/1.111111/0197/M000000006
M000000007/1.000000/0000/Sigma_BB-119205154
R000000004/2.345679/0004/R000000005/M000000007
M000000009/1.000000/0000/Sigma_BB-337808200
R000000008/2.345679/0004/R000000005/M000000009
R000000004/2.606310/0147/R000000008
R000000002/3.717421/0119/M000000003/R000000004
R000000010/2.606310/0086/R000000004
R000000010/2.606310/0091/R000000004
R000000002/4.007011/0276/M000000003/R000000010
R000000001/4.130468/0028/R000000002
M000000014/1.000000/0000/Sigma_BB-28830366
R000000013/2.222222/0004/M000000014/M000000007
R000000012/2.469136/0085/R000000013
R000000011/3.854596/0119/M000000003/R000000012
R000000011/3.854596/0280/M000000003/R000000012
R000000001/4.282884/0028/R000000011
Q000000002/4.130468/0000/R000000001
Q000000003/6.096632/0000/R000000015
R000000019/1.000000/0000/Guesstimate
R000000020/1.000000/0000/Guesstimate
R000000018/2.222222/0274/R000000019/R000000020
R000000021/1.000000/0000/Guesstimate
R000000022/1.000000/0000/Guesstimate
R000000018/2.222222/0274/R000000021/R000000022
R000000017/2.469136/0122/R000000018
R000000025/1.000000/0000/Guesstimate
R000000024/2.222222/0274/R000000021/R000000025
R000000023/2.469136/0095/R000000024
R000000029/1.000000/0000/Guesstimate
R000000030/1.000000/0000/Guesstimate
R000000028/2.222222/0274/R000000029/R000000030
R000000027/2.469136/0122/R000000028
R000000031/7.800000/0000/Guesstimate
R000000027/8.666667/0155/R000000031
R000000026/9.222222/0260/R000000027
R000000026/9.222222/0260/R000000027
R000000023/9.222222/0090/R000000026
R000000017/9.100000/0059/R000000023
R000000034/1.000000/0000/Guesstimate
R000000035/1.000000/0000/Guesstimate
R000000033/2.222222/0181/R000000034/R000000035
R000000033/2.222222/0285/R000000034/R000000035
R000000032/2.469136/0024/R000000033
M000000038/1.000000/0000/Sigma_BB-30385351
R000000037/1.111111/0239/M000000038
R000000039/1.000000/0000/Guesstimate
R000000040/1.000000/0000/Guesstimate
R000000037/2.222222/0181/R000000039/R000000040
R000000041/1.000000/0000/Guesstimate
R000000036/2.345679/0004/R000000037/R000000041
R000000032/2.606310/0009/R000000036
R000000016/5.486969/0119/R000000017/R000000032
R000000042/3.978053/0119/R000000017/R000000037
R000000043/3.854596/0119/R000000017/R000000039
R000000043/3.854596/0224/R000000023/R000000034
R000000042/5.393995/0181/R000000043/R000000040
R000000044/1.000000/0000/Guesstimate
R000000016/5.531170/0112/R000000042/R000000044
R000000015/6.096632/0041/R000000016
R000000048/1.000000/0000/Guesstimate
R000000047/2.222222/0181/R000000034/R000000048
R000000047/2.469136/0041/R000000033
R000000046/2.469136/0024/R000000047
R000000050/1.000000/0000/Guesstimate
R000000049/2.222222/0181/R000000050/R000000048
R000000046/2.469136/0040/R000000049
R000000045/5.486969/0119/R000000027/R000000046
M000000053/1.000000/0000/Sigma_BB-28778979
R000000052/3.854596/0119/R000000027/M000000053
R000000052/3.854596/0280/R000000027/M000000053
R000000051/4.282884/0009/R000000052
R000000055/1.000000/0000/Guesstimate
R000000054/3.854596/0119/R000000027/R000000055
R000000056/1.000000/0000/Guesstimate
R000000054/3.854596/0276/R000000027/R000000056
R000000051/4.282884/0079/R000000054
R000000045/5.869872/0181/R000000051/R000000048
R000000015/6.096632/0090/R000000045
Q000000004/5.639385/0000/R000000057
R000000060/1.000000/0000/Guesstimate
R000000061/1.000000/0000/Guesstimate
R000000059/2.222222/0112/R000000060/R000000061
R000000062/1.000000/0000/Guesstimate
R000000063/1.000000/0000/Guesstimate
R000000059/2.222222/0170/R000000062/R000000063
M000000066/1.000000/0000/Sigma_BB-370175114
R000000065/1.111111/0299/M000000066
R000000067/1.000000/0000/Guesstimate
R000000064/2.345679/0231/R000000065/R000000067
R000000068/2.222222/0231/M000000066/R000000067
R000000064/2.469136/0299/R000000068
R000000058/5.075447/0231/R000000059/R000000064
R000000069/3.703704/0231/R000000059/R000000065
R000000070/3.580247/0231/R000000059/M000000066
R000000069/3.978053/0299/R000000070
R000000058/5.226338/0231/R000000069/R000000067
R000000057/5.639385/0147/R000000058
R000000074/1.000000/0000/Guesstimate
R000000073/3.717421/0231/R000000074/R000000064
R000000072/4.130468/0059/R000000073
R000000075/3.717421/0231/R000000062/R000000064
R000000072/4.130468/0147/R000000075
R000000076/1.000000/0000/Guesstimate
R000000071/5.700521/0170/R000000072/R000000076
R000000079/1.000000/0000/Guesstimate
R000000078/3.717421/0231/R000000079/R000000064
R000000077/4.130468/0147/R000000078
R000000081/1.000000/0000/Guesstimate
R000000080/3.717421/0231/R000000081/R000000064
R000000077/4.130468/0155/R000000080
R000000071/5.700521/0170/R000000077/R000000041
R000000057/6.333912/0153/R000000071
<NEXT>