#
#  Reaction log file
#  Author: LigBuilder V3 User_Diana
#  Creation time: Thu Apr  9 17:07:23 2026
#  Format:
#  QueryMoleculeId/Cost/SynthesizeId/ReactantId1/ReactantId2/ReactantId3.....
#  Id prefix:
#  Q --- Query Molecule
#  M --- Material
#  R --- Reactant
#
Directory      result/synthesize_PfHDAC1/185/DATABASE/
#
Q000000001/3.048316/0000/R000000001
M000000005/1.000000/0000/Sigma_BB-68700039
R000000004/1.111111/0125/M000000005
R000000006/1.000000/0000/Guesstimate
R000000004/2.222222/0112/M000000005/R000000006
R000000003/1.234568/0041/R000000004
M000000008/1.000000/0000/Sigma_BB-61879310
R000000009/1.000000/0000/Guesstimate
R000000007/2.222222/0175/M000000008/R000000009
R000000007/2.222222/0290/M000000008/R000000009
R000000003/2.469136/0039/R000000007
R000000012/1.000000/0000/Guesstimate
R000000011/1.111111/0040/R000000012
R000000013/1.000000/0000/Guesstimate
R000000014/1.000000/0000/Guesstimate
R000000011/2.222222/0004/R000000013/R000000014
R000000010/1.234568/0086/R000000011
R000000010/1.234568/0091/R000000011
R000000002/2.743484/0175/R000000003/R000000010
M000000019/1.000000/0000/Sigma_BB-335879804
R000000018/1.111111/0125/M000000019
R000000018/2.222222/0112/M000000019/R000000006
R000000017/1.234568/0041/R000000018
M000000021/1.000000/0000/Sigma_BB-28830210
R000000022/1.000000/0000/Guesstimate
R000000020/2.222222/0112/M000000021/R000000022
M000000023/1.000000/0000/Sigma_BB-28766408
R000000020/2.222222/0174/M000000023/R000000022
R000000017/2.469136/0147/R000000020
R000000024/1.000000/0000/Guesstimate
R000000016/2.482853/0112/R000000017/R000000024
R000000015/2.758726/0147/R000000016
R000000025/2.482853/0004/R000000017/R000000013
R000000026/1.000000/0000/Guesstimate
R000000027/1.000000/0000/Guesstimate
R000000025/3.593965/0225/R000000017/R000000026/R000000027
R000000028/1.000000/0000/Guesstimate
R000000015/3.869837/0119/R000000025/R000000028
R000000029/1.000000/0000/Guesstimate
R000000002/4.176363/0122/R000000015/R000000029
R000000001/3.048316/0024/R000000002
R000000030/2.482853/0122/R000000017/R000000029
R000000031/2.345679/0122/R000000018/R000000029
R000000032/2.222222/0122/M000000019/R000000029
M000000033/1.000000/0000/Sigma_BB-156316720
R000000034/1.000000/0000/Guesstimate
R000000032/2.222222/0279/M000000033/R000000034
R000000031/3.580247/0112/R000000032/R000000006
R000000030/2.606310/0041/R000000031
R000000001/3.869837/0004/R000000030/R000000013
Q000000002/Analysis Failed
Q000000003/Analysis Failed
<NEXT>