#
#  Reaction log file
#  Author: LigBuilder V3 User_Diana
#  Creation time: Thu Apr  9 17:04:51 2026
#  Format:
#  QueryMoleculeId/Cost/SynthesizeId/ReactantId1/ReactantId2/ReactantId3.....
#  Id prefix:
#  Q --- Query Molecule
#  M --- Material
#  R --- Reactant
#
Directory      result/synthesize_PfHDAC1/88/DATABASE/
#
Q000000001/4.130468/0000/R000000001
R000000005/1.000000/0000/Guesstimate
R000000004/1.111111/0288/R000000005
R000000004/10.000000/0198/R000000006
R000000007/1.000000/0000/Guesstimate
R000000003/2.345679/0301/R000000004/R000000007
R000000008/2.222222/0301/R000000005/R000000007
R000000008/2.222222/0301/R000000005/R000000007
R000000003/2.469136/0288/R000000008
R000000009/1.000000/0000/Guesstimate
R000000002/3.717421/0301/R000000003/R000000009
R000000010/2.345679/0301/R000000004/R000000009
R000000010/2.345679/0301/R000000004/R000000009
R000000002/3.717421/0301/R000000010/R000000007
R000000001/4.130468/0295/R000000002
Q000000002/4.130468/0000/R000000001
Q000000003/4.130468/0000/R000000001
<NEXT>