#
#  Reaction log file
#  Author: LigBuilder V3 User_Diana
#  Creation time: Thu Apr  9 17:09:49 2026
#  Format:
#  QueryMoleculeId/Cost/SynthesizeId/ReactantId1/ReactantId2/ReactantId3.....
#  Id prefix:
#  Q --- Query Molecule
#  M --- Material
#  R --- Reactant
#
Directory      result/synthesize_PfHDAC1/257/DATABASE/
#
Q000000001/9.822353/0000/R000000001
R000000006/1.000000/0000/Guesstimate
R000000007/1.000000/0000/Guesstimate
R000000005/2.222222/0112/R000000006/R000000007
R000000005/2.222222/0112/R000000006/R000000007
R000000009/1.000000/0000/Guesstimate
R000000010/1.000000/0000/Guesstimate
R000000008/2.222222/0003/R000000009/R000000010
R000000011/1.000000/0000/Guesstimate
R000000008/2.222222/0277/R000000011/R000000010
R000000004/4.938272/0122/R000000005/R000000008
R000000004/4.938272/0122/R000000005/R000000008
R000000003/5.486969/0059/R000000004
R000000014/1.000000/0000/Guesstimate
R000000015/1.000000/0000/Guesstimate
R000000013/2.222222/0277/R000000014/R000000015
R000000017/1.000000/0000/Guesstimate
R000000016/2.222222/0277/R000000014/R000000017
R000000019/1.000000/0000/Guesstimate
R000000018/2.222222/0277/R000000014/R000000019
R000000022/1.000000/0000/Guesstimate
R000000021/1.111111/0293/R000000022
R000000020/2.345679/0301/R000000021/R000000019
R000000020/2.345679/0301/R000000021/R000000019
R000000018/2.606310/0082/R000000020
R000000023/1.000000/0000/Guesstimate
R000000016/3.580247/0301/R000000018/R000000023
R000000013/2.469136/0155/R000000016
R000000012/4.938272/0122/R000000013/R000000008
R000000012/4.938272/0122/R000000013/R000000008
R000000003/5.486969/0099/R000000012
R000000026/1.000000/0000/Guesstimate
R000000027/1.000000/0000/Guesstimate
R000000025/2.222222/0301/R000000026/R000000027
R000000025/2.222222/0301/R000000026/R000000027
R000000024/2.469136/0122/R000000025
R000000028/7.800000/0000/Guesstimate
R000000024/8.666667/0155/R000000028
R000000002/8.840117/0301/R000000003/R000000024
R000000002/8.840117/0301/R000000003/R000000024
R000000001/9.822353/0188/R000000002
R000000001/9.822353/0188/R000000002
Q000000002/9.822353/0000/R000000001
Q000000003/9.822353/0000/R000000001
<NEXT>