#
#  Reaction log file
#  Author: LigBuilder V3 User_Diana
#  Creation time: Thu Apr  9 17:05:28 2026
#  Format:
#  QueryMoleculeId/Cost/SynthesizeId/ReactantId1/ReactantId2/ReactantId3.....
#  Id prefix:
#  Q --- Query Molecule
#  M --- Material
#  R --- Reactant
#
Directory      result/synthesize_PfHDAC1/102/DATABASE/
#
Q000000001/5.944217/0000/R000000001
R000000005/1.000000/0000/Guesstimate
R000000004/1.111111/0125/R000000005
R000000006/1.000000/0000/Guesstimate
R000000004/2.222222/0112/R000000005/R000000006
R000000003/1.234568/0059/R000000004
R000000008/1.000000/0000/Guesstimate
R000000007/2.222222/0004/R000000005/R000000008
R000000009/1.000000/0000/Guesstimate
R000000010/1.000000/0000/Guesstimate
R000000007/3.333333/0225/R000000005/R000000009/R000000010
R000000003/2.469136/0153/R000000007
R000000013/1.000000/0000/Guesstimate
R000000014/1.000000/0000/Guesstimate
R000000012/2.222222/0003/R000000013/R000000014
R000000015/1.000000/0000/Guesstimate
R000000012/2.222222/0112/R000000015/R000000006
R000000016/1.000000/0000/Guesstimate
R000000011/3.580247/0224/R000000012/R000000016
R000000018/1.000000/0000/Guesstimate
R000000020/1.000000/0000/Guesstimate
R000000019/2.222222/0224/R000000020/R000000016
R000000017/3.580247/0277/R000000018/R000000019
R000000011/3.978053/0155/R000000017
R000000002/5.349795/0170/R000000003/R000000011
R000000022/1.234568/0041/R000000004
R000000022/1.234568/0233/R000000004
R000000021/1.371742/0155/R000000022
R000000021/2.469136/0197/R000000007
R000000025/1.000000/0000/Guesstimate
R000000024/2.222222/0003/R000000025/R000000014
R000000026/1.000000/0000/Guesstimate
R000000024/2.222222/0112/R000000026/R000000006
R000000023/3.580247/0224/R000000024/R000000016
R000000027/1.000000/0000/Guesstimate
R000000023/3.580247/0277/R000000027/R000000019
R000000002/5.502210/0170/R000000021/R000000023
R000000001/5.944217/0041/R000000002
R000000031/1.000000/0000/Guesstimate
R000000030/2.222222/0003/R000000013/R000000031
R000000030/2.469136/0041/R000000012
R000000033/1.000000/0000/Guesstimate
R000000032/1.111111/0125/R000000033
R000000032/2.222222/0112/R000000033/R000000006
R000000029/3.703704/0224/R000000030/R000000032
R000000035/1.000000/0000/Guesstimate
R000000037/1.000000/0000/Guesstimate
R000000036/2.345679/0224/R000000037/R000000032
R000000034/3.717421/0301/R000000035/R000000036
R000000034/3.717421/0301/R000000035/R000000036
R000000029/4.130468/0155/R000000034
R000000028/5.486969/0170/R000000003/R000000029
R000000039/2.222222/0003/R000000025/R000000031
R000000039/2.469136/0041/R000000024
R000000038/3.703704/0224/R000000039/R000000032
R000000038/3.717421/0301/R000000025/R000000036
R000000028/5.639385/0170/R000000021/R000000038
R000000001/6.096632/0147/R000000028
Q000000002/7.688719/0000/R000000040
R000000044/1.000000/0000/Guesstimate
R000000043/2.482853/0170/R000000003/R000000044
R000000045/1.000000/0000/Guesstimate
R000000043/2.635269/0170/R000000021/R000000045
M000000047/1.000000/0000/Sigma_BB-28777622
R000000048/1.000000/0000/Guesstimate
R000000046/2.222222/0224/M000000047/R000000048
R000000042/5.227862/0212/R000000043/R000000046
R000000042/5.227862/0212/R000000043/R000000046
R000000049/1.000000/0000/Guesstimate
R000000041/6.919847/0003/R000000042/R000000049
R000000051/3.580247/0301/R000000025/R000000046
R000000051/3.580247/0301/R000000025/R000000046
M000000052/1.000000/0000/Sigma_BB-28762337
R000000050/5.089163/0212/R000000051/M000000052
R000000053/3.580247/0003/R000000046/R000000049
R000000054/1.000000/0000/Guesstimate
R000000053/3.580247/0277/R000000046/R000000054
R000000050/5.089163/0212/R000000045/R000000053
R000000041/7.178784/0170/R000000021/R000000050
R000000040/7.688719/0041/R000000041
R000000057/5.212621/0224/R000000004/R000000051
R000000057/5.502210/0170/R000000021/R000000051
R000000056/5.791801/0197/R000000057
R000000058/3.978053/0197/R000000051
R000000056/5.944217/0170/R000000021/R000000058
R000000059/1.000000/0000/Guesstimate
R000000055/7.546446/0112/R000000056/R000000059
R000000060/7.546446/0112/R000000056/R000000006
R000000061/7.546446/0122/R000000056/R000000054
R000000060/8.384940/0082/R000000061
R000000062/1.000000/0000/Guesstimate
R000000055/9.496051/0138/R000000060/R000000062
R000000040/8.384940/0147/R000000055
Q000000003/5.944217/0000/R000000001
Q000000004/5.944217/0000/R000000001
<NEXT>