#
#  Reaction log file
#  Author: LigBuilder V3 User_Diana
#  Creation time: Thu Apr  9 17:02:43 2026
#  Format:
#  QueryMoleculeId/Cost/SynthesizeId/ReactantId1/ReactantId2/ReactantId3.....
#  Id prefix:
#  Q --- Query Molecule
#  M --- Material
#  R --- Reactant
#
Directory      result/synthesize_PfHDAC1/6/DATABASE/
#
Q000000001/5.791801/0000/R000000001
R000000004/1.000000/0000/Guesstimate
R000000005/1.000000/0000/Guesstimate
R000000003/2.222222/0004/R000000004/R000000005
R000000007/1.000000/0000/Guesstimate
R000000006/2.222222/0256/R000000004/R000000007
R000000003/2.469136/0024/R000000006
M000000010/1.000000/0000/Sigma_BB-28764950
R000000011/1.000000/0000/Guesstimate
R000000009/2.222222/0004/M000000010/R000000011
R000000009/2.222222/0277/M000000010/R000000011
R000000008/2.469136/0197/R000000009
R000000012/1.111111/0085/M000000010
R000000014/1.000000/0000/Guesstimate
R000000013/1.111111/0040/R000000014
M000000015/1.000000/0000/Sigma_BB-27468255
R000000013/1.111111/0153/M000000015
R000000008/2.469136/0212/R000000012/R000000013
R000000002/5.212621/0212/R000000003/R000000008
R000000002/5.212621/0212/R000000003/R000000008
R000000001/5.791801/0028/R000000002
R000000018/2.345679/0212/M000000010/R000000013
R000000018/2.345679/0212/M000000010/R000000013
R000000017/2.606310/0085/R000000018
R000000019/2.345679/0212/R000000012/M000000015
R000000019/2.345679/0212/R000000012/M000000015
R000000017/2.606310/0153/R000000019
R000000016/5.365036/0212/R000000003/R000000017
R000000016/5.365036/0212/R000000003/R000000017
R000000001/5.961151/0028/R000000016
Q000000002/3.854596/0000/R000000020
M000000023/1.000000/0000/Sigma_BB-292605223
R000000024/1.000000/0000/Guesstimate
R000000022/2.222222/0004/M000000023/R000000024
R000000021/2.469136/0153/R000000022
M000000027/1.000000/0000/Sigma_BB-129524365
R000000026/2.222222/0004/M000000027/R000000024
R000000025/2.469136/0153/R000000026
R000000028/8.700000/0000/Guesstimate
R000000025/9.666667/0168/R000000028
R000000021/2.743484/0041/R000000025
M000000029/1.000000/0000/Sigma_BB-156333806
R000000020/3.854596/0119/R000000021/M000000029
R000000030/3.854596/0119/R000000025/M000000029
R000000032/1.000000/0000/Guesstimate
R000000031/3.854596/0119/R000000025/R000000032
R000000034/1.000000/0000/Guesstimate
R000000033/3.854596/0119/R000000025/R000000034
R000000033/3.854596/0276/R000000025/R000000032
R000000031/4.282884/0091/R000000033
R000000035/1.000000/0000/Guesstimate
R000000030/5.393995/0175/R000000031/R000000035
R000000020/4.282884/0041/R000000030
Q000000003/3.854596/0000/R000000020
Q000000004/6.398623/0000/R000000036
R000000040/1.000000/0000/Guesstimate
R000000039/3.854596/0049/R000000025/R000000040
R000000038/4.282884/0041/R000000039
R000000038/4.282884/0233/R000000039
R000000037/4.758760/0139/R000000038
R000000042/4.282884/0059/R000000039
R000000043/1.000000/0000/Guesstimate
R000000042/5.393995/0224/R000000039/R000000043
R000000041/4.758760/0058/R000000042
R000000044/1.000000/0000/Guesstimate
R000000041/5.393995/0224/R000000039/R000000044
R000000037/5.287512/0150/R000000041
M000000045/1.000000/0000/Sigma_BB-28398162
R000000036/6.398623/0119/R000000037/M000000045
R000000046/5.869872/0119/R000000038/M000000045
R000000048/5.393995/0049/R000000031/R000000040
R000000048/5.393995/0119/R000000039/R000000032
R000000047/5.993328/0041/R000000048
R000000049/5.869872/0119/R000000038/R000000034
R000000049/5.869872/0276/R000000038/R000000032
R000000047/6.522080/0091/R000000049
M000000050/1.000000/0000/Sigma_BB-28760114
R000000046/7.770365/0175/R000000047/M000000050
R000000036/6.522080/0139/R000000046
<NEXT>