#
#  Reaction log file
#  Author: LigBuilder V3 User_Diana
#  Creation time: Thu Apr  9 17:06:16 2026
#  Format:
#  QueryMoleculeId/Cost/SynthesizeId/ReactantId1/ReactantId2/ReactantId3.....
#  Id prefix:
#  Q --- Query Molecule
#  M --- Material
#  R --- Reactant
#
Directory      result/synthesize_PfHDAC1/152/DATABASE/
#
Q000000001/4.420059/0000/R000000001
M000000004/1.000000/0000/Sigma_BB-34437027
R000000006/1.000000/0000/Guesstimate
R000000007/1.000000/0000/Guesstimate
R000000005/2.222222/0279/R000000006/R000000007
R000000005/2.222222/0279/R000000006/R000000007
R000000003/3.580247/0163/M000000004/R000000005
M000000008/1.000000/0000/Sigma_BB-28766567
R000000010/1.000000/0000/Guesstimate
R000000011/1.000000/0000/Guesstimate
R000000009/2.222222/0112/R000000010/R000000011
R000000003/3.580247/0176/M000000008/R000000009
R000000002/3.978053/0125/R000000003
R000000012/1.000000/0000/Guesstimate
R000000002/5.089163/0112/R000000003/R000000012
R000000001/4.420059/0041/R000000002
R000000016/1.000000/0000/Guesstimate
R000000017/1.000000/0000/Guesstimate
R000000015/2.222222/0112/R000000016/R000000017
R000000014/3.580247/0148/M000000004/R000000015
R000000019/1.000000/0000/Guesstimate
R000000020/1.000000/0000/Guesstimate
R000000018/2.222222/0012/R000000019/R000000020
R000000018/2.469136/0099/R000000015
R000000014/3.580247/0163/M000000004/R000000018
R000000013/3.978053/0125/R000000014
R000000013/5.089163/0112/R000000014/R000000012
R000000001/4.420059/0059/R000000013
Q000000002/4.420059/0000/R000000001
Q000000003/4.420059/0000/R000000001
<NEXT>