#
#  Reaction log file
#  Author: LigBuilder V3 User_Diana
#  Creation time: Thu Apr  9 17:09:24 2026
#  Format:
#  QueryMoleculeId/Cost/SynthesizeId/ReactantId1/ReactantId2/ReactantId3.....
#  Id prefix:
#  Q --- Query Molecule
#  M --- Material
#  R --- Reactant
#
Directory      result/synthesize_PfHDAC1/237/DATABASE/
#
Q000000001/7.315958/0000/R000000001
R000000005/1.000000/0000/Guesstimate
R000000004/1.111111/0283/R000000005
R000000006/1.000000/0000/Guesstimate
R000000003/2.345679/0169/R000000004/R000000006
R000000008/1.000000/0000/Guesstimate
R000000007/2.345679/0275/R000000004/R000000008
R000000009/1.000000/0000/Guesstimate
R000000007/2.345679/0282/R000000004/R000000009
R000000003/2.606310/0147/R000000007
R000000012/1.000000/0000/Guesstimate
R000000013/1.000000/0000/Guesstimate
R000000011/2.222222/0279/R000000012/R000000013
R000000011/2.222222/0279/R000000012/R000000013
R000000014/1.000000/0000/Guesstimate
R000000010/3.580247/0275/R000000011/R000000014
R000000015/2.222222/0275/R000000012/R000000014
R000000010/3.580247/0279/R000000015/R000000013
R000000002/6.584363/0159/R000000003/R000000010
R000000020/1.000000/0000/Guesstimate
R000000019/1.111111/0125/R000000020
R000000021/1.000000/0000/Guesstimate
R000000019/2.222222/0112/R000000020/R000000021
R000000018/2.345679/0279/R000000019/R000000013
R000000018/2.345679/0279/R000000019/R000000013
R000000017/3.717421/0275/R000000018/R000000008
R000000016/4.130468/0147/R000000017
R000000023/1.000000/0000/Guesstimate
R000000022/3.717421/0274/R000000018/R000000023
R000000016/4.130468/0260/R000000022
R000000025/1.000000/0000/Guesstimate
R000000024/2.222222/0275/R000000025/R000000014
R000000026/1.000000/0000/Guesstimate
R000000027/1.000000/0000/Guesstimate
R000000024/2.222222/0275/R000000026/R000000027
R000000002/7.058546/0159/R000000016/R000000024
R000000001/7.315958/0285/R000000002
R000000029/5.075447/0159/R000000018/R000000024
R000000030/1.000000/0000/Guesstimate
R000000028/6.750496/0285/R000000029/R000000030
R000000001/7.500552/0275/R000000028
Q000000002/7.315958/0000/R000000031
R000000035/1.000000/0000/Guesstimate
R000000036/1.000000/0000/Guesstimate
R000000034/2.222222/0224/R000000035/R000000036
R000000037/1.000000/0000/Guesstimate
R000000033/3.580247/0285/R000000034/R000000037
R000000039/1.000000/0000/Guesstimate
R000000038/3.580247/0285/R000000034/R000000039
R000000033/3.978053/0294/R000000038
R000000041/1.000000/0000/Guesstimate
R000000043/1.000000/0000/Guesstimate
R000000042/1.111111/0293/R000000043
R000000045/1.000000/0000/Guesstimate
R000000046/1.000000/0000/Guesstimate
R000000044/2.222222/0256/R000000045/R000000046
R000000042/2.469136/0155/R000000044
R000000040/2.345679/0274/R000000041/R000000042
R000000047/1.000000/0000/Guesstimate
R000000040/3.580247/0274/R000000047/R000000044
R000000032/6.584363/0159/R000000033/R000000040
R000000051/1.000000/0000/Guesstimate
R000000050/2.222222/0279/R000000012/R000000051
R000000050/2.222222/0279/R000000012/R000000051
R000000052/1.000000/0000/Guesstimate
R000000049/3.580247/0095/R000000050/R000000052
R000000054/1.000000/0000/Guesstimate
R000000053/3.580247/0095/R000000050/R000000054
R000000055/1.000000/0000/Guesstimate
R000000049/5.089163/0274/R000000053/R000000055
R000000048/5.212621/0274/R000000049/R000000042
R000000048/6.447188/0274/R000000053/R000000044
R000000057/2.222222/0276/R000000008/R000000036
R000000057/2.222222/0278/R000000008/R000000036
R000000056/2.469136/0147/R000000057
R000000056/9.111111/0260/R000000058
R000000032/8.535286/0159/R000000048/R000000056
R000000031/7.315958/0197/R000000032
Q000000003/7.315958/0000/R000000031
Q000000004/7.315958/0000/R000000031
<NEXT>