#
#  Reaction log file
#  Author: LigBuilder V3 User_Diana
#  Creation time: Thu Apr  9 17:06:38 2026
#  Format:
#  QueryMoleculeId/Cost/SynthesizeId/ReactantId1/ReactantId2/ReactantId3.....
#  Id prefix:
#  Q --- Query Molecule
#  M --- Material
#  R --- Reactant
#
Directory      result/synthesize_PfHDAC1/147/DATABASE/
#
Q000000001/5.961151/0000/R000000001
R000000004/1.000000/0000/Guesstimate
R000000005/1.000000/0000/Guesstimate
R000000003/2.222222/0004/R000000004/R000000005
R000000007/1.000000/0000/Guesstimate
R000000006/2.222222/0004/R000000004/R000000007
R000000008/1.000000/0000/Guesstimate
R000000009/1.000000/0000/Guesstimate
R000000006/3.333333/0225/R000000004/R000000008/R000000009
R000000003/2.469136/0045/R000000006
M000000013/1.000000/0000/Sigma_BB-28764950
R000000012/1.111111/0085/M000000013
M000000014/1.000000/0000/Sigma_BB-31058715
R000000011/2.345679/0212/R000000012/M000000014
R000000011/2.345679/0212/R000000012/M000000014
R000000010/2.606310/0093/R000000011
M000000016/1.000000/0000/Sigma_BB-28457967
R000000015/3.717421/0212/M000000016/R000000011
R000000015/3.717421/0212/M000000016/R000000011
R000000010/4.130468/0100/R000000015
R000000002/5.365036/0212/R000000003/R000000010
R000000002/5.365036/0212/R000000003/R000000010
R000000001/5.961151/0028/R000000002
R000000019/2.469136/0197/R000000003
R000000020/1.000000/0000/Guesstimate
R000000018/3.854596/0004/R000000019/R000000020
M000000022/1.000000/0000/Sigma_BB-28524129
R000000021/3.580247/0212/R000000003/M000000022
R000000021/3.580247/0212/R000000003/M000000022
R000000018/3.978053/0024/R000000021
R000000023/2.345679/0212/R000000012/M000000014
R000000023/2.345679/0212/R000000012/M000000014
R000000017/6.889194/0212/R000000018/R000000023
R000000017/6.889194/0212/R000000018/R000000023
R000000001/7.654660/0028/R000000017
Q000000002/5.393995/0000/R000000024
R000000026/1.000000/0000/Guesstimate
R000000029/1.000000/0000/Guesstimate
R000000030/1.000000/0000/Guesstimate
R000000028/2.222222/0276/R000000029/R000000030
R000000028/2.222222/0278/R000000029/R000000030
R000000027/2.469136/0275/R000000028
R000000031/2.222222/0275/R000000029/R000000030
R000000027/2.469136/0276/R000000031
R000000025/3.854596/0112/R000000026/R000000027
R000000034/1.000000/0000/Guesstimate
R000000033/3.854596/0112/R000000034/R000000027
R000000032/4.282884/0197/R000000033
R000000035/1.000000/0000/Guesstimate
R000000025/5.869872/0112/R000000032/R000000035
R000000036/1.000000/0000/Guesstimate
R000000024/5.393995/0011/R000000025/R000000036
R000000040/1.000000/0000/Guesstimate
R000000039/3.854596/0112/R000000040/R000000027
R000000039/5.393995/0012/R000000025/R000000036
R000000038/4.282884/0082/R000000039
R000000042/1.000000/0000/Guesstimate
R000000041/5.869872/0004/R000000032/R000000042
R000000043/1.000000/0000/Guesstimate
R000000041/5.869872/0112/R000000032/R000000043
R000000038/7.633191/0049/R000000041/R000000036
R000000037/5.869872/0049/R000000038/R000000042
R000000046/1.000000/0000/Guesstimate
R000000045/5.869872/0004/R000000032/R000000046
R000000047/1.000000/0000/Guesstimate
R000000045/5.869872/0112/R000000032/R000000047
R000000044/6.522080/0086/R000000045
R000000044/6.522080/0091/R000000045
R000000037/7.246756/0079/R000000044
R000000024/6.522080/0041/R000000037
Q000000003/5.393995/0000/R000000024
Q000000004/Analysis Failed
<NEXT>