#
#  Reaction log file
#  Author: LigBuilder V3 User_Diana
#  Creation time: Thu Apr  9 17:09:54 2026
#  Format:
#  QueryMoleculeId/Cost/SynthesizeId/ReactantId1/ReactantId2/ReactantId3.....
#  Id prefix:
#  Q --- Query Molecule
#  M --- Material
#  R --- Reactant
#
Directory      result/synthesize_PfHDAC1/267/DATABASE/
#
Q000000001/Analysis Failed
Q000000002/Analysis Failed
Q000000003/Analysis Failed
Q000000004/9.483651/0000/R000000001
R000000006/1.000000/0000/Guesstimate
M000000007/1.000000/0000/Sigma_BB-28247348
R000000005/2.222222/0119/R000000006/M000000007
R000000005/2.222222/0280/R000000006/M000000007
R000000004/2.469136/0001/R000000005
R000000009/1.000000/0000/Guesstimate
R000000008/2.222222/0119/R000000009/M000000007
R000000008/2.469136/0091/R000000005
R000000004/2.469136/0004/R000000008
R000000011/1.000000/0000/Guesstimate
R000000012/1.000000/0000/Guesstimate
R000000010/2.222222/0004/R000000011/R000000012
R000000013/1.000000/0000/Guesstimate
R000000014/1.000000/0000/Guesstimate
R000000010/3.333333/0225/R000000011/R000000013/R000000014
R000000003/5.212621/0212/R000000004/R000000010
R000000003/5.212621/0212/R000000004/R000000010
R000000017/1.000000/0000/Guesstimate
R000000018/1.000000/0000/Guesstimate
R000000016/2.222222/0279/R000000017/R000000018
R000000016/2.222222/0279/R000000017/R000000018
R000000015/2.469136/0276/R000000016
R000000019/7.800000/0000/Guesstimate
R000000015/8.666667/0260/R000000019
R000000002/8.535286/0279/R000000003/R000000015
R000000002/8.535286/0279/R000000003/R000000015
R000000001/9.483651/0099/R000000002
R000000001/9.483651/0099/R000000002
<NEXT>