#
#  Reaction log file
#  Author: LigBuilder V3 User_Diana
#  Creation time: Thu Apr  9 17:08:18 2026
#  Format:
#  QueryMoleculeId/Cost/SynthesizeId/ReactantId1/ReactantId2/ReactantId3.....
#  Id prefix:
#  Q --- Query Molecule
#  M --- Material
#  R --- Reactant
#
Directory      result/synthesize_PfHDAC1/205/DATABASE/
#
Q000000001/5.654626/0000/R000000001
R000000005/1.000000/0000/Guesstimate
R000000006/1.000000/0000/Guesstimate
R000000004/2.222222/0004/R000000005/R000000006
R000000007/1.000000/0000/Guesstimate
R000000003/3.580247/0170/R000000004/R000000007
R000000010/1.000000/0000/Guesstimate
R000000011/1.000000/0000/Guesstimate
R000000009/2.222222/0170/R000000010/R000000011
R000000012/1.000000/0000/Guesstimate
R000000009/2.222222/0170/R000000012/R000000007
R000000008/2.469136/0024/R000000009
R000000014/1.000000/0000/Guesstimate
R000000013/2.222222/0170/R000000014/R000000011
R000000015/1.000000/0000/Guesstimate
R000000013/2.222222/0170/R000000015/R000000007
R000000008/2.469136/0040/R000000013
R000000003/3.854596/0004/R000000005/R000000008
M000000016/1.000000/0000/Sigma_BB-28762337
R000000002/5.089163/0224/R000000003/M000000016
R000000018/2.222222/0224/R000000005/R000000014
R000000019/1.000000/0000/Guesstimate
R000000017/3.580247/0004/R000000018/R000000019
R000000021/1.000000/0000/Guesstimate
R000000020/3.580247/0277/R000000018/R000000021
R000000020/3.580247/0301/R000000018/R000000010
R000000017/3.978053/0024/R000000020
R000000002/6.721537/0004/R000000017/R000000008
R000000001/5.654626/0212/R000000002
R000000001/5.654626/0212/R000000002
Q000000002/5.654626/0000/R000000022
R000000024/1.000000/0000/Guesstimate
R000000027/1.000000/0000/Guesstimate
M000000028/1.000000/0000/Sigma_BB-68216542
R000000026/2.222222/0275/R000000027/M000000028
R000000029/1.000000/0000/Guesstimate
R000000025/3.580247/0173/R000000026/R000000029
R000000030/1.000000/0000/Guesstimate
R000000025/3.580247/0175/R000000026/R000000030
R000000023/5.089163/0170/R000000024/R000000025
R000000031/1.000000/0000/Guesstimate
R000000032/3.978053/0156/R000000025
R000000033/3.978053/0217/R000000025
R000000032/4.420059/0059/R000000033
R000000023/5.531170/0170/R000000031/R000000032
R000000022/5.654626/0082/R000000023
R000000035/1.000000/0000/Guesstimate
R000000034/5.089163/0170/R000000035/R000000025
R000000034/5.531170/0170/R000000027/R000000032
R000000036/1.000000/0000/Guesstimate
R000000022/6.765737/0112/R000000034/R000000036
Q000000003/4.130468/0000/R000000037
M000000041/1.000000/0000/Sigma_BB-337515708
R000000040/1.111111/0153/M000000041
R000000042/1.000000/0000/Guesstimate
R000000039/2.345679/0175/R000000040/R000000042
R000000043/2.222222/0175/M000000041/R000000042
R000000043/2.222222/0290/M000000041/R000000042
R000000039/2.469136/0153/R000000043
R000000044/1.000000/0000/Guesstimate
R000000038/3.717421/0232/R000000039/R000000044
M000000047/1.000000/0000/Sigma_BB-181645254
R000000048/1.000000/0000/Guesstimate
R000000046/2.222222/0004/M000000047/R000000048
M000000049/1.000000/0000/Sigma_BB-28762732
R000000046/2.222222/0175/M000000049/R000000042
R000000045/2.469136/0153/R000000046
R000000050/9.600000/0000/Guesstimate
R000000045/9.600000/0041/R000000050
M000000052/1.000000/0000/Sigma_BB-28830366
R000000051/1.111111/0087/M000000052
R000000053/1.111111/0085/M000000052
R000000051/1.234568/0086/R000000053
R000000038/3.978053/0175/R000000045/R000000051
R000000037/4.130468/0028/R000000038
M000000057/1.000000/0000/Sigma_BB-28764950
R000000056/1.111111/0197/M000000057
R000000055/1.234568/0086/R000000056
R000000055/1.234568/0091/R000000056
R000000054/4.115227/0175/R000000045/R000000055
R000000054/4.115227/0290/R000000045/R000000055
R000000037/4.572474/0028/R000000054
<NEXT>