#
#  Reaction log file
#  Author: LigBuilder V3 User_Diana
#  Creation time: Thu Apr  9 17:05:47 2026
#  Format:
#  QueryMoleculeId/Cost/SynthesizeId/ReactantId1/ReactantId2/ReactantId3.....
#  Id prefix:
#  Q --- Query Molecule
#  M --- Material
#  R --- Reactant
#
Directory      result/synthesize_PfHDAC1/121/DATABASE/
#
Q000000001/8.147660/0000/R000000001
R000000007/1.000000/0000/Guesstimate
R000000006/1.111111/0283/R000000007
R000000009/1.000000/0000/Guesstimate
R000000010/1.000000/0000/Guesstimate
R000000008/2.222222/0224/R000000009/R000000010
R000000006/2.469136/0112/R000000008
R000000011/1.000000/0000/Guesstimate
R000000005/2.345679/0224/R000000006/R000000011
R000000013/1.000000/0000/Guesstimate
R000000012/2.345679/0224/R000000006/R000000013
R000000005/2.606310/0040/R000000012
R000000014/1.000000/0000/Guesstimate
R000000004/3.717421/0003/R000000005/R000000014
R000000015/1.000000/0000/Guesstimate
R000000004/3.717421/0138/R000000012/R000000015
R000000003/4.130468/0099/R000000004
R000000018/1.000000/0000/Guesstimate
R000000017/2.345679/0224/R000000006/R000000018
R000000016/3.717421/0112/R000000017/R000000014
R000000021/1.000000/0000/Guesstimate
R000000020/2.222222/0224/R000000021/R000000018
R000000019/2.469136/0112/R000000020
R000000019/2.606310/0197/R000000005
R000000022/1.000000/0000/Guesstimate
R000000016/3.854596/0003/R000000019/R000000022
R000000003/4.130468/0099/R000000016
R000000025/1.000000/0000/Guesstimate
R000000026/1.000000/0000/Guesstimate
R000000024/2.222222/0112/R000000025/R000000026
R000000023/2.469136/0197/R000000024
R000000002/7.332894/0276/R000000003/R000000023
R000000002/7.332894/0278/R000000003/R000000023
R000000001/8.147660/0059/R000000002
R000000030/1.234568/0059/R000000006
R000000032/1.000000/0000/Guesstimate
R000000031/1.111111/0228/R000000032
R000000031/1.111111/0286/R000000032
R000000030/1.234568/0156/R000000031
R000000033/1.000000/0000/Guesstimate
R000000029/2.482853/0224/R000000030/R000000033
R000000029/2.482853/0226/R000000030/R000000010
R000000028/2.758726/0040/R000000029
R000000035/1.000000/0000/Guesstimate
R000000034/3.854596/0004/R000000019/R000000035
R000000034/3.854596/0277/R000000019/R000000035
R000000028/4.282884/0059/R000000034
R000000038/1.000000/0000/Guesstimate
R000000037/3.854596/0276/R000000038/R000000023
R000000037/3.854596/0278/R000000038/R000000023
R000000036/4.282884/0079/R000000037
R000000039/1.000000/0000/Guesstimate
R000000036/5.393995/0112/R000000037/R000000039
R000000027/7.824012/0049/R000000028/R000000036
R000000041/2.606310/0086/R000000005
R000000041/2.606310/0091/R000000005
R000000040/2.895900/0059/R000000041
R000000044/1.000000/0000/Guesstimate
R000000043/2.482853/0224/R000000030/R000000044
R000000042/2.758726/0024/R000000043
R000000045/2.482853/0224/R000000030/R000000013
R000000047/9.100000/0000/Guesstimate
R000000046/9.100000/0155/R000000047
R000000046/9.900000/0156/R000000048
R000000045/9.600000/0118/R000000046
R000000042/2.758726/0040/R000000045
R000000040/3.065251/0086/R000000042
R000000051/1.000000/0000/Guesstimate
R000000050/3.854596/0276/R000000051/R000000023
R000000050/3.854596/0278/R000000051/R000000023
R000000049/4.282884/0228/R000000050
R000000052/4.758760/0041/R000000036
R000000052/4.758760/0233/R000000036
R000000049/5.287512/0155/R000000052
R000000027/7.976427/0112/R000000040/R000000049
R000000001/8.693347/0099/R000000027
Q000000002/Analysis Failed
Q000000003/Analysis Failed
<NEXT>