#
#  Reaction log file
#  Author: LigBuilder V3 User_Diana
#  Creation time: Thu Apr  9 17:06:05 2026
#  Format:
#  QueryMoleculeId/Cost/SynthesizeId/ReactantId1/ReactantId2/ReactantId3.....
#  Id prefix:
#  Q --- Query Molecule
#  M --- Material
#  R --- Reactant
#
Directory      result/synthesize_PfHDAC1/120/DATABASE/
#
Q000000001/5.531170/0000/R000000001
R000000002/1.000000/0000/Guesstimate
R000000006/1.000000/0000/Guesstimate
R000000007/1.000000/0000/Guesstimate
R000000005/2.222222/0004/R000000006/R000000007
R000000008/1.000000/0000/Guesstimate
R000000004/3.580247/0212/R000000005/R000000008
R000000004/3.580247/0212/R000000005/R000000008
R000000003/3.978053/0296/R000000004
R000000003/3.978053/0296/R000000004
R000000001/5.531170/0004/R000000002/R000000003
R000000011/1.000000/0000/Guesstimate
R000000010/5.531170/0112/R000000011/R000000003
R000000013/1.000000/0000/Guesstimate
R000000012/5.531170/0112/R000000013/R000000003
R000000010/6.145744/0039/R000000012
R000000009/6.145744/0059/R000000010
R000000014/6.145744/0059/R000000012
R000000015/1.000000/0000/Guesstimate
R000000014/7.256855/0224/R000000012/R000000015
R000000009/6.828605/0039/R000000014
R000000001/6.828605/0024/R000000009
Q000000002/5.531170/0000/R000000001
Q000000003/5.531170/0000/R000000001
Q000000004/8.147660/0000/R000000016
R000000022/1.000000/0000/Guesstimate
R000000021/1.111111/0283/R000000022
R000000024/1.000000/0000/Guesstimate
R000000025/1.000000/0000/Guesstimate
R000000023/2.222222/0224/R000000024/R000000025
R000000021/2.469136/0112/R000000023
R000000026/1.000000/0000/Guesstimate
R000000020/2.345679/0224/R000000021/R000000026
R000000028/1.000000/0000/Guesstimate
R000000027/2.345679/0224/R000000021/R000000028
R000000020/2.606310/0040/R000000027
R000000029/1.000000/0000/Guesstimate
R000000019/3.717421/0003/R000000020/R000000029
R000000030/1.000000/0000/Guesstimate
R000000019/3.717421/0138/R000000027/R000000030
R000000018/4.130468/0099/R000000019
R000000033/1.000000/0000/Guesstimate
R000000032/2.345679/0224/R000000021/R000000033
R000000031/3.717421/0112/R000000032/R000000029
R000000036/1.000000/0000/Guesstimate
R000000035/2.222222/0224/R000000036/R000000033
R000000034/2.469136/0112/R000000035
R000000034/2.606310/0197/R000000020
R000000037/1.000000/0000/Guesstimate
R000000031/3.854596/0003/R000000034/R000000037
R000000018/4.130468/0099/R000000031
R000000040/1.000000/0000/Guesstimate
R000000039/2.222222/0112/R000000040/R000000007
R000000038/2.469136/0197/R000000039
R000000017/7.332894/0276/R000000018/R000000038
R000000017/7.332894/0278/R000000018/R000000038
R000000016/8.147660/0059/R000000017
R000000044/1.234568/0059/R000000021
R000000046/1.000000/0000/Guesstimate
R000000045/1.111111/0228/R000000046
R000000045/1.111111/0286/R000000046
R000000044/1.234568/0156/R000000045
R000000047/1.000000/0000/Guesstimate
R000000043/2.482853/0224/R000000044/R000000047
R000000043/2.482853/0226/R000000044/R000000025
R000000042/2.758726/0040/R000000043
R000000048/3.854596/0004/R000000034/R000000006
R000000048/3.854596/0277/R000000034/R000000006
R000000042/4.282884/0059/R000000048
R000000051/1.000000/0000/Guesstimate
R000000050/3.854596/0276/R000000051/R000000038
R000000050/3.854596/0278/R000000051/R000000038
R000000049/4.282884/0079/R000000050
R000000052/1.000000/0000/Guesstimate
R000000049/5.393995/0112/R000000050/R000000052
R000000041/7.824012/0049/R000000042/R000000049
R000000054/2.606310/0086/R000000020
R000000054/2.606310/0091/R000000020
R000000053/2.895900/0059/R000000054
R000000057/1.000000/0000/Guesstimate
R000000056/2.482853/0224/R000000044/R000000057
R000000055/2.758726/0024/R000000056
R000000058/2.482853/0224/R000000044/R000000028
R000000060/9.100000/0000/Guesstimate
R000000059/9.100000/0155/R000000060
R000000059/9.900000/0156/R000000061
R000000058/9.600000/0118/R000000059
R000000055/2.758726/0040/R000000058
R000000053/3.065251/0086/R000000055
R000000064/1.000000/0000/Guesstimate
R000000063/3.854596/0276/R000000064/R000000038
R000000063/3.854596/0278/R000000064/R000000038
R000000062/4.282884/0228/R000000063
R000000065/4.758760/0041/R000000049
R000000065/4.758760/0233/R000000049
R000000062/5.287512/0155/R000000065
R000000041/7.976427/0112/R000000053/R000000062
R000000016/8.693347/0099/R000000041
<NEXT>