#
#  Reaction log file
#  Author: LigBuilder V3 User_Diana
#  Creation time: Thu Apr  9 17:06:38 2026
#  Format:
#  QueryMoleculeId/Cost/SynthesizeId/ReactantId1/ReactantId2/ReactantId3.....
#  Id prefix:
#  Q --- Query Molecule
#  M --- Material
#  R --- Reactant
#
Directory      result/synthesize_PfHDAC1/146/DATABASE/
#
Q000000001/4.007011/0000/R000000001
M000000005/1.000000/0000/Sigma_BB-28839860
R000000004/1.111111/0287/M000000005
M000000006/1.000000/0000/Sigma_BB-156331499
R000000007/1.000000/0000/Guesstimate
R000000004/2.222222/0175/M000000006/R000000007
R000000008/1.000000/0000/Guesstimate
R000000003/2.345679/0003/R000000004/R000000008
M000000010/1.000000/0000/Sigma_BB-244167282
R000000011/1.000000/0000/Guesstimate
R000000009/2.222222/0004/M000000010/R000000011
M000000012/1.000000/0000/Sigma_BB-30479921
R000000009/2.222222/0175/M000000012/R000000007
R000000013/1.000000/0000/Guesstimate
R000000003/3.580247/0049/R000000009/R000000013
R000000002/2.606310/0059/R000000003
R000000015/2.469136/0153/R000000009
R000000016/1.000000/0000/Guesstimate
R000000014/3.854596/0003/R000000015/R000000016
R000000017/2.743484/0118/R000000015
R000000018/1.000000/0000/Guesstimate
R000000017/3.854596/0112/R000000015/R000000018
R000000014/4.159427/0049/R000000017/R000000011
R000000002/4.282884/0059/R000000014
R000000019/1.000000/0000/Guesstimate
R000000001/4.007011/0004/R000000002/R000000019
M000000023/1.000000/0000/Sigma_BB-30464613
R000000022/1.111111/0059/M000000023
M000000024/1.000000/0000/Sigma_BB-30380619
R000000022/1.111111/0153/M000000024
R000000025/1.000000/0000/Guesstimate
R000000021/2.345679/0175/R000000022/R000000025
M000000027/1.000000/0000/Sigma_BB-68700039
R000000028/1.000000/0000/Guesstimate
R000000026/2.222222/0112/M000000027/R000000028
M000000029/1.000000/0000/Sigma_BB-27260481
R000000026/2.222222/0174/M000000029/R000000028
R000000021/2.469136/0059/R000000026
R000000020/3.717421/0175/R000000021/R000000007
R000000031/2.222222/0003/M000000005/R000000008
M000000032/1.000000/0000/Sigma_BB-28715654
R000000031/2.222222/0112/M000000032/R000000028
R000000030/2.469136/0059/R000000031
R000000033/9.000000/0000/Guesstimate
R000000030/10.000000/0059/R000000033
R000000020/3.854596/0175/R000000030/R000000025
R000000001/4.130468/0024/R000000020
Q000000002/5.961151/0000/R000000034
R000000037/1.000000/0000/Guesstimate
R000000038/1.000000/0000/Guesstimate
R000000036/2.222222/0004/R000000037/R000000038
R000000040/1.000000/0000/Guesstimate
R000000039/2.222222/0004/R000000037/R000000040
R000000041/1.000000/0000/Guesstimate
R000000042/1.000000/0000/Guesstimate
R000000039/3.333333/0225/R000000037/R000000041/R000000042
R000000036/2.469136/0045/R000000039
M000000046/1.000000/0000/Sigma_BB-28764950
R000000045/1.111111/0085/M000000046
M000000047/1.000000/0000/Sigma_BB-31058715
R000000044/2.345679/0212/R000000045/M000000047
R000000044/2.345679/0212/R000000045/M000000047
R000000043/2.606310/0093/R000000044
M000000049/1.000000/0000/Sigma_BB-28457967
R000000048/3.717421/0212/M000000049/R000000044
R000000048/3.717421/0212/M000000049/R000000044
R000000043/4.130468/0100/R000000048
R000000035/5.365036/0212/R000000036/R000000043
R000000035/5.365036/0212/R000000036/R000000043
R000000034/5.961151/0028/R000000035
R000000052/2.469136/0197/R000000036
R000000051/3.854596/0004/R000000052/R000000019
M000000054/1.000000/0000/Sigma_BB-28524129
R000000053/3.580247/0212/R000000036/M000000054
R000000053/3.580247/0212/R000000036/M000000054
R000000051/3.978053/0024/R000000053
R000000055/2.345679/0212/R000000045/M000000047
R000000055/2.345679/0212/R000000045/M000000047
R000000050/6.889194/0212/R000000051/R000000055
R000000050/6.889194/0212/R000000051/R000000055
R000000034/7.654660/0028/R000000050
Q000000003/5.961151/0000/R000000034
<NEXT>