#
#  Reaction log file
#  Author: LigBuilder V3 User_Diana
#  Creation time: Thu Apr  9 17:07:58 2026
#  Format:
#  QueryMoleculeId/Cost/SynthesizeId/ReactantId1/ReactantId2/ReactantId3.....
#  Id prefix:
#  Q --- Query Molecule
#  M --- Material
#  R --- Reactant
#
Directory      result/synthesize_PfHDAC1/194/DATABASE/
#
Q000000001/Analysis Failed
Q000000002/5.791801/0000/R000000001
R000000004/1.000000/0000/Guesstimate
R000000005/1.000000/0000/Guesstimate
R000000003/2.222222/0004/R000000004/R000000005
M000000007/1.000000/0000/Sigma_BB-30603694
R000000006/1.111111/0093/M000000007
R000000008/1.000000/0000/Guesstimate
R000000006/2.222222/0004/R000000004/R000000008
R000000009/1.000000/0000/Guesstimate
R000000003/2.345679/0004/R000000006/R000000009
M000000012/1.000000/0000/Sigma_BB-28769081
R000000011/2.222222/0274/R000000009/M000000012
R000000010/2.469136/0153/R000000011
R000000014/1.000000/0000/Guesstimate
M000000015/1.000000/0000/Sigma_BB-28677281
R000000013/2.222222/0274/R000000014/M000000015
R000000010/2.469136/0155/R000000013
R000000002/5.212621/0003/R000000003/R000000010
R000000017/1.000000/0000/Guesstimate
R000000016/2.222222/0112/R000000004/R000000017
R000000018/1.111111/0086/M000000007
R000000018/1.111111/0091/M000000007
R000000016/2.345679/0112/R000000018/R000000009
R000000020/1.000000/0000/Guesstimate
R000000022/1.000000/0000/Guesstimate
R000000021/2.222222/0274/R000000022/M000000015
R000000021/3.854596/0301/R000000009/R000000010
R000000019/3.580247/0004/R000000020/R000000021
R000000024/1.000000/0000/Guesstimate
R000000023/3.580247/0277/R000000024/R000000021
R000000025/1.000000/0000/Guesstimate
R000000023/3.580247/0301/R000000025/R000000021
R000000019/3.978053/0024/R000000023
R000000002/6.447188/0049/R000000016/R000000019
R000000001/5.791801/0099/R000000002
R000000001/5.791801/0099/R000000002
Q000000003/Analysis Failed
<NEXT>