#
#  Reaction log file
#  Author: LigBuilder V3 User_Diana
#  Creation time: Thu Apr  9 17:09:23 2026
#  Format:
#  QueryMoleculeId/Cost/SynthesizeId/ReactantId1/ReactantId2/ReactantId3.....
#  Id prefix:
#  Q --- Query Molecule
#  M --- Material
#  R --- Reactant
#
Directory      result/synthesize_PfHDAC1/238/DATABASE/
#
Q000000001/7.163543/0000/R000000001
R000000005/1.000000/0000/Guesstimate
R000000006/1.000000/0000/Guesstimate
R000000004/2.222222/0081/R000000005/R000000006
R000000007/1.000000/0000/Guesstimate
R000000004/2.222222/0210/R000000007/R000000006
R000000008/1.000000/0000/Guesstimate
R000000003/3.580247/0119/R000000004/R000000008
R000000009/2.469136/0091/R000000004
R000000003/3.854596/0276/R000000009/R000000008
R000000011/1.000000/0000/Guesstimate
M000000012/1.000000/0000/Sigma_BB-326526663
R000000010/2.222222/0056/R000000011/M000000012
M000000014/1.000000/0000/Sigma_BB-37465692
R000000013/2.222222/0056/R000000011/M000000014
R000000010/2.469136/0059/R000000013
R000000002/6.447188/0274/R000000003/R000000010
R000000017/1.000000/0000/Guesstimate
R000000016/2.222222/0081/R000000017/R000000006
R000000018/1.000000/0000/Guesstimate
R000000016/2.222222/0210/R000000018/R000000006
R000000015/3.580247/0119/R000000016/R000000008
R000000019/3.978053/0217/R000000003
R000000015/4.420059/0041/R000000019
R000000020/2.469136/0155/R000000010
R000000021/2.469136/0155/R000000013
R000000020/2.743484/0059/R000000021
R000000002/6.721537/0274/R000000015/R000000020
R000000001/7.163543/0024/R000000002
R000000025/1.000000/0000/Guesstimate
R000000024/1.111111/0287/R000000025
R000000023/3.978053/0112/R000000009/R000000024
R000000026/2.469136/0197/R000000004
R000000029/1.000000/0000/Guesstimate
R000000028/2.222222/0174/R000000029/R000000025
R000000028/2.222222/0289/R000000029/R000000025
R000000027/2.469136/0197/R000000028
R000000030/7.400000/0000/Guesstimate
R000000027/8.222222/0091/R000000030
R000000023/5.486969/0112/R000000026/R000000027
R000000022/6.889194/0274/R000000023/R000000010
R000000031/5.212621/0274/R000000026/R000000010
R000000032/2.469136/0197/R000000016
R000000033/1.000000/0000/Guesstimate
R000000032/3.854596/0274/R000000026/R000000033
R000000031/5.486969/0274/R000000032/R000000020
R000000022/8.535286/0112/R000000031/R000000027
R000000001/7.654661/0025/R000000022
Q000000002/7.163543/0000/R000000001
Q000000003/3.580247/0000/R000000034
R000000035/1.000000/0000/Guesstimate
R000000037/1.000000/0000/Guesstimate
M000000038/1.000000/0000/Sigma_BB-30167926
R000000036/2.222222/0223/R000000037/M000000038
M000000040/1.000000/0000/Sigma_BB-29464565
R000000039/2.222222/0223/M000000040/M000000038
R000000036/2.469136/0197/R000000039
R000000034/3.580247/0004/R000000035/R000000036
R000000044/1.000000/0000/Guesstimate
R000000043/2.222222/0112/R000000044/R000000037
R000000042/2.469136/0059/R000000043
R000000045/2.222222/0004/R000000035/R000000037
R000000042/3.580247/0119/R000000045/R000000008
R000000041/3.854596/0223/R000000042/M000000038
R000000034/4.282884/0024/R000000041
<NEXT>