#
#  Reaction log file
#  Author: LigBuilder V3 User_Diana
#  Creation time: Thu Apr  9 17:09:22 2026
#  Format:
#  QueryMoleculeId/Cost/SynthesizeId/ReactantId1/ReactantId2/ReactantId3.....
#  Id prefix:
#  Q --- Query Molecule
#  M --- Material
#  R --- Reactant
#
Directory      result/synthesize_PfHDAC1/240/DATABASE/
#
Q000000001/1.111111/0000/R000000001
M000000002/1.000000/0000/Sigma_BB-28798855
R000000001/1.111111/0013/M000000002
R000000005/1.111111/0213/M000000002
M000000006/1.000000/0000/Sigma_BB-245857838
R000000005/1.111111/0287/M000000006
R000000004/1.234568/0091/R000000005
R000000007/1.000000/0000/Guesstimate
R000000009/1.000000/0000/Guesstimate
R000000010/1.000000/0000/Guesstimate
R000000008/2.222222/0279/R000000009/R000000010
R000000008/2.222222/0279/R000000009/R000000010
R000000004/3.580247/0159/R000000007/R000000008
R000000003/1.371742/0079/R000000004
R000000013/1.000000/0000/Guesstimate
R000000012/2.222222/0175/M000000002/R000000013
R000000012/2.222222/0290/M000000002/R000000013
R000000011/2.469136/0139/R000000012
R000000014/1.234568/0153/R000000005
R000000014/1.371742/0154/R000000004
R000000015/1.000000/0000/Guesstimate
R000000011/2.482853/0231/R000000014/R000000015
R000000003/2.743484/0082/R000000011
R000000001/1.524158/0041/R000000003
Q000000002/1.111111/0000/R000000001
Q000000003/1.111111/0000/R000000001
Q000000004/4.007011/0000/R000000016
M000000020/1.000000/0000/Sigma_BB-244848892
R000000019/1.111111/0188/M000000020
M000000021/1.000000/0000/Sigma_BB-187814628
R000000022/1.000000/0000/Guesstimate
R000000019/2.222222/0231/M000000021/R000000022
R000000023/1.000000/0000/Guesstimate
R000000018/2.345679/0175/R000000019/R000000023
R000000025/1.000000/0000/Guesstimate
R000000024/2.345679/0175/R000000019/R000000025
R000000024/2.345679/0290/R000000019/R000000025
R000000026/1.000000/0000/Guesstimate
R000000018/3.717421/0212/R000000024/R000000026
R000000017/2.606310/0082/R000000018
M000000029/1.000000/0000/Sigma_BB-28788714
R000000028/2.222222/0175/M000000029/R000000023
R000000028/2.222222/0290/M000000029/R000000023
R000000030/1.000000/0000/Guesstimate
R000000027/3.580247/0112/R000000028/R000000030
M000000032/1.000000/0000/Sigma_BB-187814549
R000000031/2.222222/0175/M000000032/R000000023
M000000033/1.000000/0000/Sigma_BB-117837564
R000000031/2.222222/0212/M000000033/R000000026
R000000034/1.000000/0000/Guesstimate
R000000027/3.580247/0112/R000000031/R000000034
R000000017/3.978053/0041/R000000027
R000000035/1.000000/0000/Guesstimate
R000000016/4.007011/0004/R000000017/R000000035
M000000039/1.000000/0000/Sigma_BB-68700039
R000000038/2.222222/0174/M000000039/R000000023
R000000038/2.222222/0289/M000000039/R000000023
R000000037/2.469136/0147/R000000038
R000000040/2.469136/0092/R000000028
R000000040/3.580247/0004/R000000031/R000000035
R000000041/1.000000/0000/Guesstimate
R000000037/3.854596/0119/R000000040/R000000041
R000000036/3.854596/0112/R000000037/R000000013
M000000044/1.000000/0000/Sigma_BB-28775296
R000000045/1.000000/0000/Guesstimate
R000000043/2.222222/0175/M000000044/R000000045
R000000043/2.222222/0290/M000000044/R000000045
R000000042/3.580247/0175/R000000043/R000000023
R000000046/3.580247/0004/R000000028/R000000035
R000000047/1.000000/0000/Guesstimate
R000000048/1.000000/0000/Guesstimate
R000000046/4.691358/0225/R000000028/R000000047/R000000048
R000000042/5.089163/0119/R000000046/R000000041
R000000049/1.000000/0000/Guesstimate
R000000036/5.089163/0112/R000000042/R000000049
R000000016/4.282884/0024/R000000036
<NEXT>