#
#  Reaction log file
#  Author: LigBuilder V3 User_Diana
#  Creation time: Thu Apr  9 17:02:43 2026
#  Format:
#  QueryMoleculeId/Cost/SynthesizeId/ReactantId1/ReactantId2/ReactantId3.....
#  Id prefix:
#  Q --- Query Molecule
#  M --- Material
#  R --- Reactant
#
Directory      result/synthesize_PfHDAC1/22/DATABASE/
#
Q000000001/3.048316/0000/R000000001
M000000005/1.000000/0000/Sigma_BB-28841144
R000000006/1.000000/0000/Guesstimate
R000000004/2.222222/0018/M000000005/R000000006
R000000003/2.469136/0155/R000000004
R000000003/2.469136/0155/R000000004
R000000002/2.743484/0156/R000000003
M000000009/1.000000/0000/Sigma_BB-28779625
R000000010/1.000000/0000/Guesstimate
R000000008/2.222222/0002/M000000009/R000000010
R000000011/1.000000/0000/Guesstimate
R000000007/3.580247/0119/R000000008/R000000011
R000000013/1.000000/0000/Guesstimate
R000000012/3.580247/0212/R000000013/R000000008
R000000012/3.580247/0212/R000000013/R000000008
R000000007/3.978053/0260/R000000012
R000000002/3.978053/0147/R000000007
R000000001/3.048316/0024/R000000002
R000000016/2.469136/0086/R000000008
R000000016/2.469136/0091/R000000008
R000000015/2.743484/0147/R000000016
R000000018/1.000000/0000/Guesstimate
R000000021/1.000000/0000/Guesstimate
R000000022/1.000000/0000/Guesstimate
R000000020/2.222222/0122/R000000021/R000000022
R000000019/2.469136/0294/R000000020
R000000019/2.743484/0193/R000000003
R000000017/3.854596/0112/R000000018/R000000019
R000000015/4.282884/0197/R000000017
R000000024/1.000000/0000/Guesstimate
R000000023/1.111111/0287/R000000024
R000000025/7.400000/0000/Guesstimate
R000000023/8.222222/0197/R000000025
R000000014/4.282884/0112/R000000015/R000000023
R000000027/2.222222/0174/R000000018/R000000024
R000000027/2.222222/0289/R000000018/R000000024
R000000026/2.469136/0197/R000000027
R000000026/8.222222/0091/R000000025
R000000014/5.486969/0112/R000000026/R000000019
R000000001/4.758760/0025/R000000014
Q000000002/Analysis Failed
Q000000003/Analysis Failed
<NEXT>