#
#  Reaction log file
#  Author: LigBuilder V3 User_Diana
#  Creation time: Thu Apr  9 17:10:14 2026
#  Format:
#  QueryMoleculeId/Cost/SynthesizeId/ReactantId1/ReactantId2/ReactantId3.....
#  Id prefix:
#  Q --- Query Molecule
#  M --- Material
#  R --- Reactant
#
Directory      result/synthesize_PfHDAC1/270/DATABASE/
#
Q000000001/6.265983/0000/R000000001
M000000005/1.000000/0000/Sigma_BB-28426400
M000000007/1.000000/0000/Sigma_BB-28764950
R000000006/1.111111/0087/M000000007
R000000004/2.345679/0175/M000000005/R000000006
M000000009/1.000000/0000/Sigma_BB-30391580
R000000010/1.000000/0000/Guesstimate
R000000008/2.222222/0004/M000000009/R000000010
R000000012/1.000000/0000/Guesstimate
R000000011/2.222222/0175/M000000005/R000000012
R000000011/2.222222/0290/M000000005/R000000012
R000000008/2.469136/0024/R000000011
R000000013/1.111111/0085/M000000007
R000000004/3.703704/0212/R000000008/R000000013
R000000003/2.606310/0197/R000000004
R000000016/1.000000/0000/Guesstimate
R000000017/1.000000/0000/Guesstimate
R000000015/2.222222/0003/R000000016/R000000017
R000000018/1.000000/0000/Guesstimate
R000000019/1.000000/0000/Guesstimate
R000000015/2.222222/0049/R000000018/R000000019
R000000014/2.469136/0041/R000000015
R000000021/1.000000/0000/Guesstimate
R000000020/2.222222/0112/R000000016/R000000021
R000000014/2.469136/0147/R000000020
R000000002/5.639385/0301/R000000003/R000000014
R000000002/5.639385/0301/R000000003/R000000014
R000000001/6.265983/0028/R000000002
R000000024/3.703704/0212/R000000008/R000000013
R000000024/3.703704/0212/R000000008/R000000013
R000000023/4.115227/0197/R000000024
R000000022/7.315959/0301/R000000023/R000000014
R000000022/7.315959/0301/R000000023/R000000014
R000000001/8.128843/0028/R000000022
Q000000002/4.741825/0000/R000000025
M000000029/1.000000/0000/Sigma_BB-28760652
R000000028/1.111111/0085/M000000029
R000000027/1.234568/0153/R000000028
R000000031/1.000000/0000/Guesstimate
R000000030/2.222222/0112/R000000016/R000000031
R000000027/2.469136/0147/R000000030
R000000026/4.267642/0301/R000000003/R000000027
R000000026/4.267642/0301/R000000003/R000000027
R000000025/4.741825/0028/R000000026
R000000034/2.469136/0212/R000000013/R000000028
R000000034/2.469136/0212/R000000013/R000000028
R000000033/2.743484/0156/R000000034
R000000032/5.517452/0212/R000000008/R000000033
R000000032/5.517452/0212/R000000008/R000000033
R000000025/6.130503/0028/R000000032
Q000000003/4.282884/0000/R000000035
M000000039/1.000000/0000/Sigma_BB-28896057
R000000038/2.222222/0212/M000000007/M000000039
R000000038/2.222222/0212/M000000007/M000000039
R000000037/2.469136/0087/R000000038
R000000041/1.000000/0000/Guesstimate
R000000040/3.580247/0004/R000000041/R000000038
R000000037/3.978053/0197/R000000040
R000000036/3.854596/0175/M000000005/R000000037
R000000043/2.743484/0079/R000000037
R000000044/1.000000/0000/Guesstimate
R000000043/3.854596/0112/R000000037/R000000044
R000000042/3.048316/0040/R000000043
R000000046/1.000000/0000/Guesstimate
R000000045/3.854596/0276/R000000037/R000000046
R000000045/3.854596/0278/R000000037/R000000046
R000000042/4.282884/0024/R000000045
R000000036/5.856154/0212/R000000008/R000000042
R000000035/4.282884/0028/R000000036
R000000048/2.345679/0212/R000000013/M000000039
M000000050/1.000000/0000/Sigma_BB-28778979
R000000049/2.345679/0212/R000000013/M000000050
R000000049/2.345679/0212/R000000013/M000000050
R000000051/1.000000/0000/Guesstimate
R000000048/3.717421/0212/R000000049/R000000051
R000000047/5.075447/0212/R000000008/R000000048
R000000047/5.075447/0212/R000000008/R000000048
R000000035/5.639385/0028/R000000047
Q000000004/4.282884/0000/R000000035
<NEXT>