#
#  Reaction log file
#  Author: LigBuilder V3 User_Diana
#  Creation time: Thu Apr  9 17:06:39 2026
#  Format:
#  QueryMoleculeId/Cost/SynthesizeId/ReactantId1/ReactantId2/ReactantId3.....
#  Id prefix:
#  Q --- Query Molecule
#  M --- Material
#  R --- Reactant
#
Directory      result/synthesize_PfHDAC1/150/DATABASE/
#
Q000000001/4.267642/0000/R000000001
R000000004/1.000000/0000/Guesstimate
R000000005/1.000000/0000/Guesstimate
R000000003/2.222222/0170/R000000004/R000000005
R000000006/1.000000/0000/Guesstimate
R000000007/1.000000/0000/Guesstimate
R000000003/2.222222/0170/R000000006/R000000007
R000000002/2.469136/0086/R000000003
R000000002/2.469136/0091/R000000003
R000000011/1.000000/0000/Guesstimate
R000000010/1.111111/0288/R000000011
R000000009/1.234568/0156/R000000010
R000000008/1.371742/0295/R000000009
R000000008/1.371742/0295/R000000009
R000000001/4.267642/0112/R000000002/R000000008
R000000014/1.000000/0000/Guesstimate
R000000013/2.635269/0112/R000000014/R000000008
R000000016/1.000000/0000/Guesstimate
R000000015/2.635269/0004/R000000016/R000000008
R000000013/2.928077/0260/R000000015
R000000012/2.928077/0197/R000000013
R000000019/1.000000/0000/Guesstimate
R000000018/2.635269/0004/R000000019/R000000008
R000000017/2.928077/0153/R000000018
R000000020/2.928077/0086/R000000018
R000000020/2.928077/0091/R000000018
R000000017/3.253419/0154/R000000020
R000000012/3.253419/0260/R000000017
R000000023/1.000000/0000/Guesstimate
R000000024/1.000000/0000/Guesstimate
R000000022/2.222222/0003/R000000023/R000000024
R000000025/1.111111/0118/R000000023
R000000026/1.000000/0000/Guesstimate
R000000025/2.222222/0112/R000000023/R000000026
R000000022/2.345679/0049/R000000025/R000000019
R000000021/2.469136/0147/R000000022
R000000029/1.000000/0000/Guesstimate
R000000030/1.000000/0000/Guesstimate
R000000028/2.222222/0170/R000000029/R000000030
R000000031/1.000000/0000/Guesstimate
R000000032/1.000000/0000/Guesstimate
R000000028/2.222222/0170/R000000031/R000000032
R000000027/2.469136/0082/R000000028
R000000034/1.000000/0000/Guesstimate
R000000033/2.222222/0170/R000000029/R000000034
R000000035/1.000000/0000/Guesstimate
R000000033/2.222222/0170/R000000031/R000000035
R000000036/1.000000/0000/Guesstimate
R000000027/3.580247/0112/R000000033/R000000036
R000000021/2.743484/0147/R000000027
R000000001/5.996903/0112/R000000012/R000000021
Q000000002/Analysis Failed
Q000000003/Analysis Failed
Q000000004/Analysis Failed
<NEXT>