#
#  Reaction log file
#  Author: LigBuilder V3 User_Diana
#  Creation time: Thu Apr  9 17:09:37 2026
#  Format:
#  QueryMoleculeId/Cost/SynthesizeId/ReactantId1/ReactantId2/ReactantId3.....
#  Id prefix:
#  Q --- Query Molecule
#  M --- Material
#  R --- Reactant
#
Directory      result/synthesize_PfHDAC1/245/DATABASE/
#
Q000000001/7.163543/0000/R000000001
R000000004/1.000000/0000/Guesstimate
R000000005/1.000000/0000/Guesstimate
R000000003/2.222222/0004/R000000004/R000000005
R000000006/1.000000/0000/Guesstimate
R000000007/1.000000/0000/Guesstimate
R000000003/2.222222/0004/R000000006/R000000007
R000000010/1.000000/0000/Guesstimate
R000000011/1.000000/0000/Guesstimate
R000000009/2.222222/0224/R000000010/R000000011
R000000008/3.580247/0004/R000000005/R000000009
R000000013/1.000000/0000/Guesstimate
R000000012/3.580247/0004/R000000013/R000000009
R000000014/1.000000/0000/Guesstimate
R000000015/1.000000/0000/Guesstimate
R000000012/4.691358/0225/R000000009/R000000014/R000000015
R000000008/3.978053/0085/R000000012
R000000002/6.447188/0212/R000000003/R000000008
R000000002/6.447188/0212/R000000003/R000000008
R000000001/7.163543/0296/R000000002
R000000001/7.163543/0296/R000000002
Q000000002/7.163543/0000/R000000001
Q000000003/Analysis Failed
<NEXT>