#
#  Reaction log file
#  Author: LigBuilder V3 User_Diana
#  Creation time: Thu Apr  9 17:10:57 2026
#  Format:
#  QueryMoleculeId/Cost/SynthesizeId/ReactantId1/ReactantId2/ReactantId3.....
#  Id prefix:
#  Q --- Query Molecule
#  M --- Material
#  R --- Reactant
#
Directory      result/synthesize_PfHDAC1/291/DATABASE/
#
Q000000001/4.267642/0000/R000000001
M000000004/1.000000/0000/Sigma_BB-28766735
R000000003/1.111111/0085/M000000004
M000000005/1.000000/0000/Sigma_BB-28945063
R000000006/1.000000/0000/Guesstimate
R000000003/2.222222/0004/M000000005/R000000006
M000000009/1.000000/0000/Sigma_BB-137806813
R000000008/1.111111/0086/M000000009
R000000008/1.111111/0091/M000000009
R000000010/1.000000/0000/Guesstimate
R000000007/2.345679/0112/R000000008/R000000010
R000000011/2.222222/0004/R000000006/R000000010
R000000012/1.000000/0000/Guesstimate
R000000007/3.580247/0049/R000000011/R000000012
R000000002/3.840878/0049/R000000003/R000000007
M000000014/1.000000/0000/Sigma_BB-28760241
R000000013/1.111111/0091/M000000014
R000000016/1.000000/0000/Guesstimate
R000000015/2.222222/0112/M000000005/R000000016
M000000017/1.000000/0000/Sigma_BB-28757047
R000000015/2.222222/0174/M000000017/R000000016
R000000013/2.469136/0197/R000000015
R000000019/2.606310/0233/R000000007
R000000019/2.606310/0258/R000000007
R000000018/2.895900/0155/R000000019
R000000021/1.000000/0000/Guesstimate
R000000020/3.580247/0003/R000000011/R000000021
R000000018/3.978053/0147/R000000020
R000000002/4.452235/0112/R000000013/R000000018
R000000001/4.267642/0099/R000000002
R000000001/4.267642/0099/R000000002
Q000000002/4.267642/0000/R000000001
Q000000003/2.743484/0000/R000000022
R000000025/1.000000/0000/Guesstimate
R000000024/2.222222/0003/M000000004/R000000025
R000000027/1.000000/0000/Guesstimate
R000000026/2.222222/0004/R000000027/R000000025
R000000029/1.000000/0000/Guesstimate
R000000028/2.222222/0003/R000000029/R000000025
R000000030/1.000000/0000/Guesstimate
R000000032/1.000000/0000/Guesstimate
R000000031/1.111111/0293/R000000032
R000000034/1.000000/0000/Guesstimate
R000000033/1.111111/0293/R000000034
R000000031/1.234568/0090/R000000033
R000000028/2.345679/0112/R000000030/R000000031
R000000026/2.469136/0040/R000000028
R000000024/3.580247/0003/M000000005/R000000026
R000000023/2.469136/0099/R000000024
R000000035/2.345679/0003/M000000014/R000000031
R000000035/3.703704/0049/R000000028/R000000003
R000000023/2.606310/0099/R000000035
R000000022/2.743484/0013/R000000023
M000000039/1.000000/0000/Sigma_BB-28465307
R000000038/1.111111/0125/M000000039
R000000038/2.222222/0112/M000000039/R000000030
R000000037/2.345679/0003/R000000029/R000000038
R000000041/2.222222/0003/R000000029/M000000039
M000000042/1.000000/0000/Sigma_BB-28836051
R000000041/2.222222/0049/R000000006/M000000042
R000000043/1.000000/0000/Guesstimate
R000000040/3.580247/0004/R000000041/R000000043
R000000037/3.978053/0009/R000000040
R000000036/3.840878/0122/R000000037/R000000031
R000000044/3.703704/0122/R000000041/R000000031
R000000044/3.703704/0122/R000000041/R000000031
R000000036/5.226338/0112/R000000044/R000000030
R000000022/4.267642/0041/R000000036
Q000000004/2.743484/0000/R000000022
<NEXT>