#
#  Reaction log file
#  Author: LigBuilder V3 User_Diana
#  Creation time: Thu Apr  9 17:04:35 2026
#  Format:
#  QueryMoleculeId/Cost/SynthesizeId/ReactantId1/ReactantId2/ReactantId3.....
#  Id prefix:
#  Q --- Query Molecule
#  M --- Material
#  R --- Reactant
#
Directory      result/synthesize_PfHDAC1/74/DATABASE/
#
Q000000001/6.659254/0000/R000000001
M000000004/1.000000/0000/Sigma_BB-128242238
R000000006/1.000000/0000/Guesstimate
R000000005/1.111111/0287/R000000006
R000000003/2.345679/0112/M000000004/R000000005
M000000007/1.000000/0000/Sigma_BB-28719305
R000000008/7.900000/0000/Guesstimate
R000000003/9.888888/0112/M000000007/R000000008
R000000013/1.000000/0000/Guesstimate
R000000014/1.000000/0000/Guesstimate
R000000012/2.222222/0224/R000000013/R000000014
R000000011/2.469136/0093/R000000012
M000000015/1.000000/0000/Sigma_BB-28247348
R000000011/3.580247/0212/M000000015/R000000012
R000000010/2.743484/0093/R000000011
M000000016/1.000000/0000/Sigma_BB-28457967
R000000010/3.580247/0212/M000000016/R000000012
R000000009/3.048316/0086/R000000010
R000000009/3.048316/0091/R000000010
R000000002/5.993328/0175/R000000003/R000000009
M000000019/1.000000/0000/Sigma_BB-28834861
R000000018/1.111111/0093/M000000019
M000000020/1.000000/0000/Sigma_BB-296138172
R000000018/1.111111/0147/M000000020
R000000017/3.703704/0212/R000000018/R000000012
R000000017/3.854596/0212/M000000019/R000000011
R000000023/1.000000/0000/Guesstimate
R000000024/1.000000/0000/Guesstimate
R000000022/2.222222/0012/R000000023/R000000024
R000000025/1.000000/0000/Guesstimate
R000000026/1.000000/0000/Guesstimate
R000000022/2.222222/0112/R000000025/R000000026
R000000021/3.703704/0112/R000000022/R000000005
R000000027/9.888888/0112/R000000025/R000000008
R000000021/9.888888/0079/R000000027
R000000002/8.230453/0163/R000000017/R000000021
R000000001/6.659254/0025/R000000002
R000000030/1.000000/0000/Guesstimate
R000000029/2.222222/0012/R000000030/R000000024
R000000032/1.000000/0000/Guesstimate
R000000033/1.000000/0000/Guesstimate
R000000031/2.222222/0004/R000000032/R000000033
M000000034/1.000000/0000/Sigma_BB-28756173
R000000031/2.222222/0285/M000000034/R000000024
R000000029/2.469136/0009/R000000031
R000000028/6.584363/0163/R000000017/R000000029
R000000037/1.000000/0000/Guesstimate
R000000036/2.222222/0277/R000000030/R000000037
R000000036/2.222222/0277/R000000030/R000000037
R000000035/2.469136/0009/R000000036
R000000039/1.000000/0000/Guesstimate
R000000038/2.222222/0112/R000000039/R000000026
R000000040/1.000000/0000/Guesstimate
R000000041/1.000000/0000/Guesstimate
R000000038/2.222222/0112/R000000040/R000000041
R000000042/1.000000/0000/Guesstimate
R000000035/3.580247/0049/R000000038/R000000042
R000000028/6.858711/0148/R000000017/R000000035
R000000001/7.315958/0024/R000000028
Q000000002/6.659254/0000/R000000001
Q000000003/Analysis Failed
<NEXT>