#
#  Reaction log file
#  Author: LigBuilder V3 User_Diana
#  Creation time: Thu Apr  9 17:10:54 2026
#  Format:
#  QueryMoleculeId/Cost/SynthesizeId/ReactantId1/ReactantId2/ReactantId3.....
#  Id prefix:
#  Q --- Query Molecule
#  M --- Material
#  R --- Reactant
#
Directory      result/synthesize_PfHDAC1/292/DATABASE/
#
Q000000001/6.096632/0000/R000000001
R000000005/1.000000/0000/Guesstimate
M000000006/1.000000/0000/Sigma_BB-28766735
R000000004/2.222222/0001/R000000005/M000000006
R000000007/1.000000/0000/Guesstimate
M000000008/1.000000/0000/Sigma_BB-28945063
R000000004/2.222222/0002/R000000007/M000000008
M000000010/1.000000/0000/Sigma_BB-28764950
R000000009/1.111111/0197/M000000010
R000000003/3.703704/0212/R000000004/R000000009
R000000003/3.703704/0212/R000000004/R000000009
R000000013/1.000000/0000/Guesstimate
R000000012/1.111111/0293/R000000013
R000000011/1.234568/0090/R000000012
R000000015/1.000000/0000/Guesstimate
R000000016/1.000000/0000/Guesstimate
R000000014/2.222222/0256/R000000015/R000000016
R000000011/2.469136/0155/R000000014
R000000002/5.486969/0122/R000000003/R000000011
R000000002/5.486969/0122/R000000003/R000000011
R000000001/6.096632/0028/R000000002
M000000020/1.000000/0000/Sigma_BB-28830366
R000000019/1.111111/0085/M000000020
R000000018/3.703704/0212/R000000004/R000000019
R000000018/3.703704/0212/R000000004/R000000019
R000000017/5.486969/0122/R000000018/R000000011
R000000017/5.486969/0122/R000000018/R000000011
R000000001/6.096632/0028/R000000017
Q000000002/Analysis Failed
Q000000003/Analysis Failed
<NEXT>