#
#  Reaction log file
#  Author: LigBuilder V3 User_Diana
#  Creation time: Thu Apr  9 17:10:48 2026
#  Format:
#  QueryMoleculeId/Cost/SynthesizeId/ReactantId1/ReactantId2/ReactantId3.....
#  Id prefix:
#  Q --- Query Molecule
#  M --- Material
#  R --- Reactant
#
Directory      result/synthesize_PfHDAC1/286/DATABASE/
#
Q000000001/2.469136/0000/R000000001
M000000003/1.000000/0000/Sigma_BB-28760241
R000000004/1.000000/0000/Guesstimate
R000000002/2.222222/0003/M000000003/R000000004
M000000006/1.000000/0000/Sigma_BB-28766735
R000000005/1.111111/0085/M000000006
M000000007/1.000000/0000/Sigma_BB-28945063
R000000008/1.000000/0000/Guesstimate
R000000005/2.222222/0004/M000000007/R000000008
R000000009/1.000000/0000/Guesstimate
R000000002/2.345679/0049/R000000005/R000000009
R000000001/2.469136/0099/R000000002
M000000012/1.000000/0000/Sigma_BB-29509312
R000000013/1.000000/0000/Guesstimate
R000000011/2.222222/0231/M000000012/R000000013
M000000014/1.000000/0000/Sigma_BB-29509005
R000000011/2.222222/0279/M000000014/R000000013
R000000010/2.469136/0082/R000000011
M000000017/1.000000/0000/Sigma_BB-234543042
R000000016/1.111111/0091/M000000017
R000000018/1.000000/0000/Guesstimate
R000000016/2.222222/0231/M000000012/R000000018
R000000015/1.234568/0079/R000000016
M000000019/1.000000/0000/Sigma_BB-28200223
R000000020/1.000000/0000/Guesstimate
R000000015/2.222222/0012/M000000019/R000000020
R000000010/2.482853/0012/R000000015/R000000020
R000000001/2.743484/0041/R000000010
Q000000002/2.469136/0000/R000000001
Q000000003/2.469136/0000/R000000001
<NEXT>