#
#  Reaction log file
#  Author: LigBuilder V3 User_Diana
#  Creation time: Thu Apr  9 17:05:06 2026
#  Format:
#  QueryMoleculeId/Cost/SynthesizeId/ReactantId1/ReactantId2/ReactantId3.....
#  Id prefix:
#  Q --- Query Molecule
#  M --- Material
#  R --- Reactant
#
Directory      result/synthesize_PfHDAC1/90/DATABASE/
#
Q000000001/6.096632/0000/R000000001
R000000005/1.000000/0000/Guesstimate
R000000006/1.000000/0000/Guesstimate
R000000004/2.222222/0256/R000000005/R000000006
R000000003/2.469136/0219/R000000004
R000000003/2.469136/0219/R000000004
R000000009/1.000000/0000/Guesstimate
R000000010/1.000000/0000/Guesstimate
R000000008/2.222222/0276/R000000009/R000000010
R000000008/2.222222/0278/R000000009/R000000010
R000000007/2.469136/0091/R000000008
R000000012/1.000000/0000/Guesstimate
R000000011/2.222222/0119/R000000012/R000000010
R000000013/1.000000/0000/Guesstimate
R000000011/2.222222/0276/R000000013/R000000010
R000000007/2.469136/0197/R000000011
R000000002/5.486969/0276/R000000003/R000000007
R000000002/5.486969/0278/R000000003/R000000007
R000000001/6.096632/0198/R000000002
R000000016/1.000000/0000/Guesstimate
R000000018/1.000000/0000/Guesstimate
R000000017/1.111111/0228/R000000018
R000000017/1.111111/0286/R000000018
R000000015/2.345679/0004/R000000016/R000000017
R000000020/1.000000/0000/Guesstimate
R000000019/2.345679/0301/R000000020/R000000017
R000000019/2.345679/0301/R000000020/R000000017
R000000015/2.606310/0024/R000000019
R000000023/1.000000/0000/Guesstimate
R000000025/1.000000/0000/Guesstimate
R000000024/2.222222/0276/R000000025/R000000010
R000000024/2.222222/0278/R000000025/R000000010
R000000022/3.580247/0274/R000000023/R000000024
R000000021/3.978053/0024/R000000022
R000000027/1.000000/0000/Guesstimate
R000000026/3.580247/0274/R000000027/R000000024
R000000021/3.978053/0040/R000000026
R000000014/7.026369/0212/R000000015/R000000021
R000000014/7.026369/0212/R000000015/R000000021
R000000001/7.807076/0188/R000000014
Q000000002/Analysis Failed
Q000000003/Analysis Failed
Q000000004/3.854596/0000/R000000028
R000000031/1.000000/0000/Guesstimate
R000000032/1.000000/0000/Guesstimate
R000000030/2.222222/0170/R000000031/R000000032
R000000033/1.000000/0000/Guesstimate
R000000034/1.000000/0000/Guesstimate
R000000030/2.222222/0170/R000000033/R000000034
R000000029/2.469136/0086/R000000030
R000000029/2.469136/0091/R000000030
R000000035/1.000000/0000/Guesstimate
R000000028/3.854596/0112/R000000029/R000000035
R000000039/1.000000/0000/Guesstimate
R000000038/2.222222/0004/R000000039/R000000035
R000000040/1.000000/0000/Guesstimate
R000000041/1.000000/0000/Guesstimate
R000000038/3.333333/0225/R000000035/R000000040/R000000041
R000000037/4.938272/0212/R000000038/R000000030
R000000037/4.938272/0212/R000000038/R000000030
R000000036/5.486969/0295/R000000037
R000000028/6.096632/0082/R000000036
<NEXT>