#
#  Reaction log file
#  Author: LigBuilder V3 User_Diana
#  Creation time: Thu Apr  9 17:07:57 2026
#  Format:
#  QueryMoleculeId/Cost/SynthesizeId/ReactantId1/ReactantId2/ReactantId3.....
#  Id prefix:
#  Q --- Query Molecule
#  M --- Material
#  R --- Reactant
#
Directory      result/synthesize_PfHDAC1/197/DATABASE/
#
Q000000001/5.944217/0000/R000000001
R000000005/1.000000/0000/Guesstimate
R000000004/1.111111/0125/R000000005
R000000006/1.000000/0000/Guesstimate
R000000004/2.222222/0112/R000000005/R000000006
R000000008/1.000000/0000/Guesstimate
R000000009/1.000000/0000/Guesstimate
R000000007/2.222222/0224/R000000008/R000000009
R000000003/3.703704/0224/R000000004/R000000007
R000000010/1.234568/0059/R000000004
R000000012/1.000000/0000/Guesstimate
R000000011/2.222222/0004/R000000005/R000000012
R000000013/1.000000/0000/Guesstimate
R000000014/1.000000/0000/Guesstimate
R000000011/3.333333/0225/R000000005/R000000013/R000000014
R000000010/2.469136/0153/R000000011
R000000016/1.000000/0000/Guesstimate
R000000015/2.222222/0224/R000000016/R000000009
R000000003/9.666667/0170/R000000010/R000000015
M000000018/1.000000/0000/Sigma_BB-40568700
R000000017/1.111111/0091/M000000018
M000000020/1.000000/0000/Sigma_BB-28761056
R000000019/1.111111/0287/M000000020
R000000017/1.234568/0154/R000000019
R000000002/5.349795/0112/R000000003/R000000017
R000000022/1.234568/0041/R000000004
R000000022/1.234568/0233/R000000004
R000000021/1.371742/0155/R000000022
R000000021/2.469136/0197/R000000011
R000000023/3.703704/0112/R000000007/R000000017
R000000024/3.703704/0112/R000000007/R000000019
R000000023/4.115227/0154/R000000024
R000000002/5.639385/0170/R000000021/R000000023
R000000001/5.944217/0147/R000000002
R000000028/1.000000/0000/Guesstimate
R000000027/2.635269/0170/R000000021/R000000028
R000000030/1.000000/0000/Guesstimate
R000000029/9.382716/0170/R000000010/R000000030
R000000032/1.000000/0000/Guesstimate
R000000031/8.555555/0170/R000000021/R000000032
R000000033/1.000000/0000/Guesstimate
R000000031/9.382716/0170/R000000010/R000000033
R000000029/9.506173/0100/R000000031
R000000027/9.382716/0091/R000000029
R000000026/4.039188/0112/R000000027/R000000006
R000000026/4.039188/0112/R000000027/R000000006
R000000035/2.345679/0112/R000000009/R000000017
R000000034/2.606310/0147/R000000035
R000000025/7.383887/0224/R000000026/R000000034
R000000001/8.204319/0147/R000000025
Q000000002/Analysis Failed
Q000000003/Analysis Failed
<NEXT>