#
#  Reaction log file
#  Author: LigBuilder V3 User_Diana
#  Creation time: Thu Apr  9 17:09:58 2026
#  Format:
#  QueryMoleculeId/Cost/SynthesizeId/ReactantId1/ReactantId2/ReactantId3.....
#  Id prefix:
#  Q --- Query Molecule
#  M --- Material
#  R --- Reactant
#
Directory      result/synthesize_PfHDAC1/261/DATABASE/
#
Q000000001/Analysis Failed
Q000000002/6.096632/0000/R000000001
R000000005/1.000000/0000/Guesstimate
R000000006/1.000000/0000/Guesstimate
R000000004/2.222222/0277/R000000005/R000000006
R000000009/1.000000/0000/Guesstimate
R000000010/1.000000/0000/Guesstimate
R000000008/2.222222/0274/R000000009/R000000010
R000000007/2.469136/0001/R000000008
R000000011/2.469136/0086/R000000008
R000000011/2.469136/0091/R000000008
R000000007/2.743484/0004/R000000011
R000000012/1.000000/0000/Guesstimate
R000000004/3.854596/0042/R000000007/R000000012
R000000003/2.469136/0099/R000000004
R000000016/1.000000/0000/Guesstimate
R000000017/1.000000/0000/Guesstimate
R000000015/2.222222/0004/R000000016/R000000017
R000000019/1.000000/0000/Guesstimate
R000000018/2.222222/0274/R000000019/R000000010
M000000020/1.000000/0000/Sigma_BB-28778979
R000000015/3.580247/0212/R000000018/M000000020
R000000014/2.469136/0009/R000000015
R000000022/1.000000/0000/Guesstimate
R000000021/2.222222/0274/R000000019/R000000022
R000000014/2.469136/0079/R000000021
R000000013/3.854596/0277/R000000014/R000000006
R000000024/1.000000/0000/Guesstimate
R000000023/3.580247/0001/R000000018/R000000024
R000000025/1.000000/0000/Guesstimate
R000000023/3.580247/0004/R000000018/R000000025
R000000013/5.089163/0042/R000000023/R000000012
R000000003/4.282884/0122/R000000013
M000000028/1.000000/0000/Sigma_BB-27944466
M000000029/1.000000/0000/Sigma_BB-28774655
R000000027/2.222222/0175/M000000028/M000000029
R000000027/2.222222/0290/M000000028/M000000029
R000000026/2.469136/0175/R000000027
R000000030/2.222222/0175/M000000028/M000000029
R000000030/2.222222/0290/M000000028/M000000029
R000000026/2.469136/0175/R000000030
R000000002/5.486969/0231/R000000003/R000000026
R000000033/1.000000/0000/Guesstimate
M000000034/1.000000/0000/Sigma_BB-27725161
R000000032/2.222222/0175/R000000033/M000000034
R000000032/2.222222/0290/R000000033/M000000034
R000000031/2.469136/0139/R000000032
M000000036/1.000000/0000/Sigma_BB-48767194
R000000035/2.222222/0175/M000000036/M000000034
R000000035/2.222222/0290/M000000036/M000000034
R000000031/2.469136/0150/R000000035
R000000002/5.486969/0279/R000000003/R000000031
R000000001/6.096632/0294/R000000002
R000000040/1.000000/0000/Guesstimate
R000000039/3.854596/0042/R000000007/R000000040
R000000041/3.854596/0212/R000000007/R000000009
R000000041/3.854596/0212/R000000007/R000000009
R000000042/1.000000/0000/Guesstimate
R000000039/5.393995/0122/R000000041/R000000042
R000000038/4.282884/0099/R000000039
R000000044/1.000000/0000/Guesstimate
R000000043/3.854596/0277/R000000014/R000000044
R000000043/5.089163/0042/R000000023/R000000040
R000000038/4.282884/0122/R000000043
R000000037/7.502244/0231/R000000038/R000000026
R000000047/1.000000/0000/Guesstimate
R000000046/3.854596/0042/R000000007/R000000047
R000000048/1.000000/0000/Guesstimate
R000000046/5.393995/0122/R000000041/R000000048
R000000045/4.282884/0099/R000000046
R000000049/5.089163/0042/R000000023/R000000047
R000000050/1.000000/0000/Guesstimate
R000000049/5.089163/0212/R000000023/R000000050
R000000045/5.654626/0122/R000000049
R000000053/1.000000/0000/Guesstimate
R000000052/3.580247/0231/R000000053/R000000027
R000000051/3.978053/0175/R000000052
R000000054/3.580247/0231/R000000053/R000000030
R000000051/3.978053/0175/R000000054
R000000037/9.178819/0279/R000000045/R000000051
R000000001/8.335828/0294/R000000037
Q000000003/7.502244/0000/R000000055
R000000058/1.000000/0000/Guesstimate
R000000061/1.000000/0000/Guesstimate
R000000062/1.000000/0000/Guesstimate
R000000060/2.222222/0158/R000000061/R000000062
R000000060/2.222222/0158/R000000061/R000000062
R000000059/2.469136/0188/R000000060
R000000064/1.000000/0000/Guesstimate
R000000063/2.222222/0158/R000000061/R000000064
R000000063/2.222222/0158/R000000061/R000000064
R000000059/2.469136/0188/R000000063
R000000057/3.854596/0276/R000000058/R000000059
R000000057/3.854596/0278/R000000058/R000000059
R000000056/4.282884/0160/R000000057
R000000056/10.000000/0278/R000000058/R000000065
R000000068/1.000000/0000/Guesstimate
R000000069/1.000000/0000/Guesstimate
R000000067/2.222222/0279/R000000068/R000000069
R000000067/2.222222/0279/R000000068/R000000069
R000000066/2.469136/0277/R000000067
R000000066/9.777779/0260/R000000070
R000000055/7.502244/0276/R000000056/R000000066
R000000071/7.026369/0276/R000000057/R000000066
R000000075/1.000000/0000/Guesstimate
R000000076/1.000000/0000/Guesstimate
R000000074/2.222222/0301/R000000075/R000000076
R000000074/2.222222/0301/R000000075/R000000076
R000000077/1.000000/0000/Guesstimate
R000000073/3.580247/0004/R000000074/R000000077
R000000079/1.000000/0000/Guesstimate
R000000078/3.580247/0277/R000000074/R000000079
R000000080/1.000000/0000/Guesstimate
R000000078/3.580247/0301/R000000074/R000000080
R000000073/3.978053/0024/R000000078
R000000072/3.978053/0119/R000000073
R000000084/1.000000/0000/Guesstimate
R000000083/2.222222/0301/R000000084/R000000076
R000000085/1.000000/0000/Guesstimate
R000000083/3.580247/0275/R000000074/R000000085
R000000082/3.580247/0004/R000000083/R000000077
R000000086/3.580247/0277/R000000083/R000000079
R000000086/5.089163/0275/R000000078/R000000085
R000000082/3.978053/0024/R000000086
R000000081/3.978053/0119/R000000082
R000000089/1.000000/0000/Guesstimate
R000000088/3.580247/0112/R000000083/R000000089
R000000090/3.580247/0112/R000000074/R000000089
R000000088/5.089163/0275/R000000090/R000000085
R000000087/3.978053/0119/R000000088
R000000092/1.000000/0000/Guesstimate
R000000091/3.580247/0112/R000000083/R000000092
R000000091/3.978053/0091/R000000088
R000000087/3.978053/0276/R000000091
R000000081/4.420059/0147/R000000087
R000000072/4.420059/0091/R000000081
R000000071/7.163543/0276/R000000072/R000000059
R000000055/7.807076/0160/R000000071
Q000000004/Analysis Failed
<NEXT>