#
#  Reaction log file
#  Author: LigBuilder V3 User_Diana
#  Creation time: Thu Apr  9 17:07:17 2026
#  Format:
#  QueryMoleculeId/Cost/SynthesizeId/ReactantId1/ReactantId2/ReactantId3.....
#  Id prefix:
#  Q --- Query Molecule
#  M --- Material
#  R --- Reactant
#
Directory      result/synthesize_PfHDAC1/184/DATABASE/
#
Q000000001/5.869872/0000/R000000001
R000000006/1.000000/0000/Guesstimate
R000000007/1.000000/0000/Guesstimate
R000000005/2.222222/0112/R000000006/R000000007
R000000008/9.800000/0000/Guesstimate
R000000005/9.800000/0255/R000000008
R000000004/2.469136/0059/R000000005
R000000009/1.000000/0000/Guesstimate
R000000004/3.580247/0224/R000000005/R000000009
M000000010/1.000000/0000/Sigma_BB-243640220
R000000003/3.854596/0003/R000000004/M000000010
R000000011/2.743484/0118/R000000004
R000000012/1.000000/0000/Guesstimate
R000000011/3.854596/0112/R000000004/R000000012
M000000014/1.000000/0000/Sigma_BB-130285322
R000000013/1.111111/0085/M000000014
R000000015/1.000000/0000/Guesstimate
M000000016/1.000000/0000/Sigma_BB-243591500
R000000013/2.222222/0004/R000000015/M000000016
R000000003/4.282884/0049/R000000011/R000000013
R000000002/4.282884/0099/R000000003
R000000018/2.222222/0004/R000000006/R000000015
R000000020/1.000000/0000/Guesstimate
M000000021/1.000000/0000/Sigma_BB-129524365
R000000019/2.222222/0012/R000000020/M000000021
R000000019/2.222222/0285/R000000020/M000000021
R000000017/4.938272/0049/R000000018/R000000019
R000000023/1.000000/0000/Guesstimate
R000000022/2.222222/0003/R000000023/M000000016
R000000022/2.222222/0049/R000000015/M000000021
R000000017/4.938272/0122/R000000005/R000000022
R000000002/5.486969/0059/R000000017
R000000024/1.000000/0000/Guesstimate
R000000001/5.869872/0004/R000000002/R000000024
R000000027/2.222222/0119/M000000014/R000000009
R000000027/2.222222/0280/M000000014/R000000009
R000000026/3.580247/0003/R000000023/R000000027
R000000028/2.469136/0125/R000000027
R000000028/3.580247/0112/R000000012/R000000027
R000000026/3.854596/0049/R000000015/R000000028
R000000025/6.721537/0122/R000000004/R000000026
R000000025/6.721537/0122/R000000004/R000000026
R000000001/7.468375/0024/R000000025
Q000000002/7.669903/0000/R000000029
R000000032/2.222222/0003/R000000023/M000000010
R000000031/5.212621/0122/R000000004/R000000032
R000000033/4.758760/0125/R000000002
R000000033/5.869872/0112/R000000002/R000000012
R000000031/5.287512/0040/R000000033
R000000034/1.000000/0000/Guesstimate
R000000030/6.902912/0003/R000000031/R000000034
M000000037/1.000000/0000/Sigma_BB-187212629
R000000036/2.222222/0003/R000000023/M000000037
R000000036/2.469136/0091/R000000032
R000000035/5.212621/0122/R000000004/R000000036
R000000035/5.791801/0091/R000000031
R000000038/1.000000/0000/Guesstimate
R000000030/6.902912/0112/R000000035/R000000038
R000000029/7.669903/0099/R000000030
R000000041/3.580247/0003/R000000019/R000000023
R000000040/5.089163/0122/R000000041/R000000034
R000000040/5.089163/0122/R000000041/R000000034
R000000039/8.123762/0049/R000000018/R000000040
R000000043/5.089163/0122/R000000007/R000000041
R000000043/5.089163/0122/R000000007/R000000041
R000000044/1.000000/0000/Guesstimate
R000000042/6.765737/0224/R000000043/R000000044
R000000046/1.000000/0000/Guesstimate
R000000045/6.765737/0224/R000000043/R000000046
R000000042/7.517486/0300/R000000045
R000000039/8.628597/0112/R000000006/R000000042
R000000029/9.026402/0059/R000000039
Q000000003/7.468375/0000/R000000047
M000000051/1.000000/0000/Sigma_BB-243768379
R000000050/2.222222/0003/M000000051/R000000023
R000000050/3.580247/0049/R000000022/R000000015
R000000049/3.580247/0003/R000000023/R000000050
R000000052/2.222222/0003/R000000023/M000000051
R000000049/3.580247/0003/R000000052/R000000023
R000000048/6.721537/0122/R000000004/R000000049
R000000053/5.212621/0122/R000000004/R000000052
R000000053/5.212621/0122/R000000004/R000000052
R000000048/6.902912/0003/R000000053/R000000023
R000000047/7.468375/0041/R000000048
R000000057/1.000000/0000/Guesstimate
R000000056/3.580247/0112/R000000019/R000000057
R000000055/3.978053/0147/R000000056
R000000059/1.000000/0000/Guesstimate
R000000058/3.580247/0003/R000000019/R000000059
R000000055/3.978053/0147/R000000058
R000000054/6.889194/0049/R000000018/R000000055
R000000061/3.978053/0041/R000000049
R000000061/3.978053/0233/R000000049
R000000060/5.531170/0122/R000000007/R000000061
R000000062/5.089163/0122/R000000007/R000000049
R000000062/5.089163/0122/R000000007/R000000049
R000000060/5.654626/0041/R000000062
R000000054/7.256855/0112/R000000006/R000000060
R000000047/7.654661/0059/R000000054
<NEXT>