#
#  Reaction log file
#  Author: LigBuilder V3 User_Diana
#  Creation time: Thu Apr  9 17:09:41 2026
#  Format:
#  QueryMoleculeId/Cost/SynthesizeId/ReactantId1/ReactantId2/ReactantId3.....
#  Id prefix:
#  Q --- Query Molecule
#  M --- Material
#  R --- Reactant
#
Directory      result/synthesize_PfHDAC1/239/DATABASE/
#
Q000000001/5.791801/0000/R000000001
R000000004/1.000000/0000/Guesstimate
R000000005/1.000000/0000/Guesstimate
R000000003/2.222222/0004/R000000004/R000000005
R000000006/1.000000/0000/Guesstimate
R000000007/1.000000/0000/Guesstimate
R000000003/3.333333/0225/R000000004/R000000006/R000000007
R000000010/1.000000/0000/Guesstimate
R000000011/1.000000/0000/Guesstimate
R000000009/2.222222/0276/R000000010/R000000011
R000000009/2.222222/0278/R000000010/R000000011
R000000008/2.469136/0275/R000000009
R000000012/2.222222/0275/R000000010/R000000011
R000000008/2.469136/0276/R000000012
R000000002/5.212621/0003/R000000003/R000000008
M000000015/1.000000/0000/Sigma_BB-28516749
R000000014/2.222222/0301/R000000004/M000000015
R000000018/1.000000/0000/Guesstimate
R000000017/1.111111/0198/R000000018
R000000017/1.111111/0298/R000000018
R000000016/1.234568/0155/R000000017
R000000016/2.469136/0197/R000000003
R000000019/1.000000/0000/Guesstimate
R000000014/2.482853/0277/R000000016/R000000019
R000000013/2.469136/0024/R000000014
R000000020/1.000000/0000/Guesstimate
R000000013/2.482853/0004/R000000016/R000000020
R000000022/1.000000/0000/Guesstimate
R000000021/3.854596/0112/R000000022/R000000008
R000000024/1.000000/0000/Guesstimate
R000000023/3.854596/0004/R000000024/R000000008
R000000021/4.282884/0009/R000000023
R000000002/7.026369/0049/R000000013/R000000021
R000000001/5.791801/0099/R000000002
R000000030/1.000000/0000/Guesstimate
R000000029/1.111111/0054/R000000030
R000000029/2.222222/0004/R000000004/R000000024
R000000028/1.234568/0009/R000000029
R000000028/2.222222/0049/R000000030/R000000020
R000000027/1.371742/0054/R000000028
R000000027/2.482853/0004/R000000016/R000000024
R000000026/1.524158/0009/R000000027
R000000031/1.000000/0000/Guesstimate
R000000026/2.222222/0003/R000000004/R000000031
R000000033/3.580247/0004/R000000020/R000000009
R000000032/3.978053/0275/R000000033
R000000035/1.000000/0000/Guesstimate
R000000034/3.854596/0004/R000000035/R000000008
R000000032/4.282884/0155/R000000034
R000000025/6.113567/0049/R000000026/R000000032
R000000036/4.282884/0040/R000000021
R000000025/6.130503/0003/R000000016/R000000036
R000000001/6.792853/0099/R000000025
Q000000002/Analysis Failed
Q000000003/Analysis Failed
<NEXT>