#
#  Reaction log file
#  Author: LigBuilder V3 User_Diana
#  Creation time: Thu Apr  9 17:11:08 2026
#  Format:
#  QueryMoleculeId/Cost/SynthesizeId/ReactantId1/ReactantId2/ReactantId3.....
#  Id prefix:
#  Q --- Query Molecule
#  M --- Material
#  R --- Reactant
#
Directory      result/synthesize_PfHDAC1/287/DATABASE/
#
Q000000001/Analysis Failed
Q000000002/Analysis Failed
Q000000003/6.145744/0000/R000000001
M000000003/1.000000/0000/Sigma_BB-28426400
M000000006/1.000000/0000/Sigma_BB-28764950
R000000008/1.000000/0000/Guesstimate
M000000009/1.000000/0000/Sigma_BB-28760158
R000000007/2.222222/0212/R000000008/M000000009
R000000007/2.222222/0212/R000000008/M000000009
R000000005/3.580247/0212/M000000006/R000000007
R000000005/3.580247/0212/M000000006/R000000007
R000000004/3.978053/0087/R000000005
R000000011/1.111111/0085/M000000006
R000000010/3.703704/0212/R000000011/R000000007
R000000010/3.703704/0212/R000000011/R000000007
R000000004/4.115227/0086/R000000010
R000000002/5.531170/0175/M000000003/R000000004
M000000013/1.000000/0000/Sigma_BB-30391580
R000000014/1.000000/0000/Guesstimate
R000000012/2.222222/0004/M000000013/R000000014
R000000016/1.000000/0000/Guesstimate
R000000015/2.222222/0175/M000000003/R000000016
R000000015/2.222222/0290/M000000003/R000000016
R000000012/2.469136/0024/R000000015
R000000002/6.584363/0212/R000000012/R000000010
R000000001/6.145744/0028/R000000002
R000000018/3.703704/0212/R000000011/R000000007
R000000019/2.345679/0212/R000000011/M000000009
R000000019/2.345679/0212/R000000011/M000000009
R000000018/3.717421/0212/R000000019/R000000008
R000000017/6.584363/0212/R000000012/R000000018
R000000017/6.584363/0212/R000000012/R000000018
R000000001/7.315958/0028/R000000017
<NEXT>