#
#  Reaction log file
#  Author: LigBuilder V3 User_Diana
#  Creation time: Thu Apr  9 17:10:09 2026
#  Format:
#  QueryMoleculeId/Cost/SynthesizeId/ReactantId1/ReactantId2/ReactantId3.....
#  Id prefix:
#  Q --- Query Molecule
#  M --- Material
#  R --- Reactant
#
Directory      result/synthesize_PfHDAC1/260/DATABASE/
#
Q000000001/5.944217/0000/R000000001
M000000005/1.000000/0000/Sigma_BB-28760241
R000000004/1.111111/0104/M000000005
R000000004/1.111111/0104/M000000005
R000000003/1.234568/0293/R000000004
R000000003/1.234568/0293/R000000004
R000000008/1.000000/0000/Guesstimate
R000000009/1.000000/0000/Guesstimate
R000000007/2.222222/0224/R000000008/R000000009
R000000010/1.000000/0000/Guesstimate
R000000006/3.580247/0004/R000000007/R000000010
R000000012/1.000000/0000/Guesstimate
R000000011/2.222222/0112/R000000012/R000000010
R000000006/3.580247/0224/R000000011/R000000009
R000000002/5.349795/0212/R000000003/R000000006
R000000002/5.349795/0212/R000000003/R000000006
R000000001/5.944217/0160/R000000002
M000000015/1.000000/0000/Sigma_BB-28426400
R000000014/3.580247/0004/M000000015/R000000007
M000000017/1.000000/0000/Sigma_BB-30386853
R000000016/3.580247/0004/M000000017/R000000007
R000000014/3.978053/0197/R000000016
R000000020/1.000000/0000/Guesstimate
R000000021/1.000000/0000/Guesstimate
R000000019/2.222222/0274/R000000020/R000000021
R000000018/2.469136/0001/R000000019
R000000023/1.000000/0000/Guesstimate
R000000022/2.222222/0274/R000000020/R000000023
R000000022/2.469136/0091/R000000019
R000000018/2.469136/0004/R000000022
R000000013/6.721537/0212/R000000014/R000000018
R000000013/6.721537/0212/R000000014/R000000018
R000000001/7.468375/0099/R000000013
Q000000002/Analysis Failed
Q000000003/Analysis Failed
<NEXT>