#
#  Reaction log file
#  Author: LigBuilder V3 User_Diana
#  Creation time: Thu Apr  9 17:10:37 2026
#  Format:
#  QueryMoleculeId/Cost/SynthesizeId/ReactantId1/ReactantId2/ReactantId3.....
#  Id prefix:
#  Q --- Query Molecule
#  M --- Material
#  R --- Reactant
#
Directory      result/synthesize_PfHDAC1/280/DATABASE/
#
Q000000001/2.222222/0000/R000000001
M000000002/1.000000/0000/Sigma_BB-30391580
M000000003/1.000000/0000/Sigma_BB-28756175
R000000001/2.222222/0003/M000000002/M000000003
R000000005/1.000000/0000/Guesstimate
R000000004/2.222222/0004/M000000002/R000000005
M000000008/1.000000/0000/Sigma_BB-28426400
R000000009/1.000000/0000/Guesstimate
R000000007/2.222222/0175/M000000008/R000000009
R000000007/2.222222/0290/M000000008/R000000009
R000000006/2.469136/0039/R000000007
R000000011/1.000000/0000/Guesstimate
R000000010/2.222222/0112/M000000002/R000000011
R000000010/2.222222/0174/M000000008/R000000011
R000000006/2.469136/0147/R000000010
R000000004/2.743484/0024/R000000006
M000000012/1.000000/0000/Sigma_BB-30407107
R000000001/3.580247/0003/R000000004/M000000012
Q000000002/2.895900/0000/R000000013
R000000015/1.111111/0114/M000000008
M000000017/1.000000/0000/Sigma_BB-113017175
R000000016/1.111111/0287/M000000017
M000000018/1.000000/0000/Sigma_BB-292610067
R000000016/1.111111/0287/M000000018
R000000015/1.234568/0155/R000000016
M000000021/1.000000/0000/Sigma_BB-186689213
R000000020/1.111111/0125/M000000021
R000000022/1.000000/0000/Guesstimate
R000000020/2.222222/0112/R000000022/M000000021
R000000019/1.234568/0040/R000000020
M000000024/1.000000/0000/Sigma_BB-30381638
R000000025/1.000000/0000/Guesstimate
R000000023/2.222222/0224/M000000024/R000000025
R000000019/2.469136/0024/R000000023
R000000014/2.606310/0003/R000000015/R000000019
R000000027/1.000000/0000/Guesstimate
R000000026/2.222222/0003/M000000002/R000000027
R000000029/1.000000/0000/Guesstimate
R000000028/2.345679/0004/R000000015/R000000029
M000000030/1.000000/0000/Sigma_BB-28778979
R000000028/3.580247/0212/R000000004/M000000030
R000000026/2.606310/0009/R000000028
R000000032/1.371742/0093/R000000019
R000000032/2.222222/0004/R000000005/M000000021
R000000031/1.524158/0085/R000000032
R000000033/1.000000/0000/Guesstimate
R000000031/2.222222/0004/R000000033/M000000021
R000000014/4.162645/0049/R000000026/R000000031
R000000013/2.895900/0099/R000000014
R000000034/2.635269/0003/M000000002/R000000032
R000000034/3.580247/0003/R000000004/M000000021
R000000013/2.928077/0099/R000000034
Q000000003/2.895900/0000/R000000013
<NEXT>