#
#  Reaction log file
#  Author: LigBuilder V3 User_Diana
#  Creation time: Thu Apr  9 17:06:32 2026
#  Format:
#  QueryMoleculeId/Cost/SynthesizeId/ReactantId1/ReactantId2/ReactantId3.....
#  Id prefix:
#  Q --- Query Molecule
#  M --- Material
#  R --- Reactant
#
Directory      result/synthesize_PfHDAC1/151/DATABASE/
#
Q000000001/Analysis Failed
Q000000002/2.482853/0000/R000000001
M000000004/1.000000/0000/Sigma_BB-30473758
R000000003/1.111111/0153/M000000004
R000000005/1.111111/0086/M000000004
R000000005/1.111111/0091/M000000004
R000000003/1.234568/0154/R000000005
R000000002/1.234568/0044/R000000003
M000000007/1.000000/0000/Sigma_BB-187214576
R000000008/1.000000/0000/Guesstimate
R000000006/2.222222/0170/M000000007/R000000008
M000000010/1.000000/0000/Sigma_BB-28665945
R000000009/1.111111/0125/M000000010
R000000011/1.000000/0000/Guesstimate
R000000009/2.222222/0112/M000000010/R000000011
R000000012/1.000000/0000/Guesstimate
R000000006/2.345679/0224/R000000009/R000000012
R000000002/2.469136/0153/R000000006
M000000013/1.000000/0000/Sigma_BB-31123531
R000000001/2.482853/0119/R000000002/M000000013
M000000017/1.000000/0000/Sigma_BB-116553112
R000000016/1.111111/0125/M000000017
R000000016/2.222222/0112/M000000017/R000000011
R000000015/1.234568/0024/R000000016
M000000019/1.000000/0000/Sigma_BB-28835821
R000000020/1.000000/0000/Guesstimate
R000000018/2.222222/0004/M000000019/R000000020
R000000015/2.469136/0009/R000000018
R000000014/2.743484/0119/R000000002/R000000015
R000000023/1.000000/0000/Guesstimate
R000000022/2.482853/0119/R000000002/R000000023
R000000024/1.000000/0000/Guesstimate
R000000022/2.482853/0276/R000000002/R000000024
R000000021/2.758726/0082/R000000022
R000000026/1.000000/0000/Guesstimate
R000000025/2.482853/0276/R000000002/R000000026
R000000025/2.482853/0278/R000000002/R000000026
R000000027/1.000000/0000/Guesstimate
R000000021/3.869837/0112/R000000025/R000000027
R000000030/1.000000/0000/Guesstimate
R000000029/2.222222/0004/R000000030/R000000020
R000000028/2.469136/0009/R000000029
R000000032/1.000000/0000/Guesstimate
R000000033/1.000000/0000/Guesstimate
R000000031/2.222222/0279/R000000032/R000000033
R000000031/2.222222/0279/R000000032/R000000033
R000000028/2.469136/0079/R000000031
R000000014/5.808736/0159/R000000021/R000000028
R000000001/3.048316/0147/R000000014
Q000000003/2.482853/0000/R000000001
<NEXT>