#
#  Reaction log file
#  Author: LigBuilder V3 User_Diana
#  Creation time: Thu Apr  9 17:09:48 2026
#  Format:
#  QueryMoleculeId/Cost/SynthesizeId/ReactantId1/ReactantId2/ReactantId3.....
#  Id prefix:
#  Q --- Query Molecule
#  M --- Material
#  R --- Reactant
#
Directory      result/synthesize_PfHDAC1/255/DATABASE/
#
Q000000001/Analysis Failed
Q000000002/Analysis Failed
Q000000003/Analysis Failed
Q000000004/5.517452/0000/R000000001
R000000005/1.000000/0000/Guesstimate
M000000006/1.000000/0000/Sigma_BB-298903747
R000000004/2.222222/0274/R000000005/M000000006
R000000003/2.469136/0204/R000000004
R000000008/1.000000/0000/Guesstimate
M000000009/1.000000/0000/Sigma_BB-100872980
R000000007/2.222222/0274/R000000008/M000000009
R000000003/2.469136/0217/R000000007
R000000002/2.743484/0041/R000000003
R000000012/1.000000/0000/Guesstimate
R000000013/1.000000/0000/Guesstimate
R000000011/2.222222/0004/R000000012/R000000013
R000000015/1.000000/0000/Guesstimate
R000000014/2.222222/0004/R000000015/R000000013
R000000017/1.000000/0000/Guesstimate
R000000018/1.000000/0000/Guesstimate
R000000016/2.222222/0004/R000000017/R000000018
R000000019/1.000000/0000/Guesstimate
R000000016/2.222222/0004/R000000019/R000000013
R000000020/1.000000/0000/Guesstimate
R000000014/3.580247/0212/R000000016/R000000020
R000000011/2.469136/0155/R000000014
M000000022/1.000000/0000/Sigma_BB-28863545
R000000021/1.111111/0245/M000000022
R000000021/1.111111/0245/M000000022
R000000010/3.703704/0274/R000000011/R000000021
R000000023/2.222222/0212/M000000006/R000000020
R000000023/2.222222/0212/M000000006/R000000020
R000000010/4.938272/0274/R000000014/R000000023
R000000002/4.115227/0009/R000000010
R000000025/1.000000/0000/Guesstimate
R000000026/1.000000/0000/Guesstimate
R000000024/2.222222/0001/R000000025/R000000026
R000000027/1.000000/0000/Guesstimate
R000000024/2.222222/0003/R000000026/R000000027
R000000001/5.517452/0081/R000000002/R000000024
R000000028/5.212621/0081/R000000003/R000000024
R000000031/1.000000/0000/Guesstimate
R000000030/2.222222/0274/R000000031/M000000006
R000000029/2.469136/0204/R000000030
R000000029/2.743484/0156/R000000003
R000000028/5.212621/0210/R000000029/R000000024
R000000001/5.791801/0041/R000000028
<NEXT>