#
#  Reaction log file
#  Author: LigBuilder V3 User_Diana
#  Creation time: Thu Apr  9 17:06:19 2026
#  Format:
#  QueryMoleculeId/Cost/SynthesizeId/ReactantId1/ReactantId2/ReactantId3.....
#  Id prefix:
#  Q --- Query Molecule
#  M --- Material
#  R --- Reactant
#
Directory      result/synthesize_PfHDAC1/140/DATABASE/
#
Q000000001/4.911177/0000/R000000001
R000000005/1.000000/0000/Guesstimate
R000000007/1.000000/0000/Guesstimate
R000000008/1.000000/0000/Guesstimate
R000000006/2.222222/0112/R000000007/R000000008
R000000004/3.580247/0256/R000000005/R000000006
R000000003/3.978053/0147/R000000004
R000000009/3.978053/0040/R000000004
R000000010/1.000000/0000/Guesstimate
R000000003/5.531170/0212/R000000009/R000000010
R000000002/4.420059/0082/R000000003
R000000011/3.978053/0082/R000000004
R000000002/4.420059/0147/R000000011
R000000001/4.911177/0040/R000000002
R000000014/1.000000/0000/Guesstimate
R000000013/2.222222/0112/R000000014/R000000008
R000000016/1.000000/0000/Guesstimate
R000000015/2.222222/0004/R000000016/R000000008
R000000017/1.000000/0000/Guesstimate
R000000013/3.580247/0049/R000000015/R000000017
R000000018/1.000000/0000/Guesstimate
R000000019/1.000000/0000/Guesstimate
R000000012/4.691358/0261/R000000013/R000000018/R000000019
R000000020/4.691358/0261/R000000006/R000000018/R000000019
R000000012/5.212620/0147/R000000020
R000000001/5.212620/0024/R000000012
Q000000002/4.911177/0000/R000000001
Q000000003/Analysis Failed
<NEXT>