#
#  Reaction log file
#  Author: LigBuilder V3 User_Diana
#  Creation time: Thu Apr  9 17:02:14 2026
#  Format:
#  QueryMoleculeId/Cost/SynthesizeId/ReactantId1/ReactantId2/ReactantId3.....
#  Id prefix:
#  Q --- Query Molecule
#  M --- Material
#  R --- Reactant
#
Directory      result/synthesize_PfHDAC1/7/DATABASE/
#
Q000000001/3.854596/0000/R000000001
M000000004/1.000000/0000/Sigma_BB-292605223
R000000005/1.000000/0000/Guesstimate
R000000003/2.222222/0004/M000000004/R000000005
R000000002/2.469136/0153/R000000003
M000000008/1.000000/0000/Sigma_BB-129524365
R000000007/2.222222/0004/M000000008/R000000005
R000000006/2.469136/0153/R000000007
R000000009/8.700000/0000/Guesstimate
R000000006/9.666667/0168/R000000009
R000000002/2.743484/0041/R000000006
M000000010/1.000000/0000/Sigma_BB-156333806
R000000001/3.854596/0119/R000000002/M000000010
R000000011/3.854596/0119/R000000006/M000000010
R000000013/1.000000/0000/Guesstimate
R000000012/3.854596/0119/R000000006/R000000013
R000000015/1.000000/0000/Guesstimate
R000000014/3.854596/0119/R000000006/R000000015
R000000014/3.854596/0276/R000000006/R000000013
R000000012/4.282884/0091/R000000014
R000000016/1.000000/0000/Guesstimate
R000000011/5.393995/0175/R000000012/R000000016
R000000001/4.282884/0041/R000000011
Q000000002/6.398623/0000/R000000017
R000000021/1.000000/0000/Guesstimate
R000000020/3.854596/0049/R000000006/R000000021
R000000019/4.282884/0041/R000000020
R000000019/4.282884/0233/R000000020
R000000018/4.758760/0139/R000000019
R000000023/4.282884/0059/R000000020
R000000024/1.000000/0000/Guesstimate
R000000023/5.393995/0224/R000000020/R000000024
R000000022/4.758760/0058/R000000023
R000000025/1.000000/0000/Guesstimate
R000000022/5.393995/0224/R000000020/R000000025
R000000018/5.287512/0150/R000000022
M000000026/1.000000/0000/Sigma_BB-28398162
R000000017/6.398623/0119/R000000018/M000000026
R000000027/5.869872/0119/R000000019/M000000026
R000000029/5.393995/0049/R000000012/R000000021
R000000029/5.393995/0119/R000000020/R000000013
R000000028/5.993328/0041/R000000029
R000000030/5.869872/0119/R000000019/R000000015
R000000030/5.869872/0276/R000000019/R000000013
R000000028/6.522080/0091/R000000030
M000000031/1.000000/0000/Sigma_BB-28760114
R000000027/7.770365/0175/R000000028/M000000031
R000000017/6.522080/0139/R000000027
Q000000003/3.854596/0000/R000000001
<NEXT>