#
#  Reaction log file
#  Author: LigBuilder V3 User_Diana
#  Creation time: Thu Apr  9 17:08:53 2026
#  Format:
#  QueryMoleculeId/Cost/SynthesizeId/ReactantId1/ReactantId2/ReactantId3.....
#  Id prefix:
#  Q --- Query Molecule
#  M --- Material
#  R --- Reactant
#
Directory      result/synthesize_PfHDAC1/220/DATABASE/
#
Q000000001/4.420059/0000/R000000001
M000000005/1.000000/0000/Sigma_BB-28103347
R000000006/1.000000/0000/Guesstimate
R000000004/2.222222/0285/M000000005/R000000006
R000000007/1.000000/0000/Guesstimate
R000000003/3.580247/0119/R000000004/R000000007
M000000010/1.000000/0000/Sigma_BB-28933404
R000000011/1.000000/0000/Guesstimate
R000000009/3.333333/0261/M000000010/R000000011/R000000007
R000000008/4.814815/0274/R000000009/R000000011
R000000003/5.349795/0219/R000000008
R000000002/3.978053/0198/R000000003
R000000012/3.703704/0217/R000000009
R000000012/5.349795/0257/R000000008
R000000002/4.115227/0147/R000000012
R000000001/4.420059/0024/R000000002
R000000015/2.469136/0091/R000000004
R000000014/2.743484/0198/R000000015
R000000014/2.743484/0298/R000000015
R000000016/1.000000/0000/Guesstimate
R000000013/4.159427/0174/R000000014/R000000016
R000000017/1.111111/0287/R000000016
R000000018/7.400000/0000/Guesstimate
R000000017/8.222222/0197/R000000018
R000000013/4.282884/0112/R000000014/R000000017
R000000001/4.621586/0025/R000000013
Q000000002/3.703704/0000/R000000019
M000000021/1.000000/0000/Sigma_BB-361619217
R000000020/3.333333/0261/M000000021/R000000011/R000000007
R000000024/1.000000/0000/Guesstimate
R000000023/5.089163/0056/R000000003/R000000024
R000000022/5.654626/0295/R000000023
R000000020/6.282918/0198/R000000022
R000000019/3.703704/0024/R000000020
R000000028/1.000000/0000/Guesstimate
R000000027/4.159427/0056/R000000014/R000000028
R000000026/4.621586/0219/R000000027
R000000026/4.621586/0219/R000000027
R000000025/6.246207/0174/R000000026/R000000016
R000000025/6.369664/0112/R000000026/R000000017
R000000019/6.940230/0025/R000000025
Q000000003/5.944217/0000/R000000029
R000000033/1.000000/0000/Guesstimate
R000000032/1.111111/0283/R000000033
R000000035/1.000000/0000/Guesstimate
R000000036/1.000000/0000/Guesstimate
R000000034/2.222222/0224/R000000035/R000000036
R000000032/2.469136/0112/R000000034
R000000037/1.000000/0000/Guesstimate
R000000031/2.345679/0224/R000000032/R000000037
R000000039/1.000000/0000/Guesstimate
R000000038/2.345679/0224/R000000032/R000000039
R000000041/1.234568/0059/R000000032
R000000043/1.000000/0000/Guesstimate
R000000042/1.111111/0228/R000000043
R000000042/1.111111/0286/R000000043
R000000041/1.234568/0156/R000000042
R000000040/2.482853/0224/R000000041/R000000039
R000000038/2.758726/0260/R000000040
R000000031/2.606310/0090/R000000038
R000000046/1.000000/0000/Guesstimate
R000000047/1.000000/0000/Guesstimate
R000000045/2.222222/0285/R000000046/R000000047
R000000044/2.469136/0224/R000000045
R000000048/2.222222/0170/R000000046/R000000037
R000000049/1.000000/0000/Guesstimate
R000000050/1.000000/0000/Guesstimate
R000000048/2.222222/0170/R000000049/R000000050
R000000044/2.469136/0285/R000000048
R000000030/5.349795/0274/R000000031/R000000044
R000000053/1.000000/0000/Guesstimate
R000000052/2.222222/0012/R000000024/R000000053
R000000054/1.000000/0000/Guesstimate
R000000055/1.000000/0000/Guesstimate
R000000052/2.222222/0095/R000000054/R000000055
R000000051/3.703704/0224/R000000032/R000000052
R000000056/1.000000/0000/Guesstimate
R000000051/3.717421/0274/R000000031/R000000056
R000000059/1.000000/0000/Guesstimate
R000000060/1.000000/0000/Guesstimate
R000000058/2.222222/0279/R000000059/R000000060
R000000058/2.222222/0279/R000000059/R000000060
R000000057/2.469136/0224/R000000058
R000000061/2.222222/0224/R000000059/R000000060
R000000057/2.469136/0279/R000000061
R000000030/6.858711/0276/R000000051/R000000057
R000000029/5.944217/0059/R000000030
R000000066/1.000000/0000/Guesstimate
R000000065/2.345679/0224/R000000032/R000000066
R000000068/1.000000/0000/Guesstimate
R000000067/2.345679/0224/R000000032/R000000068
R000000070/1.000000/0000/Guesstimate
R000000069/2.345679/0224/R000000032/R000000070
R000000067/2.606310/0082/R000000069
R000000065/2.606310/0040/R000000067
R000000064/2.606310/0086/R000000065
R000000064/2.606310/0091/R000000065
R000000063/2.895900/0059/R000000064
R000000071/2.606310/0059/R000000065
R000000073/1.000000/0000/Guesstimate
R000000072/2.482853/0224/R000000041/R000000073
R000000071/2.758726/0024/R000000072
R000000063/2.895900/0086/R000000071
R000000076/1.000000/0000/Guesstimate
R000000075/3.580247/0274/R000000076/R000000045
R000000077/1.000000/0000/Guesstimate
R000000075/3.580247/0276/R000000077/R000000058
R000000074/3.978053/0224/R000000075
R000000081/1.000000/0000/Guesstimate
R000000080/3.854596/0274/R000000081/R000000044
R000000082/1.000000/0000/Guesstimate
R000000080/3.854596/0276/R000000082/R000000057
R000000079/4.282884/0079/R000000080
R000000083/1.000000/0000/Guesstimate
R000000079/5.393995/0112/R000000080/R000000083
R000000078/4.758760/0041/R000000079
R000000078/4.758760/0233/R000000079
R000000074/5.287512/0155/R000000078
R000000062/7.637726/0112/R000000063/R000000074
R000000086/1.000000/0000/Guesstimate
R000000085/2.482853/0224/R000000041/R000000086
R000000085/2.758726/0082/R000000040
R000000084/2.758726/0040/R000000085
R000000090/1.000000/0000/Guesstimate
R000000091/1.000000/0000/Guesstimate
R000000089/2.222222/0224/R000000090/R000000091
R000000088/2.469136/0112/R000000089
R000000088/2.606310/0197/R000000065
R000000092/1.000000/0000/Guesstimate
R000000087/3.854596/0004/R000000088/R000000092
R000000087/3.854596/0277/R000000088/R000000092
R000000084/4.282884/0059/R000000087
R000000062/7.824012/0049/R000000084/R000000079
R000000029/8.486362/0099/R000000062
<NEXT>