#
#  Reaction log file
#  Author: LigBuilder V3 User_Diana
#  Creation time: Thu Apr  9 17:11:10 2026
#  Format:
#  QueryMoleculeId/Cost/SynthesizeId/ReactantId1/ReactantId2/ReactantId3.....
#  Id prefix:
#  Q --- Query Molecule
#  M --- Material
#  R --- Reactant
#
Directory      result/synthesize_PfHDAC1/284/DATABASE/
#
Q000000001/2.743484/0000/R000000001
M000000004/1.000000/0000/Sigma_BB-28760241
R000000005/1.000000/0000/Guesstimate
R000000003/2.222222/0003/M000000004/R000000005
M000000006/1.000000/0000/Sigma_BB-28914854
M000000008/1.000000/0000/Sigma_BB-28766735
R000000007/1.111111/0085/M000000008
M000000009/1.000000/0000/Sigma_BB-28945063
R000000010/1.000000/0000/Guesstimate
R000000007/2.222222/0004/M000000009/R000000010
R000000003/2.345679/0049/M000000006/R000000007
R000000002/2.469136/0099/R000000003
M000000012/1.000000/0000/Sigma_BB-28775570
R000000011/2.222222/0003/M000000009/M000000012
M000000013/1.000000/0000/Sigma_BB-28200223
M000000015/1.000000/0000/Sigma_BB-28775575
R000000014/1.111111/0085/M000000015
R000000014/2.222222/0004/R000000010/R000000005
R000000011/2.345679/0049/M000000013/R000000014
R000000002/2.469136/0099/R000000011
R000000001/2.743484/0013/R000000002
R000000018/1.000000/0000/Guesstimate
M000000020/1.000000/0000/Sigma_BB-28465307
R000000019/1.111111/0125/M000000020
R000000021/1.000000/0000/Guesstimate
R000000019/2.222222/0112/M000000020/R000000021
R000000017/2.345679/0003/R000000018/R000000019
R000000023/2.222222/0003/R000000018/M000000020
M000000024/1.000000/0000/Sigma_BB-28836051
R000000023/2.222222/0049/R000000010/M000000024
R000000025/1.000000/0000/Guesstimate
R000000022/3.580247/0004/R000000023/R000000025
R000000017/3.978053/0009/R000000022
R000000016/3.717421/0122/R000000017/R000000005
R000000026/3.580247/0122/R000000023/R000000005
R000000026/3.580247/0122/R000000023/R000000005
R000000016/5.089163/0112/R000000026/R000000021
R000000001/4.130468/0041/R000000016
Q000000002/2.743484/0000/R000000027
R000000030/1.000000/0000/Guesstimate
R000000029/2.222222/0003/M000000004/R000000030
M000000031/1.000000/0000/Sigma_BB-28792186
R000000029/2.345679/0049/M000000031/R000000007
R000000028/2.469136/0099/R000000029
M000000033/1.000000/0000/Sigma_BB-28698315
R000000032/2.222222/0003/M000000009/M000000033
M000000035/1.000000/0000/Sigma_BB-28909417
R000000034/1.111111/0085/M000000035
R000000034/2.222222/0004/R000000010/R000000030
R000000032/2.345679/0049/M000000013/R000000034
R000000028/2.469136/0099/R000000032
R000000027/2.743484/0013/R000000028
R000000036/3.717421/0122/R000000017/R000000030
R000000037/3.580247/0122/R000000023/R000000030
R000000037/3.580247/0122/R000000023/R000000030
R000000036/5.089163/0112/R000000037/R000000021
R000000027/4.130468/0041/R000000036
Q000000003/2.743484/0000/R000000038
R000000041/1.000000/0000/Guesstimate
R000000040/2.222222/0003/M000000004/R000000041
R000000043/1.000000/0000/Guesstimate
R000000042/2.222222/0003/R000000018/R000000043
R000000044/1.000000/0000/Guesstimate
R000000045/1.000000/0000/Guesstimate
R000000042/2.222222/0042/R000000044/R000000045
R000000040/3.703704/0049/R000000007/R000000042
R000000039/2.469136/0099/R000000040
M000000047/1.000000/0000/Sigma_BB-28830272
R000000046/2.222222/0003/M000000009/M000000047
R000000046/2.222222/0003/M000000008/R000000043
R000000039/2.469136/0099/R000000046
R000000038/2.743484/0013/R000000039
M000000051/1.000000/0000/Sigma_BB-27092316
R000000050/1.111111/0013/M000000051
R000000049/1.234568/0009/R000000050
R000000052/1.111111/0013/M000000009
R000000052/1.234568/0041/R000000019
R000000049/2.345679/0003/R000000052/R000000018
M000000055/1.000000/0000/Sigma_BB-332441958
R000000056/1.000000/0000/Guesstimate
R000000054/2.222222/0301/M000000055/R000000056
R000000054/2.222222/0301/M000000055/R000000056
R000000053/2.469136/0228/R000000054
R000000053/2.469136/0286/R000000054
R000000048/4.115227/0122/R000000049/R000000053
R000000048/4.115227/0122/R000000049/R000000053
R000000038/4.572474/0028/R000000048
<NEXT>