#
#  Reaction log file
#  Author: LigBuilder V3 User_Diana
#  Creation time: Thu Apr  9 17:10:21 2026
#  Format:
#  QueryMoleculeId/Cost/SynthesizeId/ReactantId1/ReactantId2/ReactantId3.....
#  Id prefix:
#  Q --- Query Molecule
#  M --- Material
#  R --- Reactant
#
Directory      result/synthesize_PfHDAC1/274/DATABASE/
#
Q000000001/4.282884/0000/R000000001
M000000003/1.000000/0000/Sigma_BB-28426400
M000000006/1.000000/0000/Sigma_BB-28764950
R000000007/1.000000/0000/Guesstimate
R000000005/2.222222/0212/M000000006/R000000007
R000000005/2.222222/0212/M000000006/R000000007
R000000004/2.469136/0087/R000000005
R000000009/1.000000/0000/Guesstimate
R000000008/3.580247/0004/R000000009/R000000005
R000000004/3.978053/0197/R000000008
R000000002/3.854596/0175/M000000003/R000000004
M000000011/1.000000/0000/Sigma_BB-30391580
R000000012/1.000000/0000/Guesstimate
R000000010/2.222222/0004/M000000011/R000000012
R000000014/1.000000/0000/Guesstimate
R000000013/2.222222/0175/M000000003/R000000014
R000000013/2.222222/0290/M000000003/R000000014
R000000010/2.469136/0024/R000000013
R000000016/2.743484/0079/R000000004
R000000017/1.000000/0000/Guesstimate
R000000016/3.854596/0112/R000000004/R000000017
R000000015/3.048316/0040/R000000016
R000000019/1.000000/0000/Guesstimate
R000000018/3.854596/0276/R000000004/R000000019
R000000018/3.854596/0278/R000000004/R000000019
R000000015/4.282884/0024/R000000018
R000000002/5.856154/0212/R000000010/R000000015
R000000001/4.282884/0028/R000000002
R000000022/1.111111/0085/M000000006
R000000021/2.345679/0212/R000000022/R000000007
R000000021/2.345679/0212/R000000022/R000000007
R000000020/5.075447/0212/R000000010/R000000021
R000000020/5.075447/0212/R000000010/R000000021
R000000001/5.639385/0028/R000000020
Q000000002/4.282884/0000/R000000001
Q000000003/4.282884/0000/R000000001
<NEXT>