#
#  Reaction log file
#  Author: LigBuilder V3 User_Diana
#  Creation time: Thu Apr  9 17:07:14 2026
#  Format:
#  QueryMoleculeId/Cost/SynthesizeId/ReactantId1/ReactantId2/ReactantId3.....
#  Id prefix:
#  Q --- Query Molecule
#  M --- Material
#  R --- Reactant
#
Directory      result/synthesize_PfHDAC1/181/DATABASE/
#
Q000000001/7.315958/0000/R000000001
R000000004/1.000000/0000/Guesstimate
R000000005/1.000000/0000/Guesstimate
R000000003/2.222222/0004/R000000004/R000000005
R000000006/1.000000/0000/Guesstimate
R000000007/1.000000/0000/Guesstimate
R000000003/2.222222/0004/R000000006/R000000007
R000000010/1.000000/0000/Guesstimate
R000000009/2.222222/0004/R000000005/R000000010
R000000012/1.000000/0000/Guesstimate
R000000011/1.111111/0125/R000000012
R000000013/1.000000/0000/Guesstimate
R000000011/2.222222/0112/R000000013/R000000012
R000000008/3.703704/0224/R000000009/R000000011
R000000014/2.345679/0224/R000000010/R000000011
R000000008/3.717421/0004/R000000005/R000000014
R000000002/6.584363/0212/R000000003/R000000008
R000000002/6.584363/0212/R000000003/R000000008
R000000001/7.315958/0296/R000000002
R000000001/7.315958/0296/R000000002
Q000000002/7.315958/0000/R000000001
Q000000003/7.315958/0000/R000000001
<NEXT>