#
#  Reaction log file
#  Author: LigBuilder V3 User_Diana
#  Creation time: Thu Apr  9 17:07:21 2026
#  Format:
#  QueryMoleculeId/Cost/SynthesizeId/ReactantId1/ReactantId2/ReactantId3.....
#  Id prefix:
#  Q --- Query Molecule
#  M --- Material
#  R --- Reactant
#
Directory      result/synthesize_PfHDAC1/183/DATABASE/
#
Q000000001/7.468375/0000/R000000001
R000000005/1.000000/0000/Guesstimate
R000000006/1.000000/0000/Guesstimate
R000000004/2.222222/0112/R000000005/R000000006
R000000003/2.469136/0059/R000000004
R000000008/1.000000/0000/Guesstimate
R000000009/1.000000/0000/Guesstimate
R000000007/2.222222/0277/R000000008/R000000009
R000000011/1.000000/0000/Guesstimate
R000000010/2.222222/0277/R000000008/R000000011
R000000012/1.000000/0000/Guesstimate
R000000007/3.580247/0301/R000000010/R000000012
R000000003/2.469136/0099/R000000007
R000000014/1.000000/0000/Guesstimate
M000000016/1.000000/0000/Sigma_BB-243768379
R000000015/2.222222/0003/M000000016/R000000014
M000000017/1.000000/0000/Sigma_BB-130285322
R000000018/1.000000/0000/Guesstimate
R000000015/2.222222/0212/M000000017/R000000018
R000000013/3.580247/0003/R000000014/R000000015
R000000019/2.222222/0003/R000000014/M000000016
R000000013/3.580247/0003/R000000019/R000000014
R000000002/6.721537/0122/R000000003/R000000013
R000000020/5.212621/0122/R000000003/R000000019
R000000020/5.212621/0122/R000000003/R000000019
R000000002/6.902912/0003/R000000020/R000000014
R000000001/7.468375/0041/R000000002
R000000023/3.978053/0041/R000000013
R000000023/3.978053/0233/R000000013
R000000022/5.531170/0122/R000000006/R000000023
R000000024/5.089163/0122/R000000006/R000000013
R000000024/5.089163/0122/R000000006/R000000013
R000000022/5.654626/0041/R000000024
R000000021/7.256855/0112/R000000005/R000000022
R000000027/1.111111/0125/R000000005
R000000028/1.000000/0000/Guesstimate
R000000027/2.222222/0112/R000000005/R000000028
R000000026/1.234568/0040/R000000027
R000000030/1.000000/0000/Guesstimate
R000000029/2.222222/0004/R000000005/R000000030
R000000031/1.000000/0000/Guesstimate
R000000032/1.000000/0000/Guesstimate
R000000029/3.333333/0225/R000000005/R000000031/R000000032
R000000026/2.469136/0216/R000000029
R000000025/1.371742/0091/R000000026
R000000033/2.469136/0260/R000000010
R000000025/2.743484/0099/R000000033
R000000034/5.531170/0122/R000000012/R000000023
R000000035/5.089163/0122/R000000012/R000000013
R000000035/5.089163/0122/R000000012/R000000013
R000000034/5.654626/0041/R000000035
R000000021/7.669903/0112/R000000025/R000000034
R000000001/8.063173/0059/R000000021
Q000000002/5.869872/0000/R000000036
M000000039/1.000000/0000/Sigma_BB-243640220
R000000038/3.854596/0003/R000000003/M000000039
R000000040/2.743484/0118/R000000003
R000000040/3.854596/0112/R000000003/R000000028
R000000041/1.111111/0085/M000000017
R000000042/1.000000/0000/Guesstimate
M000000043/1.000000/0000/Sigma_BB-243591500
R000000041/2.222222/0004/R000000042/M000000043
R000000038/4.282884/0049/R000000040/R000000041
R000000037/4.282884/0099/R000000038
R000000045/2.222222/0004/R000000005/R000000042
R000000045/2.469136/0085/R000000029
R000000047/1.000000/0000/Guesstimate
M000000048/1.000000/0000/Sigma_BB-129524365
R000000046/2.222222/0012/R000000047/M000000048
R000000046/2.222222/0285/R000000047/M000000048
R000000044/4.938272/0049/R000000045/R000000046
R000000049/2.222222/0003/R000000014/M000000043
R000000049/2.222222/0049/R000000042/M000000048
R000000044/4.938272/0122/R000000004/R000000049
R000000037/5.486969/0059/R000000044
R000000036/5.869872/0004/R000000037/R000000030
R000000053/1.000000/0000/Guesstimate
R000000052/2.222222/0119/M000000017/R000000053
R000000052/2.222222/0280/M000000017/R000000053
R000000051/3.580247/0003/R000000014/R000000052
R000000054/2.469136/0125/R000000052
R000000054/3.580247/0112/R000000028/R000000052
R000000051/3.854596/0049/R000000042/R000000054
R000000050/6.721537/0122/R000000003/R000000051
R000000050/6.721537/0122/R000000003/R000000051
R000000036/7.468375/0024/R000000050
Q000000003/5.869872/0000/R000000036
Q000000004/5.869872/0000/R000000036
<NEXT>