#
#  Reaction log file
#  Author: LigBuilder V3 User_Diana
#  Creation time: Thu Apr  9 17:10:01 2026
#  Format:
#  QueryMoleculeId/Cost/SynthesizeId/ReactantId1/ReactantId2/ReactantId3.....
#  Id prefix:
#  Q --- Query Molecule
#  M --- Material
#  R --- Reactant
#
Directory      result/synthesize_PfHDAC1/262/DATABASE/
#
Q000000001/Analysis Failed
Q000000002/6.096632/0000/R000000001
M000000005/1.000000/0000/Sigma_BB-101357011
R000000006/1.000000/0000/Guesstimate
R000000004/2.222222/0224/M000000005/R000000006
M000000007/1.000000/0000/Sigma_BB-76849874
R000000008/1.000000/0000/Guesstimate
R000000004/2.222222/0285/M000000007/R000000008
R000000003/2.469136/0059/R000000004
R000000010/1.000000/0000/Guesstimate
R000000009/2.222222/0224/M000000005/R000000010
R000000003/2.469136/0156/R000000009
M000000013/1.000000/0000/Sigma_BB-28764950
M000000014/1.000000/0000/Sigma_BB-27941182
R000000012/2.222222/0212/M000000013/M000000014
R000000012/2.222222/0212/M000000013/M000000014
R000000011/2.469136/0087/R000000012
R000000016/1.000000/0000/Guesstimate
R000000015/3.580247/0004/R000000016/R000000012
R000000011/3.978053/0197/R000000015
R000000002/5.486969/0175/R000000003/R000000011
M000000019/1.000000/0000/Sigma_BB-27355816
R000000020/1.000000/0000/Guesstimate
R000000018/2.222222/0224/M000000019/R000000020
R000000018/2.743484/0287/R000000003
R000000021/1.000000/0000/Guesstimate
R000000017/3.580247/0004/R000000018/R000000021
R000000023/1.000000/0000/Guesstimate
R000000022/3.854596/0175/R000000003/R000000023
R000000022/3.854596/0290/R000000003/R000000023
R000000017/4.282884/0024/R000000022
R000000025/2.743484/0079/R000000011
R000000026/1.000000/0000/Guesstimate
R000000025/3.854596/0112/R000000011/R000000026
R000000024/3.048316/0040/R000000025
R000000028/1.000000/0000/Guesstimate
R000000027/3.854596/0276/R000000011/R000000028
R000000027/3.854596/0278/R000000011/R000000028
R000000024/4.282884/0024/R000000027
R000000002/7.365071/0212/R000000017/R000000024
R000000001/6.096632/0028/R000000002
R000000031/1.111111/0085/M000000013
R000000030/2.345679/0212/R000000031/M000000014
M000000033/1.000000/0000/Sigma_BB-28778979
R000000032/2.345679/0212/R000000031/M000000033
R000000032/2.345679/0212/R000000031/M000000033
R000000034/1.000000/0000/Guesstimate
R000000030/3.717421/0212/R000000032/R000000034
R000000029/6.584363/0212/R000000017/R000000030
R000000029/6.584363/0212/R000000017/R000000030
R000000001/7.315958/0028/R000000029
Q000000003/6.096632/0000/R000000001
<NEXT>