#
#  Reaction log file
#  Author: LigBuilder V3 User_Diana
#  Creation time: Thu Apr  9 17:06:11 2026
#  Format:
#  QueryMoleculeId/Cost/SynthesizeId/ReactantId1/ReactantId2/ReactantId3.....
#  Id prefix:
#  Q --- Query Molecule
#  M --- Material
#  R --- Reactant
#
Directory      result/synthesize_PfHDAC1/135/DATABASE/
#
Q000000001/Analysis Failed
Q000000002/3.854596/0000/R000000001
R000000002/1.000000/0000/Guesstimate
R000000005/1.000000/0000/Guesstimate
M000000006/1.000000/0000/Sigma_BB-40672234
R000000004/2.222222/0231/R000000005/M000000006
R000000008/1.000000/0000/Guesstimate
R000000007/2.222222/0231/R000000008/M000000006
R000000004/3.580247/0279/R000000007/R000000005
R000000003/2.469136/0294/R000000004
R000000010/1.000000/0000/Guesstimate
R000000009/2.222222/0231/R000000010/M000000006
R000000012/1.000000/0000/Guesstimate
R000000011/2.222222/0231/R000000012/M000000006
R000000009/3.580247/0279/R000000011/R000000012
R000000003/2.469136/0294/R000000009
R000000001/3.854596/0004/R000000002/R000000003
R000000016/1.000000/0000/Guesstimate
R000000017/1.000000/0000/Guesstimate
R000000015/2.222222/0174/R000000016/R000000017
R000000015/2.222222/0289/R000000016/R000000017
R000000014/2.469136/0197/R000000015
R000000018/7.400000/0000/Guesstimate
R000000014/8.222222/0091/R000000018
R000000021/1.000000/0000/Guesstimate
R000000020/2.222222/0231/R000000021/M000000006
R000000022/1.000000/0000/Guesstimate
R000000020/3.580247/0279/R000000011/R000000022
R000000019/2.469136/0294/R000000020
R000000024/1.000000/0000/Guesstimate
R000000023/3.854596/0004/R000000003/R000000024
R000000019/4.282884/0153/R000000023
R000000013/5.486969/0112/R000000014/R000000019
R000000001/6.096632/0025/R000000013
Q000000003/3.854596/0000/R000000001
Q000000004/3.854596/0000/R000000001
<NEXT>