#
#  Reaction log file
#  Author: LigBuilder V3 User_Diana
#  Creation time: Thu Apr  9 17:09:36 2026
#  Format:
#  QueryMoleculeId/Cost/SynthesizeId/ReactantId1/ReactantId2/ReactantId3.....
#  Id prefix:
#  Q --- Query Molecule
#  M --- Material
#  R --- Reactant
#
Directory      result/synthesize_PfHDAC1/247/DATABASE/
#
Q000000001/4.282884/0000/R000000001
M000000005/1.000000/0000/Sigma_BB-28761262
R000000006/1.000000/0000/Guesstimate
R000000004/2.222222/0112/M000000005/R000000006
M000000007/1.000000/0000/Sigma_BB-28788714
R000000010/1.000000/0000/Guesstimate
R000000011/1.000000/0000/Guesstimate
R000000009/2.222222/0004/R000000010/R000000011
R000000008/2.469136/0153/R000000009
R000000012/2.469136/0086/R000000009
R000000012/2.469136/0091/R000000009
R000000008/2.743484/0154/R000000012
R000000004/3.854596/0112/M000000007/R000000008
R000000003/2.469136/0147/R000000004
M000000015/1.000000/0000/Sigma_BB-333196252
R000000014/3.854596/0175/M000000015/R000000008
R000000014/3.854596/0290/M000000015/R000000008
R000000013/4.282884/0024/R000000014
M000000017/1.000000/0000/Sigma_BB-101357011
R000000016/3.854596/0175/M000000017/R000000008
R000000016/3.854596/0290/M000000017/R000000008
R000000013/4.282884/0040/R000000016
R000000003/4.758760/0091/R000000013
R000000018/1.000000/0000/Guesstimate
R000000002/3.854596/0112/R000000003/R000000018
R000000019/1.000000/0000/Guesstimate
R000000002/5.869872/0003/R000000013/R000000019
R000000001/4.282884/0099/R000000002
M000000023/1.000000/0000/Sigma_BB-30403124
R000000022/1.111111/0085/M000000023
R000000024/1.000000/0000/Guesstimate
R000000021/2.345679/0212/R000000022/R000000024
R000000025/2.222222/0004/M000000023/R000000019
R000000025/2.222222/0277/M000000023/R000000019
R000000021/2.469136/0197/R000000025
R000000020/5.349795/0175/R000000021/R000000008
R000000020/5.349795/0290/R000000021/R000000008
R000000001/5.944217/0028/R000000020
Q000000002/6.096632/0000/R000000026
M000000030/1.000000/0000/Sigma_BB-28762732
R000000029/1.111111/0197/M000000030
M000000031/1.000000/0000/Sigma_BB-28766515
R000000032/1.000000/0000/Guesstimate
R000000029/2.222222/0274/M000000031/R000000032
R000000034/1.000000/0000/Guesstimate
R000000033/1.111111/0198/R000000034
R000000033/1.111111/0298/R000000034
R000000028/2.469136/0301/R000000029/R000000033
R000000028/2.469136/0301/R000000029/R000000033
R000000037/1.000000/0000/Guesstimate
R000000038/1.000000/0000/Guesstimate
R000000036/2.222222/0277/R000000037/R000000038
R000000035/2.469136/0260/R000000036
R000000042/1.000000/0000/Guesstimate
R000000043/1.000000/0000/Guesstimate
R000000041/2.222222/0112/R000000042/R000000043
R000000040/2.469136/0197/R000000041
R000000045/1.000000/0000/Guesstimate
R000000046/1.000000/0000/Guesstimate
R000000044/2.222222/0274/R000000045/R000000046
R000000040/2.469136/0285/R000000044
R000000039/2.743484/0198/R000000040
R000000039/2.743484/0298/R000000040
R000000035/3.048316/0257/R000000039
R000000027/5.486969/0175/R000000028/R000000035
M000000049/1.000000/0000/Sigma_BB-28775340
R000000048/2.222222/0277/M000000049/R000000038
M000000050/1.000000/0000/Sigma_BB-128362448
R000000048/3.854596/0175/M000000050/R000000035
R000000051/1.000000/0000/Guesstimate
R000000047/3.580247/0004/R000000048/R000000051
M000000053/1.000000/0000/Sigma_BB-27087428
R000000052/3.854596/0175/M000000053/R000000035
R000000052/3.854596/0290/M000000053/R000000035
R000000047/4.282884/0024/R000000052
R000000055/1.234568/0118/R000000033
R000000056/1.000000/0000/Guesstimate
R000000055/2.345679/0112/R000000033/R000000056
R000000054/1.371742/0040/R000000055
R000000058/1.000000/0000/Guesstimate
R000000057/2.345679/0301/R000000033/R000000058
R000000057/2.345679/0301/R000000033/R000000058
R000000054/2.606310/0073/R000000057
R000000027/5.502210/0212/R000000047/R000000054
R000000026/6.096632/0099/R000000027
R000000062/1.000000/0000/Guesstimate
R000000061/2.345679/0301/R000000029/R000000062
R000000061/2.345679/0301/R000000029/R000000062
R000000060/2.606310/0118/R000000061
R000000060/3.717421/0112/R000000061/R000000056
R000000059/5.639385/0175/R000000060/R000000040
R000000059/5.639385/0290/R000000060/R000000040
R000000026/6.265983/0041/R000000059
Q000000003/Analysis Failed
<NEXT>