#
#  Reaction log file
#  Author: LigBuilder V3 User_Diana
#  Creation time: Thu Apr  9 17:10:53 2026
#  Format:
#  QueryMoleculeId/Cost/SynthesizeId/ReactantId1/ReactantId2/ReactantId3.....
#  Id prefix:
#  Q --- Query Molecule
#  M --- Material
#  R --- Reactant
#
Directory      result/synthesize_PfHDAC1/293/DATABASE/
#
Q000000001/5.791801/0000/R000000001
M000000004/1.000000/0000/Sigma_BB-29509312
R000000005/1.000000/0000/Guesstimate
R000000003/2.222222/0231/M000000004/R000000005
M000000006/1.000000/0000/Sigma_BB-29509005
R000000003/2.222222/0279/M000000006/R000000005
R000000009/1.000000/0000/Guesstimate
R000000010/1.000000/0000/Guesstimate
R000000008/2.222222/0112/R000000009/R000000010
R000000007/2.469136/0197/R000000008
R000000011/10.000000/0000/Guesstimate
R000000007/10.000000/0260/R000000011
R000000002/5.212621/0175/R000000003/R000000007
R000000014/1.000000/0000/Guesstimate
R000000013/2.222222/0231/M000000004/R000000014
R000000013/2.222222/0279/M000000006/R000000014
R000000012/5.212621/0175/R000000013/R000000007
R000000012/5.212621/0290/R000000013/R000000007
R000000015/1.000000/0000/Guesstimate
R000000002/6.902912/0279/R000000012/R000000015
R000000001/5.791801/0041/R000000002
M000000019/1.000000/0000/Sigma_BB-28760241
R000000018/1.111111/0091/M000000019
M000000020/1.000000/0000/Sigma_BB-326697832
R000000018/1.111111/0299/M000000020
R000000017/3.978053/0175/R000000018/R000000007
R000000017/3.978053/0290/R000000018/R000000007
R000000021/1.000000/0000/Guesstimate
R000000016/5.531170/0112/R000000017/R000000021
M000000023/1.000000/0000/Sigma_BB-28945063
R000000022/3.854596/0175/M000000023/R000000007
M000000025/1.000000/0000/Sigma_BB-28465307
R000000024/3.854596/0112/M000000025/R000000007
R000000024/3.854596/0174/M000000023/R000000007
R000000022/4.282884/0147/R000000024
M000000028/1.000000/0000/Sigma_BB-28836764
R000000027/1.111111/0093/M000000028
R000000029/1.000000/0000/Guesstimate
R000000030/1.000000/0000/Guesstimate
R000000027/2.222222/0004/R000000029/R000000030
R000000026/1.234568/0086/R000000027
R000000032/1.000000/0000/Guesstimate
R000000033/1.000000/0000/Guesstimate
R000000031/2.222222/0012/R000000032/R000000033
R000000034/1.000000/0000/Guesstimate
R000000035/1.000000/0000/Guesstimate
R000000031/2.222222/0095/R000000034/R000000035
R000000026/2.469136/0041/R000000031
R000000016/5.654626/0112/R000000022/R000000026
R000000001/6.145744/0099/R000000016
Q000000002/4.572474/0000/R000000036
M000000040/1.000000/0000/Sigma_BB-308324471
R000000041/1.000000/0000/Guesstimate
R000000039/2.222222/0175/M000000040/R000000041
R000000039/2.222222/0290/M000000040/R000000041
R000000038/2.469136/0139/R000000039
M000000043/1.000000/0000/Sigma_BB-48767194
R000000042/2.222222/0175/M000000040/M000000043
R000000042/2.222222/0290/M000000040/M000000043
R000000038/2.469136/0150/R000000042
M000000046/1.000000/0000/Sigma_BB-130314282
R000000045/1.111111/0204/M000000046
R000000047/1.000000/0000/Guesstimate
R000000045/2.222222/0279/R000000047/R000000015
R000000044/1.234568/0041/R000000045
M000000049/1.000000/0000/Sigma_BB-28783903
R000000048/1.111111/0082/M000000049
R000000050/1.000000/0000/Guesstimate
R000000051/1.000000/0000/Guesstimate
R000000048/2.222222/0112/R000000050/R000000051
R000000052/1.000000/0000/Guesstimate
R000000044/2.345679/0122/R000000048/R000000052
R000000037/4.115227/0232/R000000038/R000000044
R000000036/4.572474/0028/R000000037
R000000056/1.000000/0000/Guesstimate
R000000057/1.000000/0000/Guesstimate
R000000055/2.222222/0279/R000000056/R000000057
R000000055/2.222222/0279/R000000056/R000000057
R000000058/1.000000/0000/Guesstimate
R000000054/3.580247/0159/R000000055/R000000058
R000000059/3.854596/0231/R000000038/R000000014
R000000054/4.282884/0082/R000000059
R000000060/1.000000/0000/Guesstimate
R000000053/5.089163/0049/R000000054/R000000060
R000000063/1.000000/0000/Guesstimate
R000000062/3.854596/0231/R000000038/R000000063
R000000061/4.282884/0090/R000000062
R000000064/3.978053/0233/R000000054
R000000064/3.978053/0258/R000000054
R000000061/4.420059/0155/R000000064
R000000053/5.869872/0112/R000000061/R000000051
R000000036/5.654626/0041/R000000053
Q000000003/4.282884/0000/R000000065
M000000069/1.000000/0000/Sigma_BB-28798855
M000000070/1.000000/0000/Sigma_BB-28830366
R000000068/2.222222/0004/M000000069/M000000070
R000000067/2.469136/0197/R000000068
R000000066/3.854596/0175/R000000067/R000000041
R000000066/3.854596/0290/R000000067/R000000041
R000000065/4.282884/0028/R000000066
M000000074/1.000000/0000/Sigma_BB-30438916
R000000073/2.222222/0175/M000000074/R000000041
R000000073/2.222222/0290/M000000074/R000000041
R000000072/2.469136/0139/R000000073
R000000075/2.222222/0175/M000000074/M000000043
R000000075/2.222222/0290/M000000074/M000000043
R000000072/2.469136/0150/R000000075
R000000076/1.000000/0000/Guesstimate
R000000071/3.854596/0003/R000000072/R000000076
R000000077/3.854596/0112/R000000072/R000000051
R000000079/1.000000/0000/Guesstimate
R000000078/3.854596/0231/R000000038/R000000079
R000000077/4.282884/0082/R000000078
R000000071/5.393995/0049/R000000077/R000000060
R000000065/4.282884/0041/R000000071
<NEXT>