#
#  Reaction log file
#  Author: LigBuilder V3 User_Diana
#  Creation time: Thu Apr  9 17:10:42 2026
#  Format:
#  QueryMoleculeId/Cost/SynthesizeId/ReactantId1/ReactantId2/ReactantId3.....
#  Id prefix:
#  Q --- Query Molecule
#  M --- Material
#  R --- Reactant
#
Directory      result/synthesize_PfHDAC1/282/DATABASE/
#
Q000000001/4.267642/0000/R000000001
R000000004/1.000000/0000/Guesstimate
R000000003/1.111111/0283/R000000004
M000000006/1.000000/0000/Sigma_BB-27927939
R000000005/1.111111/0153/M000000006
R000000003/1.234568/0260/R000000005
M000000009/1.000000/0000/Sigma_BB-27190832
R000000008/1.111111/0104/M000000009
R000000008/1.111111/0104/M000000009
R000000010/1.000000/0000/Guesstimate
R000000007/2.345679/0301/R000000008/R000000010
R000000007/2.345679/0301/R000000008/R000000010
R000000002/3.840878/0285/R000000003/R000000007
R000000012/2.345679/0285/R000000003/M000000009
R000000014/1.000000/0000/Guesstimate
R000000013/2.345679/0285/R000000003/R000000014
R000000016/1.000000/0000/Guesstimate
R000000015/2.345679/0277/R000000003/R000000016
R000000013/2.606310/0295/R000000015
M000000017/1.000000/0000/Sigma_BB-37395141
R000000012/3.717421/0231/R000000013/M000000017
R000000011/2.606310/0104/R000000012
R000000011/2.606310/0104/R000000012
R000000002/4.007011/0301/R000000011/R000000010
R000000001/4.267642/0160/R000000002
R000000001/4.267642/0160/R000000002
Q000000002/4.267642/0000/R000000001
Q000000003/4.130468/0000/R000000018
R000000021/1.000000/0000/Guesstimate
M000000023/1.000000/0000/Sigma_BB-27948280
R000000022/1.111111/0153/M000000023
M000000024/1.000000/0000/Sigma_BB-29509312
R000000022/1.111111/0287/M000000024
R000000020/2.345679/0231/R000000021/R000000022
R000000025/2.222222/0231/R000000021/M000000024
R000000020/2.469136/0287/R000000025
R000000026/1.000000/0000/Guesstimate
R000000019/3.717421/0112/R000000020/R000000026
R000000029/1.000000/0000/Guesstimate
R000000030/1.000000/0000/Guesstimate
R000000028/2.222222/0003/R000000029/R000000030
R000000031/1.000000/0000/Guesstimate
R000000032/1.000000/0000/Guesstimate
R000000028/2.222222/0049/R000000031/R000000032
R000000027/3.580247/0012/R000000014/R000000028
R000000027/9.888888/0082/R000000033
R000000036/1.000000/0000/Guesstimate
R000000037/1.000000/0000/Guesstimate
R000000035/2.222222/0279/R000000036/R000000037
R000000035/2.222222/0279/R000000036/R000000037
R000000034/2.469136/0079/R000000035
R000000039/1.000000/0000/Guesstimate
R000000038/2.222222/0279/R000000036/R000000039
R000000038/2.222222/0279/R000000036/R000000039
R000000034/2.469136/0082/R000000038
R000000019/6.721537/0159/R000000027/R000000034
R000000018/4.130468/0147/R000000019
R000000043/1.000000/0000/Guesstimate
R000000042/2.222222/0231/R000000043/M000000024
M000000044/1.000000/0000/Sigma_BB-28766735
R000000042/2.222222/0285/R000000014/M000000044
R000000041/3.580247/0175/R000000042/R000000026
R000000045/2.222222/0175/M000000024/R000000026
R000000045/2.222222/0290/M000000024/R000000026
R000000041/3.580247/0231/R000000043/R000000045
R000000046/1.000000/0000/Guesstimate
R000000040/5.089163/0003/R000000041/R000000046
R000000049/1.000000/0000/Guesstimate
R000000048/2.222222/0231/R000000049/M000000024
R000000048/2.469136/0197/R000000042
R000000047/3.580247/0175/R000000048/R000000026
R000000051/1.000000/0000/Guesstimate
R000000050/3.854596/0159/R000000051/R000000034
R000000047/4.282884/0147/R000000050
R000000052/1.000000/0000/Guesstimate
R000000040/5.089163/0112/R000000047/R000000052
R000000018/5.654626/0147/R000000040
Q000000004/4.159427/0000/R000000053
R000000057/1.000000/0000/Guesstimate
R000000058/1.000000/0000/Guesstimate
R000000056/2.222222/0069/R000000057/R000000058
R000000055/2.469136/0288/R000000056
R000000054/2.743484/0295/R000000055
M000000059/1.000000/0000/Sigma_BB-28766575
R000000053/4.159427/0256/R000000054/M000000059
M000000061/1.000000/0000/Sigma_BB-89755406
R000000060/4.159427/0256/R000000054/M000000061
R000000062/1.000000/0000/Guesstimate
R000000053/5.732697/0274/R000000060/R000000062
<NEXT>