#
#  Reaction log file
#  Author: LigBuilder V3 User_Diana
#  Creation time: Thu Apr  9 17:10:00 2026
#  Format:
#  QueryMoleculeId/Cost/SynthesizeId/ReactantId1/ReactantId2/ReactantId3.....
#  Id prefix:
#  Q --- Query Molecule
#  M --- Material
#  R --- Reactant
#
Directory      result/synthesize_PfHDAC1/249/DATABASE/
#
Q000000001/Analysis Failed
Q000000002/7.673477/0000/R000000001
R000000007/1.000000/0000/Guesstimate
R000000006/1.111111/0125/R000000007
R000000008/1.000000/0000/Guesstimate
R000000006/2.222222/0112/R000000007/R000000008
R000000005/1.234568/0059/R000000006
R000000010/1.000000/0000/Guesstimate
R000000011/1.000000/0000/Guesstimate
R000000009/2.222222/0226/R000000010/R000000011
R000000013/1.000000/0000/Guesstimate
R000000012/2.222222/0277/R000000010/R000000013
R000000009/2.469136/0156/R000000012
R000000005/2.469136/0099/R000000009
R000000014/1.000000/0000/Guesstimate
R000000004/2.482853/0170/R000000005/R000000014
R000000017/1.000000/0000/Guesstimate
R000000016/1.111111/0293/R000000017
R000000015/1.234568/0090/R000000016
R000000015/2.469136/0099/R000000012
R000000018/1.000000/0000/Guesstimate
R000000004/2.482853/0170/R000000015/R000000018
R000000019/1.000000/0000/Guesstimate
R000000003/3.869837/0004/R000000004/R000000019
R000000021/2.222222/0004/R000000018/R000000019
R000000020/4.938272/0170/R000000012/R000000021
R000000022/2.222222/0004/R000000014/R000000019
R000000020/4.938272/0170/R000000009/R000000022
R000000003/5.486969/0099/R000000020
M000000025/1.000000/0000/Sigma_BB-28764950
R000000024/1.111111/0085/M000000025
R000000026/1.000000/0000/Guesstimate
R000000023/2.345679/0212/R000000024/R000000026
R000000028/1.000000/0000/Guesstimate
R000000027/2.222222/0004/M000000025/R000000028
R000000027/2.222222/0277/M000000025/R000000028
R000000023/2.469136/0197/R000000027
R000000002/6.906129/0212/R000000003/R000000023
R000000002/6.906129/0212/R000000003/R000000023
R000000001/7.673477/0028/R000000002
R000000031/2.345679/0212/R000000024/R000000026
R000000031/2.345679/0212/R000000024/R000000026
R000000030/5.075447/0212/R000000021/R000000031
R000000030/5.075447/0212/R000000021/R000000031
R000000029/7.011127/0170/R000000015/R000000030
R000000032/5.075447/0212/R000000022/R000000031
R000000033/3.703704/0212/R000000022/R000000024
R000000033/3.703704/0212/R000000022/R000000024
R000000032/5.226338/0212/R000000033/R000000026
R000000029/7.011127/0170/R000000005/R000000032
R000000001/7.790142/0028/R000000029
Q000000003/Analysis Failed
Q000000004/7.163543/0000/R000000034
R000000037/1.000000/0000/Guesstimate
R000000039/1.000000/0000/Guesstimate
R000000040/1.000000/0000/Guesstimate
R000000038/2.222222/0003/R000000039/R000000040
R000000041/1.000000/0000/Guesstimate
R000000042/1.000000/0000/Guesstimate
R000000038/2.222222/0122/R000000041/R000000042
R000000036/3.580247/0012/R000000037/R000000038
R000000043/2.222222/0012/R000000037/R000000041
R000000043/2.222222/0285/R000000037/R000000041
R000000036/3.580247/0122/R000000043/R000000042
R000000045/1.000000/0000/Guesstimate
R000000046/1.000000/0000/Guesstimate
R000000044/2.222222/0276/R000000045/R000000046
R000000044/2.222222/0278/R000000045/R000000046
R000000035/6.447188/0159/R000000036/R000000044
R000000047/4.938272/0159/R000000043/R000000044
R000000035/6.598080/0122/R000000047/R000000042
R000000034/7.163543/0092/R000000035
R000000050/1.000000/0000/Guesstimate
R000000049/3.580247/0012/R000000050/R000000038
R000000051/2.222222/0012/R000000050/R000000041
R000000051/2.222222/0285/R000000050/R000000041
R000000049/3.580247/0122/R000000051/R000000042
R000000048/6.447188/0159/R000000049/R000000044
R000000052/4.938272/0159/R000000051/R000000044
R000000053/1.000000/0000/Guesstimate
R000000052/6.598080/0275/R000000047/R000000053
R000000048/6.598080/0122/R000000052/R000000042
R000000034/7.163543/0093/R000000048
<NEXT>