#
#  Reaction log file
#  Author: LigBuilder V3 User_Diana
#  Creation time: Thu Apr  9 17:07:18 2026
#  Format:
#  QueryMoleculeId/Cost/SynthesizeId/ReactantId1/ReactantId2/ReactantId3.....
#  Id prefix:
#  Q --- Query Molecule
#  M --- Material
#  R --- Reactant
#
Directory      result/synthesize_PfHDAC1/179/DATABASE/
#
Q000000001/3.703704/0000/R000000001
M000000003/1.000000/0000/Sigma_BB-28863545
R000000002/1.111111/0044/M000000003
M000000006/1.000000/0000/Sigma_BB-27721832
M000000007/1.000000/0000/Sigma_BB-28830366
R000000005/2.222222/0004/M000000006/M000000007
R000000004/2.469136/0197/R000000005
R000000002/2.743484/0028/R000000004
M000000009/1.000000/0000/Sigma_BB-28843655
R000000010/1.000000/0000/Guesstimate
R000000008/2.222222/0004/M000000009/R000000010
R000000012/1.000000/0000/Guesstimate
R000000013/1.000000/0000/Guesstimate
R000000011/2.222222/0170/R000000012/R000000013
R000000014/1.000000/0000/Guesstimate
R000000015/1.000000/0000/Guesstimate
R000000011/2.222222/0170/R000000014/R000000015
R000000008/2.469136/0040/R000000011
R000000001/3.703704/0119/R000000002/R000000008
R000000016/5.212621/0119/R000000004/R000000008
R000000017/2.469136/0086/R000000008
R000000017/2.469136/0091/R000000008
R000000016/5.486969/0276/R000000004/R000000017
R000000001/5.791801/0028/R000000016
Q000000002/Analysis Failed
Q000000003/7.807076/0000/R000000018
M000000023/1.000000/0000/Sigma_BB-28771679
R000000024/1.000000/0000/Guesstimate
R000000022/2.222222/0004/M000000023/R000000024
R000000025/9.500000/0000/Guesstimate
R000000022/9.500000/0040/R000000025
R000000021/2.469136/0153/R000000022
R000000028/1.000000/0000/Guesstimate
R000000027/3.580247/0212/R000000022/R000000028
R000000027/3.580247/0212/R000000022/R000000028
R000000026/3.978053/0260/R000000027
R000000021/4.420059/0154/R000000026
R000000029/1.000000/0000/Guesstimate
R000000020/3.854596/0119/R000000021/R000000029
R000000031/1.000000/0000/Guesstimate
R000000030/3.854596/0119/R000000021/R000000031
R000000034/1.000000/0000/Guesstimate
R000000033/3.854596/0276/R000000021/R000000034
R000000033/3.854596/0278/R000000021/R000000034
R000000032/4.282884/0091/R000000033
R000000036/1.000000/0000/Guesstimate
R000000035/3.854596/0119/R000000021/R000000036
R000000037/1.000000/0000/Guesstimate
R000000035/3.854596/0276/R000000021/R000000037
R000000032/4.282884/0197/R000000035
R000000038/1.000000/0000/Guesstimate
R000000030/5.869872/0112/R000000032/R000000038
R000000020/4.282884/0147/R000000030
R000000041/1.000000/0000/Guesstimate
R000000042/1.000000/0000/Guesstimate
R000000040/2.222222/0158/R000000041/R000000042
R000000040/2.222222/0158/R000000041/R000000042
R000000039/2.469136/0188/R000000040
R000000043/2.222222/0158/R000000041/R000000042
R000000043/2.222222/0158/R000000041/R000000042
R000000039/2.469136/0188/R000000043
R000000019/7.026369/0277/R000000020/R000000039
R000000045/1.000000/0000/Guesstimate
R000000044/3.854596/0119/R000000021/R000000045
R000000047/1.000000/0000/Guesstimate
R000000046/3.854596/0119/R000000021/R000000047
R000000046/4.282884/0041/R000000030
R000000044/4.282884/0155/R000000046
R000000019/7.026369/0301/R000000044/R000000039
R000000018/7.807076/0160/R000000019
R000000050/1.000000/0000/Guesstimate
R000000053/1.000000/0000/Guesstimate
R000000054/1.000000/0000/Guesstimate
R000000052/2.222222/0012/R000000053/R000000054
R000000055/1.000000/0000/Guesstimate
R000000052/2.222222/0112/R000000055/R000000038
R000000056/1.000000/0000/Guesstimate
R000000051/3.580247/0159/R000000052/R000000056
R000000057/8.777778/0174/R000000037/R000000058
R000000059/7.666667/0287/R000000058
R000000059/7.666667/0287/R000000058
R000000057/9.629630/0112/R000000037/R000000059
R000000051/9.753086/0197/R000000057
R000000049/5.089163/0112/R000000050/R000000051
R000000049/9.753086/0091/R000000057
R000000048/8.398110/0276/R000000021/R000000049
R000000048/8.736813/0112/R000000032/R000000051
R000000018/9.331234/0147/R000000048
<NEXT>