#
#  Reaction log file
#  Author: LigBuilder V3 User_Diana
#  Creation time: Thu Apr  9 17:08:02 2026
#  Format:
#  QueryMoleculeId/Cost/SynthesizeId/ReactantId1/ReactantId2/ReactantId3.....
#  Id prefix:
#  Q --- Query Molecule
#  M --- Material
#  R --- Reactant
#
Directory      result/synthesize_PfHDAC1/198/DATABASE/
#
Q000000001/Analysis Failed
Q000000002/4.282884/0000/R000000001
M000000003/1.000000/0000/Sigma_BB-28784017
R000000006/1.000000/0000/Guesstimate
R000000007/1.000000/0000/Guesstimate
R000000005/2.222222/0274/R000000006/R000000007
R000000004/2.469136/0112/R000000005
R000000009/1.000000/0000/Guesstimate
R000000010/1.000000/0000/Guesstimate
R000000008/2.222222/0277/R000000009/R000000010
R000000004/2.469136/0260/R000000008
R000000002/3.854596/0175/M000000003/R000000004
M000000012/1.000000/0000/Sigma_BB-117226966
R000000013/1.000000/0000/Guesstimate
R000000011/2.222222/0004/M000000012/R000000013
R000000015/1.000000/0000/Guesstimate
R000000014/2.222222/0175/M000000003/R000000015
R000000014/2.222222/0290/M000000003/R000000015
R000000011/2.469136/0024/R000000014
R000000018/1.000000/0000/Guesstimate
R000000019/1.000000/0000/Guesstimate
R000000017/2.222222/0274/R000000018/R000000019
R000000016/2.469136/0001/R000000017
R000000020/2.222222/0274/R000000018/R000000007
R000000020/2.469136/0091/R000000017
R000000016/2.469136/0004/R000000020
R000000002/5.212621/0212/R000000011/R000000016
R000000001/4.282884/0099/R000000002
R000000022/2.743484/0099/R000000004
R000000023/2.743484/0099/R000000016
R000000022/3.048316/0091/R000000023
R000000021/4.159427/0112/M000000012/R000000022
R000000026/1.000000/0000/Guesstimate
R000000027/1.000000/0000/Guesstimate
R000000025/2.222222/0012/R000000026/R000000027
R000000028/1.000000/0000/Guesstimate
R000000029/1.000000/0000/Guesstimate
R000000025/2.222222/0112/R000000028/R000000029
R000000030/1.000000/0000/Guesstimate
R000000024/3.580247/0159/R000000025/R000000030
R000000032/1.000000/0000/Guesstimate
R000000031/2.222222/0012/R000000026/R000000032
R000000031/2.222222/0285/R000000026/R000000032
R000000024/3.580247/0159/R000000027/R000000031
R000000033/1.000000/0000/Guesstimate
R000000021/5.089163/0112/R000000024/R000000033
R000000001/4.621586/0147/R000000021
Q000000003/4.282884/0000/R000000001
Q000000004/4.282884/0000/R000000001
<NEXT>