#
#  Reaction log file
#  Author: LigBuilder V3 User_Diana
#  Creation time: Thu Apr  9 17:10:51 2026
#  Format:
#  QueryMoleculeId/Cost/SynthesizeId/ReactantId1/ReactantId2/ReactantId3.....
#  Id prefix:
#  Q --- Query Molecule
#  M --- Material
#  R --- Reactant
#
Directory      result/synthesize_PfHDAC1/295/DATABASE/
#
Q000000001/4.007011/0000/R000000001
M000000005/1.000000/0000/Sigma_BB-371180382
R000000004/1.111111/0093/M000000005
M000000006/1.000000/0000/Sigma_BB-30391580
R000000007/1.000000/0000/Guesstimate
R000000004/2.222222/0004/M000000006/R000000007
R000000008/1.000000/0000/Guesstimate
R000000003/2.345679/0004/R000000004/R000000008
R000000009/2.222222/0004/R000000007/R000000008
R000000010/1.000000/0000/Guesstimate
R000000011/1.000000/0000/Guesstimate
R000000009/3.333333/0225/R000000008/R000000010/R000000011
R000000003/3.580247/0004/M000000006/R000000009
R000000002/2.606310/0197/R000000003
M000000013/1.000000/0000/Sigma_BB-27581870
R000000015/1.000000/0000/Guesstimate
R000000014/1.111111/0293/R000000015
R000000012/2.345679/0231/M000000013/R000000014
R000000017/1.000000/0000/Guesstimate
R000000016/2.222222/0231/M000000013/R000000017
R000000012/3.703704/0279/R000000016/R000000014
R000000002/2.606310/0090/R000000012
R000000018/1.000000/0000/Guesstimate
R000000001/4.007011/0122/R000000002/R000000018
R000000022/1.000000/0000/Guesstimate
R000000021/2.222222/0003/M000000005/R000000022
R000000020/2.469136/0099/R000000021
R000000024/1.000000/0000/Guesstimate
R000000023/2.222222/0003/M000000006/R000000024
M000000025/1.000000/0000/Sigma_BB-28426400
R000000026/1.000000/0000/Guesstimate
R000000023/2.222222/0175/M000000025/R000000026
R000000020/3.580247/0122/R000000023/R000000022
R000000029/1.000000/0000/Guesstimate
R000000030/1.000000/0000/Guesstimate
R000000028/2.222222/0277/R000000029/R000000030
R000000027/2.469136/0073/R000000028
R000000031/2.469136/0100/R000000028
R000000031/2.469136/0216/R000000028
R000000027/2.743484/0100/R000000031
R000000019/5.486969/0042/R000000020/R000000027
R000000033/1.234568/0085/R000000004
R000000034/1.000000/0000/Guesstimate
R000000033/2.222222/0004/M000000006/R000000034
R000000032/4.115227/0212/R000000033/R000000027
R000000032/4.115227/0212/R000000033/R000000027
R000000019/5.683586/0122/R000000032/R000000018
R000000001/6.096632/0099/R000000019
Q000000002/4.007011/0000/R000000001
Q000000003/4.007011/0000/R000000001
<NEXT>