#
#  Reaction log file
#  Author: LigBuilder V3 User_Diana
#  Creation time: Thu Apr  9 17:08:17 2026
#  Format:
#  QueryMoleculeId/Cost/SynthesizeId/ReactantId1/ReactantId2/ReactantId3.....
#  Id prefix:
#  Q --- Query Molecule
#  M --- Material
#  R --- Reactant
#
Directory      result/synthesize_PfHDAC1/206/DATABASE/
#
Q000000001/Analysis Failed
Q000000002/7.807076/0000/R000000001
R000000006/1.000000/0000/Guesstimate
R000000007/1.000000/0000/Guesstimate
R000000005/2.222222/0004/R000000006/R000000007
R000000009/1.000000/0000/Guesstimate
R000000008/2.222222/0112/R000000009/R000000007
R000000005/2.469136/0233/R000000008
M000000010/1.000000/0000/Sigma_BB-137359658
R000000004/3.580247/0212/R000000005/M000000010
R000000004/3.580247/0212/R000000005/M000000010
R000000003/3.978053/0197/R000000004
R000000013/1.000000/0000/Guesstimate
R000000014/1.000000/0000/Guesstimate
R000000012/2.222222/0274/R000000013/R000000014
R000000015/1.000000/0000/Guesstimate
R000000016/1.000000/0000/Guesstimate
R000000012/2.222222/0276/R000000015/R000000016
R000000011/4.938272/0212/R000000005/R000000012
R000000011/4.938272/0212/R000000005/R000000012
R000000003/5.654626/0091/R000000011
R000000018/1.000000/0000/Guesstimate
R000000020/1.000000/0000/Guesstimate
R000000019/1.111111/0283/R000000020
R000000017/2.345679/0277/R000000018/R000000019
R000000022/1.000000/0000/Guesstimate
R000000021/2.345679/0277/R000000022/R000000019
R000000017/2.606310/0300/R000000021
R000000002/7.026369/0276/R000000003/R000000017
R000000023/3.580247/0212/R000000005/R000000015
R000000023/3.580247/0212/R000000005/R000000015
R000000026/1.000000/0000/Guesstimate
R000000025/2.345679/0276/R000000026/R000000019
R000000025/2.345679/0278/R000000026/R000000019
R000000024/3.717421/0277/R000000025/R000000018
R000000028/1.000000/0000/Guesstimate
R000000027/3.717421/0119/R000000028/R000000017
R000000027/3.717421/0276/R000000009/R000000017
R000000024/4.130468/0197/R000000027
R000000002/8.108521/0276/R000000023/R000000024
R000000001/7.807076/0099/R000000002
R000000031/2.606310/0099/R000000021
R000000030/2.895900/0217/R000000031
R000000033/1.000000/0000/Guesstimate
R000000032/4.007011/0301/R000000031/R000000033
R000000032/4.007011/0301/R000000031/R000000033
R000000030/4.452235/0243/R000000032
R000000029/7.637726/0276/R000000003/R000000030
R000000035/4.007011/0276/R000000026/R000000031
R000000035/4.007011/0278/R000000026/R000000031
R000000034/4.452235/0217/R000000035
R000000036/4.328778/0119/R000000028/R000000030
R000000036/4.328778/0276/R000000009/R000000030
R000000034/4.809754/0197/R000000036
R000000029/8.924980/0276/R000000023/R000000034
R000000001/8.486362/0147/R000000029
Q000000003/7.807076/0000/R000000001
<NEXT>