#
#  Reaction log file
#  Author: LigBuilder V3 User_Diana
#  Creation time: Thu Apr  9 17:04:33 2026
#  Format:
#  QueryMoleculeId/Cost/SynthesizeId/ReactantId1/ReactantId2/ReactantId3.....
#  Id prefix:
#  Q --- Query Molecule
#  M --- Material
#  R --- Reactant
#
Directory      result/synthesize_PfHDAC1/73/DATABASE/
#
Q000000001/4.007011/0000/R000000001
R000000005/1.000000/0000/Guesstimate
R000000004/1.111111/0293/R000000005
M000000006/1.000000/0000/Sigma_BB-27941182
R000000003/2.345679/0170/R000000004/M000000006
R000000007/1.234568/0156/R000000004
M000000008/1.000000/0000/Sigma_BB-30407107
R000000003/2.482853/0170/R000000007/M000000008
R000000002/2.606310/0009/R000000003
R000000011/1.000000/0000/Guesstimate
R000000010/2.345679/0170/R000000004/R000000011
R000000012/1.000000/0000/Guesstimate
R000000010/2.482853/0170/R000000007/R000000012
R000000009/2.606310/0086/R000000010
R000000009/2.606310/0091/R000000010
R000000002/2.895900/0079/R000000009
M000000013/1.000000/0000/Sigma_BB-28758592
R000000001/4.007011/0056/R000000002/M000000013
M000000014/1.000000/0000/Sigma_BB-28506121
R000000001/4.007011/0080/R000000002/M000000014
Q000000002/6.659254/0000/R000000015
M000000018/1.000000/0000/Sigma_BB-128242238
R000000020/1.000000/0000/Guesstimate
R000000019/1.111111/0287/R000000020
R000000017/2.345679/0112/M000000018/R000000019
M000000021/1.000000/0000/Sigma_BB-28719305
R000000022/7.900000/0000/Guesstimate
R000000017/9.888888/0112/M000000021/R000000022
R000000027/1.000000/0000/Guesstimate
R000000028/1.000000/0000/Guesstimate
R000000026/2.222222/0224/R000000027/R000000028
R000000025/2.469136/0093/R000000026
M000000029/1.000000/0000/Sigma_BB-28247348
R000000025/3.580247/0212/M000000029/R000000026
R000000024/2.743484/0093/R000000025
M000000030/1.000000/0000/Sigma_BB-28457967
R000000024/3.580247/0212/M000000030/R000000026
R000000023/3.048316/0086/R000000024
R000000023/3.048316/0091/R000000024
R000000016/5.993328/0175/R000000017/R000000023
M000000033/1.000000/0000/Sigma_BB-28834861
R000000032/1.111111/0093/M000000033
M000000034/1.000000/0000/Sigma_BB-296138172
R000000032/1.111111/0147/M000000034
R000000031/3.703704/0212/R000000032/R000000026
R000000031/3.854596/0212/M000000033/R000000025
R000000037/1.000000/0000/Guesstimate
R000000038/1.000000/0000/Guesstimate
R000000036/2.222222/0012/R000000037/R000000038
R000000039/1.000000/0000/Guesstimate
R000000040/1.000000/0000/Guesstimate
R000000036/2.222222/0112/R000000039/R000000040
R000000035/3.703704/0112/R000000036/R000000019
R000000041/9.888888/0112/R000000039/R000000022
R000000035/9.888888/0079/R000000041
R000000016/8.230453/0163/R000000031/R000000035
R000000015/6.659254/0025/R000000016
R000000044/1.000000/0000/Guesstimate
R000000043/2.222222/0012/R000000044/R000000038
R000000046/1.000000/0000/Guesstimate
R000000045/2.222222/0004/R000000046/R000000011
M000000047/1.000000/0000/Sigma_BB-28756173
R000000045/2.222222/0285/M000000047/R000000038
R000000043/2.469136/0009/R000000045
R000000042/6.584363/0163/R000000031/R000000043
R000000050/1.000000/0000/Guesstimate
R000000049/2.222222/0277/R000000044/R000000050
R000000049/2.222222/0277/R000000044/R000000050
R000000048/2.469136/0009/R000000049
R000000052/1.000000/0000/Guesstimate
R000000051/2.222222/0112/R000000052/R000000040
R000000053/1.000000/0000/Guesstimate
R000000054/1.000000/0000/Guesstimate
R000000051/2.222222/0112/R000000053/R000000054
R000000048/3.580247/0049/R000000051/R000000012
R000000042/6.858711/0148/R000000031/R000000048
R000000015/7.315958/0024/R000000042
Q000000003/6.659254/0000/R000000015
<NEXT>