#
#  Reaction log file
#  Author: LigBuilder V3 User_Diana
#  Creation time: Thu Apr  9 17:11:09 2026
#  Format:
#  QueryMoleculeId/Cost/SynthesizeId/ReactantId1/ReactantId2/ReactantId3.....
#  Id prefix:
#  Q --- Query Molecule
#  M --- Material
#  R --- Reactant
#
Directory      result/synthesize_PfHDAC1/288/DATABASE/
#
Q000000001/4.452235/0000/R000000001
M000000003/1.000000/0000/Sigma_BB-28426400
M000000006/1.000000/0000/Sigma_BB-28764950
M000000008/1.000000/0000/Sigma_BB-28527072
R000000007/1.111111/0198/M000000008
R000000009/1.000000/0000/Guesstimate
M000000010/1.000000/0000/Sigma_BB-28760158
R000000007/2.222222/0212/R000000009/M000000010
R000000005/2.345679/0212/M000000006/R000000007
R000000005/2.345679/0212/M000000006/R000000007
R000000004/2.606310/0087/R000000005
R000000012/1.111111/0085/M000000006
R000000011/2.469136/0212/R000000012/R000000007
R000000011/2.469136/0212/R000000012/R000000007
R000000004/2.743484/0086/R000000011
R000000002/4.007011/0175/M000000003/R000000004
M000000014/1.000000/0000/Sigma_BB-30391580
R000000015/1.000000/0000/Guesstimate
R000000013/2.222222/0004/M000000014/R000000015
R000000017/1.000000/0000/Guesstimate
R000000016/2.222222/0175/M000000003/R000000017
R000000016/2.222222/0290/M000000003/R000000017
R000000013/2.469136/0024/R000000016
R000000002/5.212621/0212/R000000013/R000000011
R000000001/4.452235/0028/R000000002
R000000019/2.469136/0212/R000000012/R000000007
R000000020/2.345679/0212/R000000012/M000000010
R000000020/2.345679/0212/R000000012/M000000010
R000000019/3.717421/0212/R000000020/R000000009
R000000018/5.212621/0212/R000000013/R000000019
R000000018/5.212621/0212/R000000013/R000000019
R000000001/5.791801/0028/R000000018
Q000000002/4.452235/0000/R000000001
Q000000003/4.452235/0000/R000000001
Q000000004/6.333912/0000/R000000021
R000000025/1.000000/0000/Guesstimate
R000000024/3.717421/0212/R000000020/R000000025
R000000024/3.717421/0212/R000000020/R000000025
R000000023/4.130468/0086/R000000024
R000000023/4.130468/0091/R000000024
R000000022/5.700521/0175/M000000003/R000000023
R000000022/6.599605/0212/R000000013/R000000024
R000000021/6.333912/0028/R000000022
R000000028/4.130468/0300/R000000024
R000000027/4.589409/0087/R000000028
R000000030/1.000000/0000/Guesstimate
R000000029/5.700521/0004/R000000030/R000000028
R000000027/6.333912/0197/R000000029
R000000026/6.210455/0175/M000000003/R000000027
R000000032/5.099344/0079/R000000027
R000000033/1.000000/0000/Guesstimate
R000000032/6.210455/0112/R000000027/R000000033
R000000031/5.665938/0040/R000000032
R000000035/1.000000/0000/Guesstimate
R000000034/6.210455/0276/R000000027/R000000035
R000000034/6.210455/0278/R000000027/R000000035
R000000031/6.900506/0024/R000000034
R000000026/8.764623/0212/R000000013/R000000031
R000000021/6.900506/0028/R000000026
<NEXT>