#
#  Reaction log file
#  Author: LigBuilder V3 User_Diana
#  Creation time: Thu Apr  9 17:11:02 2026
#  Format:
#  QueryMoleculeId/Cost/SynthesizeId/ReactantId1/ReactantId2/ReactantId3.....
#  Id prefix:
#  Q --- Query Molecule
#  M --- Material
#  R --- Reactant
#
Directory      result/synthesize_PfHDAC1/296/DATABASE/
#
Q000000001/4.159427/0000/R000000001
M000000005/1.000000/0000/Sigma_BB-29509312
R000000006/1.000000/0000/Guesstimate
R000000004/2.222222/0231/M000000005/R000000006
M000000007/1.000000/0000/Sigma_BB-29509005
R000000004/2.222222/0279/M000000007/R000000006
R000000003/2.469136/0074/R000000004
R000000008/2.469136/0287/R000000004
R000000009/1.000000/0000/Guesstimate
R000000003/3.854596/0112/R000000008/R000000009
R000000002/2.743484/0059/R000000003
R000000010/2.469136/0059/R000000004
M000000012/1.000000/0000/Sigma_BB-28760241
R000000013/1.000000/0000/Guesstimate
R000000011/2.222222/0003/M000000012/R000000013
M000000014/1.000000/0000/Sigma_BB-27733454
R000000011/2.222222/0277/M000000014/R000000013
R000000010/2.469136/0099/R000000011
R000000002/2.743484/0074/R000000010
R000000015/1.000000/0000/Guesstimate
R000000001/4.159427/0069/R000000002/R000000015
R000000016/3.854596/0069/R000000003/R000000015
M000000019/1.000000/0000/Sigma_BB-28200223
R000000020/1.000000/0000/Guesstimate
R000000018/2.222222/0175/M000000019/R000000020
R000000018/2.222222/0290/M000000019/R000000020
R000000017/3.580247/0069/R000000018/R000000015
R000000021/2.222222/0069/M000000019/R000000015
R000000022/1.000000/0000/Guesstimate
R000000021/2.222222/0231/M000000005/R000000022
R000000017/3.580247/0175/R000000021/R000000020
R000000023/1.000000/0000/Guesstimate
R000000016/5.089163/0122/R000000017/R000000023
R000000001/4.282884/0059/R000000016
Q000000002/4.159427/0000/R000000001
Q000000003/5.791801/0000/R000000024
R000000028/1.000000/0000/Guesstimate
R000000027/2.222222/0174/M000000005/R000000028
R000000027/2.222222/0289/M000000005/R000000028
R000000026/2.469136/0099/R000000027
R000000029/2.222222/0175/M000000005/R000000020
R000000029/2.222222/0290/M000000005/R000000020
R000000030/1.000000/0000/Guesstimate
R000000026/3.580247/0122/R000000029/R000000030
R000000032/1.000000/0000/Guesstimate
R000000031/2.222222/0112/R000000032/R000000009
R000000034/1.000000/0000/Guesstimate
R000000033/2.222222/0004/R000000032/R000000034
R000000031/2.469136/0009/R000000033
R000000025/5.212621/0231/R000000026/R000000031
M000000037/1.000000/0000/Sigma_BB-370175114
R000000036/1.111111/0299/M000000037
R000000035/3.703704/0231/R000000036/R000000031
R000000038/3.580247/0231/M000000037/R000000031
R000000035/3.978053/0299/R000000038
R000000039/1.000000/0000/Guesstimate
R000000025/5.226338/0231/R000000035/R000000039
R000000024/5.791801/0059/R000000025
R000000042/1.111111/0287/M000000005
M000000043/1.000000/0000/Sigma_BB-27581870
R000000042/1.111111/0299/M000000043
R000000044/2.469136/0059/R000000031
R000000045/1.000000/0000/Guesstimate
R000000044/3.580247/0224/R000000031/R000000045
R000000041/3.978053/0231/R000000042/R000000044
R000000046/3.854596/0231/M000000005/R000000044
R000000041/4.282884/0287/R000000046
R000000040/5.531170/0112/R000000041/R000000028
R000000047/4.282884/0074/R000000046
R000000047/5.531170/0112/R000000041/R000000009
R000000048/1.000000/0000/Guesstimate
R000000040/5.869872/0138/R000000047/R000000048
R000000024/6.145744/0099/R000000040
<NEXT>