#
#  Reaction log file
#  Author: LigBuilder V3 User_Diana
#  Creation time: Thu Apr  9 17:05:02 2026
#  Format:
#  QueryMoleculeId/Cost/SynthesizeId/ReactantId1/ReactantId2/ReactantId3.....
#  Id prefix:
#  Q --- Query Molecule
#  M --- Material
#  R --- Reactant
#
Directory      result/synthesize_PfHDAC1/89/DATABASE/
#
Q000000001/5.212621/0000/R000000001
M000000003/1.000000/0000/Sigma_BB-28666393
R000000004/1.000000/0000/Guesstimate
R000000002/2.222222/0119/M000000003/R000000004
M000000006/1.000000/0000/Sigma_BB-27094379
R000000005/2.222222/0119/M000000006/R000000004
R000000007/1.000000/0000/Guesstimate
R000000005/2.222222/0276/M000000006/R000000007
R000000002/2.469136/0044/R000000005
R000000010/1.000000/0000/Guesstimate
R000000011/1.000000/0000/Guesstimate
R000000009/2.222222/0285/R000000010/R000000011
R000000008/2.469136/0279/R000000009
R000000008/2.469136/0279/R000000009
R000000001/5.212621/0119/R000000002/R000000008
R000000012/3.854596/0119/M000000003/R000000008
M000000014/1.000000/0000/Sigma_BB-28667339
R000000013/3.854596/0119/M000000014/R000000008
R000000013/3.854596/0280/M000000014/R000000008
R000000012/4.282884/0153/R000000013
R000000001/5.393995/0119/R000000012/R000000004
Q000000002/Analysis Failed
Q000000003/Analysis Failed
<NEXT>