#
#  Reaction log file
#  Author: LigBuilder V3 User_Diana
#  Creation time: Thu Apr  9 17:08:06 2026
#  Format:
#  QueryMoleculeId/Cost/SynthesizeId/ReactantId1/ReactantId2/ReactantId3.....
#  Id prefix:
#  Q --- Query Molecule
#  M --- Material
#  R --- Reactant
#
Directory      result/synthesize_PfHDAC1/204/DATABASE/
#
Q000000001/Analysis Failed
Q000000002/Analysis Failed
Q000000003/Analysis Failed
Q000000004/5.654626/0000/R000000001
R000000005/1.000000/0000/Guesstimate
R000000006/1.000000/0000/Guesstimate
R000000004/2.222222/0004/R000000005/R000000006
R000000007/1.000000/0000/Guesstimate
R000000003/3.580247/0170/R000000004/R000000007
R000000010/1.000000/0000/Guesstimate
R000000011/1.000000/0000/Guesstimate
R000000009/2.222222/0170/R000000010/R000000011
R000000012/1.000000/0000/Guesstimate
R000000009/2.222222/0170/R000000012/R000000007
R000000008/2.469136/0024/R000000009
R000000014/1.000000/0000/Guesstimate
R000000013/2.222222/0170/R000000014/R000000011
R000000015/1.000000/0000/Guesstimate
R000000013/2.222222/0170/R000000015/R000000007
R000000008/2.469136/0040/R000000013
R000000003/3.854596/0004/R000000005/R000000008
M000000016/1.000000/0000/Sigma_BB-28762337
R000000002/5.089163/0224/R000000003/M000000016
R000000018/2.222222/0224/R000000005/R000000014
R000000019/1.000000/0000/Guesstimate
R000000017/3.580247/0004/R000000018/R000000019
R000000021/1.000000/0000/Guesstimate
R000000020/3.580247/0277/R000000018/R000000021
R000000020/3.580247/0301/R000000018/R000000010
R000000017/3.978053/0024/R000000020
R000000002/6.721537/0004/R000000017/R000000008
R000000001/5.654626/0212/R000000002
R000000001/5.654626/0212/R000000002
<NEXT>