#
#  Reaction log file
#  Author: LigBuilder V3 User_Diana
#  Creation time: Thu Apr  9 17:02:15 2026
#  Format:
#  QueryMoleculeId/Cost/SynthesizeId/ReactantId1/ReactantId2/ReactantId3.....
#  Id prefix:
#  Q --- Query Molecule
#  M --- Material
#  R --- Reactant
#
Directory      result/synthesize_PfHDAC1/21/DATABASE/
#
Q000000001/4.420059/0000/R000000001
M000000005/1.000000/0000/Sigma_BB-28788714
R000000006/1.000000/0000/Guesstimate
R000000004/2.222222/0004/M000000005/R000000006
R000000003/2.469136/0153/R000000004
R000000008/1.000000/0000/Guesstimate
R000000009/1.000000/0000/Guesstimate
R000000007/2.222222/0012/R000000008/R000000009
R000000010/1.000000/0000/Guesstimate
R000000011/1.000000/0000/Guesstimate
R000000007/2.222222/0112/R000000010/R000000011
R000000013/1.000000/0000/Guesstimate
R000000015/1.000000/0000/Guesstimate
R000000016/1.000000/0000/Guesstimate
R000000014/2.222222/0004/R000000015/R000000016
R000000014/2.222222/0277/R000000015/R000000016
R000000012/3.580247/0049/R000000013/R000000014
R000000017/7.200000/0000/Guesstimate
R000000012/8.000000/0082/R000000017
R000000003/6.447188/0159/R000000007/R000000012
R000000019/1.000000/0000/Guesstimate
R000000018/1.111111/0287/R000000019
R000000020/7.400000/0000/Guesstimate
R000000018/8.222222/0197/R000000020
R000000002/3.978053/0112/R000000003/R000000018
M000000023/1.000000/0000/Sigma_BB-187814549
R000000022/2.222222/0004/M000000023/R000000006
R000000021/2.469136/0153/R000000022
R000000024/7.200000/0000/Guesstimate
R000000021/8.000000/0287/R000000024
R000000027/1.000000/0000/Guesstimate
R000000026/2.222222/0174/R000000027/R000000019
R000000026/2.345679/0112/R000000027/R000000018
R000000025/2.469136/0197/R000000026
R000000025/8.222222/0091/R000000020
R000000002/5.486969/0112/R000000021/R000000025
R000000001/4.420059/0025/R000000002
R000000031/1.000000/0000/Guesstimate
R000000030/2.222222/0012/R000000031/R000000009
R000000032/1.000000/0000/Guesstimate
R000000030/2.222222/0112/R000000032/R000000011
R000000034/1.000000/0000/Guesstimate
R000000033/1.111111/0283/R000000034
R000000035/1.000000/0000/Guesstimate
R000000036/1.000000/0000/Guesstimate
R000000033/2.222222/0112/R000000035/R000000036
R000000029/3.703704/0159/R000000030/R000000033
R000000028/4.115227/0156/R000000029
R000000028/6.447188/0159/R000000030/R000000012
R000000001/4.572474/0024/R000000028
Q000000002/4.420059/0000/R000000001
Q000000003/3.048316/0000/R000000037
M000000041/1.000000/0000/Sigma_BB-28841144
R000000042/1.000000/0000/Guesstimate
R000000040/2.222222/0018/M000000041/R000000042
R000000039/2.469136/0155/R000000040
R000000039/2.469136/0155/R000000040
R000000038/2.743484/0156/R000000039
M000000045/1.000000/0000/Sigma_BB-28779625
R000000046/1.000000/0000/Guesstimate
R000000044/2.222222/0002/M000000045/R000000046
R000000047/1.000000/0000/Guesstimate
R000000043/3.580247/0119/R000000044/R000000047
R000000049/1.000000/0000/Guesstimate
R000000048/3.580247/0212/R000000049/R000000044
R000000048/3.580247/0212/R000000049/R000000044
R000000043/3.978053/0260/R000000048
R000000038/3.978053/0147/R000000043
R000000037/3.048316/0024/R000000038
R000000052/2.469136/0086/R000000044
R000000052/2.469136/0091/R000000044
R000000051/2.743484/0147/R000000052
R000000056/1.000000/0000/Guesstimate
R000000057/1.000000/0000/Guesstimate
R000000055/2.222222/0122/R000000056/R000000057
R000000054/2.469136/0294/R000000055
R000000054/2.743484/0193/R000000039
R000000053/3.854596/0112/R000000027/R000000054
R000000051/4.282884/0197/R000000053
R000000050/4.282884/0112/R000000051/R000000018
R000000050/5.486969/0112/R000000025/R000000054
R000000037/4.758760/0025/R000000050
Q000000004/4.282884/0000/R000000058
R000000062/1.000000/0000/Guesstimate
R000000061/2.222222/0122/R000000056/R000000062
R000000060/2.469136/0294/R000000061
R000000063/2.469136/0228/R000000061
R000000063/2.469136/0286/R000000061
R000000060/2.743484/0296/R000000063
R000000059/3.854596/0112/R000000011/R000000060
R000000064/3.854596/0122/R000000009/R000000060
R000000066/1.000000/0000/Guesstimate
R000000065/3.854596/0301/R000000066/R000000060
R000000065/3.854596/0301/R000000066/R000000060
R000000064/4.282884/0139/R000000065
R000000059/4.282884/0082/R000000064
R000000058/4.282884/0040/R000000059
R000000067/5.486969/0112/R000000025/R000000060
R000000058/6.096632/0025/R000000067
<NEXT>