#
#  Reaction log file
#  Author: LigBuilder V3 User_Diana
#  Creation time: Thu Apr  9 17:06:16 2026
#  Format:
#  QueryMoleculeId/Cost/SynthesizeId/ReactantId1/ReactantId2/ReactantId3.....
#  Id prefix:
#  Q --- Query Molecule
#  M --- Material
#  R --- Reactant
#
Directory      result/synthesize_PfHDAC1/143/DATABASE/
#
Q000000001/3.978053/0000/R000000001
M000000004/1.000000/0000/Sigma_BB-28760249
R000000005/1.000000/0000/Guesstimate
R000000003/2.222222/0175/M000000004/R000000005
M000000007/1.000000/0000/Sigma_BB-88360669
R000000006/2.222222/0112/M000000007/R000000005
R000000006/2.222222/0174/M000000004/R000000005
R000000003/2.469136/0147/R000000006
R000000008/1.000000/0000/Guesstimate
R000000002/3.580247/0175/R000000003/R000000008
M000000011/1.000000/0000/Sigma_BB-28798855
R000000012/1.000000/0000/Guesstimate
R000000010/2.222222/0003/M000000011/R000000012
M000000013/1.000000/0000/Sigma_BB-128344305
R000000014/1.000000/0000/Guesstimate
R000000010/2.222222/0049/M000000013/R000000014
R000000009/2.469136/0041/R000000010
R000000015/2.222222/0112/M000000011/R000000008
R000000015/2.222222/0174/M000000004/R000000008
R000000009/2.469136/0147/R000000015
R000000002/3.854596/0175/R000000009/R000000005
R000000001/3.978053/0139/R000000002
M000000019/1.000000/0000/Sigma_BB-28830366
R000000018/2.222222/0004/M000000011/M000000019
R000000017/2.469136/0197/R000000018
R000000016/3.854596/0175/R000000017/R000000005
R000000016/3.854596/0290/R000000017/R000000005
R000000001/4.282884/0028/R000000016
Q000000002/5.654626/0000/R000000020
M000000024/1.000000/0000/Sigma_BB-28827589
R000000023/2.222222/0004/M000000007/M000000024
R000000025/1.000000/0000/Guesstimate
R000000026/1.000000/0000/Guesstimate
R000000023/3.333333/0225/M000000007/R000000025/R000000026
R000000027/1.000000/0000/Guesstimate
R000000022/3.580247/0212/R000000023/R000000027
R000000029/1.000000/0000/Guesstimate
R000000028/3.333333/0225/M000000007/R000000029/R000000026
R000000028/3.333333/0225/M000000007/R000000029/R000000026
R000000030/1.000000/0000/Guesstimate
R000000022/4.814815/0212/R000000028/R000000030
R000000021/5.089163/0175/R000000022/R000000008
R000000021/5.089163/0290/R000000022/R000000008
R000000020/5.654626/0139/R000000021
M000000034/1.000000/0000/Sigma_BB-135809836
R000000035/1.000000/0000/Guesstimate
R000000033/2.222222/0231/M000000034/R000000035
R000000032/3.580247/0112/R000000033/R000000005
R000000036/3.580247/0175/R000000006/R000000008
R000000036/3.854596/0174/R000000009/R000000005
R000000032/3.978053/0139/R000000036
R000000039/1.000000/0000/Guesstimate
R000000038/1.111111/0228/R000000039
R000000040/1.000000/0000/Guesstimate
R000000041/1.000000/0000/Guesstimate
R000000038/2.222222/0277/R000000040/R000000041
R000000037/1.234568/0024/R000000038
R000000037/2.222222/0004/R000000014/R000000041
R000000031/5.349795/0049/R000000032/R000000037
R000000043/3.978053/0233/R000000032
R000000043/3.978053/0258/R000000032
R000000042/4.420059/0155/R000000043
R000000044/4.691358/0225/R000000033/R000000029/R000000026
R000000044/4.691358/0225/R000000033/R000000029/R000000026
R000000042/5.212620/0197/R000000044
R000000045/1.000000/0000/Guesstimate
R000000031/6.022288/0112/R000000042/R000000045
R000000020/5.944217/0147/R000000031
Q000000003/3.978053/0000/R000000001
<NEXT>