#
#  Reaction log file
#  Author: LigBuilder V3 User_Diana
#  Creation time: Thu Apr  9 17:08:23 2026
#  Format:
#  QueryMoleculeId/Cost/SynthesizeId/ReactantId1/ReactantId2/ReactantId3.....
#  Id prefix:
#  Q --- Query Molecule
#  M --- Material
#  R --- Reactant
#
Directory      result/synthesize_PfHDAC1/207/DATABASE/
#
Q000000001/Analysis Failed
Q000000002/5.502210/0000/R000000001
M000000005/1.000000/0000/Sigma_BB-28825825
R000000004/1.111111/0114/M000000005
R000000006/1.000000/0000/Guesstimate
R000000003/3.456790/0242/R000000004/R000000006/R000000006
R000000007/1.000000/0000/Guesstimate
R000000002/4.951989/0003/R000000003/R000000007
R000000008/3.840878/0118/R000000003
R000000009/1.000000/0000/Guesstimate
R000000008/4.951989/0112/R000000003/R000000009
R000000010/1.000000/0000/Guesstimate
R000000002/5.378754/0049/R000000008/R000000010
R000000001/5.502210/0059/R000000002
M000000014/1.000000/0000/Sigma_BB-28760952
R000000013/1.111111/0114/M000000014
R000000012/3.456790/0242/R000000013/R000000006/R000000006
R000000015/1.000000/0000/Guesstimate
R000000011/4.951989/0003/R000000012/R000000015
R000000016/3.840878/0086/R000000012
R000000016/3.840878/0091/R000000012
R000000017/1.000000/0000/Guesstimate
R000000011/5.378754/0112/R000000016/R000000017
R000000001/5.502210/0147/R000000011
Q000000003/5.502210/0000/R000000001
Q000000004/5.502210/0000/R000000001
<NEXT>