#
#  Reaction log file
#  Author: LigBuilder V3 User_Diana
#  Creation time: Thu Apr  9 17:10:19 2026
#  Format:
#  QueryMoleculeId/Cost/SynthesizeId/ReactantId1/ReactantId2/ReactantId3.....
#  Id prefix:
#  Q --- Query Molecule
#  M --- Material
#  R --- Reactant
#
Directory      result/synthesize_PfHDAC1/275/DATABASE/
#
Q000000001/4.282884/0000/R000000001
M000000003/1.000000/0000/Sigma_BB-28426400
M000000006/1.000000/0000/Sigma_BB-28764950
R000000007/1.000000/0000/Guesstimate
R000000005/2.222222/0212/M000000006/R000000007
R000000005/2.222222/0212/M000000006/R000000007
R000000004/2.469136/0087/R000000005
R000000009/1.000000/0000/Guesstimate
R000000008/3.580247/0004/R000000009/R000000005
R000000004/3.978053/0197/R000000008
R000000002/3.854596/0175/M000000003/R000000004
M000000011/1.000000/0000/Sigma_BB-30391580
R000000012/1.000000/0000/Guesstimate
R000000010/2.222222/0004/M000000011/R000000012
R000000014/1.000000/0000/Guesstimate
R000000013/2.222222/0175/M000000003/R000000014
R000000013/2.222222/0290/M000000003/R000000014
R000000010/2.469136/0024/R000000013
R000000016/2.743484/0079/R000000004
R000000017/1.000000/0000/Guesstimate
R000000016/3.854596/0112/R000000004/R000000017
R000000015/3.048316/0040/R000000016
R000000019/1.000000/0000/Guesstimate
R000000018/3.854596/0276/R000000004/R000000019
R000000018/3.854596/0278/R000000004/R000000019
R000000015/4.282884/0024/R000000018
R000000002/5.856154/0212/R000000010/R000000015
R000000001/4.282884/0028/R000000002
R000000022/1.111111/0085/M000000006
R000000021/2.345679/0212/R000000022/R000000007
R000000021/2.345679/0212/R000000022/R000000007
R000000020/5.075447/0212/R000000010/R000000021
R000000020/5.075447/0212/R000000010/R000000021
R000000001/5.639385/0028/R000000020
Q000000002/4.007011/0000/R000000023
R000000026/1.000000/0000/Guesstimate
M000000028/1.000000/0000/Sigma_BB-27948280
R000000027/1.111111/0153/M000000028
R000000029/1.111111/0091/M000000028
R000000027/1.234568/0154/R000000029
R000000025/2.345679/0231/R000000026/R000000027
R000000031/1.000000/0000/Guesstimate
R000000030/2.345679/0231/R000000031/R000000027
R000000025/2.606310/0039/R000000030
R000000024/2.606310/0024/R000000025
R000000033/1.000000/0000/Guesstimate
R000000032/2.345679/0231/R000000033/R000000027
R000000035/1.000000/0000/Guesstimate
R000000034/2.345679/0231/R000000035/R000000027
R000000032/2.606310/0197/R000000034
R000000024/3.717421/0004/R000000032/R000000012
R000000036/1.000000/0000/Guesstimate
R000000023/4.007011/0119/R000000024/R000000036
R000000039/1.000000/0000/Guesstimate
R000000040/1.000000/0000/Guesstimate
R000000038/2.222222/0122/R000000039/R000000040
R000000042/1.000000/0000/Guesstimate
R000000041/2.222222/0301/R000000042/R000000040
R000000041/2.222222/0301/R000000042/R000000040
R000000038/2.469136/0139/R000000041
R000000037/3.703704/0231/R000000038/R000000027
M000000044/1.000000/0000/Sigma_BB-29509312
R000000043/3.580247/0231/R000000038/M000000044
M000000046/1.000000/0000/Sigma_BB-136290300
R000000045/3.580247/0231/R000000038/M000000046
R000000043/3.978053/0299/R000000045
R000000037/3.978053/0287/R000000043
R000000023/4.115227/0039/R000000037
Q000000003/4.007011/0000/R000000023
<NEXT>