#
#  Reaction log file
#  Author: LigBuilder V3 User_Diana
#  Creation time: Thu Apr  9 17:10:49 2026
#  Format:
#  QueryMoleculeId/Cost/SynthesizeId/ReactantId1/ReactantId2/ReactantId3.....
#  Id prefix:
#  Q --- Query Molecule
#  M --- Material
#  R --- Reactant
#
Directory      result/synthesize_PfHDAC1/289/DATABASE/
#
Q000000001/4.299819/0000/R000000001
M000000004/1.000000/0000/Sigma_BB-28760249
M000000007/1.000000/0000/Sigma_BB-30485142
R000000006/1.111111/0198/M000000007
R000000008/1.000000/0000/Guesstimate
R000000009/1.000000/0000/Guesstimate
R000000006/2.222222/0004/R000000008/R000000009
R000000005/1.234568/0086/R000000006
R000000005/1.234568/0091/R000000006
R000000003/2.482853/0175/M000000004/R000000005
M000000011/1.000000/0000/Sigma_BB-88360669
R000000010/2.482853/0112/M000000011/R000000005
R000000010/2.482853/0174/M000000004/R000000005
R000000003/2.758726/0147/R000000010
R000000012/1.000000/0000/Guesstimate
R000000002/3.869837/0175/R000000003/R000000012
M000000015/1.000000/0000/Sigma_BB-28798855
R000000016/1.000000/0000/Guesstimate
R000000014/2.222222/0003/M000000015/R000000016
M000000017/1.000000/0000/Sigma_BB-128344305
R000000018/1.000000/0000/Guesstimate
R000000014/2.222222/0049/M000000017/R000000018
R000000013/2.469136/0041/R000000014
R000000019/2.222222/0112/M000000015/R000000012
R000000019/2.222222/0174/M000000004/R000000012
R000000013/2.469136/0147/R000000019
R000000002/4.115227/0175/R000000013/R000000005
R000000001/4.299819/0139/R000000002
M000000023/1.000000/0000/Sigma_BB-28830366
R000000022/2.222222/0004/M000000015/M000000023
R000000021/2.469136/0197/R000000022
R000000020/4.115227/0175/R000000021/R000000005
R000000020/4.115227/0290/R000000021/R000000005
R000000001/4.572474/0028/R000000020
Q000000002/4.282884/0000/R000000024
M000000026/1.000000/0000/Sigma_BB-29509312
R000000029/1.000000/0000/Guesstimate
R000000030/1.000000/0000/Guesstimate
R000000028/2.222222/0003/R000000029/R000000030
R000000031/1.000000/0000/Guesstimate
R000000032/1.000000/0000/Guesstimate
R000000028/2.222222/0226/R000000031/R000000032
R000000027/2.469136/0224/R000000028
R000000034/1.000000/0000/Guesstimate
R000000033/2.222222/0224/R000000034/R000000030
R000000027/2.469136/0301/R000000033
R000000025/3.854596/0231/M000000026/R000000027
M000000035/1.000000/0000/Sigma_BB-29509005
R000000025/3.854596/0279/M000000035/R000000027
R000000024/4.282884/0013/R000000025
R000000038/1.000000/0000/Guesstimate
R000000040/1.000000/0000/Guesstimate
R000000039/3.854596/0279/R000000040/R000000027
R000000039/3.854596/0279/R000000040/R000000027
R000000037/5.393995/0012/R000000038/R000000039
R000000041/1.000000/0000/Guesstimate
R000000043/1.000000/0000/Guesstimate
R000000042/3.854596/0279/R000000043/R000000027
R000000044/1.000000/0000/Guesstimate
R000000042/5.393995/0012/R000000039/R000000044
R000000037/5.393995/0279/R000000041/R000000042
R000000036/7.104439/0159/R000000037/R000000008
R000000046/1.000000/0000/Guesstimate
R000000047/2.743484/0082/R000000027
R000000049/8.300000/0000/Guesstimate
R000000048/9.222222/0228/R000000049
R000000050/8.500000/0000/Guesstimate
R000000048/9.444445/0155/R000000050
R000000047/9.222222/0118/R000000048
R000000045/4.159427/0012/R000000046/R000000047
R000000052/1.000000/0000/Guesstimate
R000000051/3.854596/0279/R000000052/R000000027
R000000051/4.282884/0147/R000000042
R000000045/4.282884/0082/R000000051
R000000055/1.000000/0000/Guesstimate
R000000056/1.000000/0000/Guesstimate
R000000054/2.222222/0279/R000000055/R000000056
R000000054/2.222222/0279/R000000055/R000000056
R000000053/2.469136/0079/R000000054
R000000058/1.000000/0000/Guesstimate
R000000057/2.222222/0279/R000000055/R000000058
R000000057/2.222222/0279/R000000055/R000000058
R000000053/2.469136/0082/R000000057
R000000036/7.365070/0159/R000000045/R000000053
R000000024/7.893822/0041/R000000036
Q000000003/4.420058/0000/R000000059
M000000063/1.000000/0000/Sigma_BB-28760241
R000000062/1.111111/0287/M000000063
M000000064/1.000000/0000/Sigma_BB-371180382
R000000062/1.111111/0299/M000000064
R000000065/1.000000/0000/Guesstimate
R000000061/2.345679/0119/R000000062/R000000065
M000000067/1.000000/0000/Sigma_BB-27113924
R000000068/1.000000/0000/Guesstimate
R000000066/2.222222/0112/M000000067/R000000068
M000000069/1.000000/0000/Sigma_BB-28945063
R000000066/2.222222/0174/M000000069/R000000068
R000000061/2.469136/0153/R000000066
M000000072/1.000000/0000/Sigma_BB-28836764
R000000071/1.111111/0093/M000000072
R000000073/1.000000/0000/Guesstimate
R000000074/1.000000/0000/Guesstimate
R000000071/2.222222/0004/R000000073/R000000074
R000000070/1.234568/0086/R000000071
R000000076/1.000000/0000/Guesstimate
R000000077/1.000000/0000/Guesstimate
R000000075/2.222222/0012/R000000076/R000000077
R000000078/1.000000/0000/Guesstimate
R000000079/1.000000/0000/Guesstimate
R000000075/2.222222/0095/R000000078/R000000079
R000000070/2.469136/0041/R000000075
R000000060/3.978052/0112/R000000061/R000000070
R000000082/2.222222/0119/M000000063/R000000065
R000000082/2.222222/0280/M000000063/R000000065
R000000081/3.580247/0175/R000000082/R000000068
R000000085/1.000000/0000/Guesstimate
R000000084/2.222222/0175/M000000063/R000000085
R000000084/2.222222/0290/M000000063/R000000085
R000000083/3.580247/0119/R000000084/R000000065
R000000083/3.580247/0175/R000000082/R000000085
R000000081/3.978053/0040/R000000083
R000000080/3.978053/0085/R000000081
R000000086/3.978053/0087/R000000081
R000000087/1.000000/0000/Guesstimate
R000000080/5.531170/0275/R000000086/R000000087
R000000088/1.000000/0000/Guesstimate
R000000060/5.531170/0049/R000000080/R000000088
R000000059/4.420058/0099/R000000060
R000000092/2.222222/0174/M000000026/R000000068
R000000092/2.222222/0289/M000000026/R000000068
R000000091/2.469136/0153/R000000092
R000000094/1.000000/0000/Guesstimate
R000000093/2.222222/0174/M000000026/R000000094
R000000093/2.222222/0289/M000000026/R000000094
R000000091/2.469136/0154/R000000093
R000000095/1.000000/0000/Guesstimate
R000000090/3.854596/0231/R000000091/R000000095
R000000097/3.580247/0175/R000000082/R000000012
R000000097/3.978053/0041/R000000083
R000000096/3.978053/0139/R000000097
M000000099/1.000000/0000/Sigma_BB-48767194
R000000098/3.580247/0175/R000000082/M000000099
R000000100/1.000000/0000/Guesstimate
R000000098/5.089163/0224/R000000083/R000000100
R000000096/3.978053/0150/R000000098
R000000090/5.531170/0279/R000000096/R000000095
R000000101/1.000000/0000/Guesstimate
R000000089/5.393995/0112/R000000090/R000000101
R000000104/1.000000/0000/Guesstimate
R000000103/3.854596/0231/R000000091/R000000104
R000000103/5.531170/0279/R000000096/R000000104
R000000102/4.282884/0079/R000000103
R000000106/1.000000/0000/Guesstimate
R000000105/3.854596/0231/R000000091/R000000106
R000000105/5.531170/0279/R000000096/R000000106
R000000102/4.282884/0082/R000000105
R000000089/5.869872/0012/R000000102/R000000077
R000000059/5.993328/0041/R000000089
<NEXT>