#
#  Reaction log file
#  Author: LigBuilder V3 User_Diana
#  Creation time: Thu Apr  9 17:10:45 2026
#  Format:
#  QueryMoleculeId/Cost/SynthesizeId/ReactantId1/ReactantId2/ReactantId3.....
#  Id prefix:
#  Q --- Query Molecule
#  M --- Material
#  R --- Reactant
#
Directory      result/synthesize_PfHDAC1/285/DATABASE/
#
Q000000001/2.743484/0000/R000000001
M000000004/1.000000/0000/Sigma_BB-28760241
R000000005/1.000000/0000/Guesstimate
R000000003/2.222222/0003/M000000004/R000000005
R000000007/1.000000/0000/Guesstimate
R000000006/2.222222/0001/M000000004/R000000007
R000000008/1.000000/0000/Guesstimate
R000000006/2.222222/0003/M000000004/R000000008
R000000009/1.000000/0000/Guesstimate
R000000003/3.580247/0042/R000000006/R000000009
R000000002/2.469136/0099/R000000003
M000000011/1.000000/0000/Sigma_BB-28945063
R000000013/1.000000/0000/Guesstimate
R000000014/1.000000/0000/Guesstimate
R000000012/2.222222/0004/R000000013/R000000014
R000000015/1.000000/0000/Guesstimate
R000000016/1.000000/0000/Guesstimate
R000000012/2.222222/0004/R000000015/R000000016
R000000010/3.580247/0003/M000000011/R000000012
M000000017/1.000000/0000/Sigma_BB-28200223
R000000019/1.000000/0000/Guesstimate
R000000018/2.222222/0004/R000000019/R000000005
R000000018/2.222222/0277/R000000019/R000000005
R000000010/3.580247/0049/M000000017/R000000018
R000000002/3.978053/0099/R000000010
R000000001/2.743484/0013/R000000002
M000000023/1.000000/0000/Sigma_BB-27092316
R000000022/1.111111/0013/M000000023
R000000021/1.234568/0009/R000000022
R000000024/1.111111/0013/M000000011
M000000025/1.000000/0000/Sigma_BB-31583678
R000000024/1.111111/0299/M000000025
R000000026/1.000000/0000/Guesstimate
R000000021/2.345679/0003/R000000024/R000000026
M000000029/1.000000/0000/Sigma_BB-28764950
R000000028/1.111111/0197/M000000029
M000000030/1.000000/0000/Sigma_BB-28769104
R000000027/2.345679/0212/R000000028/M000000030
R000000031/2.222222/0212/M000000029/M000000030
R000000031/2.222222/0212/M000000029/M000000030
R000000027/2.469136/0197/R000000031
R000000020/3.978052/0122/R000000021/R000000027
R000000020/3.978052/0122/R000000021/R000000027
R000000001/4.420058/0028/R000000020
Q000000002/2.743484/0000/R000000032
R000000035/1.000000/0000/Guesstimate
R000000034/2.222222/0003/M000000004/R000000035
R000000037/1.000000/0000/Guesstimate
R000000036/2.222222/0049/R000000019/R000000037
R000000038/1.000000/0000/Guesstimate
R000000036/2.222222/0112/R000000038/R000000035
M000000040/1.000000/0000/Sigma_BB-28766735
R000000039/1.111111/0085/M000000040
R000000039/2.222222/0004/M000000011/R000000019
R000000034/3.703704/0049/R000000036/R000000039
R000000033/2.469136/0099/R000000034
R000000043/1.000000/0000/Guesstimate
R000000044/1.000000/0000/Guesstimate
R000000042/2.222222/0225/R000000043/R000000044
R000000042/2.469136/0040/R000000036
R000000041/3.580247/0003/M000000011/R000000042
R000000045/2.222222/0004/R000000019/R000000035
R000000045/2.222222/0277/R000000019/R000000035
R000000041/3.580247/0049/M000000017/R000000045
R000000033/3.978053/0099/R000000041
R000000032/2.743484/0013/R000000033
M000000049/1.000000/0000/Sigma_BB-28465307
R000000048/1.111111/0125/M000000049
R000000048/2.222222/0112/M000000049/R000000038
R000000047/2.345679/0003/R000000026/R000000048
R000000051/2.222222/0003/R000000026/M000000049
M000000052/1.000000/0000/Sigma_BB-28836051
R000000051/2.222222/0049/R000000019/M000000052
R000000053/1.000000/0000/Guesstimate
R000000050/3.580247/0004/R000000051/R000000053
R000000047/3.978053/0009/R000000050
R000000046/3.717421/0122/R000000047/R000000035
R000000054/3.580247/0122/R000000051/R000000035
R000000054/3.580247/0122/R000000051/R000000035
R000000046/5.089163/0112/R000000054/R000000038
R000000032/4.130468/0041/R000000046
Q000000003/4.115227/0000/R000000055
R000000058/1.000000/0000/Guesstimate
R000000057/2.222222/0003/M000000004/R000000058
R000000060/1.000000/0000/Guesstimate
R000000059/2.222222/0003/M000000004/R000000060
R000000061/1.000000/0000/Guesstimate
R000000059/2.345679/0049/R000000039/R000000061
R000000057/2.469136/0039/R000000059
R000000063/1.000000/0000/Guesstimate
R000000062/1.111111/0040/R000000063
R000000064/1.000000/0000/Guesstimate
R000000062/2.222222/0004/R000000019/R000000064
R000000056/3.703704/0049/R000000057/R000000062
M000000067/1.000000/0000/Sigma_BB-28775694
M000000068/1.000000/0000/Sigma_BB-70704414
R000000066/2.222222/0212/M000000067/M000000068
R000000066/2.222222/0212/M000000067/M000000068
R000000065/2.469136/0155/R000000066
R000000069/1.234568/0093/R000000039
M000000070/1.000000/0000/Sigma_BB-28247348
R000000069/2.345679/0212/R000000039/M000000070
R000000071/1.000000/0000/Guesstimate
R000000065/2.482853/0119/R000000069/R000000071
R000000072/1.000000/0000/Guesstimate
R000000056/3.854596/0112/R000000065/R000000072
R000000055/4.115227/0099/R000000056
R000000076/1.000000/0000/Guesstimate
R000000075/2.222222/0003/R000000076/R000000060
R000000077/1.000000/0000/Guesstimate
R000000078/1.000000/0000/Guesstimate
R000000075/2.222222/0112/R000000077/R000000078
R000000074/2.469136/0099/R000000075
R000000080/1.000000/0000/Guesstimate
R000000079/2.222222/0003/R000000080/R000000078
R000000081/1.000000/0000/Guesstimate
R000000079/2.222222/0277/R000000081/R000000078
R000000074/2.469136/0099/R000000079
M000000082/1.000000/0000/Sigma_BB-29509312
R000000073/3.854596/0231/R000000074/M000000082
R000000083/1.000000/0000/Guesstimate
R000000086/1.000000/0000/Guesstimate
R000000085/2.222222/0122/R000000086/R000000078
R000000084/3.580247/0231/M000000082/R000000085
M000000088/1.000000/0000/Sigma_BB-136290300
R000000087/3.580247/0231/M000000088/R000000085
R000000084/3.978053/0299/R000000087
R000000073/5.089163/0279/R000000083/R000000084
R000000055/4.282884/0039/R000000073
Q000000004/2.743484/0000/R000000089
R000000092/1.000000/0000/Guesstimate
R000000091/2.222222/0231/M000000082/R000000092
M000000093/1.000000/0000/Sigma_BB-29509005
R000000091/2.222222/0279/M000000093/R000000092
R000000090/2.469136/0082/R000000091
M000000096/1.000000/0000/Sigma_BB-234543042
R000000095/1.111111/0091/M000000096
R000000097/1.000000/0000/Guesstimate
R000000095/2.222222/0231/M000000082/R000000097
R000000094/1.234568/0079/R000000095
R000000094/2.222222/0012/M000000017/R000000086
R000000090/2.482853/0012/R000000094/R000000086
R000000089/2.743484/0041/R000000090
R000000099/1.111111/0009/M000000023
R000000099/2.222222/0003/M000000011/R000000026
R000000101/1.234568/0085/R000000028
R000000102/1.000000/0000/Guesstimate
R000000100/2.482853/0212/R000000101/R000000102
R000000104/1.000000/0000/Guesstimate
R000000103/2.345679/0004/R000000028/R000000104
R000000103/2.345679/0277/R000000028/R000000104
R000000100/2.606310/0197/R000000103
R000000098/3.993294/0122/R000000099/R000000100
R000000098/3.993294/0122/R000000099/R000000100
R000000089/4.436994/0028/R000000098
<NEXT>