#
#  Reaction log file
#  Author: LigBuilder V3 User_Diana
#  Creation time: Thu Apr  9 17:11:13 2026
#  Format:
#  QueryMoleculeId/Cost/SynthesizeId/ReactantId1/ReactantId2/ReactantId3.....
#  Id prefix:
#  Q --- Query Molecule
#  M --- Material
#  R --- Reactant
#
Directory      result/synthesize_PfHDAC1/294/DATABASE/
#
Q000000001/4.420059/0000/R000000001
M000000004/1.000000/0000/Sigma_BB-28945063
R000000006/1.000000/0000/Guesstimate
R000000007/1.000000/0000/Guesstimate
R000000005/2.222222/0224/R000000006/R000000007
R000000009/1.000000/0000/Guesstimate
R000000008/2.222222/0224/R000000009/R000000007
R000000010/2.469136/0197/R000000005
R000000011/8.600000/0000/Guesstimate
R000000010/9.555556/0155/R000000011
R000000008/9.100000/0125/R000000010
R000000005/2.469136/0040/R000000008
R000000003/3.580247/0003/M000000004/R000000005
M000000013/1.000000/0000/Sigma_BB-28757047
R000000012/1.111111/0114/M000000013
M000000014/1.000000/0000/Sigma_BB-28799055
R000000012/1.111111/0155/M000000014
R000000015/2.469136/0086/R000000005
R000000015/2.469136/0091/R000000005
R000000003/3.978053/0112/R000000012/R000000015
R000000002/3.978053/0099/R000000003
M000000018/1.000000/0000/Sigma_BB-28766735
R000000017/1.111111/0085/M000000018
R000000019/1.000000/0000/Guesstimate
R000000017/2.222222/0004/M000000004/R000000019
R000000016/3.703704/0049/R000000008/R000000017
R000000021/1.000000/0000/Guesstimate
R000000020/2.222222/0224/R000000021/R000000007
M000000023/1.000000/0000/Sigma_BB-28760241
R000000022/1.111111/0091/M000000023
M000000024/1.000000/0000/Sigma_BB-326697832
R000000022/1.111111/0299/M000000024
R000000016/3.703704/0112/R000000020/R000000022
R000000002/4.115227/0099/R000000016
R000000001/4.420059/0013/R000000002
R000000028/1.000000/0000/Guesstimate
M000000029/1.000000/0000/Sigma_BB-28836051
R000000027/2.222222/0012/R000000028/M000000029
R000000027/2.222222/0146/R000000028/M000000029
R000000026/3.580247/0224/R000000027/R000000007
R000000031/1.000000/0000/Guesstimate
R000000030/2.222222/0224/R000000031/R000000007
M000000033/1.000000/0000/Sigma_BB-27948280
R000000032/1.111111/0153/M000000033
M000000034/1.000000/0000/Sigma_BB-29509312
R000000032/1.111111/0287/M000000034
R000000026/3.703704/0231/R000000030/R000000032
R000000035/1.000000/0000/Guesstimate
R000000025/5.089163/0112/R000000026/R000000035
R000000037/1.000000/0000/Guesstimate
M000000039/1.000000/0000/Sigma_BB-28465307
R000000038/1.111111/0125/M000000039
R000000038/2.222222/0112/M000000039/R000000035
R000000036/2.345679/0003/R000000037/R000000038
R000000041/2.222222/0003/R000000037/M000000039
R000000041/2.222222/0049/R000000019/M000000029
R000000042/1.000000/0000/Guesstimate
R000000040/3.580247/0004/R000000041/R000000042
R000000036/3.978053/0009/R000000040
R000000025/5.349795/0122/R000000036/R000000010
R000000001/5.654626/0041/R000000025
Q000000002/4.420059/0000/R000000001
Q000000003/5.654626/0000/R000000043
M000000047/1.000000/0000/Sigma_BB-187420940
R000000048/1.000000/0000/Guesstimate
R000000046/2.222222/0175/M000000047/R000000048
R000000046/2.222222/0290/M000000047/R000000048
R000000049/1.000000/0000/Guesstimate
R000000045/3.580247/0170/R000000046/R000000049
R000000052/1.000000/0000/Guesstimate
R000000053/1.000000/0000/Guesstimate
R000000051/2.222222/0170/R000000052/R000000053
R000000051/2.222222/0170/R000000048/R000000049
R000000050/3.580247/0174/M000000047/R000000051
R000000050/3.580247/0289/M000000047/R000000051
R000000045/3.978053/0147/R000000050
R000000054/1.000000/0000/Guesstimate
R000000044/5.089163/0003/R000000045/R000000054
R000000056/2.469136/0091/R000000046
R000000055/3.854596/0170/R000000056/R000000049
R000000055/3.978053/0091/R000000045
R000000059/1.000000/0000/Guesstimate
R000000060/1.000000/0000/Guesstimate
R000000058/2.222222/0012/R000000059/R000000060
R000000061/1.000000/0000/Guesstimate
R000000058/2.222222/0112/R000000061/R000000035
R000000057/2.469136/0059/R000000058
R000000063/1.000000/0000/Guesstimate
R000000062/2.222222/0112/R000000063/R000000052
R000000057/2.469136/0147/R000000062
R000000044/7.026369/0112/R000000055/R000000057
R000000043/5.654626/0099/R000000044
M000000067/1.000000/0000/Sigma_BB-30383387
R000000066/2.222222/0003/M000000067/R000000037
R000000065/4.938272/0175/R000000066/R000000051
R000000069/1.000000/0000/Guesstimate
R000000068/3.580247/0175/R000000066/R000000069
R000000068/3.580247/0290/R000000066/R000000069
R000000070/2.222222/0170/R000000019/R000000053
R000000070/2.222222/0170/R000000042/R000000049
R000000065/6.447188/0212/R000000068/R000000070
R000000071/1.000000/0000/Guesstimate
R000000064/6.598080/0122/R000000065/R000000071
R000000064/6.598080/0122/R000000065/R000000071
R000000043/7.331201/0059/R000000064
Q000000004/5.654626/0000/R000000043
<NEXT>