#
#  Reaction log file
#  Author: LigBuilder V3 User_Diana
#  Creation time: Thu Apr  9 17:09:28 2026
#  Format:
#  QueryMoleculeId/Cost/SynthesizeId/ReactantId1/ReactantId2/ReactantId3.....
#  Id prefix:
#  Q --- Query Molecule
#  M --- Material
#  R --- Reactant
#
Directory      result/synthesize_PfHDAC1/236/DATABASE/
#
Q000000001/5.807042/0000/R000000001
R000000005/1.000000/0000/Guesstimate
R000000006/1.000000/0000/Guesstimate
R000000004/2.222222/0004/R000000005/R000000006
M000000008/1.000000/0000/Sigma_BB-137359658
R000000007/1.111111/0091/M000000008
R000000009/1.000000/0000/Guesstimate
R000000010/1.000000/0000/Guesstimate
R000000007/2.222222/0276/R000000009/R000000010
R000000003/3.703704/0212/R000000004/R000000007
R000000003/3.703704/0212/R000000004/R000000007
R000000011/1.000000/0000/Guesstimate
R000000002/5.226338/0112/R000000003/R000000011
R000000013/1.111111/0197/M000000008
R000000014/1.000000/0000/Guesstimate
R000000015/1.000000/0000/Guesstimate
R000000013/2.222222/0274/R000000014/R000000015
R000000012/3.703704/0212/R000000004/R000000013
R000000012/3.703704/0212/R000000004/R000000013
R000000016/1.000000/0000/Guesstimate
R000000002/5.226338/0112/R000000012/R000000016
R000000001/5.807042/0147/R000000002
R000000019/3.580247/0212/R000000009/R000000004
R000000019/3.580247/0212/R000000009/R000000004
R000000018/3.978053/0295/R000000019
R000000020/1.000000/0000/Guesstimate
R000000021/9.000000/0000/Guesstimate
R000000018/10.000000/0279/R000000020/R000000021
R000000022/1.000000/0000/Guesstimate
R000000017/5.531170/0276/R000000018/R000000022
R000000017/5.531170/0278/R000000018/R000000022
R000000001/6.145744/0198/R000000017
Q000000002/5.807042/0000/R000000001
Q000000003/7.315958/0000/R000000023
R000000027/1.000000/0000/Guesstimate
R000000026/1.111111/0283/R000000027
R000000028/1.000000/0000/Guesstimate
R000000025/2.345679/0169/R000000026/R000000028
R000000030/1.000000/0000/Guesstimate
R000000029/2.345679/0275/R000000026/R000000030
R000000031/1.000000/0000/Guesstimate
R000000029/2.345679/0282/R000000026/R000000031
R000000025/2.606310/0147/R000000029
R000000034/1.000000/0000/Guesstimate
R000000035/1.000000/0000/Guesstimate
R000000033/2.222222/0279/R000000034/R000000035
R000000033/2.222222/0279/R000000034/R000000035
R000000036/1.000000/0000/Guesstimate
R000000032/3.580247/0275/R000000033/R000000036
R000000037/2.222222/0275/R000000034/R000000036
R000000032/3.580247/0279/R000000037/R000000035
R000000024/6.584363/0159/R000000025/R000000032
R000000042/1.000000/0000/Guesstimate
R000000041/1.111111/0125/R000000042
R000000043/1.000000/0000/Guesstimate
R000000041/2.222222/0112/R000000042/R000000043
R000000040/2.345679/0279/R000000041/R000000035
R000000040/2.345679/0279/R000000041/R000000035
R000000039/3.717421/0275/R000000040/R000000030
R000000038/4.130468/0147/R000000039
R000000045/1.000000/0000/Guesstimate
R000000044/3.717421/0274/R000000040/R000000045
R000000038/4.130468/0260/R000000044
R000000046/2.222222/0275/R000000005/R000000036
R000000047/1.000000/0000/Guesstimate
R000000048/1.000000/0000/Guesstimate
R000000046/2.222222/0275/R000000047/R000000048
R000000024/7.058546/0159/R000000038/R000000046
R000000023/7.315958/0285/R000000024
R000000050/5.075447/0159/R000000040/R000000046
R000000051/1.000000/0000/Guesstimate
R000000049/6.750496/0285/R000000050/R000000051
R000000023/7.500552/0275/R000000049
<NEXT>