#
#  Reaction log file
#  Author: LigBuilder V3 User_Diana
#  Creation time: Thu Apr  9 17:09:04 2026
#  Format:
#  QueryMoleculeId/Cost/SynthesizeId/ReactantId1/ReactantId2/ReactantId3.....
#  Id prefix:
#  Q --- Query Molecule
#  M --- Material
#  R --- Reactant
#
Directory      result/synthesize_PfHDAC1/230/DATABASE/
#
Q000000001/6.435335/0000/R000000001
R000000006/1.000000/0000/Guesstimate
R000000007/1.000000/0000/Guesstimate
R000000005/2.222222/0003/R000000006/R000000007
R000000009/1.000000/0000/Guesstimate
R000000010/1.000000/0000/Guesstimate
R000000008/2.222222/0049/R000000009/R000000010
R000000011/1.000000/0000/Guesstimate
R000000008/2.222222/0112/R000000006/R000000011
R000000013/1.000000/0000/Guesstimate
R000000012/2.222222/0004/R000000010/R000000013
R000000012/2.222222/0277/R000000010/R000000013
R000000005/4.938272/0049/R000000008/R000000012
R000000004/2.469136/0055/R000000005
R000000015/2.469136/0233/R000000005
R000000015/2.469136/0258/R000000005
R000000014/2.743484/0155/R000000015
R000000017/1.000000/0000/Guesstimate
R000000018/1.000000/0000/Guesstimate
R000000016/2.222222/0225/R000000017/R000000018
R000000016/2.469136/0040/R000000008
R000000020/1.000000/0000/Guesstimate
R000000021/1.000000/0000/Guesstimate
R000000019/2.222222/0004/R000000020/R000000021
R000000019/2.469136/0093/R000000012
R000000014/4.938272/0212/R000000016/R000000019
R000000022/1.000000/0000/Guesstimate
R000000004/4.159427/0112/R000000014/R000000022
R000000003/2.743484/0197/R000000004
R000000023/2.222222/0004/R000000006/R000000021
R000000023/2.469136/0093/R000000016
R000000025/1.000000/0000/Guesstimate
R000000024/3.333333/0225/R000000025/R000000013/R000000018
R000000024/3.333333/0225/R000000025/R000000013/R000000018
R000000003/6.172840/0212/R000000023/R000000024
M000000028/1.000000/0000/Sigma_BB-27092557
R000000029/1.000000/0000/Guesstimate
R000000027/2.222222/0112/M000000028/R000000029
R000000026/2.469136/0147/R000000027
R000000002/5.791801/0112/R000000003/R000000026
R000000032/1.000000/0000/Guesstimate
R000000031/1.111111/0198/R000000032
R000000031/2.469136/0041/R000000008
R000000030/1.234568/0155/R000000031
R000000030/2.469136/0197/R000000023
R000000035/1.000000/0000/Guesstimate
R000000034/1.111111/0283/R000000035
R000000036/1.000000/0000/Guesstimate
R000000034/2.222222/0277/R000000036/R000000013
R000000033/3.978053/0112/R000000034/R000000026
R000000037/2.743484/0125/R000000026
R000000037/3.854596/0112/R000000011/R000000026
R000000038/1.000000/0000/Guesstimate
R000000033/4.159427/0138/R000000037/R000000038
R000000002/5.791801/0277/R000000030/R000000033
R000000001/6.435335/0099/R000000002
R000000001/6.435335/0099/R000000002
Q000000002/6.435335/0000/R000000001
Q000000003/6.301735/0000/R000000039
R000000043/1.000000/0000/Guesstimate
R000000042/3.593965/0225/R000000030/R000000043/R000000018
R000000042/3.593965/0225/R000000030/R000000043/R000000018
R000000041/3.993294/0197/R000000042
R000000046/2.222222/0004/R000000010/R000000043
R000000046/2.222222/0277/R000000010/R000000043
R000000045/4.938272/0049/R000000008/R000000046
R000000047/8.000000/0000/Guesstimate
R000000045/10.000000/0003/R000000006/R000000047
R000000044/5.486969/0233/R000000045
R000000044/5.486969/0258/R000000045
R000000041/6.096632/0155/R000000044
M000000049/1.000000/0000/Sigma_BB-27927343
R000000048/1.111111/0091/M000000049
M000000051/1.000000/0000/Sigma_BB-27867575
R000000050/2.222222/0112/R000000022/M000000051
R000000048/2.469136/0197/R000000050
R000000040/5.671562/0112/R000000041/R000000048
R000000053/1.111111/0093/M000000049
R000000053/2.222222/0004/R000000021/M000000051
R000000052/1.234568/0085/R000000053
R000000052/2.222222/0004/R000000010/M000000051
R000000040/6.858711/0049/R000000045/R000000052
R000000039/6.301735/0099/R000000040
R000000039/6.301735/0099/R000000040
<NEXT>