#
#  Reaction log file
#  Author: LigBuilder V3 User_Diana
#  Creation time: Thu Apr  9 17:06:41 2026
#  Format:
#  QueryMoleculeId/Cost/SynthesizeId/ReactantId1/ReactantId2/ReactantId3.....
#  Id prefix:
#  Q --- Query Molecule
#  M --- Material
#  R --- Reactant
#
Directory      result/synthesize_PfHDAC1/141/DATABASE/
#
Q000000001/Analysis Failed
Q000000002/5.227862/0000/R000000001
R000000005/1.000000/0000/Guesstimate
R000000004/1.111111/0245/R000000005
R000000004/1.111111/0245/R000000005
R000000003/1.234568/0295/R000000004
R000000006/1.000000/0000/Guesstimate
R000000002/2.482853/0004/R000000003/R000000006
R000000008/1.000000/0000/Guesstimate
R000000007/2.482853/0004/R000000003/R000000008
R000000010/1.000000/0000/Guesstimate
R000000009/2.482853/0004/R000000003/R000000010
R000000007/2.758726/0155/R000000009
R000000002/2.758726/0187/R000000007
R000000012/1.000000/0000/Guesstimate
R000000013/1.000000/0000/Guesstimate
R000000011/2.222222/0004/R000000012/R000000013
R000000016/1.000000/0000/Guesstimate
R000000015/2.222222/0301/R000000016/R000000013
R000000015/2.222222/0301/R000000016/R000000013
R000000014/2.469136/0039/R000000015
R000000018/1.000000/0000/Guesstimate
R000000019/1.000000/0000/Guesstimate
R000000017/2.222222/0112/R000000018/R000000019
R000000020/1.000000/0000/Guesstimate
R000000017/2.222222/0112/R000000020/R000000013
R000000014/2.469136/0147/R000000017
R000000011/2.743484/0024/R000000014
R000000001/5.227862/0212/R000000002/R000000011
R000000024/1.000000/0000/Guesstimate
R000000023/3.869837/0212/R000000002/R000000024
R000000023/3.869837/0212/R000000002/R000000024
R000000022/4.299819/0082/R000000023
R000000026/1.000000/0000/Guesstimate
R000000025/3.869837/0212/R000000002/R000000026
R000000025/3.869837/0212/R000000002/R000000026
R000000022/4.299819/0217/R000000025
R000000021/4.777577/0040/R000000022
R000000027/1.000000/0000/Guesstimate
R000000001/6.419530/0212/R000000021/R000000027
Q000000003/Analysis Failed
Q000000004/9.132362/0000/R000000028
M000000035/1.000000/0000/Sigma_BB-30551778
R000000034/1.111111/0087/M000000035
R000000036/1.111111/0085/M000000035
R000000036/1.111111/0293/M000000035
R000000034/1.234568/0086/R000000036
R000000033/1.234568/0090/R000000034
M000000040/1.000000/0000/Sigma_BB-28775620
R000000039/2.222222/0274/M000000040/R000000010
R000000038/2.469136/0001/R000000039
R000000041/2.469136/0086/R000000039
R000000041/2.469136/0091/R000000039
R000000038/2.743484/0004/R000000041
R000000037/2.743484/0086/R000000038
R000000037/2.743484/0091/R000000038
R000000033/3.048316/0099/R000000037
R000000032/1.371742/0079/R000000033
R000000045/1.000000/0000/Guesstimate
R000000044/1.111111/0293/R000000045
R000000044/1.234568/0197/R000000036
R000000046/1.000000/0000/Guesstimate
R000000043/2.345679/0122/R000000044/R000000046
R000000042/2.606310/0090/R000000043
R000000032/2.895900/0082/R000000042
R000000047/1.000000/0000/Guesstimate
R000000031/2.635269/0224/R000000032/R000000047
R000000030/2.928077/0079/R000000031
R000000049/1.000000/0000/Guesstimate
R000000048/2.635269/0224/R000000032/R000000049
R000000030/2.928077/0082/R000000048
R000000029/4.364530/0012/R000000030/R000000046
R000000052/1.000000/0000/Guesstimate
R000000051/2.222222/0279/R000000049/R000000052
R000000051/2.222222/0279/R000000049/R000000052
R000000050/3.993294/0224/R000000032/R000000051
R000000050/4.039188/0279/R000000048/R000000052
R000000029/4.436994/0082/R000000050
R000000056/1.000000/0000/Guesstimate
R000000057/1.000000/0000/Guesstimate
R000000055/2.222222/0274/R000000056/R000000057
R000000054/2.469136/0112/R000000055
R000000058/2.222222/0112/R000000056/R000000057
R000000054/2.469136/0274/R000000058
R000000059/1.000000/0000/Guesstimate
R000000053/3.854596/0274/R000000054/R000000059
R000000060/3.580247/0274/R000000055/R000000059
R000000061/2.222222/0274/R000000056/R000000059
R000000060/3.580247/0274/R000000061/R000000057
R000000053/3.978053/0112/R000000060
R000000028/9.132362/0159/R000000029/R000000053
R000000066/1.000000/0000/Guesstimate
R000000065/1.111111/0228/R000000066
R000000067/1.000000/0000/Guesstimate
R000000065/1.111111/0283/R000000067
R000000069/1.000000/0000/Guesstimate
R000000068/2.222222/0012/R000000069/R000000046
R000000070/1.000000/0000/Guesstimate
R000000071/1.000000/0000/Guesstimate
R000000068/2.222222/0112/R000000070/R000000071
R000000064/3.703704/0226/R000000065/R000000068
R000000072/3.580247/0226/R000000066/R000000068
R000000064/3.978053/0228/R000000072
R000000063/4.115227/0059/R000000064
R000000075/3.048316/0079/R000000037
R000000076/1.000000/0000/Guesstimate
R000000075/4.159427/0112/R000000037/R000000076
R000000074/3.387018/0059/R000000075
R000000077/1.000000/0000/Guesstimate
R000000074/4.498129/0224/R000000075/R000000077
R000000073/4.874465/0224/R000000074/R000000069
R000000063/6.527184/0012/R000000073/R000000046
R000000062/8.855358/0159/R000000063/R000000053
R000000028/9.839287/0188/R000000062
<NEXT>