#
#  Reaction log file
#  Author: LigBuilder V3 User_Diana
#  Creation time: Thu Apr  9 17:10:52 2026
#  Format:
#  QueryMoleculeId/Cost/SynthesizeId/ReactantId1/ReactantId2/ReactantId3.....
#  Id prefix:
#  Q --- Query Molecule
#  M --- Material
#  R --- Reactant
#
Directory      result/synthesize_PfHDAC1/299/DATABASE/
#
Q000000001/6.012146/0000/R000000001
M000000007/1.000000/0000/Sigma_BB-29509312
R000000006/1.111111/0164/M000000007
R000000008/1.000000/0000/Guesstimate
R000000006/2.222222/0174/M000000007/R000000008
R000000005/1.234568/0059/R000000006
R000000010/1.000000/0000/Guesstimate
R000000009/2.222222/0175/M000000007/R000000010
R000000009/2.222222/0290/M000000007/R000000010
R000000005/2.469136/0153/R000000009
R000000011/1.000000/0000/Guesstimate
R000000004/2.482853/0232/R000000005/R000000011
R000000013/1.000000/0000/Guesstimate
R000000004/9.500000/0004/R000000012/R000000013
R000000014/1.000000/0000/Guesstimate
R000000003/3.869837/0301/R000000004/R000000014
R000000003/3.869837/0301/R000000004/R000000014
R000000015/1.000000/0000/Guesstimate
R000000002/5.410931/0003/R000000003/R000000015
R000000019/1.000000/0000/Guesstimate
R000000018/2.345679/0231/R000000006/R000000019
R000000017/2.606310/0082/R000000018
R000000016/2.895900/0059/R000000017
R000000020/2.606310/0059/R000000018
R000000021/3.580247/0231/R000000009/R000000019
R000000020/3.978053/0153/R000000021
R000000016/2.895900/0082/R000000020
R000000023/1.000000/0000/Guesstimate
R000000026/1.000000/0000/Guesstimate
R000000025/1.111111/0293/R000000026
R000000024/1.234568/0090/R000000025
R000000028/1.000000/0000/Guesstimate
R000000029/1.000000/0000/Guesstimate
R000000027/2.222222/0277/R000000028/R000000029
R000000024/2.469136/0099/R000000027
R000000022/2.482853/0004/R000000023/R000000024
R000000031/1.000000/0000/Guesstimate
R000000030/2.482853/0277/R000000031/R000000024
R000000032/1.000000/0000/Guesstimate
R000000030/2.482853/0301/R000000032/R000000024
R000000022/2.758726/0024/R000000030
R000000002/5.976393/0049/R000000016/R000000022
R000000001/6.012146/0099/R000000002
R000000034/4.007011/0049/R000000017/R000000023
R000000036/1.000000/0000/Guesstimate
R000000037/1.000000/0000/Guesstimate
R000000035/2.222222/0277/R000000036/R000000037
R000000035/2.222222/0277/R000000036/R000000037
R000000039/1.000000/0000/Guesstimate
R000000040/1.000000/0000/Guesstimate
R000000038/2.222222/0279/R000000039/R000000040
R000000038/2.222222/0279/R000000039/R000000040
R000000034/4.938272/0159/R000000035/R000000038
R000000033/5.823977/0122/R000000034/R000000024
R000000033/5.823977/0122/R000000034/R000000024
R000000001/6.471086/0059/R000000033
Q000000002/5.393995/0000/R000000041
M000000045/1.000000/0000/Sigma_BB-30586542
R000000046/1.000000/0000/Guesstimate
R000000044/2.222222/0174/M000000045/R000000046
R000000047/1.111111/0287/M000000045
M000000048/1.000000/0000/Sigma_BB-243967605
R000000049/1.000000/0000/Guesstimate
R000000047/2.222222/0274/M000000048/R000000049
R000000044/2.345679/0112/R000000047/R000000046
R000000043/2.469136/0147/R000000044
M000000051/1.000000/0000/Sigma_BB-27581864
R000000050/2.222222/0175/M000000051/R000000046
R000000050/2.222222/0290/M000000051/R000000046
R000000043/2.469136/0153/R000000050
R000000052/1.000000/0000/Guesstimate
R000000042/3.854596/0170/R000000043/R000000052
R000000053/3.580247/0170/R000000044/R000000052
R000000055/2.222222/0170/R000000052/R000000023
R000000056/1.000000/0000/Guesstimate
R000000057/1.000000/0000/Guesstimate
R000000055/2.222222/0170/R000000056/R000000057
R000000054/2.469136/0086/R000000055
R000000054/2.469136/0091/R000000055
R000000053/3.978053/0112/R000000047/R000000054
R000000042/3.978053/0147/R000000053
R000000058/1.000000/0000/Guesstimate
R000000041/5.393995/0148/R000000042/R000000058
R000000060/2.345679/0148/R000000047/R000000058
R000000061/1.000000/0000/Guesstimate
R000000060/2.345679/0163/R000000047/R000000061
R000000059/5.349795/0112/R000000060/R000000054
R000000064/1.000000/0000/Guesstimate
R000000065/1.000000/0000/Guesstimate
R000000063/2.222222/0012/R000000064/R000000065
R000000063/2.222222/0285/R000000064/R000000065
R000000067/1.000000/0000/Guesstimate
R000000066/1.111111/0283/R000000067
R000000062/3.703704/0159/R000000063/R000000066
R000000069/1.000000/0000/Guesstimate
R000000068/3.580247/0159/R000000063/R000000069
R000000070/1.000000/0000/Guesstimate
R000000062/5.089163/0176/R000000068/R000000070
R000000071/2.222222/0170/R000000052/R000000028
R000000073/1.000000/0000/Guesstimate
R000000072/2.222222/0170/R000000052/R000000073
R000000074/1.000000/0000/Guesstimate
R000000072/2.222222/0170/R000000074/R000000057
R000000071/2.469136/0155/R000000072
R000000059/6.584363/0112/R000000062/R000000071
R000000041/5.944217/0147/R000000059
Q000000003/Analysis Failed
<NEXT>