#
#  Reaction log file
#  Author: LigBuilder V3 User_Diana
#  Creation time: Thu Apr  9 17:10:22 2026
#  Format:
#  QueryMoleculeId/Cost/SynthesizeId/ReactantId1/ReactantId2/ReactantId3.....
#  Id prefix:
#  Q --- Query Molecule
#  M --- Material
#  R --- Reactant
#
Directory      result/synthesize_PfHDAC1/277/DATABASE/
#
Q000000001/4.007011/0000/R000000001
R000000004/1.000000/0000/Guesstimate
M000000006/1.000000/0000/Sigma_BB-27948280
R000000005/1.111111/0153/M000000006
R000000007/1.111111/0091/M000000006
R000000005/1.234568/0154/R000000007
R000000003/2.345679/0231/R000000004/R000000005
R000000009/1.000000/0000/Guesstimate
R000000008/2.345679/0231/R000000009/R000000005
R000000003/2.606310/0039/R000000008
R000000002/2.606310/0024/R000000003
R000000011/1.000000/0000/Guesstimate
R000000010/2.345679/0231/R000000011/R000000005
R000000013/1.000000/0000/Guesstimate
R000000012/2.345679/0231/R000000013/R000000005
R000000010/2.606310/0197/R000000012
R000000014/1.000000/0000/Guesstimate
R000000002/3.717421/0004/R000000010/R000000014
R000000015/1.000000/0000/Guesstimate
R000000001/4.007011/0119/R000000002/R000000015
R000000018/1.000000/0000/Guesstimate
R000000019/1.000000/0000/Guesstimate
R000000017/2.222222/0122/R000000018/R000000019
R000000021/1.000000/0000/Guesstimate
R000000020/2.222222/0301/R000000021/R000000019
R000000020/2.222222/0301/R000000021/R000000019
R000000017/2.469136/0139/R000000020
R000000016/3.703704/0231/R000000017/R000000005
M000000023/1.000000/0000/Sigma_BB-29509312
R000000022/3.580247/0231/R000000017/M000000023
M000000025/1.000000/0000/Sigma_BB-136290300
R000000024/3.580247/0231/R000000017/M000000025
R000000022/3.978053/0299/R000000024
R000000016/3.978053/0287/R000000022
R000000001/4.115227/0039/R000000016
Q000000002/4.007011/0000/R000000001
Q000000003/2.758726/0000/R000000026
M000000030/1.000000/0000/Sigma_BB-35143599
R000000029/1.111111/0299/M000000030
M000000031/1.000000/0000/Sigma_BB-92153687
R000000032/1.000000/0000/Guesstimate
R000000029/2.222222/0274/M000000031/R000000032
R000000028/1.234568/0287/R000000029
M000000034/1.000000/0000/Sigma_BB-28760249
R000000033/1.111111/0114/M000000034
R000000033/1.111111/0287/M000000031
R000000028/2.345679/0274/R000000033/R000000032
R000000035/1.000000/0000/Guesstimate
R000000027/2.482853/0175/R000000028/R000000035
R000000037/2.222222/0175/M000000034/R000000035
M000000038/1.000000/0000/Sigma_BB-243843587
R000000039/1.000000/0000/Guesstimate
R000000037/2.222222/0212/M000000038/R000000039
R000000036/2.469136/0114/R000000037
R000000040/2.345679/0174/R000000033/R000000035
R000000040/2.345679/0289/R000000033/R000000035
R000000036/2.606310/0147/R000000040
R000000027/3.854596/0274/R000000036/R000000032
R000000026/2.758726/0139/R000000027
M000000042/1.000000/0000/Sigma_BB-48767194
R000000041/2.482853/0175/R000000028/M000000042
R000000045/1.000000/0000/Guesstimate
R000000044/2.345679/0175/R000000029/R000000045
R000000044/2.345679/0290/R000000029/R000000045
R000000043/2.606310/0287/R000000044
R000000046/2.345679/0175/R000000033/R000000045
R000000046/2.345679/0290/R000000033/R000000045
R000000043/3.717421/0274/R000000046/R000000032
R000000041/2.895900/0058/R000000043
R000000026/2.758726/0150/R000000041
<NEXT>