#
#  Reaction log file
#  Author: LigBuilder V3 User_Diana
#  Creation time: Thu Apr  9 17:06:07 2026
#  Format:
#  QueryMoleculeId/Cost/SynthesizeId/ReactantId1/ReactantId2/ReactantId3.....
#  Id prefix:
#  Q --- Query Molecule
#  M --- Material
#  R --- Reactant
#
Directory      result/synthesize_PfHDAC1/136/DATABASE/
#
Q000000001/3.854596/0000/R000000001
R000000002/1.000000/0000/Guesstimate
R000000005/1.000000/0000/Guesstimate
M000000006/1.000000/0000/Sigma_BB-40672234
R000000004/2.222222/0231/R000000005/M000000006
R000000008/1.000000/0000/Guesstimate
R000000007/2.222222/0231/R000000008/M000000006
R000000004/3.580247/0279/R000000007/R000000005
R000000003/2.469136/0294/R000000004
R000000010/1.000000/0000/Guesstimate
R000000009/2.222222/0231/R000000010/M000000006
R000000012/1.000000/0000/Guesstimate
R000000011/2.222222/0231/R000000012/M000000006
R000000009/3.580247/0279/R000000011/R000000012
R000000003/2.469136/0294/R000000009
R000000001/3.854596/0004/R000000002/R000000003
R000000016/1.000000/0000/Guesstimate
R000000017/1.000000/0000/Guesstimate
R000000015/2.222222/0174/R000000016/R000000017
R000000015/2.222222/0289/R000000016/R000000017
R000000014/2.469136/0197/R000000015
R000000018/7.400000/0000/Guesstimate
R000000014/8.222222/0091/R000000018
R000000021/1.000000/0000/Guesstimate
R000000020/2.222222/0231/R000000021/M000000006
R000000022/1.000000/0000/Guesstimate
R000000020/3.580247/0279/R000000011/R000000022
R000000019/2.469136/0294/R000000020
R000000024/1.000000/0000/Guesstimate
R000000023/3.854596/0004/R000000003/R000000024
R000000019/4.282884/0153/R000000023
R000000013/5.486969/0112/R000000014/R000000019
R000000001/6.096632/0025/R000000013
Q000000002/3.854596/0000/R000000001
Q000000003/4.282884/0000/R000000025
M000000029/1.000000/0000/Sigma_BB-35299811
R000000030/1.000000/0000/Guesstimate
R000000028/2.222222/0231/M000000029/R000000030
R000000027/2.469136/0104/R000000028
R000000027/2.469136/0104/R000000028
R000000031/1.000000/0000/Guesstimate
R000000026/3.854596/0169/R000000027/R000000031
M000000034/1.000000/0000/Sigma_BB-27088078
R000000033/2.222222/0231/M000000034/R000000030
R000000032/2.469136/0104/R000000033
R000000032/2.469136/0104/R000000033
M000000037/1.000000/0000/Sigma_BB-28524129
R000000036/2.222222/0169/M000000037/R000000031
R000000038/1.000000/0000/Guesstimate
R000000039/1.000000/0000/Guesstimate
R000000036/3.333333/0225/R000000031/R000000038/R000000039
R000000035/2.469136/0024/R000000036
R000000042/1.000000/0000/Guesstimate
R000000043/1.000000/0000/Guesstimate
R000000041/2.222222/0274/R000000042/R000000043
R000000044/1.000000/0000/Guesstimate
R000000041/2.222222/0275/R000000044/R000000031
R000000040/2.469136/0091/R000000041
R000000046/1.000000/0000/Guesstimate
R000000045/2.222222/0274/R000000046/R000000043
R000000045/2.222222/0275/R000000016/R000000031
R000000040/2.469136/0197/R000000045
R000000047/1.000000/0000/Guesstimate
R000000035/3.854596/0004/R000000040/R000000047
R000000026/5.486969/0212/R000000032/R000000035
R000000025/4.282884/0160/R000000026
M000000050/1.000000/0000/Sigma_BB-187814628
R000000049/2.222222/0231/M000000050/R000000030
M000000052/1.000000/0000/Sigma_BB-28760247
R000000051/2.222222/0231/M000000052/R000000030
R000000049/2.469136/0197/R000000051
R000000053/2.469136/0091/R000000045
R000000054/3.854596/0112/R000000040/R000000016
R000000053/4.282884/0197/R000000054
R000000048/5.212621/0112/R000000049/R000000053
R000000055/2.469136/0091/R000000051
R000000057/1.000000/0000/Guesstimate
R000000058/1.000000/0000/Guesstimate
R000000056/2.222222/0112/R000000057/R000000058
R000000060/1.000000/0000/Guesstimate
R000000061/1.000000/0000/Guesstimate
R000000059/2.222222/0012/R000000060/R000000061
R000000062/1.000000/0000/Guesstimate
R000000063/1.000000/0000/Guesstimate
R000000059/2.222222/0112/R000000062/R000000063
R000000055/4.938272/0159/R000000056/R000000059
R000000048/5.486969/0112/R000000055/R000000040
R000000025/5.791801/0147/R000000048
<NEXT>