#
#  Reaction log file
#  Author: LigBuilder V3 User_Diana
#  Creation time: Thu Apr  9 17:07:39 2026
#  Format:
#  QueryMoleculeId/Cost/SynthesizeId/ReactantId1/ReactantId2/ReactantId3.....
#  Id prefix:
#  Q --- Query Molecule
#  M --- Material
#  R --- Reactant
#
Directory      result/synthesize_PfHDAC1/180/DATABASE/
#
Q000000001/7.163543/0000/R000000001
R000000004/1.000000/0000/Guesstimate
R000000005/1.000000/0000/Guesstimate
R000000003/2.222222/0004/R000000004/R000000005
R000000006/1.000000/0000/Guesstimate
R000000007/1.000000/0000/Guesstimate
R000000003/2.222222/0004/R000000006/R000000007
R000000010/1.000000/0000/Guesstimate
M000000011/1.000000/0000/Sigma_BB-27341383
R000000009/2.222222/0224/R000000010/M000000011
R000000008/3.580247/0004/R000000005/R000000009
R000000012/2.222222/0004/R000000005/R000000010
R000000008/3.580247/0224/R000000012/M000000011
R000000002/6.447188/0212/R000000003/R000000008
R000000002/6.447188/0212/R000000003/R000000008
R000000001/7.163543/0296/R000000002
R000000001/7.163543/0296/R000000002
Q000000002/7.163543/0000/R000000001
Q000000003/8.765772/0000/R000000013
R000000016/3.580247/0212/R000000012/R000000007
R000000016/3.580247/0212/R000000012/R000000007
R000000015/3.978053/0296/R000000016
R000000015/3.978053/0296/R000000016
R000000018/1.000000/0000/Guesstimate
R000000019/1.000000/0000/Guesstimate
R000000017/2.222222/0112/R000000018/R000000019
R000000020/2.222222/0004/R000000006/R000000019
R000000017/2.469136/0009/R000000020
R000000014/6.889194/0224/R000000015/R000000017
R000000022/2.469136/0198/R000000017
R000000022/2.469136/0298/R000000017
R000000021/7.163543/0224/R000000015/R000000022
R000000014/7.959492/0295/R000000021
R000000013/8.765772/0004/R000000006/R000000014
R000000026/1.000000/0000/Guesstimate
R000000025/5.531170/0112/R000000026/R000000015
R000000024/6.145744/0059/R000000025
R000000027/5.531170/0004/R000000006/R000000015
R000000029/1.000000/0000/Guesstimate
R000000028/5.531170/0004/R000000015/R000000029
R000000030/1.000000/0000/Guesstimate
R000000031/1.000000/0000/Guesstimate
R000000028/6.642281/0225/R000000015/R000000030/R000000031
R000000027/6.145744/0045/R000000028
R000000032/1.000000/0000/Guesstimate
R000000024/7.256855/0119/R000000027/R000000032
R000000023/9.297741/0224/R000000024/R000000017
R000000013/9.297741/0024/R000000023
Q000000004/8.765772/0000/R000000013
<NEXT>