#
#  Reaction log file
#  Author: LigBuilder V3 User_Diana
#  Creation time: Thu Apr  9 17:09:47 2026
#  Format:
#  QueryMoleculeId/Cost/SynthesizeId/ReactantId1/ReactantId2/ReactantId3.....
#  Id prefix:
#  Q --- Query Molecule
#  M --- Material
#  R --- Reactant
#
Directory      result/synthesize_PfHDAC1/258/DATABASE/
#
Q000000001/4.436994/0000/R000000001
M000000004/1.000000/0000/Sigma_BB-28844889
R000000005/1.000000/0000/Guesstimate
R000000003/2.222222/0004/M000000004/R000000005
M000000006/1.000000/0000/Sigma_BB-187147183
R000000007/1.000000/0000/Guesstimate
R000000003/2.222222/0004/M000000006/R000000007
M000000011/1.000000/0000/Sigma_BB-28764950
R000000010/1.111111/0085/M000000011
R000000009/1.234568/0204/R000000010
R000000008/1.371742/0041/R000000009
R000000013/1.000000/0000/Guesstimate
R000000012/2.222222/0212/M000000011/R000000013
R000000012/2.222222/0212/M000000011/R000000013
R000000008/2.469136/0085/R000000012
R000000002/3.993294/0212/R000000003/R000000008
R000000002/3.993294/0212/R000000003/R000000008
R000000001/4.436994/0028/R000000002
R000000015/2.345679/0212/R000000010/R000000013
R000000017/1.000000/0000/Guesstimate
R000000016/2.222222/0004/M000000011/R000000017
R000000016/2.222222/0277/M000000011/R000000017
R000000015/2.469136/0197/R000000016
R000000014/5.075447/0212/R000000003/R000000015
R000000014/5.075447/0212/R000000003/R000000015
R000000001/5.639385/0028/R000000014
Q000000002/4.282884/0000/R000000018
R000000020/1.000000/0000/Guesstimate
R000000023/1.000000/0000/Guesstimate
M000000024/1.000000/0000/Sigma_BB-28828671
R000000022/2.222222/0276/R000000023/M000000024
R000000022/2.222222/0278/R000000023/M000000024
R000000021/2.469136/0104/R000000022
R000000021/2.469136/0104/R000000022
R000000019/3.854596/0274/R000000020/R000000021
R000000027/1.000000/0000/Guesstimate
R000000026/2.222222/0274/R000000020/R000000027
R000000028/1.000000/0000/Guesstimate
R000000029/1.000000/0000/Guesstimate
R000000026/2.222222/0276/R000000028/R000000029
R000000025/2.469136/0091/R000000026
R000000031/2.222222/0274/R000000007/R000000023
R000000032/1.000000/0000/Guesstimate
R000000033/1.000000/0000/Guesstimate
R000000031/2.222222/0276/R000000032/R000000033
R000000030/2.469136/0118/R000000031
R000000034/1.000000/0000/Guesstimate
R000000030/3.580247/0112/R000000031/R000000034
R000000025/2.743484/0041/R000000030
R000000035/1.111111/0104/M000000024
R000000035/1.111111/0104/M000000024
R000000019/3.978053/0276/R000000025/R000000035
R000000018/4.282884/0160/R000000019
M000000039/1.000000/0000/Sigma_BB-27943844
R000000038/2.222222/0276/R000000023/M000000039
R000000038/2.222222/0278/R000000023/M000000039
R000000037/3.580247/0274/R000000007/R000000038
R000000037/3.580247/0276/R000000031/M000000039
R000000036/3.978053/0118/R000000037
R000000036/5.089163/0112/R000000037/R000000034
R000000018/4.420059/0041/R000000036
Q000000003/Analysis Failed
Q000000004/Analysis Failed
<NEXT>