#
#  Reaction log file
#  Author: LigBuilder V3 User_Diana
#  Creation time: Thu Apr  9 17:10:53 2026
#  Format:
#  QueryMoleculeId/Cost/SynthesizeId/ReactantId1/ReactantId2/ReactantId3.....
#  Id prefix:
#  Q --- Query Molecule
#  M --- Material
#  R --- Reactant
#
Directory      result/synthesize_PfHDAC1/297/DATABASE/
#
Q000000001/2.469136/0000/R000000001
M000000003/1.000000/0000/Sigma_BB-28836051
R000000004/1.000000/0000/Guesstimate
R000000002/2.222222/0012/M000000003/R000000004
R000000006/1.000000/0000/Guesstimate
R000000005/2.222222/0012/M000000003/R000000006
R000000008/1.000000/0000/Guesstimate
R000000007/2.222222/0012/M000000003/R000000008
R000000007/2.222222/0146/M000000003/R000000008
R000000005/2.469136/0082/R000000007
R000000002/2.469136/0041/R000000005
R000000001/2.469136/0059/R000000002
R000000009/2.469136/0059/R000000005
R000000010/2.469136/0059/R000000007
M000000012/1.000000/0000/Sigma_BB-28465307
R000000013/1.000000/0000/Guesstimate
R000000011/2.222222/0003/M000000012/R000000013
R000000014/1.000000/0000/Guesstimate
R000000011/2.222222/0049/M000000003/R000000014
R000000015/1.000000/0000/Guesstimate
R000000010/3.580247/0122/R000000011/R000000015
R000000009/2.743484/0082/R000000010
R000000001/2.743484/0041/R000000009
Q000000002/2.469136/0000/R000000016
M000000018/1.000000/0000/Sigma_BB-27948280
R000000019/1.000000/0000/Guesstimate
R000000017/2.222222/0003/M000000018/R000000019
R000000020/2.222222/0004/M000000012/R000000014
R000000022/1.000000/0000/Guesstimate
R000000021/2.222222/0004/M000000012/R000000022
R000000021/2.469136/0040/R000000011
R000000020/2.469136/0085/R000000021
R000000025/1.000000/0000/Guesstimate
R000000024/1.111111/0054/R000000025
R000000026/1.000000/0000/Guesstimate
R000000024/2.222222/0004/R000000026/R000000019
R000000023/1.234568/0009/R000000024
R000000023/2.222222/0049/R000000014/R000000025
R000000017/3.840878/0049/R000000020/R000000023
R000000016/2.469136/0099/R000000017
M000000028/1.000000/0000/Sigma_BB-28843588
R000000027/2.222222/0003/M000000012/M000000028
R000000029/2.222222/0004/R000000014/R000000019
R000000031/1.000000/0000/Guesstimate
R000000030/2.222222/0277/R000000031/R000000019
R000000032/1.000000/0000/Guesstimate
R000000030/2.222222/0301/R000000032/R000000019
R000000029/2.469136/0024/R000000030
R000000027/3.580247/0049/M000000003/R000000029
R000000016/2.469136/0099/R000000027
Q000000003/2.469136/0000/R000000016
Q000000004/2.469136/0000/R000000016
<NEXT>