#
#  Reaction log file
#  Author: LigBuilder V3 User_Diana
#  Creation time: Thu Apr  9 17:09:55 2026
#  Format:
#  QueryMoleculeId/Cost/SynthesizeId/ReactantId1/ReactantId2/ReactantId3.....
#  Id prefix:
#  Q --- Query Molecule
#  M --- Material
#  R --- Reactant
#
Directory      result/synthesize_PfHDAC1/251/DATABASE/
#
Q000000001/5.531170/0000/R000000001
M000000002/1.000000/0000/Sigma_BB-28838980
R000000006/1.000000/0000/Guesstimate
R000000007/1.000000/0000/Guesstimate
R000000005/2.222222/0004/R000000006/R000000007
R000000008/1.000000/0000/Guesstimate
R000000004/3.580247/0212/R000000005/R000000008
R000000004/3.580247/0212/R000000005/R000000008
R000000003/3.978053/0296/R000000004
R000000003/3.978053/0296/R000000004
R000000001/5.531170/0004/M000000002/R000000003
R000000012/1.000000/0000/Guesstimate
R000000011/5.531170/0112/R000000012/R000000003
R000000013/1.000000/0000/Guesstimate
R000000010/7.256855/0224/R000000011/R000000013
R000000009/8.063173/0039/R000000010
R000000016/1.000000/0000/Guesstimate
R000000015/5.531170/0112/R000000016/R000000003
R000000017/1.000000/0000/Guesstimate
R000000014/7.256855/0224/R000000015/R000000017
R000000019/1.000000/0000/Guesstimate
R000000018/7.256855/0224/R000000015/R000000019
R000000014/8.063173/0300/R000000018
R000000020/1.000000/0000/Guesstimate
R000000009/9.174284/0122/R000000014/R000000020
R000000001/8.959082/0024/R000000009
Q000000002/5.531170/0000/R000000021
M000000022/1.000000/0000/Sigma_BB-30434100
R000000021/5.531170/0004/M000000022/R000000003
R000000025/1.000000/0000/Guesstimate
R000000024/7.256855/0224/R000000011/R000000025
R000000027/1.000000/0000/Guesstimate
R000000026/7.256855/0224/R000000011/R000000027
R000000026/8.063173/0082/R000000010
R000000024/8.063173/0041/R000000026
R000000023/8.063173/0039/R000000024
R000000028/8.063173/0039/R000000026
R000000028/8.959082/0082/R000000009
R000000023/8.959082/0041/R000000028
R000000021/8.959082/0024/R000000023
Q000000003/5.531170/0000/R000000021
<NEXT>