#
#  Reaction log file
#  Author: LigBuilder V3 User_Diana
#  Creation time: Thu Apr  9 17:11:00 2026
#  Format:
#  QueryMoleculeId/Cost/SynthesizeId/ReactantId1/ReactantId2/ReactantId3.....
#  Id prefix:
#  Q --- Query Molecule
#  M --- Material
#  R --- Reactant
#
Directory      result/synthesize_PfHDAC1/290/DATABASE/
#
Q000000001/4.420058/0000/R000000001
M000000005/1.000000/0000/Sigma_BB-28760241
R000000004/1.111111/0287/M000000005
M000000006/1.000000/0000/Sigma_BB-371180382
R000000004/1.111111/0299/M000000006
R000000007/1.000000/0000/Guesstimate
R000000003/2.345679/0119/R000000004/R000000007
M000000009/1.000000/0000/Sigma_BB-27113924
R000000010/1.000000/0000/Guesstimate
R000000008/2.222222/0112/M000000009/R000000010
M000000011/1.000000/0000/Sigma_BB-28945063
R000000008/2.222222/0174/M000000011/R000000010
R000000003/2.469136/0153/R000000008
M000000014/1.000000/0000/Sigma_BB-28836764
R000000013/1.111111/0093/M000000014
R000000015/1.000000/0000/Guesstimate
R000000016/1.000000/0000/Guesstimate
R000000013/2.222222/0004/R000000015/R000000016
R000000012/1.234568/0086/R000000013
R000000018/1.000000/0000/Guesstimate
R000000019/1.000000/0000/Guesstimate
R000000017/2.222222/0012/R000000018/R000000019
R000000020/1.000000/0000/Guesstimate
R000000021/1.000000/0000/Guesstimate
R000000017/2.222222/0095/R000000020/R000000021
R000000012/2.469136/0041/R000000017
R000000002/3.978052/0112/R000000003/R000000012
R000000024/2.222222/0119/M000000005/R000000007
R000000024/2.222222/0280/M000000005/R000000007
R000000023/3.580247/0175/R000000024/R000000010
R000000027/1.000000/0000/Guesstimate
R000000026/2.222222/0175/M000000005/R000000027
R000000026/2.222222/0290/M000000005/R000000027
R000000025/3.580247/0119/R000000026/R000000007
R000000025/3.580247/0175/R000000024/R000000027
R000000023/3.978053/0040/R000000025
R000000022/3.978053/0085/R000000023
R000000028/3.978053/0087/R000000023
R000000029/1.000000/0000/Guesstimate
R000000022/5.531170/0275/R000000028/R000000029
R000000030/1.000000/0000/Guesstimate
R000000002/5.531170/0049/R000000022/R000000030
R000000001/4.420058/0099/R000000002
M000000035/1.000000/0000/Sigma_BB-29509312
R000000034/2.222222/0174/M000000035/R000000010
R000000034/2.222222/0289/M000000035/R000000010
R000000033/2.469136/0153/R000000034
R000000037/1.000000/0000/Guesstimate
R000000036/2.222222/0174/M000000035/R000000037
R000000036/2.222222/0289/M000000035/R000000037
R000000033/2.469136/0154/R000000036
R000000038/1.000000/0000/Guesstimate
R000000032/3.854596/0231/R000000033/R000000038
R000000041/1.000000/0000/Guesstimate
R000000040/3.580247/0175/R000000024/R000000041
R000000040/3.978053/0041/R000000025
R000000039/3.978053/0139/R000000040
M000000043/1.000000/0000/Sigma_BB-48767194
R000000042/3.580247/0175/R000000024/M000000043
R000000044/1.000000/0000/Guesstimate
R000000042/5.089163/0224/R000000025/R000000044
R000000039/3.978053/0150/R000000042
R000000032/5.531170/0279/R000000039/R000000038
R000000045/1.000000/0000/Guesstimate
R000000031/5.393995/0112/R000000032/R000000045
R000000048/1.000000/0000/Guesstimate
R000000047/3.854596/0231/R000000033/R000000048
R000000047/5.531170/0279/R000000039/R000000048
R000000046/4.282884/0079/R000000047
R000000050/1.000000/0000/Guesstimate
R000000049/3.854596/0231/R000000033/R000000050
R000000049/5.531170/0279/R000000039/R000000050
R000000046/4.282884/0082/R000000049
R000000031/5.869872/0012/R000000046/R000000019
R000000001/5.993328/0041/R000000031
Q000000002/4.420058/0000/R000000051
M000000055/1.000000/0000/Sigma_BB-308324471
R000000054/1.111111/0287/M000000055
M000000056/1.000000/0000/Sigma_BB-151011721
R000000054/1.111111/0287/M000000056
M000000057/1.000000/0000/Sigma_BB-28778841
R000000053/2.345679/0224/R000000054/M000000057
R000000061/1.000000/0000/Guesstimate
R000000062/1.000000/0000/Guesstimate
R000000060/2.222222/0279/R000000061/R000000062
R000000060/2.222222/0279/R000000061/R000000062
R000000059/2.469136/0079/R000000060
R000000064/1.000000/0000/Guesstimate
R000000063/2.222222/0279/R000000061/R000000064
R000000063/2.222222/0279/R000000061/R000000064
R000000059/2.469136/0082/R000000063
M000000065/1.000000/0000/Sigma_BB-28505290
R000000058/3.854596/0159/R000000059/M000000065
R000000053/4.282884/0197/R000000058
M000000068/1.000000/0000/Sigma_BB-70764372
R000000067/1.111111/0118/M000000068
R000000067/2.222222/0112/M000000068/R000000045
R000000066/1.234568/0040/R000000067
R000000070/1.000000/0000/Guesstimate
R000000069/2.222222/0301/M000000068/R000000070
R000000069/2.222222/0301/M000000068/R000000070
R000000066/2.469136/0073/R000000069
R000000052/3.978052/0212/R000000053/R000000066
R000000052/3.978052/0212/R000000053/R000000066
R000000051/4.420058/0295/R000000052
Q000000003/3.993294/0000/R000000071
M000000075/1.000000/0000/Sigma_BB-28801839
R000000074/1.111111/0287/M000000075
M000000076/1.000000/0000/Sigma_BB-156517685
R000000077/1.000000/0000/Guesstimate
R000000074/2.222222/0231/M000000076/R000000077
R000000073/1.234568/0013/R000000074
R000000078/1.234568/0164/R000000074
R000000078/2.345679/0174/R000000074/R000000045
R000000073/1.371742/0041/R000000078
R000000079/1.000000/0000/Guesstimate
R000000072/3.593965/0261/R000000073/R000000079/R000000007
R000000081/1.111111/0114/M000000076
R000000082/1.111111/0013/M000000076
M000000083/1.000000/0000/Sigma_BB-29588168
R000000082/1.111111/0287/M000000083
R000000081/1.234568/0155/R000000082
R000000084/1.000000/0000/Guesstimate
R000000080/2.345679/0274/R000000081/R000000084
R000000080/3.456790/0261/R000000082/R000000079/R000000007
R000000072/3.717421/0231/R000000080/R000000077
R000000071/3.993294/0024/R000000072
R000000088/1.000000/0000/Guesstimate
R000000087/2.482853/0274/R000000073/R000000088
R000000086/2.758726/0155/R000000087
R000000089/2.345679/0274/R000000081/R000000088
R000000090/1.000000/0000/Guesstimate
R000000089/2.345679/0274/R000000082/R000000090
R000000086/3.717421/0231/R000000089/R000000077
R000000093/1.000000/0000/Guesstimate
R000000092/2.222222/0174/R000000010/R000000093
R000000092/2.222222/0289/R000000010/R000000093
R000000091/2.469136/0197/R000000092
R000000094/7.400000/0000/Guesstimate
R000000091/8.222222/0091/R000000094
R000000085/5.808736/0112/R000000086/R000000091
R000000095/1.234568/0114/R000000074
R000000095/1.371742/0155/R000000073
R000000097/3.854596/0112/R000000091/R000000045
R000000097/3.854596/0112/R000000091/R000000045
R000000096/4.282884/0041/R000000097
R000000096/8.222222/0082/R000000098
R000000085/6.130503/0274/R000000095/R000000096
R000000071/6.454152/0025/R000000085
<NEXT>