#
#  Reaction log file
#  Author: LigBuilder V3 User_Diana
#  Creation time: Thu Apr  9 17:09:51 2026
#  Format:
#  QueryMoleculeId/Cost/SynthesizeId/ReactantId1/ReactantId2/ReactantId3.....
#  Id prefix:
#  Q --- Query Molecule
#  M --- Material
#  R --- Reactant
#
Directory      result/synthesize_PfHDAC1/256/DATABASE/
#
Q000000001/7.207744/0000/R000000001
R000000005/1.000000/0000/Guesstimate
R000000006/1.000000/0000/Guesstimate
R000000004/2.222222/0004/R000000005/R000000006
R000000008/1.000000/0000/Guesstimate
R000000007/2.222222/0256/R000000008/R000000006
R000000004/2.469136/0024/R000000007
R000000010/1.000000/0000/Guesstimate
M000000011/1.000000/0000/Sigma_BB-28524129
R000000009/2.222222/0280/R000000010/M000000011
R000000003/4.938272/0212/R000000004/R000000009
R000000003/4.938272/0212/R000000004/R000000009
R000000002/5.486969/0024/R000000003
M000000014/1.000000/0000/Sigma_BB-137359658
R000000013/3.580247/0212/R000000004/M000000014
R000000013/3.580247/0212/R000000004/M000000014
R000000012/3.978053/0197/R000000013
R000000017/2.469136/0093/R000000004
M000000018/1.000000/0000/Sigma_BB-28247348
R000000017/3.580247/0212/R000000004/M000000018
R000000016/2.743484/0197/R000000017
R000000019/3.580247/0212/R000000004/R000000005
R000000019/3.580247/0212/R000000004/R000000005
R000000016/3.978053/0155/R000000019
R000000020/1.000000/0000/Guesstimate
R000000015/4.159427/0274/R000000016/R000000020
R000000021/3.580247/0212/R000000004/R000000010
R000000021/3.580247/0212/R000000004/R000000010
R000000022/1.000000/0000/Guesstimate
R000000015/5.089163/0276/R000000021/R000000022
R000000012/4.621586/0091/R000000015
R000000023/1.000000/0000/Guesstimate
R000000002/5.531170/0004/R000000012/R000000023
M000000024/1.000000/0000/Sigma_BB-27945544
R000000001/7.207744/0119/R000000002/M000000024
R000000027/1.000000/0000/Guesstimate
R000000026/2.222222/0119/R000000027/M000000024
R000000029/1.000000/0000/Guesstimate
R000000028/2.222222/0119/R000000029/M000000024
R000000028/2.222222/0276/R000000027/M000000024
R000000026/2.469136/0091/R000000028
R000000025/6.889194/0112/R000000012/R000000026
R000000030/3.978053/0091/R000000013
R000000031/5.531170/0112/R000000012/R000000027
R000000030/6.145744/0197/R000000031
R000000033/2.222222/0276/R000000022/M000000024
R000000033/2.222222/0278/R000000022/M000000024
R000000032/2.469136/0091/R000000033
R000000032/2.469136/0197/R000000028
R000000025/7.163543/0112/R000000030/R000000032
R000000001/7.654661/0147/R000000025
Q000000002/4.130468/0000/R000000034
M000000038/1.000000/0000/Sigma_BB-27736991
R000000037/1.111111/0287/M000000038
M000000039/1.000000/0000/Sigma_BB-53166353
R000000037/1.111111/0299/M000000039
R000000040/1.000000/0000/Guesstimate
R000000036/2.345679/0231/R000000037/R000000040
R000000041/2.222222/0231/M000000038/R000000040
R000000036/2.469136/0287/R000000041
R000000042/1.000000/0000/Guesstimate
R000000035/3.717421/0003/R000000036/R000000042
R000000044/1.234568/0091/R000000037
R000000043/2.482853/0231/R000000044/R000000040
R000000045/1.000000/0000/Guesstimate
R000000035/3.869837/0112/R000000043/R000000045
R000000034/4.130468/0147/R000000035
M000000049/1.000000/0000/Sigma_BB-29205355
R000000048/1.111111/0114/M000000049
R000000047/2.345679/0231/R000000048/R000000040
R000000050/2.222222/0231/M000000049/R000000040
R000000047/2.469136/0114/R000000050
R000000051/1.000000/0000/Guesstimate
R000000046/3.717421/0003/R000000047/R000000051
M000000054/1.000000/0000/Sigma_BB-135659881
R000000053/2.222222/0231/M000000054/R000000040
R000000055/1.000000/0000/Guesstimate
R000000052/3.580247/0003/R000000053/R000000055
R000000057/1.000000/0000/Guesstimate
R000000056/3.580247/0175/R000000050/R000000057
R000000056/3.580247/0290/R000000050/R000000057
R000000052/3.978053/0079/R000000056
R000000060/1.000000/0000/Guesstimate
R000000059/1.111111/0228/R000000060
R000000061/1.000000/0000/Guesstimate
R000000062/1.000000/0000/Guesstimate
R000000059/2.222222/0277/R000000061/R000000062
R000000058/1.234568/0024/R000000059
R000000063/1.000000/0000/Guesstimate
R000000058/2.222222/0004/R000000063/R000000062
R000000046/5.349795/0049/R000000052/R000000058
R000000034/4.130468/0147/R000000046
Q000000003/9.822353/0000/R000000064
R000000069/1.000000/0000/Guesstimate
R000000070/1.000000/0000/Guesstimate
R000000068/2.222222/0112/R000000069/R000000070
R000000068/2.222222/0112/R000000069/R000000070
R000000072/1.000000/0000/Guesstimate
R000000071/2.222222/0003/R000000055/R000000072
R000000073/1.000000/0000/Guesstimate
R000000071/2.222222/0277/R000000073/R000000072
R000000067/4.938272/0122/R000000068/R000000071
R000000067/4.938272/0122/R000000068/R000000071
R000000066/5.486969/0059/R000000067
R000000076/1.000000/0000/Guesstimate
R000000077/1.000000/0000/Guesstimate
R000000075/2.222222/0277/R000000076/R000000077
R000000079/1.000000/0000/Guesstimate
R000000078/2.222222/0277/R000000076/R000000079
R000000081/1.000000/0000/Guesstimate
R000000080/2.222222/0277/R000000076/R000000081
R000000084/1.000000/0000/Guesstimate
R000000083/1.111111/0293/R000000084
R000000082/2.345679/0301/R000000083/R000000081
R000000082/2.345679/0301/R000000083/R000000081
R000000080/2.606310/0082/R000000082
R000000085/1.000000/0000/Guesstimate
R000000078/3.580247/0301/R000000080/R000000085
R000000075/2.469136/0155/R000000078
R000000074/4.938272/0122/R000000075/R000000071
R000000074/4.938272/0122/R000000075/R000000071
R000000066/5.486969/0099/R000000074
R000000088/1.000000/0000/Guesstimate
R000000089/1.000000/0000/Guesstimate
R000000087/2.222222/0301/R000000088/R000000089
R000000087/2.222222/0301/R000000088/R000000089
R000000086/2.469136/0122/R000000087
R000000090/7.800000/0000/Guesstimate
R000000086/8.666667/0155/R000000090
R000000065/8.840117/0301/R000000066/R000000086
R000000065/8.840117/0301/R000000066/R000000086
R000000064/9.822353/0188/R000000065
R000000064/9.822353/0188/R000000065
<NEXT>