#
#  Reaction log file
#  Author: LigBuilder V3 User_Diana
#  Creation time: Thu Apr  9 17:05:39 2026
#  Format:
#  QueryMoleculeId/Cost/SynthesizeId/ReactantId1/ReactantId2/ReactantId3.....
#  Id prefix:
#  Q --- Query Molecule
#  M --- Material
#  R --- Reactant
#
Directory      result/synthesize_PfHDAC1/113/DATABASE/
#
Q000000001/2.895900/0000/R000000001
R000000005/1.000000/0000/Guesstimate
R000000004/1.111111/0040/R000000005
R000000006/1.000000/0000/Guesstimate
R000000007/1.000000/0000/Guesstimate
R000000004/2.222222/0004/R000000006/R000000007
M000000008/1.000000/0000/Sigma_BB-28778184
R000000003/2.345679/0119/R000000004/M000000008
R000000010/1.000000/0000/Guesstimate
M000000011/1.000000/0000/Sigma_BB-31676617
R000000009/2.222222/0301/R000000010/M000000011
R000000009/2.222222/0301/R000000010/M000000011
R000000003/2.469136/0155/R000000009
R000000002/2.606310/0118/R000000003
R000000012/1.000000/0000/Guesstimate
R000000002/3.717421/0112/R000000012/R000000003
R000000001/2.895900/0041/R000000002
R000000014/1.000000/0000/Guesstimate
R000000017/1.000000/0000/Guesstimate
R000000016/2.222222/0276/M000000008/R000000017
R000000016/2.222222/0278/M000000008/R000000017
R000000015/2.469136/0091/R000000016
R000000019/1.000000/0000/Guesstimate
R000000018/2.222222/0119/M000000008/R000000019
R000000020/1.000000/0000/Guesstimate
R000000018/2.222222/0276/M000000008/R000000020
R000000015/2.469136/0197/R000000018
R000000013/3.854596/0003/R000000014/R000000015
R000000023/1.000000/0000/Guesstimate
R000000022/1.111111/0198/R000000023
R000000024/1.000000/0000/Guesstimate
R000000022/1.111111/0228/R000000024
R000000021/1.234568/0024/R000000022
R000000025/1.000000/0000/Guesstimate
R000000026/1.000000/0000/Guesstimate
R000000021/2.222222/0004/R000000025/R000000026
R000000028/2.222222/0119/M000000008/R000000020
R000000029/1.000000/0000/Guesstimate
R000000028/2.222222/0276/M000000008/R000000029
R000000027/2.469136/0079/R000000028
R000000031/1.000000/0000/Guesstimate
R000000030/2.222222/0119/M000000008/R000000031
R000000032/1.000000/0000/Guesstimate
R000000030/2.222222/0276/M000000008/R000000032
R000000027/2.469136/0082/R000000030
R000000013/4.115227/0049/R000000021/R000000027
R000000001/4.282884/0059/R000000013
Q000000002/6.282918/0000/R000000033
M000000036/1.000000/0000/Sigma_BB-128242238
R000000038/1.000000/0000/Guesstimate
R000000037/1.111111/0287/R000000038
R000000035/2.345679/0112/M000000036/R000000037
M000000039/1.000000/0000/Sigma_BB-28719305
R000000040/7.900000/0000/Guesstimate
R000000035/9.888888/0112/M000000039/R000000040
M000000044/1.000000/0000/Sigma_BB-28762337
R000000045/1.000000/0000/Guesstimate
R000000043/2.222222/0224/M000000044/R000000045
R000000042/2.469136/0093/R000000043
M000000046/1.000000/0000/Sigma_BB-28457967
R000000047/2.469136/0100/R000000043
R000000047/2.469136/0216/R000000043
R000000042/3.854596/0212/M000000046/R000000047
R000000041/2.743484/0086/R000000042
R000000041/2.743484/0091/R000000042
R000000034/5.654626/0175/R000000035/R000000041
M000000049/1.000000/0000/Sigma_BB-28834861
R000000048/3.580247/0212/M000000049/R000000043
R000000050/1.111111/0093/M000000049
M000000051/1.000000/0000/Sigma_BB-296138172
R000000050/1.111111/0147/M000000051
R000000048/3.978053/0212/R000000050/R000000047
R000000054/1.000000/0000/Guesstimate
R000000055/1.000000/0000/Guesstimate
R000000053/2.222222/0012/R000000054/R000000055
R000000056/1.000000/0000/Guesstimate
R000000053/2.222222/0112/R000000056/R000000012
R000000052/3.703704/0112/R000000053/R000000037
R000000057/9.888888/0112/R000000056/R000000040
R000000052/9.888888/0079/R000000057
R000000034/8.093279/0163/R000000048/R000000052
R000000033/6.282918/0025/R000000034
R000000060/1.000000/0000/Guesstimate
R000000059/2.222222/0012/R000000060/R000000055
R000000062/1.000000/0000/Guesstimate
R000000061/2.222222/0004/R000000023/R000000062
M000000063/1.000000/0000/Sigma_BB-28756173
R000000061/2.222222/0285/M000000063/R000000055
R000000059/2.469136/0009/R000000061
R000000058/6.447188/0163/R000000048/R000000059
R000000066/1.000000/0000/Guesstimate
R000000065/2.222222/0277/R000000060/R000000066
R000000065/2.222222/0277/R000000060/R000000066
R000000064/2.469136/0009/R000000065
R000000068/1.000000/0000/Guesstimate
R000000067/2.222222/0112/R000000068/R000000012
R000000069/1.000000/0000/Guesstimate
R000000070/1.000000/0000/Guesstimate
R000000067/2.222222/0112/R000000069/R000000070
R000000064/3.580247/0049/R000000067/R000000026
R000000058/6.721537/0148/R000000048/R000000064
R000000033/7.163543/0024/R000000058
Q000000003/Analysis Failed
<NEXT>