#
#  Reaction log file
#  Author: LigBuilder V3 User_Diana
#  Creation time: Thu Apr  9 17:06:28 2026
#  Format:
#  QueryMoleculeId/Cost/SynthesizeId/ReactantId1/ReactantId2/ReactantId3.....
#  Id prefix:
#  Q --- Query Molecule
#  M --- Material
#  R --- Reactant
#
Directory      result/synthesize_PfHDAC1/144/DATABASE/
#
Q000000001/Analysis Failed
Q000000002/5.531170/0000/R000000001
R000000002/1.000000/0000/Guesstimate
R000000006/1.000000/0000/Guesstimate
R000000007/1.000000/0000/Guesstimate
R000000005/2.222222/0004/R000000006/R000000007
R000000008/1.000000/0000/Guesstimate
R000000004/3.580247/0212/R000000005/R000000008
R000000004/3.580247/0212/R000000005/R000000008
R000000003/3.978053/0296/R000000004
R000000003/3.978053/0296/R000000004
R000000001/5.531170/0004/R000000002/R000000003
R000000011/1.000000/0000/Guesstimate
R000000010/5.531170/0112/R000000011/R000000003
R000000013/1.000000/0000/Guesstimate
R000000012/5.531170/0112/R000000013/R000000003
R000000010/6.145744/0039/R000000012
R000000009/6.145744/0059/R000000010
R000000014/6.145744/0059/R000000012
R000000015/1.000000/0000/Guesstimate
R000000014/7.256855/0224/R000000012/R000000015
R000000009/6.828605/0039/R000000014
R000000001/6.828605/0024/R000000009
Q000000003/5.531170/0000/R000000001
Q000000004/5.531170/0000/R000000001
<NEXT>