#
#  Reaction log file
#  Author: LigBuilder V3 User_Diana
#  Creation time: Thu Apr  9 17:08:50 2026
#  Format:
#  QueryMoleculeId/Cost/SynthesizeId/ReactantId1/ReactantId2/ReactantId3.....
#  Id prefix:
#  Q --- Query Molecule
#  M --- Material
#  R --- Reactant
#
Directory      result/synthesize_PfHDAC1/217/DATABASE/
#
Q000000001/2.743484/0000/R000000001
R000000004/1.000000/0000/Guesstimate
M000000005/1.000000/0000/Sigma_BB-361619217
R000000003/2.222222/0256/R000000004/M000000005
R000000006/9.600000/0000/Guesstimate
R000000003/9.600000/0198/R000000006
R000000002/2.469136/0082/R000000003
R000000009/1.000000/0000/Guesstimate
M000000010/1.000000/0000/Sigma_BB-326539576
R000000008/2.222222/0003/R000000009/M000000010
R000000011/1.000000/0000/Guesstimate
R000000007/3.580247/0012/R000000008/R000000011
R000000007/3.580247/0285/R000000008/R000000011
R000000002/3.978053/0198/R000000007
R000000001/2.743484/0040/R000000002
R000000013/1.000000/0000/Guesstimate
R000000014/1.000000/0000/Guesstimate
R000000012/3.333333/0261/M000000005/R000000013/R000000014
R000000001/3.703704/0024/R000000012
Q000000002/4.420059/0000/R000000015
M000000019/1.000000/0000/Sigma_BB-28103347
R000000018/2.222222/0285/M000000019/R000000011
R000000017/3.580247/0119/R000000018/R000000014
M000000022/1.000000/0000/Sigma_BB-28933404
R000000021/3.333333/0261/M000000022/R000000013/R000000014
R000000020/4.814815/0274/R000000021/R000000013
R000000017/5.349795/0219/R000000020
R000000016/3.978053/0198/R000000017
R000000023/3.703704/0217/R000000021
R000000023/5.349795/0257/R000000020
R000000016/4.115227/0147/R000000023
R000000015/4.420059/0024/R000000016
R000000026/2.469136/0091/R000000018
R000000025/2.743484/0198/R000000026
R000000025/2.743484/0298/R000000026
R000000027/1.000000/0000/Guesstimate
R000000024/4.159427/0174/R000000025/R000000027
R000000028/1.111111/0287/R000000027
R000000029/7.400000/0000/Guesstimate
R000000028/8.222222/0197/R000000029
R000000024/4.282884/0112/R000000025/R000000028
R000000015/4.621586/0025/R000000024
Q000000003/2.743484/0000/R000000001
<NEXT>