#
#  Reaction log file
#  Author: LigBuilder V3 User_Diana
#  Creation time: Thu Apr  9 17:10:38 2026
#  Format:
#  QueryMoleculeId/Cost/SynthesizeId/ReactantId1/ReactantId2/ReactantId3.....
#  Id prefix:
#  Q --- Query Molecule
#  M --- Material
#  R --- Reactant
#
Directory      result/synthesize_PfHDAC1/278/DATABASE/
#
Q000000001/2.758726/0000/R000000001
M000000005/1.000000/0000/Sigma_BB-35143599
R000000004/1.111111/0299/M000000005
M000000006/1.000000/0000/Sigma_BB-92153687
R000000007/1.000000/0000/Guesstimate
R000000004/2.222222/0274/M000000006/R000000007
R000000003/1.234568/0287/R000000004
M000000009/1.000000/0000/Sigma_BB-28760249
R000000008/1.111111/0114/M000000009
R000000008/1.111111/0287/M000000006
R000000003/2.345679/0274/R000000008/R000000007
R000000010/1.000000/0000/Guesstimate
R000000002/2.482853/0175/R000000003/R000000010
R000000012/2.222222/0175/M000000009/R000000010
M000000013/1.000000/0000/Sigma_BB-243843587
R000000014/1.000000/0000/Guesstimate
R000000012/2.222222/0212/M000000013/R000000014
R000000011/2.469136/0114/R000000012
R000000015/2.345679/0174/R000000008/R000000010
R000000015/2.345679/0289/R000000008/R000000010
R000000011/2.606310/0147/R000000015
R000000002/3.854596/0274/R000000011/R000000007
R000000001/2.758726/0139/R000000002
M000000017/1.000000/0000/Sigma_BB-48767194
R000000016/2.482853/0175/R000000003/M000000017
R000000020/1.000000/0000/Guesstimate
R000000019/2.345679/0175/R000000004/R000000020
R000000019/2.345679/0290/R000000004/R000000020
R000000018/2.606310/0287/R000000019
R000000021/2.345679/0175/R000000008/R000000020
R000000021/2.345679/0290/R000000008/R000000020
R000000018/3.717421/0274/R000000021/R000000007
R000000016/2.895900/0058/R000000018
R000000001/2.758726/0150/R000000016
Q000000002/2.758726/0000/R000000001
Q000000003/2.758726/0000/R000000001
<NEXT>