#
#  Reaction log file
#  Author: LigBuilder V3 User_Diana
#  Creation time: Thu Apr  9 17:04:23 2026
#  Format:
#  QueryMoleculeId/Cost/SynthesizeId/ReactantId1/ReactantId2/ReactantId3.....
#  Id prefix:
#  Q --- Query Molecule
#  M --- Material
#  R --- Reactant
#
Directory      result/synthesize_PfHDAC1/81/DATABASE/
#
Q000000001/7.163543/0000/R000000001
R000000005/1.000000/0000/Guesstimate
R000000006/1.000000/0000/Guesstimate
R000000004/2.222222/0003/R000000005/R000000006
R000000007/1.000000/0000/Guesstimate
R000000003/3.580247/0012/R000000004/R000000007
R000000009/1.000000/0000/Guesstimate
R000000008/3.580247/0012/R000000004/R000000009
R000000008/3.580247/0285/R000000004/R000000009
R000000010/1.000000/0000/Guesstimate
R000000003/5.089163/0279/R000000008/R000000010
R000000012/1.000000/0000/Guesstimate
R000000013/1.000000/0000/Guesstimate
R000000011/2.222222/0003/R000000012/R000000013
R000000014/1.000000/0000/Guesstimate
R000000015/1.000000/0000/Guesstimate
R000000011/2.222222/0049/R000000014/R000000015
R000000002/6.447188/0159/R000000003/R000000011
M000000018/1.000000/0000/Sigma_BB-187814628
R000000019/1.000000/0000/Guesstimate
R000000017/2.222222/0231/M000000018/R000000019
R000000021/1.000000/0000/Guesstimate
R000000022/1.000000/0000/Guesstimate
R000000020/2.222222/0276/R000000021/R000000022
R000000020/2.222222/0278/R000000021/R000000022
R000000016/4.938272/0175/R000000017/R000000020
R000000023/3.580247/0175/M000000018/R000000020
R000000023/3.580247/0290/M000000018/R000000020
R000000016/5.089163/0231/R000000023/R000000019
R000000024/1.000000/0000/Guesstimate
R000000002/6.598080/0112/R000000016/R000000024
R000000001/7.163543/0147/R000000002
R000000028/1.000000/0000/Guesstimate
R000000027/3.580247/0012/R000000028/R000000004
R000000029/1.000000/0000/Guesstimate
R000000027/5.089163/0279/R000000029/R000000008
R000000030/1.000000/0000/Guesstimate
R000000026/5.089163/0159/R000000027/R000000030
R000000032/1.000000/0000/Guesstimate
R000000031/5.089163/0159/R000000003/R000000032
R000000026/5.654626/0147/R000000031
R000000025/6.765737/0112/R000000026/R000000013
R000000034/3.580247/0174/R000000017/R000000024
R000000035/1.000000/0000/Guesstimate
R000000034/5.089163/0159/R000000003/R000000035
R000000033/3.978053/0147/R000000034
R000000037/1.000000/0000/Guesstimate
R000000036/3.580247/0175/R000000017/R000000037
R000000036/3.580247/0290/R000000017/R000000037
R000000033/3.978053/0147/R000000036
R000000025/6.889194/0112/R000000033/R000000020
R000000001/7.517486/0147/R000000025
Q000000002/Analysis Failed
Q000000003/Analysis Failed
Q000000004/Analysis Failed
<NEXT>