#
#  Reaction log file
#  Author: LigBuilder V3 User_Diana
#  Creation time: Thu Apr  9 17:08:14 2026
#  Format:
#  QueryMoleculeId/Cost/SynthesizeId/ReactantId1/ReactantId2/ReactantId3.....
#  Id prefix:
#  Q --- Query Molecule
#  M --- Material
#  R --- Reactant
#
Directory      result/synthesize_PfHDAC1/208/DATABASE/
#
Q000000001/5.944217/0000/R000000001
M000000005/1.000000/0000/Sigma_BB-27088078
R000000006/1.000000/0000/Guesstimate
R000000004/2.222222/0224/M000000005/R000000006
R000000003/2.469136/0104/R000000004
R000000003/2.469136/0104/R000000004
M000000009/1.000000/0000/Sigma_BB-28804095
R000000008/1.111111/0085/M000000009
R000000010/1.000000/0000/Guesstimate
R000000011/1.000000/0000/Guesstimate
R000000008/3.333333/0242/R000000010/R000000011/R000000011
R000000012/1.000000/0000/Guesstimate
R000000007/2.345679/0170/R000000008/R000000012
R000000014/1.000000/0000/Guesstimate
R000000013/3.333333/0242/R000000014/R000000011/R000000011
R000000015/1.000000/0000/Guesstimate
R000000007/4.814815/0170/R000000013/R000000015
R000000002/5.349795/0212/R000000003/R000000007
R000000002/5.349795/0212/R000000003/R000000007
R000000001/5.944217/0160/R000000002
R000000001/5.944217/0160/R000000002
Q000000002/5.944217/0000/R000000001
Q000000003/5.944217/0000/R000000001
<NEXT>