#
#  Reaction log file
#  Author: LigBuilder V3 User_Diana
#  Creation time: Thu Apr  9 17:08:56 2026
#  Format:
#  QueryMoleculeId/Cost/SynthesizeId/ReactantId1/ReactantId2/ReactantId3.....
#  Id prefix:
#  Q --- Query Molecule
#  M --- Material
#  R --- Reactant
#
Directory      result/synthesize_PfHDAC1/218/DATABASE/
#
Q000000001/4.420059/0000/R000000001
M000000005/1.000000/0000/Sigma_BB-28103347
R000000006/1.000000/0000/Guesstimate
R000000004/2.222222/0285/M000000005/R000000006
R000000007/1.000000/0000/Guesstimate
R000000003/3.580247/0119/R000000004/R000000007
M000000010/1.000000/0000/Sigma_BB-28933404
R000000011/1.000000/0000/Guesstimate
R000000009/3.333333/0261/M000000010/R000000011/R000000007
R000000008/4.814815/0274/R000000009/R000000011
R000000003/5.349795/0219/R000000008
R000000002/3.978053/0198/R000000003
R000000012/3.703704/0217/R000000009
R000000012/5.349795/0257/R000000008
R000000002/4.115227/0147/R000000012
R000000001/4.420059/0024/R000000002
R000000015/2.469136/0091/R000000004
R000000014/2.743484/0198/R000000015
R000000014/2.743484/0298/R000000015
R000000016/1.000000/0000/Guesstimate
R000000013/4.159427/0174/R000000014/R000000016
R000000017/1.111111/0287/R000000016
R000000018/7.400000/0000/Guesstimate
R000000017/8.222222/0197/R000000018
R000000013/4.282884/0112/R000000014/R000000017
R000000001/4.621586/0025/R000000013
Q000000002/3.703704/0000/R000000019
M000000021/1.000000/0000/Sigma_BB-361619217
R000000020/3.333333/0261/M000000021/R000000011/R000000007
R000000024/1.000000/0000/Guesstimate
R000000023/5.089163/0056/R000000003/R000000024
R000000022/5.654626/0295/R000000023
R000000020/6.282918/0198/R000000022
R000000019/3.703704/0024/R000000020
R000000028/1.000000/0000/Guesstimate
R000000027/4.159427/0056/R000000014/R000000028
R000000026/4.621586/0219/R000000027
R000000026/4.621586/0219/R000000027
R000000025/6.246207/0174/R000000026/R000000016
R000000025/6.369664/0112/R000000026/R000000017
R000000019/6.940230/0025/R000000025
Q000000003/3.703704/0000/R000000019
<NEXT>