#
#  Reaction log file
#  Author: LigBuilder V3 User_Diana
#  Creation time: Thu Apr  9 17:09:46 2026
#  Format:
#  QueryMoleculeId/Cost/SynthesizeId/ReactantId1/ReactantId2/ReactantId3.....
#  Id prefix:
#  Q --- Query Molecule
#  M --- Material
#  R --- Reactant
#
Directory      result/synthesize_PfHDAC1/259/DATABASE/
#
Q000000001/Analysis Failed
Q000000002/8.840117/0000/R000000001
R000000005/1.000000/0000/Guesstimate
R000000006/1.000000/0000/Guesstimate
R000000004/2.222222/0081/R000000005/R000000006
R000000007/1.000000/0000/Guesstimate
R000000004/2.222222/0210/R000000007/R000000006
R000000008/1.000000/0000/Guesstimate
R000000003/3.580247/0119/R000000004/R000000008
R000000009/2.469136/0091/R000000004
R000000003/3.854596/0276/R000000009/R000000008
M000000012/1.000000/0000/Sigma_BB-28823202
R000000013/1.000000/0000/Guesstimate
R000000011/2.222222/0004/M000000012/R000000013
R000000014/1.000000/0000/Guesstimate
R000000015/1.000000/0000/Guesstimate
R000000011/3.333333/0225/R000000014/R000000013/R000000015
R000000016/1.000000/0000/Guesstimate
R000000010/3.580247/0212/R000000011/R000000016
R000000010/3.580247/0212/R000000011/R000000016
R000000002/7.956105/0274/R000000003/R000000010
R000000019/1.000000/0000/Guesstimate
R000000018/2.222222/0081/R000000019/R000000006
R000000018/2.469136/0155/R000000004
R000000017/3.580247/0119/R000000018/R000000008
R000000020/2.469136/0091/R000000018
R000000020/2.743484/0155/R000000009
R000000017/3.854596/0276/R000000020/R000000008
R000000022/1.000000/0000/Guesstimate
R000000021/3.580247/0212/R000000022/R000000011
R000000023/3.580247/0212/R000000011/R000000006
R000000023/3.580247/0212/R000000011/R000000006
R000000021/3.978053/0041/R000000023
R000000002/7.956105/0274/R000000017/R000000021
R000000001/8.840117/0024/R000000002
R000000027/1.000000/0000/Guesstimate
R000000026/3.854596/0174/R000000009/R000000027
R000000026/3.854596/0289/R000000009/R000000027
R000000025/5.393995/0274/R000000026/R000000016
R000000028/3.854596/0174/R000000020/R000000027
R000000028/4.282884/0155/R000000026
R000000025/5.393995/0274/R000000028/R000000022
R000000024/8.462464/0212/R000000025/R000000011
R000000024/8.462464/0212/R000000025/R000000011
R000000001/9.402739/0025/R000000024
Q000000003/5.944217/0000/R000000029
M000000033/1.000000/0000/Sigma_BB-28760241
R000000032/1.111111/0104/M000000033
R000000032/1.111111/0104/M000000033
R000000031/1.234568/0293/R000000032
R000000031/1.234568/0293/R000000032
R000000036/1.000000/0000/Guesstimate
R000000037/1.000000/0000/Guesstimate
R000000035/2.222222/0224/R000000036/R000000037
R000000038/1.000000/0000/Guesstimate
R000000034/3.580247/0004/R000000035/R000000038
R000000040/1.000000/0000/Guesstimate
R000000039/2.222222/0112/R000000040/R000000038
R000000034/3.580247/0224/R000000039/R000000037
R000000030/5.349795/0212/R000000031/R000000034
R000000030/5.349795/0212/R000000031/R000000034
R000000029/5.944217/0160/R000000030
M000000043/1.000000/0000/Sigma_BB-28426400
R000000042/3.580247/0004/M000000043/R000000035
M000000045/1.000000/0000/Sigma_BB-30386853
R000000044/3.580247/0004/M000000045/R000000035
R000000042/3.978053/0197/R000000044
R000000048/1.000000/0000/Guesstimate
R000000049/1.000000/0000/Guesstimate
R000000047/2.222222/0274/R000000048/R000000049
R000000046/2.469136/0001/R000000047
R000000051/1.000000/0000/Guesstimate
R000000050/2.222222/0274/R000000048/R000000051
R000000050/2.469136/0091/R000000047
R000000046/2.469136/0004/R000000050
R000000041/6.721537/0212/R000000042/R000000046
R000000041/6.721537/0212/R000000042/R000000046
R000000029/7.468375/0099/R000000041
<NEXT>