#
#  Reaction log file
#  Author: LigBuilder V3 User_Diana
#  Creation time: Thu Apr  9 01:01:51 2026
#  Format:
#  QueryMoleculeId/Cost/SynthesizeId/ReactantId1/ReactantId2/ReactantId3.....
#  Id prefix:
#  Q --- Query Molecule
#  M --- Material
#  R --- Reactant
#
Directory      result/synthesize_PfHDAC1/160/DATABASE/
#
Q000000001/7.055328/0000/R000000001
R000000005/1.000000/0000/Guesstimate
R000000004/1.111111/0265/R000000005
M000000006/1.000000/0000/Sigma_BB-70737316
R000000003/2.345679/0275/R000000004/M000000006
R000000007/2.222222/0275/R000000005/M000000006
R000000003/2.469136/0265/R000000007
R000000010/1.000000/0000/Guesstimate
R000000011/1.000000/0000/Guesstimate
R000000009/2.222222/0226/R000000010/R000000011
R000000012/1.000000/0000/Guesstimate
R000000009/2.222222/0277/R000000012/R000000011
R000000008/2.469136/0099/R000000009
R000000015/1.000000/0000/Guesstimate
R000000016/1.000000/0000/Guesstimate
R000000014/2.222222/0004/R000000015/R000000016
R000000013/2.469136/0009/R000000014
R000000017/7.800000/0000/Guesstimate
R000000013/8.666667/0082/R000000017
R000000008/2.743484/0059/R000000013
R000000002/5.349795/0231/R000000003/R000000008
R000000018/5.212621/0231/R000000007/R000000008
R000000021/2.222222/0231/M000000006/R000000016
R000000022/1.000000/0000/Guesstimate
R000000020/3.580247/0112/R000000021/R000000022
R000000023/3.580247/0231/M000000006/R000000014
R000000020/3.978053/0009/R000000023
R000000019/3.978053/0059/R000000020
R000000019/5.089163/0224/R000000020/R000000010
R000000018/5.531170/0275/R000000005/R000000019
R000000002/5.791801/0265/R000000018
R000000024/1.000000/0000/Guesstimate
R000000001/7.055328/0069/R000000002/R000000024
R000000026/2.345679/0069/R000000004/R000000024
R000000028/1.000000/0000/Guesstimate
R000000027/2.345679/0069/R000000004/R000000028
R000000026/2.606310/0147/R000000027
R000000025/6.584363/0275/R000000026/R000000020
R000000029/3.717421/0069/R000000003/R000000024
R000000030/3.717421/0069/R000000003/R000000028
R000000030/3.717421/0275/R000000027/M000000006
R000000029/4.130468/0147/R000000030
R000000025/6.873953/0231/R000000029/R000000013
R000000001/7.315958/0059/R000000025
Q000000002/7.055328/0000/R000000001
Q000000003/Analysis Failed
<NEXT>