#
#  Reaction log file
#  Author: LigBuilder V3 User_Diana
#  Creation time: Thu Apr  9 00:59:33 2026
#  Format:
#  QueryMoleculeId/Cost/SynthesizeId/ReactantId1/ReactantId2/ReactantId3.....
#  Id prefix:
#  Q --- Query Molecule
#  M --- Material
#  R --- Reactant
#
Directory      result/synthesize_PfHDAC1/64/DATABASE/
#
Q000000001/Analysis Failed
Q000000002/3.580247/0000/R000000001
R000000003/1.000000/0000/Guesstimate
R000000004/1.000000/0000/Guesstimate
R000000002/2.222222/0004/R000000003/R000000004
R000000007/1.000000/0000/Guesstimate
R000000008/1.000000/0000/Guesstimate
R000000006/2.222222/0277/R000000007/R000000008
R000000005/2.469136/0099/R000000006
R000000009/2.469136/0233/R000000006
R000000009/2.469136/0258/R000000006
R000000005/2.743484/0295/R000000009
R000000002/2.743484/0040/R000000005
R000000010/1.000000/0000/Guesstimate
R000000001/3.580247/0003/R000000002/R000000010
R000000014/1.000000/0000/Guesstimate
R000000013/2.222222/0277/R000000014/R000000008
R000000012/2.469136/0099/R000000013
R000000015/9.000000/0000/Guesstimate
R000000012/10.000000/0293/R000000015
R000000016/1.000000/0000/Guesstimate
R000000011/3.854596/0004/R000000012/R000000016
R000000019/1.000000/0000/Guesstimate
R000000018/3.580247/0277/R000000013/R000000019
R000000020/1.000000/0000/Guesstimate
R000000018/3.580247/0301/R000000013/R000000020
R000000017/3.978053/0099/R000000018
R000000022/1.000000/0000/Guesstimate
R000000021/3.854596/0301/R000000012/R000000022
R000000021/3.854596/0301/R000000012/R000000022
R000000017/4.282884/0039/R000000021
R000000011/4.420059/0024/R000000017
R000000023/1.111111/0125/R000000010
R000000024/1.000000/0000/Guesstimate
R000000023/2.222222/0112/R000000024/R000000010
R000000001/5.517452/0049/R000000011/R000000023
Q000000003/Analysis Failed
<NEXT>