#
#  Reaction log file
#  Author: LigBuilder V3 User_Diana
#  Creation time: Thu Apr  9 01:02:27 2026
#  Format:
#  QueryMoleculeId/Cost/SynthesizeId/ReactantId1/ReactantId2/ReactantId3.....
#  Id prefix:
#  Q --- Query Molecule
#  M --- Material
#  R --- Reactant
#
Directory      result/synthesize_PfHDAC1/196/DATABASE/
#
Q000000001/4.572474/0000/R000000001
R000000005/1.000000/0000/Guesstimate
R000000006/1.000000/0000/Guesstimate
R000000004/2.222222/0004/R000000005/R000000006
R000000003/2.469136/0153/R000000004
R000000007/2.469136/0086/R000000004
R000000007/2.469136/0091/R000000004
R000000003/2.743484/0154/R000000007
M000000010/1.000000/0000/Sigma_BB-311676913
R000000009/1.111111/0287/M000000010
R000000008/1.234568/0299/R000000009
M000000013/1.000000/0000/Sigma_BB-28769357
R000000012/1.111111/0104/M000000013
R000000012/1.111111/0104/M000000013
R000000014/1.000000/0000/Guesstimate
R000000011/2.345679/0212/R000000012/R000000014
R000000011/2.345679/0212/R000000012/R000000014
R000000008/2.606310/0160/R000000011
R000000002/4.115227/0274/R000000003/R000000008
R000000001/4.572474/0260/R000000002
R000000018/1.000000/0000/Guesstimate
R000000017/2.222222/0112/R000000018/R000000006
R000000016/2.469136/0197/R000000017
R000000016/2.469136/0197/R000000017
R000000015/5.349795/0275/R000000016/R000000011
M000000021/1.000000/0000/Sigma_BB-244164693
R000000020/1.111111/0104/M000000021
R000000020/1.111111/0104/M000000021
R000000019/3.978053/0275/R000000016/R000000020
R000000022/1.000000/0000/Guesstimate
R000000015/5.531170/0301/R000000019/R000000022
R000000001/5.944217/0160/R000000015
Q000000002/5.993328/0000/R000000023
M000000026/1.000000/0000/Sigma_BB-29088450
R000000025/3.854596/0275/R000000016/M000000026
R000000027/3.854596/0274/R000000003/M000000026
R000000025/4.282884/0260/R000000027
R000000028/1.000000/0000/Guesstimate
R000000024/5.393995/0112/R000000025/R000000028
R000000031/1.000000/0000/Guesstimate
R000000030/3.854596/0275/R000000016/R000000031
R000000029/4.282884/0041/R000000030
R000000029/4.282884/0233/R000000030
R000000033/1.000000/0000/Guesstimate
R000000034/1.000000/0000/Guesstimate
R000000032/2.222222/0012/R000000033/R000000034
M000000036/1.000000/0000/Sigma_BB-30423282
R000000037/1.000000/0000/Guesstimate
R000000035/2.222222/0279/M000000036/R000000037
R000000035/2.222222/0279/M000000036/R000000037
R000000032/2.469136/0009/R000000035
R000000024/7.227896/0159/R000000029/R000000032
R000000023/5.993328/0147/R000000024
M000000041/1.000000/0000/Sigma_BB-27600086
R000000040/2.222222/0175/M000000041/R000000028
R000000040/2.222222/0290/M000000041/R000000028
R000000039/2.469136/0104/R000000040
R000000039/2.469136/0104/R000000040
R000000038/5.486969/0275/R000000016/R000000039
R000000042/1.000000/0000/Guesstimate
R000000038/5.531170/0301/R000000019/R000000042
R000000023/6.096632/0160/R000000038
Q000000003/4.572474/0000/R000000001
<NEXT>