#
#  Reaction log file
#  Author: LigBuilder V3 User_Diana
#  Creation time: Thu Apr  9 00:57:46 2026
#  Format:
#  QueryMoleculeId/Cost/SynthesizeId/ReactantId1/ReactantId2/ReactantId3.....
#  Id prefix:
#  Q --- Query Molecule
#  M --- Material
#  R --- Reactant
#
Directory      result/synthesize_PfHDAC1/14/DATABASE/
#
Q000000001/5.791800/0000/R000000001
R000000005/1.000000/0000/Guesstimate
R000000004/1.111111/0283/R000000005
R000000006/1.000000/0000/Guesstimate
R000000003/2.345679/0285/R000000004/R000000006
R000000008/1.000000/0000/Guesstimate
R000000007/2.345679/0277/R000000004/R000000008
R000000003/2.606310/0295/R000000007
R000000010/1.000000/0000/Guesstimate
R000000012/1.000000/0000/Guesstimate
R000000011/1.111111/0283/R000000012
R000000009/2.345679/0277/R000000010/R000000011
R000000014/1.000000/0000/Guesstimate
R000000013/2.345679/0277/R000000014/R000000011
R000000009/2.606310/0300/R000000013
R000000002/5.212620/0112/R000000003/R000000009
R000000017/1.000000/0000/Guesstimate
R000000016/3.717421/0112/R000000003/R000000017
R000000015/4.130468/0040/R000000016
R000000019/1.000000/0000/Guesstimate
R000000018/3.717421/0112/R000000003/R000000019
R000000015/4.130468/0092/R000000018
R000000022/1.000000/0000/Guesstimate
R000000023/1.000000/0000/Guesstimate
R000000021/2.222222/0274/R000000022/R000000023
R000000020/2.469136/0113/R000000021
R000000025/1.000000/0000/Guesstimate
R000000024/2.345679/0277/R000000011/R000000025
R000000024/2.606310/0092/R000000009
R000000020/2.606310/0073/R000000024
R000000002/7.332894/0212/R000000015/R000000020
R000000001/5.791800/0099/R000000002
R000000029/1.000000/0000/Guesstimate
R000000028/2.345679/0112/R000000004/R000000029
R000000027/2.606310/0197/R000000028
R000000026/4.007011/0285/R000000027/R000000006
R000000032/1.000000/0000/Guesstimate
R000000031/4.007011/0277/R000000027/R000000032
R000000033/1.000000/0000/Guesstimate
R000000030/5.563346/0274/R000000031/R000000033
R000000035/1.000000/0000/Guesstimate
R000000034/4.007011/0277/R000000027/R000000035
R000000036/1.000000/0000/Guesstimate
R000000030/5.563346/0301/R000000034/R000000036
R000000026/6.181496/0295/R000000030
R000000039/1.000000/0000/Guesstimate
R000000038/3.854596/0212/R000000039/R000000020
R000000041/1.000000/0000/Guesstimate
R000000040/3.854596/0212/R000000041/R000000020
R000000040/3.854596/0212/R000000041/R000000020
R000000038/4.282884/0155/R000000040
R000000037/4.282884/0099/R000000038
R000000042/8.777778/0293/R000000043
R000000042/8.777778/0293/R000000043
R000000037/9.753086/0090/R000000042
R000000001/9.210996/0112/R000000026/R000000037
Q000000002/5.791800/0000/R000000001
Q000000003/5.791800/0000/R000000001
<NEXT>