#
#  Reaction log file
#  Author: LigBuilder V3 User_Diana
#  Creation time: Thu Apr  9 00:59:08 2026
#  Format:
#  QueryMoleculeId/Cost/SynthesizeId/ReactantId1/ReactantId2/ReactantId3.....
#  Id prefix:
#  Q --- Query Molecule
#  M --- Material
#  R --- Reactant
#
Directory      result/synthesize_PfHDAC1/48/DATABASE/
#
Q000000001/2.895900/0000/R000000001
R000000005/1.000000/0000/Guesstimate
R000000004/1.111111/0283/R000000005
R000000006/1.000000/0000/Guesstimate
R000000003/2.345679/0277/R000000004/R000000006
R000000002/2.606310/0099/R000000003
R000000009/1.000000/0000/Guesstimate
R000000008/1.111111/0288/R000000009
R000000010/9.000000/0000/Guesstimate
R000000008/10.000000/0198/R000000010
R000000011/1.000000/0000/Guesstimate
R000000007/2.345679/0277/R000000008/R000000011
R000000007/2.345679/0301/R000000008/R000000006
R000000002/2.606310/0295/R000000007
R000000001/2.895900/0059/R000000002
R000000015/1.000000/0000/Guesstimate
R000000014/2.345679/0277/R000000004/R000000015
R000000013/2.606310/0073/R000000014
R000000016/2.606310/0100/R000000014
R000000016/2.606310/0216/R000000014
R000000013/2.895900/0100/R000000016
R000000018/1.000000/0000/Guesstimate
R000000019/1.000000/0000/Guesstimate
R000000017/2.222222/0004/R000000018/R000000019
R000000021/1.000000/0000/Guesstimate
R000000020/2.222222/0277/R000000021/R000000019
R000000017/2.469136/0024/R000000020
R000000012/5.365036/0212/R000000013/R000000017
R000000012/5.365036/0212/R000000013/R000000017
R000000001/5.961151/0099/R000000012
Q000000002/Analysis Failed
Q000000003/Analysis Failed
Q000000004/Analysis Failed
<NEXT>