#
#  Reaction log file
#  Author: LigBuilder V3 User_Diana
#  Creation time: Thu Apr  9 01:01:53 2026
#  Format:
#  QueryMoleculeId/Cost/SynthesizeId/ReactantId1/ReactantId2/ReactantId3.....
#  Id prefix:
#  Q --- Query Molecule
#  M --- Material
#  R --- Reactant
#
Directory      result/synthesize_PfHDAC1/176/DATABASE/
#
Q000000001/2.606310/0000/R000000001
M000000004/1.000000/0000/Sigma_BB-326697832
R000000003/1.111111/0287/M000000004
M000000005/1.000000/0000/Sigma_BB-28522060
R000000003/1.111111/0299/M000000005
R000000006/1.000000/0000/Guesstimate
R000000002/2.345679/0112/R000000003/R000000006
M000000009/1.000000/0000/Sigma_BB-30391580
R000000010/1.000000/0000/Guesstimate
R000000008/2.222222/0112/M000000009/R000000010
R000000011/1.000000/0000/Guesstimate
R000000008/2.345679/0112/R000000003/R000000011
R000000007/2.469136/0079/R000000008
R000000013/1.000000/0000/Guesstimate
R000000012/2.222222/0112/M000000009/R000000013
R000000014/1.000000/0000/Guesstimate
R000000012/2.345679/0112/R000000003/R000000014
R000000007/2.469136/0082/R000000012
R000000002/2.743484/0040/R000000007
R000000001/2.606310/0153/R000000002
R000000016/1.234568/0079/R000000003
R000000017/1.000000/0000/Guesstimate
R000000016/2.345679/0112/R000000003/R000000017
R000000015/1.371742/0040/R000000016
M000000020/1.000000/0000/Sigma_BB-27948280
R000000019/1.111111/0104/M000000020
R000000019/1.111111/0104/M000000020
R000000018/1.234568/0293/R000000019
R000000018/1.234568/0293/R000000019
R000000015/1.371742/0160/R000000018
R000000021/1.000000/0000/Guesstimate
R000000001/2.635269/0119/R000000015/R000000021
Q000000002/7.468375/0000/R000000022
R000000026/1.000000/0000/Guesstimate
M000000027/1.000000/0000/Sigma_BB-28764950
R000000025/2.222222/0212/R000000026/M000000027
R000000025/2.222222/0212/R000000026/M000000027
R000000024/2.469136/0087/R000000025
R000000028/3.580247/0004/R000000025/R000000011
R000000024/3.978053/0197/R000000028
M000000031/1.000000/0000/Sigma_BB-27948135
R000000032/1.000000/0000/Guesstimate
R000000030/2.222222/0231/M000000031/R000000032
R000000033/1.000000/0000/Guesstimate
R000000029/3.580247/0175/R000000030/R000000033
R000000034/2.222222/0175/M000000031/R000000033
R000000034/2.222222/0290/M000000031/R000000033
R000000029/3.580247/0231/R000000034/R000000032
R000000023/6.721537/0175/R000000024/R000000029
R000000023/6.721537/0290/R000000024/R000000029
R000000022/7.468375/0028/R000000023
R000000038/1.000000/0000/Guesstimate
R000000039/1.000000/0000/Guesstimate
R000000037/2.222222/0122/R000000038/R000000039
R000000037/2.222222/0122/R000000038/R000000039
R000000036/2.469136/0091/R000000037
R000000036/2.743484/0028/R000000024
R000000041/1.000000/0000/Guesstimate
R000000040/3.580247/0175/R000000030/R000000041
R000000042/2.222222/0175/M000000031/R000000041
R000000042/2.222222/0290/M000000031/R000000041
R000000040/3.580247/0231/R000000042/R000000032
R000000035/6.721537/0175/R000000036/R000000040
R000000045/1.000000/0000/Guesstimate
R000000044/3.580247/0175/R000000045/R000000030
R000000044/3.580247/0290/R000000045/R000000030
R000000043/5.089163/0122/R000000038/R000000044
R000000043/5.089163/0122/R000000038/R000000044
R000000035/6.765737/0175/R000000043/R000000041
R000000022/7.468375/0039/R000000035
Q000000003/4.621586/0000/R000000046
R000000051/1.000000/0000/Guesstimate
R000000050/1.111111/0288/R000000051
R000000052/9.000000/0000/Guesstimate
R000000050/10.000000/0198/R000000052
M000000054/1.000000/0000/Sigma_BB-28524129
R000000053/1.111111/0086/M000000054
R000000053/1.111111/0091/M000000054
R000000049/2.469136/0112/R000000050/R000000053
R000000048/2.743484/0295/R000000049
R000000055/2.469136/0112/R000000050/R000000053
R000000048/2.743484/0295/R000000055
R000000056/1.000000/0000/Guesstimate
R000000047/4.159427/0012/R000000048/R000000056
R000000058/3.854596/0012/R000000049/R000000056
R000000058/3.854596/0285/R000000049/R000000056
R000000057/4.282884/0257/R000000058
R000000047/4.758760/0099/R000000057
R000000046/4.621586/0059/R000000047
R000000060/4.282884/0059/R000000058
R000000060/5.393995/0224/R000000058/R000000021
R000000059/4.758760/0257/R000000060
R000000062/4.758760/0099/R000000057
R000000061/5.287512/0228/R000000062
R000000061/5.287512/0286/R000000062
R000000059/5.875013/0156/R000000061
R000000046/5.287512/0099/R000000059
<NEXT>