#
#  Reaction log file
#  Author: LigBuilder V3 User_Diana
#  Creation time: Thu Apr  9 00:59:28 2026
#  Format:
#  QueryMoleculeId/Cost/SynthesizeId/ReactantId1/ReactantId2/ReactantId3.....
#  Id prefix:
#  Q --- Query Molecule
#  M --- Material
#  R --- Reactant
#
Directory      result/synthesize_PfHDAC1/67/DATABASE/
#
Q000000001/Analysis Failed
Q000000002/4.572474/0000/R000000001
R000000005/1.000000/0000/Guesstimate
R000000004/1.111111/0283/R000000005
R000000006/1.000000/0000/Guesstimate
R000000007/1.000000/0000/Guesstimate
R000000004/2.222222/0275/R000000006/R000000007
R000000009/1.000000/0000/Guesstimate
R000000010/1.000000/0000/Guesstimate
R000000008/2.222222/0012/R000000009/R000000010
R000000011/1.000000/0000/Guesstimate
R000000012/1.000000/0000/Guesstimate
R000000008/2.222222/0112/R000000011/R000000012
R000000003/3.703704/0159/R000000004/R000000008
R000000002/4.115227/0079/R000000003
R000000013/1.000000/0000/Guesstimate
R000000002/5.226338/0112/R000000003/R000000013
R000000001/4.572474/0041/R000000002
R000000001/4.572474/0233/R000000002
Q000000003/4.572474/0000/R000000001
<NEXT>