#
#  Reaction log file
#  Author: LigBuilder V3 User_Diana
#  Creation time: Thu Apr  9 01:04:29 2026
#  Format:
#  QueryMoleculeId/Cost/SynthesizeId/ReactantId1/ReactantId2/ReactantId3.....
#  Id prefix:
#  Q --- Query Molecule
#  M --- Material
#  R --- Reactant
#
Directory      result/synthesize_PfHDAC1/277/DATABASE/
#
Q000000001/5.393995/0000/R000000001
R000000003/1.000000/0000/Guesstimate
R000000006/1.000000/0000/Guesstimate
R000000007/1.000000/0000/Guesstimate
R000000005/2.222222/0274/R000000006/R000000007
R000000004/2.469136/0122/R000000005
R000000004/9.111111/0293/R000000008
R000000002/3.854596/0122/R000000003/R000000004
R000000009/3.580247/0122/R000000003/R000000005
R000000009/3.580247/0122/R000000003/R000000005
R000000002/3.978053/0122/R000000009
R000000010/1.000000/0000/Guesstimate
R000000001/5.393995/0119/R000000002/R000000010
R000000011/5.089163/0119/R000000009/R000000010
R000000013/1.000000/0000/Guesstimate
R000000014/1.000000/0000/Guesstimate
R000000012/2.222222/0122/R000000013/R000000014
R000000016/1.000000/0000/Guesstimate
R000000015/2.222222/0301/R000000013/R000000016
R000000017/1.000000/0000/Guesstimate
R000000018/1.000000/0000/Guesstimate
R000000015/2.222222/0301/R000000017/R000000018
R000000012/2.469136/0139/R000000015
R000000020/2.222222/0119/R000000007/R000000010
R000000021/1.000000/0000/Guesstimate
R000000020/2.222222/0276/R000000007/R000000021
R000000023/1.000000/0000/Guesstimate
R000000024/1.000000/0000/Guesstimate
R000000022/2.222222/0001/R000000023/R000000024
R000000025/1.000000/0000/Guesstimate
R000000022/2.222222/0004/R000000025/R000000024
R000000019/4.938272/0274/R000000020/R000000022
R000000027/1.000000/0000/Guesstimate
R000000026/3.580247/0274/R000000027/R000000022
R000000029/1.000000/0000/Guesstimate
R000000028/2.222222/0119/R000000029/R000000010
R000000028/2.222222/0276/R000000029/R000000021
R000000019/6.447188/0279/R000000026/R000000028
R000000011/7.956105/0042/R000000012/R000000019
R000000001/5.654626/0122/R000000011
Q000000002/7.637726/0000/R000000030
R000000035/1.000000/0000/Guesstimate
R000000034/1.111111/0198/R000000035
R000000036/1.000000/0000/Guesstimate
R000000034/1.111111/0198/R000000036
R000000033/1.234568/0155/R000000034
R000000038/1.000000/0000/Guesstimate
R000000037/2.222222/0004/R000000013/R000000038
R000000039/1.000000/0000/Guesstimate
M000000040/1.000000/0000/Sigma_BB-27088218
R000000037/2.222222/0212/R000000039/M000000040
R000000033/2.469136/0197/R000000037
R000000032/2.482853/0004/R000000033/R000000038
M000000042/1.000000/0000/Sigma_BB-28524129
R000000041/3.580247/0212/R000000037/M000000042
R000000041/3.580247/0212/R000000037/M000000042
R000000032/3.978053/0024/R000000041
M000000045/1.000000/0000/Sigma_BB-28764950
R000000044/1.111111/0085/M000000045
R000000047/1.000000/0000/Guesstimate
R000000046/2.222222/0004/R000000038/R000000047
R000000048/1.000000/0000/Guesstimate
R000000049/1.000000/0000/Guesstimate
R000000046/3.333333/0225/R000000048/R000000047/R000000049
R000000043/3.703704/0212/R000000044/R000000046
R000000043/3.703704/0212/R000000044/R000000046
R000000031/6.873953/0212/R000000032/R000000043
R000000031/6.873953/0212/R000000032/R000000043
R000000030/7.637726/0028/R000000031
R000000052/3.580247/0212/M000000045/R000000046
R000000052/3.580247/0212/M000000045/R000000046
R000000051/3.978053/0085/R000000052
R000000054/1.000000/0000/Guesstimate
R000000053/5.089163/0004/R000000052/R000000054
R000000051/5.654626/0197/R000000053
R000000050/7.178785/0212/R000000032/R000000051
R000000050/7.178785/0212/R000000032/R000000051
R000000030/7.976428/0028/R000000050
Q000000003/7.637726/0000/R000000030
<NEXT>