#
#  Reaction log file
#  Author: LigBuilder V3 User_Diana
#  Creation time: Thu Apr  9 01:03:11 2026
#  Format:
#  QueryMoleculeId/Cost/SynthesizeId/ReactantId1/ReactantId2/ReactantId3.....
#  Id prefix:
#  Q --- Query Molecule
#  M --- Material
#  R --- Reactant
#
Directory      result/synthesize_PfHDAC1/224/DATABASE/
#
Q000000001/5.869872/0000/R000000001
R000000006/1.000000/0000/Guesstimate
R000000007/1.000000/0000/Guesstimate
R000000005/2.222222/0112/R000000006/R000000007
R000000004/2.469136/0197/R000000005
R000000004/2.469136/0197/R000000005
M000000008/1.000000/0000/Sigma_BB-28666772
R000000003/3.854596/0275/R000000004/M000000008
M000000010/1.000000/0000/Sigma_BB-28824595
R000000009/3.854596/0275/R000000004/M000000010
R000000003/4.282884/0299/R000000009
R000000002/4.282884/0040/R000000003
R000000013/1.000000/0000/Guesstimate
R000000012/3.854596/0275/R000000004/R000000013
R000000011/4.282884/0041/R000000012
R000000011/4.282884/0233/R000000012
R000000015/1.000000/0000/Guesstimate
R000000016/1.000000/0000/Guesstimate
R000000014/2.222222/0012/R000000015/R000000016
R000000018/1.000000/0000/Guesstimate
R000000019/1.000000/0000/Guesstimate
R000000017/2.222222/0004/R000000018/R000000019
R000000020/1.000000/0000/Guesstimate
R000000021/1.000000/0000/Guesstimate
R000000017/2.222222/0122/R000000020/R000000021
R000000014/2.469136/0009/R000000017
R000000002/7.227896/0159/R000000011/R000000014
R000000022/1.000000/0000/Guesstimate
R000000001/5.869872/0119/R000000002/R000000022
R000000024/1.000000/0000/Guesstimate
R000000023/2.222222/0012/R000000015/R000000024
R000000027/1.000000/0000/Guesstimate
R000000028/1.000000/0000/Guesstimate
R000000026/2.222222/0279/R000000027/R000000028
R000000026/2.222222/0279/R000000027/R000000028
R000000025/2.469136/0040/R000000026
R000000030/1.000000/0000/Guesstimate
R000000031/1.000000/0000/Guesstimate
R000000029/2.222222/0224/R000000030/R000000031
R000000032/1.000000/0000/Guesstimate
R000000029/2.222222/0279/R000000032/R000000028
R000000025/3.580247/0004/R000000018/R000000029
R000000023/2.743484/0009/R000000025
R000000001/7.227896/0159/R000000011/R000000023
Q000000002/5.869872/0000/R000000001
Q000000003/5.869872/0000/R000000001
<NEXT>