#
#  Reaction log file
#  Author: LigBuilder V3 User_Diana
#  Creation time: Thu Apr  9 01:02:50 2026
#  Format:
#  QueryMoleculeId/Cost/SynthesizeId/ReactantId1/ReactantId2/ReactantId3.....
#  Id prefix:
#  Q --- Query Molecule
#  M --- Material
#  R --- Reactant
#
Directory      result/synthesize_PfHDAC1/203/DATABASE/
#
Q000000001/6.096632/0000/R000000001
R000000005/1.000000/0000/Guesstimate
R000000006/1.000000/0000/Guesstimate
R000000004/2.222222/0112/R000000005/R000000006
R000000003/2.469136/0197/R000000004
R000000009/1.000000/0000/Guesstimate
R000000010/1.000000/0000/Guesstimate
R000000008/2.222222/0158/R000000009/R000000010
R000000008/2.222222/0158/R000000009/R000000010
R000000007/2.469136/0188/R000000008
R000000012/1.000000/0000/Guesstimate
R000000011/2.222222/0158/R000000012/R000000010
R000000011/2.222222/0158/R000000012/R000000010
R000000007/2.469136/0188/R000000011
R000000002/5.486969/0275/R000000003/R000000007
R000000001/6.096632/0160/R000000002
R000000001/6.096632/0160/R000000002
Q000000002/8.183412/0000/R000000013
R000000016/2.743484/0293/R000000007
R000000016/2.743484/0293/R000000007
R000000017/1.000000/0000/Guesstimate
R000000015/4.159427/0301/R000000016/R000000017
R000000015/4.159427/0301/R000000016/R000000017
R000000014/7.365070/0275/R000000003/R000000015
R000000018/5.791801/0275/R000000003/R000000016
R000000018/6.096632/0293/R000000002
R000000014/7.546446/0301/R000000018/R000000017
R000000013/8.183412/0160/R000000014
R000000013/8.183412/0160/R000000014
Q000000003/4.282884/0000/R000000019
M000000021/1.000000/0000/Sigma_BB-29509312
R000000020/3.854596/0275/R000000003/M000000021
R000000019/4.282884/0222/R000000020
R000000025/1.000000/0000/Guesstimate
R000000026/1.000000/0000/Guesstimate
R000000024/2.222222/0285/R000000025/R000000026
R000000023/2.469136/0279/R000000024
R000000023/2.469136/0279/R000000024
R000000022/5.486969/0275/R000000003/R000000023
R000000019/6.096632/0161/R000000022
<NEXT>