#
#  Reaction log file
#  Author: LigBuilder V3 User_Diana
#  Creation time: Thu Apr  9 01:04:00 2026
#  Format:
#  QueryMoleculeId/Cost/SynthesizeId/ReactantId1/ReactantId2/ReactantId3.....
#  Id prefix:
#  Q --- Query Molecule
#  M --- Material
#  R --- Reactant
#
Directory      result/synthesize_PfHDAC1/253/DATABASE/
#
Q000000001/5.791801/0000/R000000001
R000000005/1.000000/0000/Guesstimate
R000000006/1.000000/0000/Guesstimate
R000000004/2.222222/0112/R000000005/R000000006
R000000003/2.469136/0197/R000000004
M000000008/1.000000/0000/Sigma_BB-70737316
R000000007/2.222222/0119/M000000008/R000000005
R000000011/1.000000/0000/Guesstimate
R000000010/2.222222/0119/M000000008/R000000011
R000000012/1.000000/0000/Guesstimate
R000000010/2.222222/0276/M000000008/R000000012
R000000009/2.469136/0024/R000000010
R000000014/1.000000/0000/Guesstimate
R000000013/2.222222/0119/M000000008/R000000014
R000000015/1.000000/0000/Guesstimate
R000000013/2.222222/0276/M000000008/R000000015
R000000009/2.469136/0040/R000000013
R000000007/2.743484/0091/R000000009
R000000002/5.212621/0275/R000000003/R000000007
R000000001/5.791801/0154/R000000002
R000000016/5.486969/0275/R000000003/R000000009
R000000001/6.096632/0153/R000000016
Q000000002/6.435335/0000/R000000017
R000000022/1.000000/0000/Guesstimate
R000000021/2.222222/0276/M000000008/R000000022
R000000021/2.222222/0278/M000000008/R000000022
R000000020/2.469136/0104/R000000021
R000000020/2.469136/0104/R000000021
R000000019/2.743484/0257/R000000020
R000000018/5.791801/0275/R000000003/R000000019
R000000017/6.435335/0161/R000000018
R000000025/1.000000/0000/Guesstimate
R000000024/3.580247/0274/R000000021/R000000025
R000000027/1.000000/0000/Guesstimate
R000000026/2.222222/0276/M000000008/R000000027
R000000026/2.743484/0197/R000000009
R000000028/1.000000/0000/Guesstimate
R000000024/3.580247/0276/R000000026/R000000028
R000000023/6.721537/0275/R000000003/R000000024
R000000029/5.212621/0275/R000000003/R000000026
R000000030/3.854596/0275/R000000003/M000000008
R000000029/5.393995/0276/R000000030/R000000027
R000000023/6.902912/0276/R000000029/R000000028
R000000017/7.468375/0155/R000000023
Q000000003/5.944217/0000/R000000031
M000000034/1.000000/0000/Sigma_BB-29509312
M000000036/1.000000/0000/Sigma_BB-28764950
R000000035/1.111111/0197/M000000036
R000000033/2.345679/0119/M000000034/R000000035
R000000037/2.222222/0119/M000000034/M000000036
R000000037/2.222222/0280/M000000034/M000000036
R000000033/2.469136/0197/R000000037
R000000032/5.349795/0275/R000000003/R000000033
R000000038/3.854596/0275/R000000003/M000000034
M000000040/1.000000/0000/Sigma_BB-28760241
R000000039/3.854596/0275/R000000003/M000000040
R000000038/4.282884/0153/R000000039
R000000032/5.517452/0119/R000000038/R000000035
R000000031/5.944217/0028/R000000032
M000000044/1.000000/0000/Sigma_BB-28830366
R000000043/1.111111/0085/M000000044
M000000046/1.000000/0000/Sigma_BB-130314282
R000000045/1.111111/0228/M000000046
R000000045/1.111111/0286/M000000046
R000000043/1.234568/0100/R000000045
R000000042/2.345679/0119/M000000034/R000000043
R000000047/1.111111/0087/M000000044
R000000047/1.234568/0086/R000000043
R000000042/2.345679/0276/M000000034/R000000047
R000000041/5.349795/0275/R000000003/R000000042
R000000041/5.517452/0119/R000000038/R000000043
R000000031/5.944217/0028/R000000041
<NEXT>