#
#  Reaction log file
#  Author: LigBuilder V3 User_Diana
#  Creation time: Thu Apr  9 01:03:02 2026
#  Format:
#  QueryMoleculeId/Cost/SynthesizeId/ReactantId1/ReactantId2/ReactantId3.....
#  Id prefix:
#  Q --- Query Molecule
#  M --- Material
#  R --- Reactant
#
Directory      result/synthesize_PfHDAC1/213/DATABASE/
#
Q000000001/6.113567/0000/R000000001
R000000005/1.000000/0000/Guesstimate
R000000006/1.000000/0000/Guesstimate
R000000004/2.222222/0112/R000000005/R000000006
R000000003/2.469136/0197/R000000004
R000000003/2.469136/0197/R000000004
M000000008/1.000000/0000/Sigma_BB-70737316
M000000011/1.000000/0000/Sigma_BB-117838735
R000000010/1.111111/0099/M000000011
R000000009/1.234568/0293/R000000010
R000000009/1.234568/0293/R000000010
R000000007/2.482853/0231/M000000008/R000000009
R000000012/2.345679/0231/M000000008/R000000010
R000000007/2.606310/0293/R000000012
R000000002/5.502210/0275/R000000003/R000000007
R000000013/3.854596/0275/R000000003/M000000008
M000000015/1.000000/0000/Sigma_BB-70380583
R000000014/3.854596/0275/R000000003/M000000015
R000000013/4.282884/0299/R000000014
R000000002/5.654626/0231/R000000013/R000000009
R000000001/6.113567/0028/R000000002
M000000020/1.000000/0000/Sigma_BB-30485142
R000000019/1.111111/0093/M000000020
R000000021/1.000000/0000/Guesstimate
R000000022/1.000000/0000/Guesstimate
R000000019/2.222222/0004/R000000021/R000000022
R000000018/2.345679/0231/M000000008/R000000019
R000000017/2.606310/0003/R000000018
R000000024/2.222222/0004/R000000021/R000000022
R000000025/1.000000/0000/Guesstimate
R000000026/1.000000/0000/Guesstimate
R000000024/2.222222/0122/R000000025/R000000026
R000000023/3.580247/0231/M000000008/R000000024
R000000017/3.978053/0003/R000000023
R000000016/5.639385/0275/R000000003/R000000017
R000000027/1.234568/0003/R000000019
R000000027/2.469136/0003/R000000024
R000000016/5.654626/0231/R000000013/R000000027
R000000001/6.265983/0099/R000000016
Q000000002/6.113567/0000/R000000001
Q000000003/6.113567/0000/R000000001
Q000000004/7.807076/0000/R000000028
R000000032/1.000000/0000/Guesstimate
R000000033/1.000000/0000/Guesstimate
R000000031/2.222222/0119/R000000032/R000000033
R000000034/1.000000/0000/Guesstimate
R000000031/2.222222/0276/R000000034/R000000033
R000000030/2.469136/0112/R000000031
R000000036/1.000000/0000/Guesstimate
R000000037/1.000000/0000/Guesstimate
R000000035/2.222222/0001/R000000036/R000000037
R000000035/2.222222/0004/R000000036/R000000033
R000000030/2.469136/0119/R000000035
R000000029/7.026369/0231/R000000013/R000000030
R000000039/3.580247/0231/M000000008/R000000031
R000000038/3.978053/0112/R000000039
R000000040/3.580247/0231/M000000008/R000000035
R000000038/3.978053/0119/R000000040
R000000029/7.163543/0275/R000000003/R000000038
R000000028/7.807076/0099/R000000029
R000000044/1.000000/0000/Guesstimate
R000000045/1.000000/0000/Guesstimate
R000000043/2.222222/0279/R000000044/R000000045
R000000043/2.222222/0279/R000000044/R000000045
R000000042/2.469136/0024/R000000043
R000000047/1.000000/0000/Guesstimate
R000000046/2.222222/0279/R000000047/R000000045
R000000046/2.222222/0279/R000000047/R000000045
R000000042/2.469136/0040/R000000046
R000000041/7.026369/0231/R000000013/R000000042
R000000049/3.580247/0231/M000000008/R000000043
R000000048/3.978053/0024/R000000049
R000000050/3.580247/0231/M000000008/R000000046
R000000048/3.978053/0040/R000000050
R000000041/7.163543/0275/R000000003/R000000048
R000000028/7.807076/0119/R000000041
<NEXT>