#
#  Reaction log file
#  Author: LigBuilder V3 User_Diana
#  Creation time: Thu Apr  9 01:03:14 2026
#  Format:
#  QueryMoleculeId/Cost/SynthesizeId/ReactantId1/ReactantId2/ReactantId3.....
#  Id prefix:
#  Q --- Query Molecule
#  M --- Material
#  R --- Reactant
#
Directory      result/synthesize_PfHDAC1/211/DATABASE/
#
Q000000001/6.096632/0000/R000000001
R000000005/1.000000/0000/Guesstimate
R000000006/1.000000/0000/Guesstimate
R000000004/2.222222/0112/R000000005/R000000006
R000000003/2.469136/0197/R000000004
R000000003/2.469136/0197/R000000004
M000000009/1.000000/0000/Sigma_BB-70737316
R000000010/1.000000/0000/Guesstimate
R000000008/2.222222/0231/M000000009/R000000010
R000000007/2.469136/0198/R000000008
R000000012/1.000000/0000/Guesstimate
R000000011/2.222222/0231/M000000009/R000000012
R000000007/2.469136/0245/R000000011
R000000002/5.486969/0275/R000000003/R000000007
R000000001/6.096632/0219/R000000002
R000000001/6.096632/0219/R000000002
Q000000002/3.840878/0000/R000000013
M000000016/1.000000/0000/Sigma_BB-28115861
R000000015/1.111111/0188/M000000016
M000000017/1.000000/0000/Sigma_BB-28200223
R000000018/1.000000/0000/Guesstimate
R000000015/2.222222/0256/M000000017/R000000018
R000000019/1.000000/0000/Guesstimate
R000000020/1.000000/0000/Guesstimate
R000000014/3.456790/0225/R000000015/R000000019/R000000020
M000000024/1.000000/0000/Sigma_BB-28775694
R000000023/1.111111/0197/M000000024
R000000025/1.000000/0000/Guesstimate
R000000022/3.456790/0225/R000000023/R000000025/R000000020
R000000021/3.840878/0039/R000000022
R000000028/1.000000/0000/Guesstimate
R000000027/2.345679/0275/R000000028/R000000023
R000000029/1.000000/0000/Guesstimate
R000000026/3.717421/0004/R000000027/R000000029
R000000030/1.000000/0000/Guesstimate
R000000026/4.828533/0225/R000000027/R000000020/R000000030
R000000031/1.000000/0000/Guesstimate
R000000021/5.241580/0119/R000000026/R000000031
R000000032/1.000000/0000/Guesstimate
R000000014/5.378754/0122/R000000021/R000000032
R000000013/3.840878/0024/R000000014
R000000035/1.000000/0000/Guesstimate
R000000034/2.345679/0275/R000000035/R000000015
R000000036/2.222222/0275/R000000035/M000000017
R000000034/3.580247/0256/R000000036/R000000018
R000000033/2.606310/0091/R000000034
R000000033/3.717421/0122/R000000027/R000000032
R000000013/4.007011/0004/R000000033/R000000029
Q000000003/3.840878/0000/R000000013
<NEXT>