#
#  Reaction log file
#  Author: LigBuilder V3 User_Diana
#  Creation time: Thu Apr  9 01:03:24 2026
#  Format:
#  QueryMoleculeId/Cost/SynthesizeId/ReactantId1/ReactantId2/ReactantId3.....
#  Id prefix:
#  Q --- Query Molecule
#  M --- Material
#  R --- Reactant
#
Directory      result/synthesize_PfHDAC1/228/DATABASE/
#
Q000000001/5.993328/0000/R000000001
R000000006/1.000000/0000/Guesstimate
R000000007/1.000000/0000/Guesstimate
R000000005/2.222222/0112/R000000006/R000000007
R000000004/2.469136/0197/R000000005
R000000004/2.469136/0197/R000000005
M000000008/1.000000/0000/Sigma_BB-29088450
R000000003/3.854596/0275/R000000004/M000000008
M000000010/1.000000/0000/Sigma_BB-28757047
R000000009/3.854596/0275/R000000004/M000000010
R000000003/4.282884/0287/R000000009
R000000011/1.000000/0000/Guesstimate
R000000002/5.393995/0112/R000000003/R000000011
R000000013/1.000000/0000/Guesstimate
R000000012/5.393995/0112/R000000003/R000000013
M000000016/1.000000/0000/Sigma_BB-70737316
R000000017/1.000000/0000/Guesstimate
R000000015/2.222222/0231/M000000016/R000000017
R000000014/5.212621/0275/R000000004/R000000015
R000000018/3.854596/0275/R000000004/M000000016
M000000020/1.000000/0000/Sigma_BB-70380583
R000000019/3.854596/0275/R000000004/M000000020
R000000018/4.282884/0299/R000000019
R000000014/5.393995/0231/R000000018/R000000017
R000000012/5.791801/0082/R000000014
R000000021/1.000000/0000/Guesstimate
R000000002/7.104439/0138/R000000012/R000000021
R000000001/5.993328/0099/R000000002
R000000025/1.000000/0000/Guesstimate
R000000026/1.000000/0000/Guesstimate
R000000024/2.222222/0279/R000000025/R000000026
R000000024/2.222222/0279/R000000025/R000000026
R000000023/2.469136/0090/R000000024
M000000028/1.000000/0000/Sigma_BB-28830366
R000000029/1.000000/0000/Guesstimate
R000000027/2.222222/0004/M000000028/R000000029
R000000023/2.469136/0197/R000000027
R000000022/7.026369/0231/R000000018/R000000023
R000000030/3.854596/0231/M000000016/R000000023
R000000031/3.580247/0231/M000000016/R000000027
R000000031/4.938272/0279/R000000015/R000000027
R000000030/3.978053/0197/R000000031
R000000022/7.026369/0275/R000000004/R000000030
R000000001/7.807076/0028/R000000022
Q000000002/6.659254/0000/R000000032
R000000034/4.282884/0074/R000000003
M000000036/1.000000/0000/Sigma_BB-28465307
R000000035/3.854596/0275/R000000004/M000000036
R000000035/4.282884/0287/R000000003
R000000034/5.393995/0112/R000000035/R000000013
M000000038/1.000000/0000/Sigma_BB-28829475
R000000037/1.111111/0086/M000000038
R000000037/1.111111/0091/M000000038
R000000033/5.993328/0112/R000000034/R000000037
R000000041/1.000000/0000/Guesstimate
R000000040/3.854596/0275/R000000004/R000000041
R000000039/4.282884/0041/R000000040
R000000039/4.282884/0233/R000000040
R000000043/1.000000/0000/Guesstimate
R000000045/1.000000/0000/Guesstimate
R000000046/1.000000/0000/Guesstimate
R000000044/2.222222/0018/R000000045/R000000046
R000000042/3.580247/0012/R000000043/R000000044
R000000047/2.222222/0012/R000000043/R000000045
R000000048/1.000000/0000/Guesstimate
R000000049/1.000000/0000/Guesstimate
R000000047/2.222222/0279/R000000048/R000000049
R000000042/3.580247/0018/R000000047/R000000046
R000000033/8.736813/0159/R000000039/R000000042
R000000032/6.659254/0017/R000000033
M000000053/1.000000/0000/Sigma_BB-70314514
R000000052/3.854596/0275/R000000004/M000000053
R000000051/4.282884/0074/R000000052
R000000051/4.282884/0167/R000000052
R000000050/5.993328/0112/R000000051/R000000037
R000000056/1.000000/0000/Guesstimate
R000000055/3.854596/0275/R000000004/R000000056
R000000057/1.000000/0000/Guesstimate
R000000054/5.393995/0001/R000000055/R000000057
R000000059/1.000000/0000/Guesstimate
R000000058/3.854596/0275/R000000004/R000000059
R000000054/5.393995/0003/R000000058/R000000057
R000000062/1.000000/0000/Guesstimate
R000000061/1.111111/0125/R000000062
R000000061/2.222222/0112/R000000013/R000000062
R000000060/2.345679/0018/R000000061/R000000046
R000000064/1.000000/0000/Guesstimate
R000000063/3.580247/0285/R000000064/R000000044
R000000060/3.978053/0079/R000000063
R000000050/8.599639/0159/R000000054/R000000060
R000000032/6.659254/0017/R000000050
Q000000003/6.659254/0000/R000000032
Q000000004/6.659254/0000/R000000032
<NEXT>