#
#  Reaction log file
#  Author: LigBuilder V3 User_Diana
#  Creation time: Thu Apr  9 01:00:13 2026
#  Format:
#  QueryMoleculeId/Cost/SynthesizeId/ReactantId1/ReactantId2/ReactantId3.....
#  Id prefix:
#  Q --- Query Molecule
#  M --- Material
#  R --- Reactant
#
Directory      result/synthesize_PfHDAC1/101/DATABASE/
#
Q000000001/2.895900/0000/R000000001
R000000004/1.000000/0000/Guesstimate
M000000006/1.000000/0000/Sigma_BB-70314514
R000000005/1.111111/0239/M000000006
M000000007/1.000000/0000/Sigma_BB-112432168
R000000005/1.111111/0299/M000000007
R000000003/2.345679/0275/R000000004/R000000005
R000000008/2.222222/0275/R000000004/M000000006
R000000003/2.469136/0239/R000000008
R000000002/2.606310/0074/R000000003
R000000002/2.606310/0167/R000000003
R000000001/2.895900/0017/R000000002
M000000012/1.000000/0000/Sigma_BB-29088450
R000000011/2.222222/0275/R000000004/M000000012
R000000010/2.469136/0239/R000000011
R000000014/1.000000/0000/Guesstimate
M000000015/1.000000/0000/Sigma_BB-28395178
R000000013/2.222222/0274/R000000014/M000000015
R000000010/2.469136/0260/R000000013
R000000009/2.743484/0074/R000000010
R000000009/2.743484/0167/R000000010
R000000001/3.048316/0017/R000000009
Q000000002/5.791801/0000/R000000016
R000000019/1.000000/0000/Guesstimate
R000000020/1.000000/0000/Guesstimate
R000000018/2.222222/0004/R000000019/R000000020
R000000023/1.000000/0000/Guesstimate
R000000024/1.000000/0000/Guesstimate
R000000022/2.222222/0112/R000000023/R000000024
R000000021/2.469136/0147/R000000022
R000000026/1.000000/0000/Guesstimate
R000000025/2.222222/0004/R000000026/R000000024
R000000027/1.000000/0000/Guesstimate
R000000028/1.000000/0000/Guesstimate
R000000025/3.333333/0225/R000000027/R000000024/R000000028
R000000029/1.000000/0000/Guesstimate
R000000021/3.580247/0212/R000000025/R000000029
R000000017/5.212621/0003/R000000018/R000000021
M000000032/1.000000/0000/Sigma_BB-28247348
R000000031/1.111111/0085/M000000032
R000000033/1.000000/0000/Guesstimate
R000000031/2.222222/0004/R000000029/R000000033
R000000030/3.703704/0212/R000000018/R000000031
R000000030/3.703704/0212/R000000018/R000000031
R000000035/2.469136/0197/R000000025
R000000036/1.000000/0000/Guesstimate
R000000034/3.854596/0003/R000000035/R000000036
M000000038/1.000000/0000/Sigma_BB-28721388
R000000037/3.580247/0212/R000000025/M000000038
R000000039/1.000000/0000/Guesstimate
R000000037/3.854596/0004/R000000021/R000000039
R000000034/3.978053/0009/R000000037
R000000017/8.398110/0049/R000000030/R000000034
R000000016/5.791801/0147/R000000017
R000000041/2.469136/0197/R000000018
R000000042/3.854596/0004/R000000035/R000000026
M000000044/1.000000/0000/Sigma_BB-28524129
R000000043/3.580247/0212/R000000025/M000000044
R000000043/3.580247/0212/R000000025/M000000044
R000000042/3.978053/0024/R000000043
R000000040/7.026369/0003/R000000041/R000000042
R000000045/3.854596/0004/R000000041/R000000026
R000000046/3.580247/0212/R000000018/M000000044
R000000046/3.580247/0212/R000000018/M000000044
R000000045/3.978053/0024/R000000046
R000000040/7.026369/0003/R000000045/R000000035
R000000016/7.807076/0147/R000000040
Q000000003/3.580247/0000/R000000047
R000000047/3.580247/0003/R000000018/R000000024
R000000049/2.222222/0004/R000000039/R000000024
R000000048/2.469136/0009/R000000049
R000000051/2.469136/0216/R000000025
R000000051/4.282884/0073/R000000042
R000000050/2.743484/0091/R000000051
R000000052/2.469136/0197/R000000049
R000000050/2.743484/0260/R000000052
R000000048/3.048316/0079/R000000050
R000000047/6.858711/0049/R000000030/R000000048
<NEXT>