#
#  Reaction log file
#  Author: LigBuilder V3 User_Diana
#  Creation time: Thu Apr  9 01:01:37 2026
#  Format:
#  QueryMoleculeId/Cost/SynthesizeId/ReactantId1/ReactantId2/ReactantId3.....
#  Id prefix:
#  Q --- Query Molecule
#  M --- Material
#  R --- Reactant
#
Directory      result/synthesize_PfHDAC1/157/DATABASE/
#
Q000000001/5.944217/0000/R000000001
M000000004/1.000000/0000/Sigma_BB-30752009
M000000006/1.000000/0000/Sigma_BB-28764950
R000000005/1.111111/0085/M000000006
R000000003/2.345679/0212/M000000004/R000000005
R000000007/2.222222/0212/M000000004/M000000006
R000000007/2.222222/0212/M000000004/M000000006
R000000003/2.469136/0085/R000000007
M000000010/1.000000/0000/Sigma_BB-28247348
R000000011/1.000000/0000/Guesstimate
R000000009/2.222222/0003/M000000010/R000000011
R000000008/2.469136/0099/R000000009
R000000012/1.000000/0000/Guesstimate
R000000014/1.000000/0000/Guesstimate
R000000013/2.222222/0003/R000000014/R000000011
R000000015/1.111111/0125/R000000011
R000000016/1.000000/0000/Guesstimate
R000000015/2.222222/0112/R000000016/R000000011
R000000013/2.345679/0049/R000000015/R000000012
R000000008/3.580247/0122/R000000012/R000000013
R000000002/5.349795/0212/R000000003/R000000008
R000000002/5.349795/0212/R000000003/R000000008
R000000001/5.944217/0028/R000000002
R000000019/2.345679/0212/M000000004/R000000005
R000000019/2.345679/0212/M000000004/R000000005
R000000018/3.717421/0212/R000000019/R000000012
R000000018/3.717421/0212/R000000019/R000000012
R000000017/6.599605/0122/R000000018/R000000013
R000000017/6.599605/0122/R000000018/R000000013
R000000001/7.332894/0028/R000000017
Q000000002/Analysis Failed
Q000000003/5.944217/0000/R000000001
<NEXT>