#
#  Reaction log file
#  Author: LigBuilder V3 User_Diana
#  Creation time: Thu Apr  9 01:02:10 2026
#  Format:
#  QueryMoleculeId/Cost/SynthesizeId/ReactantId1/ReactantId2/ReactantId3.....
#  Id prefix:
#  Q --- Query Molecule
#  M --- Material
#  R --- Reactant
#
Directory      result/synthesize_PfHDAC1/175/DATABASE/
#
Q000000001/6.522080/0000/R000000001
R000000007/1.000000/0000/Guesstimate
R000000008/1.000000/0000/Guesstimate
R000000006/2.222222/0112/R000000007/R000000008
R000000005/2.469136/0197/R000000006
R000000010/1.000000/0000/Guesstimate
R000000011/1.000000/0000/Guesstimate
R000000009/2.222222/0274/R000000010/R000000011
R000000005/2.469136/0285/R000000009
M000000012/1.000000/0000/Sigma_BB-28769194
R000000004/3.854596/0275/R000000005/M000000012
R000000004/3.854596/0275/R000000005/M000000012
R000000003/4.282884/0091/R000000004
R000000014/1.000000/0000/Guesstimate
R000000013/3.854596/0275/R000000005/R000000014
R000000016/1.000000/0000/Guesstimate
R000000017/1.000000/0000/Guesstimate
R000000015/2.222222/0012/R000000016/R000000017
R000000018/1.000000/0000/Guesstimate
R000000019/1.000000/0000/Guesstimate
R000000015/2.222222/0112/R000000018/R000000019
R000000003/6.752020/0159/R000000013/R000000015
R000000020/1.000000/0000/Guesstimate
R000000002/5.869872/0112/R000000003/R000000020
R000000025/1.000000/0000/Guesstimate
R000000026/1.000000/0000/Guesstimate
R000000024/2.222222/0277/R000000025/R000000026
R000000023/2.469136/0260/R000000024
R000000027/2.743484/0198/R000000005
R000000027/2.743484/0298/R000000005
R000000023/3.048316/0257/R000000027
M000000028/1.000000/0000/Sigma_BB-29088450
R000000022/3.854596/0275/R000000023/M000000028
R000000021/4.282884/0099/R000000022
R000000021/4.282884/0197/R000000004
R000000030/2.222222/0112/R000000007/R000000020
R000000029/2.469136/0197/R000000030
R000000002/7.502244/0112/R000000021/R000000029
R000000001/6.522080/0147/R000000002
M000000034/1.000000/0000/Sigma_BB-28769357
R000000033/3.854596/0275/R000000005/M000000034
R000000032/4.282884/0104/R000000033
R000000032/4.282884/0104/R000000033
R000000036/1.000000/0000/Guesstimate
R000000035/2.222222/0004/R000000036/R000000020
R000000038/1.000000/0000/Guesstimate
R000000037/2.222222/0003/R000000020/R000000038
R000000035/2.469136/0040/R000000037
R000000031/7.227896/0212/R000000032/R000000035
R000000031/7.227896/0212/R000000032/R000000035
R000000001/8.030996/0160/R000000031
Q000000002/5.791801/0000/R000000039
M000000042/1.000000/0000/Sigma_BB-29509312
R000000043/1.000000/0000/Guesstimate
R000000041/2.222222/0231/M000000042/R000000043
M000000044/1.000000/0000/Sigma_BB-28766735
R000000045/1.000000/0000/Guesstimate
R000000041/2.222222/0285/M000000044/R000000045
R000000040/5.212621/0275/R000000005/R000000041
M000000048/1.000000/0000/Sigma_BB-28760241
R000000047/3.854596/0275/R000000005/M000000048
R000000046/4.282884/0153/R000000047
R000000050/3.580247/0275/R000000009/M000000042
R000000049/3.978053/0141/R000000050
R000000051/4.159427/0275/R000000027/M000000042
R000000049/4.621586/0257/R000000051
R000000046/4.420059/0099/R000000049
R000000040/5.869872/0231/R000000046/R000000043
R000000039/5.791801/0153/R000000040
R000000053/2.469136/0153/R000000041
R000000055/1.000000/0000/Guesstimate
R000000054/2.222222/0231/M000000042/R000000055
R000000053/2.469136/0154/R000000054
R000000052/5.486969/0275/R000000023/R000000053
R000000056/1.000000/0000/Guesstimate
R000000052/5.531170/0231/R000000049/R000000056
R000000039/6.096632/0099/R000000052
Q000000003/2.606310/0000/R000000057
M000000060/1.000000/0000/Sigma_BB-326697832
R000000059/1.111111/0287/M000000060
M000000061/1.000000/0000/Sigma_BB-28522060
R000000059/1.111111/0299/M000000061
R000000062/1.000000/0000/Guesstimate
R000000058/2.345679/0112/R000000059/R000000062
M000000065/1.000000/0000/Sigma_BB-30391580
R000000066/1.000000/0000/Guesstimate
R000000064/2.222222/0112/M000000065/R000000066
R000000067/1.000000/0000/Guesstimate
R000000064/2.345679/0112/R000000059/R000000067
R000000063/2.469136/0079/R000000064
R000000068/2.222222/0112/M000000065/R000000055
R000000069/1.000000/0000/Guesstimate
R000000068/2.345679/0112/R000000059/R000000069
R000000063/2.469136/0082/R000000068
R000000058/2.743484/0040/R000000063
R000000057/2.606310/0153/R000000058
R000000071/1.234568/0079/R000000059
R000000072/1.000000/0000/Guesstimate
R000000071/2.345679/0112/R000000059/R000000072
R000000070/1.371742/0040/R000000071
M000000075/1.000000/0000/Sigma_BB-27948280
R000000074/1.111111/0104/M000000075
R000000074/1.111111/0104/M000000075
R000000073/1.234568/0293/R000000074
R000000073/1.234568/0293/R000000074
R000000070/1.371742/0160/R000000073
R000000076/1.000000/0000/Guesstimate
R000000057/2.635269/0119/R000000070/R000000076
<NEXT>