#
#  Reaction log file
#  Author: LigBuilder V3 User_Diana
#  Creation time: Thu Apr  9 01:02:45 2026
#  Format:
#  QueryMoleculeId/Cost/SynthesizeId/ReactantId1/ReactantId2/ReactantId3.....
#  Id prefix:
#  Q --- Query Molecule
#  M --- Material
#  R --- Reactant
#
Directory      result/synthesize_PfHDAC1/193/DATABASE/
#
Q000000001/6.232490/0000/R000000001
R000000007/1.000000/0000/Guesstimate
M000000008/1.000000/0000/Sigma_BB-30750652
R000000006/2.222222/0170/R000000007/M000000008
R000000009/1.000000/0000/Guesstimate
R000000012/1.000000/0000/Guesstimate
R000000011/1.111111/0198/R000000012
R000000011/1.111111/0298/R000000012
R000000010/1.234568/0155/R000000011
M000000014/1.000000/0000/Sigma_BB-128506535
R000000015/1.000000/0000/Guesstimate
R000000013/2.222222/0212/M000000014/R000000015
R000000013/2.222222/0212/M000000014/R000000015
R000000010/2.469136/0170/R000000013
R000000006/2.482853/0301/R000000009/R000000010
R000000005/2.469136/0155/R000000006
R000000017/1.000000/0000/Guesstimate
M000000019/1.000000/0000/Sigma_BB-29589190
R000000018/1.111111/0086/M000000019
R000000018/1.111111/0091/M000000019
R000000016/2.345679/0112/R000000017/R000000018
R000000005/2.606310/0147/R000000016
R000000004/2.743484/0118/R000000005
R000000020/1.000000/0000/Guesstimate
R000000004/3.854596/0112/R000000020/R000000005
R000000003/3.048316/0054/R000000004
R000000021/1.000000/0000/Guesstimate
R000000023/1.000000/0000/Guesstimate
R000000022/2.222222/0170/R000000023/M000000008
R000000024/1.000000/0000/Guesstimate
R000000022/2.222222/0224/R000000024/M000000008
R000000003/3.580247/0004/R000000021/R000000022
R000000002/3.387018/0009/R000000003
R000000025/1.000000/0000/Guesstimate
R000000002/3.854596/0003/R000000025/R000000005
R000000027/1.000000/0000/Guesstimate
R000000028/1.000000/0000/Guesstimate
R000000026/2.222222/0285/R000000027/R000000028
R000000031/1.000000/0000/Guesstimate
R000000030/2.222222/0285/R000000031/R000000028
R000000029/2.469136/0040/R000000030
R000000032/2.222222/0285/R000000020/R000000028
R000000029/3.580247/0004/R000000021/R000000032
R000000026/2.743484/0009/R000000029
R000000001/6.232490/0159/R000000002/R000000026
R000000035/2.222222/0003/R000000025/R000000017
R000000036/1.000000/0000/Guesstimate
R000000037/1.000000/0000/Guesstimate
R000000035/2.222222/0049/R000000036/R000000037
R000000034/4.938272/0159/R000000035/R000000026
R000000039/1.000000/0000/Guesstimate
R000000038/3.580247/0159/R000000039/R000000026
R000000040/1.000000/0000/Guesstimate
R000000034/5.089163/0170/R000000038/R000000040
R000000033/6.721537/0112/R000000034/R000000018
R000000042/5.089163/0170/R000000038/R000000036
R000000043/1.000000/0000/Guesstimate
R000000042/5.089163/0224/R000000038/R000000043
R000000041/5.654626/0086/R000000042
R000000041/5.654626/0091/R000000042
R000000033/7.654660/0112/R000000041/R000000010
R000000001/7.468375/0147/R000000033
Q000000002/Analysis Failed
Q000000003/Analysis Failed
<NEXT>