#
#  Reaction log file
#  Author: LigBuilder V3 User_Diana
#  Creation time: Thu Apr  9 01:00:45 2026
#  Format:
#  QueryMoleculeId/Cost/SynthesizeId/ReactantId1/ReactantId2/ReactantId3.....
#  Id prefix:
#  Q --- Query Molecule
#  M --- Material
#  R --- Reactant
#
Directory      result/synthesize_PfHDAC1/110/DATABASE/
#
Q000000001/5.639385/0000/R000000001
R000000004/1.000000/0000/Guesstimate
M000000006/1.000000/0000/Sigma_BB-28764950
R000000005/1.111111/0085/M000000006
R000000003/2.345679/0212/R000000004/R000000005
R000000008/1.000000/0000/Guesstimate
R000000007/2.222222/0004/R000000008/M000000006
R000000007/2.222222/0277/R000000008/M000000006
R000000003/2.469136/0197/R000000007
R000000010/1.000000/0000/Guesstimate
R000000011/1.000000/0000/Guesstimate
R000000009/2.222222/0004/R000000010/R000000011
R000000013/1.000000/0000/Guesstimate
R000000012/2.222222/0277/R000000013/R000000011
R000000014/1.000000/0000/Guesstimate
R000000012/2.222222/0301/R000000014/R000000011
R000000009/2.469136/0024/R000000012
R000000002/5.075447/0212/R000000003/R000000009
R000000002/5.075447/0212/R000000003/R000000009
R000000001/5.639385/0028/R000000002
R000000017/2.222222/0212/R000000004/M000000006
R000000017/2.222222/0212/R000000004/M000000006
R000000016/2.469136/0085/R000000017
R000000019/1.000000/0000/Guesstimate
R000000018/3.580247/0004/R000000017/R000000019
R000000016/3.978053/0197/R000000018
R000000015/5.212621/0212/R000000016/R000000009
R000000015/5.212621/0212/R000000016/R000000009
R000000001/5.791801/0028/R000000015
Q000000002/5.639385/0000/R000000001
Q000000003/7.690413/0000/R000000020
R000000023/2.606310/0197/R000000003
R000000022/4.007011/0004/R000000023/R000000010
M000000025/1.000000/0000/Sigma_BB-28524129
R000000024/3.717421/0212/R000000003/M000000025
R000000024/3.717421/0212/R000000003/M000000025
R000000022/4.130468/0024/R000000024
R000000027/1.000000/0000/Guesstimate
R000000028/1.000000/0000/Guesstimate
R000000026/2.222222/0004/R000000027/R000000028
R000000030/1.000000/0000/Guesstimate
R000000029/2.222222/0277/R000000027/R000000030
R000000031/1.000000/0000/Guesstimate
R000000032/1.000000/0000/Guesstimate
R000000033/1.000000/0000/Guesstimate
R000000029/3.333333/0261/R000000031/R000000032/R000000033
R000000026/2.469136/0024/R000000029
R000000021/6.921371/0212/R000000022/R000000026
R000000021/6.921371/0212/R000000022/R000000026
R000000020/7.690413/0028/R000000021
R000000036/2.743484/0197/R000000016
R000000035/4.159427/0004/R000000036/R000000010
R000000037/3.854596/0212/R000000016/M000000025
R000000037/3.854596/0212/R000000016/M000000025
R000000035/4.282884/0024/R000000037
R000000034/7.090722/0212/R000000035/R000000026
R000000034/7.090722/0212/R000000035/R000000026
R000000020/7.878580/0028/R000000034
<NEXT>