#
#  Reaction log file
#  Author: LigBuilder V3 User_Diana
#  Creation time: Thu Apr  9 01:05:13 2026
#  Format:
#  QueryMoleculeId/Cost/SynthesizeId/ReactantId1/ReactantId2/ReactantId3.....
#  Id prefix:
#  Q --- Query Molecule
#  M --- Material
#  R --- Reactant
#
Directory      result/synthesize_PfHDAC1/293/DATABASE/
#
Q000000001/6.096632/0000/R000000001
R000000005/1.000000/0000/Guesstimate
R000000006/1.000000/0000/Guesstimate
R000000004/2.222222/0112/R000000005/R000000006
R000000003/2.469136/0197/R000000004
M000000009/1.000000/0000/Sigma_BB-27600086
R000000010/1.000000/0000/Guesstimate
R000000008/2.222222/0275/M000000009/R000000010
R000000007/2.469136/0082/R000000008
R000000013/1.000000/0000/Guesstimate
R000000012/2.222222/0275/M000000009/R000000013
R000000014/1.000000/0000/Guesstimate
R000000011/3.580247/0004/R000000012/R000000014
R000000015/1.000000/0000/Guesstimate
R000000007/5.089163/0049/R000000011/R000000015
R000000002/5.486969/0275/R000000003/R000000007
R000000001/6.096632/0147/R000000002
R000000019/1.000000/0000/Guesstimate
R000000018/2.222222/0275/M000000009/R000000019
R000000020/1.000000/0000/Guesstimate
R000000017/3.580247/0001/R000000018/R000000020
R000000017/3.580247/0003/R000000012/R000000020
R000000016/6.721537/0275/R000000003/R000000017
R000000001/7.468375/0147/R000000016
Q000000002/5.807042/0000/R000000021
R000000023/1.000000/0000/Guesstimate
R000000026/1.000000/0000/Guesstimate
R000000027/1.000000/0000/Guesstimate
R000000025/2.222222/0274/R000000026/R000000027
R000000028/1.000000/0000/Guesstimate
R000000029/1.000000/0000/Guesstimate
R000000025/2.222222/0277/R000000028/R000000029
M000000031/1.000000/0000/Sigma_BB-28525544
R000000030/1.111111/0293/M000000031
R000000024/3.703704/0279/R000000025/R000000030
R000000024/3.703704/0279/R000000025/R000000030
R000000022/5.226338/0122/R000000023/R000000024
R000000022/5.226338/0122/R000000023/R000000024
R000000021/5.807042/0122/R000000022
R000000035/1.000000/0000/Guesstimate
R000000034/2.345679/0279/R000000035/R000000030
R000000036/1.000000/0000/Guesstimate
M000000039/1.000000/0000/Sigma_BB-28510064
R000000038/1.111111/0085/M000000039
R000000037/1.234568/0197/R000000038
R000000034/2.482853/0122/R000000036/R000000037
R000000040/1.000000/0000/Guesstimate
R000000033/3.717421/0274/R000000034/R000000040
R000000042/1.000000/0000/Guesstimate
R000000041/2.222222/0274/R000000026/R000000042
R000000041/2.222222/0274/R000000036/R000000040
R000000033/3.840878/0122/R000000041/R000000037
R000000032/5.241580/0122/R000000023/R000000033
R000000045/1.000000/0000/Guesstimate
R000000044/3.580247/0003/R000000045/R000000041
R000000046/1.000000/0000/Guesstimate
R000000044/3.580247/0277/R000000046/R000000041
R000000043/3.978053/0099/R000000044
R000000050/1.000000/0000/Guesstimate
R000000051/1.000000/0000/Guesstimate
R000000049/2.222222/0004/R000000050/R000000051
M000000053/1.000000/0000/Sigma_BB-28524129
R000000052/2.222222/0212/R000000045/M000000053
R000000052/2.222222/0212/R000000045/M000000053
R000000049/2.469136/0024/R000000052
R000000048/2.469136/0086/R000000049
R000000048/2.469136/0091/R000000049
R000000047/5.212621/0112/R000000048/R000000041
R000000043/5.791801/0099/R000000047
R000000032/5.791801/0122/R000000043/R000000037
R000000021/5.823977/0122/R000000032
Q000000003/2.758726/0000/R000000054
M000000058/1.000000/0000/Sigma_BB-28760789
R000000057/1.111111/0001/M000000058
R000000056/1.234568/0086/R000000057
R000000056/1.234568/0091/R000000057
M000000059/1.000000/0000/Sigma_BB-28829424
R000000055/2.482853/0275/R000000056/M000000059
R000000054/2.758726/0147/R000000055
M000000063/1.000000/0000/Sigma_BB-28769755
R000000062/1.111111/0086/M000000063
R000000062/1.111111/0091/M000000063
M000000064/1.000000/0000/Sigma_BB-28945063
R000000061/2.345679/0275/R000000062/M000000064
M000000066/1.000000/0000/Sigma_BB-28757047
R000000065/2.345679/0275/R000000062/M000000066
M000000068/1.000000/0000/Sigma_BB-28151472
R000000067/2.345679/0275/R000000062/M000000068
R000000065/2.606310/0299/R000000067
R000000061/2.606310/0287/R000000065
R000000060/3.717421/0112/R000000061/R000000019
R000000060/3.717421/0174/R000000065/R000000019
R000000054/4.130468/0147/R000000060
<NEXT>