#
#  Reaction log file
#  Author: LigBuilder V3 User_Diana
#  Creation time: Thu Apr  9 00:59:54 2026
#  Format:
#  QueryMoleculeId/Cost/SynthesizeId/ReactantId1/ReactantId2/ReactantId3.....
#  Id prefix:
#  Q --- Query Molecule
#  M --- Material
#  R --- Reactant
#
Directory      result/synthesize_PfHDAC1/85/DATABASE/
#
Q000000001/Analysis Failed
Q000000002/Analysis Failed
Q000000003/6.265983/0000/R000000001
M000000006/1.000000/0000/Sigma_BB-28764950
R000000005/1.111111/0197/M000000006
M000000007/1.000000/0000/Sigma_BB-28807026
R000000004/2.345679/0112/R000000005/M000000007
R000000003/2.606310/0197/R000000004
R000000008/1.234568/0086/R000000005
R000000008/1.234568/0091/R000000005
R000000010/1.000000/0000/Guesstimate
R000000011/1.000000/0000/Guesstimate
R000000009/2.222222/0274/R000000010/R000000011
R000000012/1.000000/0000/Guesstimate
R000000013/1.000000/0000/Guesstimate
R000000009/2.222222/0274/R000000012/R000000013
R000000003/3.840878/0112/R000000008/R000000009
M000000016/1.000000/0000/Sigma_BB-154403969
R000000017/1.000000/0000/Guesstimate
R000000015/2.222222/0112/M000000016/R000000017
M000000018/1.000000/0000/Sigma_BB-28904953
R000000019/1.000000/0000/Guesstimate
R000000015/2.222222/0112/M000000018/R000000019
R000000014/2.469136/0059/R000000015
R000000021/1.000000/0000/Guesstimate
M000000023/1.000000/0000/Sigma_BB-151018395
R000000022/1.111111/0059/M000000023
M000000024/1.000000/0000/Sigma_BB-27356065
R000000022/1.111111/0153/M000000024
R000000020/2.345679/0174/R000000021/R000000022
R000000020/2.345679/0289/R000000021/R000000022
R000000014/2.606310/0147/R000000020
R000000002/5.639385/0175/R000000003/R000000014
R000000027/1.000000/0000/Guesstimate
R000000026/2.482853/0112/R000000008/R000000027
R000000026/2.895900/0079/R000000003
R000000025/2.758726/0040/R000000026
R000000029/1.000000/0000/Guesstimate
R000000028/4.007011/0276/R000000003/R000000029
R000000028/4.007011/0278/R000000003/R000000029
R000000025/4.452235/0024/R000000028
R000000031/1.000000/0000/Guesstimate
R000000032/2.743484/0287/R000000014
R000000030/4.159427/0004/R000000031/R000000032
R000000034/1.000000/0000/Guesstimate
R000000033/3.854596/0175/R000000034/R000000014
R000000033/3.854596/0290/R000000034/R000000014
R000000030/4.282884/0024/R000000033
R000000002/7.686837/0212/R000000025/R000000030
R000000001/6.265983/0028/R000000002
R000000035/1.000000/0000/Guesstimate
R000000038/1.000000/0000/Guesstimate
R000000037/2.222222/0112/R000000038/M000000007
R000000039/1.000000/0000/Guesstimate
R000000037/3.580247/0112/R000000039/R000000009
R000000036/5.212621/0175/R000000037/R000000014
R000000040/3.703704/0175/R000000037/R000000022
R000000042/1.000000/0000/Guesstimate
R000000043/1.000000/0000/Guesstimate
R000000041/2.222222/0274/R000000042/R000000043
R000000044/1.000000/0000/Guesstimate
R000000045/1.000000/0000/Guesstimate
R000000041/2.222222/0274/R000000044/R000000045
R000000047/1.000000/0000/Guesstimate
R000000046/2.345679/0175/R000000047/R000000022
R000000046/2.345679/0290/R000000047/R000000022
R000000040/5.075447/0212/R000000041/R000000046
R000000036/5.226338/0173/R000000040/R000000038
R000000001/6.902912/0012/R000000035/R000000036
<NEXT>