#
#  Reaction log file
#  Author: LigBuilder V3 User_Diana
#  Creation time: Thu Apr  9 01:03:48 2026
#  Format:
#  QueryMoleculeId/Cost/SynthesizeId/ReactantId1/ReactantId2/ReactantId3.....
#  Id prefix:
#  Q --- Query Molecule
#  M --- Material
#  R --- Reactant
#
Directory      result/synthesize_PfHDAC1/234/DATABASE/
#
Q000000001/5.791801/0000/R000000001
R000000004/1.000000/0000/Guesstimate
R000000005/1.000000/0000/Guesstimate
R000000003/2.222222/0004/R000000004/R000000005
R000000007/1.000000/0000/Guesstimate
M000000008/1.000000/0000/Sigma_BB-28524129
R000000006/2.222222/0212/R000000007/M000000008
R000000006/2.222222/0212/R000000007/M000000008
R000000003/2.469136/0024/R000000006
R000000011/1.000000/0000/Guesstimate
R000000012/1.000000/0000/Guesstimate
R000000010/2.222222/0274/R000000011/R000000012
R000000009/2.469136/0122/R000000010
R000000002/5.212621/0003/R000000003/R000000009
R000000014/1.000000/0000/Guesstimate
R000000015/1.000000/0000/Guesstimate
R000000013/2.222222/0004/R000000014/R000000015
R000000017/1.000000/0000/Guesstimate
R000000016/2.222222/0277/R000000014/R000000017
R000000018/1.000000/0000/Guesstimate
R000000016/2.222222/0301/R000000014/R000000018
R000000013/2.469136/0024/R000000016
R000000020/1.000000/0000/Guesstimate
R000000019/3.854596/0112/R000000020/R000000009
R000000022/1.000000/0000/Guesstimate
R000000021/3.854596/0004/R000000022/R000000009
R000000019/4.282884/0009/R000000021
R000000002/6.752020/0049/R000000013/R000000019
R000000001/5.791801/0099/R000000002
R000000025/1.000000/0000/Guesstimate
R000000026/1.000000/0000/Guesstimate
R000000024/2.222222/0122/R000000025/R000000026
R000000028/1.000000/0000/Guesstimate
R000000027/2.222222/0301/R000000025/R000000028
R000000029/1.000000/0000/Guesstimate
R000000027/2.222222/0301/R000000004/R000000029
R000000024/2.469136/0139/R000000027
R000000032/1.000000/0000/Guesstimate
M000000034/1.000000/0000/Sigma_BB-28247348
R000000033/1.111111/0085/M000000034
R000000035/1.000000/0000/Guesstimate
R000000033/2.222222/0004/R000000015/R000000035
R000000031/2.345679/0274/R000000032/R000000033
R000000030/2.606310/0003/R000000031
R000000036/2.345679/0003/R000000032/R000000033
R000000030/2.606310/0274/R000000036
R000000023/5.365036/0042/R000000024/R000000030
M000000039/1.000000/0000/Sigma_BB-28762337
R000000038/3.717421/0212/M000000039/R000000031
R000000038/3.717421/0212/M000000039/R000000031
R000000037/4.130468/0003/R000000038
R000000041/1.000000/0000/Guesstimate
R000000040/4.007011/0212/R000000041/R000000030
R000000040/4.007011/0212/R000000041/R000000030
R000000037/5.563346/0049/R000000015/R000000040
R000000023/5.700521/0122/R000000004/R000000037
R000000001/5.961151/0099/R000000023
Q000000002/5.823977/0000/R000000042
R000000045/1.000000/0000/Guesstimate
R000000047/1.000000/0000/Guesstimate
R000000049/1.000000/0000/Guesstimate
R000000048/1.111111/0218/R000000049
R000000048/1.111111/0283/R000000049
R000000046/2.345679/0277/R000000047/R000000048
R000000044/3.717421/0279/R000000045/R000000046
R000000052/1.000000/0000/Guesstimate
R000000051/2.222222/0122/R000000052/R000000026
R000000051/2.469136/0155/R000000024
R000000050/2.469136/0090/R000000051
R000000054/1.000000/0000/Guesstimate
R000000053/2.222222/0003/R000000007/R000000054
R000000055/1.000000/0000/Guesstimate
R000000053/2.222222/0112/R000000004/R000000055
R000000050/2.469136/0099/R000000053
R000000044/3.978053/0277/R000000050/R000000048
R000000056/1.000000/0000/Guesstimate
R000000043/5.241580/0277/R000000044/R000000056
R000000057/2.345679/0277/R000000048/R000000056
R000000059/1.000000/0000/Guesstimate
R000000058/2.345679/0277/R000000048/R000000059
R000000057/2.606310/0300/R000000058
R000000043/5.349795/0277/R000000050/R000000057
R000000042/5.823977/0099/R000000043
R000000061/1.000000/0000/Guesstimate
R000000064/1.000000/0000/Guesstimate
R000000063/3.717421/0277/R000000064/R000000057
R000000062/4.130468/0099/R000000063
R000000065/4.130468/0059/R000000063
R000000066/1.000000/0000/Guesstimate
R000000065/5.241580/0224/R000000063/R000000066
R000000062/4.589409/0188/R000000065
R000000060/5.700521/0138/R000000061/R000000062
R000000069/1.000000/0000/Guesstimate
R000000068/3.717421/0277/R000000069/R000000057
R000000068/5.241580/0138/R000000026/R000000063
R000000067/4.130468/0099/R000000068
R000000067/5.700521/0138/R000000026/R000000062
R000000060/5.700521/0277/R000000004/R000000067
R000000042/6.333912/0099/R000000060
Q000000003/5.791801/0000/R000000001
Q000000004/Analysis Failed
<NEXT>