#
#  Reaction log file
#  Author: LigBuilder V3 User_Diana
#  Creation time: Thu Apr  9 00:58:50 2026
#  Format:
#  QueryMoleculeId/Cost/SynthesizeId/ReactantId1/ReactantId2/ReactantId3.....
#  Id prefix:
#  Q --- Query Molecule
#  M --- Material
#  R --- Reactant
#
Directory      result/synthesize_PfHDAC1/58/DATABASE/
#
Q000000001/Analysis Failed
Q000000002/3.854596/0000/R000000001
M000000004/1.000000/0000/Sigma_BB-183986327
R000000005/1.000000/0000/Guesstimate
R000000003/2.222222/0003/M000000004/R000000005
M000000007/1.000000/0000/Sigma_BB-27738953
R000000006/1.111111/0085/M000000007
M000000008/1.000000/0000/Sigma_BB-28151472
R000000009/1.000000/0000/Guesstimate
R000000006/2.222222/0004/M000000008/R000000009
R000000010/1.000000/0000/Guesstimate
R000000003/2.345679/0049/R000000006/R000000010
R000000002/2.469136/0147/R000000003
R000000011/2.222222/0003/M000000008/R000000009
M000000012/1.000000/0000/Sigma_BB-27325035
M000000013/1.000000/0000/Sigma_BB-28775620
R000000011/2.222222/0049/M000000012/M000000013
R000000002/2.469136/0147/R000000011
R000000014/1.000000/0000/Guesstimate
R000000001/3.854596/0004/R000000002/R000000014
M000000017/1.000000/0000/Sigma_BB-101355943
M000000019/1.000000/0000/Sigma_BB-70700816
R000000018/1.111111/0086/M000000019
R000000018/1.111111/0091/M000000019
R000000016/2.345679/0175/M000000017/R000000018
R000000021/1.000000/0000/Guesstimate
R000000020/3.854596/0301/R000000002/R000000021
R000000020/3.854596/0301/R000000002/R000000021
R000000016/4.282884/0039/R000000020
R000000015/2.606310/0024/R000000016
R000000022/1.000000/0000/Guesstimate
R000000015/3.854596/0004/R000000002/R000000022
R000000023/1.000000/0000/Guesstimate
R000000001/4.007011/0004/R000000015/R000000023
Q000000003/3.854596/0000/R000000001
<NEXT>