#
#  Reaction log file
#  Author: LigBuilder V3 User_Diana
#  Creation time: Thu Apr  9 01:05:09 2026
#  Format:
#  QueryMoleculeId/Cost/SynthesizeId/ReactantId1/ReactantId2/ReactantId3.....
#  Id prefix:
#  Q --- Query Molecule
#  M --- Material
#  R --- Reactant
#
Directory      result/synthesize_PfHDAC1/300/DATABASE/
#
Q000000001/5.393995/0000/R000000001
R000000005/1.000000/0000/Guesstimate
R000000006/1.000000/0000/Guesstimate
R000000004/2.222222/0112/R000000005/R000000006
R000000003/2.469136/0197/R000000004
M000000007/1.000000/0000/Sigma_BB-28945063
R000000002/3.854596/0275/R000000003/M000000007
M000000009/1.000000/0000/Sigma_BB-28757047
R000000008/3.854596/0275/R000000003/M000000009
M000000011/1.000000/0000/Sigma_BB-28151472
R000000010/3.854596/0275/R000000003/M000000011
R000000008/4.282884/0299/R000000010
R000000002/4.282884/0287/R000000008
R000000012/1.000000/0000/Guesstimate
R000000001/5.393995/0004/R000000002/R000000012
M000000015/1.000000/0000/Sigma_BB-28766735
R000000016/1.000000/0000/Guesstimate
R000000014/2.222222/0119/M000000015/R000000016
R000000018/1.000000/0000/Guesstimate
R000000017/2.222222/0175/M000000009/R000000018
R000000017/2.222222/0290/M000000009/R000000018
R000000014/2.469136/0039/R000000017
R000000013/5.212621/0275/R000000003/R000000014
R000000019/1.000000/0000/Guesstimate
R000000013/5.393995/0175/R000000008/R000000019
R000000001/5.791801/0024/R000000013
Q000000002/4.420059/0000/R000000020
M000000023/1.000000/0000/Sigma_BB-29510565
R000000022/1.111111/0009/M000000023
M000000025/1.000000/0000/Sigma_BB-28775694
R000000024/1.111111/0086/M000000025
R000000024/1.111111/0091/M000000025
R000000022/1.234568/0079/R000000024
R000000021/3.978053/0275/R000000003/R000000022
R000000020/4.420059/0147/R000000021
M000000029/1.000000/0000/Sigma_BB-28416096
R000000028/1.111111/0233/M000000029
R000000028/1.111111/0258/M000000029
R000000027/1.234568/0104/R000000028
R000000027/1.234568/0104/R000000028
R000000026/4.115227/0275/R000000003/R000000027
M000000032/1.000000/0000/Sigma_BB-244164693
R000000031/3.854596/0275/R000000003/M000000032
R000000030/4.282884/0104/R000000031
R000000030/4.282884/0104/R000000031
R000000033/1.000000/0000/Guesstimate
R000000026/5.869872/0256/R000000030/R000000033
R000000020/4.572474/0160/R000000026
Q000000003/4.420059/0000/R000000020
Q000000004/5.993328/0000/R000000034
M000000037/1.000000/0000/Sigma_BB-27600086
R000000036/3.854596/0275/R000000003/M000000037
M000000039/1.000000/0000/Sigma_BB-70412733
R000000038/3.854596/0275/R000000003/M000000039
R000000036/4.282884/0299/R000000038
R000000040/1.000000/0000/Guesstimate
R000000035/5.393995/0275/R000000036/R000000040
R000000043/1.000000/0000/Guesstimate
R000000042/2.222222/0275/M000000037/R000000043
R000000041/2.469136/0079/R000000042
R000000045/1.000000/0000/Guesstimate
R000000044/2.222222/0275/M000000037/R000000045
R000000041/2.469136/0082/R000000044
R000000035/5.486969/0275/R000000003/R000000041
R000000034/5.993328/0059/R000000035
M000000049/1.000000/0000/Sigma_BB-28524129
R000000048/1.111111/0086/M000000049
R000000048/1.111111/0091/M000000049
R000000047/1.234568/0024/R000000048
R000000050/1.000000/0000/Guesstimate
R000000047/2.222222/0004/R000000050/R000000012
R000000046/5.654626/0275/R000000036/R000000047
R000000051/1.000000/0000/Guesstimate
R000000052/1.000000/0000/Guesstimate
R000000046/6.505106/0225/R000000036/R000000051/R000000052
R000000034/6.282918/0153/R000000046
<END>