#
#  Reaction log file
#  Author: LigBuilder V3 User_Diana
#  Creation time: Thu Apr  9 01:01:37 2026
#  Format:
#  QueryMoleculeId/Cost/SynthesizeId/ReactantId1/ReactantId2/ReactantId3.....
#  Id prefix:
#  Q --- Query Molecule
#  M --- Material
#  R --- Reactant
#
Directory      result/synthesize_PfHDAC1/154/DATABASE/
#
Q000000001/2.469136/0000/R000000001
M000000003/1.000000/0000/Sigma_BB-29539062
R000000004/1.000000/0000/Guesstimate
R000000002/2.222222/0225/M000000003/R000000004
R000000002/2.222222/0225/M000000003/R000000004
R000000001/2.469136/0017/R000000002
M000000008/1.000000/0000/Sigma_BB-70314514
R000000007/1.111111/0239/M000000008
M000000009/1.000000/0000/Sigma_BB-112432168
R000000007/1.111111/0299/M000000009
R000000006/1.234568/0074/R000000007
M000000011/1.000000/0000/Sigma_BB-30506214
R000000010/1.111111/0299/M000000011
R000000010/1.234568/0287/R000000007
R000000012/1.000000/0000/Guesstimate
R000000006/2.345679/0112/R000000010/R000000012
R000000005/2.482853/0225/R000000006/R000000004
R000000005/2.482853/0225/R000000006/R000000004
R000000001/2.758726/0017/R000000005
Q000000002/2.469136/0000/R000000001
Q000000003/2.469136/0000/R000000001
<NEXT>