#
#  Reaction log file
#  Author: LigBuilder V3 User_Diana
#  Creation time: Thu Apr  9 01:00:16 2026
#  Format:
#  QueryMoleculeId/Cost/SynthesizeId/ReactantId1/ReactantId2/ReactantId3.....
#  Id prefix:
#  Q --- Query Molecule
#  M --- Material
#  R --- Reactant
#
Directory      result/synthesize_PfHDAC1/92/DATABASE/
#
Q000000001/6.096632/0000/R000000001
R000000005/1.000000/0000/Guesstimate
R000000006/1.000000/0000/Guesstimate
R000000004/2.222222/0112/R000000005/R000000006
R000000003/2.469136/0197/R000000004
R000000003/2.469136/0197/R000000004
M000000009/1.000000/0000/Sigma_BB-70737316
R000000010/1.000000/0000/Guesstimate
R000000008/2.222222/0231/M000000009/R000000010
R000000007/2.469136/0198/R000000008
R000000012/1.000000/0000/Guesstimate
R000000011/2.222222/0231/M000000009/R000000012
R000000011/2.743484/0219/R000000007
R000000007/2.469136/0245/R000000011
R000000002/5.486969/0275/R000000003/R000000007
R000000001/6.096632/0219/R000000002
R000000015/2.743484/0288/R000000003
R000000016/1.000000/0000/Guesstimate
R000000014/4.159427/0274/R000000015/R000000016
R000000013/7.090722/0275/R000000014/R000000011
R000000001/7.878580/0219/R000000013
Q000000002/Analysis Failed
Q000000003/6.096632/0000/R000000001
<NEXT>