#
#  Reaction log file
#  Author: LigBuilder V3 User_Diana
#  Creation time: Thu Apr  9 01:04:13 2026
#  Format:
#  QueryMoleculeId/Cost/SynthesizeId/ReactantId1/ReactantId2/ReactantId3.....
#  Id prefix:
#  Q --- Query Molecule
#  M --- Material
#  R --- Reactant
#
Directory      result/synthesize_PfHDAC1/263/DATABASE/
#
Q000000001/5.944217/0000/R000000001
R000000005/1.000000/0000/Guesstimate
R000000006/1.000000/0000/Guesstimate
R000000004/2.222222/0112/R000000005/R000000006
R000000003/2.469136/0197/R000000004
M000000009/1.000000/0000/Sigma_BB-28760241
R000000008/1.111111/0091/M000000009
M000000010/1.000000/0000/Sigma_BB-326697832
R000000008/1.111111/0299/M000000010
R000000011/1.000000/0000/Guesstimate
R000000007/2.345679/0112/R000000008/R000000011
M000000013/1.000000/0000/Sigma_BB-29509312
R000000014/1.000000/0000/Guesstimate
R000000012/2.222222/0231/M000000013/R000000014
R000000007/2.469136/0082/R000000012
R000000002/5.349795/0275/R000000003/R000000007
R000000001/5.944217/0147/R000000002
M000000018/1.000000/0000/Sigma_BB-28757047
R000000019/1.000000/0000/Guesstimate
R000000017/2.222222/0175/M000000018/R000000019
R000000017/2.222222/0290/M000000018/R000000019
R000000016/2.469136/0125/R000000017
R000000020/1.000000/0000/Guesstimate
R000000016/3.580247/0112/R000000017/R000000020
R000000015/5.486969/0275/R000000003/R000000016
R000000001/6.096632/0147/R000000015
Q000000002/5.944217/0000/R000000001
Q000000003/5.993328/0000/R000000021
M000000024/1.000000/0000/Sigma_BB-28945063
R000000023/3.854596/0275/R000000003/M000000024
R000000025/3.854596/0275/R000000003/M000000018
M000000027/1.000000/0000/Sigma_BB-28151472
R000000026/3.854596/0275/R000000003/M000000027
R000000025/4.282884/0299/R000000026
R000000023/4.282884/0287/R000000025
R000000028/1.000000/0000/Guesstimate
R000000022/5.393995/0112/R000000023/R000000028
R000000022/5.393995/0174/R000000025/R000000028
R000000021/5.993328/0147/R000000022
M000000032/1.000000/0000/Sigma_BB-27600086
R000000031/2.222222/0175/M000000032/R000000028
R000000031/2.222222/0290/M000000032/R000000028
R000000030/2.469136/0104/R000000031
R000000030/2.469136/0104/R000000031
R000000029/5.486969/0275/R000000003/R000000030
M000000035/1.000000/0000/Sigma_BB-244164693
R000000034/3.854596/0275/R000000003/M000000035
R000000033/4.282884/0104/R000000034
R000000033/4.282884/0104/R000000034
R000000036/1.000000/0000/Guesstimate
R000000029/5.869872/0301/R000000033/R000000036
R000000021/6.096632/0160/R000000029
<NEXT>