#
#  Reaction log file
#  Author: LigBuilder V3 User_Diana
#  Creation time: Thu Apr  9 01:01:07 2026
#  Format:
#  QueryMoleculeId/Cost/SynthesizeId/ReactantId1/ReactantId2/ReactantId3.....
#  Id prefix:
#  Q --- Query Molecule
#  M --- Material
#  R --- Reactant
#
Directory      result/synthesize_PfHDAC1/131/DATABASE/
#
Q000000001/6.096632/0000/R000000001
R000000005/1.000000/0000/Guesstimate
R000000006/1.000000/0000/Guesstimate
R000000004/2.222222/0112/R000000005/R000000006
R000000003/2.469136/0197/R000000004
R000000003/2.469136/0197/R000000004
M000000009/1.000000/0000/Sigma_BB-70737316
R000000010/1.000000/0000/Guesstimate
R000000008/2.222222/0231/M000000009/R000000010
R000000013/1.000000/0000/Guesstimate
R000000012/2.222222/0231/M000000009/R000000013
R000000014/1.000000/0000/Guesstimate
R000000011/3.580247/0112/R000000012/R000000014
R000000017/1.000000/0000/Guesstimate
R000000016/2.222222/0004/R000000017/R000000013
R000000015/3.580247/0231/M000000009/R000000016
R000000011/3.978053/0009/R000000015
R000000008/3.978053/0147/R000000011
R000000007/2.469136/0245/R000000008
R000000018/3.978053/0245/R000000011
R000000018/3.978053/0245/R000000011
R000000007/4.420059/0147/R000000018
R000000002/5.486969/0275/R000000003/R000000007
R000000001/6.096632/0219/R000000002
R000000019/6.721537/0275/R000000003/R000000011
R000000020/3.854596/0275/R000000003/M000000009
M000000022/1.000000/0000/Sigma_BB-70380583
R000000021/3.854596/0275/R000000003/M000000022
R000000020/4.282884/0299/R000000021
R000000023/2.222222/0112/R000000014/R000000013
R000000023/2.469136/0009/R000000016
R000000019/6.752020/0231/R000000020/R000000023
R000000001/7.468375/0147/R000000019
Q000000002/6.096632/0000/R000000001
Q000000003/Analysis Failed
<NEXT>