#
#  Reaction log file
#  Author: LigBuilder V3 User_Diana
#  Creation time: Thu Apr  9 00:57:22 2026
#  Format:
#  QueryMoleculeId/Cost/SynthesizeId/ReactantId1/ReactantId2/ReactantId3.....
#  Id prefix:
#  Q --- Query Molecule
#  M --- Material
#  R --- Reactant
#
Directory      result/synthesize_PfHDAC1/29/DATABASE/
#
Q000000001/Analysis Failed
Q000000002/9.258772/0000/R000000001
R000000007/1.000000/0000/Guesstimate
R000000006/1.111111/0283/R000000007
R000000008/1.000000/0000/Guesstimate
R000000005/2.345679/0285/R000000006/R000000008
R000000010/1.000000/0000/Guesstimate
R000000009/2.345679/0277/R000000006/R000000010
R000000012/1.000000/0000/Guesstimate
R000000011/2.345679/0277/R000000006/R000000012
R000000015/1.000000/0000/Guesstimate
R000000014/2.345679/0285/R000000006/R000000015
R000000013/2.606310/0079/R000000014
R000000017/1.000000/0000/Guesstimate
R000000016/2.345679/0285/R000000006/R000000017
R000000013/2.606310/0082/R000000016
R000000011/2.895900/0198/R000000013
R000000009/2.606310/0041/R000000011
R000000005/2.606310/0295/R000000009
R000000018/1.000000/0000/Guesstimate
R000000004/3.717421/0112/R000000005/R000000018
R000000020/1.000000/0000/Guesstimate
R000000019/3.717421/0112/R000000005/R000000020
R000000021/3.717421/0112/R000000005/R000000015
R000000019/4.130468/0041/R000000021
R000000004/4.130468/0155/R000000019
R000000023/1.000000/0000/Guesstimate
R000000024/1.000000/0000/Guesstimate
R000000022/2.222222/0274/R000000023/R000000024
R000000003/6.599605/0095/R000000004/R000000022
R000000027/2.606310/0125/R000000014
R000000028/1.000000/0000/Guesstimate
R000000027/3.717421/0112/R000000014/R000000028
R000000026/2.895900/0079/R000000027
R000000029/2.606310/0125/R000000016
R000000029/3.717421/0112/R000000016/R000000028
R000000026/2.895900/0082/R000000029
R000000025/3.217667/0041/R000000026
R000000033/1.000000/0000/Guesstimate
R000000032/2.345679/0112/R000000006/R000000033
R000000031/2.606310/0197/R000000032
R000000030/4.007011/0285/R000000031/R000000008
R000000036/1.000000/0000/Guesstimate
R000000035/4.007011/0277/R000000031/R000000036
R000000037/1.000000/0000/Guesstimate
R000000034/5.563346/0274/R000000035/R000000037
R000000039/1.000000/0000/Guesstimate
R000000038/4.007011/0277/R000000031/R000000039
R000000040/1.000000/0000/Guesstimate
R000000034/5.563346/0301/R000000038/R000000040
R000000030/6.181496/0295/R000000034
R000000025/4.452235/0079/R000000030
R000000042/1.000000/0000/Guesstimate
R000000041/3.580247/0095/R000000042/R000000022
R000000003/7.553238/0138/R000000025/R000000041
R000000002/7.332894/0285/R000000003
R000000043/1.000000/0000/Guesstimate
R000000001/9.258772/0224/R000000002/R000000043
R000000045/1.000000/0000/Guesstimate
R000000044/9.258772/0224/R000000002/R000000045
R000000001/9.258772/0228/R000000044
Q000000003/7.190096/0000/R000000046
R000000048/3.217667/0040/R000000026
R000000049/2.895900/0040/R000000027
R000000048/3.217667/0079/R000000049
R000000053/1.000000/0000/Guesstimate
R000000052/1.111111/0283/R000000053
R000000054/1.000000/0000/Guesstimate
R000000051/2.345679/0277/R000000052/R000000054
R000000056/1.000000/0000/Guesstimate
R000000055/2.345679/0277/R000000052/R000000056
R000000051/2.606310/0300/R000000055
R000000050/2.606310/0099/R000000051
R000000058/2.606310/0247/R000000051
R000000057/2.895900/0147/R000000058
R000000050/3.217667/0188/R000000057
R000000047/6.471086/0003/R000000048/R000000050
R000000060/3.575186/0093/R000000048
R000000061/1.000000/0000/Guesstimate
R000000060/4.007011/0004/R000000013/R000000061
R000000059/3.972429/0085/R000000060
R000000062/1.000000/0000/Guesstimate
R000000059/4.007011/0004/R000000013/R000000062
R000000064/2.606310/0125/R000000051
R000000064/3.717421/0112/R000000028/R000000051
R000000063/2.895900/0099/R000000064
R000000066/1.000000/0000/Guesstimate
R000000065/4.007011/0004/R000000066/R000000050
R000000063/4.452235/0009/R000000065
R000000047/7.631477/0049/R000000059/R000000063
R000000046/7.190096/0041/R000000047
R000000069/1.000000/0000/Guesstimate
R000000068/5.563346/0276/R000000030/R000000069
R000000068/5.563346/0278/R000000030/R000000069
R000000067/6.181496/0024/R000000068
R000000071/1.000000/0000/Guesstimate
R000000070/5.563346/0174/R000000030/R000000071
R000000072/1.111111/0287/R000000071
R000000070/5.686803/0112/R000000030/R000000072
R000000067/6.181496/0025/R000000070
R000000046/9.764230/0003/R000000067/R000000050
<NEXT>