#
#  Reaction log file
#  Author: LigBuilder V3 User_Diana
#  Creation time: Thu Apr  9 01:00:10 2026
#  Format:
#  QueryMoleculeId/Cost/SynthesizeId/ReactantId1/ReactantId2/ReactantId3.....
#  Id prefix:
#  Q --- Query Molecule
#  M --- Material
#  R --- Reactant
#
Directory      result/synthesize_PfHDAC1/82/DATABASE/
#
Q000000001/8.147660/0000/R000000001
R000000007/1.000000/0000/Guesstimate
R000000006/1.111111/0118/R000000007
R000000008/1.000000/0000/Guesstimate
R000000006/2.222222/0112/R000000007/R000000008
R000000009/1.000000/0000/Guesstimate
R000000005/2.345679/0285/R000000006/R000000009
R000000011/1.000000/0000/Guesstimate
R000000010/2.345679/0285/R000000006/R000000011
R000000005/2.606310/0294/R000000010
R000000012/1.000000/0000/Guesstimate
R000000004/3.717421/0159/R000000005/R000000012
R000000003/4.130468/0153/R000000004
R000000014/1.000000/0000/Guesstimate
R000000013/3.717421/0159/R000000005/R000000014
R000000003/4.130468/0154/R000000013
R000000017/1.000000/0000/Guesstimate
R000000018/1.000000/0000/Guesstimate
R000000016/2.222222/0112/R000000017/R000000018
R000000016/2.222222/0112/R000000017/R000000018
R000000015/2.469136/0147/R000000016
R000000002/7.332894/0231/R000000003/R000000015
R000000001/8.147660/0041/R000000002
R000000020/4.589409/0041/R000000003
R000000020/4.589409/0233/R000000003
R000000019/7.568480/0231/R000000020/R000000016
R000000021/6.210455/0231/R000000020/R000000018
R000000022/5.700521/0231/R000000003/R000000018
R000000021/6.333912/0041/R000000022
R000000019/8.011617/0112/R000000021/R000000017
R000000001/8.409423/0147/R000000019
Q000000002/8.147660/0000/R000000001
Q000000003/8.147660/0000/R000000001
<NEXT>