#
#  Reaction log file
#  Author: LigBuilder V3 User_Diana
#  Creation time: Thu Apr  9 01:01:59 2026
#  Format:
#  QueryMoleculeId/Cost/SynthesizeId/ReactantId1/ReactantId2/ReactantId3.....
#  Id prefix:
#  Q --- Query Molecule
#  M --- Material
#  R --- Reactant
#
Directory      result/synthesize_PfHDAC1/180/DATABASE/
#
Q000000001/6.935089/0000/R000000001
R000000006/1.000000/0000/Guesstimate
R000000005/1.111111/0283/R000000006
R000000007/1.000000/0000/Guesstimate
R000000004/2.345679/0112/R000000005/R000000007
R000000008/1.000000/0000/Guesstimate
R000000003/3.717421/0285/R000000004/R000000008
R000000010/2.345679/0285/R000000005/R000000008
R000000012/1.000000/0000/Guesstimate
R000000011/2.345679/0277/R000000005/R000000012
R000000010/2.606310/0295/R000000011
R000000013/1.000000/0000/Guesstimate
R000000009/3.717421/0112/R000000010/R000000013
R000000003/4.130468/0155/R000000009
R000000014/1.000000/0000/Guesstimate
R000000002/5.241580/0122/R000000003/R000000014
R000000017/1.000000/0000/Guesstimate
R000000016/2.222222/0122/R000000007/R000000017
R000000016/2.222222/0122/R000000007/R000000017
R000000015/2.469136/0024/R000000016
R000000019/1.000000/0000/Guesstimate
R000000020/1.000000/0000/Guesstimate
R000000018/2.222222/0012/R000000019/R000000020
R000000021/1.000000/0000/Guesstimate
R000000018/2.222222/0095/R000000007/R000000021
R000000015/2.469136/0040/R000000018
R000000002/5.349795/0112/R000000010/R000000015
R000000022/1.000000/0000/Guesstimate
R000000001/6.935089/0003/R000000002/R000000022
R000000025/2.345679/0112/R000000005/R000000019
R000000026/1.000000/0000/Guesstimate
R000000025/3.717421/0112/R000000004/R000000026
R000000027/1.000000/0000/Guesstimate
R000000024/3.717421/0285/R000000025/R000000027
R000000023/4.130468/0041/R000000024
R000000030/1.000000/0000/Guesstimate
R000000029/3.717421/0112/R000000010/R000000030
R000000028/4.130468/0197/R000000029
R000000031/1.000000/0000/Guesstimate
R000000023/5.700521/0003/R000000028/R000000031
R000000033/1.000000/0000/Guesstimate
R000000032/2.222222/0003/R000000033/R000000022
R000000034/1.000000/0000/Guesstimate
R000000035/2.222222/0112/R000000026/R000000022
R000000037/1.000000/0000/Guesstimate
R000000036/2.222222/0004/R000000037/R000000022
R000000035/2.469136/0009/R000000036
R000000032/3.580247/0049/R000000034/R000000035
R000000001/7.058546/0012/R000000023/R000000032
Q000000002/4.282884/0000/R000000038
R000000042/1.000000/0000/Guesstimate
R000000041/2.222222/0112/R000000030/R000000042
R000000040/2.469136/0197/R000000041
M000000043/1.000000/0000/Sigma_BB-27733454
R000000039/3.854596/0275/R000000040/M000000043
R000000038/4.282884/0059/R000000039
M000000047/1.000000/0000/Sigma_BB-28945063
R000000046/2.222222/0004/M000000047/R000000037
R000000045/2.469136/0010/R000000046
R000000049/1.000000/0000/Guesstimate
R000000048/2.222222/0112/M000000047/R000000049
M000000050/1.000000/0000/Sigma_BB-28757047
R000000048/2.222222/0174/M000000050/R000000049
R000000045/2.469136/0059/R000000048
R000000044/5.486969/0275/R000000040/R000000045
R000000038/6.096632/0147/R000000044
Q000000003/Analysis Failed
Q000000004/Analysis Failed
<NEXT>