#
#  Reaction log file
#  Author: LigBuilder V3 User_Diana
#  Creation time: Thu Apr  9 01:01:18 2026
#  Format:
#  QueryMoleculeId/Cost/SynthesizeId/ReactantId1/ReactantId2/ReactantId3.....
#  Id prefix:
#  Q --- Query Molecule
#  M --- Material
#  R --- Reactant
#
Directory      result/synthesize_PfHDAC1/139/DATABASE/
#
Q000000001/5.993328/0000/R000000001
R000000006/1.000000/0000/Guesstimate
R000000007/1.000000/0000/Guesstimate
R000000005/2.222222/0112/R000000006/R000000007
R000000004/2.469136/0197/R000000005
R000000004/2.469136/0197/R000000005
M000000008/1.000000/0000/Sigma_BB-28666772
R000000003/3.854596/0275/R000000004/M000000008
M000000010/1.000000/0000/Sigma_BB-28824595
R000000009/3.854596/0275/R000000004/M000000010
R000000003/4.282884/0299/R000000009
R000000011/1.000000/0000/Guesstimate
R000000002/5.393995/0012/R000000003/R000000011
R000000002/5.393995/0146/R000000003/R000000011
R000000001/5.993328/0059/R000000002
M000000014/1.000000/0000/Sigma_BB-29088450
R000000013/3.854596/0275/R000000004/M000000014
M000000016/1.000000/0000/Sigma_BB-88360669
R000000015/3.854596/0275/R000000004/M000000016
R000000013/4.282884/0299/R000000015
R000000017/1.000000/0000/Guesstimate
R000000012/5.393995/0112/R000000013/R000000017
R000000018/1.000000/0000/Guesstimate
R000000012/5.393995/0138/R000000003/R000000018
R000000001/5.993328/0099/R000000012
Q000000002/4.758760/0000/R000000019
M000000022/1.000000/0000/Sigma_BB-28757047
R000000021/3.854596/0275/R000000004/M000000022
M000000024/1.000000/0000/Sigma_BB-28151472
R000000023/3.854596/0275/R000000004/M000000024
R000000021/4.282884/0299/R000000023
R000000020/4.282884/0074/R000000021
M000000026/1.000000/0000/Sigma_BB-28945063
R000000025/3.854596/0275/R000000004/M000000026
R000000025/4.282884/0287/R000000021
R000000027/1.000000/0000/Guesstimate
R000000020/5.393995/0112/R000000025/R000000027
R000000019/4.758760/0059/R000000020
R000000029/1.000000/0000/Guesstimate
R000000028/5.393995/0004/R000000025/R000000029
R000000028/5.393995/0175/R000000021/R000000006
R000000019/5.993328/0153/R000000028
Q000000003/Analysis Failed
<NEXT>