#
#  Reaction log file
#  Author: LigBuilder V3 User_Diana
#  Creation time: Thu Apr  9 00:57:46 2026
#  Format:
#  QueryMoleculeId/Cost/SynthesizeId/ReactantId1/ReactantId2/ReactantId3.....
#  Id prefix:
#  Q --- Query Molecule
#  M --- Material
#  R --- Reactant
#
Directory      result/synthesize_PfHDAC1/3/DATABASE/
#
Q000000001/5.807042/0000/R000000001
R000000003/1.000000/0000/Guesstimate
R000000006/1.000000/0000/Guesstimate
R000000005/1.111111/0125/R000000006
R000000007/1.000000/0000/Guesstimate
R000000005/2.222222/0112/R000000007/R000000006
R000000009/1.000000/0000/Guesstimate
R000000010/1.000000/0000/Guesstimate
R000000008/2.222222/0122/R000000009/R000000010
R000000011/1.000000/0000/Guesstimate
R000000012/1.000000/0000/Guesstimate
R000000008/2.222222/0256/R000000011/R000000012
R000000004/3.703704/0224/R000000005/R000000008
R000000016/1.000000/0000/Guesstimate
R000000015/2.222222/0170/R000000016/R000000009
R000000017/1.000000/0000/Guesstimate
R000000018/1.000000/0000/Guesstimate
R000000015/2.222222/0170/R000000017/R000000018
R000000014/3.580247/0122/R000000015/R000000010
R000000019/1.000000/0000/Guesstimate
R000000014/3.580247/0224/R000000019/R000000008
R000000020/1.000000/0000/Guesstimate
R000000013/5.089163/0112/R000000014/R000000020
R000000004/5.654626/0197/R000000013
R000000002/5.226338/0112/R000000003/R000000004
R000000022/2.222222/0112/R000000003/R000000020
R000000021/2.469136/0197/R000000022
R000000002/6.721537/0112/R000000021/R000000014
R000000001/5.807042/0147/R000000002
R000000027/1.000000/0000/Guesstimate
R000000026/2.222222/0004/R000000003/R000000027
R000000026/2.469136/0147/R000000022
R000000025/2.469136/0197/R000000026
R000000028/1.000000/0000/Guesstimate
R000000024/3.854596/0095/R000000025/R000000028
R000000030/1.000000/0000/Guesstimate
R000000029/3.854596/0277/R000000025/R000000030
R000000024/4.282884/0099/R000000029
R000000023/6.752020/0224/R000000024/R000000008
R000000033/1.000000/0000/Guesstimate
R000000034/1.000000/0000/Guesstimate
R000000032/2.222222/0001/R000000033/R000000034
R000000032/2.222222/0004/R000000007/R000000034
R000000031/4.938272/0212/R000000026/R000000032
R000000031/4.938272/0212/R000000026/R000000032
R000000037/1.000000/0000/Guesstimate
R000000038/1.000000/0000/Guesstimate
R000000036/2.222222/0285/R000000037/R000000038
R000000035/2.469136/0041/R000000036
R000000040/1.000000/0000/Guesstimate
R000000039/2.222222/0170/R000000040/R000000009
R000000041/1.000000/0000/Guesstimate
R000000039/2.222222/0170/R000000041/R000000018
R000000035/3.580247/0122/R000000039/R000000010
R000000023/8.230453/0122/R000000031/R000000035
R000000001/7.502245/0294/R000000023
Q000000002/4.452235/0000/R000000042
R000000046/1.000000/0000/Guesstimate
R000000045/2.345679/0224/R000000005/R000000046
R000000044/2.606310/0041/R000000045
R000000048/1.000000/0000/Guesstimate
R000000047/2.345679/0224/R000000005/R000000048
R000000044/2.606310/0188/R000000047
R000000043/4.007011/0112/R000000003/R000000044
R000000050/2.222222/0224/R000000019/R000000046
R000000050/2.469136/0295/R000000015
R000000049/2.469136/0041/R000000050
R000000051/2.222222/0170/R000000016/R000000048
R000000052/1.000000/0000/Guesstimate
R000000051/2.222222/0170/R000000017/R000000052
R000000049/2.469136/0188/R000000051
R000000043/5.486969/0112/R000000021/R000000049
R000000042/4.452235/0147/R000000043
R000000055/4.282884/0294/R000000024
R000000058/1.000000/0000/Guesstimate
R000000057/3.854596/0122/R000000025/R000000058
R000000056/4.282884/0294/R000000057
R000000059/6.598080/0122/R000000031/R000000040
R000000056/7.331201/0294/R000000059
R000000055/4.758760/0217/R000000056
R000000060/1.000000/0000/Guesstimate
R000000054/5.869872/0224/R000000055/R000000060
R000000053/6.522080/0082/R000000054
R000000062/1.000000/0000/Guesstimate
R000000061/5.869872/0224/R000000055/R000000062
R000000063/5.393995/0224/R000000024/R000000062
R000000064/1.000000/0000/Guesstimate
R000000063/6.598080/0122/R000000031/R000000064
R000000061/5.993328/0294/R000000063
R000000053/7.633191/0112/R000000061/R000000007
R000000042/7.246756/0041/R000000053
Q000000003/4.452235/0000/R000000042
Q000000004/Analysis Failed
<NEXT>