#
#  Reaction log file
#  Author: LigBuilder V3 User_Diana
#  Creation time: Thu Apr  9 01:04:39 2026
#  Format:
#  QueryMoleculeId/Cost/SynthesizeId/ReactantId1/ReactantId2/ReactantId3.....
#  Id prefix:
#  Q --- Query Molecule
#  M --- Material
#  R --- Reactant
#
Directory      result/synthesize_PfHDAC1/278/DATABASE/
#
Q000000001/7.637726/0000/R000000001
R000000006/1.000000/0000/Guesstimate
R000000005/1.111111/0198/R000000006
R000000007/1.000000/0000/Guesstimate
R000000005/1.111111/0198/R000000007
R000000004/1.234568/0155/R000000005
R000000009/1.000000/0000/Guesstimate
R000000010/1.000000/0000/Guesstimate
R000000008/2.222222/0004/R000000009/R000000010
R000000011/1.000000/0000/Guesstimate
M000000012/1.000000/0000/Sigma_BB-27088218
R000000008/2.222222/0212/R000000011/M000000012
R000000004/2.469136/0197/R000000008
R000000003/2.482853/0004/R000000004/R000000010
M000000014/1.000000/0000/Sigma_BB-28524129
R000000013/3.580247/0212/R000000008/M000000014
R000000013/3.580247/0212/R000000008/M000000014
R000000003/3.978053/0024/R000000013
M000000017/1.000000/0000/Sigma_BB-28764950
R000000016/1.111111/0085/M000000017
R000000019/1.000000/0000/Guesstimate
R000000018/2.222222/0004/R000000010/R000000019
R000000020/1.000000/0000/Guesstimate
R000000021/1.000000/0000/Guesstimate
R000000018/3.333333/0225/R000000020/R000000019/R000000021
R000000015/3.703704/0212/R000000016/R000000018
R000000015/3.703704/0212/R000000016/R000000018
R000000002/6.873953/0212/R000000003/R000000015
R000000002/6.873953/0212/R000000003/R000000015
R000000001/7.637726/0028/R000000002
R000000024/3.580247/0212/M000000017/R000000018
R000000024/3.580247/0212/M000000017/R000000018
R000000023/3.978053/0085/R000000024
R000000026/1.000000/0000/Guesstimate
R000000025/5.089163/0004/R000000024/R000000026
R000000023/5.654626/0197/R000000025
R000000022/7.178785/0212/R000000003/R000000023
R000000022/7.178785/0212/R000000003/R000000023
R000000001/7.976428/0028/R000000022
Q000000002/7.637726/0000/R000000001
Q000000003/7.637726/0000/R000000001
<NEXT>