#
#  Reaction log file
#  Author: LigBuilder V3 User_Diana
#  Creation time: Thu Apr  9 01:03:05 2026
#  Format:
#  QueryMoleculeId/Cost/SynthesizeId/ReactantId1/ReactantId2/ReactantId3.....
#  Id prefix:
#  Q --- Query Molecule
#  M --- Material
#  R --- Reactant
#
Directory      result/synthesize_PfHDAC1/212/DATABASE/
#
Q000000001/3.840878/0000/R000000001
M000000004/1.000000/0000/Sigma_BB-28115861
R000000003/1.111111/0188/M000000004
M000000005/1.000000/0000/Sigma_BB-28200223
R000000006/1.000000/0000/Guesstimate
R000000003/2.222222/0256/M000000005/R000000006
R000000007/1.000000/0000/Guesstimate
R000000008/1.000000/0000/Guesstimate
R000000002/3.456790/0225/R000000003/R000000007/R000000008
M000000012/1.000000/0000/Sigma_BB-28775694
R000000011/1.111111/0197/M000000012
R000000013/1.000000/0000/Guesstimate
R000000010/3.456790/0225/R000000011/R000000013/R000000008
R000000009/3.840878/0039/R000000010
R000000016/1.000000/0000/Guesstimate
R000000015/2.345679/0275/R000000016/R000000011
R000000017/1.000000/0000/Guesstimate
R000000014/3.717421/0004/R000000015/R000000017
R000000018/1.000000/0000/Guesstimate
R000000014/4.828533/0225/R000000015/R000000008/R000000018
R000000019/1.000000/0000/Guesstimate
R000000009/5.241580/0119/R000000014/R000000019
R000000020/1.000000/0000/Guesstimate
R000000002/5.378754/0122/R000000009/R000000020
R000000001/3.840878/0024/R000000002
R000000023/1.000000/0000/Guesstimate
R000000022/2.345679/0275/R000000023/R000000003
R000000024/2.222222/0275/R000000023/M000000005
R000000022/3.580247/0256/R000000024/R000000006
R000000021/2.606310/0091/R000000022
R000000021/3.717421/0122/R000000015/R000000020
R000000001/4.007011/0004/R000000021/R000000017
Q000000002/3.840878/0000/R000000001
Q000000003/Analysis Failed
<NEXT>