#
#  Reaction log file
#  Author: LigBuilder V3 User_Diana
#  Creation time: Thu Apr  9 01:00:19 2026
#  Format:
#  QueryMoleculeId/Cost/SynthesizeId/ReactantId1/ReactantId2/ReactantId3.....
#  Id prefix:
#  Q --- Query Molecule
#  M --- Material
#  R --- Reactant
#
Directory      result/synthesize_PfHDAC1/99/DATABASE/
#
Q000000001/2.895900/0000/R000000001
R000000004/1.000000/0000/Guesstimate
M000000006/1.000000/0000/Sigma_BB-70314514
R000000005/1.111111/0239/M000000006
M000000007/1.000000/0000/Sigma_BB-112432168
R000000005/1.111111/0299/M000000007
R000000003/2.345679/0275/R000000004/R000000005
R000000008/2.222222/0275/R000000004/M000000006
R000000003/2.469136/0239/R000000008
R000000002/2.606310/0074/R000000003
R000000002/2.606310/0167/R000000003
R000000001/2.895900/0017/R000000002
M000000012/1.000000/0000/Sigma_BB-29088450
R000000011/2.222222/0275/R000000004/M000000012
R000000010/2.469136/0239/R000000011
R000000014/1.000000/0000/Guesstimate
M000000015/1.000000/0000/Sigma_BB-28395178
R000000013/2.222222/0274/R000000014/M000000015
R000000010/2.469136/0260/R000000013
R000000009/2.743484/0074/R000000010
R000000009/2.743484/0167/R000000010
R000000001/3.048316/0017/R000000009
Q000000002/2.895900/0000/R000000001
Q000000003/4.420059/0000/R000000016
R000000020/1.000000/0000/Guesstimate
R000000021/1.000000/0000/Guesstimate
R000000019/2.222222/0277/R000000020/R000000021
R000000022/1.000000/0000/Guesstimate
R000000019/2.222222/0301/R000000022/R000000021
R000000018/3.580247/0275/R000000019/M000000015
R000000023/3.580247/0275/R000000019/M000000012
R000000018/3.978053/0239/R000000023
R000000017/3.978053/0074/R000000018
R000000017/3.978053/0167/R000000018
R000000016/4.420059/0017/R000000017
R000000025/3.703704/0275/R000000019/R000000005
R000000026/2.345679/0275/R000000020/R000000005
R000000025/3.717421/0277/R000000026/R000000021
R000000024/4.115227/0074/R000000025
R000000024/4.115227/0167/R000000025
R000000016/4.572474/0017/R000000024
Q000000004/4.420059/0000/R000000016
<NEXT>