#
#  Reaction log file
#  Author: LigBuilder V3 User_Diana
#  Creation time: Thu Apr  9 01:02:36 2026
#  Format:
#  QueryMoleculeId/Cost/SynthesizeId/ReactantId1/ReactantId2/ReactantId3.....
#  Id prefix:
#  Q --- Query Molecule
#  M --- Material
#  R --- Reactant
#
Directory      result/synthesize_PfHDAC1/202/DATABASE/
#
Q000000001/6.096632/0000/R000000001
R000000005/1.000000/0000/Guesstimate
R000000006/1.000000/0000/Guesstimate
R000000004/2.222222/0112/R000000005/R000000006
R000000003/2.469136/0197/R000000004
R000000009/1.000000/0000/Guesstimate
R000000010/1.000000/0000/Guesstimate
R000000008/2.222222/0158/R000000009/R000000010
R000000008/2.222222/0158/R000000009/R000000010
R000000007/2.469136/0188/R000000008
R000000012/1.000000/0000/Guesstimate
R000000011/2.222222/0158/R000000012/R000000010
R000000011/2.222222/0158/R000000012/R000000010
R000000007/2.469136/0188/R000000011
R000000002/5.486969/0275/R000000003/R000000007
R000000001/6.096632/0160/R000000002
R000000001/6.096632/0160/R000000002
Q000000002/6.096632/0000/R000000001
Q000000003/6.096632/0000/R000000001
<NEXT>