#
#  Reaction log file
#  Author: LigBuilder V3 User_Diana
#  Creation time: Thu Apr  9 00:59:27 2026
#  Format:
#  QueryMoleculeId/Cost/SynthesizeId/ReactantId1/ReactantId2/ReactantId3.....
#  Id prefix:
#  Q --- Query Molecule
#  M --- Material
#  R --- Reactant
#
Directory      result/synthesize_PfHDAC1/61/DATABASE/
#
Q000000001/4.115227/0000/R000000001
M000000004/1.000000/0000/Sigma_BB-30431413
R000000005/1.000000/0000/Guesstimate
R000000003/2.222222/0122/M000000004/R000000005
M000000007/1.000000/0000/Sigma_BB-28760249
R000000008/1.000000/0000/Guesstimate
R000000006/2.222222/0112/M000000007/R000000008
M000000009/1.000000/0000/Sigma_BB-101355943
R000000006/2.222222/0174/M000000009/R000000008
R000000003/2.469136/0147/R000000006
M000000011/1.000000/0000/Sigma_BB-70700816
R000000010/1.111111/0086/M000000011
R000000013/1.000000/0000/Guesstimate
R000000014/1.000000/0000/Guesstimate
R000000012/2.222222/0277/R000000013/R000000014
R000000015/1.000000/0000/Guesstimate
R000000016/1.000000/0000/Guesstimate
R000000012/2.222222/0301/R000000015/R000000016
R000000010/2.469136/0039/R000000012
R000000002/3.703704/0175/R000000003/R000000010
M000000019/1.000000/0000/Sigma_BB-26890051
M000000020/1.000000/0000/Sigma_BB-28776399
R000000018/2.222222/0212/M000000019/M000000020
M000000021/1.000000/0000/Sigma_BB-27738953
R000000018/2.222222/0212/M000000021/M000000011
R000000017/2.469136/0114/R000000018
R000000024/2.222222/0175/M000000009/R000000015
R000000025/1.000000/0000/Guesstimate
R000000024/2.222222/0212/M000000021/R000000025
R000000023/2.469136/0114/R000000024
M000000027/1.000000/0000/Sigma_BB-28502776
R000000028/1.000000/0000/Guesstimate
R000000026/2.222222/0138/M000000027/R000000028
R000000026/2.222222/0174/M000000004/R000000015
R000000023/2.469136/0147/R000000026
R000000022/3.854596/0301/R000000023/R000000016
R000000022/3.854596/0301/R000000023/R000000016
R000000017/4.282884/0039/R000000022
R000000002/3.854596/0122/R000000017/R000000005
R000000001/4.115227/0024/R000000002
R000000029/3.854596/0122/R000000023/R000000005
M000000032/1.000000/0000/Sigma_BB-183986327
R000000031/2.222222/0175/M000000032/R000000008
R000000031/2.222222/0290/M000000032/R000000008
R000000033/1.000000/0000/Guesstimate
R000000030/3.580247/0003/R000000031/R000000033
R000000034/2.469136/0091/R000000031
R000000035/1.000000/0000/Guesstimate
R000000030/3.854596/0112/R000000034/R000000035
R000000029/3.978053/0147/R000000030
R000000036/1.000000/0000/Guesstimate
R000000001/5.393995/0004/R000000029/R000000036
Q000000002/3.978053/0000/R000000037
R000000039/1.000000/0000/Guesstimate
R000000038/3.580247/0175/R000000018/R000000039
R000000041/2.222222/0112/M000000007/R000000039
R000000041/2.222222/0174/M000000009/R000000039
R000000040/2.469136/0147/R000000041
R000000043/1.000000/0000/Guesstimate
R000000042/2.222222/0277/M000000004/R000000043
R000000044/1.000000/0000/Guesstimate
R000000042/2.222222/0301/M000000004/R000000044
R000000040/2.469136/0147/R000000042
R000000038/3.978053/0175/R000000040/R000000010
R000000037/3.978053/0024/R000000038
R000000047/2.222222/0175/M000000032/R000000039
R000000047/2.222222/0290/M000000032/R000000039
R000000046/3.580247/0003/R000000047/R000000033
R000000048/2.469136/0091/R000000047
R000000046/3.854596/0112/R000000048/R000000035
R000000045/3.978053/0147/R000000046
R000000050/2.222222/0175/M000000007/R000000015
M000000051/1.000000/0000/Sigma_BB-299859477
R000000050/2.222222/0212/M000000051/R000000025
R000000049/3.580247/0112/R000000050/R000000039
R000000049/3.580247/0174/R000000024/R000000039
R000000045/3.978053/0147/R000000049
R000000037/5.531170/0004/R000000045/R000000036
Q000000003/4.115227/0000/R000000001
<NEXT>