#
#  Reaction log file
#  Author: LigBuilder V3 User_Diana
#  Creation time: Thu Apr  9 01:01:34 2026
#  Format:
#  QueryMoleculeId/Cost/SynthesizeId/ReactantId1/ReactantId2/ReactantId3.....
#  Id prefix:
#  Q --- Query Molecule
#  M --- Material
#  R --- Reactant
#
Directory      result/synthesize_PfHDAC1/151/DATABASE/
#
Q000000001/Analysis Failed
Q000000002/3.978053/0000/R000000001
R000000004/1.000000/0000/Guesstimate
R000000005/1.000000/0000/Guesstimate
R000000003/2.222222/0004/R000000004/R000000005
R000000006/1.000000/0000/Guesstimate
R000000002/3.580247/0003/R000000003/R000000006
M000000009/1.000000/0000/Sigma_BB-28775379
R000000008/3.580247/0212/R000000003/M000000009
R000000008/3.580247/0212/R000000003/M000000009
R000000007/3.978053/0100/R000000008
M000000011/1.000000/0000/Sigma_BB-28427694
R000000010/3.580247/0212/R000000003/M000000011
R000000010/3.580247/0212/R000000003/M000000011
R000000007/3.978053/0155/R000000010
R000000012/1.000000/0000/Guesstimate
R000000002/5.531170/0049/R000000007/R000000012
R000000001/3.978053/0147/R000000002
R000000014/2.469136/0197/R000000003
R000000015/1.000000/0000/Guesstimate
R000000013/3.854596/0003/R000000014/R000000015
R000000017/1.000000/0000/Guesstimate
R000000016/3.854596/0004/R000000014/R000000017
M000000019/1.000000/0000/Sigma_BB-28524129
R000000018/3.580247/0212/R000000003/M000000019
R000000018/3.580247/0212/R000000003/M000000019
R000000016/3.978053/0024/R000000018
R000000020/1.000000/0000/Guesstimate
R000000013/5.393995/0003/R000000016/R000000020
R000000001/4.282884/0147/R000000013
Q000000003/2.469136/0000/R000000021
M000000023/1.000000/0000/Sigma_BB-29539062
R000000024/1.000000/0000/Guesstimate
R000000022/2.222222/0225/M000000023/R000000024
R000000022/2.222222/0225/M000000023/R000000024
R000000021/2.469136/0017/R000000022
M000000028/1.000000/0000/Sigma_BB-70314514
R000000027/1.111111/0239/M000000028
M000000029/1.000000/0000/Sigma_BB-112432168
R000000027/1.111111/0299/M000000029
R000000026/1.234568/0074/R000000027
M000000031/1.000000/0000/Sigma_BB-30506214
R000000030/1.111111/0299/M000000031
R000000030/1.234568/0287/R000000027
R000000032/1.000000/0000/Guesstimate
R000000026/2.345679/0112/R000000030/R000000032
R000000025/2.482853/0225/R000000026/R000000024
R000000025/2.482853/0225/R000000026/R000000024
R000000021/2.758726/0017/R000000025
<NEXT>