#
#  Reaction log file
#  Author: LigBuilder V3 User_Diana
#  Creation time: Thu Apr  9 01:05:11 2026
#  Format:
#  QueryMoleculeId/Cost/SynthesizeId/ReactantId1/ReactantId2/ReactantId3.....
#  Id prefix:
#  Q --- Query Molecule
#  M --- Material
#  R --- Reactant
#
Directory      result/synthesize_PfHDAC1/298/DATABASE/
#
Q000000001/6.113567/0000/R000000001
R000000004/1.000000/0000/Guesstimate
M000000006/1.000000/0000/Sigma_BB-28764950
R000000005/1.111111/0085/M000000006
R000000003/2.345679/0212/R000000004/R000000005
R000000008/1.000000/0000/Guesstimate
R000000007/2.222222/0004/R000000008/M000000006
R000000007/2.222222/0277/R000000008/M000000006
R000000003/2.469136/0197/R000000007
M000000012/1.000000/0000/Sigma_BB-28845589
R000000011/1.111111/0093/M000000012
R000000013/1.000000/0000/Guesstimate
R000000014/1.000000/0000/Guesstimate
R000000011/2.222222/0004/R000000013/R000000014
R000000015/1.000000/0000/Guesstimate
R000000010/2.345679/0277/R000000011/R000000015
R000000009/2.606310/0099/R000000010
M000000016/1.000000/0000/Sigma_BB-27088218
R000000018/1.000000/0000/Guesstimate
R000000017/2.222222/0004/R000000014/R000000018
R000000019/1.000000/0000/Guesstimate
R000000020/1.000000/0000/Guesstimate
R000000017/3.333333/0225/R000000019/R000000018/R000000020
R000000009/3.580247/0212/M000000016/R000000017
R000000002/5.502210/0212/R000000003/R000000009
R000000002/5.502210/0212/R000000003/R000000009
R000000001/6.113567/0028/R000000002
R000000023/2.345679/0212/R000000004/R000000005
R000000023/2.345679/0212/R000000004/R000000005
R000000022/2.606310/0093/R000000023
M000000025/1.000000/0000/Sigma_BB-28457967
R000000024/3.717421/0212/R000000023/M000000025
R000000024/3.717421/0212/R000000023/M000000025
R000000022/4.130468/0100/R000000024
R000000028/1.000000/0000/Guesstimate
R000000027/1.111111/0293/R000000028
R000000027/2.469136/0197/R000000017
R000000029/1.000000/0000/Guesstimate
R000000026/2.345679/0004/R000000027/R000000029
R000000031/1.000000/0000/Guesstimate
R000000030/2.345679/0277/R000000027/R000000031
R000000032/1.000000/0000/Guesstimate
R000000030/2.345679/0301/R000000027/R000000032
R000000026/2.606310/0024/R000000030
R000000021/5.502210/0212/R000000022/R000000026
R000000021/5.502210/0212/R000000022/R000000026
R000000001/6.113567/0028/R000000021
Q000000002/Analysis Failed
Q000000003/4.572474/0000/R000000033
R000000037/1.000000/0000/Guesstimate
R000000036/1.111111/0054/R000000037
R000000038/1.000000/0000/Guesstimate
R000000039/1.000000/0000/Guesstimate
R000000036/2.222222/0004/R000000038/R000000039
R000000035/1.234568/0009/R000000036
R000000040/1.000000/0000/Guesstimate
R000000041/1.000000/0000/Guesstimate
R000000035/2.222222/0003/R000000040/R000000041
R000000044/1.000000/0000/Guesstimate
R000000045/1.000000/0000/Guesstimate
R000000043/2.222222/0112/R000000044/R000000045
R000000042/2.469136/0274/R000000043
R000000034/4.115227/0122/R000000035/R000000042
R000000046/3.854596/0003/R000000041/R000000042
M000000048/1.000000/0000/Sigma_BB-30407107
R000000047/3.854596/0301/M000000048/R000000042
R000000047/3.854596/0301/M000000048/R000000042
R000000046/4.282884/0009/R000000047
R000000034/5.393995/0122/R000000040/R000000046
R000000033/4.572474/0099/R000000034
R000000049/4.282884/0099/R000000046
R000000052/1.000000/0000/Guesstimate
R000000051/3.854596/0301/R000000052/R000000042
R000000051/3.854596/0301/R000000052/R000000042
R000000050/4.282884/0099/R000000051
R000000053/4.282884/0233/R000000051
R000000053/4.282884/0258/R000000051
R000000050/4.758760/0295/R000000053
R000000049/4.758760/0082/R000000050
R000000033/5.869872/0122/R000000040/R000000049
<NEXT>