#
#  Reaction log file
#  Author: LigBuilder V3 User_Diana
#  Creation time: Thu Apr  9 01:04:17 2026
#  Format:
#  QueryMoleculeId/Cost/SynthesizeId/ReactantId1/ReactantId2/ReactantId3.....
#  Id prefix:
#  Q --- Query Molecule
#  M --- Material
#  R --- Reactant
#
Directory      result/synthesize_PfHDAC1/270/DATABASE/
#
Q000000001/4.282884/0000/R000000001
R000000005/1.000000/0000/Guesstimate
R000000006/1.000000/0000/Guesstimate
R000000004/2.222222/0004/R000000005/R000000006
R000000003/2.469136/0197/R000000004
R000000007/9.500000/0000/Guesstimate
R000000003/9.500000/0293/R000000007
M000000008/1.000000/0000/Sigma_BB-30388717
R000000002/3.854596/0003/R000000003/M000000008
R000000010/1.000000/0000/Guesstimate
R000000009/3.854596/0004/R000000003/R000000010
M000000012/1.000000/0000/Sigma_BB-28524129
R000000011/3.580247/0212/R000000004/M000000012
R000000011/3.580247/0212/R000000004/M000000012
R000000009/3.978053/0024/R000000011
R000000013/1.000000/0000/Guesstimate
R000000002/5.393995/0003/R000000009/R000000013
R000000001/4.282884/0147/R000000002
R000000017/1.000000/0000/Guesstimate
R000000018/1.000000/0000/Guesstimate
R000000016/2.222222/0003/R000000017/R000000018
M000000019/1.000000/0000/Sigma_BB-28792542
R000000020/1.000000/0000/Guesstimate
R000000016/2.222222/0112/M000000019/R000000020
R000000015/2.469136/0147/R000000016
R000000022/1.000000/0000/Guesstimate
R000000023/1.000000/0000/Guesstimate
R000000021/2.222222/0003/R000000022/R000000023
M000000024/1.000000/0000/Sigma_BB-28775620
R000000025/1.000000/0000/Guesstimate
R000000021/2.222222/0049/M000000024/R000000025
R000000015/2.469136/0147/R000000021
R000000014/5.212621/0003/R000000004/R000000015
M000000028/1.000000/0000/Sigma_BB-28247348
R000000027/1.111111/0085/M000000028
R000000029/1.000000/0000/Guesstimate
R000000027/2.222222/0004/R000000022/R000000029
R000000026/3.703704/0212/R000000004/R000000027
R000000026/3.703704/0212/R000000004/R000000027
R000000031/1.000000/0000/Guesstimate
R000000030/2.222222/0003/R000000013/R000000031
M000000033/1.000000/0000/Sigma_BB-28778979
R000000032/2.222222/0212/M000000008/M000000033
R000000034/1.000000/0000/Guesstimate
R000000032/3.854596/0004/R000000015/R000000034
R000000030/2.469136/0009/R000000032
R000000014/6.584363/0049/R000000026/R000000030
R000000001/5.791801/0147/R000000014
Q000000002/7.620790/0000/R000000035
R000000039/1.000000/0000/Guesstimate
R000000040/1.000000/0000/Guesstimate
R000000041/1.000000/0000/Guesstimate
R000000038/3.333333/0225/R000000039/R000000040/R000000041
R000000038/3.333333/0225/R000000039/R000000040/R000000041
R000000037/3.703704/0280/R000000038
R000000044/1.000000/0000/Guesstimate
R000000045/1.000000/0000/Guesstimate
R000000043/2.222222/0112/R000000044/R000000045
R000000046/1.000000/0000/Guesstimate
R000000047/1.000000/0000/Guesstimate
R000000043/2.222222/0138/R000000046/R000000047
R000000042/2.469136/0147/R000000043
R000000049/1.000000/0000/Guesstimate
R000000048/2.222222/0003/R000000010/R000000049
M000000050/1.000000/0000/Sigma_BB-28899885
R000000051/1.000000/0000/Guesstimate
R000000048/2.222222/0170/M000000050/R000000051
R000000042/2.469136/0147/R000000048
R000000036/6.858711/0301/R000000037/R000000042
R000000036/6.858711/0301/R000000037/R000000042
R000000035/7.620790/0099/R000000036
R000000035/7.620790/0099/R000000036
Q000000003/7.620790/0000/R000000035
Q000000004/Analysis Failed
<NEXT>