#
#  Reaction log file
#  Author: LigBuilder V3 User_Diana
#  Creation time: Thu Apr  9 01:01:33 2026
#  Format:
#  QueryMoleculeId/Cost/SynthesizeId/ReactantId1/ReactantId2/ReactantId3.....
#  Id prefix:
#  Q --- Query Molecule
#  M --- Material
#  R --- Reactant
#
Directory      result/synthesize_PfHDAC1/156/DATABASE/
#
Q000000001/Analysis Failed
Q000000002/8.137480/0000/R000000001
R000000005/1.000000/0000/Guesstimate
R000000006/1.000000/0000/Guesstimate
R000000004/2.222222/0002/R000000005/R000000006
R000000004/2.222222/0004/R000000005/R000000006
R000000003/2.469136/0280/R000000004
R000000007/1.000000/0000/Guesstimate
R000000009/1.000000/0000/Guesstimate
R000000010/1.000000/0000/Guesstimate
R000000008/2.222222/0122/R000000009/R000000010
R000000008/2.222222/0122/R000000009/R000000010
R000000002/6.323732/0225/R000000003/R000000007/R000000008
R000000012/1.000000/0000/Guesstimate
R000000011/3.580247/0004/R000000012/R000000008
R000000014/1.000000/0000/Guesstimate
R000000013/3.580247/0003/R000000014/R000000008
R000000011/3.978053/0040/R000000013
R000000002/6.721537/0169/R000000003/R000000011
R000000015/1.000000/0000/Guesstimate
R000000001/8.137480/0122/R000000002/R000000015
R000000001/8.137480/0122/R000000002/R000000015
Q000000003/5.944217/0000/R000000016
M000000019/1.000000/0000/Sigma_BB-30752009
M000000021/1.000000/0000/Sigma_BB-28764950
R000000020/1.111111/0085/M000000021
R000000018/2.345679/0212/M000000019/R000000020
R000000022/2.222222/0212/M000000019/M000000021
R000000022/2.222222/0212/M000000019/M000000021
R000000018/2.469136/0085/R000000022
M000000025/1.000000/0000/Sigma_BB-28247348
R000000026/1.000000/0000/Guesstimate
R000000024/2.222222/0003/M000000025/R000000026
R000000023/2.469136/0099/R000000024
R000000027/1.000000/0000/Guesstimate
R000000028/2.222222/0003/R000000014/R000000026
R000000029/1.111111/0125/R000000026
R000000030/1.000000/0000/Guesstimate
R000000029/2.222222/0112/R000000030/R000000026
R000000028/2.345679/0049/R000000029/R000000027
R000000023/3.580247/0122/R000000027/R000000028
R000000017/5.349795/0212/R000000018/R000000023
R000000017/5.349795/0212/R000000018/R000000023
R000000016/5.944217/0028/R000000017
R000000033/2.345679/0212/M000000019/R000000020
R000000033/2.345679/0212/M000000019/R000000020
R000000032/3.717421/0212/R000000033/R000000027
R000000032/3.717421/0212/R000000033/R000000027
R000000031/6.599605/0122/R000000032/R000000028
R000000031/6.599605/0122/R000000032/R000000028
R000000016/7.332894/0028/R000000031
Q000000004/5.944217/0000/R000000016
<NEXT>