#
#  Reaction log file
#  Author: LigBuilder V3 User_Diana
#  Creation time: Thu Apr  9 01:00:52 2026
#  Format:
#  QueryMoleculeId/Cost/SynthesizeId/ReactantId1/ReactantId2/ReactantId3.....
#  Id prefix:
#  Q --- Query Molecule
#  M --- Material
#  R --- Reactant
#
Directory      result/synthesize_PfHDAC1/136/DATABASE/
#
Q000000001/4.572474/0000/R000000001
R000000005/1.000000/0000/Guesstimate
R000000006/1.000000/0000/Guesstimate
R000000004/2.222222/0112/R000000005/R000000006
R000000003/2.469136/0197/R000000004
M000000009/1.000000/0000/Sigma_BB-35362441
R000000008/1.111111/0147/M000000009
M000000010/1.000000/0000/Sigma_BB-28838111
R000000008/1.111111/0155/M000000010
R000000007/1.234568/0074/R000000008
M000000012/1.000000/0000/Sigma_BB-29509005
R000000013/1.000000/0000/Guesstimate
R000000011/2.222222/0175/M000000012/R000000013
R000000011/2.222222/0290/M000000012/R000000013
R000000007/2.469136/0082/R000000011
R000000002/4.115227/0275/R000000003/R000000007
R000000001/4.572474/0059/R000000002
R000000016/1.111111/0074/M000000009
R000000016/1.111111/0167/M000000009
R000000015/1.234568/0059/R000000016
M000000018/1.000000/0000/Sigma_BB-27356325
R000000017/1.111111/0287/M000000018
R000000015/2.345679/0112/R000000017/R000000013
R000000014/4.115227/0275/R000000003/R000000015
R000000019/3.978053/0275/R000000003/R000000017
R000000014/5.531170/0112/R000000019/R000000013
R000000001/4.572474/0147/R000000014
Q000000002/4.572474/0000/R000000001
Q000000003/4.758760/0000/R000000020
M000000023/1.000000/0000/Sigma_BB-28757047
R000000022/3.854596/0275/R000000003/M000000023
M000000025/1.000000/0000/Sigma_BB-28151472
R000000024/3.854596/0275/R000000003/M000000025
R000000022/4.282884/0299/R000000024
R000000021/4.282884/0074/R000000022
M000000027/1.000000/0000/Sigma_BB-28945063
R000000026/3.854596/0275/R000000003/M000000027
R000000026/4.282884/0287/R000000022
R000000028/1.000000/0000/Guesstimate
R000000021/5.393995/0112/R000000026/R000000028
R000000020/4.758760/0059/R000000021
R000000030/1.000000/0000/Guesstimate
R000000029/5.393995/0004/R000000026/R000000030
R000000029/5.393995/0175/R000000022/R000000005
R000000020/5.993328/0153/R000000029
<NEXT>