#
#  Reaction log file
#  Author: LigBuilder V3 User_Diana
#  Creation time: Thu Apr  9 01:04:11 2026
#  Format:
#  QueryMoleculeId/Cost/SynthesizeId/ReactantId1/ReactantId2/ReactantId3.....
#  Id prefix:
#  Q --- Query Molecule
#  M --- Material
#  R --- Reactant
#
Directory      result/synthesize_PfHDAC1/258/DATABASE/
#
Q000000001/3.978053/0000/R000000001
R000000004/1.000000/0000/Guesstimate
M000000005/1.000000/0000/Sigma_BB-28395178
R000000003/2.222222/0275/R000000004/M000000005
R000000008/1.000000/0000/Guesstimate
R000000007/2.222222/0275/R000000008/M000000005
R000000006/2.469136/0125/R000000007
R000000009/1.000000/0000/Guesstimate
R000000006/3.580247/0112/R000000007/R000000009
R000000003/2.743484/0041/R000000006
R000000010/1.000000/0000/Guesstimate
R000000002/3.580247/0174/R000000003/R000000010
R000000012/1.111111/0287/M000000005
M000000013/1.000000/0000/Sigma_BB-117836548
R000000012/1.111111/0299/M000000013
R000000011/2.345679/0275/R000000004/R000000012
R000000011/2.469136/0287/R000000003
R000000002/3.717421/0112/R000000011/R000000010
R000000001/3.978053/0147/R000000002
R000000015/3.580247/0175/R000000007/R000000010
R000000016/2.222222/0175/M000000005/R000000010
R000000016/2.222222/0290/M000000005/R000000010
R000000015/3.580247/0275/R000000008/R000000016
R000000014/3.978053/0125/R000000015
R000000014/5.089163/0112/R000000015/R000000009
R000000001/4.420059/0041/R000000014
Q000000002/4.130468/0000/R000000017
M000000019/1.000000/0000/Sigma_BB-243479451
R000000021/1.000000/0000/Guesstimate
M000000023/1.000000/0000/Sigma_BB-28764950
R000000022/1.111111/0085/M000000023
R000000020/2.345679/0212/R000000021/R000000022
R000000020/2.345679/0212/R000000021/R000000022
R000000018/3.717421/0212/M000000019/R000000020
R000000018/3.717421/0212/M000000019/R000000020
R000000017/4.130468/0028/R000000018
M000000025/1.000000/0000/Sigma_BB-28711724
R000000027/2.222222/0212/R000000021/M000000023
R000000027/2.222222/0212/R000000021/M000000023
R000000026/2.469136/0087/R000000027
R000000028/3.580247/0004/R000000027/R000000008
R000000026/3.978053/0197/R000000028
R000000024/3.854596/0175/M000000025/R000000026
R000000030/2.743484/0079/R000000026
R000000031/1.000000/0000/Guesstimate
R000000030/3.854596/0112/R000000026/R000000031
R000000029/3.048316/0040/R000000030
R000000033/1.000000/0000/Guesstimate
R000000032/3.854596/0276/R000000026/R000000033
R000000032/3.854596/0278/R000000026/R000000033
R000000029/4.282884/0024/R000000032
R000000024/4.498129/0212/M000000019/R000000029
R000000017/4.282884/0028/R000000024
Q000000003/4.130468/0000/R000000017
Q000000004/6.096632/0000/R000000034
R000000038/1.000000/0000/Guesstimate
R000000039/1.000000/0000/Guesstimate
R000000037/2.222222/0279/R000000038/R000000039
R000000037/2.222222/0279/R000000038/R000000039
R000000041/1.000000/0000/Guesstimate
R000000042/1.000000/0000/Guesstimate
R000000040/2.222222/0224/R000000041/R000000042
R000000036/4.938272/0159/R000000037/R000000040
R000000035/5.486969/0249/R000000036
R000000043/1.000000/0000/Guesstimate
R000000035/6.598080/0018/R000000036/R000000043
R000000034/6.096632/0238/R000000035
R000000047/1.000000/0000/Guesstimate
R000000046/1.111111/0125/R000000047
R000000046/2.222222/0112/R000000047/R000000009
R000000045/3.703704/0159/R000000046/R000000040
R000000048/1.000000/0000/Guesstimate
R000000044/5.226338/0049/R000000045/R000000048
R000000049/1.000000/0000/Guesstimate
R000000034/6.918153/0012/R000000044/R000000049
<NEXT>