#
#  Reaction log file
#  Author: LigBuilder V3 User_Diana
#  Creation time: Thu Apr  9 01:02:01 2026
#  Format:
#  QueryMoleculeId/Cost/SynthesizeId/ReactantId1/ReactantId2/ReactantId3.....
#  Id prefix:
#  Q --- Query Molecule
#  M --- Material
#  R --- Reactant
#
Directory      result/synthesize_PfHDAC1/167/DATABASE/
#
Q000000001/4.282884/0000/R000000001
R000000005/1.000000/0000/Guesstimate
R000000006/1.000000/0000/Guesstimate
R000000004/2.222222/0112/R000000005/R000000006
R000000003/2.469136/0197/R000000004
R000000008/1.000000/0000/Guesstimate
R000000009/1.000000/0000/Guesstimate
R000000007/2.222222/0274/R000000008/R000000009
R000000003/2.469136/0285/R000000007
M000000010/1.000000/0000/Sigma_BB-28200223
R000000002/3.854596/0275/R000000003/M000000010
R000000001/4.282884/0059/R000000002
R000000014/1.000000/0000/Guesstimate
R000000015/1.000000/0000/Guesstimate
R000000013/2.222222/0277/R000000014/R000000015
R000000012/2.469136/0260/R000000013
R000000016/2.743484/0198/R000000003
R000000016/2.743484/0298/R000000003
R000000012/3.048316/0257/R000000016
M000000017/1.000000/0000/Sigma_BB-27356325
R000000011/3.854596/0275/R000000012/M000000017
R000000001/4.282884/0099/R000000011
Q000000002/4.282884/0000/R000000001
Q000000003/4.282884/0000/R000000001
<NEXT>