#
#  Reaction log file
#  Author: LigBuilder V3 User_Diana
#  Creation time: Thu Apr  9 00:58:05 2026
#  Format:
#  QueryMoleculeId/Cost/SynthesizeId/ReactantId1/ReactantId2/ReactantId3.....
#  Id prefix:
#  Q --- Query Molecule
#  M --- Material
#  R --- Reactant
#
Directory      result/synthesize_PfHDAC1/31/DATABASE/
#
Q000000001/Analysis Failed
Q000000002/Analysis Failed
Q000000003/9.258772/0000/R000000001
R000000007/1.000000/0000/Guesstimate
R000000006/1.111111/0283/R000000007
R000000009/1.000000/0000/Guesstimate
R000000010/1.000000/0000/Guesstimate
R000000008/2.222222/0004/R000000009/R000000010
R000000011/1.000000/0000/Guesstimate
R000000012/1.000000/0000/Guesstimate
R000000008/3.333333/0225/R000000009/R000000011/R000000012
R000000006/2.469136/0280/R000000008
R000000013/1.000000/0000/Guesstimate
R000000005/2.345679/0285/R000000006/R000000013
R000000015/1.000000/0000/Guesstimate
R000000014/2.345679/0277/R000000006/R000000015
R000000017/1.000000/0000/Guesstimate
R000000016/2.345679/0277/R000000006/R000000017
R000000020/1.000000/0000/Guesstimate
R000000019/2.345679/0285/R000000006/R000000020
R000000018/2.606310/0079/R000000019
R000000022/1.000000/0000/Guesstimate
R000000021/2.345679/0285/R000000006/R000000022
R000000018/2.606310/0082/R000000021
R000000016/2.895900/0198/R000000018
R000000014/2.606310/0041/R000000016
R000000005/2.606310/0295/R000000014
R000000023/1.000000/0000/Guesstimate
R000000004/3.717421/0112/R000000005/R000000023
R000000025/1.000000/0000/Guesstimate
R000000024/3.717421/0112/R000000005/R000000025
R000000026/3.717421/0112/R000000005/R000000020
R000000024/4.130468/0041/R000000026
R000000004/4.130468/0155/R000000024
R000000028/1.000000/0000/Guesstimate
R000000029/1.000000/0000/Guesstimate
R000000027/2.222222/0274/R000000028/R000000029
R000000003/6.599605/0095/R000000004/R000000027
R000000032/2.606310/0125/R000000019
R000000033/1.000000/0000/Guesstimate
R000000032/3.717421/0112/R000000019/R000000033
R000000031/2.895900/0079/R000000032
R000000034/2.606310/0125/R000000021
R000000034/3.717421/0112/R000000021/R000000033
R000000031/2.895900/0082/R000000034
R000000030/3.217667/0041/R000000031
R000000038/1.000000/0000/Guesstimate
R000000037/2.345679/0112/R000000006/R000000038
R000000036/2.606310/0197/R000000037
R000000035/4.007011/0285/R000000036/R000000013
R000000041/1.000000/0000/Guesstimate
R000000040/4.007011/0277/R000000036/R000000041
R000000039/5.563346/0274/R000000040/R000000012
R000000043/1.000000/0000/Guesstimate
R000000042/4.007011/0277/R000000036/R000000043
R000000044/1.000000/0000/Guesstimate
R000000039/5.563346/0301/R000000042/R000000044
R000000035/6.181496/0295/R000000039
R000000030/4.452235/0079/R000000035
R000000046/1.000000/0000/Guesstimate
R000000045/3.580247/0095/R000000046/R000000027
R000000003/7.553238/0138/R000000030/R000000045
R000000002/7.332894/0285/R000000003
R000000002/7.332894/0285/R000000003
R000000047/1.000000/0000/Guesstimate
R000000001/9.258772/0224/R000000002/R000000047
<NEXT>