#
#  Reaction log file
#  Author: LigBuilder V3 User_Diana
#  Creation time: Thu Apr  9 01:01:57 2026
#  Format:
#  QueryMoleculeId/Cost/SynthesizeId/ReactantId1/ReactantId2/ReactantId3.....
#  Id prefix:
#  Q --- Query Molecule
#  M --- Material
#  R --- Reactant
#
Directory      result/synthesize_PfHDAC1/174/DATABASE/
#
Q000000001/5.791801/0000/R000000001
R000000005/1.000000/0000/Guesstimate
R000000006/1.000000/0000/Guesstimate
R000000004/2.222222/0112/R000000005/R000000006
R000000003/2.469136/0197/R000000004
R000000008/1.000000/0000/Guesstimate
R000000009/1.000000/0000/Guesstimate
R000000007/2.222222/0274/R000000008/R000000009
R000000003/2.469136/0285/R000000007
M000000011/1.000000/0000/Sigma_BB-29509312
R000000012/1.000000/0000/Guesstimate
R000000010/2.222222/0231/M000000011/R000000012
M000000013/1.000000/0000/Sigma_BB-28766735
R000000014/1.000000/0000/Guesstimate
R000000010/2.222222/0285/M000000013/R000000014
R000000002/5.212621/0275/R000000003/R000000010
M000000017/1.000000/0000/Sigma_BB-28760241
R000000016/3.854596/0275/R000000003/M000000017
R000000015/4.282884/0153/R000000016
R000000019/3.580247/0275/R000000007/M000000011
R000000018/3.978053/0141/R000000019
R000000015/4.420059/0099/R000000018
R000000002/5.869872/0231/R000000015/R000000012
R000000001/5.791801/0153/R000000002
R000000023/1.000000/0000/Guesstimate
R000000024/1.000000/0000/Guesstimate
R000000022/2.222222/0277/R000000023/R000000024
R000000021/2.469136/0260/R000000022
R000000025/2.743484/0198/R000000003
R000000025/2.743484/0298/R000000003
R000000021/3.048316/0257/R000000025
R000000026/2.469136/0153/R000000010
R000000028/1.000000/0000/Guesstimate
R000000027/2.222222/0231/M000000011/R000000028
R000000026/2.469136/0154/R000000027
R000000020/5.486969/0275/R000000021/R000000026
R000000029/1.000000/0000/Guesstimate
R000000020/5.531170/0231/R000000018/R000000029
R000000001/6.096632/0099/R000000020
Q000000002/6.522080/0000/R000000030
M000000034/1.000000/0000/Sigma_BB-28769194
R000000033/3.854596/0275/R000000003/M000000034
M000000036/1.000000/0000/Sigma_BB-28757047
R000000035/3.854596/0275/R000000003/M000000036
R000000037/3.854596/0275/R000000021/M000000036
R000000035/4.282884/0099/R000000037
R000000033/4.282884/0213/R000000035
R000000032/4.282884/0091/R000000033
R000000039/1.000000/0000/Guesstimate
R000000038/3.854596/0275/R000000003/R000000039
R000000041/1.000000/0000/Guesstimate
R000000042/1.000000/0000/Guesstimate
R000000040/2.222222/0012/R000000041/R000000042
R000000043/1.000000/0000/Guesstimate
R000000044/1.000000/0000/Guesstimate
R000000040/2.222222/0112/R000000043/R000000044
R000000032/6.752020/0159/R000000038/R000000040
R000000045/1.000000/0000/Guesstimate
R000000031/5.869872/0112/R000000032/R000000045
M000000048/1.000000/0000/Sigma_BB-29088450
R000000047/3.854596/0275/R000000021/M000000048
R000000046/4.282884/0099/R000000047
R000000046/4.282884/0197/R000000033
R000000050/2.222222/0112/R000000005/R000000045
R000000049/2.469136/0197/R000000050
R000000049/2.469136/0197/R000000050
R000000031/7.502244/0112/R000000046/R000000049
R000000030/6.522080/0147/R000000031
R000000051/7.026369/0175/R000000037/R000000049
R000000052/3.854596/0175/M000000036/R000000049
R000000052/3.854596/0290/M000000036/R000000049
R000000051/7.026369/0275/R000000021/R000000052
R000000030/7.807076/0099/R000000051
Q000000003/6.522080/0000/R000000030
Q000000004/5.791801/0000/R000000001
<NEXT>