#
#  Reaction log file
#  Author: LigBuilder V3 User_Diana
#  Creation time: Thu Apr  9 01:04:03 2026
#  Format:
#  QueryMoleculeId/Cost/SynthesizeId/ReactantId1/ReactantId2/ReactantId3.....
#  Id prefix:
#  Q --- Query Molecule
#  M --- Material
#  R --- Reactant
#
Directory      result/synthesize_PfHDAC1/259/DATABASE/
#
Q000000001/6.096632/0000/R000000001
R000000005/1.000000/0000/Guesstimate
R000000006/1.000000/0000/Guesstimate
R000000004/2.222222/0279/R000000005/R000000006
R000000004/2.222222/0279/R000000005/R000000006
R000000008/1.000000/0000/Guesstimate
R000000009/1.000000/0000/Guesstimate
R000000007/2.222222/0224/R000000008/R000000009
R000000003/4.938272/0159/R000000004/R000000007
R000000002/5.486969/0249/R000000003
R000000010/1.000000/0000/Guesstimate
R000000002/6.598080/0018/R000000003/R000000010
R000000001/6.096632/0238/R000000002
R000000014/1.000000/0000/Guesstimate
R000000013/1.111111/0125/R000000014
R000000015/1.000000/0000/Guesstimate
R000000013/2.222222/0112/R000000014/R000000015
R000000012/3.703704/0159/R000000013/R000000007
R000000016/1.000000/0000/Guesstimate
R000000011/5.226338/0049/R000000012/R000000016
R000000017/1.000000/0000/Guesstimate
R000000001/6.918153/0012/R000000011/R000000017
Q000000002/5.944217/0000/R000000018
R000000022/1.000000/0000/Guesstimate
R000000023/1.000000/0000/Guesstimate
R000000021/2.222222/0112/R000000022/R000000023
R000000020/2.469136/0197/R000000021
M000000025/1.000000/0000/Sigma_BB-27356325
R000000027/1.000000/0000/Guesstimate
R000000026/1.111111/0228/R000000027
R000000026/1.111111/0286/R000000027
R000000024/2.345679/0170/M000000025/R000000026
M000000029/1.000000/0000/Sigma_BB-28757047
R000000028/1.111111/0114/M000000029
M000000030/1.000000/0000/Sigma_BB-28799055
R000000028/1.111111/0155/M000000030
R000000032/1.000000/0000/Guesstimate
R000000031/1.111111/0247/R000000032
R000000024/2.469136/0170/R000000028/R000000031
R000000019/5.349795/0275/R000000020/R000000024
R000000018/5.944217/0147/R000000019
M000000036/1.000000/0000/Sigma_BB-27946719
R000000037/1.000000/0000/Guesstimate
R000000035/2.222222/0224/M000000036/R000000037
R000000034/2.469136/0104/R000000035
R000000034/2.469136/0104/R000000035
R000000033/5.486969/0275/R000000020/R000000034
R000000039/3.854596/0275/R000000020/M000000036
R000000038/4.282884/0104/R000000039
R000000038/4.282884/0104/R000000039
R000000033/5.869872/0224/R000000038/R000000037
R000000018/6.096632/0160/R000000033
Q000000003/5.944217/0000/R000000018
<NEXT>