#
#  Reaction log file
#  Author: LigBuilder V3 User_Diana
#  Creation time: Thu Apr  9 01:03:29 2026
#  Format:
#  QueryMoleculeId/Cost/SynthesizeId/ReactantId1/ReactantId2/ReactantId3.....
#  Id prefix:
#  Q --- Query Molecule
#  M --- Material
#  R --- Reactant
#
Directory      result/synthesize_PfHDAC1/226/DATABASE/
#
Q000000001/5.654626/0000/R000000001
R000000005/1.000000/0000/Guesstimate
M000000006/1.000000/0000/Sigma_BB-27731019
R000000004/2.222222/0212/R000000005/M000000006
R000000008/1.000000/0000/Guesstimate
R000000009/1.111111/0086/M000000006
R000000009/1.111111/0091/M000000006
R000000007/2.345679/0112/R000000008/R000000009
R000000004/2.606310/0147/R000000007
R000000010/1.000000/0000/Guesstimate
R000000003/3.580247/0018/R000000004/R000000010
R000000011/2.222222/0018/R000000005/R000000010
R000000003/3.580247/0212/R000000011/M000000006
R000000012/1.000000/0000/Guesstimate
R000000002/5.089163/0119/R000000003/R000000012
M000000015/1.000000/0000/Sigma_BB-28778979
R000000014/2.222222/0119/M000000015/R000000012
R000000014/2.222222/0280/M000000015/R000000012
R000000013/2.469136/0009/R000000014
R000000017/1.000000/0000/Guesstimate
R000000016/2.222222/0119/R000000017/R000000012
R000000018/1.000000/0000/Guesstimate
R000000016/2.222222/0276/R000000018/R000000012
R000000013/2.469136/0079/R000000016
R000000002/5.212621/0018/R000000004/R000000013
R000000001/5.654626/0275/R000000002
R000000022/1.000000/0000/Guesstimate
R000000023/1.000000/0000/Guesstimate
R000000021/3.333333/0261/R000000022/R000000012/R000000023
R000000020/3.703704/0275/R000000021
R000000025/1.000000/0000/Guesstimate
R000000026/1.000000/0000/Guesstimate
R000000024/3.333333/0261/R000000022/R000000025/R000000026
R000000020/3.703704/0276/R000000024
R000000019/5.349795/0112/R000000020/R000000009
R000000001/5.944217/0147/R000000019
Q000000002/4.572474/0000/R000000027
R000000031/1.000000/0000/Guesstimate
R000000030/2.222222/0112/R000000017/R000000031
R000000029/2.469136/0197/R000000030
M000000034/1.000000/0000/Sigma_BB-28395178
R000000033/1.111111/0104/M000000034
R000000033/1.111111/0104/M000000034
R000000032/1.234568/0257/R000000033
M000000036/1.000000/0000/Sigma_BB-28805952
R000000035/1.111111/0104/M000000036
R000000035/1.111111/0104/M000000036
R000000032/1.234568/0260/R000000035
R000000028/4.115227/0275/R000000029/R000000032
R000000027/4.572474/0161/R000000028
R000000027/4.572474/0161/R000000028
Q000000003/4.572474/0000/R000000027
<NEXT>