#
#  Reaction log file
#  Author: LigBuilder V3 User_Diana
#  Creation time: Thu Apr  9 01:02:02 2026
#  Format:
#  QueryMoleculeId/Cost/SynthesizeId/ReactantId1/ReactantId2/ReactantId3.....
#  Id prefix:
#  Q --- Query Molecule
#  M --- Material
#  R --- Reactant
#
Directory      result/synthesize_PfHDAC1/165/DATABASE/
#
Q000000001/Analysis Failed
Q000000002/Analysis Failed
Q000000003/6.096632/0000/R000000001
R000000005/1.000000/0000/Guesstimate
R000000006/1.000000/0000/Guesstimate
R000000004/2.222222/0112/R000000005/R000000006
R000000003/2.469136/0197/R000000004
R000000008/1.000000/0000/Guesstimate
R000000009/1.000000/0000/Guesstimate
R000000007/2.222222/0274/R000000008/R000000009
R000000003/2.469136/0285/R000000007
M000000012/1.000000/0000/Sigma_BB-28945063
R000000013/1.000000/0000/Guesstimate
R000000011/2.222222/0112/M000000012/R000000013
M000000014/1.000000/0000/Sigma_BB-28757047
R000000011/2.222222/0174/M000000014/R000000013
R000000010/2.469136/0059/R000000011
M000000016/1.000000/0000/Sigma_BB-29509312
R000000017/1.000000/0000/Guesstimate
R000000015/2.222222/0231/M000000016/R000000017
R000000010/2.469136/0082/R000000015
R000000002/5.486969/0275/R000000003/R000000010
R000000001/6.096632/0059/R000000002
R000000021/1.000000/0000/Guesstimate
R000000020/2.222222/0004/M000000012/R000000021
R000000019/2.469136/0010/R000000020
R000000019/2.469136/0059/R000000011
R000000018/5.486969/0275/R000000003/R000000019
R000000001/6.096632/0059/R000000018
Q000000004/4.572474/0000/R000000022
R000000026/1.000000/0000/Guesstimate
R000000027/1.000000/0000/Guesstimate
R000000025/2.222222/0274/R000000026/R000000027
R000000024/2.469136/0112/R000000025
R000000028/2.743484/0198/R000000003
R000000028/2.743484/0298/R000000003
R000000024/3.048316/0257/R000000028
M000000031/1.000000/0000/Sigma_BB-28829424
R000000030/1.111111/0074/M000000031
R000000030/1.111111/0167/M000000031
R000000029/1.234568/0059/R000000030
M000000033/1.000000/0000/Sigma_BB-27356325
R000000034/1.000000/0000/Guesstimate
R000000032/2.222222/0174/M000000033/R000000034
R000000032/2.222222/0289/M000000033/R000000034
R000000029/2.469136/0147/R000000032
R000000023/4.115227/0275/R000000024/R000000029
R000000022/4.572474/0099/R000000023
R000000036/3.854596/0275/R000000003/M000000031
R000000037/3.854596/0275/R000000003/M000000014
R000000036/5.393995/0175/R000000037/R000000034
R000000035/4.282884/0074/R000000036
R000000035/4.282884/0167/R000000036
R000000022/4.758760/0059/R000000035
<NEXT>