#
#  Reaction log file
#  Author: LigBuilder V3 User_Diana
#  Creation time: Thu Apr  9 01:04:43 2026
#  Format:
#  QueryMoleculeId/Cost/SynthesizeId/ReactantId1/ReactantId2/ReactantId3.....
#  Id prefix:
#  Q --- Query Molecule
#  M --- Material
#  R --- Reactant
#
Directory      result/synthesize_PfHDAC1/280/DATABASE/
#
Q000000001/4.282884/0000/R000000001
R000000005/1.000000/0000/Guesstimate
M000000006/1.000000/0000/Sigma_BB-28764950
R000000004/2.222222/0212/R000000005/M000000006
R000000004/2.222222/0212/R000000005/M000000006
R000000003/2.469136/0087/R000000004
R000000008/1.000000/0000/Guesstimate
R000000007/3.580247/0004/R000000004/R000000008
R000000003/3.978053/0197/R000000007
M000000009/1.000000/0000/Sigma_BB-34437794
R000000002/3.854596/0175/R000000003/M000000009
R000000011/2.743484/0079/R000000003
R000000012/1.000000/0000/Guesstimate
R000000011/3.854596/0112/R000000003/R000000012
R000000010/3.048316/0040/R000000011
R000000014/1.000000/0000/Guesstimate
R000000013/3.854596/0276/R000000003/R000000014
R000000013/3.854596/0278/R000000003/R000000014
R000000010/4.282884/0024/R000000013
R000000016/1.000000/0000/Guesstimate
M000000018/1.000000/0000/Sigma_BB-298901559
R000000017/1.111111/0041/M000000018
M000000019/1.000000/0000/Sigma_BB-28766408
R000000020/1.000000/0000/Guesstimate
R000000017/2.222222/0175/M000000019/R000000020
R000000015/2.345679/0004/R000000016/R000000017
R000000022/1.000000/0000/Guesstimate
R000000021/2.222222/0175/R000000022/M000000009
R000000021/2.222222/0290/R000000022/M000000009
R000000015/2.469136/0024/R000000021
R000000002/5.993328/0212/R000000010/R000000015
R000000001/4.282884/0028/R000000002
R000000025/1.111111/0085/M000000006
R000000024/2.345679/0212/R000000005/R000000025
R000000024/2.345679/0212/R000000005/R000000025
R000000023/5.212620/0212/R000000024/R000000015
R000000023/5.212620/0212/R000000024/R000000015
R000000001/5.791800/0028/R000000023
Q000000002/7.690413/0000/R000000026
R000000029/2.606310/0197/R000000024
R000000028/4.007011/0004/R000000029/R000000016
M000000031/1.000000/0000/Sigma_BB-28524129
R000000030/3.717421/0212/R000000024/M000000031
R000000030/3.717421/0212/R000000024/M000000031
R000000028/4.130468/0024/R000000030
R000000033/1.000000/0000/Guesstimate
R000000034/1.000000/0000/Guesstimate
R000000032/2.222222/0004/R000000033/R000000034
R000000036/1.000000/0000/Guesstimate
R000000035/2.222222/0277/R000000033/R000000036
R000000037/1.000000/0000/Guesstimate
R000000038/1.000000/0000/Guesstimate
R000000035/3.333333/0261/R000000037/R000000038/R000000014
R000000032/2.469136/0024/R000000035
R000000027/6.921371/0212/R000000028/R000000032
R000000027/6.921371/0212/R000000028/R000000032
R000000026/7.690413/0028/R000000027
R000000041/3.387018/0197/R000000010
R000000040/4.874465/0004/R000000041/R000000016
R000000042/4.498129/0212/R000000010/M000000031
R000000042/4.498129/0212/R000000010/M000000031
R000000040/4.997921/0024/R000000042
R000000039/7.885208/0212/R000000040/R000000032
R000000039/7.885208/0212/R000000040/R000000032
R000000026/8.761343/0028/R000000039
Q000000003/7.690413/0000/R000000026
<NEXT>