#
#  Reaction log file
#  Author: LigBuilder V3 User_Diana
#  Creation time: Thu Apr  9 01:03:31 2026
#  Format:
#  QueryMoleculeId/Cost/SynthesizeId/ReactantId1/ReactantId2/ReactantId3.....
#  Id prefix:
#  Q --- Query Molecule
#  M --- Material
#  R --- Reactant
#
Directory      result/synthesize_PfHDAC1/229/DATABASE/
#
Q000000001/6.113567/0000/R000000001
R000000005/1.000000/0000/Guesstimate
R000000006/1.000000/0000/Guesstimate
R000000004/2.222222/0112/R000000005/R000000006
R000000003/2.469136/0197/R000000004
M000000008/1.000000/0000/Sigma_BB-29088450
M000000011/1.000000/0000/Sigma_BB-130314282
R000000010/1.111111/0288/M000000011
R000000009/1.234568/0086/R000000010
R000000009/1.234568/0091/R000000010
R000000007/2.482853/0112/M000000008/R000000009
M000000013/1.000000/0000/Sigma_BB-28769194
R000000012/1.111111/0091/M000000013
R000000014/1.234568/0197/R000000010
R000000016/1.000000/0000/Guesstimate
M000000017/1.000000/0000/Sigma_BB-28830366
R000000015/2.222222/0004/R000000016/M000000017
R000000015/2.222222/0277/R000000016/M000000017
R000000014/2.469136/0197/R000000015
R000000007/2.606310/0112/R000000012/R000000014
R000000002/5.502210/0275/R000000003/R000000007
R000000018/3.978053/0275/R000000003/R000000012
R000000002/5.791801/0112/R000000018/R000000014
R000000001/6.113567/0028/R000000002
R000000022/1.000000/0000/Guesstimate
R000000021/2.222222/0001/M000000013/R000000022
R000000021/2.345679/0004/R000000012/R000000022
M000000024/1.000000/0000/Sigma_BB-28764950
R000000023/1.111111/0197/M000000024
R000000020/3.703704/0212/R000000021/R000000023
R000000020/3.703704/0212/R000000021/R000000023
R000000019/6.858711/0275/R000000003/R000000020
R000000027/1.000000/0000/Guesstimate
R000000026/2.222222/0112/M000000008/R000000027
R000000028/1.000000/0000/Guesstimate
R000000026/2.345679/0112/R000000012/R000000028
R000000025/5.212621/0275/R000000003/R000000026
R000000029/1.234568/0197/R000000023
R000000030/9.200000/0000/Guesstimate
R000000029/9.200000/0155/R000000030
R000000019/7.163543/0277/R000000025/R000000029
R000000001/7.620790/0028/R000000019
Q000000002/6.113567/0000/R000000001
Q000000003/6.113567/0000/R000000001
<NEXT>