#
#  Reaction log file
#  Author: LigBuilder V3 User_Diana
#  Creation time: Thu Apr  9 01:02:15 2026
#  Format:
#  QueryMoleculeId/Cost/SynthesizeId/ReactantId1/ReactantId2/ReactantId3.....
#  Id prefix:
#  Q --- Query Molecule
#  M --- Material
#  R --- Reactant
#
Directory      result/synthesize_PfHDAC1/166/DATABASE/
#
Q000000001/5.944217/0000/R000000001
R000000005/1.000000/0000/Guesstimate
R000000006/1.000000/0000/Guesstimate
R000000004/2.222222/0112/R000000005/R000000006
R000000003/2.469136/0197/R000000004
R000000008/1.000000/0000/Guesstimate
R000000009/1.000000/0000/Guesstimate
R000000007/2.222222/0274/R000000008/R000000009
R000000003/2.469136/0285/R000000007
M000000012/1.000000/0000/Sigma_BB-27356325
R000000011/1.111111/0213/M000000012
R000000013/1.000000/0000/Guesstimate
R000000010/2.345679/0119/R000000011/R000000013
R000000014/2.222222/0174/M000000012/R000000005
R000000014/2.222222/0289/M000000012/R000000005
R000000010/2.469136/0153/R000000014
R000000002/5.349795/0275/R000000003/R000000010
R000000001/5.944217/0024/R000000002
M000000018/1.000000/0000/Sigma_BB-28836051
R000000017/3.854596/0275/R000000003/M000000018
R000000016/4.282884/0059/R000000017
R000000016/5.393995/0224/R000000017/R000000013
R000000021/1.000000/0000/Guesstimate
R000000020/2.222222/0174/R000000005/R000000021
R000000020/2.222222/0289/R000000005/R000000021
R000000019/2.469136/0197/R000000020
R000000022/7.400000/0000/Guesstimate
R000000019/8.222222/0091/R000000022
R000000015/7.502244/0112/R000000016/R000000019
M000000025/1.000000/0000/Sigma_BB-28200223
R000000024/3.854596/0275/R000000003/M000000025
R000000023/4.282884/0059/R000000024
M000000027/1.000000/0000/Sigma_BB-28766735
R000000026/3.854596/0275/R000000003/M000000027
R000000023/4.282884/0153/R000000026
R000000015/7.502244/0174/R000000023/R000000019
R000000001/8.335828/0025/R000000015
Q000000002/5.944217/0000/R000000001
Q000000003/5.993328/0000/R000000028
M000000031/1.000000/0000/Sigma_BB-28945063
R000000030/3.854596/0275/R000000003/M000000031
R000000032/3.580247/0275/R000000007/M000000031
R000000030/3.978053/0285/R000000032
R000000033/1.000000/0000/Guesstimate
R000000029/5.393995/0112/R000000030/R000000033
M000000035/1.000000/0000/Sigma_BB-28757047
R000000034/3.854596/0275/R000000003/M000000035
R000000036/3.580247/0275/R000000007/M000000035
R000000034/3.978053/0285/R000000036
R000000029/5.393995/0174/R000000034/R000000033
R000000028/5.993328/0059/R000000029
R000000040/1.000000/0000/Guesstimate
R000000039/2.222222/0004/M000000031/R000000040
R000000038/2.469136/0010/R000000039
R000000042/1.000000/0000/Guesstimate
R000000041/2.222222/0112/M000000031/R000000042
R000000041/2.222222/0174/M000000035/R000000042
R000000038/2.469136/0059/R000000041
R000000037/5.486969/0275/R000000003/R000000038
R000000028/6.096632/0059/R000000037
<NEXT>