#
#  Reaction log file
#  Author: LigBuilder V3 User_Diana
#  Creation time: Thu Apr  9 00:57:23 2026
#  Format:
#  QueryMoleculeId/Cost/SynthesizeId/ReactantId1/ReactantId2/ReactantId3.....
#  Id prefix:
#  Q --- Query Molecule
#  M --- Material
#  R --- Reactant
#
Directory      result/synthesize_PfHDAC1/17/DATABASE/
#
Q000000001/Analysis Failed
Q000000002/Analysis Failed
Q000000003/7.500551/0000/R000000001
R000000006/1.000000/0000/Guesstimate
R000000005/1.111111/0283/R000000006
R000000007/1.000000/0000/Guesstimate
R000000004/2.345679/0112/R000000005/R000000007
R000000003/2.606310/0197/R000000004
R000000008/1.000000/0000/Guesstimate
R000000002/4.007011/0285/R000000003/R000000008
R000000011/1.000000/0000/Guesstimate
R000000010/4.007011/0277/R000000003/R000000011
R000000012/1.000000/0000/Guesstimate
R000000009/5.563346/0274/R000000010/R000000012
R000000014/1.000000/0000/Guesstimate
R000000013/4.007011/0277/R000000003/R000000014
R000000015/1.000000/0000/Guesstimate
R000000009/5.563346/0301/R000000013/R000000015
R000000002/6.181496/0295/R000000009
R000000019/1.000000/0000/Guesstimate
R000000020/1.000000/0000/Guesstimate
R000000018/2.222222/0274/R000000019/R000000020
R000000017/2.469136/0122/R000000018
R000000017/9.333333/0293/R000000021
R000000016/2.743484/0090/R000000017
R000000026/1.000000/0000/Guesstimate
R000000027/1.000000/0000/Guesstimate
R000000025/2.222222/0274/R000000026/R000000027
R000000024/2.469136/0112/R000000025
R000000028/8.400000/0000/Guesstimate
R000000024/9.333333/0082/R000000028
R000000023/3.854596/0277/R000000015/R000000024
R000000031/1.000000/0000/Guesstimate
R000000030/2.222222/0274/R000000026/R000000031
R000000029/2.469136/0112/R000000030
R000000032/2.222222/0112/R000000026/R000000031
R000000029/2.469136/0274/R000000032
R000000023/3.854596/0301/R000000015/R000000029
R000000022/4.282884/0155/R000000023
R000000034/1.000000/0000/Guesstimate
R000000033/3.854596/0285/R000000034/R000000024
R000000033/4.282884/0295/R000000023
R000000022/4.282884/0228/R000000033
R000000016/4.758760/0099/R000000022
R000000001/7.500551/0112/R000000002/R000000016
R000000037/2.345679/0285/R000000005/R000000008
R000000039/1.000000/0000/Guesstimate
R000000038/2.345679/0277/R000000005/R000000039
R000000037/2.606310/0295/R000000038
R000000040/1.000000/0000/Guesstimate
R000000036/3.717421/0112/R000000037/R000000040
R000000042/1.000000/0000/Guesstimate
R000000041/3.717421/0112/R000000037/R000000042
R000000036/4.130468/0147/R000000041
R000000035/6.873953/0277/R000000036/R000000029
R000000043/3.717421/0112/R000000037/R000000027
R000000045/1.000000/0000/Guesstimate
R000000044/3.717421/0112/R000000037/R000000045
R000000044/4.130468/0041/R000000041
R000000043/4.130468/0155/R000000044
R000000035/6.873953/0277/R000000043/R000000024
R000000001/7.637726/0099/R000000035
<NEXT>