#
#  Reaction log file
#  Author: LigBuilder V3 User_Diana
#  Creation time: Thu Apr  9 00:59:18 2026
#  Format:
#  QueryMoleculeId/Cost/SynthesizeId/ReactantId1/ReactantId2/ReactantId3.....
#  Id prefix:
#  Q --- Query Molecule
#  M --- Material
#  R --- Reactant
#
Directory      result/synthesize_PfHDAC1/49/DATABASE/
#
Q000000001/Analysis Failed
Q000000002/Analysis Failed
Q000000003/7.207744/0000/R000000001
R000000005/1.000000/0000/Guesstimate
R000000006/1.000000/0000/Guesstimate
R000000004/2.222222/0002/R000000005/R000000006
R000000004/2.222222/0004/R000000005/R000000006
R000000003/2.469136/0280/R000000004
R000000009/1.000000/0000/Guesstimate
M000000010/1.000000/0000/Sigma_BB-28426396
R000000008/2.222222/0231/R000000009/M000000010
R000000011/1.000000/0000/Guesstimate
R000000013/1.000000/0000/Guesstimate
R000000012/2.222222/0231/R000000013/M000000010
M000000014/1.000000/0000/Sigma_BB-28786838
R000000012/2.222222/0279/R000000013/M000000014
R000000008/3.580247/0003/R000000011/R000000012
R000000007/2.469136/0040/R000000008
R000000015/1.000000/0000/Guesstimate
R000000007/3.580247/0004/R000000015/R000000012
R000000002/5.486969/0169/R000000003/R000000007
R000000016/1.000000/0000/Guesstimate
R000000002/6.323732/0225/R000000003/R000000016/R000000012
R000000017/1.000000/0000/Guesstimate
R000000001/7.207744/0122/R000000002/R000000017
R000000001/7.207744/0122/R000000002/R000000017
<NEXT>