#
#  Reaction log file
#  Author: LigBuilder V3 User_Diana
#  Creation time: Thu Apr  9 01:04:03 2026
#  Format:
#  QueryMoleculeId/Cost/SynthesizeId/ReactantId1/ReactantId2/ReactantId3.....
#  Id prefix:
#  Q --- Query Molecule
#  M --- Material
#  R --- Reactant
#
Directory      result/synthesize_PfHDAC1/252/DATABASE/
#
Q000000001/Analysis Failed
Q000000002/Analysis Failed
Q000000003/6.435335/0000/R000000001
R000000005/1.000000/0000/Guesstimate
R000000006/1.000000/0000/Guesstimate
R000000004/2.222222/0112/R000000005/R000000006
R000000003/2.469136/0197/R000000004
R000000003/2.469136/0197/R000000004
M000000010/1.000000/0000/Sigma_BB-70737316
R000000011/1.000000/0000/Guesstimate
R000000009/2.222222/0276/M000000010/R000000011
R000000009/2.222222/0278/M000000010/R000000011
R000000008/2.469136/0104/R000000009
R000000008/2.469136/0104/R000000009
R000000007/2.743484/0257/R000000008
R000000002/5.791801/0275/R000000003/R000000007
R000000001/6.435335/0161/R000000002
R000000014/1.000000/0000/Guesstimate
R000000013/3.580247/0274/R000000009/R000000014
R000000016/1.000000/0000/Guesstimate
R000000015/2.222222/0276/M000000010/R000000016
R000000015/2.222222/0278/M000000010/R000000016
R000000017/1.000000/0000/Guesstimate
R000000013/3.580247/0276/R000000015/R000000017
R000000012/6.721537/0275/R000000003/R000000013
R000000018/5.212621/0275/R000000003/R000000015
R000000019/3.854596/0275/R000000003/M000000010
R000000018/5.393995/0276/R000000019/R000000016
R000000012/6.902912/0276/R000000018/R000000017
R000000001/7.468375/0155/R000000012
Q000000004/5.944217/0000/R000000020
R000000023/1.111111/0287/M000000010
M000000024/1.000000/0000/Sigma_BB-332969817
R000000023/1.111111/0299/M000000024
R000000022/2.345679/0119/R000000023/R000000005
R000000027/1.000000/0000/Guesstimate
R000000026/2.345679/0119/R000000023/R000000027
R000000028/1.000000/0000/Guesstimate
R000000026/2.345679/0276/R000000023/R000000028
R000000025/2.606310/0024/R000000026
R000000030/1.000000/0000/Guesstimate
R000000029/2.345679/0119/R000000023/R000000030
R000000031/1.000000/0000/Guesstimate
R000000029/2.345679/0276/R000000023/R000000031
R000000025/2.606310/0040/R000000029
R000000022/2.895900/0091/R000000025
R000000021/5.349795/0275/R000000003/R000000022
R000000032/3.978053/0275/R000000003/R000000023
R000000032/4.282884/0287/R000000019
R000000021/5.531170/0119/R000000032/R000000005
R000000020/5.944217/0154/R000000021
R000000034/1.000000/0000/Guesstimate
R000000033/5.531170/0119/R000000032/R000000034
R000000033/5.639385/0275/R000000003/R000000025
R000000020/6.145744/0153/R000000033
<NEXT>