#
#  Reaction log file
#  Author: LigBuilder V3 User_Diana
#  Creation time: Thu Apr  9 01:02:36 2026
#  Format:
#  QueryMoleculeId/Cost/SynthesizeId/ReactantId1/ReactantId2/ReactantId3.....
#  Id prefix:
#  Q --- Query Molecule
#  M --- Material
#  R --- Reactant
#
Directory      result/synthesize_PfHDAC1/204/DATABASE/
#
Q000000001/4.282884/0000/R000000001
R000000005/1.000000/0000/Guesstimate
R000000006/1.000000/0000/Guesstimate
R000000004/2.222222/0112/R000000005/R000000006
R000000003/2.469136/0197/R000000004
R000000003/2.469136/0197/R000000004
M000000007/1.000000/0000/Sigma_BB-29509312
R000000002/3.854596/0275/R000000003/M000000007
R000000001/4.282884/0222/R000000002
R000000011/1.000000/0000/Guesstimate
R000000012/1.000000/0000/Guesstimate
R000000010/2.222222/0285/R000000011/R000000012
R000000009/2.469136/0279/R000000010
R000000009/2.469136/0279/R000000010
R000000008/5.486969/0275/R000000003/R000000009
R000000001/6.096632/0161/R000000008
Q000000002/5.944217/0000/R000000013
M000000017/1.000000/0000/Sigma_BB-28769357
R000000016/1.111111/0104/M000000017
R000000016/1.111111/0104/M000000017
R000000018/1.000000/0000/Guesstimate
R000000015/2.345679/0212/R000000016/R000000018
R000000015/2.345679/0212/R000000016/R000000018
R000000014/5.349795/0275/R000000003/R000000015
M000000021/1.000000/0000/Sigma_BB-244164693
R000000020/3.854596/0275/R000000003/M000000021
R000000019/4.282884/0104/R000000020
R000000019/4.282884/0104/R000000020
R000000022/1.000000/0000/Guesstimate
R000000014/5.869872/0301/R000000019/R000000022
R000000013/5.944217/0160/R000000014
R000000026/1.000000/0000/Guesstimate
R000000025/2.222222/0004/R000000026/R000000006
R000000024/2.469136/0153/R000000025
R000000027/2.469136/0086/R000000025
R000000027/2.469136/0091/R000000025
R000000024/2.743484/0154/R000000027
M000000030/1.000000/0000/Sigma_BB-28757047
R000000029/1.111111/0114/M000000030
M000000031/1.000000/0000/Sigma_BB-28799055
R000000029/1.111111/0155/M000000031
R000000032/1.000000/0000/Guesstimate
R000000028/2.345679/0274/R000000029/R000000032
R000000028/2.606310/0160/R000000015
R000000023/5.349795/0274/R000000024/R000000028
R000000034/3.854596/0274/R000000024/M000000030
R000000033/4.282884/0114/R000000034
R000000035/3.854596/0274/R000000024/M000000031
R000000033/4.282884/0155/R000000035
R000000023/5.869872/0274/R000000033/R000000032
R000000013/5.944217/0260/R000000023
Q000000003/6.096632/0000/R000000036
R000000040/1.000000/0000/Guesstimate
R000000041/1.000000/0000/Guesstimate
R000000039/2.222222/0158/R000000040/R000000041
R000000039/2.222222/0158/R000000040/R000000041
R000000038/2.469136/0188/R000000039
R000000043/1.000000/0000/Guesstimate
R000000042/2.222222/0158/R000000040/R000000043
R000000042/2.222222/0158/R000000040/R000000043
R000000038/2.469136/0188/R000000042
R000000037/5.486969/0275/R000000003/R000000038
R000000036/6.096632/0160/R000000037
R000000045/2.743484/0160/R000000038
R000000046/9.600000/0000/Guesstimate
R000000045/9.600000/0299/R000000046
R000000044/5.791801/0274/R000000024/R000000045
R000000036/6.435335/0260/R000000044
Q000000004/6.096632/0000/R000000036
<NEXT>