#
#  Reaction log file
#  Author: LigBuilder V3 User_Diana
#  Creation time: Thu Apr  9 01:00:33 2026
#  Format:
#  QueryMoleculeId/Cost/SynthesizeId/ReactantId1/ReactantId2/ReactantId3.....
#  Id prefix:
#  Q --- Query Molecule
#  M --- Material
#  R --- Reactant
#
Directory      result/synthesize_PfHDAC1/112/DATABASE/
#
Q000000001/4.115227/0000/R000000001
R000000004/1.000000/0000/Guesstimate
R000000003/1.111111/0040/R000000004
R000000007/1.111111/0054/R000000004
R000000008/1.000000/0000/Guesstimate
R000000009/1.000000/0000/Guesstimate
R000000007/2.222222/0004/R000000008/R000000009
R000000006/1.234568/0009/R000000007
R000000010/1.000000/0000/Guesstimate
R000000011/1.000000/0000/Guesstimate
R000000006/2.222222/0003/R000000010/R000000011
R000000005/1.371742/0040/R000000006
R000000012/1.000000/0000/Guesstimate
R000000005/2.222222/0004/R000000010/R000000012
R000000003/1.524158/0100/R000000005
R000000014/1.000000/0000/Guesstimate
R000000015/1.000000/0000/Guesstimate
R000000013/2.222222/0276/R000000014/R000000015
R000000017/1.000000/0000/Guesstimate
R000000016/2.222222/0276/R000000014/R000000017
R000000016/2.222222/0278/R000000014/R000000017
R000000018/1.000000/0000/Guesstimate
R000000013/3.580247/0277/R000000016/R000000018
R000000002/3.703704/0003/R000000003/R000000013
R000000020/1.000000/0000/Guesstimate
R000000019/2.222222/0004/R000000010/R000000020
R000000022/1.000000/0000/Guesstimate
R000000021/2.222222/0277/R000000010/R000000022
R000000023/1.000000/0000/Guesstimate
R000000021/2.222222/0301/R000000010/R000000023
R000000019/2.469136/0024/R000000021
R000000025/1.000000/0000/Guesstimate
R000000024/3.580247/0112/R000000025/R000000013
R000000026/3.580247/0004/R000000009/R000000013
R000000024/3.978053/0009/R000000026
R000000002/6.447188/0049/R000000019/R000000024
R000000001/4.115227/0099/R000000002
R000000028/3.580247/0004/R000000020/R000000013
R000000029/3.580247/0004/R000000012/R000000013
R000000030/1.000000/0000/Guesstimate
R000000031/1.000000/0000/Guesstimate
R000000029/4.691358/0225/R000000013/R000000030/R000000031
R000000028/3.978053/0085/R000000029
R000000027/5.089163/0049/R000000004/R000000028
R000000032/3.978053/0040/R000000024
R000000027/5.531170/0003/R000000010/R000000032
R000000001/5.654626/0099/R000000027
Q000000002/Analysis Failed
Q000000003/Analysis Failed
<NEXT>