#
#  Reaction log file
#  Author: LigBuilder V3 User_Diana
#  Creation time: Thu Apr  9 01:04:45 2026
#  Format:
#  QueryMoleculeId/Cost/SynthesizeId/ReactantId1/ReactantId2/ReactantId3.....
#  Id prefix:
#  Q --- Query Molecule
#  M --- Material
#  R --- Reactant
#
Directory      result/synthesize_PfHDAC1/279/DATABASE/
#
Q000000001/Analysis Failed
Q000000002/Analysis Failed
Q000000003/5.791801/0000/R000000001
R000000005/1.000000/0000/Guesstimate
R000000006/1.000000/0000/Guesstimate
R000000004/2.222222/0274/R000000005/R000000006
R000000003/2.469136/0113/R000000004
R000000008/1.000000/0000/Guesstimate
R000000009/1.000000/0000/Guesstimate
R000000007/2.222222/0274/R000000008/R000000009
R000000003/2.469136/0141/R000000007
R000000011/1.000000/0000/Guesstimate
R000000012/1.000000/0000/Guesstimate
R000000010/2.222222/0122/R000000011/R000000012
R000000014/1.000000/0000/Guesstimate
R000000015/1.000000/0000/Guesstimate
R000000013/2.222222/0011/R000000014/R000000015
R000000016/1.000000/0000/Guesstimate
R000000013/2.222222/0122/R000000011/R000000016
R000000010/2.469136/0041/R000000013
R000000002/5.212621/0042/R000000003/R000000010
R000000019/1.000000/0000/Guesstimate
R000000020/1.000000/0000/Guesstimate
R000000018/2.222222/0004/R000000019/R000000020
R000000018/2.222222/0277/R000000019/R000000020
R000000017/5.212621/0212/R000000003/R000000018
R000000017/5.212621/0212/R000000003/R000000018
R000000021/1.000000/0000/Guesstimate
R000000002/6.902912/0122/R000000017/R000000021
R000000001/5.791801/0099/R000000002
R000000024/2.743484/0247/R000000003
R000000023/3.048316/0147/R000000024
R000000026/1.000000/0000/Guesstimate
R000000025/2.222222/0004/R000000019/R000000026
R000000028/1.000000/0000/Guesstimate
R000000029/1.000000/0000/Guesstimate
R000000027/2.222222/0122/R000000028/R000000029
R000000027/2.222222/0122/R000000028/R000000029
R000000025/2.469136/0040/R000000027
R000000022/5.856154/0212/R000000023/R000000025
R000000022/5.856154/0212/R000000023/R000000025
R000000001/6.506838/0188/R000000022
Q000000004/5.791801/0000/R000000001
<NEXT>