#
#  Reaction log file
#  Author: LigBuilder V3 User_Diana
#  Creation time: Thu Apr  9 01:04:02 2026
#  Format:
#  QueryMoleculeId/Cost/SynthesizeId/ReactantId1/ReactantId2/ReactantId3.....
#  Id prefix:
#  Q --- Query Molecule
#  M --- Material
#  R --- Reactant
#
Directory      result/synthesize_PfHDAC1/250/DATABASE/
#
Q000000001/5.241580/0000/R000000001
R000000005/1.000000/0000/Guesstimate
R000000004/1.111111/0265/R000000005
M000000006/1.000000/0000/Sigma_BB-28945063
R000000003/2.345679/0275/R000000004/M000000006
R000000007/2.222222/0275/R000000005/M000000006
R000000003/2.469136/0265/R000000007
R000000008/1.000000/0000/Guesstimate
R000000002/3.717421/0069/R000000003/R000000008
R000000010/1.000000/0000/Guesstimate
R000000009/3.717421/0069/R000000003/R000000010
R000000011/2.345679/0069/R000000004/R000000010
R000000009/3.717421/0275/R000000011/M000000006
R000000012/1.000000/0000/Guesstimate
R000000002/5.241580/0212/R000000009/R000000012
R000000013/1.000000/0000/Guesstimate
R000000001/5.241580/0004/R000000002/R000000013
M000000017/1.000000/0000/Sigma_BB-28757047
R000000016/2.345679/0275/R000000004/M000000017
R000000015/3.717421/0069/R000000016/R000000008
M000000019/1.000000/0000/Sigma_BB-28758245
R000000018/3.717421/0069/R000000016/M000000019
R000000015/4.130468/0147/R000000018
R000000020/1.000000/0000/Guesstimate
R000000014/5.241580/0175/R000000015/R000000020
R000000022/3.717421/0112/R000000003/R000000020
R000000021/4.130468/0147/R000000022
R000000023/3.717421/0004/R000000003/R000000013
R000000024/1.000000/0000/Guesstimate
R000000025/1.000000/0000/Guesstimate
R000000023/4.828533/0225/R000000003/R000000024/R000000025
R000000026/1.000000/0000/Guesstimate
R000000021/5.241580/0119/R000000023/R000000026
R000000014/5.700521/0069/R000000021/R000000008
R000000001/5.823977/0024/R000000014
Q000000002/5.241580/0000/R000000027
R000000029/1.000000/0000/Guesstimate
R000000028/3.717421/0069/R000000003/R000000029
R000000031/1.000000/0000/Guesstimate
R000000030/3.717421/0069/R000000003/R000000031
R000000032/2.345679/0069/R000000004/R000000031
R000000030/3.717421/0275/R000000032/M000000006
R000000028/4.130468/0147/R000000030
R000000027/5.241580/0004/R000000028/R000000013
R000000034/3.717421/0069/R000000016/R000000029
R000000035/3.717421/0069/R000000016/R000000031
R000000035/3.717421/0275/R000000032/M000000017
R000000034/4.130468/0147/R000000035
R000000033/5.241580/0175/R000000034/R000000020
R000000033/5.700521/0069/R000000021/R000000029
R000000027/5.823977/0024/R000000033
Q000000003/5.241580/0000/R000000027
<NEXT>