#
#  Reaction log file
#  Author: LigBuilder V3 User_Diana
#  Creation time: Thu Apr  9 01:04:53 2026
#  Format:
#  QueryMoleculeId/Cost/SynthesizeId/ReactantId1/ReactantId2/ReactantId3.....
#  Id prefix:
#  Q --- Query Molecule
#  M --- Material
#  R --- Reactant
#
Directory      result/synthesize_PfHDAC1/291/DATABASE/
#
Q000000001/2.758726/0000/R000000001
R000000003/1.000000/0000/Guesstimate
M000000006/1.000000/0000/Sigma_BB-28493762
R000000005/1.111111/0228/M000000006
R000000005/1.111111/0286/M000000006
R000000004/1.234568/0024/R000000005
R000000007/1.111111/0024/M000000006
R000000004/1.234568/0228/R000000007
R000000002/2.482853/0119/R000000003/R000000004
M000000010/1.000000/0000/Sigma_BB-28524129
R000000009/2.222222/0119/R000000003/M000000010
R000000011/1.000000/0000/Guesstimate
M000000012/1.000000/0000/Sigma_BB-28750545
R000000009/2.222222/0224/R000000011/M000000012
R000000008/2.469136/0024/R000000009
R000000014/1.000000/0000/Guesstimate
R000000013/2.222222/0224/R000000011/R000000014
R000000015/1.000000/0000/Guesstimate
R000000013/2.222222/0276/R000000003/R000000015
R000000016/1.000000/0000/Guesstimate
R000000008/3.580247/0004/R000000013/R000000016
R000000019/1.000000/0000/Guesstimate
M000000020/1.000000/0000/Sigma_BB-28764950
R000000018/2.222222/0004/R000000019/M000000020
R000000018/2.222222/0277/R000000019/M000000020
R000000017/2.469136/0197/R000000018
M000000022/1.000000/0000/Sigma_BB-28247348
R000000021/2.482853/0212/R000000004/M000000022
R000000021/2.482853/0212/R000000004/M000000022
R000000017/2.758726/0073/R000000021
R000000002/5.486969/0212/R000000008/R000000017
R000000001/2.758726/0028/R000000002
M000000026/1.000000/0000/Sigma_BB-152437451
R000000025/1.111111/0087/M000000026
R000000024/1.234568/0092/R000000025
R000000027/1.111111/0085/M000000026
R000000028/1.000000/0000/Guesstimate
R000000027/2.345679/0275/R000000025/R000000028
R000000024/1.234568/0093/R000000027
R000000023/2.482853/0119/R000000003/R000000024
R000000023/3.978053/0212/R000000008/R000000027
R000000001/2.758726/0028/R000000023
Q000000002/2.758726/0000/R000000001
Q000000003/2.758726/0000/R000000001
Q000000004/4.130468/0000/R000000029
M000000033/1.000000/0000/Sigma_BB-136061270
R000000032/1.111111/0125/M000000033
R000000034/1.000000/0000/Guesstimate
R000000032/2.222222/0112/M000000033/R000000034
R000000035/1.000000/0000/Guesstimate
R000000031/2.345679/0003/R000000032/R000000035
R000000037/2.222222/0003/M000000033/R000000035
R000000038/1.000000/0000/Guesstimate
R000000036/3.580247/0004/R000000037/R000000038
R000000031/3.978053/0009/R000000036
R000000039/1.000000/0000/Guesstimate
R000000030/3.717421/0122/R000000031/R000000039
R000000040/3.580247/0122/R000000037/R000000039
R000000040/3.580247/0122/R000000037/R000000039
R000000030/5.089163/0112/R000000040/R000000034
R000000029/4.130468/0059/R000000030
R000000043/2.606310/0059/R000000031
R000000044/1.000000/0000/Guesstimate
R000000043/3.717421/0224/R000000031/R000000044
R000000045/1.000000/0000/Guesstimate
R000000042/4.007011/0122/R000000043/R000000045
R000000046/3.717421/0122/R000000031/R000000045
R000000046/3.717421/0122/R000000031/R000000045
R000000042/4.130468/0059/R000000046
R000000041/4.452235/0118/R000000042
R000000041/5.563346/0112/R000000042/R000000034
R000000029/4.946928/0059/R000000041
<NEXT>