#
#  Reaction log file
#  Author: LigBuilder V3 User_Diana
#  Creation time: Thu Apr  9 00:57:24 2026
#  Format:
#  QueryMoleculeId/Cost/SynthesizeId/ReactantId1/ReactantId2/ReactantId3.....
#  Id prefix:
#  Q --- Query Molecule
#  M --- Material
#  R --- Reactant
#
Directory      result/synthesize_PfHDAC1/15/DATABASE/
#
Q000000001/5.791800/0000/R000000001
R000000005/1.000000/0000/Guesstimate
R000000004/1.111111/0283/R000000005
R000000006/1.000000/0000/Guesstimate
R000000003/2.345679/0285/R000000004/R000000006
R000000008/1.000000/0000/Guesstimate
R000000007/2.345679/0277/R000000004/R000000008
R000000003/2.606310/0295/R000000007
R000000010/1.000000/0000/Guesstimate
R000000012/1.000000/0000/Guesstimate
R000000011/1.111111/0283/R000000012
R000000009/2.345679/0277/R000000010/R000000011
R000000014/1.000000/0000/Guesstimate
R000000013/2.345679/0277/R000000014/R000000011
R000000009/2.606310/0300/R000000013
R000000002/5.212620/0112/R000000003/R000000009
R000000017/1.000000/0000/Guesstimate
R000000016/3.717421/0112/R000000003/R000000017
R000000015/4.130468/0040/R000000016
R000000019/1.000000/0000/Guesstimate
R000000018/3.717421/0112/R000000003/R000000019
R000000015/4.130468/0092/R000000018
R000000022/1.000000/0000/Guesstimate
R000000023/1.000000/0000/Guesstimate
R000000021/2.222222/0274/R000000022/R000000023
R000000020/2.469136/0113/R000000021
R000000025/1.000000/0000/Guesstimate
R000000024/2.345679/0277/R000000011/R000000025
R000000024/2.606310/0092/R000000009
R000000020/2.606310/0073/R000000024
R000000002/7.332894/0212/R000000015/R000000020
R000000001/5.791800/0099/R000000002
R000000029/1.000000/0000/Guesstimate
R000000028/2.345679/0112/R000000004/R000000029
R000000027/2.606310/0197/R000000028
R000000026/4.007011/0285/R000000027/R000000006
R000000032/1.000000/0000/Guesstimate
R000000031/4.007011/0277/R000000027/R000000032
R000000033/1.000000/0000/Guesstimate
R000000030/5.563346/0274/R000000031/R000000033
R000000035/1.000000/0000/Guesstimate
R000000034/4.007011/0277/R000000027/R000000035
R000000036/1.000000/0000/Guesstimate
R000000030/5.563346/0301/R000000034/R000000036
R000000026/6.181496/0295/R000000030
R000000039/1.000000/0000/Guesstimate
R000000038/3.854596/0212/R000000039/R000000020
R000000041/1.000000/0000/Guesstimate
R000000040/3.854596/0212/R000000041/R000000020
R000000040/3.854596/0212/R000000041/R000000020
R000000038/4.282884/0155/R000000040
R000000037/4.282884/0099/R000000038
R000000042/8.777778/0293/R000000043
R000000042/8.777778/0293/R000000043
R000000037/9.753086/0090/R000000042
R000000001/9.210996/0112/R000000026/R000000037
Q000000002/8.240071/0000/R000000044
R000000048/2.606310/0099/R000000009
R000000047/2.895900/0125/R000000048
R000000049/1.000000/0000/Guesstimate
R000000047/4.007011/0112/R000000048/R000000049
R000000050/1.000000/0000/Guesstimate
R000000046/4.328778/0011/R000000047/R000000050
R000000052/1.000000/0000/Guesstimate
R000000051/4.007011/0256/R000000048/R000000052
M000000054/1.000000/0000/Sigma_BB-28829658
R000000053/1.111111/0085/M000000054
R000000055/1.000000/0000/Guesstimate
R000000053/2.222222/0004/R000000039/R000000055
R000000046/5.686803/0049/R000000051/R000000053
R000000045/7.416064/0112/R000000003/R000000046
R000000056/5.823977/0112/R000000003/R000000047
R000000057/3.717421/0004/R000000003/R000000039
R000000059/1.000000/0000/Guesstimate
R000000058/3.717421/0004/R000000003/R000000059
R000000058/4.452235/0092/R000000026
R000000057/4.130468/0085/R000000058
R000000061/4.758760/0217/R000000037
R000000061/10.000000/0125/R000000062
R000000060/5.287512/0125/R000000061
R000000060/6.398623/0112/R000000049/R000000061
R000000056/9.004933/0049/R000000057/R000000060
R000000045/7.582197/0011/R000000056/R000000050
R000000044/8.240071/0099/R000000045
R000000065/4.130468/0257/R000000058
R000000064/4.589409/0216/R000000065
R000000069/1.000000/0000/Guesstimate
R000000068/5.563346/0276/R000000026/R000000069
R000000068/5.563346/0278/R000000026/R000000069
R000000067/6.181496/0024/R000000068
R000000071/1.000000/0000/Guesstimate
R000000070/5.563346/0174/R000000026/R000000071
R000000072/1.111111/0287/R000000071
R000000070/5.686803/0112/R000000026/R000000072
R000000067/6.181496/0025/R000000070
R000000066/6.868329/0155/R000000067
R000000064/7.631477/0217/R000000066
R000000076/1.000000/0000/Guesstimate
R000000075/2.345679/0241/R000000011/R000000076
R000000077/1.000000/0000/Guesstimate
R000000075/2.345679/0277/R000000011/R000000077
R000000074/3.717421/0122/R000000075/R000000055
R000000079/1.000000/0000/Guesstimate
R000000078/2.222222/0122/R000000079/R000000006
R000000080/1.000000/0000/Guesstimate
R000000081/1.000000/0000/Guesstimate
R000000078/2.222222/0256/R000000080/R000000081
R000000074/5.212621/0042/R000000020/R000000078
R000000073/4.130468/0099/R000000074
R000000082/6.398623/0011/R000000061/R000000050
R000000083/6.398623/0012/R000000061/R000000050
R000000083/6.398623/0285/R000000061/R000000050
R000000082/7.109581/0198/R000000083
R000000073/7.109581/0099/R000000082
R000000063/9.688753/0003/R000000064/R000000073
R000000084/2.606310/0257/R000000003
R000000084/5.099344/0197/R000000064
R000000086/5.700521/0004/R000000059/R000000073
R000000087/1.000000/0000/Guesstimate
R000000086/6.811632/0225/R000000087/R000000073/R000000033
R000000085/6.333912/0086/R000000086
R000000085/6.333912/0091/R000000086
R000000063/9.933580/0112/R000000084/R000000085
R000000044/9.688753/0041/R000000063
Q000000003/5.791800/0000/R000000001
Q000000004/8.392488/0000/R000000088
M000000092/1.000000/0000/Sigma_BB-28830366
R000000091/4.007011/0004/R000000048/M000000092
R000000090/4.452235/0197/R000000091
R000000089/7.553238/0112/R000000003/R000000090
R000000088/8.392488/0028/R000000089
R000000094/4.946928/0028/R000000090
R000000098/2.895900/0079/R000000048
R000000098/6.398623/0049/R000000061/R000000039
R000000097/3.217667/0041/R000000098
R000000100/1.000000/0000/Guesstimate
R000000099/3.854596/0212/R000000020/R000000100
R000000099/3.854596/0212/R000000020/R000000100
R000000097/4.282884/0099/R000000099
R000000096/3.575186/0139/R000000097
R000000102/2.743484/0197/R000000020
R000000103/1.000000/0000/Guesstimate
R000000101/4.159427/0122/R000000102/R000000103
R000000101/4.282884/0139/R000000099
R000000096/4.621586/0099/R000000101
R000000095/5.083540/0004/R000000059/R000000096
R000000095/6.194651/0225/R000000087/R000000096/R000000033
R000000094/5.648378/0086/R000000095
R000000093/8.392487/0112/R000000084/R000000094
R000000093/9.071772/0003/R000000064/R000000096
R000000088/9.324986/0041/R000000093
<NEXT>