#
#  Reaction log file
#  Author: LigBuilder V3 User_Diana
#  Creation time: Thu Apr  9 01:02:34 2026
#  Format:
#  QueryMoleculeId/Cost/SynthesizeId/ReactantId1/ReactantId2/ReactantId3.....
#  Id prefix:
#  Q --- Query Molecule
#  M --- Material
#  R --- Reactant
#
Directory      result/synthesize_PfHDAC1/187/DATABASE/
#
Q000000001/Analysis Failed
Q000000002/Analysis Failed
Q000000003/7.807076/0000/R000000001
R000000006/1.000000/0000/Guesstimate
R000000007/1.000000/0000/Guesstimate
R000000005/2.222222/0112/R000000006/R000000007
R000000004/2.469136/0197/R000000005
R000000004/2.469136/0197/R000000005
M000000008/1.000000/0000/Sigma_BB-70737316
R000000003/3.854596/0275/R000000004/M000000008
M000000010/1.000000/0000/Sigma_BB-70380583
R000000009/3.854596/0275/R000000004/M000000010
R000000003/4.282884/0299/R000000009
R000000013/1.000000/0000/Guesstimate
R000000014/1.000000/0000/Guesstimate
R000000012/2.222222/0274/R000000013/R000000014
R000000015/1.000000/0000/Guesstimate
R000000016/1.000000/0000/Guesstimate
R000000012/2.222222/0279/R000000015/R000000016
R000000011/2.469136/0003/R000000012
R000000017/6.800000/0000/Guesstimate
R000000011/7.555556/0082/R000000017
R000000002/7.026369/0231/R000000003/R000000011
R000000019/3.580247/0231/M000000008/R000000012
R000000018/3.978053/0003/R000000019
R000000020/8.666667/0231/M000000008/R000000017
R000000018/9.629630/0082/R000000020
R000000002/7.163543/0275/R000000004/R000000018
R000000001/7.807076/0147/R000000002
R000000024/1.000000/0000/Guesstimate
R000000025/1.000000/0000/Guesstimate
R000000023/2.222222/0274/R000000024/R000000025
R000000022/2.469136/0003/R000000023
R000000027/1.000000/0000/Guesstimate
M000000028/1.000000/0000/Sigma_BB-28775620
R000000026/2.222222/0274/R000000027/M000000028
R000000022/2.469136/0049/R000000026
R000000021/7.026369/0231/R000000003/R000000022
R000000030/3.580247/0231/M000000008/R000000023
R000000029/3.978053/0003/R000000030
R000000031/3.580247/0231/M000000008/R000000026
R000000029/3.978053/0049/R000000031
R000000021/7.163543/0275/R000000004/R000000029
R000000001/7.807076/0147/R000000021
<NEXT>