#
#  Reaction log file
#  Author: LigBuilder V3 User_Diana
#  Creation time: Thu Apr  9 01:03:42 2026
#  Format:
#  QueryMoleculeId/Cost/SynthesizeId/ReactantId1/ReactantId2/ReactantId3.....
#  Id prefix:
#  Q --- Query Molecule
#  M --- Material
#  R --- Reactant
#
Directory      result/synthesize_PfHDAC1/242/DATABASE/
#
Q000000001/5.791801/0000/R000000001
R000000005/1.000000/0000/Guesstimate
R000000006/1.000000/0000/Guesstimate
R000000004/2.222222/0112/R000000005/R000000006
R000000003/2.469136/0197/R000000004
R000000003/2.469136/0197/R000000004
M000000008/1.000000/0000/Sigma_BB-28760241
R000000009/1.000000/0000/Guesstimate
R000000007/2.222222/0119/M000000008/R000000009
M000000011/1.000000/0000/Sigma_BB-28945063
R000000010/2.222222/0112/M000000011/R000000005
M000000012/1.000000/0000/Sigma_BB-28757047
R000000010/2.222222/0174/M000000012/R000000005
R000000007/2.469136/0153/R000000010
R000000002/5.212621/0275/R000000003/R000000007
R000000001/5.791801/0024/R000000002
R000000014/3.854596/0275/R000000003/M000000011
R000000015/3.854596/0275/R000000003/M000000012
M000000017/1.000000/0000/Sigma_BB-28151472
R000000016/3.854596/0275/R000000003/M000000017
R000000015/4.282884/0299/R000000016
R000000014/4.282884/0287/R000000015
R000000020/1.000000/0000/Guesstimate
R000000019/2.222222/0174/R000000005/R000000020
R000000019/2.222222/0289/R000000005/R000000020
R000000018/2.469136/0197/R000000019
R000000021/7.400000/0000/Guesstimate
R000000018/8.222222/0091/R000000021
R000000013/7.026369/0112/R000000014/R000000018
R000000013/7.026369/0174/R000000015/R000000018
R000000001/7.807076/0025/R000000013
Q000000002/5.993328/0000/R000000022
R000000024/1.000000/0000/Guesstimate
R000000023/5.393995/0112/R000000014/R000000024
R000000023/5.393995/0174/R000000015/R000000024
R000000022/5.993328/0147/R000000023
R000000026/1.000000/0000/Guesstimate
R000000025/5.393995/0003/R000000014/R000000026
R000000027/1.000000/0000/Guesstimate
R000000025/5.393995/0175/R000000015/R000000027
R000000022/5.993328/0147/R000000025
Q000000003/5.393995/0000/R000000028
R000000029/1.000000/0000/Guesstimate
R000000028/5.393995/0004/R000000014/R000000029
M000000032/1.000000/0000/Sigma_BB-28766735
R000000031/2.222222/0119/M000000032/R000000009
R000000034/1.000000/0000/Guesstimate
R000000033/2.222222/0175/M000000012/R000000034
R000000033/2.222222/0290/M000000012/R000000034
R000000031/2.469136/0039/R000000033
R000000030/5.212621/0275/R000000003/R000000031
R000000035/1.000000/0000/Guesstimate
R000000030/5.393995/0175/R000000015/R000000035
R000000028/5.791801/0024/R000000030
<NEXT>