#
#  Reaction log file
#  Author: LigBuilder V3 User_Diana
#  Creation time: Thu Apr  9 01:02:50 2026
#  Format:
#  QueryMoleculeId/Cost/SynthesizeId/ReactantId1/ReactantId2/ReactantId3.....
#  Id prefix:
#  Q --- Query Molecule
#  M --- Material
#  R --- Reactant
#
Directory      result/synthesize_PfHDAC1/195/DATABASE/
#
Q000000001/5.993328/0000/R000000001
R000000006/1.000000/0000/Guesstimate
R000000007/1.000000/0000/Guesstimate
R000000005/2.222222/0112/R000000006/R000000007
R000000004/2.469136/0197/R000000005
R000000004/2.469136/0197/R000000005
M000000008/1.000000/0000/Sigma_BB-28757047
R000000003/3.854596/0275/R000000004/M000000008
M000000010/1.000000/0000/Sigma_BB-28151472
R000000009/3.854596/0275/R000000004/M000000010
R000000003/4.282884/0299/R000000009
R000000011/1.000000/0000/Guesstimate
R000000002/5.393995/0175/R000000003/R000000011
M000000014/1.000000/0000/Sigma_BB-29088450
R000000015/1.000000/0000/Guesstimate
R000000013/2.222222/0003/M000000014/R000000015
M000000016/1.000000/0000/Sigma_BB-28666772
R000000017/1.000000/0000/Guesstimate
R000000013/2.222222/0049/M000000016/R000000017
R000000012/2.469136/0041/R000000013
R000000018/2.222222/0112/M000000014/R000000011
R000000018/2.222222/0174/M000000008/R000000011
R000000012/2.469136/0147/R000000018
R000000002/5.486969/0275/R000000004/R000000012
R000000001/5.993328/0139/R000000002
M000000022/1.000000/0000/Sigma_BB-28830366
R000000021/2.222222/0004/M000000014/M000000022
R000000020/2.469136/0197/R000000021
R000000019/5.486969/0275/R000000004/R000000020
R000000001/6.096632/0028/R000000019
Q000000002/5.993328/0000/R000000001
Q000000003/5.993328/0000/R000000001
Q000000004/5.993328/0000/R000000001
<NEXT>