#
#  Reaction log file
#  Author: LigBuilder V3 User_Diana
#  Creation time: Thu Apr  9 01:00:06 2026
#  Format:
#  QueryMoleculeId/Cost/SynthesizeId/ReactantId1/ReactantId2/ReactantId3.....
#  Id prefix:
#  Q --- Query Molecule
#  M --- Material
#  R --- Reactant
#
Directory      result/synthesize_PfHDAC1/102/DATABASE/
#
Q000000001/5.791801/0000/R000000001
R000000004/1.000000/0000/Guesstimate
R000000005/1.000000/0000/Guesstimate
R000000003/2.222222/0004/R000000004/R000000005
R000000008/1.000000/0000/Guesstimate
R000000009/1.000000/0000/Guesstimate
R000000007/2.222222/0112/R000000008/R000000009
R000000006/2.469136/0147/R000000007
R000000011/1.000000/0000/Guesstimate
R000000010/2.222222/0004/R000000011/R000000009
R000000012/1.000000/0000/Guesstimate
R000000013/1.000000/0000/Guesstimate
R000000010/3.333333/0225/R000000012/R000000009/R000000013
R000000014/1.000000/0000/Guesstimate
R000000006/3.580247/0212/R000000010/R000000014
R000000002/5.212621/0003/R000000003/R000000006
M000000017/1.000000/0000/Sigma_BB-28247348
R000000016/1.111111/0085/M000000017
R000000018/1.000000/0000/Guesstimate
R000000016/2.222222/0004/R000000014/R000000018
R000000015/3.703704/0212/R000000003/R000000016
R000000015/3.703704/0212/R000000003/R000000016
R000000020/2.469136/0197/R000000010
R000000021/1.000000/0000/Guesstimate
R000000019/3.854596/0003/R000000020/R000000021
M000000023/1.000000/0000/Sigma_BB-28721388
R000000022/3.580247/0212/R000000010/M000000023
R000000024/1.000000/0000/Guesstimate
R000000022/3.854596/0004/R000000006/R000000024
R000000019/3.978053/0009/R000000022
R000000002/8.398110/0049/R000000015/R000000019
R000000001/5.791801/0147/R000000002
R000000026/2.469136/0197/R000000003
R000000027/3.854596/0004/R000000020/R000000011
M000000029/1.000000/0000/Sigma_BB-28524129
R000000028/3.580247/0212/R000000010/M000000029
R000000028/3.580247/0212/R000000010/M000000029
R000000027/3.978053/0024/R000000028
R000000025/7.026369/0003/R000000026/R000000027
R000000030/3.854596/0004/R000000026/R000000011
R000000031/3.580247/0212/R000000003/M000000029
R000000031/3.580247/0212/R000000003/M000000029
R000000030/3.978053/0024/R000000031
R000000025/7.026369/0003/R000000030/R000000020
R000000001/7.807076/0147/R000000025
Q000000002/5.791801/0000/R000000001
Q000000003/3.978053/0000/R000000032
R000000034/1.000000/0000/Guesstimate
R000000033/3.580247/0003/R000000003/R000000034
R000000035/1.000000/0000/Guesstimate
R000000033/5.226338/0049/R000000015/R000000035
R000000032/3.978053/0147/R000000033
R000000037/1.000000/0000/Guesstimate
R000000036/3.854596/0003/R000000026/R000000037
R000000038/1.000000/0000/Guesstimate
R000000036/5.393995/0003/R000000030/R000000038
R000000032/4.282884/0147/R000000036
Q000000004/Analysis Failed
<NEXT>