#
#  Reaction log file
#  Author: LigBuilder V3 User_Diana
#  Creation time: Thu Apr  9 00:57:50 2026
#  Format:
#  QueryMoleculeId/Cost/SynthesizeId/ReactantId1/ReactantId2/ReactantId3.....
#  Id prefix:
#  Q --- Query Molecule
#  M --- Material
#  R --- Reactant
#
Directory      result/synthesize_PfHDAC1/10/DATABASE/
#
Q000000001/Analysis Failed
Q000000002/Analysis Failed
Q000000003/7.315958/0000/R000000001
R000000005/1.000000/0000/Guesstimate
R000000004/1.111111/0283/R000000005
R000000006/1.000000/0000/Guesstimate
R000000003/2.345679/0285/R000000004/R000000006
R000000008/1.000000/0000/Guesstimate
R000000007/2.345679/0277/R000000004/R000000008
R000000003/2.606310/0295/R000000007
R000000011/1.000000/0000/Guesstimate
R000000012/1.000000/0000/Guesstimate
R000000010/2.222222/0277/R000000011/R000000012
M000000013/1.000000/0000/Sigma_BB-34437027
R000000009/3.580247/0231/R000000010/M000000013
R000000014/2.222222/0231/R000000012/M000000013
R000000009/3.580247/0277/R000000011/R000000014
R000000002/6.584363/0112/R000000003/R000000009
R000000015/5.075447/0112/R000000003/R000000010
R000000016/3.717421/0112/R000000003/R000000011
R000000018/1.000000/0000/Guesstimate
R000000017/3.717421/0112/R000000003/R000000018
R000000020/1.000000/0000/Guesstimate
R000000019/3.717421/0112/R000000003/R000000020
R000000017/4.130468/0041/R000000019
R000000016/4.130468/0155/R000000017
R000000015/5.241580/0277/R000000016/R000000012
R000000002/6.750496/0231/R000000015/M000000013
R000000001/7.315958/0099/R000000002
R000000024/1.000000/0000/Guesstimate
R000000023/2.345679/0112/R000000004/R000000024
R000000022/2.606310/0197/R000000023
R000000021/4.007011/0285/R000000022/R000000006
R000000027/1.000000/0000/Guesstimate
R000000026/4.007011/0277/R000000022/R000000027
R000000028/1.000000/0000/Guesstimate
R000000025/5.563346/0274/R000000026/R000000028
R000000030/1.000000/0000/Guesstimate
R000000029/4.007011/0277/R000000022/R000000030
R000000031/1.000000/0000/Guesstimate
R000000025/5.563346/0301/R000000029/R000000031
R000000021/6.181496/0295/R000000025
R000000035/1.000000/0000/Guesstimate
R000000034/1.111111/0293/R000000035
R000000034/1.111111/0293/R000000035
R000000033/2.345679/0231/R000000034/M000000013
R000000036/2.222222/0231/R000000035/M000000013
R000000033/2.469136/0293/R000000036
R000000032/2.606310/0090/R000000033
R000000039/1.000000/0000/Guesstimate
R000000038/2.222222/0277/R000000039/R000000012
R000000038/9.500000/0301/R000000039/R000000040
R000000037/3.580247/0231/R000000038/M000000013
R000000037/3.580247/0277/R000000039/R000000014
R000000032/3.978053/0099/R000000037
R000000001/7.348135/0112/R000000021/R000000032
<NEXT>