#
#  Reaction log file
#  Author: LigBuilder V3 User_Diana
#  Creation time: Thu Apr  9 01:02:07 2026
#  Format:
#  QueryMoleculeId/Cost/SynthesizeId/ReactantId1/ReactantId2/ReactantId3.....
#  Id prefix:
#  Q --- Query Molecule
#  M --- Material
#  R --- Reactant
#
Directory      result/synthesize_PfHDAC1/159/DATABASE/
#
Q000000001/Analysis Failed
Q000000002/7.620790/0000/R000000001
R000000005/1.000000/0000/Guesstimate
R000000004/1.111111/0265/R000000005
R000000007/1.000000/0000/Guesstimate
R000000008/1.000000/0000/Guesstimate
R000000006/2.222222/0003/R000000007/R000000008
R000000010/1.000000/0000/Guesstimate
R000000009/2.222222/0003/R000000007/R000000010
R000000011/1.000000/0000/Guesstimate
R000000012/1.000000/0000/Guesstimate
R000000009/2.222222/0122/R000000011/R000000012
R000000006/2.469136/0024/R000000009
R000000003/3.703704/0069/R000000004/R000000006
R000000015/1.000000/0000/Guesstimate
R000000014/2.345679/0069/R000000004/R000000015
R000000016/2.345679/0069/R000000004/R000000011
R000000017/1.000000/0000/Guesstimate
R000000014/3.717421/0112/R000000016/R000000017
R000000018/1.000000/0000/Guesstimate
R000000013/3.717421/0012/R000000014/R000000018
R000000019/1.000000/0000/Guesstimate
R000000013/3.717421/0095/R000000016/R000000019
R000000003/4.130468/0040/R000000013
M000000022/1.000000/0000/Sigma_BB-70737316
R000000023/1.000000/0000/Guesstimate
R000000021/2.222222/0231/M000000022/R000000023
R000000020/2.469136/0125/R000000021
R000000020/3.580247/0112/R000000021/R000000017
R000000002/6.858711/0275/R000000003/R000000020
R000000024/5.226338/0275/R000000003/M000000022
R000000025/1.111111/0125/R000000023
R000000025/2.222222/0112/R000000017/R000000023
R000000002/7.041610/0231/R000000024/R000000025
R000000001/7.620790/0059/R000000002
R000000027/5.241580/0275/R000000013/M000000022
R000000027/5.807042/0204/R000000024
R000000028/1.234568/0059/R000000025
R000000030/1.000000/0000/Guesstimate
R000000031/1.000000/0000/Guesstimate
R000000029/2.222222/0226/R000000030/R000000031
R000000032/1.000000/0000/Guesstimate
R000000029/2.222222/0277/R000000032/R000000031
R000000028/2.469136/0099/R000000029
R000000026/7.195720/0231/R000000027/R000000028
R000000001/7.995245/0040/R000000026
Q000000003/5.531169/0000/R000000033
R000000035/2.345679/0275/R000000004/M000000022
R000000036/2.222222/0275/R000000005/M000000022
R000000035/2.469136/0265/R000000036
R000000034/3.978052/0231/R000000035/R000000028
R000000037/3.840878/0231/R000000036/R000000028
R000000038/2.743484/0059/R000000020
R000000038/3.854596/0224/R000000020/R000000030
R000000037/4.159427/0275/R000000005/R000000038
R000000034/4.267643/0265/R000000037
R000000033/5.531169/0069/R000000034/R000000018
R000000040/2.345679/0069/R000000004/R000000018
R000000042/1.000000/0000/Guesstimate
R000000041/2.345679/0069/R000000004/R000000042
R000000041/2.606310/0217/R000000016
R000000040/2.606310/0147/R000000041
R000000039/5.349795/0275/R000000040/R000000020
R000000043/3.717421/0069/R000000035/R000000018
R000000044/3.717421/0069/R000000035/R000000042
R000000044/3.717421/0275/R000000041/M000000022
R000000043/4.130468/0147/R000000044
R000000039/5.365036/0231/R000000043/R000000025
R000000033/5.944217/0059/R000000039
Q000000004/5.531169/0000/R000000033
<NEXT>