#
#  Reaction log file
#  Author: LigBuilder V3 User_Diana
#  Creation time: Thu Apr  9 01:03:21 2026
#  Format:
#  QueryMoleculeId/Cost/SynthesizeId/ReactantId1/ReactantId2/ReactantId3.....
#  Id prefix:
#  Q --- Query Molecule
#  M --- Material
#  R --- Reactant
#
Directory      result/synthesize_PfHDAC1/249/DATABASE/
#
Q000000001/7.055328/0000/R000000001
R000000005/1.000000/0000/Guesstimate
R000000004/1.111111/0265/R000000005
R000000006/1.000000/0000/Guesstimate
R000000003/2.345679/0069/R000000004/R000000006
M000000008/1.000000/0000/Sigma_BB-28758245
R000000007/2.345679/0069/R000000004/M000000008
R000000003/2.606310/0147/R000000007
M000000011/1.000000/0000/Sigma_BB-28945063
R000000012/1.000000/0000/Guesstimate
R000000010/2.222222/0175/M000000011/R000000012
R000000010/2.222222/0290/M000000011/R000000012
R000000009/2.469136/0139/R000000010
M000000014/1.000000/0000/Sigma_BB-48767194
R000000013/2.222222/0175/M000000011/M000000014
R000000013/2.222222/0290/M000000011/M000000014
R000000009/2.469136/0150/R000000013
R000000002/5.349795/0275/R000000003/R000000009
M000000017/1.000000/0000/Sigma_BB-70737316
R000000016/1.111111/0287/M000000017
M000000018/1.000000/0000/Sigma_BB-332969817
R000000016/1.111111/0299/M000000018
R000000015/3.840878/0275/R000000003/R000000016
R000000019/1.000000/0000/Guesstimate
R000000002/5.378754/0231/R000000015/R000000019
R000000020/1.000000/0000/Guesstimate
R000000001/7.055328/0004/R000000002/R000000020
R000000023/2.222222/0231/M000000017/R000000019
R000000022/5.075447/0275/R000000003/R000000023
R000000024/3.717421/0275/R000000003/M000000017
R000000022/5.241580/0231/R000000024/R000000019
R000000025/1.000000/0000/Guesstimate
R000000021/6.750496/0175/R000000022/R000000025
R000000028/1.000000/0000/Guesstimate
R000000027/3.580247/0175/R000000023/R000000028
R000000027/3.580247/0290/R000000023/R000000028
R000000026/3.978053/0039/R000000027
R000000030/1.000000/0000/Guesstimate
R000000029/3.580247/0175/R000000023/R000000030
R000000029/3.854596/0004/R000000009/R000000020
R000000031/1.000000/0000/Guesstimate
R000000026/5.089163/0119/R000000029/R000000031
R000000021/7.026369/0275/R000000003/R000000026
R000000001/7.500552/0024/R000000021
Q000000002/7.055328/0000/R000000001
Q000000003/7.055328/0000/R000000001
Q000000004/5.393995/0000/R000000032
R000000035/2.222222/0275/R000000005/M000000011
R000000034/2.469136/0265/R000000035
M000000037/1.000000/0000/Sigma_BB-28760241
R000000036/2.345679/0275/R000000004/M000000037
R000000034/2.606310/0197/R000000036
R000000033/3.854596/0069/R000000034/R000000006
R000000040/1.000000/0000/Guesstimate
R000000039/2.345679/0069/R000000004/R000000040
R000000038/3.717421/0275/R000000039/M000000011
R000000038/3.854596/0069/R000000034/R000000040
R000000041/1.000000/0000/Guesstimate
R000000033/5.241580/0212/R000000038/R000000041
R000000032/5.393995/0004/R000000033/R000000020
M000000045/1.000000/0000/Sigma_BB-28757047
R000000044/2.345679/0275/R000000004/M000000045
R000000043/3.717421/0069/R000000044/R000000006
R000000046/3.717421/0069/R000000044/M000000008
R000000046/3.717421/0275/R000000007/M000000045
R000000043/4.130468/0147/R000000046
R000000042/5.241580/0175/R000000043/R000000025
R000000048/2.606310/0093/R000000036
R000000048/3.854596/0004/R000000034/R000000020
R000000047/4.007011/0119/R000000048/R000000031
R000000049/3.854596/0112/R000000034/R000000025
R000000047/4.282884/0147/R000000049
R000000042/5.563346/0069/R000000047/R000000006
R000000032/5.823977/0024/R000000042
<NEXT>