#
#  Reaction log file
#  Author: LigBuilder V3 User_Diana
#  Creation time: Thu Apr  9 01:01:35 2026
#  Format:
#  QueryMoleculeId/Cost/SynthesizeId/ReactantId1/ReactantId2/ReactantId3.....
#  Id prefix:
#  Q --- Query Molecule
#  M --- Material
#  R --- Reactant
#
Directory      result/synthesize_PfHDAC1/141/DATABASE/
#
Q000000001/6.889194/0000/R000000001
M000000004/1.000000/0000/Sigma_BB-30393055
R000000003/1.111111/0114/M000000004
M000000005/1.000000/0000/Sigma_BB-30431413
R000000006/1.000000/0000/Guesstimate
R000000003/2.222222/0175/M000000005/R000000006
R000000009/1.000000/0000/Guesstimate
R000000010/1.000000/0000/Guesstimate
R000000008/2.222222/0081/R000000009/R000000010
R000000011/1.000000/0000/Guesstimate
R000000008/2.222222/0210/R000000011/R000000010
R000000007/2.469136/0204/R000000008
R000000007/9.200000/0293/R000000012
R000000002/3.978053/0301/R000000003/R000000007
R000000014/2.345679/0301/R000000003/R000000009
M000000017/1.000000/0000/Sigma_BB-70573205
R000000018/1.000000/0000/Guesstimate
R000000016/2.222222/0175/M000000017/R000000018
R000000016/2.222222/0290/M000000017/R000000018
R000000015/2.469136/0059/R000000016
R000000019/2.222222/0174/M000000017/R000000006
R000000019/2.222222/0289/M000000017/R000000006
R000000015/2.469136/0147/R000000019
R000000020/1.000000/0000/Guesstimate
R000000014/3.854596/0277/R000000015/R000000020
R000000013/3.717421/0081/R000000014/R000000010
R000000021/2.606310/0156/R000000014
R000000022/1.000000/0000/Guesstimate
R000000021/3.854596/0277/R000000015/R000000022
R000000013/4.007011/0210/R000000021/R000000010
R000000002/4.130468/0204/R000000013
R000000024/1.000000/0000/Guesstimate
R000000025/1.000000/0000/Guesstimate
R000000023/2.222222/0122/R000000024/R000000025
R000000028/1.000000/0000/Guesstimate
R000000029/1.000000/0000/Guesstimate
R000000027/2.222222/0256/R000000028/R000000029
R000000026/2.469136/0039/R000000027
R000000031/1.000000/0000/Guesstimate
R000000030/2.222222/0004/R000000031/R000000029
R000000032/1.000000/0000/Guesstimate
R000000030/2.222222/0122/R000000032/R000000025
R000000033/1.000000/0000/Guesstimate
R000000026/3.580247/0119/R000000030/R000000033
R000000023/2.743484/0126/R000000026
R000000001/6.889194/0069/R000000002/R000000023
R000000036/2.743484/0245/R000000026
R000000036/2.743484/0245/R000000026
R000000035/3.048316/0126/R000000036
R000000038/1.000000/0000/Guesstimate
R000000037/2.222222/0301/R000000024/R000000038
R000000037/2.222222/0301/R000000024/R000000038
R000000039/1.000000/0000/Guesstimate
R000000035/3.580247/0170/R000000037/R000000039
R000000034/7.807077/0069/R000000002/R000000035
R000000001/8.674530/0219/R000000034
Q000000002/7.041610/0000/R000000040
M000000044/1.000000/0000/Sigma_BB-28502776
R000000043/1.111111/0059/M000000044
M000000045/1.000000/0000/Sigma_BB-27339373
R000000043/1.111111/0114/M000000045
R000000042/3.703704/0301/R000000043/R000000008
R000000042/3.703704/0301/R000000043/R000000008
R000000041/4.115227/0204/R000000042
R000000046/3.854596/0301/M000000044/R000000007
R000000046/3.854596/0301/M000000044/R000000007
R000000041/4.282884/0059/R000000046
R000000040/7.041610/0069/R000000041/R000000023
R000000047/6.752020/0069/R000000046/R000000023
R000000050/1.000000/0000/Guesstimate
R000000051/1.000000/0000/Guesstimate
R000000049/2.222222/0004/R000000050/R000000051
R000000052/1.000000/0000/Guesstimate
R000000053/1.000000/0000/Guesstimate
R000000049/2.222222/0122/R000000052/R000000053
R000000048/2.469136/0009/R000000049
R000000055/1.000000/0000/Guesstimate
R000000056/1.000000/0000/Guesstimate
R000000054/2.222222/0279/R000000055/R000000056
R000000054/2.222222/0279/R000000055/R000000056
R000000048/2.469136/0079/R000000054
R000000058/1.000000/0000/Guesstimate
R000000059/5.212621/0069/R000000007/R000000023
R000000057/6.902912/0003/R000000058/R000000059
M000000061/1.000000/0000/Sigma_BB-28775620
R000000060/6.902912/0301/M000000061/R000000059
R000000060/6.902912/0301/M000000061/R000000059
R000000062/1.000000/0000/Guesstimate
R000000057/8.781013/0049/R000000060/R000000062
R000000047/9.372048/0159/R000000048/R000000057
R000000040/7.502245/0059/R000000047
Q000000003/2.758726/0000/R000000063
R000000067/1.000000/0000/Guesstimate
R000000066/1.111111/0228/R000000067
R000000068/1.000000/0000/Guesstimate
R000000069/1.000000/0000/Guesstimate
R000000066/2.222222/0277/R000000068/R000000069
R000000065/1.234568/0024/R000000066
R000000070/1.000000/0000/Guesstimate
R000000065/2.222222/0004/R000000070/R000000069
M000000071/1.000000/0000/Sigma_BB-30401725
R000000064/2.482853/0003/R000000065/M000000071
R000000073/1.000000/0000/Guesstimate
R000000072/2.222222/0004/R000000073/R000000070
R000000074/2.222222/0277/R000000073/R000000068
R000000075/1.000000/0000/Guesstimate
R000000074/2.222222/0301/R000000073/R000000075
R000000072/2.469136/0024/R000000074
M000000077/1.000000/0000/Sigma_BB-28775947
R000000076/1.111111/0009/M000000077
R000000078/1.000000/0000/Guesstimate
R000000079/1.000000/0000/Guesstimate
R000000076/2.222222/0003/R000000078/R000000079
R000000064/3.703704/0049/R000000072/R000000076
R000000063/2.758726/0147/R000000064
R000000081/2.222222/0004/R000000073/R000000058
R000000083/1.000000/0000/Guesstimate
R000000082/2.222222/0277/R000000073/R000000083
R000000082/2.222222/0301/R000000073/R000000068
R000000081/2.469136/0024/R000000082
R000000080/3.580247/0003/R000000081/R000000079
R000000084/2.222222/0004/R000000058/R000000079
M000000086/1.000000/0000/Sigma_BB-28524129
M000000087/1.000000/0000/Sigma_BB-28805425
R000000085/2.222222/0212/M000000086/M000000087
R000000085/2.222222/0212/M000000086/M000000087
R000000084/2.469136/0024/R000000085
R000000080/3.580247/0003/R000000073/R000000084
R000000063/3.978053/0147/R000000080
Q000000004/2.758726/0000/R000000063
<NEXT>