#
#  Reaction log file
#  Author: LigBuilder V3 User_Diana
#  Creation time: Thu Apr  9 01:02:56 2026
#  Format:
#  QueryMoleculeId/Cost/SynthesizeId/ReactantId1/ReactantId2/ReactantId3.....
#  Id prefix:
#  Q --- Query Molecule
#  M --- Material
#  R --- Reactant
#
Directory      result/synthesize_PfHDAC1/225/DATABASE/
#
Q000000001/6.096632/0000/R000000001
R000000005/1.000000/0000/Guesstimate
R000000006/1.000000/0000/Guesstimate
R000000004/2.222222/0301/R000000005/R000000006
R000000004/2.222222/0301/R000000005/R000000006
R000000003/2.469136/0188/R000000004
R000000008/1.000000/0000/Guesstimate
R000000007/2.222222/0301/R000000005/R000000008
R000000007/2.222222/0301/R000000005/R000000008
R000000003/2.469136/0295/R000000007
R000000011/1.000000/0000/Guesstimate
R000000012/1.000000/0000/Guesstimate
R000000010/2.222222/0112/R000000011/R000000012
R000000009/2.469136/0147/R000000010
R000000014/1.000000/0000/Guesstimate
R000000013/2.222222/0003/R000000011/R000000014
R000000009/2.469136/0147/R000000013
R000000002/5.486969/0279/R000000003/R000000009
R000000002/5.486969/0279/R000000003/R000000009
R000000001/6.096632/0279/R000000002
R000000015/5.486969/0279/R000000003/R000000009
R000000017/2.743484/0139/R000000009
R000000017/2.743484/0295/R000000009
R000000016/5.791801/0279/R000000003/R000000017
R000000016/5.791801/0279/R000000003/R000000017
R000000015/6.435335/0198/R000000016
R000000001/6.096632/0279/R000000015
Q000000002/6.096632/0000/R000000001
Q000000003/6.096632/0000/R000000018
R000000022/1.000000/0000/Guesstimate
R000000023/1.000000/0000/Guesstimate
R000000021/2.222222/0112/R000000022/R000000023
R000000020/2.469136/0197/R000000021
R000000025/1.000000/0000/Guesstimate
R000000026/1.000000/0000/Guesstimate
R000000024/2.222222/0274/R000000025/R000000026
R000000020/2.469136/0285/R000000024
M000000029/1.000000/0000/Sigma_BB-70737316
R000000030/1.000000/0000/Guesstimate
R000000028/2.222222/0231/M000000029/R000000030
R000000027/2.469136/0074/R000000028
R000000027/2.469136/0167/R000000028
R000000019/5.486969/0275/R000000020/R000000027
R000000032/3.854596/0275/R000000020/M000000029
R000000031/4.282884/0074/R000000032
R000000031/4.282884/0167/R000000032
R000000019/5.869872/0231/R000000031/R000000030
R000000018/6.096632/0059/R000000019
R000000036/1.000000/0000/Guesstimate
R000000037/1.000000/0000/Guesstimate
R000000035/2.222222/0277/R000000036/R000000037
R000000034/2.469136/0260/R000000035
R000000038/2.743484/0198/R000000020
R000000038/2.743484/0298/R000000020
R000000034/3.048316/0257/R000000038
R000000039/2.743484/0059/R000000027
R000000040/3.580247/0175/R000000028/R000000022
R000000040/3.580247/0290/R000000028/R000000022
R000000039/3.978053/0153/R000000040
R000000033/5.791801/0275/R000000034/R000000039
R000000018/6.435335/0099/R000000033
Q000000004/Analysis Failed
<NEXT>