#
#  Reaction log file
#  Author: LigBuilder V3 User_Diana
#  Creation time: Thu Apr  9 01:02:42 2026
#  Format:
#  QueryMoleculeId/Cost/SynthesizeId/ReactantId1/ReactantId2/ReactantId3.....
#  Id prefix:
#  Q --- Query Molecule
#  M --- Material
#  R --- Reactant
#
Directory      result/synthesize_PfHDAC1/188/DATABASE/
#
Q000000001/5.791801/0000/R000000001
R000000005/1.000000/0000/Guesstimate
R000000006/1.000000/0000/Guesstimate
R000000004/2.222222/0112/R000000005/R000000006
R000000003/2.469136/0197/R000000004
R000000003/2.469136/0197/R000000004
M000000008/1.000000/0000/Sigma_BB-70737316
R000000009/1.000000/0000/Guesstimate
R000000007/2.222222/0231/M000000008/R000000009
M000000011/1.000000/0000/Sigma_BB-70380583
R000000010/2.222222/0231/M000000011/R000000009
R000000007/2.469136/0299/R000000010
R000000002/5.212621/0275/R000000003/R000000007
R000000012/3.854596/0275/R000000003/M000000008
R000000013/3.854596/0275/R000000003/M000000011
R000000012/4.282884/0299/R000000013
R000000002/5.393995/0231/R000000012/R000000009
R000000001/5.791801/0082/R000000002
R000000017/1.000000/0000/Guesstimate
R000000016/2.222222/0231/M000000008/R000000017
R000000015/5.212621/0275/R000000003/R000000016
R000000015/5.393995/0231/R000000012/R000000017
R000000018/1.000000/0000/Guesstimate
R000000014/6.902912/0274/R000000015/R000000018
R000000021/1.000000/0000/Guesstimate
R000000020/2.222222/0274/R000000017/R000000021
R000000019/2.469136/0086/R000000020
R000000019/2.469136/0091/R000000020
R000000014/7.026369/0231/R000000012/R000000019
R000000001/7.669903/0112/R000000014
Q000000002/Analysis Failed
Q000000003/Analysis Failed
<NEXT>