#
#  Reaction log file
#  Author: LigBuilder V3 User_Diana
#  Creation time: Thu Apr  9 01:03:04 2026
#  Format:
#  QueryMoleculeId/Cost/SynthesizeId/ReactantId1/ReactantId2/ReactantId3.....
#  Id prefix:
#  Q --- Query Molecule
#  M --- Material
#  R --- Reactant
#
Directory      result/synthesize_PfHDAC1/210/DATABASE/
#
Q000000001/4.420059/0000/R000000001
R000000005/1.000000/0000/Guesstimate
R000000006/1.000000/0000/Guesstimate
R000000004/2.222222/0112/R000000005/R000000006
R000000003/2.469136/0197/R000000004
M000000008/1.000000/0000/Sigma_BB-27092316
R000000007/1.111111/0009/M000000008
M000000009/1.000000/0000/Sigma_BB-28945063
R000000010/1.000000/0000/Guesstimate
R000000007/2.222222/0003/M000000009/R000000010
R000000002/3.978053/0275/R000000003/R000000007
R000000001/4.420059/0059/R000000002
R000000012/3.854596/0275/R000000003/M000000009
R000000013/1.000000/0000/Guesstimate
R000000011/5.393995/0112/R000000012/R000000013
R000000016/1.000000/0000/Guesstimate
R000000015/2.222222/0112/M000000009/R000000016
M000000017/1.000000/0000/Sigma_BB-28757047
R000000015/2.222222/0174/M000000017/R000000016
R000000014/2.469136/0059/R000000015
M000000019/1.000000/0000/Sigma_BB-29509312
R000000020/1.000000/0000/Guesstimate
R000000018/2.222222/0231/M000000019/R000000020
R000000014/2.469136/0082/R000000018
R000000011/5.486969/0275/R000000003/R000000014
R000000001/5.993328/0147/R000000011
Q000000002/6.096632/0000/R000000021
R000000025/1.000000/0000/Guesstimate
R000000024/2.222222/0112/R000000005/R000000025
R000000023/2.469136/0197/R000000024
R000000023/2.469136/0197/R000000024
M000000028/1.000000/0000/Sigma_BB-70737316
R000000029/1.000000/0000/Guesstimate
R000000027/2.222222/0231/M000000028/R000000029
R000000026/2.469136/0198/R000000027
R000000031/1.000000/0000/Guesstimate
R000000030/2.222222/0231/M000000028/R000000031
R000000026/2.469136/0245/R000000030
R000000022/5.486969/0275/R000000023/R000000026
R000000021/6.096632/0219/R000000022
R000000021/6.096632/0219/R000000022
Q000000003/6.096632/0000/R000000021
Q000000004/6.096632/0000/R000000021
<NEXT>