#
#  Reaction log file
#  Author: LigBuilder V3 User_Diana
#  Creation time: Thu Apr  9 01:04:32 2026
#  Format:
#  QueryMoleculeId/Cost/SynthesizeId/ReactantId1/ReactantId2/ReactantId3.....
#  Id prefix:
#  Q --- Query Molecule
#  M --- Material
#  R --- Reactant
#
Directory      result/synthesize_PfHDAC1/274/DATABASE/
#
Q000000001/Analysis Failed
Q000000002/Analysis Failed
Q000000003/4.282884/0000/R000000001
R000000005/1.000000/0000/Guesstimate
M000000006/1.000000/0000/Sigma_BB-28764950
R000000004/2.222222/0212/R000000005/M000000006
R000000004/2.222222/0212/R000000005/M000000006
R000000003/2.469136/0087/R000000004
R000000008/1.111111/0085/M000000006
R000000007/2.345679/0212/R000000005/R000000008
R000000007/2.345679/0212/R000000005/R000000008
R000000003/2.606310/0086/R000000007
M000000009/1.000000/0000/Sigma_BB-28711557
R000000002/3.854596/0175/R000000003/M000000009
R000000011/1.000000/0000/Guesstimate
M000000012/1.000000/0000/Sigma_BB-180926329
R000000010/2.222222/0004/R000000011/M000000012
R000000014/1.000000/0000/Guesstimate
R000000013/2.222222/0175/R000000014/M000000009
R000000013/2.222222/0290/R000000014/M000000009
R000000010/2.469136/0024/R000000013
R000000002/5.075447/0212/R000000007/R000000010
R000000001/4.282884/0028/R000000002
R000000016/2.345679/0212/R000000005/R000000008
R000000016/2.345679/0212/R000000005/R000000008
R000000015/5.075447/0212/R000000016/R000000010
R000000015/5.075447/0212/R000000016/R000000010
R000000001/5.639385/0028/R000000015
<NEXT>