#
#  Reaction log file
#  Author: LigBuilder V3 User_Diana
#  Creation time: Thu Apr  9 01:03:36 2026
#  Format:
#  QueryMoleculeId/Cost/SynthesizeId/ReactantId1/ReactantId2/ReactantId3.....
#  Id prefix:
#  Q --- Query Molecule
#  M --- Material
#  R --- Reactant
#
Directory      result/synthesize_PfHDAC1/243/DATABASE/
#
Q000000001/4.282884/0000/R000000001
R000000005/1.000000/0000/Guesstimate
R000000006/1.000000/0000/Guesstimate
R000000004/2.222222/0112/R000000005/R000000006
R000000003/2.469136/0197/R000000004
M000000007/1.000000/0000/Sigma_BB-27733454
R000000002/3.854596/0275/R000000003/M000000007
R000000001/4.282884/0147/R000000002
M000000010/1.000000/0000/Sigma_BB-27092316
R000000009/1.111111/0009/M000000010
M000000011/1.000000/0000/Sigma_BB-28945063
R000000012/1.000000/0000/Guesstimate
R000000009/2.222222/0003/M000000011/R000000012
R000000008/3.978053/0275/R000000003/R000000009
R000000001/4.420059/0147/R000000008
Q000000002/5.993328/0000/R000000013
R000000015/3.854596/0275/R000000003/M000000011
M000000017/1.000000/0000/Sigma_BB-28757047
R000000016/3.854596/0275/R000000003/M000000017
M000000019/1.000000/0000/Sigma_BB-28151472
R000000018/3.854596/0275/R000000003/M000000019
R000000016/4.282884/0299/R000000018
R000000015/4.282884/0287/R000000016
R000000020/1.000000/0000/Guesstimate
R000000014/5.393995/0112/R000000015/R000000020
M000000023/1.000000/0000/Sigma_BB-29509005
R000000022/3.854596/0275/R000000003/M000000023
R000000021/4.282884/0082/R000000022
R000000024/1.000000/0000/Guesstimate
R000000021/5.393995/0112/R000000015/R000000024
R000000025/1.000000/0000/Guesstimate
R000000014/5.869872/0138/R000000021/R000000025
R000000013/5.993328/0147/R000000014
R000000027/1.000000/0000/Guesstimate
R000000026/5.393995/0175/R000000016/R000000027
R000000028/4.282884/0114/R000000016
M000000030/1.000000/0000/Sigma_BB-28799055
R000000029/3.854596/0275/R000000003/M000000030
R000000028/4.282884/0155/R000000029
R000000026/5.869872/0003/R000000028/R000000012
R000000013/5.993328/0147/R000000026
Q000000003/5.993328/0000/R000000013
Q000000004/6.145744/0000/R000000031
R000000034/1.111111/0013/M000000017
M000000035/1.000000/0000/Sigma_BB-28666772
R000000034/1.111111/0041/M000000035
R000000033/3.978053/0275/R000000003/R000000034
R000000033/4.282884/0013/R000000016
R000000036/1.000000/0000/Guesstimate
R000000032/5.531170/0274/R000000033/R000000036
R000000037/4.282884/0114/R000000016
R000000037/4.758760/0155/R000000033
R000000038/1.000000/0000/Guesstimate
R000000032/5.869872/0274/R000000037/R000000038
R000000031/6.145744/0147/R000000032
M000000042/1.000000/0000/Sigma_BB-244164693
R000000041/3.854596/0275/R000000003/M000000042
R000000040/4.282884/0104/R000000041
R000000040/4.282884/0104/R000000041
R000000043/1.000000/0000/Guesstimate
R000000039/5.869872/0301/R000000040/R000000043
R000000039/5.869872/0301/R000000040/R000000043
R000000031/6.522080/0160/R000000039
<NEXT>