#
#  Reaction log file
#  Author: LigBuilder V3 User_Diana
#  Creation time: Thu Apr  9 01:00:02 2026
#  Format:
#  QueryMoleculeId/Cost/SynthesizeId/ReactantId1/ReactantId2/ReactantId3.....
#  Id prefix:
#  Q --- Query Molecule
#  M --- Material
#  R --- Reactant
#
Directory      result/synthesize_PfHDAC1/84/DATABASE/
#
Q000000001/5.944217/0000/R000000001
R000000005/1.000000/0000/Guesstimate
R000000004/1.111111/0283/R000000005
R000000006/1.000000/0000/Guesstimate
R000000003/2.345679/0285/R000000004/R000000006
R000000008/1.000000/0000/Guesstimate
R000000007/2.345679/0277/R000000004/R000000008
R000000003/2.606310/0295/R000000007
M000000011/1.000000/0000/Sigma_BB-137827595
R000000012/1.000000/0000/Guesstimate
R000000010/2.222222/0122/M000000011/R000000012
R000000010/2.222222/0122/M000000011/R000000012
R000000009/2.469136/0086/R000000010
R000000009/2.469136/0091/R000000010
R000000002/5.349795/0112/R000000003/R000000009
R000000014/1.111111/0086/M000000011
R000000014/1.111111/0091/M000000011
R000000013/3.840878/0112/R000000003/R000000014
R000000015/2.469136/0112/R000000004/R000000014
R000000013/3.854596/0285/R000000015/R000000006
R000000002/5.378754/0122/R000000013/R000000012
R000000001/5.944217/0059/R000000002
R000000018/4.267642/0217/R000000013
R000000017/4.741825/0059/R000000018
R000000021/1.000000/0000/Guesstimate
R000000022/1.000000/0000/Guesstimate
R000000020/4.828533/0225/R000000003/R000000021/R000000022
R000000020/4.828533/0225/R000000003/R000000021/R000000022
R000000019/5.365036/0153/R000000020
R000000023/1.000000/0000/Guesstimate
R000000017/7.072263/0112/R000000019/R000000023
M000000024/1.000000/0000/Sigma_BB-28769104
R000000016/6.379806/0049/R000000017/M000000024
R000000025/1.000000/0000/Guesstimate
R000000016/7.072263/0003/R000000019/R000000025
R000000001/7.088674/0099/R000000016
Q000000002/5.944217/0000/R000000001
Q000000003/7.995245/0000/R000000026
R000000030/1.000000/0000/Guesstimate
R000000029/3.717421/0279/R000000003/R000000030
R000000029/3.717421/0279/R000000003/R000000030
R000000028/4.130468/0125/R000000029
R000000028/5.241580/0112/R000000029/R000000023
R000000027/4.589409/0040/R000000028
R000000033/1.000000/0000/Guesstimate
R000000032/5.241580/0004/R000000029/R000000033
R000000034/1.000000/0000/Guesstimate
R000000032/6.352691/0225/R000000029/R000000022/R000000034
R000000031/5.823977/0093/R000000032
M000000035/1.000000/0000/Sigma_BB-28247348
R000000031/6.935089/0212/R000000032/M000000035
R000000027/6.471086/0073/R000000031
R000000038/1.000000/0000/Guesstimate
R000000040/1.000000/0000/Guesstimate
R000000039/1.111111/0288/R000000040
R000000037/2.345679/0301/R000000038/R000000039
R000000037/2.345679/0301/R000000038/R000000039
R000000036/2.606310/0295/R000000037
R000000036/2.606310/0295/R000000037
R000000026/7.995245/0003/R000000027/R000000036
R000000044/1.000000/0000/Guesstimate
R000000043/3.717421/0279/R000000003/R000000044
R000000043/4.130468/0257/R000000029
R000000045/1.000000/0000/Guesstimate
R000000042/5.241580/0004/R000000043/R000000045
R000000047/1.000000/0000/Guesstimate
R000000046/5.241580/0004/R000000043/R000000047
R000000042/5.823977/0155/R000000046
R000000049/2.606310/0125/R000000037
R000000049/3.717421/0112/R000000023/R000000037
R000000048/2.895900/0295/R000000049
R000000048/4.007011/0112/R000000023/R000000036
R000000041/9.041644/0049/R000000042/R000000048
R000000051/4.007011/0004/R000000033/R000000036
R000000051/5.118122/0225/R000000034/R000000036/R000000022
R000000050/4.452235/0086/R000000051
R000000050/4.452235/0091/R000000051
R000000041/9.077396/0112/R000000043/R000000050
R000000026/9.041644/0041/R000000041
Q000000004/7.995245/0000/R000000026
<NEXT>