#
#  Reaction log file
#  Author: LigBuilder V3 User_Diana
#  Creation time: Thu Apr  9 01:00:50 2026
#  Format:
#  QueryMoleculeId/Cost/SynthesizeId/ReactantId1/ReactantId2/ReactantId3.....
#  Id prefix:
#  Q --- Query Molecule
#  M --- Material
#  R --- Reactant
#
Directory      result/synthesize_PfHDAC1/135/DATABASE/
#
Q000000001/4.420059/0000/R000000001
R000000005/1.000000/0000/Guesstimate
R000000006/1.000000/0000/Guesstimate
R000000004/2.222222/0274/R000000005/R000000006
R000000003/2.469136/0113/R000000004
R000000008/1.000000/0000/Guesstimate
R000000009/1.000000/0000/Guesstimate
R000000007/2.222222/0274/R000000008/R000000009
R000000003/2.469136/0141/R000000007
R000000011/1.000000/0000/Guesstimate
R000000010/1.111111/0040/R000000011
R000000013/1.000000/0000/Guesstimate
R000000014/1.000000/0000/Guesstimate
R000000012/2.222222/0004/R000000013/R000000014
R000000015/1.000000/0000/Guesstimate
R000000016/1.000000/0000/Guesstimate
R000000012/3.333333/0225/R000000013/R000000015/R000000016
R000000010/2.469136/0073/R000000012
R000000002/3.978053/0212/R000000003/R000000010
R000000002/3.978053/0212/R000000003/R000000010
R000000001/4.420059/0099/R000000002
R000000019/2.743484/0247/R000000003
R000000018/3.048316/0147/R000000019
R000000017/4.621586/0212/R000000018/R000000010
R000000020/4.282884/0212/R000000019/R000000010
R000000020/4.282884/0212/R000000019/R000000010
R000000017/4.758760/0147/R000000020
R000000001/5.135096/0188/R000000017
Q000000002/4.911177/0000/R000000021
R000000026/1.000000/0000/Guesstimate
R000000027/1.000000/0000/Guesstimate
R000000025/2.222222/0112/R000000026/R000000027
R000000024/2.469136/0197/R000000025
R000000024/2.469136/0197/R000000025
M000000029/1.000000/0000/Sigma_BB-28827151
R000000028/1.111111/0099/M000000029
M000000030/1.000000/0000/Sigma_BB-28849577
R000000028/1.111111/0099/M000000030
R000000023/3.978053/0275/R000000024/R000000028
M000000032/1.000000/0000/Sigma_BB-29509005
R000000031/3.854596/0275/R000000024/M000000032
R000000033/1.000000/0000/Guesstimate
R000000023/5.393995/0279/R000000031/R000000033
R000000022/4.420059/0074/R000000023
R000000022/4.420059/0167/R000000023
R000000021/4.911177/0059/R000000022
M000000036/1.000000/0000/Sigma_BB-27356325
R000000035/3.854596/0275/R000000024/M000000036
M000000038/1.000000/0000/Sigma_BB-28200223
R000000037/3.854596/0275/R000000024/M000000038
R000000035/4.282884/0059/R000000037
R000000039/1.000000/0000/Guesstimate
R000000034/5.393995/0174/R000000035/R000000039
R000000041/1.111111/0287/M000000036
R000000040/3.978053/0275/R000000024/R000000041
R000000040/4.282884/0287/R000000035
R000000034/5.531170/0112/R000000040/R000000039
R000000021/5.993328/0099/R000000034
Q000000003/4.911177/0000/R000000021
Q000000004/4.911177/0000/R000000021
<NEXT>