#
#  Reaction log file
#  Author: LigBuilder V3 User_Diana
#  Creation time: Thu Apr  9 01:03:00 2026
#  Format:
#  QueryMoleculeId/Cost/SynthesizeId/ReactantId1/ReactantId2/ReactantId3.....
#  Id prefix:
#  Q --- Query Molecule
#  M --- Material
#  R --- Reactant
#
Directory      result/synthesize_PfHDAC1/208/DATABASE/
#
Q000000001/4.282884/0000/R000000001
R000000005/1.000000/0000/Guesstimate
R000000006/1.000000/0000/Guesstimate
R000000004/2.222222/0112/R000000005/R000000006
R000000003/2.469136/0197/R000000004
R000000003/2.469136/0197/R000000004
M000000007/1.000000/0000/Sigma_BB-29509312
R000000002/3.854596/0275/R000000003/M000000007
R000000001/4.282884/0222/R000000002
R000000011/1.000000/0000/Guesstimate
R000000012/1.000000/0000/Guesstimate
R000000010/2.222222/0285/R000000011/R000000012
R000000009/2.469136/0279/R000000010
R000000009/2.469136/0279/R000000010
R000000008/5.486969/0275/R000000003/R000000009
R000000001/6.096632/0161/R000000008
Q000000002/5.993328/0000/R000000013
M000000016/1.000000/0000/Sigma_BB-28945063
R000000015/3.854596/0275/R000000003/M000000016
M000000018/1.000000/0000/Sigma_BB-28757047
R000000017/3.854596/0275/R000000003/M000000018
M000000020/1.000000/0000/Sigma_BB-28151472
R000000019/3.854596/0275/R000000003/M000000020
R000000017/4.282884/0299/R000000019
R000000015/4.282884/0287/R000000017
R000000021/1.000000/0000/Guesstimate
R000000014/5.393995/0003/R000000015/R000000021
M000000024/1.000000/0000/Sigma_BB-29509005
R000000023/3.854596/0275/R000000003/M000000024
R000000025/1.000000/0000/Guesstimate
R000000023/5.393995/0231/R000000002/R000000025
R000000022/4.282884/0082/R000000023
R000000026/1.000000/0000/Guesstimate
R000000022/5.393995/0112/R000000015/R000000026
R000000027/1.000000/0000/Guesstimate
R000000014/5.869872/0049/R000000022/R000000027
R000000013/5.993328/0059/R000000014
R000000029/1.000000/0000/Guesstimate
R000000028/5.393995/0112/R000000015/R000000029
R000000028/5.393995/0174/R000000017/R000000029
R000000013/5.993328/0147/R000000028
Q000000003/5.993328/0000/R000000013
<NEXT>