#
#  Reaction log file
#  Author: LigBuilder V3 User_Diana
#  Creation time: Thu Apr  9 00:57:49 2026
#  Format:
#  QueryMoleculeId/Cost/SynthesizeId/ReactantId1/ReactantId2/ReactantId3.....
#  Id prefix:
#  Q --- Query Molecule
#  M --- Material
#  R --- Reactant
#
Directory      result/synthesize_PfHDAC1/13/DATABASE/
#
Q000000001/7.178785/0000/R000000001
R000000004/1.000000/0000/Guesstimate
R000000003/1.111111/0283/R000000004
R000000005/1.000000/0000/Guesstimate
R000000002/2.345679/0285/R000000003/R000000005
R000000007/1.000000/0000/Guesstimate
R000000006/2.345679/0277/R000000003/R000000007
R000000002/2.606310/0295/R000000006
R000000011/1.000000/0000/Guesstimate
R000000012/1.000000/0000/Guesstimate
R000000010/2.222222/0277/R000000011/R000000012
M000000014/1.000000/0000/Sigma_BB-28823129
R000000013/1.111111/0222/M000000014
R000000009/3.703704/0231/R000000010/R000000013
R000000015/2.345679/0231/R000000012/R000000013
R000000009/3.717421/0277/R000000011/R000000015
R000000008/4.115227/0099/R000000009
R000000017/1.000000/0000/Guesstimate
R000000019/1.000000/0000/Guesstimate
R000000018/2.345679/0231/R000000019/R000000013
R000000016/3.717421/0004/R000000017/R000000018
R000000020/1.000000/0000/Guesstimate
R000000021/1.000000/0000/Guesstimate
R000000016/4.828533/0225/R000000020/R000000018/R000000021
R000000008/4.130468/0086/R000000016
R000000001/7.178785/0112/R000000002/R000000008
R000000022/6.721537/0112/R000000002/R000000009
R000000025/1.000000/0000/Guesstimate
R000000024/3.717421/0112/R000000002/R000000025
R000000023/4.130468/0040/R000000024
R000000027/1.000000/0000/Guesstimate
R000000026/3.717421/0112/R000000002/R000000027
R000000023/4.130468/0092/R000000026
R000000030/1.000000/0000/Guesstimate
R000000029/3.717421/0277/R000000015/R000000030
R000000028/4.130468/0073/R000000029
R000000032/1.000000/0000/Guesstimate
R000000031/3.717421/0277/R000000015/R000000032
R000000028/4.130468/0100/R000000031
R000000022/9.178819/0212/R000000023/R000000028
R000000001/7.468375/0099/R000000022
Q000000002/6.265983/0000/R000000033
R000000035/2.606310/0125/R000000002
R000000036/1.000000/0000/Guesstimate
R000000035/3.717421/0112/R000000002/R000000036
R000000034/2.895900/0040/R000000035
R000000038/3.717421/0004/R000000002/R000000017
R000000038/4.828533/0225/R000000002/R000000021/R000000020
R000000037/4.130468/0093/R000000038
M000000039/1.000000/0000/Sigma_BB-28247348
R000000037/5.241580/0212/R000000038/M000000039
R000000034/4.589409/0073/R000000037
M000000043/1.000000/0000/Sigma_BB-28758610
R000000042/2.222222/0231/R000000019/M000000043
R000000041/2.469136/0104/R000000042
R000000041/2.469136/0104/R000000042
R000000040/2.743484/0160/R000000041
M000000046/1.000000/0000/Sigma_BB-28758567
R000000045/2.222222/0231/R000000019/M000000046
R000000044/2.469136/0104/R000000045
R000000044/2.469136/0104/R000000045
R000000040/2.743484/0160/R000000044
R000000033/6.265983/0003/R000000034/R000000040
R000000049/1.000000/0000/Guesstimate
R000000048/2.345679/0285/R000000003/R000000049
R000000048/2.606310/0257/R000000002
R000000051/4.159427/0004/R000000017/R000000040
R000000051/5.270538/0225/R000000020/R000000040/R000000021
R000000050/4.621586/0086/R000000051
R000000050/4.621586/0091/R000000051
R000000047/7.741406/0112/R000000048/R000000050
R000000052/3.717421/0004/R000000048/R000000032
R000000054/1.000000/0000/Guesstimate
R000000053/3.717421/0004/R000000048/R000000054
R000000052/4.130468/0155/R000000053
R000000055/4.159427/0112/R000000036/R000000040
R000000057/1.000000/0000/Guesstimate
R000000056/4.159427/0004/R000000057/R000000040
R000000055/4.621586/0009/R000000056
R000000047/8.752054/0049/R000000052/R000000055
R000000033/8.601562/0041/R000000047
Q000000003/7.178785/0000/R000000001
<NEXT>