#
#  Reaction log file
#  Author: LigBuilder V3 User_Diana
#  Creation time: Thu Apr  9 01:01:30 2026
#  Format:
#  QueryMoleculeId/Cost/SynthesizeId/ReactantId1/ReactantId2/ReactantId3.....
#  Id prefix:
#  Q --- Query Molecule
#  M --- Material
#  R --- Reactant
#
Directory      result/synthesize_PfHDAC1/145/DATABASE/
#
Q000000001/4.282884/0000/R000000001
R000000005/1.000000/0000/Guesstimate
R000000006/1.000000/0000/Guesstimate
R000000004/2.222222/0112/R000000005/R000000006
R000000003/2.469136/0197/R000000004
R000000003/2.469136/0197/R000000004
M000000007/1.000000/0000/Sigma_BB-29539062
R000000002/3.854596/0275/R000000003/M000000007
M000000009/1.000000/0000/Sigma_BB-28200223
R000000008/3.854596/0275/R000000003/M000000009
M000000011/1.000000/0000/Sigma_BB-30664943
R000000010/3.854596/0275/R000000003/M000000011
R000000008/4.282884/0299/R000000010
R000000002/4.282884/0302/R000000008
R000000001/4.282884/0017/R000000002
M000000015/1.000000/0000/Sigma_BB-70314514
R000000014/1.111111/0239/M000000015
M000000016/1.000000/0000/Sigma_BB-112432168
R000000014/1.111111/0299/M000000016
R000000013/1.234568/0074/R000000014
M000000018/1.000000/0000/Sigma_BB-30506214
R000000017/1.111111/0299/M000000018
R000000017/1.234568/0287/R000000014
R000000019/1.000000/0000/Guesstimate
R000000013/2.345679/0112/R000000017/R000000019
R000000012/4.115227/0275/R000000003/R000000013
M000000022/1.000000/0000/Sigma_BB-28757048
R000000021/3.854596/0275/R000000003/M000000022
R000000020/4.282884/0074/R000000021
M000000024/1.000000/0000/Sigma_BB-28778212
R000000023/3.854596/0275/R000000003/M000000024
R000000023/4.282884/0287/R000000021
R000000020/5.393995/0112/R000000023/R000000019
R000000012/4.758760/0302/R000000020
R000000001/4.572474/0017/R000000012
Q000000002/4.572474/0000/R000000025
M000000029/1.000000/0000/Sigma_BB-28760241
R000000028/1.111111/0302/M000000029
R000000027/1.234568/0153/R000000028
M000000031/1.000000/0000/Sigma_BB-29509312
R000000030/1.111111/0287/M000000031
M000000032/1.000000/0000/Sigma_BB-135809836
R000000030/1.111111/0299/M000000032
R000000027/1.234568/0239/R000000030
R000000026/4.115227/0275/R000000003/R000000027
R000000033/3.978053/0275/R000000003/R000000030
R000000034/3.854596/0275/R000000003/M000000031
R000000033/4.282884/0287/R000000034
R000000026/4.420059/0239/R000000033
R000000025/4.572474/0222/R000000026
R000000036/1.234568/0222/R000000030
R000000037/1.111111/0222/M000000031
R000000036/1.234568/0287/R000000037
R000000035/4.115227/0275/R000000003/R000000036
R000000035/4.420059/0222/R000000033
R000000025/4.572474/0239/R000000035
Q000000003/4.282884/0000/R000000001
<NEXT>