#
#  Reaction log file
#  Author: LigBuilder V3 User_Diana
#  Creation time: Thu Apr  9 01:01:16 2026
#  Format:
#  QueryMoleculeId/Cost/SynthesizeId/ReactantId1/ReactantId2/ReactantId3.....
#  Id prefix:
#  Q --- Query Molecule
#  M --- Material
#  R --- Reactant
#
Directory      result/synthesize_PfHDAC1/129/DATABASE/
#
Q000000001/Analysis Failed
Q000000002/Analysis Failed
Q000000003/Analysis Failed
Q000000004/5.791800/0000/R000000001
M000000004/1.000000/0000/Sigma_BB-243479451
R000000006/1.000000/0000/Guesstimate
R000000005/1.111111/0283/R000000006
R000000003/2.345679/0004/M000000004/R000000005
M000000007/1.000000/0000/Sigma_BB-68216738
R000000009/1.000000/0000/Guesstimate
R000000008/2.345679/0004/R000000009/R000000005
R000000010/1.000000/0000/Guesstimate
R000000011/1.000000/0000/Guesstimate
R000000008/3.456790/0225/R000000010/R000000005/R000000011
R000000003/3.717421/0004/M000000007/R000000008
R000000013/1.000000/0000/Guesstimate
M000000015/1.000000/0000/Sigma_BB-28764950
R000000014/1.111111/0085/M000000015
R000000012/2.345679/0212/R000000013/R000000014
R000000017/1.000000/0000/Guesstimate
R000000016/2.222222/0004/R000000017/M000000015
R000000016/2.222222/0277/R000000017/M000000015
R000000012/2.469136/0197/R000000016
R000000002/5.212620/0212/R000000003/R000000012
R000000002/5.212620/0212/R000000003/R000000012
R000000001/5.791800/0028/R000000002
R000000020/2.222222/0212/R000000013/M000000015
R000000020/2.222222/0212/R000000013/M000000015
R000000019/2.469136/0085/R000000020
R000000022/1.000000/0000/Guesstimate
R000000021/2.345679/0212/R000000022/R000000014
R000000021/2.345679/0212/R000000022/R000000014
R000000019/2.606310/0041/R000000021
R000000018/5.349795/0212/R000000003/R000000019
R000000018/5.349795/0212/R000000003/R000000019
R000000001/5.944217/0028/R000000018
<NEXT>