#
#  Reaction log file
#  Author: LigBuilder V3 User_Diana
#  Creation time: Thu Apr  9 00:59:11 2026
#  Format:
#  QueryMoleculeId/Cost/SynthesizeId/ReactantId1/ReactantId2/ReactantId3.....
#  Id prefix:
#  Q --- Query Molecule
#  M --- Material
#  R --- Reactant
#
Directory      result/synthesize_PfHDAC1/60/DATABASE/
#
Q000000001/3.854596/0000/R000000001
M000000004/1.000000/0000/Sigma_BB-183986327
R000000005/1.000000/0000/Guesstimate
R000000003/2.222222/0003/M000000004/R000000005
M000000007/1.000000/0000/Sigma_BB-27738953
R000000006/1.111111/0085/M000000007
M000000008/1.000000/0000/Sigma_BB-28151472
R000000009/1.000000/0000/Guesstimate
R000000006/2.222222/0004/M000000008/R000000009
R000000010/1.000000/0000/Guesstimate
R000000003/2.345679/0049/R000000006/R000000010
R000000002/2.469136/0147/R000000003
R000000011/2.222222/0003/M000000008/R000000009
M000000012/1.000000/0000/Sigma_BB-27325035
M000000013/1.000000/0000/Sigma_BB-28775620
R000000011/2.222222/0049/M000000012/M000000013
R000000002/2.469136/0147/R000000011
R000000014/1.000000/0000/Guesstimate
R000000001/3.854596/0004/R000000002/R000000014
M000000017/1.000000/0000/Sigma_BB-101355943
M000000019/1.000000/0000/Sigma_BB-70700816
R000000018/1.111111/0086/M000000019
R000000018/1.111111/0091/M000000019
R000000016/2.345679/0175/M000000017/R000000018
R000000021/1.000000/0000/Guesstimate
R000000020/3.854596/0301/R000000002/R000000021
R000000020/3.854596/0301/R000000002/R000000021
R000000016/4.282884/0039/R000000020
R000000015/2.606310/0024/R000000016
R000000022/1.000000/0000/Guesstimate
R000000015/3.854596/0004/R000000002/R000000022
R000000023/1.000000/0000/Guesstimate
R000000001/4.007011/0004/R000000015/R000000023
Q000000002/2.606310/0000/R000000024
M000000026/1.000000/0000/Sigma_BB-28768404
R000000025/2.345679/0175/M000000026/R000000018
R000000028/1.111111/0114/M000000026
R000000027/2.345679/0004/R000000028/R000000022
R000000030/1.000000/0000/Guesstimate
R000000029/2.345679/0277/R000000028/R000000030
R000000031/1.000000/0000/Guesstimate
R000000029/2.345679/0301/R000000028/R000000031
R000000027/2.606310/0024/R000000029
M000000032/1.000000/0000/Sigma_BB-28776399
R000000025/3.717421/0212/R000000027/M000000032
R000000024/2.606310/0024/R000000025
R000000035/1.111111/0213/M000000026
R000000034/2.345679/0003/R000000035/R000000005
R000000036/1.111111/0287/M000000026
M000000037/1.000000/0000/Sigma_BB-117836545
R000000036/1.111111/0299/M000000037
R000000038/1.000000/0000/Guesstimate
R000000034/2.345679/0112/R000000036/R000000038
R000000033/2.606310/0147/R000000034
R000000039/2.345679/0003/R000000036/R000000009
R000000040/1.234568/0125/R000000036
R000000041/1.000000/0000/Guesstimate
R000000040/2.345679/0112/R000000036/R000000041
R000000039/2.482853/0049/R000000040/M000000013
R000000033/2.606310/0147/R000000039
R000000024/4.007011/0004/R000000033/R000000022
Q000000003/4.115227/0000/R000000042
M000000045/1.000000/0000/Sigma_BB-30431413
R000000046/1.000000/0000/Guesstimate
R000000044/2.222222/0122/M000000045/R000000046
M000000048/1.000000/0000/Sigma_BB-28760249
R000000049/1.000000/0000/Guesstimate
R000000047/2.222222/0112/M000000048/R000000049
R000000047/2.222222/0174/M000000017/R000000049
R000000044/2.469136/0147/R000000047
R000000043/3.703704/0175/R000000044/R000000018
R000000050/2.606310/0114/R000000016
M000000054/1.000000/0000/Sigma_BB-28502776
R000000055/1.000000/0000/Guesstimate
R000000053/2.222222/0138/M000000054/R000000055
R000000053/2.469136/0114/R000000003
R000000052/2.469136/0147/R000000053
R000000052/2.743484/0114/R000000002
R000000051/3.854596/0301/R000000052/R000000021
R000000051/4.282884/0114/R000000020
R000000050/4.282884/0039/R000000051
R000000043/4.007011/0122/R000000050/R000000046
R000000042/4.115227/0024/R000000043
R000000056/3.854596/0122/R000000052/R000000046
R000000058/2.222222/0175/M000000004/R000000049
R000000058/2.222222/0290/M000000004/R000000049
R000000057/3.580247/0003/R000000058/R000000005
R000000059/2.469136/0091/R000000058
R000000060/1.000000/0000/Guesstimate
R000000057/3.854596/0112/R000000059/R000000060
R000000056/3.978053/0147/R000000057
R000000042/5.393995/0004/R000000056/R000000022
Q000000004/4.115227/0000/R000000042
<NEXT>