#
#  Reaction log file
#  Author: LigBuilder V3 User_Diana
#  Creation time: Thu Apr  9 00:59:28 2026
#  Format:
#  QueryMoleculeId/Cost/SynthesizeId/ReactantId1/ReactantId2/ReactantId3.....
#  Id prefix:
#  Q --- Query Molecule
#  M --- Material
#  R --- Reactant
#
Directory      result/synthesize_PfHDAC1/62/DATABASE/
#
Q000000001/2.606310/0000/R000000001
M000000003/1.000000/0000/Sigma_BB-101355943
M000000005/1.000000/0000/Sigma_BB-70700816
R000000004/1.111111/0086/M000000005
R000000007/1.000000/0000/Guesstimate
R000000008/1.000000/0000/Guesstimate
R000000006/2.222222/0277/R000000007/R000000008
R000000009/1.000000/0000/Guesstimate
R000000010/1.000000/0000/Guesstimate
R000000006/2.222222/0301/R000000009/R000000010
R000000004/2.469136/0039/R000000006
R000000002/2.345679/0175/M000000003/R000000004
R000000011/3.580247/0175/M000000003/R000000006
M000000012/1.000000/0000/Sigma_BB-26890051
R000000014/1.000000/0000/Guesstimate
R000000013/2.222222/0004/R000000014/R000000010
R000000015/1.000000/0000/Guesstimate
R000000016/1.000000/0000/Guesstimate
R000000013/3.333333/0225/R000000015/R000000010/R000000016
R000000011/3.580247/0212/M000000012/R000000013
R000000002/3.978053/0039/R000000011
R000000001/2.606310/0024/R000000002
M000000019/1.000000/0000/Sigma_BB-183986327
R000000020/1.000000/0000/Guesstimate
R000000018/2.222222/0003/M000000019/R000000020
M000000022/1.000000/0000/Sigma_BB-27738953
R000000021/1.111111/0085/M000000022
M000000023/1.000000/0000/Sigma_BB-28151472
R000000024/1.000000/0000/Guesstimate
R000000021/2.222222/0004/M000000023/R000000024
R000000025/1.000000/0000/Guesstimate
R000000018/2.345679/0049/R000000021/R000000025
R000000017/2.469136/0147/R000000018
R000000026/2.222222/0003/M000000023/R000000024
M000000027/1.000000/0000/Sigma_BB-27325035
M000000028/1.000000/0000/Sigma_BB-28775620
R000000026/2.222222/0049/M000000027/M000000028
R000000017/2.469136/0147/R000000026
R000000001/3.854596/0004/R000000017/R000000014
Q000000002/2.606310/0000/R000000001
Q000000003/2.606310/0000/R000000001
<NEXT>