#
#  Reaction log file
#  Author: LigBuilder V3 User_Diana
#  Creation time: Thu Apr  9 01:02:37 2026
#  Format:
#  QueryMoleculeId/Cost/SynthesizeId/ReactantId1/ReactantId2/ReactantId3.....
#  Id prefix:
#  Q --- Query Molecule
#  M --- Material
#  R --- Reactant
#
Directory      result/synthesize_PfHDAC1/194/DATABASE/
#
Q000000001/Analysis Failed
Q000000002/Analysis Failed
Q000000003/4.572474/0000/R000000001
R000000005/1.000000/0000/Guesstimate
R000000006/1.000000/0000/Guesstimate
R000000004/2.222222/0004/R000000005/R000000006
R000000003/2.469136/0153/R000000004
R000000007/2.469136/0086/R000000004
R000000007/2.469136/0091/R000000004
R000000003/2.743484/0154/R000000007
M000000010/1.000000/0000/Sigma_BB-311676913
R000000009/1.111111/0287/M000000010
R000000008/1.234568/0299/R000000009
M000000013/1.000000/0000/Sigma_BB-28769357
R000000012/1.111111/0104/M000000013
R000000012/1.111111/0104/M000000013
R000000014/1.000000/0000/Guesstimate
R000000011/2.345679/0212/R000000012/R000000014
R000000011/2.345679/0212/R000000012/R000000014
R000000008/2.606310/0160/R000000011
R000000002/4.115227/0274/R000000003/R000000008
R000000001/4.572474/0260/R000000002
R000000018/1.000000/0000/Guesstimate
R000000017/2.222222/0112/R000000018/R000000006
R000000016/2.469136/0197/R000000017
R000000016/2.469136/0197/R000000017
R000000015/5.349795/0275/R000000016/R000000011
M000000021/1.000000/0000/Sigma_BB-244164693
R000000020/1.111111/0104/M000000021
R000000020/1.111111/0104/M000000021
R000000019/3.978053/0275/R000000016/R000000020
R000000022/1.000000/0000/Guesstimate
R000000015/5.531170/0301/R000000019/R000000022
R000000001/5.944217/0160/R000000015
<NEXT>