#
#  Reaction log file
#  Author: LigBuilder V3 User_Diana
#  Creation time: Thu Apr  9 01:03:20 2026
#  Format:
#  QueryMoleculeId/Cost/SynthesizeId/ReactantId1/ReactantId2/ReactantId3.....
#  Id prefix:
#  Q --- Query Molecule
#  M --- Material
#  R --- Reactant
#
Directory      result/synthesize_PfHDAC1/232/DATABASE/
#
Q000000001/6.265983/0000/R000000001
R000000005/1.000000/0000/Guesstimate
M000000007/1.000000/0000/Sigma_BB-28764950
R000000006/1.111111/0085/M000000007
R000000004/2.345679/0212/R000000005/R000000006
R000000009/1.000000/0000/Guesstimate
R000000008/2.222222/0004/R000000009/M000000007
R000000008/2.222222/0277/R000000009/M000000007
R000000004/2.469136/0197/R000000008
R000000003/2.606310/0197/R000000004
R000000012/1.000000/0000/Guesstimate
R000000013/1.000000/0000/Guesstimate
R000000011/2.222222/0274/R000000012/R000000013
R000000010/2.469136/0122/R000000011
R000000010/9.100000/0090/R000000014
R000000002/5.639385/0301/R000000003/R000000010
R000000002/5.639385/0301/R000000003/R000000010
R000000001/6.265983/0028/R000000002
R000000018/2.222222/0212/R000000005/M000000007
R000000018/2.222222/0212/R000000005/M000000007
R000000017/2.469136/0085/R000000018
R000000020/1.000000/0000/Guesstimate
R000000019/3.580247/0004/R000000018/R000000020
R000000017/3.978053/0197/R000000019
R000000016/2.743484/0197/R000000017
R000000015/5.791801/0301/R000000016/R000000010
R000000015/5.791801/0301/R000000016/R000000010
R000000001/6.435335/0028/R000000015
Q000000002/6.623501/0000/R000000021
R000000027/1.000000/0000/Guesstimate
R000000026/1.111111/0054/R000000027
R000000028/1.000000/0000/Guesstimate
R000000029/1.000000/0000/Guesstimate
R000000026/2.222222/0004/R000000028/R000000029
R000000025/1.234568/0009/R000000026
R000000030/1.000000/0000/Guesstimate
R000000025/2.222222/0049/R000000027/R000000030
M000000031/1.000000/0000/Sigma_BB-28798940
R000000024/2.482853/0122/R000000025/M000000031
R000000024/2.482853/0122/R000000025/M000000031
R000000023/2.758726/0079/R000000024
R000000034/1.000000/0000/Guesstimate
R000000033/1.111111/0198/R000000034
R000000035/1.000000/0000/Guesstimate
R000000033/1.111111/0198/R000000035
R000000036/1.000000/0000/Guesstimate
R000000032/2.345679/0122/R000000033/R000000036
R000000038/1.000000/0000/Guesstimate
R000000037/2.345679/0301/R000000033/R000000038
R000000037/2.345679/0301/R000000033/R000000038
R000000032/2.606310/0139/R000000037
R000000040/1.000000/0000/Guesstimate
R000000039/2.222222/0001/R000000040/R000000030
R000000041/1.000000/0000/Guesstimate
R000000039/2.222222/0004/R000000041/R000000030
R000000023/5.075447/0042/R000000032/R000000039
R000000044/1.000000/0000/Guesstimate
R000000046/1.000000/0000/Guesstimate
R000000045/1.111111/0228/R000000046
R000000047/1.000000/0000/Guesstimate
R000000045/2.222222/0122/R000000047/R000000036
R000000043/2.345679/0301/R000000044/R000000045
R000000043/2.345679/0301/R000000044/R000000045
R000000042/2.606310/0090/R000000043
R000000049/1.000000/0000/Guesstimate
R000000048/2.345679/0301/R000000049/R000000045
R000000048/2.345679/0301/R000000049/R000000045
R000000050/1.000000/0000/Guesstimate
R000000042/3.717421/0122/R000000048/R000000050
R000000022/5.961151/0274/R000000023/R000000042
R000000053/1.000000/0000/Guesstimate
R000000052/2.222222/0301/R000000009/R000000053
R000000052/2.222222/0301/R000000009/R000000053
R000000051/2.469136/0090/R000000052
M000000055/1.000000/0000/Sigma_BB-28775620
R000000054/2.222222/0049/R000000027/M000000055
R000000056/1.000000/0000/Guesstimate
R000000054/2.222222/0112/R000000028/R000000056
R000000051/2.469136/0099/R000000054
R000000059/1.000000/0000/Guesstimate
R000000058/3.717421/0274/R000000043/R000000059
R000000057/4.130468/0090/R000000058
R000000061/1.000000/0000/Guesstimate
R000000060/4.007011/0274/R000000042/R000000061
R000000057/4.452235/0082/R000000060
R000000022/7.332894/0277/R000000051/R000000057
R000000021/6.623501/0122/R000000022
R000000066/1.000000/0000/Guesstimate
R000000065/2.222222/0122/R000000066/R000000050
R000000067/1.000000/0000/Guesstimate
R000000065/2.222222/0279/R000000067/R000000061
R000000068/1.000000/0000/Guesstimate
R000000064/3.580247/0274/R000000065/R000000068
R000000063/5.212621/0301/R000000064/R000000045
R000000070/1.000000/0000/Guesstimate
R000000069/5.089163/0301/R000000064/R000000070
R000000069/5.089163/0301/R000000064/R000000070
R000000071/1.000000/0000/Guesstimate
R000000063/6.765737/0301/R000000069/R000000071
R000000062/7.163543/0122/R000000025/R000000063
R000000062/7.163543/0122/R000000025/R000000063
R000000021/7.959493/0122/R000000062
Q000000003/4.420058/0000/R000000072
R000000076/1.000000/0000/Guesstimate
R000000075/1.111111/0228/R000000076
R000000077/1.000000/0000/Guesstimate
R000000075/2.222222/0122/R000000077/R000000036
R000000074/1.234568/0090/R000000075
R000000078/2.222222/0003/R000000005/R000000050
R000000079/1.000000/0000/Guesstimate
R000000078/2.222222/0112/R000000009/R000000079
R000000074/2.469136/0099/R000000078
R000000082/1.000000/0000/Guesstimate
R000000081/1.111111/0218/R000000082
R000000081/1.111111/0283/R000000082
R000000083/1.000000/0000/Guesstimate
R000000080/2.345679/0277/R000000081/R000000083
R000000085/1.000000/0000/Guesstimate
R000000084/2.345679/0277/R000000081/R000000085
R000000080/2.606310/0300/R000000084
R000000073/3.978052/0277/R000000074/R000000080
R000000086/2.606310/0277/R000000074/R000000081
R000000087/1.000000/0000/Guesstimate
R000000088/2.345679/0277/R000000061/R000000081
R000000086/3.717421/0279/R000000087/R000000088
R000000073/4.007011/0277/R000000086/R000000083
R000000072/4.420058/0099/R000000073
R000000090/1.000000/0000/Guesstimate
R000000092/3.717421/0277/M000000055/R000000080
R000000091/4.130468/0099/R000000092
R000000089/5.700521/0049/R000000090/R000000091
R000000093/1.000000/0000/Guesstimate
R000000095/3.717421/0277/R000000056/R000000080
R000000094/4.130468/0099/R000000095
R000000096/4.130468/0059/R000000095
R000000097/1.000000/0000/Guesstimate
R000000096/5.241580/0224/R000000095/R000000097
R000000094/4.589409/0188/R000000096
R000000089/5.700521/0112/R000000093/R000000094
R000000072/6.333912/0099/R000000089
<NEXT>