#
#  Reaction log file
#  Author: LigBuilder V3 User_Diana
#  Creation time: Thu Apr  9 01:02:30 2026
#  Format:
#  QueryMoleculeId/Cost/SynthesizeId/ReactantId1/ReactantId2/ReactantId3.....
#  Id prefix:
#  Q --- Query Molecule
#  M --- Material
#  R --- Reactant
#
Directory      result/synthesize_PfHDAC1/198/DATABASE/
#
Q000000001/6.096632/0000/R000000001
R000000005/1.000000/0000/Guesstimate
R000000006/1.000000/0000/Guesstimate
R000000004/2.222222/0112/R000000005/R000000006
R000000003/2.469136/0197/R000000004
R000000003/2.469136/0197/R000000004
R000000009/1.000000/0000/Guesstimate
R000000010/1.000000/0000/Guesstimate
R000000008/2.222222/0158/R000000009/R000000010
R000000008/2.222222/0158/R000000009/R000000010
R000000007/2.469136/0188/R000000008
R000000012/1.000000/0000/Guesstimate
R000000011/2.222222/0158/R000000009/R000000012
R000000011/2.222222/0158/R000000009/R000000012
R000000007/2.469136/0188/R000000011
R000000002/5.486969/0275/R000000003/R000000007
R000000001/6.096632/0160/R000000002
R000000016/1.000000/0000/Guesstimate
R000000015/2.222222/0004/R000000016/R000000006
R000000014/2.469136/0153/R000000015
R000000017/2.469136/0086/R000000015
R000000017/2.469136/0091/R000000015
R000000014/2.743484/0154/R000000017
R000000018/2.743484/0160/R000000007
R000000019/9.600000/0000/Guesstimate
R000000018/9.600000/0299/R000000019
R000000013/5.791801/0274/R000000014/R000000018
R000000001/6.435335/0260/R000000013
Q000000002/6.096632/0000/R000000001
Q000000003/4.572474/0000/R000000020
M000000024/1.000000/0000/Sigma_BB-311676913
R000000023/1.111111/0287/M000000024
R000000022/1.234568/0299/R000000023
M000000027/1.000000/0000/Sigma_BB-28769357
R000000026/1.111111/0104/M000000027
R000000026/1.111111/0104/M000000027
R000000028/1.000000/0000/Guesstimate
R000000025/2.345679/0212/R000000026/R000000028
R000000025/2.345679/0212/R000000026/R000000028
R000000022/2.606310/0160/R000000025
R000000021/4.115227/0274/R000000014/R000000022
R000000020/4.572474/0260/R000000021
R000000029/5.349795/0275/R000000003/R000000025
M000000032/1.000000/0000/Sigma_BB-244164693
R000000031/3.854596/0275/R000000003/M000000032
R000000030/4.282884/0104/R000000031
R000000030/4.282884/0104/R000000031
R000000033/1.000000/0000/Guesstimate
R000000029/5.869872/0301/R000000030/R000000033
R000000020/5.944217/0160/R000000029
Q000000004/6.096632/0000/R000000034
R000000038/1.000000/0000/Guesstimate
R000000039/1.000000/0000/Guesstimate
R000000037/2.222222/0158/R000000038/R000000039
R000000037/2.222222/0158/R000000038/R000000039
R000000036/2.469136/0188/R000000037
R000000040/2.222222/0158/R000000038/R000000039
R000000040/2.222222/0158/R000000038/R000000039
R000000036/2.469136/0188/R000000040
R000000035/5.486969/0275/R000000003/R000000036
R000000034/6.096632/0160/R000000035
R000000044/1.000000/0000/Guesstimate
R000000043/2.222222/0158/R000000009/R000000044
R000000043/2.222222/0158/R000000009/R000000044
R000000042/2.469136/0188/R000000043
R000000046/1.000000/0000/Guesstimate
R000000045/2.222222/0158/R000000009/R000000046
R000000045/2.222222/0158/R000000009/R000000046
R000000042/2.469136/0188/R000000045
R000000041/5.486969/0275/R000000003/R000000042
R000000034/6.096632/0160/R000000041
<NEXT>