#
#  Reaction log file
#  Author: LigBuilder V3 User_Diana
#  Creation time: Thu Apr  9 01:01:23 2026
#  Format:
#  QueryMoleculeId/Cost/SynthesizeId/ReactantId1/ReactantId2/ReactantId3.....
#  Id prefix:
#  Q --- Query Molecule
#  M --- Material
#  R --- Reactant
#
Directory      result/synthesize_PfHDAC1/150/DATABASE/
#
Q000000001/Analysis Failed
Q000000002/7.207744/0000/R000000001
R000000002/1.000000/0000/Guesstimate
M000000006/1.000000/0000/Sigma_BB-28762337
M000000007/1.000000/0000/Sigma_BB-28105749
R000000005/2.222222/0212/M000000006/M000000007
R000000005/2.222222/0212/M000000006/M000000007
R000000009/1.000000/0000/Guesstimate
R000000010/1.000000/0000/Guesstimate
R000000008/2.222222/0004/R000000009/R000000010
R000000004/4.938272/0212/R000000005/R000000008
R000000012/1.000000/0000/Guesstimate
M000000013/1.000000/0000/Sigma_BB-28775620
R000000011/2.222222/0003/R000000012/M000000013
R000000014/1.000000/0000/Guesstimate
R000000015/1.000000/0000/Guesstimate
R000000011/2.222222/0004/R000000014/R000000015
M000000018/1.000000/0000/Sigma_BB-28247348
R000000017/1.111111/0085/M000000018
R000000019/1.000000/0000/Guesstimate
R000000017/2.222222/0004/R000000015/R000000019
R000000016/3.703704/0212/R000000017/R000000008
R000000016/3.703704/0212/R000000017/R000000008
R000000004/6.584363/0212/R000000011/R000000016
R000000003/5.486969/0296/R000000004
R000000003/5.486969/0296/R000000004
R000000001/7.207744/0122/R000000002/R000000003
R000000001/7.207744/0122/R000000002/R000000003
Q000000003/7.315958/0000/R000000020
R000000024/1.000000/0000/Guesstimate
R000000025/1.000000/0000/Guesstimate
R000000026/1.000000/0000/Guesstimate
R000000023/3.333333/0225/R000000024/R000000025/R000000026
R000000023/3.333333/0225/R000000024/R000000025/R000000026
R000000022/3.703704/0099/R000000023
R000000022/3.703704/0099/R000000023
R000000028/1.000000/0000/Guesstimate
R000000029/1.000000/0000/Guesstimate
R000000027/2.222222/0119/R000000028/R000000029
R000000031/1.000000/0000/Guesstimate
R000000030/2.222222/0119/R000000031/R000000029
R000000030/2.222222/0276/R000000024/R000000029
R000000027/2.469136/0041/R000000030
R000000021/6.584363/0159/R000000022/R000000027
R000000020/7.315958/0153/R000000021
R000000033/4.115227/0091/R000000022
R000000034/3.703704/0086/R000000023
R000000034/3.703704/0091/R000000023
R000000033/4.115227/0099/R000000034
R000000032/7.041610/0159/R000000033/R000000027
R000000020/7.824012/0154/R000000032
Q000000004/Analysis Failed
<NEXT>