#
#  Reaction log file
#  Author: LigBuilder V3 User_Diana
#  Creation time: Thu Apr  9 01:02:54 2026
#  Format:
#  QueryMoleculeId/Cost/SynthesizeId/ReactantId1/ReactantId2/ReactantId3.....
#  Id prefix:
#  Q --- Query Molecule
#  M --- Material
#  R --- Reactant
#
Directory      result/synthesize_PfHDAC1/214/DATABASE/
#
Q000000001/7.807076/0000/R000000001
R000000006/1.000000/0000/Guesstimate
R000000007/1.000000/0000/Guesstimate
R000000005/2.222222/0112/R000000006/R000000007
R000000004/2.469136/0197/R000000005
R000000004/2.469136/0197/R000000005
M000000008/1.000000/0000/Sigma_BB-70737316
R000000003/3.854596/0275/R000000004/M000000008
M000000010/1.000000/0000/Sigma_BB-70380583
R000000009/3.854596/0275/R000000004/M000000010
R000000003/4.282884/0299/R000000009
R000000013/1.000000/0000/Guesstimate
R000000014/1.000000/0000/Guesstimate
R000000012/2.222222/0119/R000000013/R000000014
R000000015/1.000000/0000/Guesstimate
R000000012/2.222222/0276/R000000015/R000000014
R000000011/2.469136/0112/R000000012
R000000017/1.000000/0000/Guesstimate
R000000018/1.000000/0000/Guesstimate
R000000016/2.222222/0001/R000000017/R000000018
R000000016/2.222222/0004/R000000017/R000000014
R000000011/2.469136/0119/R000000016
R000000002/7.026369/0231/R000000003/R000000011
R000000020/3.580247/0231/M000000008/R000000012
R000000019/3.978053/0112/R000000020
R000000021/3.580247/0231/M000000008/R000000016
R000000019/3.978053/0119/R000000021
R000000002/7.163543/0275/R000000004/R000000019
R000000001/7.807076/0099/R000000002
R000000025/1.000000/0000/Guesstimate
R000000026/1.000000/0000/Guesstimate
R000000024/2.222222/0279/R000000025/R000000026
R000000024/2.222222/0279/R000000025/R000000026
R000000023/2.469136/0024/R000000024
R000000028/1.000000/0000/Guesstimate
R000000027/2.222222/0279/R000000028/R000000026
R000000027/2.222222/0279/R000000028/R000000026
R000000023/2.469136/0040/R000000027
R000000022/7.026369/0231/R000000003/R000000023
R000000030/3.580247/0231/M000000008/R000000024
R000000029/3.978053/0024/R000000030
R000000031/3.580247/0231/M000000008/R000000027
R000000029/3.978053/0040/R000000031
R000000022/7.163543/0275/R000000004/R000000029
R000000001/7.807076/0119/R000000022
Q000000002/6.096632/0000/R000000032
R000000036/1.000000/0000/Guesstimate
R000000035/2.222222/0231/M000000008/R000000036
R000000034/2.469136/0198/R000000035
R000000038/1.000000/0000/Guesstimate
R000000037/2.222222/0231/M000000008/R000000038
R000000034/2.469136/0245/R000000037
R000000033/5.486969/0275/R000000004/R000000034
R000000032/6.096632/0219/R000000033
R000000032/6.096632/0219/R000000033
Q000000003/6.096632/0000/R000000032
<NEXT>