#
#  Reaction log file
#  Author: LigBuilder V3 User_Diana
#  Creation time: Thu Apr  9 01:03:21 2026
#  Format:
#  QueryMoleculeId/Cost/SynthesizeId/ReactantId1/ReactantId2/ReactantId3.....
#  Id prefix:
#  Q --- Query Molecule
#  M --- Material
#  R --- Reactant
#
Directory      result/synthesize_PfHDAC1/240/DATABASE/
#
Q000000001/5.393995/0000/R000000001
R000000005/1.000000/0000/Guesstimate
R000000006/1.000000/0000/Guesstimate
R000000004/2.222222/0112/R000000005/R000000006
R000000003/2.469136/0197/R000000004
M000000007/1.000000/0000/Sigma_BB-28945063
R000000002/3.854596/0275/R000000003/M000000007
M000000009/1.000000/0000/Sigma_BB-28757047
R000000008/3.854596/0275/R000000003/M000000009
M000000011/1.000000/0000/Sigma_BB-28151472
R000000010/3.854596/0275/R000000003/M000000011
R000000008/4.282884/0299/R000000010
R000000002/4.282884/0287/R000000008
R000000012/1.000000/0000/Guesstimate
R000000001/5.393995/0004/R000000002/R000000012
M000000015/1.000000/0000/Sigma_BB-28766735
R000000016/1.000000/0000/Guesstimate
R000000014/2.222222/0119/M000000015/R000000016
R000000018/1.000000/0000/Guesstimate
R000000017/2.222222/0175/M000000009/R000000018
R000000017/2.222222/0290/M000000009/R000000018
R000000014/2.469136/0039/R000000017
R000000013/5.212621/0275/R000000003/R000000014
R000000019/1.000000/0000/Guesstimate
R000000013/5.393995/0175/R000000008/R000000019
R000000001/5.791801/0024/R000000013
Q000000002/5.993328/0000/R000000020
R000000022/1.000000/0000/Guesstimate
R000000021/5.393995/0112/R000000002/R000000022
R000000021/5.393995/0174/R000000008/R000000022
R000000020/5.993328/0147/R000000021
R000000024/1.000000/0000/Guesstimate
R000000023/5.393995/0003/R000000002/R000000024
R000000025/1.000000/0000/Guesstimate
R000000023/5.393995/0175/R000000008/R000000025
R000000020/5.993328/0147/R000000023
Q000000003/5.993328/0000/R000000026
R000000028/1.000000/0000/Guesstimate
R000000027/5.393995/0112/R000000002/R000000028
M000000031/1.000000/0000/Sigma_BB-29509005
R000000030/3.854596/0275/R000000003/M000000031
R000000029/4.282884/0082/R000000030
R000000032/1.000000/0000/Guesstimate
R000000029/5.393995/0112/R000000002/R000000032
R000000033/1.000000/0000/Guesstimate
R000000027/5.869872/0138/R000000029/R000000033
R000000026/5.993328/0147/R000000027
R000000035/1.000000/0000/Guesstimate
R000000034/5.393995/0175/R000000008/R000000035
R000000036/4.282884/0114/R000000008
M000000038/1.000000/0000/Sigma_BB-28799055
R000000037/3.854596/0275/R000000003/M000000038
R000000036/4.282884/0155/R000000037
R000000034/5.869872/0003/R000000036/R000000024
R000000026/5.993328/0147/R000000034
Q000000004/6.096632/0000/R000000039
R000000043/1.000000/0000/Guesstimate
R000000044/1.000000/0000/Guesstimate
R000000042/2.222222/0158/R000000043/R000000044
R000000042/2.222222/0158/R000000043/R000000044
R000000041/2.469136/0188/R000000042
R000000046/1.000000/0000/Guesstimate
R000000045/2.222222/0158/R000000043/R000000046
R000000045/2.222222/0158/R000000043/R000000046
R000000041/2.469136/0188/R000000045
R000000040/5.486969/0275/R000000003/R000000041
R000000039/6.096632/0160/R000000040
R000000050/1.000000/0000/Guesstimate
R000000049/2.222222/0004/R000000050/R000000006
R000000048/2.469136/0153/R000000049
R000000051/2.469136/0086/R000000049
R000000051/2.469136/0091/R000000049
R000000048/2.743484/0154/R000000051
R000000052/2.743484/0160/R000000041
R000000053/9.600000/0000/Guesstimate
R000000052/9.600000/0299/R000000053
R000000047/5.791801/0274/R000000048/R000000052
R000000039/6.435335/0260/R000000047
<NEXT>