#
#  Reaction log file
#  Author: LigBuilder V3 User_Diana
#  Creation time: Thu Apr  9 00:57:49 2026
#  Format:
#  QueryMoleculeId/Cost/SynthesizeId/ReactantId1/ReactantId2/ReactantId3.....
#  Id prefix:
#  Q --- Query Molecule
#  M --- Material
#  R --- Reactant
#
Directory      result/synthesize_PfHDAC1/30/DATABASE/
#
Q000000001/7.348135/0000/R000000001
R000000006/1.000000/0000/Guesstimate
R000000005/1.111111/0283/R000000006
R000000007/1.000000/0000/Guesstimate
R000000004/2.345679/0112/R000000005/R000000007
R000000003/2.606310/0197/R000000004
R000000008/1.000000/0000/Guesstimate
R000000002/4.007011/0285/R000000003/R000000008
R000000011/1.000000/0000/Guesstimate
R000000010/4.007011/0277/R000000003/R000000011
R000000012/1.000000/0000/Guesstimate
R000000009/5.563346/0274/R000000010/R000000012
R000000014/1.000000/0000/Guesstimate
R000000013/4.007011/0277/R000000003/R000000014
R000000015/1.000000/0000/Guesstimate
R000000009/5.563346/0301/R000000013/R000000015
R000000002/6.181496/0295/R000000009
M000000019/1.000000/0000/Sigma_BB-243391159
R000000018/1.111111/0295/M000000019
R000000018/9.700000/0245/R000000020
R000000021/1.000000/0000/Guesstimate
R000000017/2.345679/0274/R000000018/R000000021
R000000016/2.606310/0219/R000000017
R000000016/2.606310/0219/R000000017
R000000001/7.348135/0112/R000000002/R000000016
R000000025/1.000000/0000/Guesstimate
R000000024/4.007011/0277/R000000003/R000000025
R000000023/4.452235/0217/R000000024
R000000027/1.000000/0000/Guesstimate
R000000026/4.007011/0277/R000000003/R000000027
R000000026/4.452235/0156/R000000024
R000000023/4.452235/0260/R000000026
R000000022/7.842828/0112/R000000023/R000000016
R000000001/9.825365/0122/R000000022/R000000015
Q000000002/6.792853/0000/R000000028
R000000033/1.000000/0000/Guesstimate
R000000032/2.345679/0285/R000000005/R000000033
R000000031/2.606310/0125/R000000032
R000000034/1.000000/0000/Guesstimate
R000000031/3.717421/0112/R000000032/R000000034
R000000030/2.895900/0040/R000000031
R000000036/1.000000/0000/Guesstimate
R000000035/3.717421/0004/R000000032/R000000036
R000000037/1.000000/0000/Guesstimate
R000000035/4.828533/0225/R000000032/R000000037/R000000012
R000000030/4.130468/0216/R000000035
R000000041/1.000000/0000/Guesstimate
R000000040/1.111111/0283/R000000041
M000000042/1.000000/0000/Sigma_BB-30431413
R000000039/2.345679/0277/R000000040/M000000042
R000000038/2.606310/0099/R000000039
R000000045/1.000000/0000/Guesstimate
R000000046/1.000000/0000/Guesstimate
R000000044/2.222222/0274/R000000045/R000000046
R000000043/2.469136/0285/R000000044
M000000047/1.000000/0000/Sigma_BB-101355943
R000000038/3.854596/0175/R000000043/M000000047
R000000029/6.113567/0003/R000000030/R000000038
R000000049/1.000000/0000/Guesstimate
R000000048/3.717421/0004/R000000032/R000000049
R000000048/4.130468/0085/R000000035
R000000051/2.606310/0125/R000000039
R000000051/3.717421/0112/R000000034/R000000039
R000000050/2.895900/0099/R000000051
R000000053/1.000000/0000/Guesstimate
R000000052/4.007011/0004/R000000053/R000000038
R000000050/4.452235/0009/R000000052
R000000029/7.348135/0049/R000000048/R000000050
R000000028/6.792853/0041/R000000029
R000000056/1.000000/0000/Guesstimate
R000000055/5.563346/0174/R000000002/R000000056
R000000057/1.111111/0287/R000000056
R000000055/5.686803/0112/R000000002/R000000057
R000000054/6.181496/0025/R000000055
R000000060/1.000000/0000/Guesstimate
R000000059/6.058039/0276/R000000023/R000000060
R000000059/6.058039/0278/R000000023/R000000060
R000000058/7.842266/0122/R000000059/R000000015
R000000058/7.842266/0122/R000000059/R000000015
R000000054/8.713629/0024/R000000058
R000000028/9.764230/0003/R000000054/R000000038
Q000000003/8.674530/0000/R000000061
R000000065/2.345679/0277/R000000040/R000000049
M000000066/1.000000/0000/Sigma_BB-28756668
R000000064/3.717421/0119/R000000065/M000000066
R000000067/2.606310/0100/R000000065
R000000067/2.606310/0216/R000000065
M000000068/1.000000/0000/Sigma_BB-28939570
R000000064/4.007011/0212/R000000067/M000000068
R000000063/4.130468/0099/R000000064
R000000069/2.743484/0092/R000000043
R000000070/2.895900/0099/R000000067
R000000070/3.854596/0275/R000000043/R000000012
R000000069/3.217667/0093/R000000070
R000000063/4.159427/0119/R000000069/M000000066
R000000062/7.807076/0003/R000000030/R000000063
R000000071/5.700521/0112/R000000034/R000000063
R000000072/5.700521/0004/R000000053/R000000063
R000000071/6.333912/0009/R000000072
R000000062/9.417942/0049/R000000048/R000000071
R000000061/8.674530/0041/R000000062
R000000074/2.606310/0041/R000000032
R000000074/6.868329/0197/R000000054
R000000073/4.007011/0004/R000000074/R000000049
R000000073/4.130468/0041/R000000048
R000000061/9.707532/0049/R000000073/R000000071
Q000000004/7.348135/0000/R000000001
<NEXT>