#
#  Reaction log file
#  Author: LigBuilder V3 User_Diana
#  Creation time: Thu Apr  9 01:02:27 2026
#  Format:
#  QueryMoleculeId/Cost/SynthesizeId/ReactantId1/ReactantId2/ReactantId3.....
#  Id prefix:
#  Q --- Query Molecule
#  M --- Material
#  R --- Reactant
#
Directory      result/synthesize_PfHDAC1/201/DATABASE/
#
Q000000001/6.096632/0000/R000000001
R000000005/1.000000/0000/Guesstimate
R000000006/1.000000/0000/Guesstimate
R000000004/2.222222/0112/R000000005/R000000006
R000000003/2.469136/0197/R000000004
R000000009/1.000000/0000/Guesstimate
R000000010/1.000000/0000/Guesstimate
R000000008/2.222222/0158/R000000009/R000000010
R000000008/2.222222/0158/R000000009/R000000010
R000000007/2.469136/0188/R000000008
R000000012/1.000000/0000/Guesstimate
R000000011/2.222222/0158/R000000012/R000000010
R000000011/2.222222/0158/R000000012/R000000010
R000000007/2.469136/0188/R000000011
R000000002/5.486969/0275/R000000003/R000000007
R000000001/6.096632/0160/R000000002
R000000001/6.096632/0160/R000000002
Q000000002/5.993328/0000/R000000013
M000000016/1.000000/0000/Sigma_BB-70737316
R000000015/3.854596/0275/R000000003/M000000016
M000000018/1.000000/0000/Sigma_BB-28769194
R000000017/3.854596/0275/R000000003/M000000018
R000000017/6.774036/0213/R000000001
R000000015/4.282884/0153/R000000017
R000000019/1.000000/0000/Guesstimate
R000000014/5.393995/0232/R000000015/R000000019
M000000021/1.000000/0000/Sigma_BB-28830366
R000000020/1.111111/0087/M000000021
R000000022/1.111111/0085/M000000021
R000000020/1.234568/0086/R000000022
R000000014/8.008604/0175/R000000001/R000000020
R000000013/5.993328/0028/R000000014
M000000025/1.000000/0000/Sigma_BB-28757047
M000000028/1.000000/0000/Sigma_BB-28764950
R000000027/1.111111/0197/M000000028
R000000026/1.234568/0086/R000000027
R000000026/1.234568/0091/R000000027
R000000024/2.482853/0175/M000000025/R000000026
M000000030/1.000000/0000/Sigma_BB-29088450
R000000029/2.482853/0112/M000000030/R000000026
R000000029/2.482853/0174/M000000025/R000000026
R000000024/2.758726/0147/R000000029
R000000023/5.502210/0275/R000000003/R000000024
R000000023/8.145779/0175/R000000001/R000000026
R000000013/6.113567/0028/R000000023
Q000000003/6.096632/0000/R000000001
Q000000004/6.096632/0000/R000000001
<NEXT>