#
#  Reaction log file
#  Author: LigBuilder V3 User_Diana
#  Creation time: Thu Apr  9 01:01:00 2026
#  Format:
#  QueryMoleculeId/Cost/SynthesizeId/ReactantId1/ReactantId2/ReactantId3.....
#  Id prefix:
#  Q --- Query Molecule
#  M --- Material
#  R --- Reactant
#
Directory      result/synthesize_PfHDAC1/127/DATABASE/
#
Q000000001/Analysis Failed
Q000000002/4.589409/0000/R000000001
R000000004/1.000000/0000/Guesstimate
R000000003/1.111111/0283/R000000004
R000000006/1.000000/0000/Guesstimate
R000000007/1.000000/0000/Guesstimate
R000000005/2.222222/0274/R000000006/R000000007
R000000003/2.469136/0112/R000000005
R000000010/1.000000/0000/Guesstimate
R000000012/1.000000/0000/Guesstimate
R000000011/1.111111/0288/R000000012
R000000009/2.345679/0301/R000000010/R000000011
R000000009/2.345679/0301/R000000010/R000000011
R000000008/2.606310/0295/R000000009
R000000014/1.000000/0000/Guesstimate
R000000015/1.234568/0295/R000000011
R000000013/2.482853/0256/R000000014/R000000015
R000000008/2.758726/0293/R000000013
R000000002/4.130468/0277/R000000003/R000000008
R000000020/1.000000/0000/Guesstimate
R000000021/1.000000/0000/Guesstimate
R000000019/2.222222/0274/R000000020/R000000021
R000000018/2.469136/0113/R000000019
R000000023/1.000000/0000/Guesstimate
R000000024/1.000000/0000/Guesstimate
R000000022/2.222222/0274/R000000023/R000000024
R000000018/2.469136/0141/R000000022
R000000017/2.743484/0086/R000000018
R000000017/2.743484/0091/R000000018
R000000016/3.048316/0079/R000000017
M000000026/1.000000/0000/Sigma_BB-28778979
R000000025/3.854596/0212/R000000018/M000000026
R000000025/3.854596/0212/R000000018/M000000026
R000000016/4.282884/0009/R000000025
R000000002/4.758760/0256/R000000016/R000000015
R000000001/4.589409/0099/R000000002
R000000031/1.000000/0000/Guesstimate
R000000030/1.111111/0288/R000000031
R000000029/2.345679/0301/R000000030/R000000010
R000000029/2.345679/0301/R000000030/R000000010
R000000028/2.606310/0295/R000000029
R000000033/1.234568/0295/R000000030
R000000034/9.200000/0000/Guesstimate
R000000033/9.200000/0295/R000000034
R000000032/2.482853/0256/R000000033/R000000014
R000000028/2.758726/0293/R000000032
R000000036/1.371742/0228/R000000015
R000000036/1.371742/0286/R000000015
R000000035/1.524158/0156/R000000036
R000000027/4.589409/0301/R000000028/R000000035
R000000027/4.589409/0301/R000000028/R000000035
R000000001/5.099344/0188/R000000027
Q000000003/Analysis Failed
<NEXT>