#
#  Reaction log file
#  Author: LigBuilder V3 User_Diana
#  Creation time: Thu Apr  9 00:57:42 2026
#  Format:
#  QueryMoleculeId/Cost/SynthesizeId/ReactantId1/ReactantId2/ReactantId3.....
#  Id prefix:
#  Q --- Query Molecule
#  M --- Material
#  R --- Reactant
#
Directory      result/synthesize_PfHDAC1/11/DATABASE/
#
Q000000001/7.315958/0000/R000000001
R000000005/1.000000/0000/Guesstimate
R000000004/1.111111/0283/R000000005
R000000006/1.000000/0000/Guesstimate
R000000003/2.345679/0285/R000000004/R000000006
R000000008/1.000000/0000/Guesstimate
R000000007/2.345679/0277/R000000004/R000000008
R000000003/2.606310/0295/R000000007
R000000011/1.000000/0000/Guesstimate
R000000012/1.000000/0000/Guesstimate
R000000010/2.222222/0277/R000000011/R000000012
M000000013/1.000000/0000/Sigma_BB-34437027
R000000009/3.580247/0231/R000000010/M000000013
R000000014/2.222222/0231/R000000012/M000000013
R000000009/3.580247/0277/R000000011/R000000014
R000000002/6.584363/0112/R000000003/R000000009
R000000015/5.075447/0112/R000000003/R000000010
R000000016/3.717421/0112/R000000003/R000000011
R000000018/1.000000/0000/Guesstimate
R000000017/3.717421/0112/R000000003/R000000018
R000000020/1.000000/0000/Guesstimate
R000000019/3.717421/0112/R000000003/R000000020
R000000017/4.130468/0041/R000000019
R000000016/4.130468/0155/R000000017
R000000015/5.241580/0277/R000000016/R000000012
R000000002/6.750496/0231/R000000015/M000000013
R000000001/7.315958/0099/R000000002
R000000024/1.000000/0000/Guesstimate
R000000023/2.345679/0112/R000000004/R000000024
R000000022/2.606310/0197/R000000023
R000000021/4.007011/0285/R000000022/R000000006
R000000027/1.000000/0000/Guesstimate
R000000026/4.007011/0277/R000000022/R000000027
R000000028/1.000000/0000/Guesstimate
R000000025/5.563346/0274/R000000026/R000000028
R000000030/1.000000/0000/Guesstimate
R000000029/4.007011/0277/R000000022/R000000030
R000000031/1.000000/0000/Guesstimate
R000000025/5.563346/0301/R000000029/R000000031
R000000021/6.181496/0295/R000000025
R000000035/1.000000/0000/Guesstimate
R000000034/1.111111/0293/R000000035
R000000034/1.111111/0293/R000000035
R000000033/2.345679/0231/R000000034/M000000013
R000000036/2.222222/0231/R000000035/M000000013
R000000033/2.469136/0293/R000000036
R000000032/2.606310/0090/R000000033
R000000039/1.000000/0000/Guesstimate
R000000038/2.222222/0277/R000000039/R000000012
R000000038/9.500000/0301/R000000039/R000000040
R000000037/3.580247/0231/R000000038/M000000013
R000000037/3.580247/0277/R000000039/R000000014
R000000032/3.978053/0099/R000000037
R000000001/7.348135/0112/R000000021/R000000032
Q000000002/9.052956/0000/R000000041
R000000046/1.000000/0000/Guesstimate
R000000045/3.717421/0004/R000000003/R000000046
R000000045/4.452235/0092/R000000021
R000000044/4.130468/0257/R000000045
R000000043/4.589409/0216/R000000044
R000000050/1.000000/0000/Guesstimate
R000000049/5.563346/0276/R000000021/R000000050
R000000049/5.563346/0278/R000000021/R000000050
R000000048/6.181496/0024/R000000049
R000000052/1.000000/0000/Guesstimate
R000000051/5.563346/0174/R000000021/R000000052
R000000053/1.111111/0287/R000000052
R000000051/5.686803/0112/R000000021/R000000053
R000000048/6.181496/0025/R000000051
R000000047/6.868329/0155/R000000048
R000000043/7.631477/0217/R000000047
R000000057/1.000000/0000/Guesstimate
R000000056/1.111111/0245/R000000057
R000000056/1.111111/0245/R000000057
M000000059/1.000000/0000/Sigma_BB-28823129
R000000058/1.111111/0222/M000000059
R000000055/2.469136/0231/R000000056/R000000058
R000000061/1.000000/0000/Guesstimate
R000000060/2.345679/0231/R000000061/R000000058
R000000055/2.606310/0288/R000000060
R000000054/2.743484/0219/R000000055
R000000054/2.743484/0219/R000000055
R000000042/8.147660/0003/R000000043/R000000054
R000000063/2.606310/0257/R000000003
R000000063/5.099344/0197/R000000043
R000000064/1.000000/0000/Guesstimate
R000000062/4.007011/0004/R000000063/R000000064
R000000062/4.589409/0085/R000000044
R000000066/1.000000/0000/Guesstimate
R000000065/4.159427/0112/R000000066/R000000054
R000000068/1.000000/0000/Guesstimate
R000000067/4.159427/0004/R000000068/R000000054
R000000065/4.621586/0009/R000000067
R000000042/9.073821/0049/R000000062/R000000065
R000000041/9.052956/0041/R000000042
R000000041/9.916645/0003/R000000048/R000000054
Q000000003/7.315958/0000/R000000001
<NEXT>