#
#  Reaction log file
#  Author: LigBuilder V3 User_Diana
#  Creation time: Thu Apr  9 01:04:20 2026
#  Format:
#  QueryMoleculeId/Cost/SynthesizeId/ReactantId1/ReactantId2/ReactantId3.....
#  Id prefix:
#  Q --- Query Molecule
#  M --- Material
#  R --- Reactant
#
Directory      result/synthesize_PfHDAC1/254/DATABASE/
#
Q000000001/5.944217/0000/R000000001
R000000005/1.000000/0000/Guesstimate
R000000006/1.000000/0000/Guesstimate
R000000004/2.222222/0112/R000000005/R000000006
R000000003/2.469136/0197/R000000004
M000000008/1.000000/0000/Sigma_BB-29509312
M000000010/1.000000/0000/Sigma_BB-28764950
R000000009/1.111111/0197/M000000010
R000000007/2.345679/0119/M000000008/R000000009
R000000011/2.222222/0119/M000000008/M000000010
R000000011/2.222222/0280/M000000008/M000000010
R000000007/2.469136/0197/R000000011
R000000002/5.349795/0275/R000000003/R000000007
R000000001/5.944217/0028/R000000002
M000000015/1.000000/0000/Sigma_BB-28830366
R000000014/1.111111/0085/M000000015
R000000013/2.345679/0119/M000000008/R000000014
R000000016/1.111111/0087/M000000015
R000000016/1.234568/0086/R000000014
R000000013/2.345679/0276/M000000008/R000000016
R000000012/5.349795/0275/R000000003/R000000013
R000000001/5.944217/0028/R000000012
Q000000002/5.944217/0000/R000000001
Q000000003/6.435335/0000/R000000017
M000000022/1.000000/0000/Sigma_BB-70737316
R000000023/1.000000/0000/Guesstimate
R000000021/2.222222/0276/M000000022/R000000023
R000000021/2.222222/0278/M000000022/R000000023
R000000020/2.469136/0104/R000000021
R000000020/2.469136/0104/R000000021
R000000019/2.743484/0257/R000000020
R000000018/5.791801/0275/R000000003/R000000019
R000000017/6.435335/0161/R000000018
R000000026/1.000000/0000/Guesstimate
R000000025/3.580247/0274/R000000021/R000000026
R000000028/1.000000/0000/Guesstimate
R000000027/2.222222/0276/M000000022/R000000028
R000000027/2.222222/0278/M000000022/R000000028
R000000029/1.000000/0000/Guesstimate
R000000025/3.580247/0276/R000000027/R000000029
R000000024/6.721537/0275/R000000003/R000000025
R000000030/5.212621/0275/R000000003/R000000027
R000000031/3.854596/0275/R000000003/M000000022
R000000030/5.393995/0276/R000000031/R000000028
R000000024/6.902912/0276/R000000030/R000000029
R000000017/7.468375/0155/R000000024
<NEXT>