#
#  Reaction log file
#  Author: LigBuilder V3 User_Diana
#  Creation time: Thu Apr  9 01:03:33 2026
#  Format:
#  QueryMoleculeId/Cost/SynthesizeId/ReactantId1/ReactantId2/ReactantId3.....
#  Id prefix:
#  Q --- Query Molecule
#  M --- Material
#  R --- Reactant
#
Directory      result/synthesize_PfHDAC1/238/DATABASE/
#
Q000000001/4.282884/0000/R000000001
R000000005/1.000000/0000/Guesstimate
R000000006/1.000000/0000/Guesstimate
R000000004/2.222222/0112/R000000005/R000000006
R000000003/2.469136/0197/R000000004
R000000003/2.469136/0197/R000000004
M000000007/1.000000/0000/Sigma_BB-28838111
R000000002/3.854596/0275/R000000003/M000000007
M000000009/1.000000/0000/Sigma_BB-28757047
R000000008/3.854596/0275/R000000003/M000000009
M000000011/1.000000/0000/Sigma_BB-28151472
R000000010/3.854596/0275/R000000003/M000000011
R000000008/4.282884/0299/R000000010
R000000012/1.000000/0000/Guesstimate
R000000002/5.393995/0175/R000000008/R000000012
R000000001/4.282884/0139/R000000002
M000000016/1.000000/0000/Sigma_BB-28945063
M000000017/1.000000/0000/Sigma_BB-28830366
R000000015/2.222222/0004/M000000016/M000000017
R000000014/2.469136/0197/R000000015
R000000013/5.486969/0275/R000000003/R000000014
R000000001/6.096632/0028/R000000013
Q000000002/4.282884/0000/R000000001
Q000000003/4.282884/0000/R000000001
<NEXT>