#
#  Reaction log file
#  Author: LigBuilder V3 User_Diana
#  Creation time: Thu Apr  9 01:00:00 2026
#  Format:
#  QueryMoleculeId/Cost/SynthesizeId/ReactantId1/ReactantId2/ReactantId3.....
#  Id prefix:
#  Q --- Query Molecule
#  M --- Material
#  R --- Reactant
#
Directory      result/synthesize_PfHDAC1/80/DATABASE/
#
Q000000001/2.895900/0000/R000000001
R000000005/1.000000/0000/Guesstimate
R000000004/1.111111/0283/R000000005
M000000006/1.000000/0000/Sigma_BB-28757047
R000000003/2.345679/0275/R000000004/M000000006
R000000007/1.000000/0000/Guesstimate
R000000008/1.000000/0000/Guesstimate
R000000003/3.333333/0225/M000000006/R000000007/R000000008
R000000002/2.606310/0039/R000000003
R000000009/1.000000/0000/Guesstimate
R000000002/3.333333/0225/M000000006/R000000009/R000000008
R000000001/2.895900/0024/R000000002
R000000012/1.000000/0000/Guesstimate
R000000011/2.222222/0275/R000000012/M000000006
M000000014/1.000000/0000/Sigma_BB-28151472
R000000013/2.222222/0275/R000000012/M000000014
M000000015/1.000000/0000/Sigma_BB-28844832
R000000016/1.000000/0000/Guesstimate
R000000013/2.222222/0275/M000000015/R000000016
R000000011/2.469136/0299/R000000013
R000000010/2.469136/0091/R000000011
R000000019/1.000000/0000/Guesstimate
M000000020/1.000000/0000/Sigma_BB-27600086
R000000018/2.222222/0275/R000000019/M000000020
R000000017/2.469136/0104/R000000018
R000000017/2.469136/0104/R000000018
R000000010/2.743484/0160/R000000017
R000000021/1.000000/0000/Guesstimate
R000000001/3.854596/0004/R000000010/R000000021
Q000000002/2.895900/0000/R000000001
Q000000003/2.895900/0000/R000000001
<NEXT>