#
#  Reaction log file
#  Author: LigBuilder V3 User_Diana
#  Creation time: Thu Apr  9 01:04:22 2026
#  Format:
#  QueryMoleculeId/Cost/SynthesizeId/ReactantId1/ReactantId2/ReactantId3.....
#  Id prefix:
#  Q --- Query Molecule
#  M --- Material
#  R --- Reactant
#
Directory      result/synthesize_PfHDAC1/283/DATABASE/
#
Q000000001/6.454152/0000/R000000001
R000000007/1.000000/0000/Guesstimate
R000000006/1.111111/0054/R000000007
R000000008/1.000000/0000/Guesstimate
R000000009/1.000000/0000/Guesstimate
R000000006/2.222222/0004/R000000008/R000000009
R000000005/1.234568/0009/R000000006
R000000010/1.000000/0000/Guesstimate
R000000005/2.222222/0049/R000000007/R000000010
M000000011/1.000000/0000/Sigma_BB-28798940
R000000004/2.482853/0122/R000000005/M000000011
R000000004/2.482853/0122/R000000005/M000000011
R000000003/2.758726/0079/R000000004
R000000014/1.000000/0000/Guesstimate
R000000013/1.111111/0198/R000000014
R000000015/1.000000/0000/Guesstimate
R000000013/1.111111/0198/R000000015
R000000016/1.000000/0000/Guesstimate
R000000012/2.345679/0122/R000000013/R000000016
R000000018/1.000000/0000/Guesstimate
R000000017/2.345679/0301/R000000013/R000000018
R000000017/2.345679/0301/R000000013/R000000018
R000000012/2.606310/0139/R000000017
R000000020/1.000000/0000/Guesstimate
R000000019/2.222222/0001/R000000020/R000000010
R000000021/1.000000/0000/Guesstimate
R000000019/2.222222/0004/R000000021/R000000010
R000000003/5.075447/0042/R000000012/R000000019
R000000024/1.000000/0000/Guesstimate
R000000025/1.000000/0000/Guesstimate
R000000023/2.222222/0256/R000000024/R000000025
R000000022/2.469136/0099/R000000023
R000000026/8.700000/0000/Guesstimate
R000000022/9.666667/0090/R000000026
R000000002/5.808736/0274/R000000003/R000000022
R000000029/1.000000/0000/Guesstimate
R000000030/1.000000/0000/Guesstimate
R000000028/2.222222/0301/R000000029/R000000030
R000000028/2.222222/0301/R000000029/R000000030
R000000027/2.469136/0090/R000000028
M000000032/1.000000/0000/Sigma_BB-28775620
R000000031/2.222222/0049/R000000007/M000000032
R000000033/1.000000/0000/Guesstimate
R000000031/2.222222/0112/R000000008/R000000033
R000000027/2.469136/0099/R000000031
R000000036/1.000000/0000/Guesstimate
R000000035/3.580247/0274/R000000023/R000000036
R000000034/3.978053/0099/R000000035
R000000038/1.000000/0000/Guesstimate
R000000037/3.854596/0274/R000000022/R000000038
R000000034/4.282884/0082/R000000037
R000000002/7.163543/0277/R000000027/R000000034
R000000001/6.454152/0122/R000000002
R000000040/1.000000/0000/Guesstimate
R000000043/1.000000/0000/Guesstimate
R000000042/2.222222/0279/R000000043/R000000038
R000000045/1.000000/0000/Guesstimate
R000000046/1.000000/0000/Guesstimate
R000000044/2.222222/0122/R000000045/R000000046
R000000047/1.000000/0000/Guesstimate
R000000044/2.222222/0279/R000000047/R000000038
R000000042/3.580247/0122/R000000016/R000000044
R000000050/1.000000/0000/Guesstimate
R000000051/1.000000/0000/Guesstimate
R000000049/2.222222/0095/R000000050/R000000051
R000000052/1.000000/0000/Guesstimate
R000000053/1.000000/0000/Guesstimate
R000000049/2.222222/0279/R000000052/R000000053
R000000048/2.469136/0090/R000000049
R000000054/7.500000/0000/Guesstimate
R000000048/8.333334/0082/R000000054
R000000041/5.212621/0274/R000000042/R000000048
R000000055/3.854596/0274/R000000043/R000000048
R000000041/5.393995/0279/R000000055/R000000038
R000000039/6.902912/0279/R000000040/R000000041
R000000059/1.000000/0000/Guesstimate
R000000058/2.222222/0004/R000000029/R000000059
R000000061/1.000000/0000/Guesstimate
R000000060/1.111111/0040/R000000061
R000000062/1.000000/0000/Guesstimate
R000000060/2.222222/0004/R000000029/R000000062
R000000063/1.000000/0000/Guesstimate
R000000058/2.345679/0004/R000000060/R000000063
R000000064/1.000000/0000/Guesstimate
R000000057/3.580247/0003/R000000058/R000000064
R000000065/2.469136/0086/R000000058
R000000065/2.469136/0091/R000000058
R000000057/5.212621/0112/R000000065/R000000044
R000000056/3.978053/0099/R000000057
R000000067/1.000000/0000/Guesstimate
R000000066/3.854596/0301/R000000027/R000000067
R000000066/3.854596/0301/R000000027/R000000067
R000000056/4.282884/0090/R000000066
R000000039/7.163543/0274/R000000056/R000000048
R000000001/7.669903/0122/R000000039
Q000000002/Analysis Failed
Q000000003/4.420059/0000/R000000068
M000000072/1.000000/0000/Sigma_BB-27340260
R000000073/1.000000/0000/Guesstimate
R000000071/2.222222/0224/M000000072/R000000073
M000000074/1.000000/0000/Sigma_BB-117229028
R000000075/1.000000/0000/Guesstimate
R000000071/2.222222/0224/M000000074/R000000075
R000000070/2.469136/0147/R000000071
R000000077/1.000000/0000/Guesstimate
R000000076/2.222222/0224/M000000072/R000000077
R000000076/2.469136/0040/R000000071
R000000070/3.580247/0212/R000000076/R000000062
M000000079/1.000000/0000/Sigma_BB-70700816
R000000078/1.111111/0086/M000000079
R000000081/1.000000/0000/Guesstimate
R000000082/1.000000/0000/Guesstimate
R000000080/2.222222/0277/R000000081/R000000082
R000000083/1.000000/0000/Guesstimate
R000000084/1.000000/0000/Guesstimate
R000000080/2.222222/0301/R000000083/R000000084
R000000078/2.469136/0039/R000000080
R000000069/3.978053/0175/R000000070/R000000078
R000000086/2.743484/0114/R000000070
R000000085/4.159427/0004/R000000086/R000000062
R000000088/1.000000/0000/Guesstimate
R000000087/4.159427/0277/R000000086/R000000088
R000000089/1.000000/0000/Guesstimate
R000000087/4.159427/0301/R000000086/R000000089
R000000085/4.621586/0024/R000000087
M000000090/1.000000/0000/Sigma_BB-28776399
R000000069/5.732697/0212/R000000085/M000000090
R000000068/4.420059/0024/R000000069
M000000094/1.000000/0000/Sigma_BB-28778324
R000000095/1.000000/0000/Guesstimate
R000000093/2.222222/0224/M000000094/R000000095
R000000092/3.580247/0003/R000000093/R000000046
M000000097/1.000000/0000/Sigma_BB-28816861
R000000096/2.222222/0224/M000000097/R000000095
R000000092/3.580247/0112/R000000096/R000000083
R000000091/3.978053/0147/R000000092
R000000098/3.580247/0003/R000000096/R000000010
R000000099/2.469136/0125/R000000096
R000000099/3.580247/0112/R000000096/R000000021
R000000098/3.854596/0049/R000000099/M000000032
R000000091/3.978053/0147/R000000098
R000000068/5.531170/0004/R000000091/R000000062
<NEXT>