#
#  Reaction log file
#  Author: LigBuilder V3 User_Diana
#  Creation time: Thu Apr  9 00:59:25 2026
#  Format:
#  QueryMoleculeId/Cost/SynthesizeId/ReactantId1/ReactantId2/ReactantId3.....
#  Id prefix:
#  Q --- Query Molecule
#  M --- Material
#  R --- Reactant
#
Directory      result/synthesize_PfHDAC1/66/DATABASE/
#
Q000000001/5.700521/0000/R000000001
R000000006/1.000000/0000/Guesstimate
R000000005/1.111111/0283/R000000006
R000000007/1.000000/0000/Guesstimate
R000000004/2.345679/0112/R000000005/R000000007
R000000009/1.000000/0000/Guesstimate
R000000008/2.345679/0112/R000000005/R000000009
R000000010/1.000000/0000/Guesstimate
R000000004/3.717421/0112/R000000008/R000000010
R000000011/1.000000/0000/Guesstimate
R000000003/3.717421/0285/R000000004/R000000011
R000000002/4.130468/0041/R000000003
R000000015/1.000000/0000/Guesstimate
R000000014/2.345679/0285/R000000005/R000000015
R000000017/1.000000/0000/Guesstimate
R000000016/2.345679/0277/R000000005/R000000017
R000000014/2.606310/0295/R000000016
R000000018/1.000000/0000/Guesstimate
R000000013/3.717421/0112/R000000014/R000000018
R000000012/4.130468/0197/R000000013
R000000019/1.000000/0000/Guesstimate
R000000002/5.700521/0003/R000000012/R000000019
M000000020/1.000000/0000/Sigma_BB-28757035
R000000001/5.700521/0012/R000000002/M000000020
R000000022/3.717421/0285/R000000008/R000000015
R000000024/1.000000/0000/Guesstimate
R000000023/3.717421/0112/R000000014/R000000024
R000000022/4.130468/0155/R000000023
R000000025/1.000000/0000/Guesstimate
R000000021/5.241580/0122/R000000022/R000000025
R000000028/1.000000/0000/Guesstimate
R000000027/2.222222/0122/R000000009/R000000028
R000000027/2.222222/0122/R000000009/R000000028
R000000026/2.469136/0024/R000000027
R000000030/1.000000/0000/Guesstimate
R000000029/2.222222/0012/R000000007/R000000030
R000000031/1.000000/0000/Guesstimate
R000000029/2.222222/0095/R000000009/R000000031
R000000026/2.469136/0040/R000000029
R000000021/5.349795/0112/R000000014/R000000026
R000000032/1.000000/0000/Guesstimate
R000000001/6.935089/0003/R000000021/R000000032
Q000000002/5.700521/0000/R000000001
Q000000003/5.700521/0000/R000000001
Q000000004/5.700521/0000/R000000001
<NEXT>