#
#  Reaction log file
#  Author: LigBuilder V3 User_Diana
#  Creation time: Thu Apr  9 01:03:38 2026
#  Format:
#  QueryMoleculeId/Cost/SynthesizeId/ReactantId1/ReactantId2/ReactantId3.....
#  Id prefix:
#  Q --- Query Molecule
#  M --- Material
#  R --- Reactant
#
Directory      result/synthesize_PfHDAC1/236/DATABASE/
#
Q000000001/4.282884/0000/R000000001
R000000005/1.000000/0000/Guesstimate
R000000006/1.000000/0000/Guesstimate
R000000004/2.222222/0112/R000000005/R000000006
R000000003/2.469136/0197/R000000004
M000000007/1.000000/0000/Sigma_BB-27733454
R000000002/3.854596/0275/R000000003/M000000007
R000000001/4.282884/0147/R000000002
M000000010/1.000000/0000/Sigma_BB-27092316
R000000009/1.111111/0009/M000000010
M000000011/1.000000/0000/Sigma_BB-28945063
R000000012/1.000000/0000/Guesstimate
R000000009/2.222222/0003/M000000011/R000000012
R000000008/3.978053/0275/R000000003/R000000009
R000000001/4.420059/0147/R000000008
Q000000002/4.282884/0000/R000000001
Q000000003/4.282884/0000/R000000001
<NEXT>