#
#  Reaction log file
#  Author: LigBuilder V3 User_Diana
#  Creation time: Thu Apr  9 01:02:30 2026
#  Format:
#  QueryMoleculeId/Cost/SynthesizeId/ReactantId1/ReactantId2/ReactantId3.....
#  Id prefix:
#  Q --- Query Molecule
#  M --- Material
#  R --- Reactant
#
Directory      result/synthesize_PfHDAC1/191/DATABASE/
#
Q000000001/7.468375/0000/R000000001
R000000005/1.000000/0000/Guesstimate
R000000006/1.000000/0000/Guesstimate
R000000004/2.222222/0285/R000000005/R000000006
R000000003/2.469136/0079/R000000004
R000000008/1.000000/0000/Guesstimate
R000000007/2.222222/0285/R000000008/R000000006
R000000003/2.469136/0082/R000000007
R000000011/1.000000/0000/Guesstimate
R000000010/2.222222/0224/R000000005/R000000011
R000000012/1.000000/0000/Guesstimate
R000000009/3.580247/0112/R000000010/R000000012
R000000009/3.580247/0112/R000000010/R000000012
R000000002/6.721537/0159/R000000003/R000000009
R000000014/2.469136/0079/R000000010
R000000015/1.000000/0000/Guesstimate
R000000014/3.580247/0112/R000000010/R000000015
R000000013/5.486969/0159/R000000003/R000000014
R000000002/7.207744/0174/R000000013/R000000012
R000000001/7.468375/0147/R000000002
R000000018/1.000000/0000/Guesstimate
R000000017/3.580247/0003/R000000010/R000000018
R000000020/1.000000/0000/Guesstimate
R000000019/2.222222/0224/R000000020/R000000011
R000000019/2.743484/0040/R000000014
R000000021/1.000000/0000/Guesstimate
R000000017/3.580247/0003/R000000019/R000000021
R000000016/6.721537/0159/R000000003/R000000017
R000000016/7.207744/0175/R000000013/R000000005
R000000001/7.468375/0147/R000000016
Q000000002/7.468375/0000/R000000001
Q000000003/Analysis Failed
<NEXT>