#
#  Reaction log file
#  Author: LigBuilder V3 User_Diana
#  Creation time: Thu Apr  9 01:03:53 2026
#  Format:
#  QueryMoleculeId/Cost/SynthesizeId/ReactantId1/ReactantId2/ReactantId3.....
#  Id prefix:
#  Q --- Query Molecule
#  M --- Material
#  R --- Reactant
#
Directory      result/synthesize_PfHDAC1/261/DATABASE/
#
Q000000001/5.791800/0000/R000000001
R000000004/1.000000/0000/Guesstimate
M000000006/1.000000/0000/Sigma_BB-28764950
R000000005/1.111111/0085/M000000006
R000000003/2.345679/0212/R000000004/R000000005
R000000008/1.000000/0000/Guesstimate
R000000007/2.222222/0004/R000000008/M000000006
R000000007/2.222222/0277/R000000008/M000000006
R000000003/2.469136/0197/R000000007
R000000010/1.000000/0000/Guesstimate
R000000012/1.000000/0000/Guesstimate
R000000011/1.111111/0198/R000000012
M000000013/1.000000/0000/Sigma_BB-28776791
R000000014/1.000000/0000/Guesstimate
R000000011/2.222222/0212/M000000013/R000000014
R000000009/2.345679/0004/R000000010/R000000011
R000000016/1.000000/0000/Guesstimate
R000000015/2.345679/0277/R000000016/R000000011
R000000017/1.000000/0000/Guesstimate
R000000015/2.345679/0301/R000000017/R000000011
R000000009/2.606310/0024/R000000015
R000000002/5.212620/0212/R000000003/R000000009
R000000002/5.212620/0212/R000000003/R000000009
R000000001/5.791800/0028/R000000002
R000000020/2.345679/0212/R000000004/R000000005
R000000020/2.345679/0212/R000000004/R000000005
R000000019/2.606310/0093/R000000020
M000000022/1.000000/0000/Sigma_BB-28457967
R000000021/3.717421/0212/R000000020/M000000022
R000000021/3.717421/0212/R000000020/M000000022
R000000019/4.130468/0100/R000000021
R000000024/1.000000/0000/Guesstimate
R000000025/1.000000/0000/Guesstimate
R000000023/2.222222/0004/R000000024/R000000025
R000000027/1.000000/0000/Guesstimate
R000000026/2.222222/0277/R000000024/R000000027
R000000028/1.000000/0000/Guesstimate
R000000029/1.000000/0000/Guesstimate
R000000030/1.000000/0000/Guesstimate
R000000026/3.333333/0261/R000000028/R000000029/R000000030
R000000023/2.469136/0024/R000000026
R000000018/5.365036/0212/R000000019/R000000023
R000000018/5.365036/0212/R000000019/R000000023
R000000001/5.961151/0028/R000000018
Q000000002/Analysis Failed
Q000000003/6.265983/0000/R000000031
R000000035/1.000000/0000/Guesstimate
R000000036/1.000000/0000/Guesstimate
R000000034/2.222222/0112/R000000035/R000000036
R000000033/2.469136/0197/R000000034
M000000040/1.000000/0000/Sigma_BB-70737316
R000000039/1.111111/0292/M000000040
R000000041/1.000000/0000/Guesstimate
R000000038/2.345679/0231/R000000039/R000000041
R000000037/2.606310/0198/R000000038
R000000043/1.000000/0000/Guesstimate
R000000042/2.345679/0231/R000000039/R000000043
R000000037/2.606310/0198/R000000042
R000000032/5.639385/0275/R000000033/R000000037
R000000031/6.265983/0219/R000000032
R000000046/2.743484/0288/R000000033
R000000045/4.159427/0274/R000000046/R000000029
R000000048/1.000000/0000/Guesstimate
R000000047/2.345679/0231/R000000039/R000000048
R000000049/2.222222/0231/M000000040/R000000048
R000000047/2.469136/0292/R000000049
R000000044/7.227896/0275/R000000045/R000000047
R000000031/8.030995/0219/R000000044
Q000000004/7.858069/0000/R000000050
R000000052/1.000000/0000/Guesstimate
R000000055/1.000000/0000/Guesstimate
R000000056/1.000000/0000/Guesstimate
R000000054/2.222222/0277/R000000055/R000000056
R000000057/1.000000/0000/Guesstimate
R000000058/1.000000/0000/Guesstimate
R000000054/2.222222/0301/R000000057/R000000058
R000000062/1.000000/0000/Guesstimate
R000000061/1.111111/0054/R000000062
R000000063/1.000000/0000/Guesstimate
R000000064/1.000000/0000/Guesstimate
R000000061/2.222222/0004/R000000063/R000000064
R000000065/1.000000/0000/Guesstimate
R000000060/2.345679/0112/R000000061/R000000065
R000000059/2.606310/0009/R000000060
R000000066/2.222222/0112/R000000062/R000000065
R000000067/1.000000/0000/Guesstimate
R000000059/3.580247/0049/R000000066/R000000067
R000000053/5.365036/0061/R000000054/R000000059
R000000068/2.469136/0041/R000000054
R000000068/2.469136/0233/R000000054
R000000053/5.639385/0062/R000000068/R000000059
R000000051/7.072262/0122/R000000052/R000000053
R000000051/7.072262/0122/R000000052/R000000053
R000000050/7.858069/0147/R000000051
R000000070/1.000000/0000/Guesstimate
R000000073/1.000000/0000/Guesstimate
R000000072/7.072262/0301/R000000073/R000000053
R000000072/7.072262/0301/R000000073/R000000053
R000000071/7.858069/0147/R000000072
R000000069/9.842299/0301/R000000070/R000000071
R000000069/9.842299/0301/R000000070/R000000071
R000000050/9.842299/0188/R000000069
<NEXT>