#
#  Reaction log file
#  Author: LigBuilder V3 User_Diana
#  Creation time: Thu Apr  9 01:02:08 2026
#  Format:
#  QueryMoleculeId/Cost/SynthesizeId/ReactantId1/ReactantId2/ReactantId3.....
#  Id prefix:
#  Q --- Query Molecule
#  M --- Material
#  R --- Reactant
#
Directory      result/synthesize_PfHDAC1/173/DATABASE/
#
Q000000001/6.096632/0000/R000000001
R000000005/1.000000/0000/Guesstimate
R000000006/1.000000/0000/Guesstimate
R000000004/2.222222/0112/R000000005/R000000006
R000000003/2.469136/0197/R000000004
R000000008/1.000000/0000/Guesstimate
R000000009/1.000000/0000/Guesstimate
R000000007/2.222222/0274/R000000008/R000000009
R000000003/2.469136/0285/R000000007
M000000012/1.000000/0000/Sigma_BB-28666772
R000000013/1.000000/0000/Guesstimate
R000000011/2.222222/0224/M000000012/R000000013
R000000010/2.469136/0074/R000000011
R000000014/2.469136/0287/R000000011
R000000015/1.000000/0000/Guesstimate
R000000010/3.854596/0112/R000000014/R000000015
R000000002/5.486969/0275/R000000003/R000000010
R000000001/6.096632/0059/R000000002
R000000019/1.000000/0000/Guesstimate
R000000020/1.000000/0000/Guesstimate
R000000018/2.222222/0277/R000000019/R000000020
R000000017/2.469136/0260/R000000018
R000000021/2.743484/0198/R000000003
R000000021/2.743484/0298/R000000003
R000000017/3.048316/0257/R000000021
R000000022/2.743484/0059/R000000010
R000000023/3.580247/0175/R000000011/R000000005
R000000024/1.000000/0000/Guesstimate
R000000023/3.854596/0004/R000000014/R000000024
R000000022/3.978053/0153/R000000023
R000000016/5.791801/0275/R000000017/R000000022
R000000001/6.435335/0099/R000000016
Q000000002/6.096632/0000/R000000001
Q000000003/6.096632/0000/R000000001
<NEXT>