#
#  Reaction log file
#  Author: LigBuilder V3 User_Diana
#  Creation time: Thu Apr  9 01:02:12 2026
#  Format:
#  QueryMoleculeId/Cost/SynthesizeId/ReactantId1/ReactantId2/ReactantId3.....
#  Id prefix:
#  Q --- Query Molecule
#  M --- Material
#  R --- Reactant
#
Directory      result/synthesize_PfHDAC1/182/DATABASE/
#
Q000000001/Analysis Failed
Q000000002/4.420058/0000/R000000001
M000000005/1.000000/0000/Sigma_BB-34984802
R000000004/1.111111/0114/M000000005
R000000006/1.000000/0000/Guesstimate
R000000003/2.345679/0119/R000000004/R000000006
R000000007/2.222222/0119/M000000005/R000000006
R000000009/1.000000/0000/Guesstimate
R000000008/2.222222/0119/M000000005/R000000009
R000000010/1.000000/0000/Guesstimate
R000000008/2.222222/0276/M000000005/R000000010
R000000007/2.469136/0147/R000000008
R000000003/2.469136/0114/R000000007
M000000013/1.000000/0000/Sigma_BB-332441958
R000000012/1.111111/0291/M000000013
R000000012/1.111111/0291/M000000013
R000000011/1.234568/0156/R000000012
R000000015/1.000000/0000/Guesstimate
R000000014/2.222222/0279/M000000013/R000000015
R000000014/2.222222/0279/M000000013/R000000015
R000000011/2.469136/0228/R000000014
R000000002/3.978052/0301/R000000003/R000000011
R000000002/3.978052/0301/R000000003/R000000011
R000000001/4.420058/0028/R000000002
R000000017/1.234568/0156/R000000012
R000000018/1.234568/0217/R000000012
R000000017/1.371742/0059/R000000018
R000000016/3.978052/0301/R000000003/R000000017
R000000016/3.978052/0301/R000000003/R000000017
R000000001/4.420058/0028/R000000016
Q000000003/4.420058/0000/R000000001
<NEXT>