#
#  Reaction log file
#  Author: LigBuilder V3 User_Diana
#  Creation time: Thu Apr  9 01:03:46 2026
#  Format:
#  QueryMoleculeId/Cost/SynthesizeId/ReactantId1/ReactantId2/ReactantId3.....
#  Id prefix:
#  Q --- Query Molecule
#  M --- Material
#  R --- Reactant
#
Directory      result/synthesize_PfHDAC1/245/DATABASE/
#
Q000000001/5.944217/0000/R000000001
R000000005/1.000000/0000/Guesstimate
R000000006/1.000000/0000/Guesstimate
R000000004/2.222222/0112/R000000005/R000000006
R000000003/2.469136/0197/R000000004
M000000009/1.000000/0000/Sigma_BB-28769194
R000000008/1.111111/0091/M000000009
R000000010/1.000000/0000/Guesstimate
R000000007/2.345679/0112/R000000008/R000000010
M000000012/1.000000/0000/Sigma_BB-70737316
R000000013/1.000000/0000/Guesstimate
R000000011/2.222222/0231/M000000012/R000000013
R000000007/2.469136/0082/R000000011
R000000002/5.349795/0275/R000000003/R000000007
R000000001/5.944217/0147/R000000002
M000000017/1.000000/0000/Sigma_BB-27600086
R000000018/1.000000/0000/Guesstimate
R000000016/2.222222/0175/M000000017/R000000018
R000000016/2.222222/0290/M000000017/R000000018
R000000015/2.469136/0104/R000000016
R000000015/2.469136/0104/R000000016
R000000014/5.486969/0275/R000000003/R000000015
M000000021/1.000000/0000/Sigma_BB-244164693
R000000020/3.854596/0275/R000000003/M000000021
R000000019/4.282884/0104/R000000020
R000000019/4.282884/0104/R000000020
R000000022/1.000000/0000/Guesstimate
R000000014/5.869872/0301/R000000019/R000000022
R000000001/6.096632/0160/R000000014
Q000000002/5.993328/0000/R000000023
M000000026/1.000000/0000/Sigma_BB-28945063
R000000025/3.854596/0275/R000000003/M000000026
M000000028/1.000000/0000/Sigma_BB-28757047
R000000027/3.854596/0275/R000000003/M000000028
M000000030/1.000000/0000/Sigma_BB-28151472
R000000029/3.854596/0275/R000000003/M000000030
R000000027/4.282884/0299/R000000029
R000000025/4.282884/0287/R000000027
R000000031/1.000000/0000/Guesstimate
R000000024/5.393995/0112/R000000025/R000000031
M000000034/1.000000/0000/Sigma_BB-29509005
R000000033/3.854596/0275/R000000003/M000000034
R000000032/4.282884/0082/R000000033
R000000035/1.000000/0000/Guesstimate
R000000032/5.393995/0112/R000000025/R000000035
R000000036/1.000000/0000/Guesstimate
R000000024/5.869872/0138/R000000032/R000000036
R000000023/5.993328/0147/R000000024
R000000038/1.000000/0000/Guesstimate
R000000037/5.393995/0175/R000000027/R000000038
R000000039/4.282884/0114/R000000027
M000000041/1.000000/0000/Sigma_BB-28799055
R000000040/3.854596/0275/R000000003/M000000041
R000000039/4.282884/0155/R000000040
R000000042/1.000000/0000/Guesstimate
R000000037/5.869872/0003/R000000039/R000000042
R000000023/5.993328/0147/R000000037
Q000000003/5.791801/0000/R000000043
M000000046/1.000000/0000/Sigma_BB-28760241
R000000047/1.000000/0000/Guesstimate
R000000045/2.222222/0119/M000000046/R000000047
R000000048/2.222222/0112/M000000026/R000000005
R000000048/2.222222/0174/M000000028/R000000005
R000000045/2.469136/0153/R000000048
R000000044/5.212621/0275/R000000003/R000000045
R000000043/5.791801/0024/R000000044
R000000052/1.000000/0000/Guesstimate
R000000051/2.222222/0174/R000000005/R000000052
R000000051/2.222222/0289/R000000005/R000000052
R000000050/2.469136/0197/R000000051
R000000053/7.400000/0000/Guesstimate
R000000050/8.222222/0091/R000000053
R000000049/7.026369/0112/R000000025/R000000050
R000000049/7.026369/0174/R000000027/R000000050
R000000043/7.807076/0025/R000000049
<NEXT>