#
#  Reaction log file
#  Author: LigBuilder V3 User_Diana
#  Creation time: Thu Apr  9 00:57:45 2026
#  Format:
#  QueryMoleculeId/Cost/SynthesizeId/ReactantId1/ReactantId2/ReactantId3.....
#  Id prefix:
#  Q --- Query Molecule
#  M --- Material
#  R --- Reactant
#
Directory      result/synthesize_PfHDAC1/25/DATABASE/
#
Q000000001/Analysis Failed
Q000000002/5.791800/0000/R000000001
R000000005/1.000000/0000/Guesstimate
R000000004/1.111111/0283/R000000005
R000000006/1.000000/0000/Guesstimate
R000000003/2.345679/0285/R000000004/R000000006
R000000008/1.000000/0000/Guesstimate
R000000007/2.345679/0277/R000000004/R000000008
R000000003/2.606310/0295/R000000007
R000000010/1.000000/0000/Guesstimate
R000000012/1.000000/0000/Guesstimate
R000000011/1.111111/0283/R000000012
R000000009/2.345679/0277/R000000010/R000000011
R000000014/1.000000/0000/Guesstimate
R000000013/2.345679/0277/R000000014/R000000011
R000000009/2.606310/0300/R000000013
R000000002/5.212620/0112/R000000003/R000000009
R000000017/1.000000/0000/Guesstimate
R000000016/3.717421/0112/R000000003/R000000017
R000000015/4.130468/0040/R000000016
R000000019/1.000000/0000/Guesstimate
R000000018/3.717421/0112/R000000003/R000000019
R000000015/4.130468/0092/R000000018
R000000022/1.000000/0000/Guesstimate
R000000023/1.000000/0000/Guesstimate
R000000021/2.222222/0274/R000000022/R000000023
R000000020/2.469136/0113/R000000021
R000000025/1.000000/0000/Guesstimate
R000000024/2.345679/0277/R000000011/R000000025
R000000024/2.606310/0092/R000000009
R000000020/2.606310/0073/R000000024
R000000002/7.332894/0212/R000000015/R000000020
R000000001/5.791800/0099/R000000002
R000000029/1.000000/0000/Guesstimate
R000000028/2.345679/0112/R000000004/R000000029
R000000027/2.606310/0197/R000000028
R000000026/4.007011/0285/R000000027/R000000006
R000000032/1.000000/0000/Guesstimate
R000000031/4.007011/0277/R000000027/R000000032
R000000033/1.000000/0000/Guesstimate
R000000030/5.563346/0274/R000000031/R000000033
R000000035/1.000000/0000/Guesstimate
R000000034/4.007011/0277/R000000027/R000000035
R000000036/1.000000/0000/Guesstimate
R000000030/5.563346/0301/R000000034/R000000036
R000000026/6.181496/0295/R000000030
R000000039/1.000000/0000/Guesstimate
R000000038/3.854596/0212/R000000039/R000000020
R000000041/1.000000/0000/Guesstimate
R000000040/3.854596/0212/R000000041/R000000020
R000000040/3.854596/0212/R000000041/R000000020
R000000038/4.282884/0155/R000000040
R000000037/4.282884/0099/R000000038
R000000042/8.777778/0293/R000000043
R000000042/8.777778/0293/R000000043
R000000037/9.753086/0090/R000000042
R000000001/9.210996/0112/R000000026/R000000037
Q000000003/7.705654/0000/R000000044
R000000045/3.717421/0004/R000000003/R000000039
R000000047/1.000000/0000/Guesstimate
R000000046/3.717421/0004/R000000003/R000000047
R000000046/4.452235/0092/R000000026
R000000045/4.130468/0085/R000000046
R000000052/1.000000/0000/Guesstimate
R000000051/2.345679/0277/R000000011/R000000052
R000000053/1.000000/0000/Guesstimate
R000000051/5.393995/0277/R000000038/R000000053
R000000050/2.606310/0147/R000000051
R000000054/2.606310/0100/R000000024
R000000054/2.743484/0093/R000000020
R000000055/1.000000/0000/Guesstimate
R000000050/4.007011/0212/R000000054/R000000055
R000000049/2.895900/0125/R000000050
R000000056/1.000000/0000/Guesstimate
R000000049/4.007011/0112/R000000056/R000000050
R000000048/3.217667/0099/R000000049
R000000058/1.000000/0000/Guesstimate
R000000059/2.895900/0099/R000000050
R000000062/1.000000/0000/Guesstimate
R000000061/5.869872/0277/R000000037/R000000062
R000000063/1.000000/0000/Guesstimate
R000000061/5.869872/0301/R000000037/R000000063
R000000060/6.522080/0079/R000000061
R000000065/1.000000/0000/Guesstimate
R000000064/5.869872/0301/R000000037/R000000065
R000000064/5.869872/0301/R000000037/R000000065
R000000060/6.522080/0082/R000000064
R000000059/7.246756/0147/R000000060
R000000057/4.328778/0004/R000000058/R000000059
R000000048/4.809754/0009/R000000057
R000000044/7.705654/0049/R000000045/R000000048
R000000068/2.606310/0257/R000000003
R000000070/4.130468/0257/R000000046
R000000069/4.589409/0216/R000000070
R000000074/1.000000/0000/Guesstimate
R000000073/5.563346/0276/R000000026/R000000074
R000000073/5.563346/0278/R000000026/R000000074
R000000072/6.181496/0024/R000000073
R000000076/1.000000/0000/Guesstimate
R000000075/5.563346/0174/R000000026/R000000076
R000000077/1.111111/0287/R000000076
R000000075/5.686803/0112/R000000026/R000000077
R000000072/6.181496/0025/R000000075
R000000071/6.868329/0155/R000000072
R000000069/7.631477/0217/R000000071
R000000068/5.099344/0197/R000000069
R000000067/4.007011/0004/R000000068/R000000039
R000000067/4.589409/0085/R000000070
R000000066/8.027421/0049/R000000067/R000000048
R000000066/8.317011/0003/R000000069/R000000059
R000000044/8.919357/0041/R000000066
<NEXT>