#
#  Reaction log file
#  Author: LigBuilder V3 User_Diana
#  Creation time: Thu Apr  9 01:03:07 2026
#  Format:
#  QueryMoleculeId/Cost/SynthesizeId/ReactantId1/ReactantId2/ReactantId3.....
#  Id prefix:
#  Q --- Query Molecule
#  M --- Material
#  R --- Reactant
#
Directory      result/synthesize_PfHDAC1/223/DATABASE/
#
Q000000001/6.096632/0000/R000000001
R000000005/1.000000/0000/Guesstimate
R000000006/1.000000/0000/Guesstimate
R000000004/2.222222/0112/R000000005/R000000006
R000000003/2.469136/0197/R000000004
R000000003/2.469136/0197/R000000004
M000000009/1.000000/0000/Sigma_BB-70737316
R000000010/1.000000/0000/Guesstimate
R000000008/2.222222/0231/M000000009/R000000010
R000000007/2.469136/0198/R000000008
R000000012/1.000000/0000/Guesstimate
R000000011/2.222222/0231/M000000009/R000000012
R000000007/2.469136/0245/R000000011
R000000002/5.486969/0275/R000000003/R000000007
R000000001/6.096632/0219/R000000002
R000000001/6.096632/0219/R000000002
Q000000002/6.265983/0000/R000000013
R000000017/1.000000/0000/Guesstimate
R000000016/2.222222/0112/R000000005/R000000017
R000000015/2.469136/0197/R000000016
R000000015/2.469136/0197/R000000016
R000000021/1.000000/0000/Guesstimate
R000000020/1.111111/0125/R000000021
R000000022/1.000000/0000/Guesstimate
R000000020/2.222222/0112/R000000021/R000000022
R000000019/2.345679/0231/M000000009/R000000020
R000000018/2.606310/0040/R000000019
R000000025/1.000000/0000/Guesstimate
R000000024/2.222222/0004/R000000021/R000000025
R000000026/1.000000/0000/Guesstimate
R000000027/1.000000/0000/Guesstimate
R000000024/3.333333/0225/R000000021/R000000026/R000000027
R000000023/3.580247/0231/M000000009/R000000024
R000000018/3.978053/0216/R000000023
R000000014/5.639385/0275/R000000015/R000000018
R000000028/3.854596/0275/R000000015/M000000009
M000000030/1.000000/0000/Sigma_BB-70380583
R000000029/3.854596/0275/R000000015/M000000030
R000000028/4.282884/0299/R000000029
R000000031/1.234568/0040/R000000020
R000000031/2.469136/0216/R000000024
R000000014/5.654626/0231/R000000028/R000000031
R000000013/6.265983/0153/R000000014
R000000033/1.371742/0091/R000000031
R000000034/2.222222/0112/R000000021/R000000005
R000000033/2.469136/0197/R000000034
R000000032/5.807042/0231/R000000028/R000000033
R000000035/2.895900/0091/R000000018
R000000036/3.580247/0231/M000000009/R000000034
R000000035/3.978053/0197/R000000036
R000000032/5.961151/0275/R000000015/R000000035
R000000013/6.452269/0154/R000000032
Q000000003/Analysis Failed
<NEXT>