#
#  Reaction log file
#  Author: LigBuilder V3 User_Diana
#  Creation time: Thu Apr  9 01:05:03 2026
#  Format:
#  QueryMoleculeId/Cost/SynthesizeId/ReactantId1/ReactantId2/ReactantId3.....
#  Id prefix:
#  Q --- Query Molecule
#  M --- Material
#  R --- Reactant
#
Directory      result/synthesize_PfHDAC1/292/DATABASE/
#
Q000000001/4.572474/0000/R000000001
R000000005/1.000000/0000/Guesstimate
R000000006/1.000000/0000/Guesstimate
R000000004/2.222222/0004/R000000005/R000000006
R000000003/2.469136/0153/R000000004
R000000007/2.469136/0086/R000000004
R000000007/2.469136/0091/R000000004
R000000003/2.743484/0154/R000000007
M000000010/1.000000/0000/Sigma_BB-28800343
R000000009/1.111111/0287/M000000010
M000000011/1.000000/0000/Sigma_BB-28778212
R000000012/1.000000/0000/Guesstimate
R000000009/2.222222/0274/M000000011/R000000012
R000000008/1.234568/0299/R000000009
M000000013/1.000000/0000/Sigma_BB-28774271
R000000008/2.222222/0274/M000000013/R000000012
R000000002/4.115227/0274/R000000003/R000000008
M000000016/1.000000/0000/Sigma_BB-28200223
R000000015/3.854596/0274/R000000003/M000000016
R000000014/4.282884/0017/R000000015
M000000018/1.000000/0000/Sigma_BB-27122906
R000000017/3.854596/0274/R000000003/M000000018
R000000014/4.282884/0017/R000000017
R000000002/5.869872/0274/R000000014/R000000012
R000000001/4.572474/0260/R000000002
R000000024/1.000000/0000/Guesstimate
R000000023/2.222222/0112/R000000024/R000000006
R000000022/2.469136/0197/R000000023
M000000025/1.000000/0000/Sigma_BB-28757047
R000000021/3.854596/0275/R000000022/M000000025
R000000020/4.282884/0074/R000000021
R000000020/4.282884/0167/R000000021
R000000019/4.758760/0017/R000000020
M000000028/1.000000/0000/Sigma_BB-28757048
R000000027/3.854596/0275/R000000022/M000000028
R000000026/4.282884/0074/R000000027
R000000026/4.282884/0167/R000000027
R000000019/4.758760/0017/R000000026
R000000001/6.398623/0274/R000000019/R000000012
Q000000002/4.282884/0000/R000000029
M000000031/1.000000/0000/Sigma_BB-28923981
R000000030/3.854596/0274/R000000003/M000000031
R000000032/1.000000/0000/Guesstimate
R000000030/5.869872/0274/R000000014/R000000032
R000000029/4.282884/0260/R000000030
M000000036/1.000000/0000/Sigma_BB-28769574
R000000035/1.111111/0104/M000000036
R000000035/1.111111/0104/M000000036
R000000034/1.234568/0248/R000000035
R000000037/1.111111/0104/M000000031
R000000037/1.111111/0104/M000000031
R000000034/1.234568/0257/R000000037
R000000033/4.115227/0275/R000000022/R000000034
R000000029/4.572474/0161/R000000033
Q000000003/4.572474/0000/R000000001
<NEXT>