#
#  Reaction log file
#  Author: LigBuilder V3 User_Diana
#  Creation time: Thu Apr  9 01:04:55 2026
#  Format:
#  QueryMoleculeId/Cost/SynthesizeId/ReactantId1/ReactantId2/ReactantId3.....
#  Id prefix:
#  Q --- Query Molecule
#  M --- Material
#  R --- Reactant
#
Directory      result/synthesize_PfHDAC1/294/DATABASE/
#
Q000000001/Analysis Failed
Q000000002/9.483651/0000/R000000001
R000000006/1.000000/0000/Guesstimate
R000000007/1.000000/0000/Guesstimate
R000000005/2.222222/0301/R000000006/R000000007
R000000005/2.222222/0301/R000000006/R000000007
R000000004/2.469136/0188/R000000005
R000000009/1.000000/0000/Guesstimate
R000000008/2.222222/0301/R000000006/R000000009
R000000008/2.222222/0301/R000000006/R000000009
R000000004/2.469136/0295/R000000008
R000000011/1.000000/0000/Guesstimate
R000000012/1.000000/0000/Guesstimate
R000000010/2.222222/0003/R000000011/R000000012
R000000014/1.000000/0000/Guesstimate
R000000013/2.222222/0004/R000000011/R000000014
R000000015/1.000000/0000/Guesstimate
R000000016/1.000000/0000/Guesstimate
R000000013/3.333333/0225/R000000011/R000000015/R000000016
R000000010/2.469136/0204/R000000013
R000000003/5.212621/0279/R000000004/R000000010
R000000003/5.212621/0279/R000000004/R000000010
R000000019/1.000000/0000/Guesstimate
R000000020/1.000000/0000/Guesstimate
R000000018/2.222222/0112/R000000019/R000000020
R000000017/2.469136/0153/R000000018
R000000022/1.000000/0000/Guesstimate
R000000021/2.222222/0112/R000000022/R000000020
R000000021/2.469136/0091/R000000018
R000000017/2.469136/0154/R000000021
R000000002/8.535286/0224/R000000003/R000000017
R000000001/9.483651/0279/R000000002
R000000001/9.483651/0279/R000000002
Q000000003/9.483651/0000/R000000001
Q000000004/Analysis Failed
<NEXT>