#
#  Reaction log file
#  Author: LigBuilder V3 User_Diana
#  Creation time: Thu Apr  9 01:04:18 2026
#  Format:
#  QueryMoleculeId/Cost/SynthesizeId/ReactantId1/ReactantId2/ReactantId3.....
#  Id prefix:
#  Q --- Query Molecule
#  M --- Material
#  R --- Reactant
#
Directory      result/synthesize_PfHDAC1/255/DATABASE/
#
Q000000001/5.944217/0000/R000000001
R000000005/1.000000/0000/Guesstimate
R000000006/1.000000/0000/Guesstimate
R000000004/2.222222/0112/R000000005/R000000006
R000000003/2.469136/0197/R000000004
M000000008/1.000000/0000/Sigma_BB-29509312
M000000010/1.000000/0000/Sigma_BB-28764950
R000000009/1.111111/0197/M000000010
R000000007/2.345679/0119/M000000008/R000000009
R000000011/2.222222/0119/M000000008/M000000010
R000000011/2.222222/0280/M000000008/M000000010
R000000007/2.469136/0197/R000000011
R000000002/5.349795/0275/R000000003/R000000007
R000000001/5.944217/0028/R000000002
M000000015/1.000000/0000/Sigma_BB-28830366
R000000014/1.111111/0085/M000000015
R000000013/2.345679/0119/M000000008/R000000014
R000000016/1.111111/0087/M000000015
R000000016/1.234568/0086/R000000014
R000000013/2.345679/0276/M000000008/R000000016
R000000012/5.349795/0275/R000000003/R000000013
R000000001/5.944217/0028/R000000012
Q000000002/7.468375/0000/R000000017
M000000021/1.000000/0000/Sigma_BB-29462777
R000000022/1.000000/0000/Guesstimate
R000000020/2.222222/0224/M000000021/R000000022
R000000019/2.469136/0009/R000000020
R000000023/1.000000/0000/Guesstimate
R000000025/1.000000/0000/Guesstimate
R000000024/2.222222/0224/R000000025/R000000022
R000000019/3.580247/0112/R000000023/R000000024
R000000028/1.000000/0000/Guesstimate
R000000029/1.000000/0000/Guesstimate
R000000027/2.222222/0285/R000000028/R000000029
R000000030/1.000000/0000/Guesstimate
R000000026/3.580247/0224/R000000027/R000000030
R000000032/1.000000/0000/Guesstimate
R000000031/3.580247/0224/R000000027/R000000032
R000000026/3.978053/0257/R000000031
R000000018/6.721537/0159/R000000019/R000000026
R000000034/1.111111/0009/M000000021
R000000034/2.222222/0112/R000000023/R000000025
R000000033/5.212621/0159/R000000034/R000000026
R000000035/3.703704/0159/R000000034/R000000027
R000000033/5.226338/0224/R000000035/R000000030
R000000018/6.902912/0224/R000000033/R000000022
R000000017/7.468375/0147/R000000018
R000000039/1.000000/0000/Guesstimate
R000000038/2.222222/0224/R000000028/R000000039
R000000037/3.580247/0224/R000000038/R000000022
R000000040/2.222222/0224/R000000039/R000000022
R000000037/3.580247/0224/R000000028/R000000040
R000000042/1.000000/0000/Guesstimate
R000000041/3.580247/0224/R000000027/R000000042
R000000041/3.978053/0147/R000000026
R000000036/7.956105/0159/R000000037/R000000041
R000000017/8.840117/0153/R000000036
Q000000003/3.978053/0000/R000000043
M000000046/1.000000/0000/Sigma_BB-27725905
R000000047/1.000000/0000/Guesstimate
R000000045/2.222222/0119/M000000046/R000000047
M000000049/1.000000/0000/Sigma_BB-187234791
R000000048/2.222222/0119/M000000049/R000000047
R000000048/2.222222/0280/M000000049/R000000047
R000000050/1.000000/0000/Guesstimate
R000000045/3.580247/0174/R000000048/R000000050
M000000051/1.000000/0000/Sigma_BB-28719223
R000000044/3.580247/0049/R000000045/M000000051
R000000054/1.000000/0000/Guesstimate
R000000053/3.580247/0175/R000000048/R000000054
R000000053/3.580247/0290/R000000048/R000000054
R000000055/1.000000/0000/Guesstimate
R000000052/5.089163/0277/R000000053/R000000055
R000000056/1.000000/0000/Guesstimate
R000000044/6.765737/0112/R000000052/R000000056
R000000043/3.978053/0099/R000000044
R000000043/3.978053/0099/R000000044
Q000000004/3.978053/0000/R000000043
<NEXT>