#
#  Reaction log file
#  Author: LigBuilder V3 User_Diana
#  Creation time: Thu Apr  9 01:00:50 2026
#  Format:
#  QueryMoleculeId/Cost/SynthesizeId/ReactantId1/ReactantId2/ReactantId3.....
#  Id prefix:
#  Q --- Query Molecule
#  M --- Material
#  R --- Reactant
#
Directory      result/synthesize_PfHDAC1/140/DATABASE/
#
Q000000001/8.147660/0000/R000000001
R000000007/1.000000/0000/Guesstimate
R000000006/1.111111/0283/R000000007
R000000008/1.000000/0000/Guesstimate
R000000005/2.345679/0285/R000000006/R000000008
R000000010/1.000000/0000/Guesstimate
R000000009/2.345679/0277/R000000006/R000000010
R000000005/2.606310/0295/R000000009
M000000011/1.000000/0000/Sigma_BB-28774655
R000000004/3.717421/0112/R000000005/M000000011
R000000003/4.130468/0079/R000000004
R000000013/1.000000/0000/Guesstimate
R000000012/3.717421/0112/R000000005/R000000013
R000000014/1.000000/0000/Guesstimate
R000000003/5.241580/0049/R000000012/R000000014
R000000017/1.000000/0000/Guesstimate
R000000018/1.000000/0000/Guesstimate
R000000016/2.222222/0004/R000000017/R000000018
R000000019/1.000000/0000/Guesstimate
R000000020/1.000000/0000/Guesstimate
R000000016/3.333333/0225/R000000018/R000000019/R000000020
R000000015/2.469136/0197/R000000016
R000000002/7.332894/0122/R000000003/R000000015
R000000022/1.000000/0000/Guesstimate
R000000021/3.717421/0112/R000000005/R000000022
R000000024/1.000000/0000/Guesstimate
R000000023/3.717421/0112/R000000005/R000000024
R000000021/4.130468/0155/R000000023
R000000026/1.000000/0000/Guesstimate
R000000025/3.854596/0003/R000000026/R000000015
M000000028/1.000000/0000/Sigma_BB-28721388
R000000027/3.580247/0212/M000000028/R000000016
R000000027/3.580247/0212/M000000028/R000000016
R000000025/3.978053/0009/R000000027
R000000002/8.413352/0122/R000000021/R000000025
R000000001/8.147660/0059/R000000002
M000000032/1.000000/0000/Sigma_BB-28457967
R000000031/3.717421/0004/R000000005/M000000032
R000000031/4.828533/0225/R000000005/R000000014/R000000020
R000000030/4.130468/0153/R000000031
R000000033/4.130468/0040/R000000012
R000000030/4.589409/0059/R000000033
R000000029/7.332894/0003/R000000030/R000000015
R000000035/4.130468/0059/R000000021
R000000034/5.700521/0004/R000000035/R000000014
R000000037/1.000000/0000/Guesstimate
R000000036/5.700521/0277/R000000035/R000000037
R000000038/1.000000/0000/Guesstimate
R000000036/5.700521/0301/R000000035/R000000038
R000000034/6.333912/0024/R000000036
R000000039/2.222222/0003/R000000026/R000000018
M000000041/1.000000/0000/Sigma_BB-28778979
R000000040/3.580247/0212/M000000041/R000000016
R000000042/1.000000/0000/Guesstimate
R000000040/3.854596/0004/R000000042/R000000015
R000000039/3.978053/0009/R000000040
R000000029/8.803048/0049/R000000034/R000000039
R000000001/8.147660/0099/R000000029
Q000000002/8.147660/0000/R000000001
Q000000003/7.331201/0000/R000000043
M000000045/1.000000/0000/Sigma_BB-30431413
R000000048/1.000000/0000/Guesstimate
R000000049/1.000000/0000/Guesstimate
R000000047/2.222222/0081/R000000048/R000000049
R000000050/1.000000/0000/Guesstimate
R000000047/2.222222/0210/R000000050/R000000049
R000000046/2.469136/0204/R000000047
R000000051/9.200000/0000/Guesstimate
R000000046/9.200000/0293/R000000051
R000000044/3.854596/0301/M000000045/R000000046
R000000044/3.854596/0301/M000000045/R000000046
R000000055/1.000000/0000/Guesstimate
R000000056/1.000000/0000/Guesstimate
R000000054/2.222222/0122/R000000055/R000000056
R000000054/2.222222/0122/R000000055/R000000056
R000000053/2.469136/0039/R000000054
R000000058/1.000000/0000/Guesstimate
R000000059/1.000000/0000/Guesstimate
R000000057/2.222222/0138/R000000058/R000000059
R000000053/2.469136/0099/R000000057
R000000052/2.743484/0024/R000000053
R000000062/1.000000/0000/Guesstimate
R000000063/1.000000/0000/Guesstimate
R000000061/2.222222/0174/R000000062/R000000063
R000000061/2.222222/0289/R000000062/R000000063
R000000060/3.580247/0012/R000000058/R000000061
R000000065/1.000000/0000/Guesstimate
R000000064/2.222222/0174/R000000065/R000000063
R000000066/1.000000/0000/Guesstimate
R000000064/3.580247/0285/R000000061/R000000066
R000000060/3.580247/0095/R000000055/R000000064
R000000052/3.978053/0025/R000000060
R000000043/7.331201/0069/R000000044/R000000052
R000000070/1.000000/0000/Guesstimate
R000000069/2.222222/0122/R000000055/R000000070
R000000069/2.222222/0122/R000000055/R000000070
R000000068/3.580247/0004/R000000069/R000000017
R000000072/1.000000/0000/Guesstimate
R000000071/3.580247/0277/R000000069/R000000072
R000000071/3.580247/0301/R000000069/R000000037
R000000068/3.978053/0024/R000000071
R000000067/8.260937/0069/R000000044/R000000068
R000000073/6.721537/0069/R000000046/R000000068
R000000074/6.721537/0069/R000000046/R000000071
R000000073/7.468375/0024/R000000074
R000000067/8.579486/0301/M000000045/R000000073
R000000043/9.178819/0073/R000000067
<NEXT>