#
#  Reaction log file
#  Author: LigBuilder V3 User_Diana
#  Creation time: Thu Apr  9 01:02:16 2026
#  Format:
#  QueryMoleculeId/Cost/SynthesizeId/ReactantId1/ReactantId2/ReactantId3.....
#  Id prefix:
#  Q --- Query Molecule
#  M --- Material
#  R --- Reactant
#
Directory      result/synthesize_PfHDAC1/177/DATABASE/
#
Q000000001/4.621586/0000/R000000001
R000000006/1.000000/0000/Guesstimate
R000000005/1.111111/0288/R000000006
R000000007/9.000000/0000/Guesstimate
R000000005/10.000000/0198/R000000007
M000000009/1.000000/0000/Sigma_BB-28524129
R000000008/1.111111/0086/M000000009
R000000008/1.111111/0091/M000000009
R000000004/2.469136/0112/R000000005/R000000008
R000000003/2.743484/0295/R000000004
R000000010/2.469136/0112/R000000005/R000000008
R000000003/2.743484/0295/R000000010
R000000011/1.000000/0000/Guesstimate
R000000002/4.159427/0012/R000000003/R000000011
R000000013/3.854596/0012/R000000004/R000000011
R000000013/3.854596/0285/R000000004/R000000011
R000000012/4.282884/0257/R000000013
R000000002/4.758760/0099/R000000012
R000000001/4.621586/0059/R000000002
R000000015/4.282884/0059/R000000013
R000000016/1.000000/0000/Guesstimate
R000000015/5.393995/0224/R000000013/R000000016
R000000014/4.758760/0257/R000000015
R000000018/4.758760/0099/R000000012
R000000017/5.287512/0228/R000000018
R000000017/5.287512/0286/R000000018
R000000014/5.875013/0156/R000000017
R000000001/5.287512/0099/R000000014
Q000000002/6.935089/0000/R000000019
R000000024/1.000000/0000/Guesstimate
R000000023/1.111111/0283/R000000024
R000000025/1.000000/0000/Guesstimate
R000000022/2.345679/0112/R000000023/R000000025
R000000026/1.000000/0000/Guesstimate
R000000021/3.717421/0285/R000000022/R000000026
R000000028/2.345679/0285/R000000023/R000000026
R000000030/1.000000/0000/Guesstimate
R000000029/2.345679/0277/R000000023/R000000030
R000000028/2.606310/0295/R000000029
R000000031/1.000000/0000/Guesstimate
R000000027/3.717421/0112/R000000028/R000000031
R000000021/4.130468/0155/R000000027
R000000032/1.000000/0000/Guesstimate
R000000020/5.241580/0122/R000000021/R000000032
R000000035/1.000000/0000/Guesstimate
R000000034/2.222222/0122/R000000025/R000000035
R000000034/2.222222/0122/R000000025/R000000035
R000000033/2.469136/0024/R000000034
R000000037/1.000000/0000/Guesstimate
R000000038/1.000000/0000/Guesstimate
R000000036/2.222222/0012/R000000037/R000000038
R000000039/1.000000/0000/Guesstimate
R000000036/2.222222/0095/R000000025/R000000039
R000000033/2.469136/0040/R000000036
R000000020/5.349795/0112/R000000028/R000000033
R000000040/1.000000/0000/Guesstimate
R000000019/6.935089/0003/R000000020/R000000040
R000000043/2.345679/0112/R000000023/R000000037
R000000044/1.000000/0000/Guesstimate
R000000043/3.717421/0112/R000000022/R000000044
R000000045/1.000000/0000/Guesstimate
R000000042/3.717421/0285/R000000043/R000000045
R000000041/4.130468/0041/R000000042
R000000048/1.000000/0000/Guesstimate
R000000047/3.717421/0112/R000000028/R000000048
R000000046/4.130468/0197/R000000047
R000000049/1.000000/0000/Guesstimate
R000000041/5.700521/0003/R000000046/R000000049
R000000051/1.000000/0000/Guesstimate
R000000050/2.222222/0003/R000000051/R000000040
R000000052/1.000000/0000/Guesstimate
R000000053/2.222222/0112/R000000044/R000000040
R000000055/1.000000/0000/Guesstimate
R000000054/2.222222/0004/R000000055/R000000040
R000000053/2.469136/0009/R000000054
R000000050/3.580247/0049/R000000052/R000000053
R000000019/7.058546/0012/R000000041/R000000050
Q000000003/9.348169/0000/R000000056
M000000059/1.000000/0000/Sigma_BB-28792337
R000000061/2.222222/0004/R000000051/R000000040
R000000062/1.000000/0000/Guesstimate
R000000063/1.000000/0000/Guesstimate
R000000061/3.333333/0225/R000000040/R000000062/R000000063
R000000065/1.000000/0000/Guesstimate
R000000064/1.111111/0297/R000000065
R000000067/1.000000/0000/Guesstimate
R000000066/1.111111/0288/R000000067
R000000068/1.000000/0000/Guesstimate
R000000066/1.111111/0291/R000000068
R000000064/1.234568/0295/R000000066
R000000060/3.703704/0004/R000000061/R000000064
R000000069/2.345679/0004/R000000051/R000000064
R000000069/3.456790/0225/R000000062/R000000064/R000000063
R000000060/3.717421/0004/R000000069/R000000040
R000000058/5.226338/0003/M000000059/R000000060
R000000070/1.000000/0000/Guesstimate
R000000071/5.226338/0001/R000000051/R000000060
R000000072/1.000000/0000/Guesstimate
R000000071/5.226338/0003/R000000072/R000000060
R000000058/6.918153/0003/R000000070/R000000071
R000000057/8.413352/0112/R000000028/R000000058
R000000057/9.356806/0003/R000000046/R000000071
R000000056/9.348169/0099/R000000057
R000000077/1.000000/0000/Guesstimate
R000000076/2.222222/0004/R000000077/R000000040
R000000079/3.333333/0225/R000000070/R000000040/R000000063
R000000079/3.333333/0225/R000000070/R000000040/R000000063
R000000078/3.703704/0197/R000000079
R000000076/5.226338/0275/R000000078/R000000063
R000000075/3.580247/0003/R000000044/R000000076
R000000075/5.226338/0003/R000000049/R000000078
R000000081/1.000000/0000/Guesstimate
R000000080/1.111111/0291/R000000081
R000000080/1.111111/0291/R000000081
R000000074/5.212621/0301/R000000075/R000000080
R000000074/5.212621/0301/R000000075/R000000080
R000000073/5.791801/0188/R000000074
R000000083/1.000000/0000/Guesstimate
R000000088/1.000000/0000/Guesstimate
R000000087/3.333333/0225/R000000088/R000000040/R000000063
R000000087/3.333333/0225/R000000088/R000000040/R000000063
R000000086/3.703704/0197/R000000087
R000000085/5.349795/0301/R000000086/R000000080
R000000085/5.349795/0301/R000000086/R000000080
R000000084/5.944217/0188/R000000085
R000000089/5.349795/0301/R000000086/R000000066
R000000089/5.349795/0301/R000000086/R000000066
R000000084/5.944217/0295/R000000089
R000000082/7.715796/0277/R000000083/R000000084
R000000073/8.573108/0009/R000000082
R000000056/9.509222/0122/R000000021/R000000073
Q000000004/9.348169/0000/R000000056
<NEXT>