#
#  Reaction log file
#  Author: LigBuilder V3 User_Diana
#  Creation time: Thu Apr  9 01:02:50 2026
#  Format:
#  QueryMoleculeId/Cost/SynthesizeId/ReactantId1/ReactantId2/ReactantId3.....
#  Id prefix:
#  Q --- Query Molecule
#  M --- Material
#  R --- Reactant
#
Directory      result/synthesize_PfHDAC1/205/DATABASE/
#
Q000000001/4.282884/0000/R000000001
R000000005/1.000000/0000/Guesstimate
R000000006/1.000000/0000/Guesstimate
R000000004/2.222222/0112/R000000005/R000000006
R000000003/2.469136/0197/R000000004
R000000003/2.469136/0197/R000000004
M000000007/1.000000/0000/Sigma_BB-29509312
R000000002/3.854596/0275/R000000003/M000000007
R000000001/4.282884/0222/R000000002
R000000011/1.000000/0000/Guesstimate
R000000012/1.000000/0000/Guesstimate
R000000010/2.222222/0285/R000000011/R000000012
R000000009/2.469136/0279/R000000010
R000000009/2.469136/0279/R000000010
R000000008/5.486969/0275/R000000003/R000000009
R000000001/6.096632/0161/R000000008
Q000000002/4.282884/0000/R000000001
Q000000003/4.282884/0000/R000000001
<NEXT>