#
#  Reaction log file
#  Author: LigBuilder V3 User_Diana
#  Creation time: Thu Apr  9 01:03:15 2026
#  Format:
#  QueryMoleculeId/Cost/SynthesizeId/ReactantId1/ReactantId2/ReactantId3.....
#  Id prefix:
#  Q --- Query Molecule
#  M --- Material
#  R --- Reactant
#
Directory      result/synthesize_PfHDAC1/220/DATABASE/
#
Q000000001/7.256855/0000/R000000001
R000000006/1.000000/0000/Guesstimate
R000000007/1.000000/0000/Guesstimate
R000000005/2.222222/0112/R000000006/R000000007
R000000004/2.469136/0197/R000000005
R000000004/2.469136/0197/R000000005
M000000009/1.000000/0000/Sigma_BB-70737316
R000000008/1.111111/0114/M000000009
R000000003/3.978053/0275/R000000004/R000000008
R000000010/3.854596/0275/R000000004/M000000009
R000000003/4.282884/0114/R000000010
R000000011/1.000000/0000/Guesstimate
R000000002/5.531170/0274/R000000003/R000000011
R000000014/1.000000/0000/Guesstimate
R000000013/2.345679/0274/R000000008/R000000014
R000000012/5.349795/0275/R000000004/R000000013
R000000015/1.000000/0000/Guesstimate
R000000002/7.055328/0274/R000000012/R000000015
R000000016/1.000000/0000/Guesstimate
R000000001/7.256855/0231/R000000002/R000000016
R000000020/1.000000/0000/Guesstimate
R000000019/2.222222/0004/R000000020/R000000007
R000000018/2.469136/0153/R000000019
R000000021/2.469136/0086/R000000019
R000000021/2.469136/0091/R000000019
R000000018/2.743484/0154/R000000021
R000000023/2.345679/0231/R000000008/R000000016
R000000022/3.717421/0274/R000000023/R000000011
R000000024/3.717421/0231/R000000013/R000000016
R000000022/5.241580/0274/R000000024/R000000015
R000000017/6.873953/0274/R000000018/R000000022
R000000001/7.637726/0260/R000000017
Q000000002/Analysis Failed
Q000000003/Analysis Failed
<NEXT>