#
#  Reaction log file
#  Author: LigBuilder V3 User_Diana
#  Creation time: Thu Apr  9 01:04:15 2026
#  Format:
#  QueryMoleculeId/Cost/SynthesizeId/ReactantId1/ReactantId2/ReactantId3.....
#  Id prefix:
#  Q --- Query Molecule
#  M --- Material
#  R --- Reactant
#
Directory      result/synthesize_PfHDAC1/262/DATABASE/
#
Q000000001/7.690413/0000/R000000001
R000000004/1.000000/0000/Guesstimate
R000000005/1.000000/0000/Guesstimate
R000000003/2.222222/0138/R000000004/R000000005
R000000006/1.000000/0000/Guesstimate
R000000007/1.000000/0000/Guesstimate
R000000003/2.222222/0138/R000000006/R000000007
R000000002/2.469136/0099/R000000003
R000000009/1.000000/0000/Guesstimate
R000000010/1.000000/0000/Guesstimate
R000000008/2.222222/0003/R000000009/R000000010
R000000011/1.000000/0000/Guesstimate
R000000012/1.000000/0000/Guesstimate
R000000008/2.222222/0112/R000000011/R000000012
R000000002/2.469136/0099/R000000008
R000000015/1.000000/0000/Guesstimate
R000000019/1.000000/0000/Guesstimate
R000000018/1.111111/0054/R000000019
R000000020/1.000000/0000/Guesstimate
R000000021/1.000000/0000/Guesstimate
R000000018/2.222222/0004/R000000020/R000000021
R000000022/1.000000/0000/Guesstimate
R000000017/2.345679/0112/R000000018/R000000022
R000000016/2.606310/0009/R000000017
R000000023/2.222222/0112/R000000019/R000000022
R000000024/1.000000/0000/Guesstimate
R000000016/3.580247/0049/R000000023/R000000024
R000000014/4.007011/0061/R000000015/R000000016
R000000025/1.000000/0000/Guesstimate
R000000014/4.007011/0062/R000000025/R000000016
R000000013/4.452235/0147/R000000014
R000000028/1.000000/0000/Guesstimate
R000000027/4.007011/0061/R000000028/R000000016
R000000029/1.000000/0000/Guesstimate
R000000027/4.007011/0062/R000000029/R000000016
R000000026/4.452235/0147/R000000027
R000000013/4.946928/0155/R000000026
R000000001/7.690413/0301/R000000002/R000000013
R000000033/1.000000/0000/Guesstimate
R000000034/1.000000/0000/Guesstimate
R000000032/2.222222/0277/R000000033/R000000034
R000000032/2.222222/0301/R000000010/R000000015
R000000031/5.365036/0061/R000000032/R000000016
R000000035/2.469136/0041/R000000032
R000000035/2.469136/0233/R000000032
R000000031/5.639385/0062/R000000035/R000000016
R000000030/7.072262/0122/R000000004/R000000031
R000000030/7.072262/0122/R000000004/R000000031
R000000001/7.858069/0147/R000000030
Q000000002/7.690413/0000/R000000001
Q000000003/Analysis Failed
<NEXT>