#
#  Reaction log file
#  Author: LigBuilder V3 User_Diana
#  Creation time: Thu Apr  9 01:02:25 2026
#  Format:
#  QueryMoleculeId/Cost/SynthesizeId/ReactantId1/ReactantId2/ReactantId3.....
#  Id prefix:
#  Q --- Query Molecule
#  M --- Material
#  R --- Reactant
#
Directory      result/synthesize_PfHDAC1/183/DATABASE/
#
Q000000001/4.420058/0000/R000000001
M000000005/1.000000/0000/Sigma_BB-34984802
R000000004/1.111111/0114/M000000005
R000000006/1.000000/0000/Guesstimate
R000000003/2.345679/0119/R000000004/R000000006
R000000007/2.222222/0119/M000000005/R000000006
R000000009/1.000000/0000/Guesstimate
R000000008/2.222222/0119/M000000005/R000000009
R000000010/1.000000/0000/Guesstimate
R000000008/2.222222/0276/M000000005/R000000010
R000000007/2.469136/0147/R000000008
R000000003/2.469136/0114/R000000007
M000000013/1.000000/0000/Sigma_BB-332441958
R000000012/1.111111/0291/M000000013
R000000012/1.111111/0291/M000000013
R000000011/1.234568/0156/R000000012
R000000015/1.000000/0000/Guesstimate
R000000014/2.222222/0279/M000000013/R000000015
R000000014/2.222222/0279/M000000013/R000000015
R000000011/2.469136/0228/R000000014
R000000002/3.978052/0301/R000000003/R000000011
R000000002/3.978052/0301/R000000003/R000000011
R000000001/4.420058/0028/R000000002
R000000017/1.234568/0156/R000000012
R000000018/1.234568/0217/R000000012
R000000017/1.371742/0059/R000000018
R000000016/3.978052/0301/R000000003/R000000017
R000000016/3.978052/0301/R000000003/R000000017
R000000001/4.420058/0028/R000000016
Q000000002/6.130503/0000/R000000019
R000000022/2.469136/0301/R000000004/R000000012
R000000022/2.469136/0301/R000000004/R000000012
R000000021/2.743484/0156/R000000022
R000000023/3.703704/0301/R000000004/R000000014
R000000023/3.703704/0301/R000000004/R000000014
R000000021/4.115227/0228/R000000023
R000000025/1.000000/0000/Guesstimate
R000000024/2.222222/0004/R000000006/R000000025
R000000027/1.000000/0000/Guesstimate
R000000026/2.222222/0003/R000000027/R000000025
R000000024/2.469136/0040/R000000026
R000000020/5.517452/0119/R000000021/R000000024
R000000028/3.580247/0119/M000000005/R000000024
M000000030/1.000000/0000/Sigma_BB-308324471
R000000029/3.580247/0119/M000000030/R000000024
R000000029/3.580247/0280/M000000030/R000000024
R000000028/3.978053/0239/R000000029
R000000033/1.000000/0000/Guesstimate
R000000032/2.482853/0112/R000000011/R000000033
R000000031/2.758726/0197/R000000032
R000000035/1.000000/0000/Guesstimate
R000000034/2.482853/0301/R000000011/R000000035
R000000034/2.482853/0301/R000000011/R000000035
R000000031/2.758726/0260/R000000034
R000000020/7.043303/0175/R000000028/R000000031
R000000019/6.130503/0028/R000000020
R000000038/2.469136/0301/R000000004/R000000012
R000000038/2.469136/0301/R000000004/R000000012
R000000037/2.743484/0156/R000000038
R000000039/2.606310/0301/R000000004/R000000018
R000000039/2.606310/0301/R000000004/R000000018
R000000037/2.895900/0059/R000000039
R000000036/5.517452/0119/R000000037/R000000024
R000000041/2.482853/0112/R000000017/R000000033
R000000040/2.758726/0197/R000000041
R000000042/2.482853/0301/R000000017/R000000035
R000000042/2.482853/0301/R000000017/R000000035
R000000040/2.758726/0260/R000000042
R000000036/7.043303/0175/R000000028/R000000040
R000000019/6.130503/0028/R000000036
Q000000003/6.130503/0000/R000000019
Q000000004/4.420058/0000/R000000001
<NEXT>