#
#  Reaction log file
#  Author: LigBuilder V3 User_Diana
#  Creation time: Thu Apr  9 01:03:39 2026
#  Format:
#  QueryMoleculeId/Cost/SynthesizeId/ReactantId1/ReactantId2/ReactantId3.....
#  Id prefix:
#  Q --- Query Molecule
#  M --- Material
#  R --- Reactant
#
Directory      result/synthesize_PfHDAC1/237/DATABASE/
#
Q000000001/4.282884/0000/R000000001
R000000005/1.000000/0000/Guesstimate
R000000006/1.000000/0000/Guesstimate
R000000004/2.222222/0112/R000000005/R000000006
R000000003/2.469136/0197/R000000004
M000000007/1.000000/0000/Sigma_BB-27733454
R000000002/3.854596/0275/R000000003/M000000007
R000000001/4.282884/0147/R000000002
M000000010/1.000000/0000/Sigma_BB-27092316
R000000009/1.111111/0009/M000000010
M000000011/1.000000/0000/Sigma_BB-28945063
R000000012/1.000000/0000/Guesstimate
R000000009/2.222222/0003/M000000011/R000000012
R000000008/3.978053/0275/R000000003/R000000009
R000000001/4.420059/0147/R000000008
Q000000002/5.393995/0000/R000000013
R000000014/3.854596/0275/R000000003/M000000011
M000000017/1.000000/0000/Sigma_BB-244164693
R000000016/1.111111/0104/M000000017
R000000016/1.111111/0104/M000000017
R000000015/3.978053/0275/R000000003/R000000016
R000000014/4.420059/0160/R000000015
R000000018/1.000000/0000/Guesstimate
R000000013/5.393995/0004/R000000014/R000000018
M000000021/1.000000/0000/Sigma_BB-28766735
R000000022/1.000000/0000/Guesstimate
R000000020/2.222222/0119/M000000021/R000000022
M000000024/1.000000/0000/Sigma_BB-28757047
R000000025/1.000000/0000/Guesstimate
R000000023/2.222222/0175/M000000024/R000000025
R000000023/2.222222/0290/M000000024/R000000025
R000000020/2.469136/0039/R000000023
R000000019/5.212621/0275/R000000003/R000000020
R000000026/3.854596/0275/R000000003/M000000024
M000000028/1.000000/0000/Sigma_BB-28151472
R000000027/3.854596/0275/R000000003/M000000028
R000000026/4.282884/0299/R000000027
R000000029/1.000000/0000/Guesstimate
R000000019/5.393995/0175/R000000026/R000000029
R000000013/5.791801/0024/R000000019
Q000000003/5.993328/0000/R000000030
M000000033/1.000000/0000/Sigma_BB-29088450
R000000032/3.854596/0275/R000000003/M000000033
R000000032/4.282884/0287/R000000026
R000000034/1.000000/0000/Guesstimate
R000000031/5.393995/0112/R000000032/R000000034
R000000035/4.282884/0125/R000000032
R000000036/1.000000/0000/Guesstimate
R000000035/5.393995/0112/R000000032/R000000036
R000000037/1.000000/0000/Guesstimate
R000000031/5.869872/0138/R000000035/R000000037
R000000030/5.993328/0099/R000000031
M000000041/1.000000/0000/Sigma_BB-152437451
R000000040/2.222222/0004/M000000033/M000000041
R000000039/2.469136/0197/R000000040
R000000038/5.486969/0275/R000000003/R000000039
R000000030/6.096632/0028/R000000038
Q000000004/5.393995/0000/R000000042
R000000042/5.393995/0004/R000000032/R000000018
M000000046/1.000000/0000/Sigma_BB-28769194
R000000045/1.111111/0093/M000000046
R000000045/2.222222/0004/M000000033/R000000018
R000000044/2.345679/0119/R000000045/R000000022
R000000047/2.222222/0175/M000000024/R000000025
R000000047/2.222222/0290/M000000024/R000000025
R000000044/2.469136/0039/R000000047
R000000043/5.349795/0275/R000000003/R000000044
R000000043/5.393995/0175/R000000026/R000000029
R000000042/5.944217/0024/R000000043
<NEXT>