#
#  Reaction log file
#  Author: LigBuilder V3 User_Diana
#  Creation time: Thu Apr  9 00:57:22 2026
#  Format:
#  QueryMoleculeId/Cost/SynthesizeId/ReactantId1/ReactantId2/ReactantId3.....
#  Id prefix:
#  Q --- Query Molecule
#  M --- Material
#  R --- Reactant
#
Directory      result/synthesize_PfHDAC1/7/DATABASE/
#
Q000000001/Analysis Failed
Q000000002/4.267642/0000/R000000001
R000000005/1.000000/0000/Guesstimate
R000000004/1.111111/0283/R000000005
R000000006/1.000000/0000/Guesstimate
R000000003/2.345679/0285/R000000004/R000000006
R000000008/1.000000/0000/Guesstimate
R000000007/2.345679/0277/R000000004/R000000008
R000000003/2.606310/0295/R000000007
M000000010/1.000000/0000/Sigma_BB-137970237
R000000009/1.111111/0086/M000000010
R000000009/1.111111/0091/M000000010
R000000002/3.840878/0112/R000000003/R000000009
R000000012/1.000000/0000/Guesstimate
R000000011/3.717421/0112/R000000003/R000000012
R000000013/2.345679/0112/R000000004/R000000012
R000000011/3.717421/0285/R000000013/R000000006
R000000014/1.000000/0000/Guesstimate
R000000002/5.241580/0274/R000000011/R000000014
R000000001/4.267642/0233/R000000002
R000000001/4.267642/0258/R000000002
Q000000003/4.267642/0000/R000000001
<NEXT>