#
#  Reaction log file
#  Author: LigBuilder V3 User_Diana
#  Creation time: Thu Apr  9 01:04:09 2026
#  Format:
#  QueryMoleculeId/Cost/SynthesizeId/ReactantId1/ReactantId2/ReactantId3.....
#  Id prefix:
#  Q --- Query Molecule
#  M --- Material
#  R --- Reactant
#
Directory      result/synthesize_PfHDAC1/257/DATABASE/
#
Q000000001/5.791801/0000/R000000001
R000000005/1.000000/0000/Guesstimate
R000000006/1.000000/0000/Guesstimate
R000000004/2.222222/0112/R000000005/R000000006
R000000003/2.469136/0197/R000000004
R000000003/2.469136/0197/R000000004
M000000008/1.000000/0000/Sigma_BB-70737316
R000000009/1.000000/0000/Guesstimate
R000000007/2.222222/0231/M000000008/R000000009
R000000011/1.000000/0000/Guesstimate
R000000010/2.222222/0231/M000000008/R000000011
R000000007/2.469136/0082/R000000010
R000000002/5.212621/0275/R000000003/R000000007
R000000012/3.854596/0275/R000000003/M000000008
M000000014/1.000000/0000/Sigma_BB-70380583
R000000013/3.854596/0275/R000000003/M000000014
R000000012/4.282884/0299/R000000013
R000000002/5.393995/0231/R000000012/R000000009
R000000001/5.791801/0147/R000000002
M000000018/1.000000/0000/Sigma_BB-29519611
R000000017/1.111111/0009/M000000018
M000000019/1.000000/0000/Sigma_BB-28527072
R000000017/1.111111/0082/M000000019
R000000020/1.000000/0000/Guesstimate
R000000016/2.345679/0122/R000000017/R000000020
R000000022/1.000000/0000/Guesstimate
R000000023/1.000000/0000/Guesstimate
R000000021/2.222222/0279/R000000022/R000000023
R000000021/2.222222/0279/R000000022/R000000023
R000000016/2.469136/0040/R000000021
R000000015/6.889194/0231/R000000012/R000000016
R000000001/7.654660/0212/R000000015
Q000000002/Analysis Failed
Q000000003/6.096632/0000/R000000024
R000000028/1.000000/0000/Guesstimate
R000000029/1.000000/0000/Guesstimate
R000000027/2.222222/0158/R000000028/R000000029
R000000027/2.222222/0158/R000000028/R000000029
R000000026/2.469136/0188/R000000027
R000000030/2.222222/0158/R000000028/R000000029
R000000030/2.222222/0158/R000000028/R000000029
R000000026/2.469136/0188/R000000030
R000000025/5.486969/0275/R000000003/R000000026
R000000024/6.096632/0160/R000000025
R000000034/1.000000/0000/Guesstimate
R000000035/1.000000/0000/Guesstimate
R000000033/2.222222/0158/R000000034/R000000035
R000000033/2.222222/0158/R000000034/R000000035
R000000032/2.469136/0188/R000000033
R000000037/1.000000/0000/Guesstimate
R000000036/2.222222/0158/R000000034/R000000037
R000000036/2.222222/0158/R000000034/R000000037
R000000032/2.469136/0188/R000000036
R000000031/5.486969/0275/R000000003/R000000032
R000000024/6.096632/0160/R000000031
<NEXT>