#
#  Reaction log file
#  Author: LigBuilder V3 User_Diana
#  Creation time: Thu Apr  9 00:57:37 2026
#  Format:
#  QueryMoleculeId/Cost/SynthesizeId/ReactantId1/ReactantId2/ReactantId3.....
#  Id prefix:
#  Q --- Query Molecule
#  M --- Material
#  R --- Reactant
#
Directory      result/synthesize_PfHDAC1/18/DATABASE/
#
Q000000001/7.500551/0000/R000000001
R000000006/1.000000/0000/Guesstimate
R000000005/1.111111/0283/R000000006
R000000007/1.000000/0000/Guesstimate
R000000004/2.345679/0112/R000000005/R000000007
R000000003/2.606310/0197/R000000004
R000000008/1.000000/0000/Guesstimate
R000000002/4.007011/0285/R000000003/R000000008
R000000011/1.000000/0000/Guesstimate
R000000010/4.007011/0277/R000000003/R000000011
R000000012/1.000000/0000/Guesstimate
R000000009/5.563346/0274/R000000010/R000000012
R000000014/1.000000/0000/Guesstimate
R000000013/4.007011/0277/R000000003/R000000014
R000000015/1.000000/0000/Guesstimate
R000000009/5.563346/0301/R000000013/R000000015
R000000002/6.181496/0295/R000000009
R000000019/1.000000/0000/Guesstimate
R000000020/1.000000/0000/Guesstimate
R000000018/2.222222/0274/R000000019/R000000020
R000000017/2.469136/0122/R000000018
R000000017/9.333333/0293/R000000021
R000000016/2.743484/0090/R000000017
R000000026/1.000000/0000/Guesstimate
R000000027/1.000000/0000/Guesstimate
R000000025/2.222222/0274/R000000026/R000000027
R000000024/2.469136/0112/R000000025
R000000028/8.400000/0000/Guesstimate
R000000024/9.333333/0082/R000000028
R000000023/3.854596/0277/R000000015/R000000024
R000000031/1.000000/0000/Guesstimate
R000000030/2.222222/0274/R000000026/R000000031
R000000029/2.469136/0112/R000000030
R000000032/2.222222/0112/R000000026/R000000031
R000000029/2.469136/0274/R000000032
R000000023/3.854596/0301/R000000015/R000000029
R000000022/4.282884/0155/R000000023
R000000034/1.000000/0000/Guesstimate
R000000033/3.854596/0285/R000000034/R000000024
R000000033/4.282884/0295/R000000023
R000000022/4.282884/0228/R000000033
R000000016/4.758760/0099/R000000022
R000000001/7.500551/0112/R000000002/R000000016
R000000037/2.345679/0285/R000000005/R000000008
R000000039/1.000000/0000/Guesstimate
R000000038/2.345679/0277/R000000005/R000000039
R000000037/2.606310/0295/R000000038
R000000040/1.000000/0000/Guesstimate
R000000036/3.717421/0112/R000000037/R000000040
R000000042/1.000000/0000/Guesstimate
R000000041/3.717421/0112/R000000037/R000000042
R000000036/4.130468/0147/R000000041
R000000035/6.873953/0277/R000000036/R000000029
R000000043/3.717421/0112/R000000037/R000000027
R000000045/1.000000/0000/Guesstimate
R000000044/3.717421/0112/R000000037/R000000045
R000000044/4.130468/0041/R000000041
R000000043/4.130468/0155/R000000044
R000000035/6.873953/0277/R000000043/R000000024
R000000001/7.637726/0099/R000000035
Q000000002/9.178819/0000/R000000046
R000000050/1.000000/0000/Guesstimate
R000000053/1.000000/0000/Guesstimate
R000000052/1.111111/0283/R000000053
R000000055/1.000000/0000/Guesstimate
R000000054/2.222222/0122/R000000055/R000000014
R000000056/1.000000/0000/Guesstimate
R000000057/1.000000/0000/Guesstimate
R000000054/2.222222/0122/R000000056/R000000057
R000000051/3.703704/0277/R000000052/R000000054
R000000059/1.000000/0000/Guesstimate
R000000058/2.345679/0277/R000000052/R000000059
R000000060/1.000000/0000/Guesstimate
R000000051/3.717421/0279/R000000058/R000000060
R000000049/5.226338/0004/R000000050/R000000051
R000000061/1.000000/0000/Guesstimate
R000000049/6.337449/0225/R000000061/R000000051/R000000012
R000000048/5.807042/0086/R000000049
R000000048/5.807042/0091/R000000049
R000000047/9.058579/0112/R000000037/R000000048
R000000064/1.000000/0000/Guesstimate
R000000063/3.717421/0004/R000000037/R000000064
R000000065/3.717421/0004/R000000037/R000000050
R000000065/4.452235/0092/R000000002
R000000063/4.130468/0085/R000000065
R000000067/2.743484/0082/R000000029
R000000066/3.048316/0118/R000000067
R000000068/1.000000/0000/Guesstimate
R000000066/4.159427/0112/R000000067/R000000068
R000000062/7.517487/0049/R000000063/R000000066
R000000071/2.606310/0257/R000000038
R000000076/1.000000/0000/Guesstimate
R000000075/5.563346/0276/R000000002/R000000076
R000000075/5.563346/0278/R000000002/R000000076
R000000074/6.181496/0024/R000000075
R000000078/1.000000/0000/Guesstimate
R000000077/5.563346/0174/R000000002/R000000078
R000000079/1.111111/0287/R000000078
R000000077/5.686803/0112/R000000002/R000000079
R000000074/6.181496/0025/R000000077
R000000073/6.868329/0198/R000000074
R000000073/7.292607/0275/R000000009/R000000012
R000000072/7.631477/0257/R000000073
R000000082/1.000000/0000/Guesstimate
R000000081/4.007011/0277/R000000003/R000000082
R000000080/4.452235/0260/R000000081
R000000080/4.452235/0260/R000000081
R000000072/7.979440/0275/R000000080/R000000012
R000000071/8.479419/0197/R000000072
R000000070/4.007011/0004/R000000071/R000000064
R000000084/1.000000/0000/Guesstimate
R000000083/4.007011/0004/R000000071/R000000084
R000000070/4.452235/0155/R000000083
R000000069/7.839253/0049/R000000070/R000000066
R000000062/8.710281/0099/R000000069
R000000085/1.000000/0000/Guesstimate
R000000047/9.463874/0256/R000000062/R000000085
R000000046/9.058579/0099/R000000047
R000000093/1.000000/0000/Guesstimate
R000000094/1.000000/0000/Guesstimate
R000000092/2.222222/0274/R000000093/R000000094
R000000091/2.469136/0285/R000000092
R000000095/10.000000/0041/R000000091
R000000095/10.000000/0233/R000000091
R000000091/9.100000/0257/R000000095
R000000090/3.854596/0004/R000000091/R000000084
R000000096/1.000000/0000/Guesstimate
R000000090/3.854596/0256/R000000091/R000000096
R000000089/5.393995/0003/R000000090/R000000057
R000000097/4.282884/0197/R000000090
M000000098/1.000000/0000/Sigma_BB-28829657
R000000089/5.869872/0112/R000000097/M000000098
R000000088/5.993328/0055/R000000089
R000000087/6.659254/0197/R000000088
R000000102/3.854596/0256/R000000091/R000000085
R000000102/4.115227/0099/R000000051
R000000101/5.393995/0004/R000000050/R000000102
R000000101/6.505106/0225/R000000061/R000000102/R000000012
R000000100/5.993328/0086/R000000101
R000000100/5.993328/0091/R000000101
R000000099/6.659254/0198/R000000100
R000000099/6.659254/0298/R000000100
R000000087/7.399171/0257/R000000099
R000000086/9.004932/0112/R000000037/R000000087
R000000105/2.345679/0277/R000000027/R000000052
R000000104/5.212620/0112/R000000037/R000000105
R000000104/5.365036/0277/R000000043/R000000052
R000000103/5.961151/0099/R000000104
R000000103/6.873953/0049/R000000063/R000000091
R000000106/2.222222/0003/R000000096/R000000057
R000000106/2.222222/0112/M000000098/R000000068
R000000086/9.092637/0256/R000000103/R000000106
R000000046/9.092637/0099/R000000086
Q000000003/9.155635/0000/R000000107
R000000111/1.000000/0000/Guesstimate
R000000110/2.345679/0277/R000000052/R000000111
R000000112/1.000000/0000/Guesstimate
R000000110/3.717421/0112/R000000105/R000000112
R000000109/2.606310/0099/R000000110
R000000113/1.000000/0000/Guesstimate
R000000109/3.854596/0049/R000000091/R000000113
R000000108/2.895900/0099/R000000109
R000000115/1.000000/0000/Guesstimate
R000000114/3.854596/0138/R000000091/R000000115
R000000116/2.743484/0040/R000000091
R000000114/4.159427/0003/R000000116/R000000112
R000000108/4.282884/0099/R000000114
R000000107/9.077396/0003/R000000074/R000000108
R000000118/2.606310/0257/R000000037
R000000120/6.181496/0257/R000000075
R000000119/6.868329/0024/R000000120
R000000121/8.479419/0257/R000000072
R000000119/9.421576/0099/R000000121
R000000118/7.631477/0197/R000000119
R000000123/4.328778/0004/R000000050/R000000108
R000000123/5.439889/0225/R000000061/R000000108/R000000012
R000000122/4.809754/0086/R000000123
R000000122/4.809754/0091/R000000123
R000000117/8.240071/0112/R000000118/R000000122
R000000124/4.007011/0004/R000000118/R000000064
R000000125/4.007011/0004/R000000118/R000000050
R000000125/7.631477/0093/R000000119
R000000124/4.452235/0085/R000000125
M000000129/1.000000/0000/Sigma_BB-152437451
R000000128/3.854596/0004/R000000091/M000000129
R000000127/4.282884/0197/R000000128
R000000126/4.758760/0028/R000000127
R000000131/1.000000/0000/Guesstimate
R000000130/4.328778/0004/R000000131/R000000108
R000000126/4.809754/0009/R000000130
R000000117/9.739747/0049/R000000124/R000000126
R000000107/9.155635/0041/R000000117
Q000000004/9.178819/0000/R000000046
<NEXT>