#
#  Reaction log file
#  Author: LigBuilder V3 User_Diana
#  Creation time: Thu Apr  9 01:04:33 2026
#  Format:
#  QueryMoleculeId/Cost/SynthesizeId/ReactantId1/ReactantId2/ReactantId3.....
#  Id prefix:
#  Q --- Query Molecule
#  M --- Material
#  R --- Reactant
#
Directory      result/synthesize_PfHDAC1/272/DATABASE/
#
Q000000001/4.130468/0000/R000000001
R000000003/1.000000/0000/Guesstimate
M000000006/1.000000/0000/Sigma_BB-28769357
R000000005/1.111111/0104/M000000006
R000000005/1.111111/0104/M000000006
R000000007/1.000000/0000/Guesstimate
R000000004/2.345679/0212/R000000005/R000000007
R000000004/2.345679/0212/R000000005/R000000007
R000000002/3.717421/0275/R000000003/R000000004
M000000010/1.000000/0000/Sigma_BB-244164693
R000000009/2.222222/0275/R000000003/M000000010
R000000008/2.469136/0104/R000000009
R000000008/2.469136/0104/R000000009
R000000011/1.000000/0000/Guesstimate
R000000002/3.854596/0301/R000000008/R000000011
R000000001/4.130468/0160/R000000002
R000000014/1.000000/0000/Guesstimate
R000000013/3.717421/0275/R000000014/R000000004
R000000012/4.130468/0160/R000000013
R000000016/1.000000/0000/Guesstimate
R000000017/2.606310/0160/R000000004
R000000015/4.007011/0275/R000000016/R000000017
R000000012/4.452235/0091/R000000015
R000000001/4.589409/0239/R000000012
Q000000002/4.130468/0000/R000000001
Q000000003/6.265983/0000/R000000018
R000000022/1.000000/0000/Guesstimate
M000000024/1.000000/0000/Sigma_BB-28764950
R000000023/1.111111/0085/M000000024
R000000021/2.345679/0212/R000000022/R000000023
R000000021/2.345679/0212/R000000022/R000000023
R000000020/2.606310/0093/R000000021
M000000026/1.000000/0000/Sigma_BB-28457967
R000000025/3.717421/0212/R000000021/M000000026
R000000025/3.717421/0212/R000000021/M000000026
R000000020/4.130468/0100/R000000025
R000000029/1.000000/0000/Guesstimate
R000000030/1.000000/0000/Guesstimate
R000000028/2.222222/0256/R000000029/R000000030
R000000027/2.469136/0040/R000000028
M000000034/1.000000/0000/Sigma_BB-28756674
R000000033/2.222222/0256/M000000034/R000000030
R000000032/3.580247/0212/R000000033/R000000007
R000000032/3.580247/0212/R000000033/R000000007
M000000035/1.000000/0000/Sigma_BB-28247348
R000000031/5.089163/0212/R000000032/M000000035
R000000031/5.089163/0212/R000000032/M000000035
R000000027/5.654626/0073/R000000031
R000000019/5.639385/0212/R000000020/R000000027
R000000019/5.639385/0212/R000000020/R000000027
R000000018/6.265983/0028/R000000019
R000000037/2.345679/0212/R000000022/R000000023
R000000039/1.000000/0000/Guesstimate
R000000038/2.222222/0004/R000000039/M000000024
R000000038/2.222222/0277/R000000039/M000000024
R000000037/2.469136/0197/R000000038
R000000036/6.584363/0212/R000000037/R000000032
R000000036/6.584363/0212/R000000037/R000000032
R000000018/7.315958/0028/R000000036
<NEXT>