#
#  Reaction log file
#  Author: LigBuilder V3 User_Diana
#  Creation time: Thu Apr  9 00:59:51 2026
#  Format:
#  QueryMoleculeId/Cost/SynthesizeId/ReactantId1/ReactantId2/ReactantId3.....
#  Id prefix:
#  Q --- Query Molecule
#  M --- Material
#  R --- Reactant
#
Directory      result/synthesize_PfHDAC1/96/DATABASE/
#
Q000000001/3.048316/0000/R000000001
R000000005/1.000000/0000/Guesstimate
M000000006/1.000000/0000/Sigma_BB-28395178
R000000004/2.222222/0275/R000000005/M000000006
R000000003/2.469136/0198/R000000004
R000000007/2.469136/0228/R000000004
R000000007/2.469136/0286/R000000004
R000000008/1.000000/0000/Guesstimate
R000000003/3.854596/0274/R000000007/R000000008
R000000002/2.743484/0074/R000000003
R000000002/2.743484/0167/R000000003
R000000001/3.048316/0017/R000000002
R000000011/1.111111/0198/R000000005
R000000012/1.000000/0000/Guesstimate
R000000013/1.000000/0000/Guesstimate
R000000011/2.222222/0277/R000000012/R000000013
M000000015/1.000000/0000/Sigma_BB-70314514
R000000014/1.111111/0239/M000000015
M000000016/1.000000/0000/Sigma_BB-112432168
R000000014/1.111111/0299/M000000016
R000000010/2.469136/0275/R000000011/R000000014
R000000017/2.345679/0275/R000000012/R000000014
R000000010/3.717421/0277/R000000017/R000000013
R000000009/2.743484/0074/R000000010
R000000009/2.743484/0167/R000000010
R000000001/3.048316/0017/R000000009
Q000000002/3.048316/0000/R000000001
Q000000003/4.420059/0000/R000000018
R000000022/1.000000/0000/Guesstimate
R000000023/1.000000/0000/Guesstimate
R000000021/2.222222/0277/R000000022/R000000023
R000000024/1.000000/0000/Guesstimate
R000000021/2.222222/0301/R000000024/R000000023
R000000020/3.580247/0275/R000000021/M000000006
M000000026/1.000000/0000/Sigma_BB-29088450
R000000025/3.580247/0275/R000000021/M000000026
R000000020/3.978053/0239/R000000025
R000000019/3.978053/0074/R000000020
R000000019/3.978053/0167/R000000020
R000000018/4.420059/0017/R000000019
R000000028/3.703704/0275/R000000021/R000000014
R000000029/2.345679/0275/R000000022/R000000014
R000000028/3.717421/0277/R000000029/R000000023
R000000027/4.115227/0074/R000000028
R000000027/4.115227/0167/R000000028
R000000018/4.572474/0017/R000000027
Q000000004/3.048316/0000/R000000001
<NEXT>