#
#  Reaction log file
#  Author: LigBuilder V3 User_Diana
#  Creation time: Thu Apr  9 01:00:11 2026
#  Format:
#  QueryMoleculeId/Cost/SynthesizeId/ReactantId1/ReactantId2/ReactantId3.....
#  Id prefix:
#  Q --- Query Molecule
#  M --- Material
#  R --- Reactant
#
Directory      result/synthesize_PfHDAC1/81/DATABASE/
#
Q000000001/4.282884/0000/R000000001
R000000005/1.000000/0000/Guesstimate
M000000006/1.000000/0000/Sigma_BB-28757047
R000000004/2.222222/0275/R000000005/M000000006
R000000003/2.469136/0041/R000000004
R000000003/2.469136/0233/R000000004
R000000007/1.000000/0000/Guesstimate
R000000002/3.854596/0001/R000000003/R000000007
R000000010/1.000000/0000/Guesstimate
R000000009/3.854596/0277/R000000003/R000000010
R000000008/4.282884/0260/R000000009
R000000011/1.000000/0000/Guesstimate
R000000002/5.869872/0112/R000000008/R000000011
R000000001/4.282884/0147/R000000002
R000000014/1.000000/0000/Guesstimate
R000000015/1.000000/0000/Guesstimate
R000000013/2.222222/0004/R000000014/R000000015
R000000017/1.000000/0000/Guesstimate
R000000016/2.222222/0277/R000000017/R000000015
R000000018/1.000000/0000/Guesstimate
R000000019/1.000000/0000/Guesstimate
R000000020/1.000000/0000/Guesstimate
R000000016/3.333333/0261/R000000018/R000000019/R000000020
R000000013/2.469136/0024/R000000016
R000000023/1.000000/0000/Guesstimate
R000000024/1.000000/0000/Guesstimate
R000000022/2.222222/0158/R000000023/R000000024
R000000022/2.222222/0158/R000000023/R000000024
R000000021/2.469136/0188/R000000022
R000000026/1.000000/0000/Guesstimate
R000000025/2.222222/0158/R000000023/R000000026
R000000025/2.222222/0158/R000000023/R000000026
R000000021/2.469136/0188/R000000025
R000000012/5.212621/0169/R000000013/R000000021
R000000027/2.469136/0086/R000000013
R000000027/2.469136/0091/R000000013
R000000012/5.486969/0275/R000000027/R000000021
R000000001/5.791801/0160/R000000012
Q000000002/8.147660/0000/R000000028
R000000034/1.000000/0000/Guesstimate
R000000033/1.111111/0118/R000000034
R000000035/1.000000/0000/Guesstimate
R000000033/2.222222/0112/R000000034/R000000035
R000000036/1.000000/0000/Guesstimate
R000000032/2.345679/0285/R000000033/R000000036
R000000038/1.000000/0000/Guesstimate
R000000037/2.345679/0285/R000000033/R000000038
R000000032/2.606310/0294/R000000037
R000000039/1.000000/0000/Guesstimate
R000000031/3.717421/0159/R000000032/R000000039
R000000030/4.130468/0153/R000000031
R000000041/1.000000/0000/Guesstimate
R000000040/3.717421/0159/R000000032/R000000041
R000000030/4.130468/0154/R000000040
R000000044/1.000000/0000/Guesstimate
R000000045/1.000000/0000/Guesstimate
R000000043/2.222222/0003/R000000044/R000000045
R000000046/1.111111/0125/R000000044
R000000046/2.222222/0112/R000000035/R000000044
R000000047/1.000000/0000/Guesstimate
R000000043/2.345679/0049/R000000046/R000000047
R000000042/2.469136/0147/R000000043
R000000049/1.000000/0000/Guesstimate
R000000048/2.222222/0112/R000000049/R000000044
R000000042/2.469136/0147/R000000048
R000000029/7.332894/0231/R000000030/R000000042
R000000028/8.147660/0041/R000000029
R000000051/4.589409/0041/R000000030
R000000051/4.589409/0233/R000000030
R000000050/7.568480/0231/R000000051/R000000043
R000000028/8.409423/0147/R000000050
Q000000003/8.147660/0000/R000000028
Q000000004/6.333912/0000/R000000052
R000000054/1.000000/0000/Guesstimate
R000000053/5.700521/0231/R000000030/R000000054
R000000056/4.589409/0147/R000000030
R000000055/6.210455/0231/R000000056/R000000054
R000000053/6.900506/0168/R000000055
R000000052/6.333912/0041/R000000053
R000000057/6.333912/0231/R000000051/R000000046
R000000052/7.037680/0147/R000000057
<NEXT>