#
#  Reaction log file
#  Author: LigBuilder V3 User_Diana
#  Creation time: Thu Apr  9 00:57:22 2026
#  Format:
#  QueryMoleculeId/Cost/SynthesizeId/ReactantId1/ReactantId2/ReactantId3.....
#  Id prefix:
#  Q --- Query Molecule
#  M --- Material
#  R --- Reactant
#
Directory      result/synthesize_PfHDAC1/19/DATABASE/
#
Q000000001/Analysis Failed
Q000000002/9.178819/0000/R000000001
R000000006/1.000000/0000/Guesstimate
R000000005/1.111111/0283/R000000006
R000000008/1.000000/0000/Guesstimate
R000000009/1.000000/0000/Guesstimate
R000000007/2.222222/0004/R000000008/R000000009
R000000010/1.000000/0000/Guesstimate
R000000011/1.000000/0000/Guesstimate
R000000007/3.333333/0225/R000000008/R000000010/R000000011
R000000005/2.469136/0280/R000000007
R000000012/1.000000/0000/Guesstimate
R000000004/2.345679/0285/R000000005/R000000012
R000000014/1.000000/0000/Guesstimate
R000000013/2.345679/0277/R000000005/R000000014
R000000016/1.000000/0000/Guesstimate
R000000015/2.345679/0277/R000000005/R000000016
R000000019/1.000000/0000/Guesstimate
R000000018/2.345679/0285/R000000005/R000000019
R000000017/2.606310/0079/R000000018
R000000021/1.000000/0000/Guesstimate
R000000020/2.345679/0285/R000000005/R000000021
R000000017/2.606310/0082/R000000020
R000000015/2.895900/0198/R000000017
R000000013/2.606310/0041/R000000015
R000000004/2.606310/0295/R000000013
R000000022/1.000000/0000/Guesstimate
R000000003/3.717421/0112/R000000004/R000000022
R000000023/4.007011/0112/R000000017/R000000022
R000000003/4.452235/0041/R000000023
R000000027/1.000000/0000/Guesstimate
R000000026/1.111111/0283/R000000027
R000000030/1.000000/0000/Guesstimate
R000000029/2.222222/0122/R000000030/R000000012
R000000031/1.000000/0000/Guesstimate
R000000032/1.000000/0000/Guesstimate
R000000029/2.222222/0301/R000000031/R000000032
R000000028/2.469136/0090/R000000029
R000000034/1.000000/0000/Guesstimate
R000000035/1.000000/0000/Guesstimate
R000000033/2.222222/0003/R000000034/R000000035
R000000036/1.000000/0000/Guesstimate
R000000037/1.000000/0000/Guesstimate
R000000033/2.222222/0112/R000000036/R000000037
R000000028/2.469136/0099/R000000033
R000000025/3.978053/0277/R000000026/R000000028
R000000024/4.420059/0099/R000000025
R000000038/4.420059/0233/R000000025
R000000038/4.420059/0258/R000000025
R000000024/4.911177/0295/R000000038
R000000002/9.041644/0112/R000000003/R000000024
R000000001/9.041644/0147/R000000002
R000000041/1.000000/0000/Guesstimate
R000000040/2.345679/0004/R000000005/R000000041
R000000043/1.000000/0000/Guesstimate
R000000042/2.345679/0004/R000000005/R000000043
R000000045/1.000000/0000/Guesstimate
R000000044/2.345679/0112/R000000005/R000000045
R000000042/2.606310/0233/R000000044
R000000040/2.606310/0155/R000000042
R000000047/4.420059/0125/R000000025
R000000048/1.000000/0000/Guesstimate
R000000047/5.531170/0112/R000000048/R000000025
R000000046/4.911177/0099/R000000047
R000000050/1.000000/0000/Guesstimate
R000000049/6.022288/0004/R000000050/R000000024
R000000046/6.691431/0009/R000000049
R000000039/8.063173/0049/R000000040/R000000046
R000000051/2.606310/0197/R000000044
R000000055/1.000000/0000/Guesstimate
R000000057/1.000000/0000/Guesstimate
R000000056/2.345679/0256/R000000026/R000000057
R000000054/3.717421/0277/R000000055/R000000056
R000000053/4.130468/0099/R000000054
R000000058/4.130468/0233/R000000054
R000000058/4.130468/0258/R000000054
R000000053/4.589409/0295/R000000058
R000000052/5.700521/0122/R000000053/R000000032
R000000059/5.241580/0122/R000000054/R000000032
R000000059/5.241580/0122/R000000054/R000000032
R000000052/5.823977/0099/R000000059
R000000039/9.229812/0112/R000000051/R000000052
R000000001/9.063173/0285/R000000039/R000000012
Q000000003/7.190096/0000/R000000060
R000000063/2.895900/0125/R000000017
R000000063/4.007011/0112/R000000017/R000000048
R000000062/3.217667/0040/R000000063
R000000066/1.000000/0000/Guesstimate
R000000065/4.007011/0285/R000000051/R000000066
R000000067/1.000000/0000/Guesstimate
R000000064/5.563346/0174/R000000065/R000000067
R000000068/1.111111/0287/R000000067
R000000064/5.686803/0112/R000000065/R000000068
R000000062/6.181496/0025/R000000064
M000000071/1.000000/0000/Sigma_BB-30431413
R000000070/2.345679/0277/R000000026/M000000071
R000000069/2.606310/0099/R000000070
R000000074/1.000000/0000/Guesstimate
R000000075/1.000000/0000/Guesstimate
R000000073/2.222222/0274/R000000074/R000000075
R000000072/2.469136/0285/R000000073
M000000076/1.000000/0000/Sigma_BB-101355943
R000000069/3.854596/0175/R000000072/M000000076
R000000061/6.471086/0003/R000000062/R000000069
R000000077/3.717421/0285/R000000040/R000000066
R000000077/4.007011/0004/R000000017/R000000041
R000000079/2.606310/0125/R000000070
R000000079/3.717421/0112/R000000048/R000000070
R000000078/2.895900/0099/R000000079
R000000080/4.007011/0004/R000000050/R000000069
R000000078/4.452235/0009/R000000080
R000000061/7.348135/0049/R000000077/R000000078
R000000060/7.190096/0041/R000000061
R000000083/4.007011/0285/R000000051/R000000012
R000000083/4.452235/0041/R000000065
R000000084/1.000000/0000/Guesstimate
R000000082/5.563346/0276/R000000083/R000000084
R000000082/5.563346/0278/R000000083/R000000084
R000000081/6.181496/0024/R000000082
R000000085/5.563346/0174/R000000083/R000000067
R000000085/5.686803/0112/R000000083/R000000068
R000000081/6.181496/0025/R000000085
R000000060/9.764230/0003/R000000081/R000000069
<NEXT>