#
#  Reaction log file
#  Author: LigBuilder V3 User_Diana
#  Creation time: Thu Apr  9 00:59:16 2026
#  Format:
#  QueryMoleculeId/Cost/SynthesizeId/ReactantId1/ReactantId2/ReactantId3.....
#  Id prefix:
#  Q --- Query Molecule
#  M --- Material
#  R --- Reactant
#
Directory      result/synthesize_PfHDAC1/50/DATABASE/
#
Q000000001/5.807042/0000/R000000001
R000000005/1.000000/0000/Guesstimate
R000000006/1.000000/0000/Guesstimate
R000000007/1.000000/0000/Guesstimate
R000000004/3.333333/0225/R000000005/R000000006/R000000007
R000000004/3.333333/0225/R000000005/R000000006/R000000007
R000000003/3.703704/0280/R000000004
M000000008/1.000000/0000/Sigma_BB-28775575
R000000002/5.226338/0169/R000000003/M000000008
R000000009/1.000000/0000/Guesstimate
R000000010/1.000000/0000/Guesstimate
R000000002/6.337449/0225/R000000003/R000000009/R000000010
R000000001/5.807042/0099/R000000002
R000000001/5.807042/0099/R000000002
Q000000002/5.807042/0000/R000000001
Q000000003/Analysis Failed
<NEXT>