#
#  Reaction log file
#  Author: LigBuilder V3 User_Diana
#  Creation time: Thu Apr  9 01:05:14 2026
#  Format:
#  QueryMoleculeId/Cost/SynthesizeId/ReactantId1/ReactantId2/ReactantId3.....
#  Id prefix:
#  Q --- Query Molecule
#  M --- Material
#  R --- Reactant
#
Directory      result/synthesize_PfHDAC1/299/DATABASE/
#
Q000000001/5.944217/0000/R000000001
R000000005/1.000000/0000/Guesstimate
R000000006/1.000000/0000/Guesstimate
R000000004/2.222222/0112/R000000005/R000000006
R000000003/2.469136/0197/R000000004
M000000009/1.000000/0000/Sigma_BB-28757047
R000000008/1.111111/0114/M000000009
R000000010/1.000000/0000/Guesstimate
R000000007/2.345679/0274/R000000008/R000000010
R000000011/1.111111/0013/M000000009
M000000012/1.000000/0000/Sigma_BB-28666772
R000000011/1.111111/0041/M000000012
R000000013/1.000000/0000/Guesstimate
R000000007/2.345679/0274/R000000011/R000000013
R000000002/5.349795/0275/R000000003/R000000007
R000000001/5.944217/0147/R000000002
M000000017/1.000000/0000/Sigma_BB-28769357
R000000016/3.854596/0275/R000000003/M000000017
R000000015/4.282884/0104/R000000016
R000000015/4.282884/0104/R000000016
R000000020/1.000000/0000/Guesstimate
R000000021/1.000000/0000/Guesstimate
R000000019/2.222222/0274/R000000020/R000000021
R000000022/1.000000/0000/Guesstimate
R000000023/1.000000/0000/Guesstimate
R000000024/1.000000/0000/Guesstimate
R000000019/3.333333/0261/R000000022/R000000023/R000000024
R000000018/2.469136/0024/R000000019
R000000026/1.000000/0000/Guesstimate
R000000027/1.000000/0000/Guesstimate
R000000025/2.222222/0170/R000000026/R000000027
R000000028/1.000000/0000/Guesstimate
R000000029/1.000000/0000/Guesstimate
R000000025/2.222222/0170/R000000028/R000000029
R000000018/2.469136/0040/R000000025
R000000014/7.502244/0212/R000000015/R000000018
R000000014/7.502244/0212/R000000015/R000000018
R000000001/8.335828/0160/R000000014
Q000000002/4.572474/0000/R000000030
M000000034/1.000000/0000/Sigma_BB-27725096
R000000033/1.111111/0147/M000000034
M000000035/1.000000/0000/Sigma_BB-28757048
R000000036/1.000000/0000/Guesstimate
R000000033/2.222222/0175/M000000035/R000000036
R000000032/1.234568/0074/R000000033
R000000037/1.234568/0287/R000000033
M000000038/1.000000/0000/Sigma_BB-28778212
R000000037/2.222222/0175/M000000038/R000000036
R000000039/1.000000/0000/Guesstimate
R000000032/2.482853/0112/R000000037/R000000039
R000000031/4.115227/0275/R000000003/R000000032
R000000041/3.854596/0275/R000000003/M000000035
R000000040/4.282884/0074/R000000041
R000000042/3.854596/0275/R000000003/M000000038
R000000040/5.393995/0112/R000000042/R000000039
R000000031/5.869872/0175/R000000040/R000000036
R000000030/4.572474/0017/R000000031
R000000045/2.222222/0175/M000000009/R000000036
M000000046/1.000000/0000/Sigma_BB-28766735
R000000047/1.000000/0000/Guesstimate
R000000045/2.222222/0212/M000000046/R000000047
R000000044/2.469136/0074/R000000045
M000000049/1.000000/0000/Sigma_BB-29509005
R000000048/2.222222/0175/M000000049/R000000036
R000000048/2.222222/0290/M000000049/R000000036
R000000044/2.469136/0082/R000000048
R000000043/5.486969/0275/R000000003/R000000044
R000000051/3.854596/0275/R000000003/M000000009
R000000050/4.282884/0074/R000000051
R000000052/3.854596/0275/R000000003/M000000049
R000000050/4.282884/0082/R000000052
R000000043/5.869872/0175/R000000050/R000000036
R000000030/6.096632/0017/R000000043
Q000000003/5.393995/0000/R000000053
M000000055/1.000000/0000/Sigma_BB-28945063
R000000054/3.854596/0275/R000000003/M000000055
M000000058/1.000000/0000/Sigma_BB-244164693
R000000057/1.111111/0104/M000000058
R000000057/1.111111/0104/M000000058
R000000056/3.978053/0275/R000000003/R000000057
R000000054/4.420059/0160/R000000056
R000000059/1.000000/0000/Guesstimate
R000000053/5.393995/0004/R000000054/R000000059
R000000061/2.222222/0119/M000000046/R000000024
R000000063/1.000000/0000/Guesstimate
R000000062/2.222222/0175/M000000009/R000000063
R000000062/2.222222/0290/M000000009/R000000063
R000000061/2.469136/0039/R000000062
R000000060/5.212621/0275/R000000003/R000000061
R000000064/1.000000/0000/Guesstimate
R000000060/5.393995/0175/R000000051/R000000064
R000000053/5.791801/0024/R000000060
<NEXT>