#
#  Reaction log file
#  Author: LigBuilder V3 User_Diana
#  Creation time: Thu Apr  9 01:01:25 2026
#  Format:
#  QueryMoleculeId/Cost/SynthesizeId/ReactantId1/ReactantId2/ReactantId3.....
#  Id prefix:
#  Q --- Query Molecule
#  M --- Material
#  R --- Reactant
#
Directory      result/synthesize_PfHDAC1/148/DATABASE/
#
Q000000001/4.572474/0000/R000000001
R000000005/1.000000/0000/Guesstimate
R000000006/1.000000/0000/Guesstimate
R000000004/2.222222/0112/R000000005/R000000006
R000000003/2.469136/0197/R000000004
R000000003/2.469136/0197/R000000004
M000000009/1.000000/0000/Sigma_BB-28760241
R000000008/1.111111/0302/M000000009
R000000007/1.234568/0153/R000000008
M000000011/1.000000/0000/Sigma_BB-29509312
R000000010/1.111111/0287/M000000011
M000000012/1.000000/0000/Sigma_BB-135809836
R000000010/1.111111/0299/M000000012
R000000007/1.234568/0239/R000000010
R000000002/4.115227/0275/R000000003/R000000007
R000000013/3.978053/0275/R000000003/R000000010
R000000014/3.854596/0275/R000000003/M000000011
R000000013/4.282884/0287/R000000014
R000000002/4.420059/0239/R000000013
R000000001/4.572474/0222/R000000002
R000000016/1.234568/0222/R000000010
R000000017/1.111111/0222/M000000011
R000000016/1.234568/0287/R000000017
R000000015/4.115227/0275/R000000003/R000000016
R000000015/4.420059/0222/R000000013
R000000001/4.572474/0239/R000000015
Q000000002/4.282884/0000/R000000018
M000000020/1.000000/0000/Sigma_BB-29539062
R000000019/3.854596/0275/R000000003/M000000020
M000000023/1.000000/0000/Sigma_BB-28757047
R000000022/3.854596/0275/R000000003/M000000023
R000000021/4.282884/0074/R000000022
M000000025/1.000000/0000/Sigma_BB-29509005
R000000024/3.854596/0275/R000000003/M000000025
R000000026/1.000000/0000/Guesstimate
R000000024/5.393995/0231/R000000014/R000000026
R000000021/4.282884/0082/R000000024
R000000019/4.758760/0302/R000000021
R000000018/4.282884/0017/R000000019
M000000030/1.000000/0000/Sigma_BB-70314514
R000000029/1.111111/0239/M000000030
M000000031/1.000000/0000/Sigma_BB-112432168
R000000029/1.111111/0299/M000000031
R000000028/1.234568/0074/R000000029
M000000033/1.000000/0000/Sigma_BB-30506214
R000000032/1.111111/0299/M000000033
R000000032/1.234568/0287/R000000029
R000000034/1.000000/0000/Guesstimate
R000000028/2.345679/0112/R000000032/R000000034
R000000027/4.115227/0275/R000000003/R000000028
M000000037/1.000000/0000/Sigma_BB-28757048
R000000036/3.854596/0275/R000000003/M000000037
R000000035/4.282884/0074/R000000036
M000000039/1.000000/0000/Sigma_BB-28778212
R000000038/3.854596/0275/R000000003/M000000039
R000000038/4.282884/0287/R000000036
R000000035/5.393995/0112/R000000038/R000000034
R000000027/4.758760/0302/R000000035
R000000018/4.572474/0017/R000000027
Q000000003/4.282884/0000/R000000018
<NEXT>