#
#  Reaction log file
#  Author: LigBuilder V3 User_Diana
#  Creation time: Thu Apr  9 01:01:56 2026
#  Format:
#  QueryMoleculeId/Cost/SynthesizeId/ReactantId1/ReactantId2/ReactantId3.....
#  Id prefix:
#  Q --- Query Molecule
#  M --- Material
#  R --- Reactant
#
Directory      result/synthesize_PfHDAC1/172/DATABASE/
#
Q000000001/5.791801/0000/R000000001
R000000005/1.000000/0000/Guesstimate
R000000006/1.000000/0000/Guesstimate
R000000004/2.222222/0112/R000000005/R000000006
R000000003/2.469136/0197/R000000004
R000000008/1.000000/0000/Guesstimate
R000000009/1.000000/0000/Guesstimate
R000000007/2.222222/0274/R000000008/R000000009
R000000003/2.469136/0285/R000000007
M000000011/1.000000/0000/Sigma_BB-29509312
R000000012/1.000000/0000/Guesstimate
R000000010/2.222222/0231/M000000011/R000000012
M000000013/1.000000/0000/Sigma_BB-28766735
R000000014/1.000000/0000/Guesstimate
R000000010/2.222222/0285/M000000013/R000000014
R000000002/5.212621/0275/R000000003/R000000010
M000000017/1.000000/0000/Sigma_BB-28760241
R000000016/3.854596/0275/R000000003/M000000017
R000000015/4.282884/0153/R000000016
R000000019/3.580247/0275/R000000007/M000000011
R000000018/3.978053/0141/R000000019
R000000015/4.420059/0099/R000000018
R000000002/5.869872/0231/R000000015/R000000012
R000000001/5.791801/0153/R000000002
R000000023/1.000000/0000/Guesstimate
R000000024/1.000000/0000/Guesstimate
R000000022/2.222222/0277/R000000023/R000000024
R000000021/2.469136/0260/R000000022
R000000025/2.743484/0198/R000000003
R000000025/2.743484/0298/R000000003
R000000021/3.048316/0257/R000000025
R000000026/2.469136/0153/R000000010
R000000028/1.000000/0000/Guesstimate
R000000027/2.222222/0231/M000000011/R000000028
R000000026/2.469136/0154/R000000027
R000000020/5.486969/0275/R000000021/R000000026
R000000029/1.000000/0000/Guesstimate
R000000020/5.531170/0231/R000000018/R000000029
R000000001/6.096632/0099/R000000020
Q000000002/5.791801/0000/R000000001
Q000000003/5.791801/0000/R000000001
<NEXT>