#
#  Reaction log file
#  Author: LigBuilder V3 User_Diana
#  Creation time: Thu Apr  9 01:03:43 2026
#  Format:
#  QueryMoleculeId/Cost/SynthesizeId/ReactantId1/ReactantId2/ReactantId3.....
#  Id prefix:
#  Q --- Query Molecule
#  M --- Material
#  R --- Reactant
#
Directory      result/synthesize_PfHDAC1/231/DATABASE/
#
Q000000001/Analysis Failed
Q000000002/Analysis Failed
Q000000003/Analysis Failed
Q000000004/6.265983/0000/R000000001
R000000005/1.000000/0000/Guesstimate
M000000007/1.000000/0000/Sigma_BB-28764950
R000000006/1.111111/0085/M000000007
R000000004/2.345679/0212/R000000005/R000000006
R000000009/1.000000/0000/Guesstimate
R000000008/2.222222/0004/R000000009/M000000007
R000000008/2.222222/0277/R000000009/M000000007
R000000004/2.469136/0197/R000000008
R000000003/2.606310/0197/R000000004
R000000012/1.000000/0000/Guesstimate
R000000013/1.000000/0000/Guesstimate
R000000011/2.222222/0274/R000000012/R000000013
R000000010/2.469136/0122/R000000011
R000000010/9.100000/0090/R000000014
R000000002/5.639385/0301/R000000003/R000000010
R000000002/5.639385/0301/R000000003/R000000010
R000000001/6.265983/0028/R000000002
R000000018/2.222222/0212/R000000005/M000000007
R000000018/2.222222/0212/R000000005/M000000007
R000000017/2.469136/0085/R000000018
R000000020/1.000000/0000/Guesstimate
R000000019/3.580247/0004/R000000018/R000000020
R000000017/3.978053/0197/R000000019
R000000016/2.743484/0197/R000000017
R000000015/5.791801/0301/R000000016/R000000010
R000000015/5.791801/0301/R000000016/R000000010
R000000001/6.435335/0028/R000000015
<NEXT>