#
#  Reaction log file
#  Author: LigBuilder V3 User_Diana
#  Creation time: Thu Apr  9 00:59:27 2026
#  Format:
#  QueryMoleculeId/Cost/SynthesizeId/ReactantId1/ReactantId2/ReactantId3.....
#  Id prefix:
#  Q --- Query Molecule
#  M --- Material
#  R --- Reactant
#
Directory      result/synthesize_PfHDAC1/65/DATABASE/
#
Q000000001/6.265983/0000/R000000001
R000000006/1.000000/0000/Guesstimate
R000000005/1.111111/0283/R000000006
R000000007/1.000000/0000/Guesstimate
R000000004/2.345679/0285/R000000005/R000000007
R000000003/2.606310/0079/R000000004
R000000009/1.000000/0000/Guesstimate
R000000008/2.345679/0285/R000000005/R000000009
R000000003/2.606310/0082/R000000008
R000000012/1.000000/0000/Guesstimate
R000000013/1.000000/0000/Guesstimate
R000000011/2.222222/0285/R000000012/R000000013
R000000010/2.469136/0086/R000000011
R000000010/2.469136/0091/R000000011
R000000002/5.639385/0112/R000000003/R000000010
R000000016/1.000000/0000/Guesstimate
R000000015/3.717421/0112/R000000004/R000000016
R000000014/4.130468/0079/R000000015
R000000017/3.717421/0112/R000000008/R000000016
R000000014/4.130468/0082/R000000017
R000000019/1.000000/0000/Guesstimate
R000000020/1.000000/0000/Guesstimate
R000000018/2.222222/0003/R000000019/R000000020
R000000022/1.000000/0000/Guesstimate
R000000021/2.222222/0277/R000000022/R000000013
R000000018/2.469136/0009/R000000021
R000000002/7.058546/0122/R000000014/R000000018
R000000001/6.265983/0041/R000000002
R000000027/1.000000/0000/Guesstimate
R000000026/2.345679/0285/R000000005/R000000027
R000000029/1.000000/0000/Guesstimate
R000000028/2.345679/0277/R000000005/R000000029
R000000026/2.606310/0295/R000000028
R000000030/1.000000/0000/Guesstimate
R000000025/3.717421/0112/R000000026/R000000030
R000000024/4.130468/0040/R000000025
R000000032/1.000000/0000/Guesstimate
R000000031/3.717421/0112/R000000026/R000000032
R000000024/4.130468/0092/R000000031
M000000035/1.000000/0000/Sigma_BB-28764950
R000000034/1.111111/0087/M000000035
R000000033/1.234568/0239/R000000034
R000000023/5.961152/0212/R000000024/R000000033
R000000023/5.961152/0212/R000000024/R000000033
R000000001/6.623502/0028/R000000023
Q000000002/6.113567/0000/R000000036
R000000039/1.000000/0000/Guesstimate
R000000038/3.717421/0004/R000000026/R000000039
R000000040/4.007011/0004/R000000003/R000000039
R000000038/4.452235/0041/R000000040
R000000042/1.111111/0197/M000000035
R000000041/1.234568/0093/R000000042
M000000044/1.000000/0000/Sigma_BB-28457967
R000000043/2.345679/0212/R000000042/M000000044
R000000043/2.345679/0212/R000000042/M000000044
R000000041/2.606310/0100/R000000043
R000000037/5.502210/0212/R000000038/R000000041
R000000037/5.502210/0212/R000000038/R000000041
R000000036/6.113567/0028/R000000037
M000000048/1.000000/0000/Sigma_BB-28830366
R000000047/1.111111/0087/M000000048
R000000046/1.234568/0092/R000000047
R000000049/1.111111/0085/M000000048
R000000050/1.000000/0000/Guesstimate
R000000049/2.345679/0275/R000000047/R000000050
R000000046/1.234568/0093/R000000049
R000000045/5.502210/0212/R000000038/R000000046
R000000045/5.502210/0212/R000000038/R000000046
R000000036/6.113567/0028/R000000045
Q000000003/5.686803/0000/R000000051
R000000053/2.606310/0125/R000000026
R000000054/1.000000/0000/Guesstimate
R000000053/3.717421/0112/R000000026/R000000054
R000000052/2.895900/0040/R000000053
R000000056/1.000000/0000/Guesstimate
R000000055/3.717421/0004/R000000026/R000000056
R000000057/1.000000/0000/Guesstimate
R000000055/4.828533/0225/R000000026/R000000057/R000000050
R000000052/4.130468/0216/R000000055
R000000059/1.000000/0000/Guesstimate
R000000060/1.000000/0000/Guesstimate
R000000058/2.222222/0003/R000000059/R000000060
R000000062/1.234568/0085/R000000042
R000000061/2.482853/0003/R000000062/R000000060
R000000063/1.234568/0087/R000000042
R000000064/1.000000/0000/Guesstimate
R000000061/2.482853/0112/R000000063/R000000064
R000000058/2.758726/0028/R000000061
R000000051/5.686803/0003/R000000052/R000000058
R000000065/4.328778/0003/R000000052/R000000059
R000000067/1.000000/0000/Guesstimate
R000000066/4.328778/0003/R000000052/R000000067
R000000069/1.000000/0000/Guesstimate
R000000068/3.717421/0004/R000000026/R000000069
R000000068/4.130468/0085/R000000055
R000000071/1.000000/0000/Guesstimate
R000000072/1.000000/0000/Guesstimate
R000000070/2.222222/0012/R000000071/R000000072
R000000070/2.222222/0112/R000000054/R000000067
R000000066/6.599605/0049/R000000068/R000000070
R000000065/4.809754/0024/R000000066
R000000051/5.920865/0003/R000000065/R000000060
<NEXT>