#
#  Reaction log file
#  Author: LigBuilder V3 User_Diana
#  Creation time: Thu Apr  9 01:03:55 2026
#  Format:
#  QueryMoleculeId/Cost/SynthesizeId/ReactantId1/ReactantId2/ReactantId3.....
#  Id prefix:
#  Q --- Query Molecule
#  M --- Material
#  R --- Reactant
#
Directory      result/synthesize_PfHDAC1/269/DATABASE/
#
Q000000001/Analysis Failed
Q000000002/Analysis Failed
Q000000003/6.282918/0000/R000000001
R000000006/1.000000/0000/Guesstimate
R000000007/1.000000/0000/Guesstimate
R000000005/2.222222/0003/R000000006/R000000007
R000000008/1.000000/0000/Guesstimate
R000000009/1.000000/0000/Guesstimate
R000000005/2.222222/0112/R000000008/R000000009
R000000010/1.000000/0000/Guesstimate
R000000004/3.580247/0277/R000000005/R000000010
R000000003/3.978053/0099/R000000004
R000000012/1.000000/0000/Guesstimate
R000000013/1.000000/0000/Guesstimate
R000000011/2.222222/0122/R000000012/R000000013
R000000015/1.000000/0000/Guesstimate
R000000014/2.222222/0301/R000000012/R000000015
R000000016/1.000000/0000/Guesstimate
R000000014/2.222222/0301/R000000008/R000000016
R000000011/2.469136/0139/R000000014
R000000018/1.000000/0000/Guesstimate
R000000020/1.000000/0000/Guesstimate
R000000021/1.000000/0000/Guesstimate
R000000019/2.222222/0001/R000000020/R000000021
R000000022/1.000000/0000/Guesstimate
R000000019/2.222222/0004/R000000022/R000000021
R000000017/3.580247/0274/R000000018/R000000019
R000000003/6.447188/0042/R000000011/R000000017
R000000024/1.000000/0000/Guesstimate
R000000023/1.111111/0293/R000000024
R000000025/1.000000/0000/Guesstimate
R000000026/1.000000/0000/Guesstimate
R000000023/2.222222/0256/R000000025/R000000026
R000000002/5.654626/0122/R000000003/R000000023
M000000029/1.000000/0000/Sigma_BB-28762337
R000000028/5.089163/0212/M000000029/R000000017
R000000028/5.089163/0212/M000000029/R000000017
R000000027/6.889194/0122/R000000028/R000000023
R000000030/6.765737/0122/R000000028/R000000024
R000000027/7.517486/0293/R000000030
R000000002/8.765771/0122/R000000008/R000000027
R000000001/6.282918/0279/R000000002
R000000032/5.212621/0279/R000000017/R000000023
R000000032/5.212621/0279/R000000017/R000000023
R000000031/8.260937/0042/R000000011/R000000032
M000000035/1.000000/0000/Sigma_BB-27568240
R000000034/6.902912/0212/M000000035/R000000032
R000000034/6.902912/0212/M000000035/R000000032
R000000033/7.669903/0082/R000000034
R000000037/1.000000/0000/Guesstimate
R000000036/6.902912/0212/R000000037/R000000032
R000000036/6.902912/0212/R000000037/R000000032
R000000033/8.781013/0112/R000000022/R000000036
R000000031/9.633225/0122/R000000008/R000000033
R000000001/9.178819/0122/R000000031
<NEXT>