#
#  Reaction log file
#  Author: LigBuilder V3 User_Diana
#  Creation time: Thu Apr  9 01:01:36 2026
#  Format:
#  QueryMoleculeId/Cost/SynthesizeId/ReactantId1/ReactantId2/ReactantId3.....
#  Id prefix:
#  Q --- Query Molecule
#  M --- Material
#  R --- Reactant
#
Directory      result/synthesize_PfHDAC1/142/DATABASE/
#
Q000000001/2.758726/0000/R000000001
R000000005/1.000000/0000/Guesstimate
R000000004/1.111111/0228/R000000005
R000000006/1.000000/0000/Guesstimate
R000000007/1.000000/0000/Guesstimate
R000000004/2.222222/0277/R000000006/R000000007
R000000003/1.234568/0024/R000000004
R000000008/1.000000/0000/Guesstimate
R000000003/2.222222/0004/R000000008/R000000007
M000000009/1.000000/0000/Sigma_BB-30401725
R000000002/2.482853/0003/R000000003/M000000009
R000000011/1.000000/0000/Guesstimate
R000000010/2.222222/0004/R000000011/R000000008
R000000012/2.222222/0277/R000000011/R000000006
R000000013/1.000000/0000/Guesstimate
R000000012/2.222222/0301/R000000011/R000000013
R000000010/2.469136/0024/R000000012
M000000015/1.000000/0000/Sigma_BB-28775947
R000000014/1.111111/0009/M000000015
R000000016/1.000000/0000/Guesstimate
R000000017/1.000000/0000/Guesstimate
R000000014/2.222222/0003/R000000016/R000000017
R000000002/3.703704/0049/R000000010/R000000014
R000000001/2.758726/0147/R000000002
R000000020/1.000000/0000/Guesstimate
R000000019/2.222222/0004/R000000011/R000000020
R000000022/1.000000/0000/Guesstimate
R000000021/2.222222/0277/R000000011/R000000022
R000000021/2.222222/0301/R000000011/R000000006
R000000019/2.469136/0024/R000000021
R000000018/3.580247/0003/R000000019/R000000017
R000000023/2.222222/0004/R000000020/R000000017
M000000025/1.000000/0000/Sigma_BB-28524129
M000000026/1.000000/0000/Sigma_BB-28805425
R000000024/2.222222/0212/M000000025/M000000026
R000000024/2.222222/0212/M000000025/M000000026
R000000023/2.469136/0024/R000000024
R000000018/3.580247/0003/R000000011/R000000023
R000000001/3.978053/0147/R000000018
Q000000002/2.758726/0000/R000000001
Q000000003/4.282884/0000/R000000027
R000000031/1.000000/0000/Guesstimate
R000000032/1.000000/0000/Guesstimate
R000000030/2.222222/0112/R000000031/R000000032
R000000029/2.469136/0197/R000000030
R000000029/2.469136/0197/R000000030
M000000033/1.000000/0000/Sigma_BB-29539062
R000000028/3.854596/0275/R000000029/M000000033
M000000035/1.000000/0000/Sigma_BB-28200223
R000000034/3.854596/0275/R000000029/M000000035
M000000037/1.000000/0000/Sigma_BB-30664943
R000000036/3.854596/0275/R000000029/M000000037
R000000034/4.282884/0299/R000000036
R000000028/4.282884/0302/R000000034
R000000027/4.282884/0017/R000000028
M000000041/1.000000/0000/Sigma_BB-70314514
R000000040/1.111111/0239/M000000041
M000000042/1.000000/0000/Sigma_BB-112432168
R000000040/1.111111/0299/M000000042
R000000039/1.234568/0074/R000000040
M000000044/1.000000/0000/Sigma_BB-30506214
R000000043/1.111111/0299/M000000044
R000000043/1.234568/0287/R000000040
R000000045/1.000000/0000/Guesstimate
R000000039/2.345679/0112/R000000043/R000000045
R000000038/4.115227/0275/R000000029/R000000039
M000000048/1.000000/0000/Sigma_BB-28757048
R000000047/3.854596/0275/R000000029/M000000048
R000000046/4.282884/0074/R000000047
M000000050/1.000000/0000/Sigma_BB-28778212
R000000049/3.854596/0275/R000000029/M000000050
R000000049/4.282884/0287/R000000047
R000000046/5.393995/0112/R000000049/R000000045
R000000038/4.758760/0302/R000000046
R000000027/4.572474/0017/R000000038
<NEXT>