#
#  Reaction log file
#  Author: LigBuilder V3 User_Diana
#  Creation time: Thu Apr  9 01:04:35 2026
#  Format:
#  QueryMoleculeId/Cost/SynthesizeId/ReactantId1/ReactantId2/ReactantId3.....
#  Id prefix:
#  Q --- Query Molecule
#  M --- Material
#  R --- Reactant
#
Directory      result/synthesize_PfHDAC1/275/DATABASE/
#
Q000000001/4.282884/0000/R000000001
R000000005/1.000000/0000/Guesstimate
M000000006/1.000000/0000/Sigma_BB-28764950
R000000004/2.222222/0212/R000000005/M000000006
R000000004/2.222222/0212/R000000005/M000000006
R000000003/2.469136/0087/R000000004
R000000008/1.111111/0085/M000000006
R000000007/2.345679/0212/R000000005/R000000008
R000000007/2.345679/0212/R000000005/R000000008
R000000003/2.606310/0086/R000000007
M000000009/1.000000/0000/Sigma_BB-28711557
R000000002/3.854596/0175/R000000003/M000000009
R000000011/1.000000/0000/Guesstimate
M000000012/1.000000/0000/Sigma_BB-180926329
R000000010/2.222222/0004/R000000011/M000000012
R000000014/1.000000/0000/Guesstimate
R000000013/2.222222/0175/R000000014/M000000009
R000000013/2.222222/0290/R000000014/M000000009
R000000010/2.469136/0024/R000000013
R000000002/5.075447/0212/R000000007/R000000010
R000000001/4.282884/0028/R000000002
R000000016/2.345679/0212/R000000005/R000000008
R000000016/2.345679/0212/R000000005/R000000008
R000000015/5.075447/0212/R000000016/R000000010
R000000015/5.075447/0212/R000000016/R000000010
R000000001/5.639385/0028/R000000015
Q000000002/5.944217/0000/R000000017
R000000021/1.000000/0000/Guesstimate
R000000022/1.000000/0000/Guesstimate
R000000020/2.222222/0112/R000000021/R000000022
R000000019/2.469136/0197/R000000020
M000000024/1.000000/0000/Sigma_BB-28395178
M000000026/1.000000/0000/Sigma_BB-28830366
R000000025/1.111111/0087/M000000026
R000000023/2.345679/0175/M000000024/R000000025
R000000027/2.222222/0175/M000000024/R000000021
R000000027/2.222222/0290/M000000024/R000000021
R000000028/1.111111/0085/M000000026
R000000029/1.000000/0000/Guesstimate
R000000028/2.345679/0275/R000000025/R000000029
R000000023/3.703704/0212/R000000027/R000000028
R000000018/5.349795/0275/R000000019/R000000023
M000000032/1.000000/0000/Sigma_BB-29509312
R000000031/1.111111/0302/M000000032
R000000030/3.978053/0275/R000000019/R000000031
R000000033/3.854596/0275/R000000019/M000000032
R000000030/4.282884/0302/R000000033
R000000034/1.000000/0000/Guesstimate
R000000018/5.531170/0232/R000000030/R000000034
R000000017/5.944217/0028/R000000018
R000000037/1.111111/0197/M000000006
R000000036/3.703704/0212/R000000027/R000000037
R000000036/3.703704/0212/R000000027/R000000037
R000000035/6.858711/0275/R000000019/R000000036
R000000017/7.620790/0028/R000000035
Q000000003/Analysis Failed
<NEXT>