#
#  Reaction log file
#  Author: LigBuilder V3 User_Diana
#  Creation time: Thu Apr  9 01:00:33 2026
#  Format:
#  QueryMoleculeId/Cost/SynthesizeId/ReactantId1/ReactantId2/ReactantId3.....
#  Id prefix:
#  Q --- Query Molecule
#  M --- Material
#  R --- Reactant
#
Directory      result/synthesize_PfHDAC1/115/DATABASE/
#
Q000000001/Analysis Failed
Q000000002/3.869837/0000/R000000001
R000000003/1.000000/0000/Guesstimate
R000000006/1.000000/0000/Guesstimate
R000000005/1.111111/0288/R000000006
R000000004/1.234568/0295/R000000005
R000000002/2.482853/0004/R000000003/R000000004
R000000007/2.345679/0004/R000000003/R000000005
R000000008/2.222222/0004/R000000003/R000000006
R000000007/2.469136/0288/R000000008
R000000002/2.606310/0295/R000000007
R000000009/1.000000/0000/Guesstimate
R000000001/3.869837/0003/R000000002/R000000009
R000000011/2.758726/0197/R000000002
R000000012/1.000000/0000/Guesstimate
R000000010/4.176363/0004/R000000011/R000000012
R000000015/1.000000/0000/Guesstimate
R000000014/4.176363/0301/R000000011/R000000015
R000000014/4.176363/0301/R000000011/R000000015
R000000013/4.640403/0039/R000000014
R000000017/1.000000/0000/Guesstimate
R000000016/4.176363/0277/R000000011/R000000017
R000000018/1.000000/0000/Guesstimate
R000000016/4.176363/0301/R000000011/R000000018
R000000013/4.640403/0155/R000000016
R000000010/5.156003/0024/R000000013
R000000021/1.000000/0000/Guesstimate
R000000020/2.222222/0004/R000000021/R000000009
R000000019/2.469136/0009/R000000020
R000000023/2.469136/0197/R000000020
R000000022/2.743484/0260/R000000023
R000000019/3.048316/0079/R000000022
R000000001/7.383887/0049/R000000010/R000000019
Q000000003/Analysis Failed
<NEXT>