#
#  Reaction log file
#  Author: LigBuilder V3 User_Diana
#  Creation time: Thu Apr  9 01:04:34 2026
#  Format:
#  QueryMoleculeId/Cost/SynthesizeId/ReactantId1/ReactantId2/ReactantId3.....
#  Id prefix:
#  Q --- Query Molecule
#  M --- Material
#  R --- Reactant
#
Directory      result/synthesize_PfHDAC1/276/DATABASE/
#
Q000000001/6.145744/0000/R000000001
R000000006/1.000000/0000/Guesstimate
R000000007/1.000000/0000/Guesstimate
R000000005/2.222222/0112/R000000006/R000000007
R000000004/2.469136/0197/R000000005
R000000004/2.469136/0197/R000000005
M000000009/1.000000/0000/Sigma_BB-28923981
R000000008/1.111111/0164/M000000009
R000000010/1.000000/0000/Guesstimate
R000000008/2.222222/0174/M000000009/R000000010
R000000003/3.978053/0275/R000000004/R000000008
R000000011/1.000000/0000/Guesstimate
R000000002/5.531170/0012/R000000003/R000000011
R000000002/5.531170/0146/R000000003/R000000011
R000000001/6.145744/0041/R000000002
R000000014/1.111111/0287/M000000009
R000000013/3.978053/0275/R000000004/R000000014
R000000015/1.000000/0000/Guesstimate
R000000012/5.531170/0112/R000000013/R000000015
R000000016/1.000000/0000/Guesstimate
R000000012/5.531170/0138/R000000003/R000000016
R000000001/6.145744/0099/R000000012
Q000000002/5.393995/0000/R000000017
R000000019/1.000000/0000/Guesstimate
R000000022/1.000000/0000/Guesstimate
R000000023/1.000000/0000/Guesstimate
R000000021/2.222222/0274/R000000022/R000000023
R000000020/2.469136/0122/R000000021
R000000020/9.111111/0293/R000000024
R000000018/3.854596/0122/R000000019/R000000020
R000000025/3.580247/0122/R000000019/R000000021
R000000025/3.580247/0122/R000000019/R000000021
R000000018/3.978053/0122/R000000025
R000000026/1.000000/0000/Guesstimate
R000000017/5.393995/0119/R000000018/R000000026
R000000027/5.089163/0119/R000000025/R000000026
R000000029/1.000000/0000/Guesstimate
R000000028/2.222222/0122/R000000029/R000000011
R000000031/1.000000/0000/Guesstimate
R000000030/2.222222/0301/R000000029/R000000031
R000000032/1.000000/0000/Guesstimate
R000000033/1.000000/0000/Guesstimate
R000000030/2.222222/0301/R000000032/R000000033
R000000028/2.469136/0139/R000000030
R000000035/2.222222/0119/R000000023/R000000026
R000000036/1.000000/0000/Guesstimate
R000000035/2.222222/0276/R000000023/R000000036
R000000038/1.000000/0000/Guesstimate
R000000039/1.000000/0000/Guesstimate
R000000037/2.222222/0001/R000000038/R000000039
R000000037/2.222222/0004/R000000010/R000000039
R000000034/4.938272/0274/R000000035/R000000037
R000000041/1.000000/0000/Guesstimate
R000000040/3.580247/0274/R000000041/R000000037
R000000043/1.000000/0000/Guesstimate
R000000042/2.222222/0119/R000000043/R000000026
R000000042/2.222222/0276/R000000043/R000000036
R000000034/6.447188/0279/R000000040/R000000042
R000000027/7.956105/0042/R000000028/R000000034
R000000017/5.654626/0122/R000000027
Q000000003/5.393995/0000/R000000017
Q000000004/5.393995/0000/R000000017
<NEXT>