#
#  Reaction log file
#  Author: LigBuilder V3 User_Diana
#  Creation time: Thu Apr  9 01:04:46 2026
#  Format:
#  QueryMoleculeId/Cost/SynthesizeId/ReactantId1/ReactantId2/ReactantId3.....
#  Id prefix:
#  Q --- Query Molecule
#  M --- Material
#  R --- Reactant
#
Directory      result/synthesize_PfHDAC1/284/DATABASE/
#
Q000000001/4.420059/0000/R000000001
M000000005/1.000000/0000/Sigma_BB-27340260
R000000006/1.000000/0000/Guesstimate
R000000004/2.222222/0224/M000000005/R000000006
M000000007/1.000000/0000/Sigma_BB-117229028
R000000008/1.000000/0000/Guesstimate
R000000004/2.222222/0224/M000000007/R000000008
R000000003/2.469136/0147/R000000004
R000000010/1.000000/0000/Guesstimate
R000000009/2.222222/0224/M000000005/R000000010
R000000009/2.469136/0040/R000000004
R000000011/1.000000/0000/Guesstimate
R000000003/3.580247/0212/R000000009/R000000011
M000000013/1.000000/0000/Sigma_BB-70700816
R000000012/1.111111/0086/M000000013
R000000015/1.000000/0000/Guesstimate
R000000016/1.000000/0000/Guesstimate
R000000014/2.222222/0277/R000000015/R000000016
R000000017/1.000000/0000/Guesstimate
R000000018/1.000000/0000/Guesstimate
R000000014/2.222222/0301/R000000017/R000000018
R000000012/2.469136/0039/R000000014
R000000002/3.978053/0175/R000000003/R000000012
R000000020/2.743484/0114/R000000003
R000000019/4.159427/0004/R000000020/R000000011
R000000022/1.000000/0000/Guesstimate
R000000021/4.159427/0277/R000000020/R000000022
R000000023/1.000000/0000/Guesstimate
R000000021/4.159427/0301/R000000020/R000000023
R000000019/4.621586/0024/R000000021
M000000024/1.000000/0000/Sigma_BB-28776399
R000000002/5.732697/0212/R000000019/M000000024
R000000001/4.420059/0024/R000000002
M000000028/1.000000/0000/Sigma_BB-28778324
R000000029/1.000000/0000/Guesstimate
R000000027/2.222222/0224/M000000028/R000000029
R000000030/1.000000/0000/Guesstimate
R000000026/3.580247/0003/R000000027/R000000030
M000000032/1.000000/0000/Sigma_BB-28816861
R000000031/2.222222/0224/M000000032/R000000029
R000000026/3.580247/0112/R000000031/R000000017
R000000025/3.978053/0147/R000000026
R000000034/1.000000/0000/Guesstimate
R000000033/3.580247/0003/R000000031/R000000034
R000000035/2.469136/0125/R000000031
R000000036/1.000000/0000/Guesstimate
R000000035/3.580247/0112/R000000031/R000000036
M000000037/1.000000/0000/Sigma_BB-28775620
R000000033/3.854596/0049/R000000035/M000000037
R000000025/3.978053/0147/R000000033
R000000001/5.531170/0004/R000000025/R000000011
Q000000002/4.420059/0000/R000000001
Q000000003/6.113567/0000/R000000038
R000000042/1.000000/0000/Guesstimate
M000000044/1.000000/0000/Sigma_BB-28764950
R000000043/1.111111/0085/M000000044
R000000041/2.345679/0212/R000000042/R000000043
R000000041/2.345679/0212/R000000042/R000000043
R000000040/2.606310/0093/R000000041
M000000046/1.000000/0000/Sigma_BB-28457967
R000000045/3.717421/0212/R000000041/M000000046
R000000045/3.717421/0212/R000000041/M000000046
R000000040/4.130468/0100/R000000045
R000000049/1.000000/0000/Guesstimate
R000000048/1.111111/0293/R000000049
R000000051/1.000000/0000/Guesstimate
R000000050/2.222222/0004/R000000011/R000000051
R000000052/1.000000/0000/Guesstimate
R000000053/1.000000/0000/Guesstimate
R000000050/3.333333/0225/R000000052/R000000051/R000000053
R000000048/2.469136/0197/R000000050
R000000054/1.000000/0000/Guesstimate
R000000047/2.345679/0004/R000000048/R000000054
R000000056/1.000000/0000/Guesstimate
R000000055/2.345679/0277/R000000048/R000000056
R000000057/1.000000/0000/Guesstimate
R000000055/2.345679/0301/R000000048/R000000057
R000000047/2.606310/0024/R000000055
R000000039/5.502210/0212/R000000040/R000000047
R000000039/5.502210/0212/R000000040/R000000047
R000000038/6.113567/0028/R000000039
R000000059/2.345679/0212/R000000042/R000000043
R000000061/1.000000/0000/Guesstimate
R000000060/2.222222/0004/R000000061/M000000044
R000000060/2.222222/0277/R000000061/M000000044
R000000059/2.469136/0197/R000000060
M000000063/1.000000/0000/Sigma_BB-27088218
R000000062/3.580247/0212/M000000063/R000000050
R000000062/3.580247/0212/M000000063/R000000050
R000000058/6.584363/0212/R000000059/R000000062
R000000058/6.584363/0212/R000000059/R000000062
R000000038/7.315958/0028/R000000058
<NEXT>