#
#  Reaction log file
#  Author: LigBuilder V3 User_Diana
#  Creation time: Thu Apr  9 01:01:57 2026
#  Format:
#  QueryMoleculeId/Cost/SynthesizeId/ReactantId1/ReactantId2/ReactantId3.....
#  Id prefix:
#  Q --- Query Molecule
#  M --- Material
#  R --- Reactant
#
Directory      result/synthesize_PfHDAC1/178/DATABASE/
#
Q000000001/9.161883/0000/R000000001
R000000006/1.000000/0000/Guesstimate
R000000005/1.111111/0283/R000000006
R000000007/1.000000/0000/Guesstimate
R000000004/2.345679/0285/R000000005/R000000007
R000000009/1.000000/0000/Guesstimate
R000000008/2.345679/0277/R000000005/R000000009
R000000011/1.000000/0000/Guesstimate
R000000010/2.345679/0277/R000000005/R000000011
R000000014/1.000000/0000/Guesstimate
R000000013/2.345679/0285/R000000005/R000000014
R000000012/2.606310/0079/R000000013
R000000016/1.000000/0000/Guesstimate
R000000015/2.345679/0285/R000000005/R000000016
R000000012/2.606310/0082/R000000015
R000000010/2.895900/0198/R000000012
R000000008/2.606310/0041/R000000010
R000000004/2.606310/0295/R000000008
R000000017/1.000000/0000/Guesstimate
R000000003/3.717421/0112/R000000004/R000000017
R000000020/1.000000/0000/Guesstimate
R000000019/2.345679/0112/R000000005/R000000020
R000000022/1.000000/0000/Guesstimate
R000000021/2.345679/0112/R000000005/R000000022
R000000025/1.000000/0000/Guesstimate
R000000024/2.345679/0112/R000000005/R000000025
R000000023/2.606310/0197/R000000024
R000000026/1.000000/0000/Guesstimate
R000000021/4.007011/0112/R000000023/R000000026
R000000019/2.606310/0155/R000000021
R000000018/3.717421/0285/R000000019/R000000007
R000000027/3.717421/0112/R000000008/R000000020
R000000027/3.717421/0277/R000000019/R000000009
R000000018/4.130468/0295/R000000027
R000000028/1.000000/0000/Guesstimate
R000000003/5.241580/0112/R000000018/R000000028
R000000031/1.000000/0000/Guesstimate
R000000032/1.000000/0000/Guesstimate
R000000030/2.222222/0003/R000000031/R000000032
R000000034/1.000000/0000/Guesstimate
R000000033/1.111111/0288/R000000034
R000000037/1.000000/0000/Guesstimate
R000000038/1.000000/0000/Guesstimate
R000000036/2.222222/0279/R000000037/R000000038
R000000036/2.222222/0279/R000000037/R000000038
R000000035/2.469136/0279/R000000036
R000000039/2.222222/0279/R000000037/R000000038
R000000039/2.222222/0279/R000000037/R000000038
R000000035/2.469136/0279/R000000039
R000000033/2.743484/0198/R000000035
R000000029/3.703704/0277/R000000030/R000000033
R000000044/1.000000/0000/Guesstimate
R000000045/1.000000/0000/Guesstimate
R000000043/3.333333/0225/R000000044/R000000032/R000000045
R000000043/3.333333/0225/R000000044/R000000032/R000000045
R000000042/3.703704/0197/R000000043
R000000047/1.000000/0000/Guesstimate
R000000046/1.111111/0291/R000000047
R000000046/1.111111/0291/R000000047
R000000041/5.349795/0301/R000000042/R000000046
R000000041/5.349795/0301/R000000042/R000000046
R000000040/5.944217/0188/R000000041
R000000050/1.000000/0000/Guesstimate
R000000049/1.111111/0288/R000000050
R000000051/1.000000/0000/Guesstimate
R000000049/1.111111/0291/R000000051
R000000048/5.349795/0301/R000000042/R000000049
R000000048/5.349795/0301/R000000042/R000000049
R000000040/5.944217/0295/R000000048
R000000029/6.604685/0198/R000000040
R000000002/8.245695/0012/R000000003/R000000029
R000000052/5.226338/0012/R000000017/R000000029
R000000055/1.000000/0000/Guesstimate
R000000054/2.222222/0122/R000000020/R000000055
R000000056/1.000000/0000/Guesstimate
R000000057/1.000000/0000/Guesstimate
R000000054/2.222222/0279/R000000056/R000000057
R000000058/1.000000/0000/Guesstimate
R000000053/3.580247/0004/R000000054/R000000058
R000000060/1.000000/0000/Guesstimate
R000000061/1.000000/0000/Guesstimate
R000000059/2.222222/0003/R000000060/R000000061
R000000059/2.222222/0004/R000000055/R000000058
R000000053/3.580247/0122/R000000020/R000000059
R000000064/2.222222/0112/R000000025/R000000032
R000000063/2.469136/0197/R000000064
R000000066/2.222222/0004/R000000058/R000000032
R000000069/1.000000/0000/Guesstimate
R000000068/3.333333/0225/R000000069/R000000032/R000000045
R000000068/3.333333/0225/R000000069/R000000032/R000000045
R000000067/3.703704/0197/R000000068
R000000066/5.226338/0275/R000000067/R000000045
R000000065/2.469136/0153/R000000066
R000000065/4.115227/0154/R000000067
R000000063/2.743484/0260/R000000065
R000000062/3.978053/0112/R000000063/R000000033
R000000070/3.978053/0301/R000000065/R000000033
R000000070/3.978053/0301/R000000065/R000000033
R000000062/4.420059/0260/R000000070
R000000052/8.398111/0049/R000000053/R000000062
R000000002/8.413352/0112/R000000004/R000000052
R000000001/9.161883/0295/R000000002
R000000073/3.580247/0003/R000000028/R000000066
R000000073/5.226338/0003/R000000060/R000000067
R000000072/5.212621/0301/R000000073/R000000046
R000000072/5.212621/0301/R000000073/R000000046
R000000071/5.791801/0188/R000000072
R000000075/1.000000/0000/Guesstimate
R000000074/7.715796/0277/R000000075/R000000040
R000000077/1.000000/0000/Guesstimate
M000000078/1.000000/0000/Sigma_BB-28775620
R000000076/2.222222/0004/R000000077/M000000078
M000000079/1.000000/0000/Sigma_BB-30407107
R000000076/2.222222/0004/M000000079/R000000058
R000000080/5.486969/0112/R000000063/R000000035
R000000082/2.743484/0079/R000000063
R000000083/1.000000/0000/Guesstimate
R000000082/3.854596/0112/R000000063/R000000083
R000000081/5.791801/0256/R000000082/R000000035
R000000080/6.435335/0257/R000000081
R000000074/8.565768/0049/R000000076/R000000080
R000000071/8.573108/0009/R000000074
R000000001/9.509222/0122/R000000018/R000000071
Q000000002/5.686803/0000/R000000084
R000000086/2.606310/0125/R000000004
R000000086/3.717421/0112/R000000004/R000000028
R000000085/2.895900/0040/R000000086
R000000087/3.717421/0004/R000000004/R000000031
R000000087/4.828533/0225/R000000004/R000000083/R000000045
R000000085/4.130468/0216/R000000087
R000000089/1.000000/0000/Guesstimate
R000000088/2.222222/0003/R000000089/R000000032
R000000091/1.000000/0000/Guesstimate
R000000090/2.222222/0004/R000000091/R000000058
R000000090/2.222222/0122/R000000055/R000000061
R000000088/5.517452/0049/R000000090/R000000082
R000000084/5.686803/0003/R000000085/R000000088
R000000092/4.328778/0003/R000000085/R000000089
R000000094/1.000000/0000/Guesstimate
R000000093/4.328778/0003/R000000085/R000000094
R000000095/3.717421/0004/R000000004/R000000058
R000000095/4.130468/0085/R000000087
R000000097/1.000000/0000/Guesstimate
R000000098/1.000000/0000/Guesstimate
R000000096/2.222222/0012/R000000097/R000000098
R000000096/2.222222/0112/R000000028/R000000094
R000000093/6.599605/0049/R000000095/R000000096
R000000092/4.809754/0024/R000000093
R000000084/5.920865/0003/R000000092/R000000032
Q000000003/5.686803/0000/R000000084
<NEXT>