#
#  Reaction log file
#  Author: LigBuilder V3 User_Diana
#  Creation time: Thu Apr  9 01:05:20 2026
#  Format:
#  QueryMoleculeId/Cost/SynthesizeId/ReactantId1/ReactantId2/ReactantId3.....
#  Id prefix:
#  Q --- Query Molecule
#  M --- Material
#  R --- Reactant
#
Directory      result/synthesize_PfHDAC1/296/DATABASE/
#
Q000000001/5.944217/0000/R000000001
R000000005/1.000000/0000/Guesstimate
R000000006/1.000000/0000/Guesstimate
R000000004/2.222222/0112/R000000005/R000000006
R000000003/2.469136/0197/R000000004
M000000009/1.000000/0000/Sigma_BB-28760241
R000000008/1.111111/0091/M000000009
M000000010/1.000000/0000/Sigma_BB-326697832
R000000008/1.111111/0299/M000000010
R000000011/1.000000/0000/Guesstimate
R000000007/2.345679/0112/R000000008/R000000011
R000000012/2.222222/0112/M000000010/R000000011
R000000007/2.469136/0299/R000000012
R000000002/5.349795/0275/R000000003/R000000007
R000000001/5.944217/0147/R000000002
M000000016/1.000000/0000/Sigma_BB-28769357
R000000015/3.854596/0275/R000000003/M000000016
R000000014/4.282884/0104/R000000015
R000000014/4.282884/0104/R000000015
R000000018/1.000000/0000/Guesstimate
R000000017/2.222222/0004/R000000018/R000000011
R000000020/1.000000/0000/Guesstimate
R000000019/2.222222/0003/R000000011/R000000020
R000000017/2.469136/0040/R000000019
R000000013/7.227896/0212/R000000014/R000000017
R000000013/7.227896/0212/R000000014/R000000017
R000000001/8.030996/0160/R000000013
Q000000002/4.572474/0000/R000000021
R000000025/1.000000/0000/Guesstimate
R000000024/1.111111/0228/R000000025
R000000026/1.000000/0000/Guesstimate
R000000027/1.000000/0000/Guesstimate
R000000024/2.222222/0122/R000000026/R000000027
R000000023/1.234568/0090/R000000024
R000000029/1.000000/0000/Guesstimate
R000000030/1.000000/0000/Guesstimate
R000000028/2.222222/0003/R000000029/R000000030
R000000031/1.000000/0000/Guesstimate
R000000032/1.000000/0000/Guesstimate
R000000028/2.222222/0112/R000000031/R000000032
R000000023/2.469136/0099/R000000028
M000000035/1.000000/0000/Sigma_BB-28908986
R000000036/1.000000/0000/Guesstimate
R000000034/2.222222/0277/M000000035/R000000036
R000000033/2.469136/0099/R000000034
R000000037/2.469136/0059/R000000034
R000000038/1.000000/0000/Guesstimate
R000000037/3.580247/0224/R000000034/R000000038
R000000033/2.743484/0188/R000000037
R000000022/4.115227/0277/R000000023/R000000033
R000000039/1.000000/0000/Guesstimate
R000000042/1.000000/0000/Guesstimate
R000000041/3.580247/0277/R000000042/R000000034
R000000040/3.978053/0099/R000000041
R000000044/1.000000/0000/Guesstimate
R000000043/3.854596/0277/R000000044/R000000033
R000000040/4.282884/0188/R000000043
R000000022/5.531170/0279/R000000039/R000000040
R000000021/4.572474/0099/R000000022
R000000047/2.482853/0277/R000000023/M000000035
R000000046/2.758726/0099/R000000047
R000000048/2.758726/0059/R000000047
R000000048/3.869837/0224/R000000047/R000000038
R000000046/3.065251/0188/R000000048
R000000045/4.176363/0277/R000000046/R000000036
R000000049/4.176363/0277/R000000046/R000000030
R000000051/1.000000/0000/Guesstimate
R000000050/4.176363/0285/R000000046/R000000051
R000000049/4.640403/0228/R000000050
R000000052/1.000000/0000/Guesstimate
R000000045/5.751514/0277/R000000049/R000000052
R000000021/4.640403/0099/R000000045
Q000000003/Analysis Failed
<NEXT>