#
#  Reaction log file
#  Author: LigBuilder V3 User_Diana
#  Creation time: Thu Apr  9 01:00:34 2026
#  Format:
#  QueryMoleculeId/Cost/SynthesizeId/ReactantId1/ReactantId2/ReactantId3.....
#  Id prefix:
#  Q --- Query Molecule
#  M --- Material
#  R --- Reactant
#
Directory      result/synthesize_PfHDAC1/111/DATABASE/
#
Q000000001/5.791800/0000/R000000001
R000000004/1.000000/0000/Guesstimate
M000000006/1.000000/0000/Sigma_BB-28764950
R000000005/1.111111/0085/M000000006
R000000003/2.345679/0212/R000000004/R000000005
R000000008/1.000000/0000/Guesstimate
R000000007/2.222222/0004/R000000008/M000000006
R000000007/2.222222/0277/R000000008/M000000006
R000000003/2.469136/0197/R000000007
R000000010/1.000000/0000/Guesstimate
R000000012/1.000000/0000/Guesstimate
R000000011/1.111111/0198/R000000012
R000000013/1.000000/0000/Guesstimate
R000000011/1.111111/0228/R000000013
R000000009/2.345679/0004/R000000010/R000000011
R000000015/1.000000/0000/Guesstimate
R000000014/2.345679/0277/R000000015/R000000011
R000000016/1.000000/0000/Guesstimate
R000000014/2.345679/0301/R000000016/R000000011
R000000009/2.606310/0024/R000000014
R000000002/5.212620/0212/R000000003/R000000009
R000000002/5.212620/0212/R000000003/R000000009
R000000001/5.791800/0028/R000000002
R000000019/2.345679/0212/R000000004/R000000005
R000000019/2.345679/0212/R000000004/R000000005
R000000018/2.606310/0093/R000000019
M000000021/1.000000/0000/Sigma_BB-28457967
R000000020/3.717421/0212/R000000019/M000000021
R000000020/3.717421/0212/R000000019/M000000021
R000000018/4.130468/0100/R000000020
R000000023/1.000000/0000/Guesstimate
R000000024/1.000000/0000/Guesstimate
R000000022/2.222222/0004/R000000023/R000000024
R000000026/1.000000/0000/Guesstimate
R000000025/2.222222/0277/R000000023/R000000026
R000000027/1.000000/0000/Guesstimate
R000000028/1.000000/0000/Guesstimate
R000000029/1.000000/0000/Guesstimate
R000000025/3.333333/0261/R000000027/R000000028/R000000029
R000000022/2.469136/0024/R000000025
R000000017/5.365036/0212/R000000018/R000000022
R000000017/5.365036/0212/R000000018/R000000022
R000000001/5.961151/0028/R000000017
Q000000002/Analysis Failed
Q000000003/Analysis Failed
Q000000004/Analysis Failed
<NEXT>